2026-03-16 23:38:19 | INFO | ============================================================
2026-03-16 23:38:19 | INFO | DEVICE / COMPUTE INFORMATION
2026-03-16 23:38:19 | INFO |   JAX backend       : GPU
2026-03-16 23:38:19 | INFO |   Platform          : gpu
2026-03-16 23:38:19 | INFO |   Num devices       : 1
2026-03-16 23:38:19 | INFO |   Device            : cuda:0
2026-03-16 23:38:19 | INFO |   GPU name          : NVIDIA GeForce RTX 5060 Laptop GPU
2026-03-16 23:38:19 | INFO | ============================================================
2026-03-16 23:38:19 | INFO | ✓ JAX GPU backend confirmed.
2026-03-16 23:38:21 | INFO | REINFORCE seed=1_gamma=0.9_lr=0.1
2026-03-16 23:38:29 | INFO | Episode 1/250 - Reward: -3.80, Length: 40, Loss: -0.5583
2026-03-16 23:38:30 | INFO | Episode 2/250 - Reward: -4.70, Length: 40, Loss: -0.5528
2026-03-16 23:38:31 | INFO | Episode 3/250 - Reward: -4.85, Length: 40, Loss: -0.6311
2026-03-16 23:38:32 | INFO | Episode 4/250 - Reward: -4.55, Length: 40, Loss: -0.5549
2026-03-16 23:38:32 | INFO | Episode 5/250 - Reward: -3.80, Length: 40, Loss: -0.5402
2026-03-16 23:38:34 | INFO | Episode 6/250 - Reward: -4.55, Length: 40, Loss: -0.4684
2026-03-16 23:38:35 | INFO | Episode 7/250 - Reward: -4.10, Length: 40, Loss: -0.5475
2026-03-16 23:38:36 | INFO | Episode 8/250 - Reward: 8.15, Length: 26, Loss: 0.8146
2026-03-16 23:38:36 | INFO | Episode 9/250 - Reward: -5.60, Length: 40, Loss: -0.4793
2026-03-16 23:38:37 | INFO | Episode 10/250 - Reward: -4.55, Length: 40, Loss: -0.5644
2026-03-16 23:38:38 | INFO | Episode 11/250 - Reward: -5.75, Length: 40, Loss: -0.4008
2026-03-16 23:38:39 | INFO | Episode 12/250 - Reward: -4.25, Length: 40, Loss: -0.5790
2026-03-16 23:38:40 | INFO | Episode 13/250 - Reward: -5.15, Length: 40, Loss: -0.6345
2026-03-16 23:38:41 | INFO | Episode 14/250 - Reward: -3.50, Length: 40, Loss: -0.5284
2026-03-16 23:38:41 | INFO | Episode 15/250 - Reward: -5.90, Length: 40, Loss: -0.3776
2026-03-16 23:38:42 | INFO | Episode 16/250 - Reward: -3.35, Length: 40, Loss: -0.5075
2026-03-16 23:38:43 | INFO | Episode 17/250 - Reward: 5.30, Length: 35, Loss: 0.3357
2026-03-16 23:38:43 | INFO | Episode 18/250 - Reward: -4.25, Length: 40, Loss: -0.6522
2026-03-16 23:38:44 | INFO | Episode 19/250 - Reward: -4.25, Length: 40, Loss: -0.4378
2026-03-16 23:38:45 | INFO | Episode 20/250 - Reward: -3.65, Length: 40, Loss: -0.5398
2026-03-16 23:38:46 | INFO | Episode 21/250 - Reward: -4.85, Length: 40, Loss: -0.4247
2026-03-16 23:38:47 | INFO | Episode 22/250 - Reward: -3.50, Length: 40, Loss: -0.4988
2026-03-16 23:38:47 | INFO | Episode 23/250 - Reward: -3.65, Length: 40, Loss: -0.4552
2026-03-16 23:38:48 | INFO | Episode 24/250 - Reward: -4.10, Length: 40, Loss: -0.6500
2026-03-16 23:38:49 | INFO | Episode 25/250 - Reward: -3.95, Length: 40, Loss: -0.4089
2026-03-16 23:38:50 | INFO | Episode 26/250 - Reward: -2.90, Length: 40, Loss: -0.4710
2026-03-16 23:38:50 | INFO | Episode 27/250 - Reward: 7.25, Length: 35, Loss: 0.4710
2026-03-16 23:38:51 | INFO | Episode 28/250 - Reward: -3.05, Length: 40, Loss: -0.2952
2026-03-16 23:38:52 | INFO | Episode 29/250 - Reward: -3.65, Length: 40, Loss: -0.3856
2026-03-16 23:38:53 | INFO | Episode 30/250 - Reward: -3.05, Length: 40, Loss: -0.3569
2026-03-16 23:38:53 | INFO | Episode 31/250 - Reward: -3.65, Length: 40, Loss: -0.5407
2026-03-16 23:38:54 | INFO | Episode 32/250 - Reward: 0.50, Length: 35, Loss: 0.2661
2026-03-16 23:38:55 | INFO | Episode 33/250 - Reward: -5.90, Length: 40, Loss: -0.5274
2026-03-16 23:38:55 | INFO | Episode 34/250 - Reward: 3.05, Length: 32, Loss: 0.3297
2026-03-16 23:38:56 | INFO | Episode 35/250 - Reward: -9.05, Length: 40, Loss: -0.4467
2026-03-16 23:38:57 | INFO | Episode 36/250 - Reward: -4.40, Length: 40, Loss: -0.1880
2026-03-16 23:38:58 | INFO | Episode 37/250 - Reward: -8.75, Length: 40, Loss: -0.3669
2026-03-16 23:38:59 | INFO | Episode 38/250 - Reward: -5.45, Length: 40, Loss: -0.2337
2026-03-16 23:38:59 | INFO | Episode 39/250 - Reward: -5.30, Length: 40, Loss: -0.3138
2026-03-16 23:39:00 | INFO | Episode 40/250 - Reward: -3.50, Length: 40, Loss: -0.4326
2026-03-16 23:39:01 | INFO | Episode 41/250 - Reward: -3.80, Length: 40, Loss: -0.4725
2026-03-16 23:39:01 | INFO | Episode 42/250 - Reward: -5.60, Length: 40, Loss: -0.3668
2026-03-16 23:39:02 | INFO | Episode 43/250 - Reward: -2.90, Length: 40, Loss: -0.5786
2026-03-16 23:39:03 | INFO | Episode 44/250 - Reward: -4.25, Length: 40, Loss: -0.4159
2026-03-16 23:39:03 | INFO | Episode 45/250 - Reward: -3.20, Length: 40, Loss: -0.3301
2026-03-16 23:39:04 | INFO | Episode 46/250 - Reward: -3.20, Length: 40, Loss: -0.2587
2026-03-16 23:39:05 | INFO | Episode 47/250 - Reward: -2.90, Length: 40, Loss: -0.4091
2026-03-16 23:39:05 | INFO | Episode 48/250 - Reward: -3.20, Length: 40, Loss: -0.3606
2026-03-16 23:39:06 | INFO | Episode 49/250 - Reward: -2.90, Length: 40, Loss: -0.4072
2026-03-16 23:39:07 | INFO | Episode 50/250 - Reward: -3.20, Length: 40, Loss: -0.4122
2026-03-16 23:39:07 | INFO | Episode 50/250 - Avg Reward: -3.40, Avg Length: 39.26, Avg Loss: -0.3669
2026-03-16 23:39:08 | INFO | Episode 51/250 - Reward: -3.95, Length: 40, Loss: -0.3861
2026-03-16 23:39:08 | INFO | Episode 52/250 - Reward: -3.50, Length: 40, Loss: -0.5232
2026-03-16 23:39:09 | INFO | Episode 53/250 - Reward: -3.20, Length: 40, Loss: -0.4671
2026-03-16 23:39:10 | INFO | Episode 54/250 - Reward: -3.20, Length: 40, Loss: -0.5652
2026-03-16 23:39:10 | INFO | Episode 55/250 - Reward: -2.00, Length: 40, Loss: -0.2715
2026-03-16 23:39:11 | INFO | Episode 56/250 - Reward: -3.05, Length: 40, Loss: -0.3382
2026-03-16 23:39:12 | INFO | Episode 57/250 - Reward: -2.90, Length: 40, Loss: -0.2864
2026-03-16 23:39:12 | INFO | Episode 58/250 - Reward: -4.25, Length: 40, Loss: -0.2758
2026-03-16 23:39:12 | INFO | Episode 59/250 - Reward: -2.75, Length: 40, Loss: -0.3327
2026-03-16 23:39:13 | INFO | Episode 60/250 - Reward: -2.15, Length: 40, Loss: -0.2877
2026-03-16 23:39:14 | INFO | Episode 61/250 - Reward: -4.25, Length: 40, Loss: -0.3987
2026-03-16 23:39:14 | INFO | Episode 62/250 - Reward: -6.65, Length: 40, Loss: -0.5546
2026-03-16 23:39:15 | INFO | Episode 63/250 - Reward: -4.10, Length: 40, Loss: -0.2840
2026-03-16 23:39:16 | INFO | Episode 64/250 - Reward: -2.75, Length: 40, Loss: -0.4671
2026-03-16 23:39:16 | INFO | Episode 65/250 - Reward: -5.15, Length: 40, Loss: -0.1962
2026-03-16 23:39:17 | INFO | Episode 66/250 - Reward: -4.25, Length: 40, Loss: -0.3902
2026-03-16 23:39:18 | INFO | Episode 67/250 - Reward: -3.35, Length: 40, Loss: -0.4330
2026-03-16 23:39:18 | INFO | Episode 68/250 - Reward: -3.65, Length: 40, Loss: -0.3535
2026-03-16 23:39:19 | INFO | Episode 69/250 - Reward: -2.45, Length: 40, Loss: -0.3409
2026-03-16 23:39:20 | INFO | Episode 70/250 - Reward: 5.40, Length: 30, Loss: 0.7422
2026-03-16 23:39:20 | INFO | Episode 71/250 - Reward: -3.05, Length: 40, Loss: -0.3382
2026-03-16 23:39:21 | INFO | Episode 72/250 - Reward: -3.50, Length: 40, Loss: -0.4067
2026-03-16 23:39:22 | INFO | Episode 73/250 - Reward: -3.95, Length: 40, Loss: -0.6084
2026-03-16 23:39:22 | INFO | Episode 74/250 - Reward: -2.45, Length: 40, Loss: -0.2523
2026-03-16 23:39:23 | INFO | Episode 75/250 - Reward: -2.30, Length: 40, Loss: -0.3546
2026-03-16 23:39:24 | INFO | Episode 76/250 - Reward: -3.80, Length: 40, Loss: -0.3315
2026-03-16 23:39:24 | INFO | Episode 77/250 - Reward: -3.35, Length: 40, Loss: -0.6345
2026-03-16 23:39:25 | INFO | Episode 78/250 - Reward: -3.95, Length: 40, Loss: -0.4116
2026-03-16 23:39:26 | INFO | Episode 79/250 - Reward: -2.90, Length: 40, Loss: -0.1443
2026-03-16 23:39:27 | INFO | Episode 80/250 - Reward: -3.95, Length: 40, Loss: -0.4935
2026-03-16 23:39:27 | INFO | Episode 81/250 - Reward: -4.55, Length: 40, Loss: -0.4116
2026-03-16 23:39:28 | INFO | Episode 82/250 - Reward: -2.45, Length: 40, Loss: -0.3370
2026-03-16 23:39:29 | INFO | Episode 83/250 - Reward: -6.20, Length: 40, Loss: -0.4583
2026-03-16 23:39:29 | INFO | Episode 84/250 - Reward: -3.80, Length: 40, Loss: -0.3735
2026-03-16 23:39:30 | INFO | Episode 85/250 - Reward: -2.75, Length: 40, Loss: -0.3034
2026-03-16 23:39:31 | INFO | Episode 86/250 - Reward: -2.45, Length: 40, Loss: -0.3126
2026-03-16 23:39:31 | INFO | Episode 87/250 - Reward: -2.75, Length: 40, Loss: -0.5250
2026-03-16 23:39:32 | INFO | Episode 88/250 - Reward: -3.50, Length: 40, Loss: -0.4304
2026-03-16 23:39:33 | INFO | Episode 89/250 - Reward: -3.95, Length: 40, Loss: -0.5073
2026-03-16 23:39:33 | INFO | Episode 90/250 - Reward: -3.20, Length: 40, Loss: -0.3531
2026-03-16 23:39:34 | INFO | Episode 91/250 - Reward: -2.60, Length: 40, Loss: -0.3606
2026-03-16 23:39:35 | INFO | Episode 92/250 - Reward: -3.35, Length: 40, Loss: -0.3933
2026-03-16 23:39:36 | INFO | Episode 93/250 - Reward: -2.30, Length: 40, Loss: -0.4993
2026-03-16 23:39:36 | INFO | Episode 94/250 - Reward: -2.45, Length: 40, Loss: -0.3863
2026-03-16 23:39:37 | INFO | Episode 95/250 - Reward: -3.05, Length: 40, Loss: -0.4407
2026-03-16 23:39:38 | INFO | Episode 96/250 - Reward: -2.30, Length: 40, Loss: -0.3003
2026-03-16 23:39:38 | INFO | Episode 97/250 - Reward: -9.05, Length: 40, Loss: -0.5887
2026-03-16 23:39:39 | INFO | Episode 98/250 - Reward: -2.45, Length: 40, Loss: -0.3041
2026-03-16 23:39:40 | INFO | Episode 99/250 - Reward: -2.00, Length: 40, Loss: -0.2064
2026-03-16 23:39:40 | INFO | Episode 100/250 - Reward: -3.20, Length: 40, Loss: -0.5917
2026-03-16 23:39:40 | INFO | Episode 100/250 - Avg Reward: -3.27, Avg Length: 39.80, Avg Loss: -0.3694
2026-03-16 23:39:41 | INFO | Episode 101/250 - Reward: -2.15, Length: 40, Loss: -0.2177
2026-03-16 23:39:42 | INFO | Episode 102/250 - Reward: -2.45, Length: 40, Loss: -0.3724
2026-03-16 23:39:43 | INFO | Episode 103/250 - Reward: -2.75, Length: 40, Loss: -0.5348
2026-03-16 23:39:43 | INFO | Episode 104/250 - Reward: -2.45, Length: 40, Loss: -0.3477
2026-03-16 23:39:44 | INFO | Episode 105/250 - Reward: -2.30, Length: 40, Loss: -0.3783
2026-03-16 23:39:44 | INFO | Episode 106/250 - Reward: -2.30, Length: 40, Loss: -0.3172
2026-03-16 23:39:44 | INFO | Episode 107/250 - Reward: -2.15, Length: 40, Loss: -0.3177
2026-03-16 23:39:45 | INFO | Episode 108/250 - Reward: -2.15, Length: 40, Loss: -0.2283
2026-03-16 23:39:46 | INFO | Episode 109/250 - Reward: -2.45, Length: 40, Loss: -0.3685
2026-03-16 23:39:47 | INFO | Episode 110/250 - Reward: -2.90, Length: 40, Loss: -0.3237
2026-03-16 23:39:47 | INFO | Episode 111/250 - Reward: -2.15, Length: 40, Loss: -0.2738
2026-03-16 23:39:48 | INFO | Episode 112/250 - Reward: -2.00, Length: 40, Loss: -0.2335
2026-03-16 23:39:49 | INFO | Episode 113/250 - Reward: -2.30, Length: 40, Loss: -0.3880
2026-03-16 23:39:49 | INFO | Episode 114/250 - Reward: -5.30, Length: 40, Loss: 0.0160
2026-03-16 23:39:50 | INFO | Episode 115/250 - Reward: -2.15, Length: 40, Loss: -0.2556
2026-03-16 23:39:51 | INFO | Episode 116/250 - Reward: -5.45, Length: 40, Loss: -0.3324
2026-03-16 23:39:51 | INFO | Episode 117/250 - Reward: -2.15, Length: 40, Loss: -0.2563
2026-03-16 23:39:52 | INFO | Episode 118/250 - Reward: -2.45, Length: 40, Loss: -0.4622
2026-03-16 23:39:53 | INFO | Episode 119/250 - Reward: -3.20, Length: 40, Loss: -0.4527
2026-03-16 23:39:53 | INFO | Episode 120/250 - Reward: -2.00, Length: 40, Loss: -0.1956
2026-03-16 23:39:54 | INFO | Episode 121/250 - Reward: -2.45, Length: 40, Loss: -0.2479
2026-03-16 23:39:55 | INFO | Episode 122/250 - Reward: -2.15, Length: 40, Loss: -0.2010
2026-03-16 23:39:55 | INFO | Episode 123/250 - Reward: -2.00, Length: 40, Loss: -0.2185
2026-03-16 23:39:56 | INFO | Episode 124/250 - Reward: -2.45, Length: 40, Loss: -0.4930
2026-03-16 23:39:57 | INFO | Episode 125/250 - Reward: -2.15, Length: 40, Loss: -0.2927
2026-03-16 23:39:57 | INFO | Episode 126/250 - Reward: -2.15, Length: 40, Loss: -0.3841
2026-03-16 23:39:58 | INFO | Episode 127/250 - Reward: -2.15, Length: 40, Loss: -0.2061
2026-03-16 23:39:59 | INFO | Episode 128/250 - Reward: -2.30, Length: 40, Loss: -0.3544
2026-03-16 23:40:00 | INFO | Episode 129/250 - Reward: -3.05, Length: 40, Loss: -0.3521
2026-03-16 23:40:00 | INFO | Episode 130/250 - Reward: -2.15, Length: 40, Loss: -0.2410
2026-03-16 23:40:01 | INFO | Episode 131/250 - Reward: -2.00, Length: 40, Loss: -0.2523
2026-03-16 23:40:02 | INFO | Episode 132/250 - Reward: -2.00, Length: 40, Loss: -0.2401
2026-03-16 23:40:02 | INFO | Episode 133/250 - Reward: -2.30, Length: 40, Loss: -0.3455
2026-03-16 23:40:03 | INFO | Episode 134/250 - Reward: -2.00, Length: 40, Loss: -0.1449
2026-03-16 23:40:04 | INFO | Episode 135/250 - Reward: -2.15, Length: 40, Loss: -0.2497
2026-03-16 23:40:04 | INFO | Episode 136/250 - Reward: -2.30, Length: 40, Loss: -0.4120
2026-03-16 23:40:05 | INFO | Episode 137/250 - Reward: -2.00, Length: 40, Loss: -0.1964
2026-03-16 23:40:06 | INFO | Episode 138/250 - Reward: -2.00, Length: 40, Loss: -0.2253
2026-03-16 23:40:07 | INFO | Episode 139/250 - Reward: -3.65, Length: 40, Loss: -0.2767
2026-03-16 23:40:07 | INFO | Episode 140/250 - Reward: -2.30, Length: 40, Loss: -0.3594
2026-03-16 23:40:08 | INFO | Episode 141/250 - Reward: -4.25, Length: 40, Loss: -0.2925
2026-03-16 23:40:09 | INFO | Episode 142/250 - Reward: -3.35, Length: 40, Loss: -0.3153
2026-03-16 23:40:09 | INFO | Episode 143/250 - Reward: -2.30, Length: 40, Loss: -0.5016
2026-03-16 23:40:10 | INFO | Episode 144/250 - Reward: -2.00, Length: 40, Loss: -0.1995
2026-03-16 23:40:11 | INFO | Episode 145/250 - Reward: -2.00, Length: 40, Loss: -0.0979
2026-03-16 23:40:11 | INFO | Episode 146/250 - Reward: -2.00, Length: 40, Loss: -0.0015
2026-03-16 23:40:12 | INFO | Episode 147/250 - Reward: -2.30, Length: 40, Loss: -0.2742
2026-03-16 23:40:13 | INFO | Episode 148/250 - Reward: -2.00, Length: 40, Loss: -0.2605
2026-03-16 23:40:14 | INFO | Episode 149/250 - Reward: -3.20, Length: 40, Loss: -0.3046
2026-03-16 23:40:14 | INFO | Episode 150/250 - Reward: -2.15, Length: 40, Loss: -0.2288
2026-03-16 23:40:14 | INFO | Episode 150/250 - Avg Reward: -2.49, Avg Length: 40.00, Avg Loss: -0.2882
2026-03-16 23:40:15 | INFO | Episode 151/250 - Reward: -2.15, Length: 40, Loss: -0.1923
2026-03-16 23:40:15 | INFO | Episode 152/250 - Reward: -2.00, Length: 40, Loss: -0.2182
2026-03-16 23:40:15 | INFO | Episode 153/250 - Reward: -3.50, Length: 40, Loss: -0.2364
2026-03-16 23:40:16 | INFO | Episode 154/250 - Reward: -2.75, Length: 40, Loss: -0.2926
2026-03-16 23:40:17 | INFO | Episode 155/250 - Reward: -2.15, Length: 40, Loss: -0.3281
2026-03-16 23:40:17 | INFO | Episode 156/250 - Reward: -2.30, Length: 40, Loss: -0.3446
2026-03-16 23:40:18 | INFO | Episode 157/250 - Reward: -2.15, Length: 40, Loss: -0.1941
2026-03-16 23:40:19 | INFO | Episode 158/250 - Reward: -2.30, Length: 40, Loss: -0.1669
2026-03-16 23:40:20 | INFO | Episode 159/250 - Reward: -2.00, Length: 40, Loss: -0.2567
2026-03-16 23:40:20 | INFO | Episode 160/250 - Reward: -2.00, Length: 40, Loss: -0.2072
2026-03-16 23:40:21 | INFO | Episode 161/250 - Reward: -3.50, Length: 40, Loss: -0.2302
2026-03-16 23:40:22 | INFO | Episode 162/250 - Reward: -3.80, Length: 40, Loss: -0.1859
2026-03-16 23:40:22 | INFO | Episode 163/250 - Reward: -2.00, Length: 40, Loss: -0.2500
2026-03-16 23:40:23 | INFO | Episode 164/250 - Reward: -2.00, Length: 40, Loss: -0.2975
2026-03-16 23:40:24 | INFO | Episode 165/250 - Reward: -3.05, Length: 40, Loss: -0.4220
2026-03-16 23:40:24 | INFO | Episode 166/250 - Reward: -3.50, Length: 40, Loss: -0.3046
2026-03-16 23:40:25 | INFO | Episode 167/250 - Reward: -2.15, Length: 40, Loss: -0.3183
2026-03-16 23:40:26 | INFO | Episode 168/250 - Reward: -2.75, Length: 40, Loss: -0.3348
2026-03-16 23:40:26 | INFO | Episode 169/250 - Reward: -2.60, Length: 40, Loss: -0.2340
2026-03-16 23:40:27 | INFO | Episode 170/250 - Reward: -2.15, Length: 40, Loss: -0.2630
2026-03-16 23:40:28 | INFO | Episode 171/250 - Reward: -2.15, Length: 40, Loss: -0.2340
2026-03-16 23:40:29 | INFO | Episode 172/250 - Reward: -2.00, Length: 40, Loss: -0.1490
2026-03-16 23:40:29 | INFO | Episode 173/250 - Reward: -2.30, Length: 40, Loss: -0.2845
2026-03-16 23:40:30 | INFO | Episode 174/250 - Reward: -2.45, Length: 40, Loss: -0.2410
2026-03-16 23:40:31 | INFO | Episode 175/250 - Reward: -2.00, Length: 40, Loss: -0.2983
2026-03-16 23:40:31 | INFO | Episode 176/250 - Reward: -2.75, Length: 40, Loss: -0.3179
2026-03-16 23:40:32 | INFO | Episode 177/250 - Reward: -2.60, Length: 40, Loss: -0.2504
2026-03-16 23:40:33 | INFO | Episode 178/250 - Reward: -2.00, Length: 40, Loss: -0.1942
2026-03-16 23:40:33 | INFO | Episode 179/250 - Reward: -2.30, Length: 40, Loss: -0.4223
2026-03-16 23:40:34 | INFO | Episode 180/250 - Reward: -2.00, Length: 40, Loss: -0.2384
2026-03-16 23:40:35 | INFO | Episode 181/250 - Reward: -2.00, Length: 40, Loss: -0.1773
2026-03-16 23:40:36 | INFO | Episode 182/250 - Reward: -2.60, Length: 40, Loss: -0.3085
2026-03-16 23:40:36 | INFO | Episode 183/250 - Reward: -2.60, Length: 40, Loss: -0.2223
2026-03-16 23:40:37 | INFO | Episode 184/250 - Reward: -2.90, Length: 40, Loss: -0.1892
2026-03-16 23:40:38 | INFO | Episode 185/250 - Reward: -3.20, Length: 40, Loss: -0.2053
2026-03-16 23:40:38 | INFO | Episode 186/250 - Reward: -3.05, Length: 40, Loss: -0.1890
2026-03-16 23:40:39 | INFO | Episode 187/250 - Reward: -2.15, Length: 40, Loss: -0.3836
2026-03-16 23:40:40 | INFO | Episode 188/250 - Reward: -2.15, Length: 40, Loss: -0.1195
2026-03-16 23:40:41 | INFO | Episode 189/250 - Reward: -2.00, Length: 40, Loss: -0.2676
2026-03-16 23:40:41 | INFO | Episode 190/250 - Reward: -2.45, Length: 40, Loss: -0.2427
2026-03-16 23:40:42 | INFO | Episode 191/250 - Reward: -2.15, Length: 40, Loss: -0.2000
2026-03-16 23:40:43 | INFO | Episode 192/250 - Reward: -2.45, Length: 40, Loss: -0.2605
2026-03-16 23:40:43 | INFO | Episode 193/250 - Reward: -2.15, Length: 40, Loss: -0.2679
2026-03-16 23:40:44 | INFO | Episode 194/250 - Reward: -2.60, Length: 40, Loss: -0.3632
2026-03-16 23:40:45 | INFO | Episode 195/250 - Reward: -2.45, Length: 40, Loss: -0.3070
2026-03-16 23:40:45 | INFO | Episode 196/250 - Reward: -2.00, Length: 40, Loss: -0.1202
2026-03-16 23:40:46 | INFO | Episode 197/250 - Reward: -2.00, Length: 40, Loss: -0.1674
2026-03-16 23:40:47 | INFO | Episode 198/250 - Reward: -2.00, Length: 40, Loss: -0.1780
2026-03-16 23:40:47 | INFO | Episode 199/250 - Reward: -2.00, Length: 40, Loss: -0.1316
2026-03-16 23:40:47 | INFO | Episode 200/250 - Reward: -2.15, Length: 40, Loss: -0.3908
2026-03-16 23:40:47 | INFO | Episode 200/250 - Avg Reward: -2.41, Avg Length: 40.00, Avg Loss: -0.2520
2026-03-16 23:40:48 | INFO | Episode 201/250 - Reward: -2.00, Length: 40, Loss: -0.2085
2026-03-16 23:40:49 | INFO | Episode 202/250 - Reward: -2.00, Length: 40, Loss: -0.1684
2026-03-16 23:40:49 | INFO | Episode 203/250 - Reward: -2.15, Length: 40, Loss: -0.3003
2026-03-16 23:40:50 | INFO | Episode 204/250 - Reward: -2.75, Length: 40, Loss: -0.3437
2026-03-16 23:40:51 | INFO | Episode 205/250 - Reward: -2.00, Length: 40, Loss: -0.2172
2026-03-16 23:40:51 | INFO | Episode 206/250 - Reward: -2.00, Length: 40, Loss: -0.1148
2026-03-16 23:40:52 | INFO | Episode 207/250 - Reward: -2.00, Length: 40, Loss: -0.1570
2026-03-16 23:40:53 | INFO | Episode 208/250 - Reward: -2.00, Length: 40, Loss: -0.2129
2026-03-16 23:40:54 | INFO | Episode 209/250 - Reward: -2.00, Length: 40, Loss: -0.2203
2026-03-16 23:40:54 | INFO | Episode 210/250 - Reward: -2.00, Length: 40, Loss: -0.1894
2026-03-16 23:40:55 | INFO | Episode 211/250 - Reward: -2.45, Length: 40, Loss: -0.4829
2026-03-16 23:40:56 | INFO | Episode 212/250 - Reward: -2.00, Length: 40, Loss: -0.1713
2026-03-16 23:40:56 | INFO | Episode 213/250 - Reward: -2.00, Length: 40, Loss: -0.2181
2026-03-16 23:40:57 | INFO | Episode 214/250 - Reward: -2.15, Length: 40, Loss: -0.2294
2026-03-16 23:40:58 | INFO | Episode 215/250 - Reward: -2.30, Length: 40, Loss: -0.2554
2026-03-16 23:40:58 | INFO | Episode 216/250 - Reward: -2.45, Length: 40, Loss: -0.4043
2026-03-16 23:40:59 | INFO | Episode 217/250 - Reward: -2.75, Length: 40, Loss: -0.4121
2026-03-16 23:41:00 | INFO | Episode 218/250 - Reward: -2.00, Length: 40, Loss: -0.1177
2026-03-16 23:41:00 | INFO | Episode 219/250 - Reward: -2.15, Length: 40, Loss: -0.3212
2026-03-16 23:41:01 | INFO | Episode 220/250 - Reward: -2.00, Length: 40, Loss: -0.1935
2026-03-16 23:41:02 | INFO | Episode 221/250 - Reward: -2.00, Length: 40, Loss: -0.1374
2026-03-16 23:41:02 | INFO | Episode 222/250 - Reward: -2.00, Length: 40, Loss: -0.1495
2026-03-16 23:41:03 | INFO | Episode 223/250 - Reward: -2.15, Length: 40, Loss: -0.2770
2026-03-16 23:41:04 | INFO | Episode 224/250 - Reward: -2.30, Length: 40, Loss: -0.5734
2026-03-16 23:41:05 | INFO | Episode 225/250 - Reward: -2.15, Length: 40, Loss: -0.4038
2026-03-16 23:41:05 | INFO | Episode 226/250 - Reward: -2.00, Length: 40, Loss: -0.2141
2026-03-16 23:41:06 | INFO | Episode 227/250 - Reward: -2.30, Length: 40, Loss: -0.1884
2026-03-16 23:41:07 | INFO | Episode 228/250 - Reward: -2.00, Length: 40, Loss: -0.2373
2026-03-16 23:41:07 | INFO | Episode 229/250 - Reward: -2.30, Length: 40, Loss: -0.3358
2026-03-16 23:41:08 | INFO | Episode 230/250 - Reward: -2.00, Length: 40, Loss: -0.2388
2026-03-16 23:41:09 | INFO | Episode 231/250 - Reward: -2.00, Length: 40, Loss: -0.2232
2026-03-16 23:41:10 | INFO | Episode 232/250 - Reward: -2.00, Length: 40, Loss: -0.1824
2026-03-16 23:41:10 | INFO | Episode 233/250 - Reward: -2.00, Length: 40, Loss: -0.1757
2026-03-16 23:41:11 | INFO | Episode 234/250 - Reward: -2.00, Length: 40, Loss: -0.1456
2026-03-16 23:41:12 | INFO | Episode 235/250 - Reward: -2.00, Length: 40, Loss: -0.2084
2026-03-16 23:41:12 | INFO | Episode 236/250 - Reward: -2.15, Length: 40, Loss: -0.3650
2026-03-16 23:41:13 | INFO | Episode 237/250 - Reward: -2.00, Length: 40, Loss: -0.2442
2026-03-16 23:41:14 | INFO | Episode 238/250 - Reward: -2.15, Length: 40, Loss: -0.2174
2026-03-16 23:41:14 | INFO | Episode 239/250 - Reward: -2.00, Length: 40, Loss: -0.1295
2026-03-16 23:41:15 | INFO | Episode 240/250 - Reward: -2.00, Length: 40, Loss: -0.1182
2026-03-16 23:41:16 | INFO | Episode 241/250 - Reward: -2.00, Length: 40, Loss: -0.1962
2026-03-16 23:41:17 | INFO | Episode 242/250 - Reward: -2.00, Length: 40, Loss: -0.1392
2026-03-16 23:41:17 | INFO | Episode 243/250 - Reward: -2.30, Length: 40, Loss: -0.4546
2026-03-16 23:41:18 | INFO | Episode 244/250 - Reward: -2.00, Length: 40, Loss: -0.1871
2026-03-16 23:41:18 | INFO | Episode 245/250 - Reward: -2.00, Length: 40, Loss: -0.1138
2026-03-16 23:41:19 | INFO | Episode 246/250 - Reward: -2.15, Length: 40, Loss: -0.3580
2026-03-16 23:41:19 | INFO | Episode 247/250 - Reward: -2.15, Length: 40, Loss: -0.3920
2026-03-16 23:41:20 | INFO | Episode 248/250 - Reward: -2.00, Length: 40, Loss: -0.1959
2026-03-16 23:41:21 | INFO | Episode 249/250 - Reward: -2.00, Length: 40, Loss: -0.1556
2026-03-16 23:41:21 | INFO | Episode 250/250 - Reward: -2.00, Length: 40, Loss: -0.2050
2026-03-16 23:41:21 | INFO | Episode 250/250 - Avg Reward: -2.11, Avg Length: 40.00, Avg Loss: -0.2420
