2026-03-17 02:46:48 | INFO | ============================================================
2026-03-17 02:46:48 | INFO | DEVICE / COMPUTE INFORMATION
2026-03-17 02:46:48 | INFO |   JAX backend       : GPU
2026-03-17 02:46:48 | INFO |   Platform          : gpu
2026-03-17 02:46:48 | INFO |   Num devices       : 1
2026-03-17 02:46:48 | INFO |   Device            : cuda:0
2026-03-17 02:46:48 | INFO |   GPU name          : NVIDIA GeForce RTX 5060 Laptop GPU
2026-03-17 02:46:48 | INFO | ============================================================
2026-03-17 02:46:48 | INFO | ✓ JAX GPU backend confirmed.
2026-03-17 02:46:49 | INFO | REINFORCE seed=0_gamma=0.99_lr=0.1
2026-03-17 02:46:52 | INFO | Episode 1/250 - Reward: -8.15, Length: 40, Loss: -0.4577
2026-03-17 02:46:53 | INFO | Episode 2/250 - Reward: -6.05, Length: 40, Loss: -0.4180
2026-03-17 02:46:53 | INFO | Episode 3/250 - Reward: 0.30, Length: 36, Loss: 0.4459
2026-03-17 02:46:54 | INFO | Episode 4/250 - Reward: -4.70, Length: 40, Loss: -0.4537
2026-03-17 02:46:54 | INFO | Episode 5/250 - Reward: -4.25, Length: 40, Loss: -0.4306
2026-03-17 02:46:55 | INFO | Episode 6/250 - Reward: -4.85, Length: 40, Loss: -0.4008
2026-03-17 02:46:55 | INFO | Episode 7/250 - Reward: -4.25, Length: 40, Loss: -0.4456
2026-03-17 02:46:56 | INFO | Episode 8/250 - Reward: -5.30, Length: 40, Loss: -0.3890
2026-03-17 02:46:56 | INFO | Episode 9/250 - Reward: -4.70, Length: 40, Loss: -0.4644
2026-03-17 02:46:57 | INFO | Episode 10/250 - Reward: -4.40, Length: 40, Loss: -0.4330
2026-03-17 02:46:57 | INFO | Episode 11/250 - Reward: -4.40, Length: 40, Loss: -0.4385
2026-03-17 02:46:58 | INFO | Episode 12/250 - Reward: -5.15, Length: 40, Loss: -0.4975
2026-03-17 02:46:58 | INFO | Episode 13/250 - Reward: 4.40, Length: 32, Loss: 0.8873
2026-03-17 02:46:59 | INFO | Episode 14/250 - Reward: -4.85, Length: 40, Loss: -0.4799
2026-03-17 02:46:59 | INFO | Episode 15/250 - Reward: -4.25, Length: 40, Loss: -0.3440
2026-03-17 02:47:00 | INFO | Episode 16/250 - Reward: 5.45, Length: 35, Loss: 0.7815
2026-03-17 02:47:00 | INFO | Episode 17/250 - Reward: -6.05, Length: 40, Loss: -0.3738
2026-03-17 02:47:01 | INFO | Episode 18/250 - Reward: 8.25, Length: 21, Loss: 1.5034
2026-03-17 02:47:01 | INFO | Episode 19/250 - Reward: 7.50, Length: 9, Loss: 2.3369
2026-03-17 02:47:02 | INFO | Episode 20/250 - Reward: 8.45, Length: 17, Loss: 1.5458
2026-03-17 02:47:02 | INFO | Episode 21/250 - Reward: 8.35, Length: 16, Loss: 1.3298
2026-03-17 02:47:03 | INFO | Episode 22/250 - Reward: -6.35, Length: 40, Loss: -0.4444
2026-03-17 02:47:03 | INFO | Episode 23/250 - Reward: 8.45, Length: 14, Loss: 1.4606
2026-03-17 02:47:04 | INFO | Episode 24/250 - Reward: -5.75, Length: 40, Loss: -0.5041
2026-03-17 02:47:04 | INFO | Episode 25/250 - Reward: 8.05, Length: 19, Loss: 1.4158
2026-03-17 02:47:05 | INFO | Episode 26/250 - Reward: 3.95, Length: 23, Loss: 1.2384
2026-03-17 02:47:05 | INFO | Episode 27/250 - Reward: 8.75, Length: 14, Loss: 1.4577
2026-03-17 02:47:06 | INFO | Episode 28/250 - Reward: -6.35, Length: 40, Loss: -0.2809
2026-03-17 02:47:06 | INFO | Episode 29/250 - Reward: 8.85, Length: 12, Loss: 1.3093
2026-03-17 02:47:07 | INFO | Episode 30/250 - Reward: 9.25, Length: 10, Loss: 1.4727
2026-03-17 02:47:07 | INFO | Episode 31/250 - Reward: 9.45, Length: 9, Loss: 1.3496
2026-03-17 02:47:08 | INFO | Episode 32/250 - Reward: 9.65, Length: 8, Loss: 1.2997
2026-03-17 02:47:08 | INFO | Episode 33/250 - Reward: 9.25, Length: 10, Loss: 1.6652
2026-03-17 02:47:09 | INFO | Episode 34/250 - Reward: -6.95, Length: 40, Loss: -0.3918
2026-03-17 02:47:09 | INFO | Episode 35/250 - Reward: -5.90, Length: 40, Loss: -0.5382
2026-03-17 02:47:10 | INFO | Episode 36/250 - Reward: -6.20, Length: 40, Loss: -0.1927
2026-03-17 02:47:10 | INFO | Episode 37/250 - Reward: 1.90, Length: 40, Loss: 0.3011
2026-03-17 02:47:11 | INFO | Episode 38/250 - Reward: -5.15, Length: 40, Loss: -0.3587
2026-03-17 02:47:11 | INFO | Episode 39/250 - Reward: -6.20, Length: 40, Loss: -0.5201
2026-03-17 02:47:12 | INFO | Episode 40/250 - Reward: -6.95, Length: 40, Loss: -0.4309
2026-03-17 02:47:12 | INFO | Episode 41/250 - Reward: -4.85, Length: 40, Loss: -0.3685
2026-03-17 02:47:13 | INFO | Episode 42/250 - Reward: 7.10, Length: 11, Loss: 1.3053
2026-03-17 02:47:13 | INFO | Episode 43/250 - Reward: 9.65, Length: 8, Loss: 1.3224
2026-03-17 02:47:14 | INFO | Episode 44/250 - Reward: -7.25, Length: 40, Loss: -0.3100
2026-03-17 02:47:14 | INFO | Episode 45/250 - Reward: 8.85, Length: 12, Loss: 1.2408
2026-03-17 02:47:15 | INFO | Episode 46/250 - Reward: 9.15, Length: 12, Loss: 1.6871
2026-03-17 02:47:15 | INFO | Episode 47/250 - Reward: 9.65, Length: 8, Loss: 0.9175
2026-03-17 02:47:16 | INFO | Episode 48/250 - Reward: 5.60, Length: 20, Loss: 0.9543
2026-03-17 02:47:16 | INFO | Episode 49/250 - Reward: 9.25, Length: 10, Loss: 1.1999
2026-03-17 02:47:17 | INFO | Episode 50/250 - Reward: 5.20, Length: 22, Loss: 0.5539
2026-03-17 02:47:17 | INFO | Episode 50/250 - Avg Reward: 0.91, Avg Length: 28.56, Avg Loss: 0.4123
2026-03-17 02:47:17 | INFO | Episode 51/250 - Reward: -7.55, Length: 40, Loss: -0.2660
2026-03-17 02:47:18 | INFO | Episode 52/250 - Reward: -6.95, Length: 40, Loss: -0.4943
2026-03-17 02:47:18 | INFO | Episode 53/250 - Reward: -9.65, Length: 40, Loss: -0.6079
2026-03-17 02:47:19 | INFO | Episode 54/250 - Reward: 9.45, Length: 9, Loss: 1.7734
2026-03-17 02:47:18 | INFO | Episode 55/250 - Reward: 6.65, Length: 23, Loss: 0.4988
2026-03-17 02:47:19 | INFO | Episode 56/250 - Reward: 8.65, Length: 13, Loss: 1.0214
2026-03-17 02:47:19 | INFO | Episode 57/250 - Reward: 7.05, Length: 21, Loss: 0.7529
2026-03-17 02:47:20 | INFO | Episode 58/250 - Reward: 8.45, Length: 14, Loss: 1.0424
2026-03-17 02:47:20 | INFO | Episode 59/250 - Reward: -7.55, Length: 40, Loss: -0.0249
2026-03-17 02:47:21 | INFO | Episode 60/250 - Reward: 8.15, Length: 17, Loss: 1.0436
2026-03-17 02:47:21 | INFO | Episode 61/250 - Reward: 7.45, Length: 19, Loss: 0.6413
2026-03-17 02:47:22 | INFO | Episode 62/250 - Reward: 6.55, Length: 25, Loss: 0.6956
2026-03-17 02:47:22 | INFO | Episode 63/250 - Reward: 6.65, Length: 23, Loss: 0.5267
2026-03-17 02:47:23 | INFO | Episode 64/250 - Reward: -6.95, Length: 40, Loss: -0.1053
2026-03-17 02:47:23 | INFO | Episode 65/250 - Reward: 8.25, Length: 15, Loss: 0.9062
2026-03-17 02:47:24 | INFO | Episode 66/250 - Reward: 9.45, Length: 9, Loss: 1.1163
2026-03-17 02:47:24 | INFO | Episode 67/250 - Reward: 9.25, Length: 10, Loss: 1.1866
2026-03-17 02:47:25 | INFO | Episode 68/250 - Reward: -7.55, Length: 40, Loss: -0.5388
2026-03-17 02:47:25 | INFO | Episode 69/250 - Reward: 2.05, Length: 28, Loss: 0.3175
2026-03-17 02:47:26 | INFO | Episode 70/250 - Reward: 9.65, Length: 8, Loss: 0.8673
2026-03-17 02:47:26 | INFO | Episode 71/250 - Reward: 9.65, Length: 8, Loss: 1.0313
2026-03-17 02:47:27 | INFO | Episode 72/250 - Reward: 9.65, Length: 8, Loss: 0.8596
2026-03-17 02:47:27 | INFO | Episode 73/250 - Reward: 9.45, Length: 9, Loss: 0.6791
2026-03-17 02:47:28 | INFO | Episode 74/250 - Reward: 9.45, Length: 9, Loss: 1.2261
2026-03-17 02:47:28 | INFO | Episode 75/250 - Reward: 9.05, Length: 11, Loss: 0.8106
2026-03-17 02:47:29 | INFO | Episode 76/250 - Reward: 8.25, Length: 15, Loss: 0.9468
2026-03-17 02:47:29 | INFO | Episode 77/250 - Reward: 3.65, Length: 38, Loss: 0.3090
2026-03-17 02:47:30 | INFO | Episode 78/250 - Reward: 6.05, Length: 26, Loss: 0.4531
2026-03-17 02:47:30 | INFO | Episode 79/250 - Reward: 8.65, Length: 13, Loss: 1.0238
2026-03-17 02:47:31 | INFO | Episode 80/250 - Reward: 9.35, Length: 11, Loss: 1.8594
2026-03-17 02:47:32 | INFO | Episode 81/250 - Reward: 9.45, Length: 9, Loss: 1.0503
2026-03-17 02:47:32 | INFO | Episode 82/250 - Reward: 5.30, Length: 20, Loss: 0.4346
2026-03-17 02:47:33 | INFO | Episode 83/250 - Reward: -7.25, Length: 40, Loss: -0.4449
2026-03-17 02:47:34 | INFO | Episode 84/250 - Reward: -8.45, Length: 40, Loss: -0.0132
2026-03-17 02:47:34 | INFO | Episode 85/250 - Reward: 9.65, Length: 8, Loss: 0.6059
2026-03-17 02:47:35 | INFO | Episode 86/250 - Reward: 4.70, Length: 23, Loss: 0.3365
2026-03-17 02:47:36 | INFO | Episode 87/250 - Reward: 9.45, Length: 9, Loss: 0.9784
2026-03-17 02:47:36 | INFO | Episode 88/250 - Reward: 4.30, Length: 25, Loss: 0.2823
2026-03-17 02:47:37 | INFO | Episode 89/250 - Reward: 7.70, Length: 8, Loss: 1.5357
2026-03-17 02:47:38 | INFO | Episode 90/250 - Reward: 9.65, Length: 8, Loss: 0.9701
2026-03-17 02:47:38 | INFO | Episode 91/250 - Reward: 9.65, Length: 8, Loss: 0.7784
2026-03-17 02:47:39 | INFO | Episode 92/250 - Reward: 7.30, Length: 10, Loss: 1.0632
2026-03-17 02:47:40 | INFO | Episode 93/250 - Reward: -7.25, Length: 40, Loss: -0.2291
2026-03-17 02:47:40 | INFO | Episode 94/250 - Reward: -8.90, Length: 40, Loss: -0.0821
2026-03-17 02:47:41 | INFO | Episode 95/250 - Reward: 2.70, Length: 33, Loss: 0.1668
2026-03-17 02:47:42 | INFO | Episode 96/250 - Reward: 9.45, Length: 9, Loss: 1.6344
2026-03-17 02:47:42 | INFO | Episode 97/250 - Reward: 9.25, Length: 10, Loss: 0.9559
2026-03-17 02:47:43 | INFO | Episode 98/250 - Reward: 8.65, Length: 13, Loss: 0.9037
2026-03-17 02:47:44 | INFO | Episode 99/250 - Reward: 9.65, Length: 8, Loss: 0.9999
2026-03-17 02:47:44 | INFO | Episode 100/250 - Reward: 6.90, Length: 12, Loss: 1.0448
2026-03-17 02:47:44 | INFO | Episode 100/250 - Avg Reward: 4.73, Avg Length: 19.90, Avg Loss: 0.6505
2026-03-17 02:47:45 | INFO | Episode 101/250 - Reward: 9.65, Length: 8, Loss: 1.2828
2026-03-17 02:47:45 | INFO | Episode 102/250 - Reward: 9.65, Length: 8, Loss: 0.5913
2026-03-17 02:47:46 | INFO | Episode 103/250 - Reward: 9.65, Length: 8, Loss: 1.0440
2026-03-17 02:47:47 | INFO | Episode 104/250 - Reward: 9.25, Length: 10, Loss: 1.1463
2026-03-17 02:47:47 | INFO | Episode 105/250 - Reward: 5.65, Length: 28, Loss: 0.4014
2026-03-17 02:47:48 | INFO | Episode 106/250 - Reward: 4.05, Length: 36, Loss: 0.3151
2026-03-17 02:47:49 | INFO | Episode 107/250 - Reward: 8.45, Length: 14, Loss: 0.8695
2026-03-17 02:47:49 | INFO | Episode 108/250 - Reward: -7.55, Length: 40, Loss: -0.1678
2026-03-17 02:47:50 | INFO | Episode 109/250 - Reward: 7.85, Length: 17, Loss: 0.5847
2026-03-17 02:47:50 | INFO | Episode 110/250 - Reward: 9.25, Length: 10, Loss: 1.3912
2026-03-17 02:47:50 | INFO | Episode 111/250 - Reward: 8.65, Length: 13, Loss: 0.8880
2026-03-17 02:47:51 | INFO | Episode 112/250 - Reward: 7.45, Length: 19, Loss: 0.5839
2026-03-17 02:47:51 | INFO | Episode 113/250 - Reward: 8.85, Length: 12, Loss: 1.5273
2026-03-17 02:47:52 | INFO | Episode 114/250 - Reward: 9.25, Length: 10, Loss: 0.9376
2026-03-17 02:47:53 | INFO | Episode 115/250 - Reward: 8.45, Length: 14, Loss: 0.8954
2026-03-17 02:47:53 | INFO | Episode 116/250 - Reward: 9.05, Length: 11, Loss: 1.5199
2026-03-17 02:47:54 | INFO | Episode 117/250 - Reward: 7.65, Length: 18, Loss: 0.7725
2026-03-17 02:47:55 | INFO | Episode 118/250 - Reward: 4.45, Length: 34, Loss: 0.3513
2026-03-17 02:47:55 | INFO | Episode 119/250 - Reward: 4.85, Length: 32, Loss: 0.3691
2026-03-17 02:47:56 | INFO | Episode 120/250 - Reward: 4.65, Length: 33, Loss: 0.2857
2026-03-17 02:47:57 | INFO | Episode 121/250 - Reward: -7.25, Length: 40, Loss: 0.0514
2026-03-17 02:47:57 | INFO | Episode 122/250 - Reward: -7.25, Length: 40, Loss: -0.0592
2026-03-17 02:47:58 | INFO | Episode 123/250 - Reward: 5.45, Length: 29, Loss: 0.3996
2026-03-17 02:47:59 | INFO | Episode 124/250 - Reward: -7.10, Length: 40, Loss: -0.0665
2026-03-17 02:47:59 | INFO | Episode 125/250 - Reward: 6.65, Length: 23, Loss: 0.5370
2026-03-17 02:48:00 | INFO | Episode 126/250 - Reward: 6.45, Length: 24, Loss: 0.6018
2026-03-17 02:48:00 | INFO | Episode 127/250 - Reward: 7.55, Length: 20, Loss: 0.8508
2026-03-17 02:48:01 | INFO | Episode 128/250 - Reward: 8.55, Length: 15, Loss: 1.4881
2026-03-17 02:48:02 | INFO | Episode 129/250 - Reward: 8.85, Length: 12, Loss: 1.2929
2026-03-17 02:48:02 | INFO | Episode 130/250 - Reward: 8.25, Length: 15, Loss: 0.8081
2026-03-17 02:48:03 | INFO | Episode 131/250 - Reward: 8.25, Length: 15, Loss: 0.8589
2026-03-17 02:48:04 | INFO | Episode 132/250 - Reward: 7.65, Length: 18, Loss: 0.6905
2026-03-17 02:48:04 | INFO | Episode 133/250 - Reward: 5.35, Length: 31, Loss: 0.4490
2026-03-17 02:48:05 | INFO | Episode 134/250 - Reward: 8.85, Length: 12, Loss: 1.3121
2026-03-17 02:48:05 | INFO | Episode 135/250 - Reward: 8.45, Length: 14, Loss: 0.9351
2026-03-17 02:48:06 | INFO | Episode 136/250 - Reward: 9.45, Length: 9, Loss: 1.4496
2026-03-17 02:48:07 | INFO | Episode 137/250 - Reward: 5.10, Length: 21, Loss: 0.4082
2026-03-17 02:48:07 | INFO | Episode 138/250 - Reward: 6.90, Length: 12, Loss: 0.7668
2026-03-17 02:48:08 | INFO | Episode 139/250 - Reward: 9.65, Length: 8, Loss: 1.2017
2026-03-17 02:48:09 | INFO | Episode 140/250 - Reward: -7.55, Length: 40, Loss: -0.2086
2026-03-17 02:48:09 | INFO | Episode 141/250 - Reward: 7.15, Length: 22, Loss: 0.8344
2026-03-17 02:48:10 | INFO | Episode 142/250 - Reward: 9.25, Length: 10, Loss: 0.9605
2026-03-17 02:48:11 | INFO | Episode 143/250 - Reward: 7.70, Length: 8, Loss: 1.4442
2026-03-17 02:48:11 | INFO | Episode 144/250 - Reward: 7.70, Length: 8, Loss: 1.2355
2026-03-17 02:48:12 | INFO | Episode 145/250 - Reward: 9.45, Length: 9, Loss: 0.8584
2026-03-17 02:48:13 | INFO | Episode 146/250 - Reward: 9.65, Length: 8, Loss: 0.6766
2026-03-17 02:48:13 | INFO | Episode 147/250 - Reward: -7.55, Length: 40, Loss: -0.3940
2026-03-17 02:48:14 | INFO | Episode 148/250 - Reward: 4.30, Length: 25, Loss: 0.2660
2026-03-17 02:48:15 | INFO | Episode 149/250 - Reward: 9.25, Length: 10, Loss: 1.1661
2026-03-17 02:48:15 | INFO | Episode 150/250 - Reward: 8.65, Length: 13, Loss: 0.7938
2026-03-17 02:48:15 | INFO | Episode 150/250 - Avg Reward: 5.94, Avg Length: 19.32, Avg Loss: 0.7440
2026-03-17 02:48:16 | INFO | Episode 151/250 - Reward: 9.45, Length: 9, Loss: 0.9744
2026-03-17 02:48:16 | INFO | Episode 152/250 - Reward: 9.05, Length: 11, Loss: 0.8666
2026-03-17 02:48:17 | INFO | Episode 153/250 - Reward: 8.05, Length: 16, Loss: 0.6862
2026-03-17 02:48:18 | INFO | Episode 154/250 - Reward: 8.25, Length: 15, Loss: 0.7177
2026-03-17 02:48:18 | INFO | Episode 155/250 - Reward: 8.05, Length: 16, Loss: 0.9043
2026-03-17 02:48:19 | INFO | Episode 156/250 - Reward: 6.45, Length: 24, Loss: 0.5037
2026-03-17 02:48:20 | INFO | Episode 157/250 - Reward: 8.45, Length: 14, Loss: 0.8429
2026-03-17 02:48:20 | INFO | Episode 158/250 - Reward: 9.45, Length: 9, Loss: 1.0958
2026-03-17 02:48:21 | INFO | Episode 159/250 - Reward: 1.65, Length: 30, Loss: 0.1927
2026-03-17 02:48:21 | INFO | Episode 160/250 - Reward: 9.65, Length: 8, Loss: 0.7191
2026-03-17 02:48:21 | INFO | Episode 161/250 - Reward: 9.65, Length: 8, Loss: 0.4567
2026-03-17 02:48:22 | INFO | Episode 162/250 - Reward: 9.65, Length: 8, Loss: 0.7209
2026-03-17 02:48:23 | INFO | Episode 163/250 - Reward: 9.65, Length: 8, Loss: 0.4390
2026-03-17 02:48:23 | INFO | Episode 164/250 - Reward: 4.90, Length: 22, Loss: 0.3409
2026-03-17 02:48:24 | INFO | Episode 165/250 - Reward: 9.45, Length: 9, Loss: 0.5295
2026-03-17 02:48:25 | INFO | Episode 166/250 - Reward: 9.25, Length: 10, Loss: 0.8816
2026-03-17 02:48:25 | INFO | Episode 167/250 - Reward: 9.25, Length: 10, Loss: 1.0479
2026-03-17 02:48:26 | INFO | Episode 168/250 - Reward: 4.10, Length: 26, Loss: 0.2456
2026-03-17 02:48:26 | INFO | Episode 169/250 - Reward: 9.45, Length: 9, Loss: 0.6873
2026-03-17 02:48:27 | INFO | Episode 170/250 - Reward: 9.65, Length: 8, Loss: 0.4861
2026-03-17 02:48:28 | INFO | Episode 171/250 - Reward: 9.65, Length: 8, Loss: 0.4721
2026-03-17 02:48:28 | INFO | Episode 172/250 - Reward: 9.45, Length: 9, Loss: 0.4913
2026-03-17 02:48:29 | INFO | Episode 173/250 - Reward: -8.90, Length: 40, Loss: -0.4333
2026-03-17 02:48:30 | INFO | Episode 174/250 - Reward: 9.45, Length: 9, Loss: 0.9044
2026-03-17 02:48:30 | INFO | Episode 175/250 - Reward: 9.25, Length: 10, Loss: 0.5640
2026-03-17 02:48:31 | INFO | Episode 176/250 - Reward: 9.45, Length: 9, Loss: 0.6501
2026-03-17 02:48:32 | INFO | Episode 177/250 - Reward: 6.10, Length: 16, Loss: 0.6305
2026-03-17 02:48:32 | INFO | Episode 178/250 - Reward: -10.55, Length: 40, Loss: -0.1054
2026-03-17 02:48:33 | INFO | Episode 179/250 - Reward: 7.30, Length: 10, Loss: 1.1809
2026-03-17 02:48:34 | INFO | Episode 180/250 - Reward: -8.90, Length: 40, Loss: -0.0535
2026-03-17 02:48:34 | INFO | Episode 181/250 - Reward: 9.45, Length: 9, Loss: 0.9915
2026-03-17 02:48:35 | INFO | Episode 182/250 - Reward: 9.45, Length: 9, Loss: 0.7871
2026-03-17 02:48:36 | INFO | Episode 183/250 - Reward: 9.65, Length: 8, Loss: 0.6798
2026-03-17 02:48:36 | INFO | Episode 184/250 - Reward: 9.65, Length: 8, Loss: 0.9284
2026-03-17 02:48:37 | INFO | Episode 185/250 - Reward: 9.25, Length: 10, Loss: 1.4755
2026-03-17 02:48:37 | INFO | Episode 186/250 - Reward: 5.85, Length: 27, Loss: 0.4442
2026-03-17 02:48:38 | INFO | Episode 187/250 - Reward: 7.45, Length: 19, Loss: 0.6455
2026-03-17 02:48:39 | INFO | Episode 188/250 - Reward: 8.85, Length: 12, Loss: 0.8805
2026-03-17 02:48:39 | INFO | Episode 189/250 - Reward: 9.05, Length: 11, Loss: 0.8389
2026-03-17 02:48:40 | INFO | Episode 190/250 - Reward: 8.85, Length: 12, Loss: 0.8727
2026-03-17 02:48:41 | INFO | Episode 191/250 - Reward: 9.25, Length: 10, Loss: 0.7777
2026-03-17 02:48:41 | INFO | Episode 192/250 - Reward: 6.50, Length: 14, Loss: 0.6789
2026-03-17 02:48:42 | INFO | Episode 193/250 - Reward: 9.25, Length: 10, Loss: 1.3204
2026-03-17 02:48:43 | INFO | Episode 194/250 - Reward: 8.85, Length: 12, Loss: 0.8493
2026-03-17 02:48:43 | INFO | Episode 195/250 - Reward: 9.25, Length: 10, Loss: 0.9728
2026-03-17 02:48:44 | INFO | Episode 196/250 - Reward: 9.05, Length: 11, Loss: 0.9594
2026-03-17 02:48:45 | INFO | Episode 197/250 - Reward: 9.25, Length: 10, Loss: 1.7619
2026-03-17 02:48:45 | INFO | Episode 198/250 - Reward: 9.05, Length: 11, Loss: 1.6605
2026-03-17 02:48:46 | INFO | Episode 199/250 - Reward: 9.45, Length: 9, Loss: 1.0399
2026-03-17 02:48:46 | INFO | Episode 200/250 - Reward: 4.90, Length: 22, Loss: 0.6180
2026-03-17 02:48:47 | INFO | Episode 200/250 - Avg Reward: 7.36, Avg Length: 14.10, Avg Loss: 0.7365
2026-03-17 02:48:47 | INFO | Episode 201/250 - Reward: 3.50, Length: 29, Loss: 0.1664
2026-03-17 02:48:48 | INFO | Episode 202/250 - Reward: 9.65, Length: 8, Loss: 1.1373
2026-03-17 02:48:48 | INFO | Episode 203/250 - Reward: 9.65, Length: 8, Loss: 0.7006
2026-03-17 02:48:49 | INFO | Episode 204/250 - Reward: 7.30, Length: 10, Loss: 0.9188
2026-03-17 02:48:50 | INFO | Episode 205/250 - Reward: 9.65, Length: 8, Loss: 0.7492
2026-03-17 02:48:50 | INFO | Episode 206/250 - Reward: 7.70, Length: 8, Loss: 1.2620
2026-03-17 02:48:51 | INFO | Episode 207/250 - Reward: 9.65, Length: 8, Loss: 1.1763
2026-03-17 02:48:52 | INFO | Episode 208/250 - Reward: 7.70, Length: 8, Loss: 1.3917
2026-03-17 02:48:52 | INFO | Episode 209/250 - Reward: 1.50, Length: 39, Loss: 0.1276
2026-03-17 02:48:53 | INFO | Episode 210/250 - Reward: 6.70, Length: 13, Loss: 0.7136
2026-03-17 02:48:53 | INFO | Episode 211/250 - Reward: 9.65, Length: 8, Loss: 0.9938
2026-03-17 02:48:53 | INFO | Episode 212/250 - Reward: 9.45, Length: 9, Loss: 0.9752
2026-03-17 02:48:54 | INFO | Episode 213/250 - Reward: 9.65, Length: 8, Loss: 0.8491
2026-03-17 02:48:55 | INFO | Episode 214/250 - Reward: 9.65, Length: 8, Loss: 0.6453
2026-03-17 02:48:55 | INFO | Episode 215/250 - Reward: 9.25, Length: 10, Loss: 1.1809
2026-03-17 02:48:56 | INFO | Episode 216/250 - Reward: 8.65, Length: 13, Loss: 0.9405
2026-03-17 02:48:56 | INFO | Episode 217/250 - Reward: 8.05, Length: 16, Loss: 0.7653
2026-03-17 02:48:57 | INFO | Episode 218/250 - Reward: 8.65, Length: 13, Loss: 0.9902
2026-03-17 02:48:57 | INFO | Episode 219/250 - Reward: 8.85, Length: 12, Loss: 0.9549
2026-03-17 02:48:58 | INFO | Episode 220/250 - Reward: 9.45, Length: 9, Loss: 0.8971
2026-03-17 02:48:58 | INFO | Episode 221/250 - Reward: 9.45, Length: 9, Loss: 0.7748
2026-03-17 02:48:59 | INFO | Episode 222/250 - Reward: 7.70, Length: 8, Loss: 1.4667
2026-03-17 02:48:59 | INFO | Episode 223/250 - Reward: 9.65, Length: 8, Loss: 1.0026
2026-03-17 02:49:00 | INFO | Episode 224/250 - Reward: 8.85, Length: 12, Loss: 1.6074
2026-03-17 02:49:00 | INFO | Episode 225/250 - Reward: 9.05, Length: 11, Loss: 0.8667
2026-03-17 02:49:01 | INFO | Episode 226/250 - Reward: 9.45, Length: 9, Loss: 0.6710
2026-03-17 02:49:01 | INFO | Episode 227/250 - Reward: 8.65, Length: 13, Loss: 1.0807
2026-03-17 02:49:02 | INFO | Episode 228/250 - Reward: 8.25, Length: 15, Loss: 0.8593
2026-03-17 02:49:02 | INFO | Episode 229/250 - Reward: 9.25, Length: 10, Loss: 1.2650
2026-03-17 02:49:02 | INFO | Episode 230/250 - Reward: 9.65, Length: 8, Loss: 0.4473
2026-03-17 02:49:03 | INFO | Episode 231/250 - Reward: 9.65, Length: 8, Loss: 0.3570
2026-03-17 02:49:04 | INFO | Episode 232/250 - Reward: 9.45, Length: 9, Loss: 0.8553
2026-03-17 02:49:04 | INFO | Episode 233/250 - Reward: 9.25, Length: 10, Loss: 0.8203
2026-03-17 02:49:05 | INFO | Episode 234/250 - Reward: 7.85, Length: 17, Loss: 0.9870
2026-03-17 02:49:05 | INFO | Episode 235/250 - Reward: -7.85, Length: 40, Loss: -0.3980
2026-03-17 02:49:06 | INFO | Episode 236/250 - Reward: 6.65, Length: 23, Loss: 0.5096
2026-03-17 02:49:06 | INFO | Episode 237/250 - Reward: 8.65, Length: 13, Loss: 1.1436
2026-03-17 02:49:07 | INFO | Episode 238/250 - Reward: 7.05, Length: 21, Loss: 0.5197
2026-03-17 02:49:07 | INFO | Episode 239/250 - Reward: 9.05, Length: 11, Loss: 0.9786
2026-03-17 02:49:07 | INFO | Episode 240/250 - Reward: 9.05, Length: 11, Loss: 0.7778
2026-03-17 02:49:08 | INFO | Episode 241/250 - Reward: 9.05, Length: 11, Loss: 0.9090
2026-03-17 02:49:09 | INFO | Episode 242/250 - Reward: 6.90, Length: 12, Loss: 0.9390
2026-03-17 02:49:09 | INFO | Episode 243/250 - Reward: 9.65, Length: 8, Loss: 0.4057
2026-03-17 02:49:10 | INFO | Episode 244/250 - Reward: 7.50, Length: 9, Loss: 1.8088
2026-03-17 02:49:10 | INFO | Episode 245/250 - Reward: 9.65, Length: 8, Loss: 0.6165
2026-03-17 02:49:11 | INFO | Episode 246/250 - Reward: 5.10, Length: 21, Loss: 0.3356
2026-03-17 02:49:11 | INFO | Episode 247/250 - Reward: 6.30, Length: 15, Loss: 0.6977
2026-03-17 02:49:12 | INFO | Episode 248/250 - Reward: 9.65, Length: 8, Loss: 0.5739
2026-03-17 02:49:12 | INFO | Episode 249/250 - Reward: 9.05, Length: 11, Loss: 1.0281
2026-03-17 02:49:13 | INFO | Episode 250/250 - Reward: 9.25, Length: 10, Loss: 1.0436
2026-03-17 02:49:13 | INFO | Episode 250/250 - Avg Reward: 8.10, Avg Length: 12.48, Avg Loss: 0.8497
