2026-03-17 02:51:55 | INFO | ============================================================
2026-03-17 02:51:55 | INFO | DEVICE / COMPUTE INFORMATION
2026-03-17 02:51:55 | INFO |   JAX backend       : GPU
2026-03-17 02:51:55 | INFO |   Platform          : gpu
2026-03-17 02:51:55 | INFO |   Num devices       : 1
2026-03-17 02:51:55 | INFO |   Device            : cuda:0
2026-03-17 02:51:55 | INFO |   GPU name          : NVIDIA GeForce RTX 5060 Laptop GPU
2026-03-17 02:51:55 | INFO | ============================================================
2026-03-17 02:51:55 | INFO | ✓ JAX GPU backend confirmed.
2026-03-17 02:51:56 | INFO | REINFORCE seed=0_gamma=0.99_lr=0.001
2026-03-17 02:52:00 | INFO | Episode 1/250 - Reward: -8.15, Length: 40, Loss: -0.4577
2026-03-17 02:52:00 | INFO | Episode 2/250 - Reward: -6.05, Length: 40, Loss: -0.4134
2026-03-17 02:52:00 | INFO | Episode 3/250 - Reward: 0.60, Length: 36, Loss: 0.4655
2026-03-17 02:52:01 | INFO | Episode 4/250 - Reward: -10.10, Length: 40, Loss: -0.6044
2026-03-17 02:52:01 | INFO | Episode 5/250 - Reward: -4.85, Length: 40, Loss: -0.5262
2026-03-17 02:52:01 | INFO | Episode 6/250 - Reward: -0.25, Length: 32, Loss: 0.3741
2026-03-17 02:52:01 | INFO | Episode 7/250 - Reward: -5.15, Length: 40, Loss: -0.4440
2026-03-17 02:52:02 | INFO | Episode 8/250 - Reward: -5.00, Length: 40, Loss: -0.4067
2026-03-17 02:52:02 | INFO | Episode 9/250 - Reward: -4.40, Length: 40, Loss: -0.4549
2026-03-17 02:52:03 | INFO | Episode 10/250 - Reward: -6.05, Length: 40, Loss: -0.4254
2026-03-17 02:52:03 | INFO | Episode 11/250 - Reward: -4.40, Length: 40, Loss: -0.4863
2026-03-17 02:52:04 | INFO | Episode 12/250 - Reward: -4.85, Length: 40, Loss: -0.4995
2026-03-17 02:52:04 | INFO | Episode 13/250 - Reward: 4.40, Length: 32, Loss: 0.8969
2026-03-17 02:52:05 | INFO | Episode 14/250 - Reward: -3.95, Length: 40, Loss: -0.3563
2026-03-17 02:52:05 | INFO | Episode 15/250 - Reward: -4.55, Length: 40, Loss: -0.4010
2026-03-17 02:52:06 | INFO | Episode 16/250 - Reward: -5.75, Length: 40, Loss: -0.4505
2026-03-17 02:52:06 | INFO | Episode 17/250 - Reward: -5.60, Length: 40, Loss: -0.4446
2026-03-17 02:52:07 | INFO | Episode 18/250 - Reward: -7.85, Length: 40, Loss: -0.4074
2026-03-17 02:52:07 | INFO | Episode 19/250 - Reward: 6.10, Length: 25, Loss: 1.3522
2026-03-17 02:52:08 | INFO | Episode 20/250 - Reward: -5.60, Length: 40, Loss: -0.4278
2026-03-17 02:52:08 | INFO | Episode 21/250 - Reward: 4.65, Length: 36, Loss: 0.6990
2026-03-17 02:52:09 | INFO | Episode 22/250 - Reward: -12.80, Length: 40, Loss: -0.4999
2026-03-17 02:52:09 | INFO | Episode 23/250 - Reward: -4.25, Length: 40, Loss: -0.4545
2026-03-17 02:52:10 | INFO | Episode 24/250 - Reward: -4.25, Length: 40, Loss: -0.5149
2026-03-17 02:52:10 | INFO | Episode 25/250 - Reward: -3.50, Length: 40, Loss: -0.4296
2026-03-17 02:52:11 | INFO | Episode 26/250 - Reward: -4.55, Length: 40, Loss: -0.4336
2026-03-17 02:52:11 | INFO | Episode 27/250 - Reward: -5.75, Length: 40, Loss: -0.4253
2026-03-17 02:52:11 | INFO | Episode 28/250 - Reward: -5.00, Length: 40, Loss: -0.3668
2026-03-17 02:52:12 | INFO | Episode 29/250 - Reward: -4.10, Length: 40, Loss: -0.4046
2026-03-17 02:52:13 | INFO | Episode 30/250 - Reward: 6.45, Length: 36, Loss: 0.7773
2026-03-17 02:52:13 | INFO | Episode 31/250 - Reward: -3.35, Length: 40, Loss: -0.4070
2026-03-17 02:52:13 | INFO | Episode 32/250 - Reward: -5.90, Length: 40, Loss: -0.4293
2026-03-17 02:52:14 | INFO | Episode 33/250 - Reward: -3.80, Length: 40, Loss: -0.4677
2026-03-17 02:52:14 | INFO | Episode 34/250 - Reward: -4.10, Length: 40, Loss: -0.4461
2026-03-17 02:52:15 | INFO | Episode 35/250 - Reward: -5.90, Length: 40, Loss: -0.4263
2026-03-17 02:52:15 | INFO | Episode 36/250 - Reward: 7.25, Length: 23, Loss: 1.4795
2026-03-17 02:52:16 | INFO | Episode 37/250 - Reward: -5.60, Length: 40, Loss: -0.3792
2026-03-17 02:52:16 | INFO | Episode 38/250 - Reward: -4.10, Length: 40, Loss: -0.4450
2026-03-17 02:52:17 | INFO | Episode 39/250 - Reward: 7.05, Length: 27, Loss: 1.2434
2026-03-17 02:52:17 | INFO | Episode 40/250 - Reward: -5.45, Length: 40, Loss: -0.4517
2026-03-17 02:52:18 | INFO | Episode 41/250 - Reward: -4.40, Length: 40, Loss: -0.4908
2026-03-17 02:52:18 | INFO | Episode 42/250 - Reward: -5.15, Length: 40, Loss: -0.4833
2026-03-17 02:52:19 | INFO | Episode 43/250 - Reward: -5.75, Length: 40, Loss: -0.5925
2026-03-17 02:52:19 | INFO | Episode 44/250 - Reward: -4.85, Length: 40, Loss: -0.4358
2026-03-17 02:52:20 | INFO | Episode 45/250 - Reward: -5.30, Length: 40, Loss: -0.5264
2026-03-17 02:52:20 | INFO | Episode 46/250 - Reward: -5.60, Length: 40, Loss: -0.5438
2026-03-17 02:52:21 | INFO | Episode 47/250 - Reward: -4.55, Length: 40, Loss: -0.5028
2026-03-17 02:52:21 | INFO | Episode 48/250 - Reward: 6.45, Length: 33, Loss: 0.9094
2026-03-17 02:52:22 | INFO | Episode 49/250 - Reward: -5.30, Length: 40, Loss: -0.3701
2026-03-17 02:52:22 | INFO | Episode 50/250 - Reward: -5.30, Length: 40, Loss: -0.5103
2026-03-17 02:52:22 | INFO | Episode 50/250 - Avg Reward: -3.56, Avg Length: 38.40, Avg Loss: -0.2089
2026-03-17 02:52:23 | INFO | Episode 51/250 - Reward: -5.15, Length: 40, Loss: -0.4170
2026-03-17 02:52:23 | INFO | Episode 52/250 - Reward: -4.55, Length: 40, Loss: -0.3541
2026-03-17 02:52:24 | INFO | Episode 53/250 - Reward: 5.20, Length: 28, Loss: 1.1026
2026-03-17 02:52:24 | INFO | Episode 54/250 - Reward: -5.45, Length: 40, Loss: -0.3395
2026-03-17 02:52:25 | INFO | Episode 55/250 - Reward: -3.80, Length: 40, Loss: -0.4938
2026-03-17 02:52:25 | INFO | Episode 56/250 - Reward: 3.45, Length: 30, Loss: 0.9148
2026-03-17 02:52:26 | INFO | Episode 57/250 - Reward: -4.70, Length: 40, Loss: -0.3695
2026-03-17 02:52:26 | INFO | Episode 58/250 - Reward: -5.60, Length: 40, Loss: -0.4480
2026-03-17 02:52:27 | INFO | Episode 59/250 - Reward: -6.95, Length: 40, Loss: -0.5509
2026-03-17 02:52:27 | INFO | Episode 60/250 - Reward: -4.55, Length: 40, Loss: -0.3993
2026-03-17 02:52:27 | INFO | Episode 61/250 - Reward: -4.70, Length: 40, Loss: -0.4290
2026-03-17 02:52:28 | INFO | Episode 62/250 - Reward: -4.55, Length: 40, Loss: -0.4328
2026-03-17 02:52:28 | INFO | Episode 63/250 - Reward: -5.00, Length: 40, Loss: -0.4198
2026-03-17 02:52:29 | INFO | Episode 64/250 - Reward: -5.30, Length: 40, Loss: -0.4063
2026-03-17 02:52:29 | INFO | Episode 65/250 - Reward: -5.45, Length: 40, Loss: -0.4399
2026-03-17 02:52:30 | INFO | Episode 66/250 - Reward: -2.75, Length: 40, Loss: -0.4163
2026-03-17 02:52:30 | INFO | Episode 67/250 - Reward: -5.45, Length: 40, Loss: -0.4224
2026-03-17 02:52:31 | INFO | Episode 68/250 - Reward: -7.85, Length: 40, Loss: -0.6170
2026-03-17 02:52:32 | INFO | Episode 69/250 - Reward: -5.15, Length: 40, Loss: -0.4735
2026-03-17 02:52:32 | INFO | Episode 70/250 - Reward: -3.65, Length: 40, Loss: -0.4556
2026-03-17 02:52:32 | INFO | Episode 71/250 - Reward: -5.45, Length: 40, Loss: -0.4143
2026-03-17 02:52:33 | INFO | Episode 72/250 - Reward: -5.45, Length: 40, Loss: -0.4457
2026-03-17 02:52:33 | INFO | Episode 73/250 - Reward: 2.90, Length: 20, Loss: 1.3245
2026-03-17 02:52:34 | INFO | Episode 74/250 - Reward: 6.45, Length: 33, Loss: 0.9214
2026-03-17 02:52:35 | INFO | Episode 75/250 - Reward: -4.10, Length: 40, Loss: -0.3992
2026-03-17 02:52:35 | INFO | Episode 76/250 - Reward: -9.35, Length: 40, Loss: -0.5437
2026-03-17 02:52:36 | INFO | Episode 77/250 - Reward: -3.65, Length: 40, Loss: -0.3833
2026-03-17 02:52:36 | INFO | Episode 78/250 - Reward: -5.75, Length: 40, Loss: -0.4464
2026-03-17 02:52:37 | INFO | Episode 79/250 - Reward: -5.60, Length: 40, Loss: -0.4609
2026-03-17 02:52:38 | INFO | Episode 80/250 - Reward: -4.25, Length: 40, Loss: -0.4210
2026-03-17 02:52:38 | INFO | Episode 81/250 - Reward: -6.20, Length: 40, Loss: -0.5896
2026-03-17 02:52:39 | INFO | Episode 82/250 - Reward: -5.60, Length: 40, Loss: -0.4049
2026-03-17 02:52:40 | INFO | Episode 83/250 - Reward: -4.10, Length: 40, Loss: -0.4757
2026-03-17 02:52:40 | INFO | Episode 84/250 - Reward: -5.15, Length: 40, Loss: -0.4331
2026-03-17 02:52:41 | INFO | Episode 85/250 - Reward: -5.15, Length: 40, Loss: -0.4739
2026-03-17 02:52:41 | INFO | Episode 86/250 - Reward: -5.90, Length: 40, Loss: -0.4070
2026-03-17 02:52:42 | INFO | Episode 87/250 - Reward: -5.45, Length: 40, Loss: -0.4857
2026-03-17 02:52:43 | INFO | Episode 88/250 - Reward: -3.95, Length: 40, Loss: -0.4283
2026-03-17 02:52:43 | INFO | Episode 89/250 - Reward: -5.45, Length: 40, Loss: -0.4461
2026-03-17 02:52:44 | INFO | Episode 90/250 - Reward: -4.70, Length: 40, Loss: -0.4779
2026-03-17 02:52:45 | INFO | Episode 91/250 - Reward: -4.85, Length: 40, Loss: -0.4182
2026-03-17 02:52:45 | INFO | Episode 92/250 - Reward: -3.20, Length: 40, Loss: -0.5155
2026-03-17 02:52:46 | INFO | Episode 93/250 - Reward: -5.60, Length: 40, Loss: -0.4970
2026-03-17 02:52:46 | INFO | Episode 94/250 - Reward: -4.55, Length: 40, Loss: -0.4809
2026-03-17 02:52:47 | INFO | Episode 95/250 - Reward: -4.85, Length: 40, Loss: -0.4516
2026-03-17 02:52:48 | INFO | Episode 96/250 - Reward: -4.55, Length: 40, Loss: -0.4511
2026-03-17 02:52:48 | INFO | Episode 97/250 - Reward: -7.55, Length: 40, Loss: -0.5348
2026-03-17 02:52:49 | INFO | Episode 98/250 - Reward: -3.05, Length: 40, Loss: -0.3760
2026-03-17 02:52:50 | INFO | Episode 99/250 - Reward: -4.70, Length: 40, Loss: -0.4408
2026-03-17 02:52:50 | INFO | Episode 100/250 - Reward: -3.35, Length: 40, Loss: -0.4548
2026-03-17 02:52:50 | INFO | Episode 100/250 - Avg Reward: -4.28, Avg Length: 39.02, Avg Loss: -0.3276
2026-03-17 02:52:51 | INFO | Episode 101/250 - Reward: -4.55, Length: 40, Loss: -0.4332
2026-03-17 02:52:51 | INFO | Episode 102/250 - Reward: -5.00, Length: 40, Loss: -0.4372
2026-03-17 02:52:52 | INFO | Episode 103/250 - Reward: -7.55, Length: 40, Loss: -0.4871
2026-03-17 02:52:53 | INFO | Episode 104/250 - Reward: -3.80, Length: 40, Loss: -0.4360
2026-03-17 02:52:53 | INFO | Episode 105/250 - Reward: -4.10, Length: 40, Loss: -0.4129
2026-03-17 02:52:54 | INFO | Episode 106/250 - Reward: -3.20, Length: 40, Loss: -0.4317
2026-03-17 02:52:54 | INFO | Episode 107/250 - Reward: -5.15, Length: 40, Loss: -0.5198
2026-03-17 02:52:55 | INFO | Episode 108/250 - Reward: -4.40, Length: 40, Loss: -0.4546
2026-03-17 02:52:56 | INFO | Episode 109/250 - Reward: -8.30, Length: 40, Loss: -0.3734
2026-03-17 02:52:56 | INFO | Episode 110/250 - Reward: -6.95, Length: 40, Loss: -0.5668
2026-03-17 02:52:57 | INFO | Episode 111/250 - Reward: -4.85, Length: 40, Loss: -0.4244
2026-03-17 02:52:57 | INFO | Episode 112/250 - Reward: -5.60, Length: 40, Loss: -0.4017
2026-03-17 02:52:58 | INFO | Episode 113/250 - Reward: -5.45, Length: 40, Loss: -0.4659
2026-03-17 02:52:59 | INFO | Episode 114/250 - Reward: -3.65, Length: 40, Loss: -0.4194
2026-03-17 02:52:59 | INFO | Episode 115/250 - Reward: -3.50, Length: 40, Loss: -0.3916
2026-03-17 02:53:00 | INFO | Episode 116/250 - Reward: 4.70, Length: 29, Loss: 1.0589
2026-03-17 02:53:01 | INFO | Episode 117/250 - Reward: -4.85, Length: 40, Loss: -0.4150
2026-03-17 02:53:01 | INFO | Episode 118/250 - Reward: -5.30, Length: 40, Loss: -0.4391
2026-03-17 02:53:02 | INFO | Episode 119/250 - Reward: -3.65, Length: 40, Loss: -0.4288
2026-03-17 02:53:02 | INFO | Episode 120/250 - Reward: -5.15, Length: 40, Loss: -0.4223
2026-03-17 02:53:03 | INFO | Episode 121/250 - Reward: -4.40, Length: 40, Loss: -0.4535
2026-03-17 02:53:04 | INFO | Episode 122/250 - Reward: -4.25, Length: 40, Loss: -0.3666
2026-03-17 02:53:03 | INFO | Episode 123/250 - Reward: -4.40, Length: 40, Loss: -0.4228
2026-03-17 02:53:04 | INFO | Episode 124/250 - Reward: -5.45, Length: 40, Loss: -0.4993
2026-03-17 02:53:05 | INFO | Episode 125/250 - Reward: -11.60, Length: 40, Loss: -0.4644
2026-03-17 02:53:05 | INFO | Episode 126/250 - Reward: -5.00, Length: 40, Loss: -0.4763
2026-03-17 02:53:06 | INFO | Episode 127/250 - Reward: -5.15, Length: 40, Loss: -0.4306
2026-03-17 02:53:07 | INFO | Episode 128/250 - Reward: -7.55, Length: 40, Loss: -0.5159
2026-03-17 02:53:07 | INFO | Episode 129/250 - Reward: -4.40, Length: 40, Loss: -0.4378
2026-03-17 02:53:08 | INFO | Episode 130/250 - Reward: 4.60, Length: 37, Loss: 0.6642
2026-03-17 02:53:08 | INFO | Episode 131/250 - Reward: 1.60, Length: 31, Loss: 0.6419
2026-03-17 02:53:09 | INFO | Episode 132/250 - Reward: -4.25, Length: 40, Loss: -0.4460
2026-03-17 02:53:10 | INFO | Episode 133/250 - Reward: -6.05, Length: 40, Loss: -0.6104
2026-03-17 02:53:10 | INFO | Episode 134/250 - Reward: -7.85, Length: 40, Loss: -0.5930
2026-03-17 02:53:11 | INFO | Episode 135/250 - Reward: -4.70, Length: 40, Loss: -0.3739
2026-03-17 02:53:12 | INFO | Episode 136/250 - Reward: -5.15, Length: 40, Loss: -0.4733
2026-03-17 02:53:12 | INFO | Episode 137/250 - Reward: -4.25, Length: 40, Loss: -0.4461
2026-03-17 02:53:13 | INFO | Episode 138/250 - Reward: -3.35, Length: 40, Loss: -0.4055
2026-03-17 02:53:13 | INFO | Episode 139/250 - Reward: -4.10, Length: 40, Loss: -0.4367
2026-03-17 02:53:14 | INFO | Episode 140/250 - Reward: -5.30, Length: 40, Loss: -0.4587
2026-03-17 02:53:15 | INFO | Episode 141/250 - Reward: 5.85, Length: 39, Loss: 0.6115
2026-03-17 02:53:15 | INFO | Episode 142/250 - Reward: 5.00, Length: 38, Loss: 0.6424
2026-03-17 02:53:16 | INFO | Episode 143/250 - Reward: -3.95, Length: 40, Loss: -0.4780
2026-03-17 02:53:16 | INFO | Episode 144/250 - Reward: -11.90, Length: 40, Loss: -0.3419
2026-03-17 02:53:17 | INFO | Episode 145/250 - Reward: -4.10, Length: 40, Loss: -0.4026
2026-03-17 02:53:18 | INFO | Episode 146/250 - Reward: -4.40, Length: 40, Loss: -0.4352
2026-03-17 02:53:18 | INFO | Episode 147/250 - Reward: -3.80, Length: 40, Loss: -0.4941
2026-03-17 02:53:19 | INFO | Episode 148/250 - Reward: -5.30, Length: 40, Loss: -0.4669
2026-03-17 02:53:20 | INFO | Episode 149/250 - Reward: -6.80, Length: 40, Loss: -0.4888
2026-03-17 02:53:20 | INFO | Episode 150/250 - Reward: -5.30, Length: 40, Loss: -0.3938
2026-03-17 02:53:20 | INFO | Episode 150/250 - Avg Reward: -4.32, Avg Length: 39.48, Avg Loss: -0.3311
2026-03-17 02:53:21 | INFO | Episode 151/250 - Reward: -5.15, Length: 40, Loss: -0.4643
2026-03-17 02:53:21 | INFO | Episode 152/250 - Reward: -3.65, Length: 40, Loss: -0.4350
2026-03-17 02:53:22 | INFO | Episode 153/250 - Reward: -5.60, Length: 40, Loss: -0.4603
2026-03-17 02:53:23 | INFO | Episode 154/250 - Reward: -4.85, Length: 40, Loss: -0.3485
2026-03-17 02:53:23 | INFO | Episode 155/250 - Reward: -5.45, Length: 40, Loss: -0.6267
2026-03-17 02:53:24 | INFO | Episode 156/250 - Reward: -6.20, Length: 40, Loss: -0.4640
2026-03-17 02:53:25 | INFO | Episode 157/250 - Reward: -6.20, Length: 40, Loss: -0.4498
2026-03-17 02:53:25 | INFO | Episode 158/250 - Reward: -7.85, Length: 40, Loss: -0.5412
2026-03-17 02:53:26 | INFO | Episode 159/250 - Reward: -6.05, Length: 40, Loss: -0.4389
2026-03-17 02:53:26 | INFO | Episode 160/250 - Reward: -3.50, Length: 40, Loss: -0.4596
2026-03-17 02:53:27 | INFO | Episode 161/250 - Reward: -4.55, Length: 40, Loss: -0.4775
2026-03-17 02:53:28 | INFO | Episode 162/250 - Reward: -4.25, Length: 40, Loss: -0.3942
2026-03-17 02:53:28 | INFO | Episode 163/250 - Reward: -3.80, Length: 40, Loss: -0.4404
2026-03-17 02:53:29 | INFO | Episode 164/250 - Reward: 7.55, Length: 23, Loss: 1.4713
2026-03-17 02:53:30 | INFO | Episode 165/250 - Reward: -4.85, Length: 40, Loss: -0.4325
2026-03-17 02:53:30 | INFO | Episode 166/250 - Reward: -11.45, Length: 40, Loss: -0.4508
2026-03-17 02:53:31 | INFO | Episode 167/250 - Reward: -5.60, Length: 40, Loss: -0.3727
2026-03-17 02:53:32 | INFO | Episode 168/250 - Reward: -4.25, Length: 40, Loss: -0.4664
2026-03-17 02:53:32 | INFO | Episode 169/250 - Reward: -8.75, Length: 40, Loss: -0.5614
2026-03-17 02:53:33 | INFO | Episode 170/250 - Reward: -4.70, Length: 40, Loss: -0.4514
2026-03-17 02:53:33 | INFO | Episode 171/250 - Reward: -5.15, Length: 40, Loss: -0.4309
2026-03-17 02:53:34 | INFO | Episode 172/250 - Reward: -5.00, Length: 40, Loss: -0.4289
2026-03-17 02:53:35 | INFO | Episode 173/250 - Reward: 5.75, Length: 35, Loss: 0.7732
2026-03-17 02:53:35 | INFO | Episode 174/250 - Reward: -4.10, Length: 40, Loss: -0.4054
2026-03-17 02:53:35 | INFO | Episode 175/250 - Reward: -5.75, Length: 40, Loss: -0.3764
2026-03-17 02:53:36 | INFO | Episode 176/250 - Reward: -3.80, Length: 40, Loss: -0.4329
2026-03-17 02:53:36 | INFO | Episode 177/250 - Reward: -8.15, Length: 40, Loss: -0.4325
2026-03-17 02:53:37 | INFO | Episode 178/250 - Reward: -3.95, Length: 40, Loss: -0.4624
2026-03-17 02:53:37 | INFO | Episode 179/250 - Reward: -4.40, Length: 40, Loss: -0.4738
2026-03-17 02:53:38 | INFO | Episode 180/250 - Reward: -5.45, Length: 40, Loss: -0.5987
2026-03-17 02:53:39 | INFO | Episode 181/250 - Reward: -4.70, Length: 40, Loss: -0.3914
2026-03-17 02:53:39 | INFO | Episode 182/250 - Reward: -8.75, Length: 40, Loss: -0.6139
2026-03-17 02:53:40 | INFO | Episode 183/250 - Reward: -6.20, Length: 40, Loss: -0.4586
2026-03-17 02:53:41 | INFO | Episode 184/250 - Reward: -5.60, Length: 40, Loss: -0.4243
2026-03-17 02:53:41 | INFO | Episode 185/250 - Reward: -3.35, Length: 40, Loss: -0.4321
2026-03-17 02:53:42 | INFO | Episode 186/250 - Reward: 3.15, Length: 39, Loss: 0.4921
2026-03-17 02:53:43 | INFO | Episode 187/250 - Reward: -4.70, Length: 40, Loss: -0.4657
2026-03-17 02:53:43 | INFO | Episode 188/250 - Reward: -5.15, Length: 40, Loss: -0.4577
2026-03-17 02:53:44 | INFO | Episode 189/250 - Reward: -5.90, Length: 40, Loss: -0.4722
2026-03-17 02:53:45 | INFO | Episode 190/250 - Reward: -3.80, Length: 40, Loss: -0.4863
2026-03-17 02:53:45 | INFO | Episode 191/250 - Reward: -5.00, Length: 40, Loss: -0.4795
2026-03-17 02:53:46 | INFO | Episode 192/250 - Reward: -10.10, Length: 40, Loss: -0.4659
2026-03-17 02:53:46 | INFO | Episode 193/250 - Reward: -4.10, Length: 40, Loss: -0.4007
2026-03-17 02:53:47 | INFO | Episode 194/250 - Reward: -3.80, Length: 40, Loss: -0.4151
2026-03-17 02:53:48 | INFO | Episode 195/250 - Reward: -5.15, Length: 40, Loss: -0.4240
2026-03-17 02:53:48 | INFO | Episode 196/250 - Reward: -3.95, Length: 40, Loss: -0.4343
2026-03-17 02:53:49 | INFO | Episode 197/250 - Reward: 6.35, Length: 32, Loss: 0.9521
2026-03-17 02:53:49 | INFO | Episode 198/250 - Reward: -5.00, Length: 40, Loss: -0.5073
2026-03-17 02:53:50 | INFO | Episode 199/250 - Reward: -4.25, Length: 40, Loss: -0.4498
2026-03-17 02:53:51 | INFO | Episode 200/250 - Reward: -6.80, Length: 40, Loss: -0.4184
2026-03-17 02:53:51 | INFO | Episode 200/250 - Avg Reward: -4.52, Avg Length: 39.38, Avg Loss: -0.3457
2026-03-17 02:53:51 | INFO | Episode 201/250 - Reward: -4.25, Length: 40, Loss: -0.4450
2026-03-17 02:53:52 | INFO | Episode 202/250 - Reward: 4.15, Length: 28, Loss: 1.0824
2026-03-17 02:53:53 | INFO | Episode 203/250 - Reward: -4.10, Length: 40, Loss: -0.4214
2026-03-17 02:53:53 | INFO | Episode 204/250 - Reward: -5.00, Length: 40, Loss: -0.4737
2026-03-17 02:53:54 | INFO | Episode 205/250 - Reward: -5.45, Length: 40, Loss: -0.4388
2026-03-17 02:53:54 | INFO | Episode 206/250 - Reward: -4.85, Length: 40, Loss: -0.4230
2026-03-17 02:53:55 | INFO | Episode 207/250 - Reward: -4.70, Length: 40, Loss: -0.3980
2026-03-17 02:53:56 | INFO | Episode 208/250 - Reward: -4.70, Length: 40, Loss: -0.4470
2026-03-17 02:53:56 | INFO | Episode 209/250 - Reward: -8.60, Length: 40, Loss: -0.4293
2026-03-17 02:53:57 | INFO | Episode 210/250 - Reward: -5.45, Length: 40, Loss: -0.5081
2026-03-17 02:53:58 | INFO | Episode 211/250 - Reward: -4.25, Length: 40, Loss: -0.4442
2026-03-17 02:53:58 | INFO | Episode 212/250 - Reward: -3.95, Length: 40, Loss: -0.4546
2026-03-17 02:53:59 | INFO | Episode 213/250 - Reward: -3.80, Length: 40, Loss: -0.4944
2026-03-17 02:53:59 | INFO | Episode 214/250 - Reward: -4.40, Length: 40, Loss: -0.3633
2026-03-17 02:54:00 | INFO | Episode 215/250 - Reward: -4.25, Length: 40, Loss: -0.3919
2026-03-17 02:54:01 | INFO | Episode 216/250 - Reward: -4.10, Length: 40, Loss: -0.4810
2026-03-17 02:54:01 | INFO | Episode 217/250 - Reward: -4.55, Length: 40, Loss: -0.4718
2026-03-17 02:54:02 | INFO | Episode 218/250 - Reward: -4.70, Length: 40, Loss: -0.4453
2026-03-17 02:54:02 | INFO | Episode 219/250 - Reward: -4.25, Length: 40, Loss: -0.4395
2026-03-17 02:54:03 | INFO | Episode 220/250 - Reward: -8.60, Length: 40, Loss: -0.5787
2026-03-17 02:54:03 | INFO | Episode 221/250 - Reward: -9.50, Length: 40, Loss: -0.4782
2026-03-17 02:54:04 | INFO | Episode 222/250 - Reward: -5.45, Length: 40, Loss: -0.4790
2026-03-17 02:54:04 | INFO | Episode 223/250 - Reward: -5.75, Length: 40, Loss: -0.4367
2026-03-17 02:54:05 | INFO | Episode 224/250 - Reward: -4.10, Length: 40, Loss: -0.4783
2026-03-17 02:54:05 | INFO | Episode 225/250 - Reward: -4.55, Length: 40, Loss: -0.4490
2026-03-17 02:54:06 | INFO | Episode 226/250 - Reward: 7.35, Length: 27, Loss: 1.2211
2026-03-17 02:54:06 | INFO | Episode 227/250 - Reward: -3.35, Length: 40, Loss: -0.3907
2026-03-17 02:54:07 | INFO | Episode 228/250 - Reward: 5.85, Length: 36, Loss: 0.7926
2026-03-17 02:54:06 | INFO | Episode 229/250 - Reward: 7.45, Length: 25, Loss: 1.3694
2026-03-17 02:54:07 | INFO | Episode 230/250 - Reward: -4.85, Length: 40, Loss: -0.5022
2026-03-17 02:54:07 | INFO | Episode 231/250 - Reward: -5.30, Length: 40, Loss: -0.3507
2026-03-17 02:54:08 | INFO | Episode 232/250 - Reward: -3.80, Length: 40, Loss: -0.4282
2026-03-17 02:54:08 | INFO | Episode 233/250 - Reward: 3.95, Length: 29, Loss: 0.9777
2026-03-17 02:54:09 | INFO | Episode 234/250 - Reward: -3.95, Length: 40, Loss: -0.3835
2026-03-17 02:54:09 | INFO | Episode 235/250 - Reward: -3.95, Length: 40, Loss: -0.5036
2026-03-17 02:54:10 | INFO | Episode 236/250 - Reward: -4.25, Length: 40, Loss: -0.4716
2026-03-17 02:54:10 | INFO | Episode 237/250 - Reward: -4.55, Length: 40, Loss: -0.4720
2026-03-17 02:54:11 | INFO | Episode 238/250 - Reward: -4.10, Length: 40, Loss: -0.3727
2026-03-17 02:54:11 | INFO | Episode 239/250 - Reward: -3.65, Length: 40, Loss: -0.4248
2026-03-17 02:54:12 | INFO | Episode 240/250 - Reward: -5.15, Length: 40, Loss: -0.4071
2026-03-17 02:54:12 | INFO | Episode 241/250 - Reward: -4.25, Length: 40, Loss: -0.4371
2026-03-17 02:54:13 | INFO | Episode 242/250 - Reward: -5.45, Length: 40, Loss: -0.4659
2026-03-17 02:54:13 | INFO | Episode 243/250 - Reward: -4.85, Length: 40, Loss: -0.4250
2026-03-17 02:54:14 | INFO | Episode 244/250 - Reward: 4.50, Length: 39, Loss: 0.5856
2026-03-17 02:54:14 | INFO | Episode 245/250 - Reward: -4.10, Length: 40, Loss: -0.4289
2026-03-17 02:54:15 | INFO | Episode 246/250 - Reward: -3.80, Length: 40, Loss: -0.4062
2026-03-17 02:54:15 | INFO | Episode 247/250 - Reward: -3.80, Length: 40, Loss: -0.4796
2026-03-17 02:54:16 | INFO | Episode 248/250 - Reward: 2.25, Length: 39, Loss: 0.4358
2026-03-17 02:54:16 | INFO | Episode 249/250 - Reward: 3.55, Length: 28, Loss: 0.9319
2026-03-17 02:54:17 | INFO | Episode 250/250 - Reward: -5.45, Length: 40, Loss: -0.5124
2026-03-17 02:54:17 | INFO | Episode 250/250 - Avg Reward: -3.26, Avg Length: 38.62, Avg Loss: -0.2267
