2026-03-16 23:50:43 | INFO | ============================================================
2026-03-16 23:50:43 | INFO | DEVICE / COMPUTE INFORMATION
2026-03-16 23:50:43 | INFO |   JAX backend       : GPU
2026-03-16 23:50:43 | INFO |   Platform          : gpu
2026-03-16 23:50:43 | INFO |   Num devices       : 1
2026-03-16 23:50:43 | INFO |   Device            : cuda:0
2026-03-16 23:50:43 | INFO |   GPU name          : NVIDIA GeForce RTX 5060 Laptop GPU
2026-03-16 23:50:43 | INFO | ============================================================
2026-03-16 23:50:43 | INFO | ✓ JAX GPU backend confirmed.
2026-03-16 23:50:44 | INFO | REINFORCE seed=1_gamma=0.99_lr=0.01
2026-03-16 23:50:49 | INFO | Episode 1/250 - Reward: -3.80, Length: 40, Loss: -0.4269
2026-03-16 23:50:50 | INFO | Episode 2/250 - Reward: -4.70, Length: 40, Loss: -0.4532
2026-03-16 23:50:50 | INFO | Episode 3/250 - Reward: -4.85, Length: 40, Loss: -0.4828
2026-03-16 23:50:51 | INFO | Episode 4/250 - Reward: -5.15, Length: 40, Loss: -0.4917
2026-03-16 23:50:52 | INFO | Episode 5/250 - Reward: -3.65, Length: 40, Loss: -0.4407
2026-03-16 23:50:53 | INFO | Episode 6/250 - Reward: -4.55, Length: 40, Loss: -0.4496
2026-03-16 23:50:53 | INFO | Episode 7/250 - Reward: -3.50, Length: 40, Loss: -0.4718
2026-03-16 23:50:54 | INFO | Episode 8/250 - Reward: 8.15, Length: 26, Loss: 1.3010
2026-03-16 23:50:55 | INFO | Episode 9/250 - Reward: -6.50, Length: 40, Loss: -0.5660
2026-03-16 23:50:56 | INFO | Episode 10/250 - Reward: -4.55, Length: 40, Loss: -0.4835
2026-03-16 23:50:56 | INFO | Episode 11/250 - Reward: -3.95, Length: 40, Loss: -0.4132
2026-03-16 23:50:57 | INFO | Episode 12/250 - Reward: -10.40, Length: 40, Loss: -0.5783
2026-03-16 23:50:58 | INFO | Episode 13/250 - Reward: -5.15, Length: 40, Loss: -0.5037
2026-03-16 23:50:58 | INFO | Episode 14/250 - Reward: -4.70, Length: 40, Loss: -0.4762
2026-03-16 23:50:59 | INFO | Episode 15/250 - Reward: -4.10, Length: 40, Loss: -0.4385
2026-03-16 23:51:00 | INFO | Episode 16/250 - Reward: 1.80, Length: 30, Loss: 0.6923
2026-03-16 23:51:01 | INFO | Episode 17/250 - Reward: -3.80, Length: 40, Loss: -0.4385
2026-03-16 23:51:01 | INFO | Episode 18/250 - Reward: -5.00, Length: 40, Loss: -0.4759
2026-03-16 23:51:02 | INFO | Episode 19/250 - Reward: -5.45, Length: 40, Loss: -0.4604
2026-03-16 23:51:03 | INFO | Episode 20/250 - Reward: -4.10, Length: 40, Loss: -0.4587
2026-03-16 23:51:03 | INFO | Episode 21/250 - Reward: -9.80, Length: 40, Loss: -0.3677
2026-03-16 23:51:04 | INFO | Episode 22/250 - Reward: -3.65, Length: 40, Loss: -0.4095
2026-03-16 23:51:05 | INFO | Episode 23/250 - Reward: -4.55, Length: 40, Loss: -0.4704
2026-03-16 23:51:06 | INFO | Episode 24/250 - Reward: -5.00, Length: 40, Loss: -0.4580
2026-03-16 23:51:07 | INFO | Episode 25/250 - Reward: -5.75, Length: 40, Loss: -0.5281
2026-03-16 23:51:09 | INFO | Episode 26/250 - Reward: -15.50, Length: 40, Loss: -0.3940
2026-03-16 23:51:10 | INFO | Episode 27/250 - Reward: -4.85, Length: 40, Loss: -0.4013
2026-03-16 23:51:10 | INFO | Episode 28/250 - Reward: -4.40, Length: 40, Loss: -0.4476
2026-03-16 23:51:11 | INFO | Episode 29/250 - Reward: -4.70, Length: 40, Loss: -0.4640
2026-03-16 23:51:12 | INFO | Episode 30/250 - Reward: -12.95, Length: 40, Loss: -0.3827
2026-03-16 23:51:13 | INFO | Episode 31/250 - Reward: -4.85, Length: 40, Loss: -0.4443
2026-03-16 23:51:13 | INFO | Episode 32/250 - Reward: -5.90, Length: 40, Loss: -0.5512
2026-03-16 23:51:14 | INFO | Episode 33/250 - Reward: 4.15, Length: 19, Loss: 1.6594
2026-03-16 23:51:15 | INFO | Episode 34/250 - Reward: 3.15, Length: 30, Loss: 0.8925
2026-03-16 23:51:16 | INFO | Episode 35/250 - Reward: -3.50, Length: 40, Loss: -0.4623
2026-03-16 23:51:16 | INFO | Episode 36/250 - Reward: -5.45, Length: 40, Loss: -0.4301
2026-03-16 23:51:17 | INFO | Episode 37/250 - Reward: -5.30, Length: 40, Loss: -0.4704
2026-03-16 23:51:18 | INFO | Episode 38/250 - Reward: -5.90, Length: 40, Loss: -0.3445
2026-03-16 23:51:19 | INFO | Episode 39/250 - Reward: -3.35, Length: 40, Loss: -0.4619
2026-03-16 23:51:19 | INFO | Episode 40/250 - Reward: -3.50, Length: 40, Loss: -0.4613
2026-03-16 23:51:20 | INFO | Episode 41/250 - Reward: -4.70, Length: 40, Loss: -0.4572
2026-03-16 23:51:21 | INFO | Episode 42/250 - Reward: -3.35, Length: 40, Loss: -0.3879
2026-03-16 23:51:21 | INFO | Episode 43/250 - Reward: -4.55, Length: 40, Loss: -0.4396
2026-03-16 23:51:22 | INFO | Episode 44/250 - Reward: -4.85, Length: 40, Loss: -0.4231
2026-03-16 23:51:23 | INFO | Episode 45/250 - Reward: -5.15, Length: 40, Loss: -0.4946
2026-03-16 23:51:23 | INFO | Episode 46/250 - Reward: -1.55, Length: 37, Loss: 0.1900
2026-03-16 23:51:24 | INFO | Episode 47/250 - Reward: -4.55, Length: 40, Loss: -0.4342
2026-03-16 23:51:25 | INFO | Episode 48/250 - Reward: -4.25, Length: 40, Loss: -0.4529
2026-03-16 23:51:25 | INFO | Episode 49/250 - Reward: -4.85, Length: 40, Loss: -0.4608
2026-03-16 23:51:26 | INFO | Episode 50/250 - Reward: -4.10, Length: 40, Loss: -0.4217
2026-03-16 23:51:26 | INFO | Episode 50/250 - Avg Reward: -4.43, Avg Length: 38.84, Avg Loss: -0.3139
2026-03-16 23:51:27 | INFO | Episode 51/250 - Reward: -5.15, Length: 40, Loss: -0.4501
2026-03-16 23:51:28 | INFO | Episode 52/250 - Reward: -3.95, Length: 40, Loss: -0.4915
2026-03-16 23:51:28 | INFO | Episode 53/250 - Reward: -5.00, Length: 40, Loss: -0.5241
2026-03-16 23:51:29 | INFO | Episode 54/250 - Reward: -3.95, Length: 40, Loss: -0.4256
2026-03-16 23:51:30 | INFO | Episode 55/250 - Reward: -4.85, Length: 40, Loss: -0.4533
2026-03-16 23:51:30 | INFO | Episode 56/250 - Reward: -3.20, Length: 40, Loss: -0.4336
2026-03-16 23:51:31 | INFO | Episode 57/250 - Reward: -4.25, Length: 40, Loss: -0.4794
2026-03-16 23:51:32 | INFO | Episode 58/250 - Reward: 4.70, Length: 32, Loss: 0.9346
2026-03-16 23:51:32 | INFO | Episode 59/250 - Reward: -3.95, Length: 40, Loss: -0.4247
2026-03-16 23:51:33 | INFO | Episode 60/250 - Reward: 8.25, Length: 21, Loss: 1.6217
2026-03-16 23:51:34 | INFO | Episode 61/250 - Reward: -4.40, Length: 40, Loss: -0.5518
2026-03-16 23:51:34 | INFO | Episode 62/250 - Reward: -7.10, Length: 40, Loss: -0.4167
2026-03-16 23:51:35 | INFO | Episode 63/250 - Reward: -4.40, Length: 40, Loss: -0.4513
2026-03-16 23:51:36 | INFO | Episode 64/250 - Reward: -3.65, Length: 40, Loss: -0.4350
2026-03-16 23:51:36 | INFO | Episode 65/250 - Reward: -7.55, Length: 40, Loss: -0.4457
2026-03-16 23:51:37 | INFO | Episode 66/250 - Reward: -5.15, Length: 40, Loss: -0.4857
2026-03-16 23:51:38 | INFO | Episode 67/250 - Reward: 4.50, Length: 30, Loss: 1.0224
2026-03-16 23:51:38 | INFO | Episode 68/250 - Reward: -2.20, Length: 32, Loss: 0.2721
2026-03-16 23:51:39 | INFO | Episode 69/250 - Reward: -5.60, Length: 40, Loss: -0.4493
2026-03-16 23:51:40 | INFO | Episode 70/250 - Reward: -4.25, Length: 40, Loss: -0.4586
2026-03-16 23:51:41 | INFO | Episode 71/250 - Reward: -4.40, Length: 40, Loss: -0.4025
2026-03-16 23:51:41 | INFO | Episode 72/250 - Reward: -8.15, Length: 40, Loss: -0.4186
2026-03-16 23:51:42 | INFO | Episode 73/250 - Reward: -6.20, Length: 40, Loss: -0.4471
2026-03-16 23:51:43 | INFO | Episode 74/250 - Reward: 6.85, Length: 37, Loss: 0.7246
2026-03-16 23:51:43 | INFO | Episode 75/250 - Reward: -5.45, Length: 40, Loss: -0.4512
2026-03-16 23:51:44 | INFO | Episode 76/250 - Reward: -3.35, Length: 40, Loss: -0.3626
2026-03-16 23:51:45 | INFO | Episode 77/250 - Reward: -9.20, Length: 40, Loss: -0.3796
2026-03-16 23:51:44 | INFO | Episode 78/250 - Reward: -8.75, Length: 40, Loss: -0.2943
2026-03-16 23:51:45 | INFO | Episode 79/250 - Reward: -8.00, Length: 40, Loss: -0.3313
2026-03-16 23:51:46 | INFO | Episode 80/250 - Reward: -4.10, Length: 40, Loss: -0.4199
2026-03-16 23:51:46 | INFO | Episode 81/250 - Reward: 8.85, Length: 15, Loss: 2.1497
2026-03-16 23:51:47 | INFO | Episode 82/250 - Reward: -5.90, Length: 40, Loss: -0.4269
2026-03-16 23:51:48 | INFO | Episode 83/250 - Reward: -5.45, Length: 40, Loss: -0.4647
2026-03-16 23:51:48 | INFO | Episode 84/250 - Reward: -4.40, Length: 40, Loss: -0.4200
2026-03-16 23:51:49 | INFO | Episode 85/250 - Reward: -5.00, Length: 40, Loss: -0.4384
2026-03-16 23:51:50 | INFO | Episode 86/250 - Reward: -4.40, Length: 40, Loss: -0.4497
2026-03-16 23:51:51 | INFO | Episode 87/250 - Reward: 4.15, Length: 25, Loss: 1.2026
2026-03-16 23:51:51 | INFO | Episode 88/250 - Reward: -5.30, Length: 40, Loss: -0.3940
2026-03-16 23:51:52 | INFO | Episode 89/250 - Reward: -0.30, Length: 39, Loss: 0.2233
2026-03-16 23:51:53 | INFO | Episode 90/250 - Reward: -7.55, Length: 40, Loss: -0.3827
2026-03-16 23:51:54 | INFO | Episode 91/250 - Reward: -6.05, Length: 40, Loss: -0.4186
2026-03-16 23:51:54 | INFO | Episode 92/250 - Reward: -4.55, Length: 40, Loss: -0.4367
2026-03-16 23:51:55 | INFO | Episode 93/250 - Reward: -4.40, Length: 40, Loss: -0.4977
2026-03-16 23:51:55 | INFO | Episode 94/250 - Reward: -5.60, Length: 40, Loss: -0.4160
2026-03-16 23:51:56 | INFO | Episode 95/250 - Reward: -4.25, Length: 40, Loss: -0.4247
2026-03-16 23:51:57 | INFO | Episode 96/250 - Reward: 5.90, Length: 23, Loss: 1.3393
2026-03-16 23:51:57 | INFO | Episode 97/250 - Reward: 4.00, Length: 34, Loss: 0.7772
2026-03-16 23:51:58 | INFO | Episode 98/250 - Reward: -4.85, Length: 40, Loss: -0.4433
2026-03-16 23:51:59 | INFO | Episode 99/250 - Reward: -3.65, Length: 40, Loss: -0.3816
2026-03-16 23:51:59 | INFO | Episode 100/250 - Reward: -4.40, Length: 40, Loss: -0.3905
2026-03-16 23:51:59 | INFO | Episode 100/250 - Avg Reward: -3.30, Avg Length: 37.76, Avg Loss: -0.1400
2026-03-16 23:52:00 | INFO | Episode 101/250 - Reward: -4.85, Length: 40, Loss: -0.4666
2026-03-16 23:52:01 | INFO | Episode 102/250 - Reward: -3.65, Length: 40, Loss: -0.3211
2026-03-16 23:52:01 | INFO | Episode 103/250 - Reward: -4.10, Length: 40, Loss: -0.4623
2026-03-16 23:52:02 | INFO | Episode 104/250 - Reward: -4.85, Length: 40, Loss: -0.4765
2026-03-16 23:52:02 | INFO | Episode 105/250 - Reward: -3.50, Length: 40, Loss: -0.4158
2026-03-16 23:52:03 | INFO | Episode 106/250 - Reward: -3.95, Length: 40, Loss: -0.3970
2026-03-16 23:52:04 | INFO | Episode 107/250 - Reward: -5.45, Length: 40, Loss: -0.4401
2026-03-16 23:52:04 | INFO | Episode 108/250 - Reward: 9.15, Length: 12, Loss: 2.3374
2026-03-16 23:52:05 | INFO | Episode 109/250 - Reward: -6.50, Length: 40, Loss: -0.3905
2026-03-16 23:52:06 | INFO | Episode 110/250 - Reward: -5.90, Length: 40, Loss: -0.5534
2026-03-16 23:52:06 | INFO | Episode 111/250 - Reward: -2.50, Length: 32, Loss: 0.3264
2026-03-16 23:52:07 | INFO | Episode 112/250 - Reward: -4.55, Length: 40, Loss: -0.4560
2026-03-16 23:52:08 | INFO | Episode 113/250 - Reward: -4.25, Length: 40, Loss: -0.3944
2026-03-16 23:52:08 | INFO | Episode 114/250 - Reward: -6.05, Length: 40, Loss: -0.5204
2026-03-16 23:52:09 | INFO | Episode 115/250 - Reward: 0.80, Length: 35, Loss: 0.3866
2026-03-16 23:52:10 | INFO | Episode 116/250 - Reward: 9.35, Length: 11, Loss: 2.4093
2026-03-16 23:52:10 | INFO | Episode 117/250 - Reward: 4.60, Length: 34, Loss: 0.7256
2026-03-16 23:52:11 | INFO | Episode 118/250 - Reward: 8.35, Length: 16, Loss: 1.8057
2026-03-16 23:52:12 | INFO | Episode 119/250 - Reward: -5.30, Length: 40, Loss: -0.3906
2026-03-16 23:52:12 | INFO | Episode 120/250 - Reward: 3.25, Length: 34, Loss: 0.7096
2026-03-16 23:52:13 | INFO | Episode 121/250 - Reward: 7.75, Length: 25, Loss: 1.2878
2026-03-16 23:52:14 | INFO | Episode 122/250 - Reward: -3.95, Length: 40, Loss: -0.4382
2026-03-16 23:52:14 | INFO | Episode 123/250 - Reward: -5.60, Length: 40, Loss: -0.4479
2026-03-16 23:52:15 | INFO | Episode 124/250 - Reward: -5.15, Length: 40, Loss: -0.4809
2026-03-16 23:52:16 | INFO | Episode 125/250 - Reward: -4.70, Length: 40, Loss: -0.4403
2026-03-16 23:52:16 | INFO | Episode 126/250 - Reward: 4.00, Length: 31, Loss: 0.8294
2026-03-16 23:52:16 | INFO | Episode 127/250 - Reward: 6.15, Length: 39, Loss: 0.6208
2026-03-16 23:52:17 | INFO | Episode 128/250 - Reward: -3.65, Length: 40, Loss: -0.3698
2026-03-16 23:52:17 | INFO | Episode 129/250 - Reward: -4.85, Length: 40, Loss: -0.4254
2026-03-16 23:52:18 | INFO | Episode 130/250 - Reward: -3.65, Length: 40, Loss: -0.3553
2026-03-16 23:52:18 | INFO | Episode 131/250 - Reward: -6.95, Length: 40, Loss: -0.4404
2026-03-16 23:52:19 | INFO | Episode 132/250 - Reward: -5.00, Length: 40, Loss: -0.4023
2026-03-16 23:52:20 | INFO | Episode 133/250 - Reward: -3.80, Length: 40, Loss: -0.4663
2026-03-16 23:52:20 | INFO | Episode 134/250 - Reward: -4.10, Length: 40, Loss: -0.4108
2026-03-16 23:52:21 | INFO | Episode 135/250 - Reward: -5.00, Length: 40, Loss: -0.4509
2026-03-16 23:52:22 | INFO | Episode 136/250 - Reward: 2.60, Length: 26, Loss: 0.9392
2026-03-16 23:52:22 | INFO | Episode 137/250 - Reward: 6.55, Length: 37, Loss: 0.7277
2026-03-16 23:52:23 | INFO | Episode 138/250 - Reward: 2.00, Length: 26, Loss: 0.8177
2026-03-16 23:52:24 | INFO | Episode 139/250 - Reward: 7.35, Length: 27, Loss: 1.1172
2026-03-16 23:52:24 | INFO | Episode 140/250 - Reward: -4.40, Length: 40, Loss: -0.4393
2026-03-16 23:52:25 | INFO | Episode 141/250 - Reward: -4.40, Length: 40, Loss: -0.4403
2026-03-16 23:52:26 | INFO | Episode 142/250 - Reward: 2.25, Length: 36, Loss: 0.4794
2026-03-16 23:52:26 | INFO | Episode 143/250 - Reward: -6.65, Length: 40, Loss: -0.5396
2026-03-16 23:52:27 | INFO | Episode 144/250 - Reward: 1.90, Length: 25, Loss: 0.9869
2026-03-16 23:52:28 | INFO | Episode 145/250 - Reward: -6.65, Length: 40, Loss: -0.4363
2026-03-16 23:52:28 | INFO | Episode 146/250 - Reward: -9.80, Length: 40, Loss: -0.2984
2026-03-16 23:52:29 | INFO | Episode 147/250 - Reward: -3.80, Length: 40, Loss: -0.4419
2026-03-16 23:52:30 | INFO | Episode 148/250 - Reward: 8.05, Length: 28, Loss: 1.1197
2026-03-16 23:52:30 | INFO | Episode 149/250 - Reward: -4.25, Length: 40, Loss: -0.4751
2026-03-16 23:52:31 | INFO | Episode 150/250 - Reward: -3.65, Length: 40, Loss: -0.4141
2026-03-16 23:52:31 | INFO | Episode 150/250 - Avg Reward: -1.63, Avg Length: 35.88, Avg Loss: 0.0666
2026-03-16 23:52:31 | INFO | Episode 151/250 - Reward: -1.05, Length: 39, Loss: 0.2053
2026-03-16 23:52:32 | INFO | Episode 152/250 - Reward: -5.30, Length: 40, Loss: -0.4408
2026-03-16 23:52:33 | INFO | Episode 153/250 - Reward: 6.15, Length: 36, Loss: 0.7112
2026-03-16 23:52:33 | INFO | Episode 154/250 - Reward: -6.05, Length: 40, Loss: -0.4115
2026-03-16 23:52:34 | INFO | Episode 155/250 - Reward: 4.90, Length: 31, Loss: 0.8775
2026-03-16 23:52:35 | INFO | Episode 156/250 - Reward: -4.55, Length: 40, Loss: -0.5919
2026-03-16 23:52:35 | INFO | Episode 157/250 - Reward: -5.75, Length: 40, Loss: -0.4472
2026-03-16 23:52:36 | INFO | Episode 158/250 - Reward: 6.75, Length: 30, Loss: 1.0293
2026-03-16 23:52:37 | INFO | Episode 159/250 - Reward: 4.85, Length: 17, Loss: 1.7005
2026-03-16 23:52:37 | INFO | Episode 160/250 - Reward: -9.35, Length: 40, Loss: -0.5025
2026-03-16 23:52:38 | INFO | Episode 161/250 - Reward: 5.40, Length: 27, Loss: 1.1454
2026-03-16 23:52:39 | INFO | Episode 162/250 - Reward: -4.85, Length: 40, Loss: -0.4960
2026-03-16 23:52:40 | INFO | Episode 163/250 - Reward: 8.15, Length: 17, Loss: 1.8313
2026-03-16 23:52:40 | INFO | Episode 164/250 - Reward: 7.25, Length: 32, Loss: 0.9164
2026-03-16 23:52:41 | INFO | Episode 165/250 - Reward: -6.20, Length: 40, Loss: -0.5691
2026-03-16 23:52:42 | INFO | Episode 166/250 - Reward: -7.70, Length: 40, Loss: -0.2292
2026-03-16 23:52:42 | INFO | Episode 167/250 - Reward: 6.95, Length: 32, Loss: 0.9584
2026-03-16 23:52:43 | INFO | Episode 168/250 - Reward: 3.65, Length: 29, Loss: 0.9318
2026-03-16 23:52:44 | INFO | Episode 169/250 - Reward: 6.30, Length: 18, Loss: 1.5897
2026-03-16 23:52:45 | INFO | Episode 170/250 - Reward: 6.30, Length: 18, Loss: 1.5415
2026-03-16 23:52:45 | INFO | Episode 171/250 - Reward: -5.15, Length: 40, Loss: -0.4815
2026-03-16 23:52:46 | INFO | Episode 172/250 - Reward: -4.40, Length: 40, Loss: -0.5153
2026-03-16 23:52:47 | INFO | Episode 173/250 - Reward: -5.45, Length: 40, Loss: -0.4722
2026-03-16 23:52:47 | INFO | Episode 174/250 - Reward: 4.60, Length: 34, Loss: 0.7586
2026-03-16 23:52:47 | INFO | Episode 175/250 - Reward: -3.80, Length: 40, Loss: -0.4695
2026-03-16 23:52:48 | INFO | Episode 176/250 - Reward: -5.15, Length: 40, Loss: -0.3957
2026-03-16 23:52:48 | INFO | Episode 177/250 - Reward: 6.45, Length: 27, Loss: 1.1080
2026-03-16 23:52:49 | INFO | Episode 178/250 - Reward: 8.75, Length: 17, Loss: 1.8101
2026-03-16 23:52:50 | INFO | Episode 179/250 - Reward: -4.70, Length: 40, Loss: -0.5545
2026-03-16 23:52:50 | INFO | Episode 180/250 - Reward: -4.40, Length: 40, Loss: -0.4944
2026-03-16 23:52:51 | INFO | Episode 181/250 - Reward: 5.10, Length: 39, Loss: 0.5450
2026-03-16 23:52:52 | INFO | Episode 182/250 - Reward: -11.15, Length: 40, Loss: -0.4576
2026-03-16 23:52:52 | INFO | Episode 183/250 - Reward: 7.75, Length: 22, Loss: 1.4014
2026-03-16 23:52:53 | INFO | Episode 184/250 - Reward: 7.15, Length: 28, Loss: 1.0432
2026-03-16 23:52:54 | INFO | Episode 185/250 - Reward: -4.85, Length: 40, Loss: -0.3304
2026-03-16 23:52:55 | INFO | Episode 186/250 - Reward: 8.05, Length: 19, Loss: 1.5299
2026-03-16 23:52:55 | INFO | Episode 187/250 - Reward: -3.35, Length: 40, Loss: -0.4622
2026-03-16 23:52:56 | INFO | Episode 188/250 - Reward: -4.10, Length: 40, Loss: -0.3019
2026-03-16 23:52:57 | INFO | Episode 189/250 - Reward: 3.85, Length: 25, Loss: 1.0806
2026-03-16 23:52:57 | INFO | Episode 190/250 - Reward: -3.80, Length: 40, Loss: -0.4260
2026-03-16 23:52:58 | INFO | Episode 191/250 - Reward: 4.55, Length: 17, Loss: 1.5028
2026-03-16 23:52:59 | INFO | Episode 192/250 - Reward: 6.65, Length: 26, Loss: 1.2146
2026-03-16 23:52:59 | INFO | Episode 193/250 - Reward: 2.40, Length: 24, Loss: 0.9291
2026-03-16 23:53:00 | INFO | Episode 194/250 - Reward: -6.05, Length: 40, Loss: -0.5218
2026-03-16 23:53:01 | INFO | Episode 195/250 - Reward: 4.95, Length: 18, Loss: 1.5649
2026-03-16 23:53:02 | INFO | Episode 196/250 - Reward: 8.55, Length: 15, Loss: 1.6719
2026-03-16 23:53:02 | INFO | Episode 197/250 - Reward: 4.85, Length: 17, Loss: 1.6028
2026-03-16 23:53:03 | INFO | Episode 198/250 - Reward: 8.55, Length: 18, Loss: 1.6774
2026-03-16 23:53:04 | INFO | Episode 199/250 - Reward: -5.90, Length: 40, Loss: -0.3977
2026-03-16 23:53:04 | INFO | Episode 200/250 - Reward: 9.25, Length: 10, Loss: 2.0796
2026-03-16 23:53:04 | INFO | Episode 200/250 - Avg Reward: 0.90, Avg Length: 31.24, Avg Loss: 0.4998
2026-03-16 23:53:05 | INFO | Episode 201/250 - Reward: -4.85, Length: 40, Loss: -0.4384
2026-03-16 23:53:06 | INFO | Episode 202/250 - Reward: 3.95, Length: 23, Loss: 1.1938
2026-03-16 23:53:07 | INFO | Episode 203/250 - Reward: 3.55, Length: 28, Loss: 0.9955
2026-03-16 23:53:07 | INFO | Episode 204/250 - Reward: 6.40, Length: 22, Loss: 1.4497
2026-03-16 23:53:08 | INFO | Episode 205/250 - Reward: 6.65, Length: 32, Loss: 0.8233
2026-03-16 23:53:09 | INFO | Episode 206/250 - Reward: 2.60, Length: 20, Loss: 1.3807
2026-03-16 23:53:09 | INFO | Episode 207/250 - Reward: 5.90, Length: 23, Loss: 1.2197
2026-03-16 23:53:10 | INFO | Episode 208/250 - Reward: 5.00, Length: 29, Loss: 0.8865
2026-03-16 23:53:11 | INFO | Episode 209/250 - Reward: 8.75, Length: 17, Loss: 1.5711
2026-03-16 23:53:12 | INFO | Episode 210/250 - Reward: 8.05, Length: 19, Loss: 1.4600
2026-03-16 23:53:12 | INFO | Episode 211/250 - Reward: 5.00, Length: 32, Loss: 0.8254
2026-03-16 23:53:13 | INFO | Episode 212/250 - Reward: 8.65, Length: 16, Loss: 1.6691
2026-03-16 23:53:14 | INFO | Episode 213/250 - Reward: 8.15, Length: 17, Loss: 1.4853
2026-03-16 23:53:14 | INFO | Episode 214/250 - Reward: 7.65, Length: 21, Loss: 1.3186
2026-03-16 23:53:15 | INFO | Episode 215/250 - Reward: -5.60, Length: 40, Loss: -0.5394
2026-03-16 23:53:16 | INFO | Episode 216/250 - Reward: 8.25, Length: 18, Loss: 1.5293
2026-03-16 23:53:16 | INFO | Episode 217/250 - Reward: 4.35, Length: 39, Loss: 0.4857
2026-03-16 23:53:17 | INFO | Episode 218/250 - Reward: -4.10, Length: 40, Loss: -0.4171
2026-03-16 23:53:18 | INFO | Episode 219/250 - Reward: -6.20, Length: 40, Loss: -0.4357
2026-03-16 23:53:19 | INFO | Episode 220/250 - Reward: -7.10, Length: 40, Loss: -0.2499
2026-03-16 23:53:18 | INFO | Episode 221/250 - Reward: 8.75, Length: 17, Loss: 1.6215
2026-03-16 23:53:19 | INFO | Episode 222/250 - Reward: -1.15, Length: 32, Loss: 0.3912
2026-03-16 23:53:20 | INFO | Episode 223/250 - Reward: 7.10, Length: 11, Loss: 1.9899
2026-03-16 23:53:20 | INFO | Episode 224/250 - Reward: 8.45, Length: 20, Loss: 1.5373
2026-03-16 23:53:21 | INFO | Episode 225/250 - Reward: 4.90, Length: 34, Loss: 0.8115
2026-03-16 23:53:22 | INFO | Episode 226/250 - Reward: 6.90, Length: 15, Loss: 1.6957
2026-03-16 23:53:22 | INFO | Episode 227/250 - Reward: 9.35, Length: 11, Loss: 1.9365
2026-03-16 23:53:23 | INFO | Episode 228/250 - Reward: -6.05, Length: 40, Loss: -0.3933
2026-03-16 23:53:24 | INFO | Episode 229/250 - Reward: 8.45, Length: 14, Loss: 1.4464
2026-03-16 23:53:24 | INFO | Episode 230/250 - Reward: 5.65, Length: 31, Loss: 0.9234
2026-03-16 23:53:25 | INFO | Episode 231/250 - Reward: 7.05, Length: 27, Loss: 1.0843
2026-03-16 23:53:26 | INFO | Episode 232/250 - Reward: 8.45, Length: 17, Loss: 1.6781
2026-03-16 23:53:27 | INFO | Episode 233/250 - Reward: 9.45, Length: 9, Loss: 1.8930
2026-03-16 23:53:27 | INFO | Episode 234/250 - Reward: -5.75, Length: 40, Loss: -0.4534
2026-03-16 23:53:28 | INFO | Episode 235/250 - Reward: 8.15, Length: 20, Loss: 1.4440
2026-03-16 23:53:29 | INFO | Episode 236/250 - Reward: -6.95, Length: 40, Loss: -0.3548
2026-03-16 23:53:29 | INFO | Episode 237/250 - Reward: 6.00, Length: 24, Loss: 1.2186
2026-03-16 23:53:30 | INFO | Episode 238/250 - Reward: 5.45, Length: 11, Loss: 2.1054
2026-03-16 23:53:31 | INFO | Episode 239/250 - Reward: -1.10, Length: 22, Loss: 0.5628
2026-03-16 23:53:32 | INFO | Episode 240/250 - Reward: 6.90, Length: 18, Loss: 1.6522
2026-03-16 23:53:33 | INFO | Episode 241/250 - Reward: -6.20, Length: 40, Loss: -0.3932
2026-03-16 23:53:33 | INFO | Episode 242/250 - Reward: 7.35, Length: 30, Loss: 1.0342
2026-03-16 23:53:34 | INFO | Episode 243/250 - Reward: 2.95, Length: 34, Loss: 0.7425
2026-03-16 23:53:35 | INFO | Episode 244/250 - Reward: 8.05, Length: 19, Loss: 1.4074
2026-03-16 23:53:36 | INFO | Episode 245/250 - Reward: 9.15, Length: 12, Loss: 1.8866
2026-03-16 23:53:36 | INFO | Episode 246/250 - Reward: 4.85, Length: 17, Loss: 1.6235
2026-03-16 23:53:37 | INFO | Episode 247/250 - Reward: 6.20, Length: 20, Loss: 1.6008
2026-03-16 23:53:38 | INFO | Episode 248/250 - Reward: 9.15, Length: 12, Loss: 1.9024
2026-03-16 23:53:38 | INFO | Episode 249/250 - Reward: 9.25, Length: 10, Loss: 1.7104
2026-03-16 23:53:39 | INFO | Episode 250/250 - Reward: 4.10, Length: 32, Loss: 0.7168
2026-03-16 23:53:39 | INFO | Episode 250/250 - Avg Reward: 4.20, Avg Length: 24.70, Avg Loss: 1.0247
