2026-03-16 23:44:37 | INFO | ============================================================
2026-03-16 23:44:37 | INFO | DEVICE / COMPUTE INFORMATION
2026-03-16 23:44:37 | INFO |   JAX backend       : GPU
2026-03-16 23:44:37 | INFO |   Platform          : gpu
2026-03-16 23:44:37 | INFO |   Num devices       : 1
2026-03-16 23:44:37 | INFO |   Device            : cuda:0
2026-03-16 23:44:37 | INFO |   GPU name          : NVIDIA GeForce RTX 5060 Laptop GPU
2026-03-16 23:44:37 | INFO | ============================================================
2026-03-16 23:44:37 | INFO | ✓ JAX GPU backend confirmed.
2026-03-16 23:44:39 | INFO | REINFORCE seed=1_gamma=0.9_lr=0.001
2026-03-16 23:44:44 | INFO | Episode 1/250 - Reward: -3.80, Length: 40, Loss: -0.5583
2026-03-16 23:44:44 | INFO | Episode 2/250 - Reward: -4.70, Length: 40, Loss: -0.5510
2026-03-16 23:44:45 | INFO | Episode 3/250 - Reward: -4.85, Length: 40, Loss: -0.6149
2026-03-16 23:44:46 | INFO | Episode 4/250 - Reward: -5.15, Length: 40, Loss: -0.5831
2026-03-16 23:44:46 | INFO | Episode 5/250 - Reward: -3.65, Length: 40, Loss: -0.5321
2026-03-16 23:44:47 | INFO | Episode 6/250 - Reward: -4.55, Length: 40, Loss: -0.5230
2026-03-16 23:44:48 | INFO | Episode 7/250 - Reward: -3.50, Length: 40, Loss: -0.5816
2026-03-16 23:44:48 | INFO | Episode 8/250 - Reward: 8.15, Length: 26, Loss: 0.8102
2026-03-16 23:44:49 | INFO | Episode 9/250 - Reward: -6.50, Length: 40, Loss: -0.5741
2026-03-16 23:44:50 | INFO | Episode 10/250 - Reward: -4.85, Length: 40, Loss: -0.5964
2026-03-16 23:44:51 | INFO | Episode 11/250 - Reward: -3.65, Length: 40, Loss: -0.5384
2026-03-16 23:44:51 | INFO | Episode 12/250 - Reward: -10.40, Length: 40, Loss: -0.4669
2026-03-16 23:44:52 | INFO | Episode 13/250 - Reward: -6.95, Length: 40, Loss: -0.6349
2026-03-16 23:44:53 | INFO | Episode 14/250 - Reward: -4.70, Length: 40, Loss: -0.6053
2026-03-16 23:44:53 | INFO | Episode 15/250 - Reward: -3.80, Length: 40, Loss: -0.6050
2026-03-16 23:44:54 | INFO | Episode 16/250 - Reward: 1.80, Length: 30, Loss: 0.2252
2026-03-16 23:44:55 | INFO | Episode 17/250 - Reward: -3.80, Length: 40, Loss: -0.5409
2026-03-16 23:44:55 | INFO | Episode 18/250 - Reward: 6.05, Length: 35, Loss: 0.3156
2026-03-16 23:44:56 | INFO | Episode 19/250 - Reward: -5.45, Length: 40, Loss: -0.5799
2026-03-16 23:44:57 | INFO | Episode 20/250 - Reward: -4.55, Length: 40, Loss: -0.5595
2026-03-16 23:44:57 | INFO | Episode 21/250 - Reward: -9.80, Length: 40, Loss: -0.4166
2026-03-16 23:44:57 | INFO | Episode 22/250 - Reward: -3.65, Length: 40, Loss: -0.4722
2026-03-16 23:44:58 | INFO | Episode 23/250 - Reward: -4.55, Length: 40, Loss: -0.5812
2026-03-16 23:44:58 | INFO | Episode 24/250 - Reward: -5.00, Length: 40, Loss: -0.5748
2026-03-16 23:44:59 | INFO | Episode 25/250 - Reward: 5.65, Length: 34, Loss: 0.3120
2026-03-16 23:45:00 | INFO | Episode 26/250 - Reward: -15.50, Length: 40, Loss: -0.4163
2026-03-16 23:45:00 | INFO | Episode 27/250 - Reward: -4.85, Length: 40, Loss: -0.5463
2026-03-16 23:45:01 | INFO | Episode 28/250 - Reward: -4.40, Length: 40, Loss: -0.5556
2026-03-16 23:45:02 | INFO | Episode 29/250 - Reward: -4.70, Length: 40, Loss: -0.5669
2026-03-16 23:45:02 | INFO | Episode 30/250 - Reward: -4.40, Length: 40, Loss: -0.4318
2026-03-16 23:45:03 | INFO | Episode 31/250 - Reward: -4.55, Length: 40, Loss: -0.5274
2026-03-16 23:45:04 | INFO | Episode 32/250 - Reward: -6.20, Length: 40, Loss: -0.5442
2026-03-16 23:45:04 | INFO | Episode 33/250 - Reward: 4.45, Length: 19, Loss: 1.0419
2026-03-16 23:45:05 | INFO | Episode 34/250 - Reward: 6.55, Length: 31, Loss: 0.4639
2026-03-16 23:45:06 | INFO | Episode 35/250 - Reward: -3.50, Length: 40, Loss: -0.5524
2026-03-16 23:45:06 | INFO | Episode 36/250 - Reward: -5.45, Length: 40, Loss: -0.4959
2026-03-16 23:45:07 | INFO | Episode 37/250 - Reward: -5.60, Length: 40, Loss: -0.5800
2026-03-16 23:45:08 | INFO | Episode 38/250 - Reward: -5.60, Length: 40, Loss: -0.4141
2026-03-16 23:45:08 | INFO | Episode 39/250 - Reward: -3.35, Length: 40, Loss: -0.5093
2026-03-16 23:45:09 | INFO | Episode 40/250 - Reward: -3.50, Length: 40, Loss: -0.5524
2026-03-16 23:45:10 | INFO | Episode 41/250 - Reward: -4.70, Length: 40, Loss: -0.5603
2026-03-16 23:45:10 | INFO | Episode 42/250 - Reward: -3.65, Length: 40, Loss: -0.4984
2026-03-16 23:45:11 | INFO | Episode 43/250 - Reward: -6.20, Length: 40, Loss: -0.5209
2026-03-16 23:45:12 | INFO | Episode 44/250 - Reward: -4.85, Length: 40, Loss: -0.5332
2026-03-16 23:45:12 | INFO | Episode 45/250 - Reward: -5.45, Length: 40, Loss: -0.5827
2026-03-16 23:45:13 | INFO | Episode 46/250 - Reward: -1.55, Length: 37, Loss: 0.0080
2026-03-16 23:45:14 | INFO | Episode 47/250 - Reward: -4.70, Length: 40, Loss: -0.5561
2026-03-16 23:45:14 | INFO | Episode 48/250 - Reward: -4.25, Length: 40, Loss: -0.5382
2026-03-16 23:45:15 | INFO | Episode 49/250 - Reward: -4.85, Length: 40, Loss: -0.5716
2026-03-16 23:45:16 | INFO | Episode 50/250 - Reward: -4.10, Length: 40, Loss: -0.4866
2026-03-16 23:45:16 | INFO | Episode 50/250 - Avg Reward: -3.82, Avg Length: 38.64, Avg Loss: -0.4011
2026-03-16 23:45:17 | INFO | Episode 51/250 - Reward: -5.15, Length: 40, Loss: -0.5261
2026-03-16 23:45:17 | INFO | Episode 52/250 - Reward: -3.65, Length: 40, Loss: -0.6042
2026-03-16 23:45:18 | INFO | Episode 53/250 - Reward: -5.15, Length: 40, Loss: -0.6119
2026-03-16 23:45:19 | INFO | Episode 54/250 - Reward: -9.65, Length: 40, Loss: -0.4245
2026-03-16 23:45:19 | INFO | Episode 55/250 - Reward: -4.85, Length: 40, Loss: -0.5750
2026-03-16 23:45:20 | INFO | Episode 56/250 - Reward: -3.20, Length: 40, Loss: -0.5300
2026-03-16 23:45:21 | INFO | Episode 57/250 - Reward: -3.95, Length: 40, Loss: -0.5739
2026-03-16 23:45:21 | INFO | Episode 58/250 - Reward: 4.70, Length: 32, Loss: 0.3819
2026-03-16 23:45:22 | INFO | Episode 59/250 - Reward: -3.95, Length: 40, Loss: -0.5524
2026-03-16 23:45:23 | INFO | Episode 60/250 - Reward: 6.30, Length: 24, Loss: 0.8444
2026-03-16 23:45:23 | INFO | Episode 61/250 - Reward: -3.80, Length: 40, Loss: -0.5888
2026-03-16 23:45:24 | INFO | Episode 62/250 - Reward: -7.40, Length: 40, Loss: -0.4633
2026-03-16 23:45:25 | INFO | Episode 63/250 - Reward: -6.35, Length: 40, Loss: -0.4246
2026-03-16 23:45:25 | INFO | Episode 64/250 - Reward: -4.25, Length: 40, Loss: -0.4858
2026-03-16 23:45:26 | INFO | Episode 65/250 - Reward: -4.55, Length: 40, Loss: -0.4892
2026-03-16 23:45:27 | INFO | Episode 66/250 - Reward: -5.15, Length: 40, Loss: -0.5999
2026-03-16 23:45:27 | INFO | Episode 67/250 - Reward: -6.35, Length: 40, Loss: -0.6150
2026-03-16 23:45:28 | INFO | Episode 68/250 - Reward: 1.10, Length: 32, Loss: 0.1643
2026-03-16 23:45:29 | INFO | Episode 69/250 - Reward: -5.60, Length: 40, Loss: -0.5419
2026-03-16 23:45:28 | INFO | Episode 70/250 - Reward: -4.25, Length: 40, Loss: -0.5069
2026-03-16 23:45:29 | INFO | Episode 71/250 - Reward: -4.25, Length: 40, Loss: -0.5684
2026-03-16 23:45:30 | INFO | Episode 72/250 - Reward: -4.55, Length: 40, Loss: -0.5086
2026-03-16 23:45:30 | INFO | Episode 73/250 - Reward: -5.60, Length: 40, Loss: -0.4499
2026-03-16 23:45:31 | INFO | Episode 74/250 - Reward: 6.85, Length: 37, Loss: 0.2780
2026-03-16 23:45:32 | INFO | Episode 75/250 - Reward: -4.70, Length: 40, Loss: -0.5174
2026-03-16 23:45:32 | INFO | Episode 76/250 - Reward: -4.40, Length: 40, Loss: -0.5265
2026-03-16 23:45:33 | INFO | Episode 77/250 - Reward: -4.10, Length: 40, Loss: -0.5982
2026-03-16 23:45:34 | INFO | Episode 78/250 - Reward: -4.10, Length: 40, Loss: -0.4835
2026-03-16 23:45:34 | INFO | Episode 79/250 - Reward: -8.30, Length: 40, Loss: -0.3805
2026-03-16 23:45:35 | INFO | Episode 80/250 - Reward: -3.80, Length: 40, Loss: -0.4899
2026-03-16 23:45:36 | INFO | Episode 81/250 - Reward: 8.85, Length: 15, Loss: 1.8294
2026-03-16 23:45:36 | INFO | Episode 82/250 - Reward: -5.45, Length: 40, Loss: -0.4772
2026-03-16 23:45:37 | INFO | Episode 83/250 - Reward: -5.45, Length: 40, Loss: -0.5553
2026-03-16 23:45:38 | INFO | Episode 84/250 - Reward: -4.55, Length: 40, Loss: -0.5403
2026-03-16 23:45:38 | INFO | Episode 85/250 - Reward: -5.00, Length: 40, Loss: -0.5431
2026-03-16 23:45:39 | INFO | Episode 86/250 - Reward: -4.10, Length: 40, Loss: -0.4695
2026-03-16 23:45:40 | INFO | Episode 87/250 - Reward: 4.15, Length: 25, Loss: 0.5868
2026-03-16 23:45:41 | INFO | Episode 88/250 - Reward: -3.65, Length: 40, Loss: -0.5241
2026-03-16 23:45:41 | INFO | Episode 89/250 - Reward: -10.55, Length: 40, Loss: -0.5653
2026-03-16 23:45:42 | INFO | Episode 90/250 - Reward: -7.55, Length: 40, Loss: -0.3981
2026-03-16 23:45:42 | INFO | Episode 91/250 - Reward: -6.05, Length: 40, Loss: -0.5049
2026-03-16 23:45:43 | INFO | Episode 92/250 - Reward: -4.55, Length: 40, Loss: -0.5490
2026-03-16 23:45:44 | INFO | Episode 93/250 - Reward: -4.40, Length: 40, Loss: -0.5799
2026-03-16 23:45:45 | INFO | Episode 94/250 - Reward: -5.00, Length: 40, Loss: -0.5550
2026-03-16 23:45:45 | INFO | Episode 95/250 - Reward: -4.55, Length: 40, Loss: -0.5335
2026-03-16 23:45:46 | INFO | Episode 96/250 - Reward: 5.90, Length: 23, Loss: 0.8031
2026-03-16 23:45:47 | INFO | Episode 97/250 - Reward: 4.00, Length: 34, Loss: 0.2626
2026-03-16 23:45:47 | INFO | Episode 98/250 - Reward: -4.55, Length: 40, Loss: -0.5835
2026-03-16 23:45:48 | INFO | Episode 99/250 - Reward: -7.55, Length: 40, Loss: -0.5108
2026-03-16 23:45:49 | INFO | Episode 100/250 - Reward: -5.45, Length: 40, Loss: -0.5842
2026-03-16 23:45:49 | INFO | Episode 100/250 - Avg Reward: -3.55, Avg Length: 38.04, Avg Loss: -0.3392
2026-03-16 23:45:49 | INFO | Episode 101/250 - Reward: -5.00, Length: 40, Loss: -0.5282
2026-03-16 23:45:50 | INFO | Episode 102/250 - Reward: -4.10, Length: 40, Loss: -0.5342
2026-03-16 23:45:51 | INFO | Episode 103/250 - Reward: -4.55, Length: 40, Loss: -0.6137
2026-03-16 23:45:51 | INFO | Episode 104/250 - Reward: -5.15, Length: 40, Loss: -0.5477
2026-03-16 23:45:52 | INFO | Episode 105/250 - Reward: -3.80, Length: 40, Loss: -0.5334
2026-03-16 23:45:53 | INFO | Episode 106/250 - Reward: -5.45, Length: 40, Loss: -0.6041
2026-03-16 23:45:53 | INFO | Episode 107/250 - Reward: -5.75, Length: 40, Loss: -0.5777
2026-03-16 23:45:54 | INFO | Episode 108/250 - Reward: -5.90, Length: 40, Loss: -0.4192
2026-03-16 23:45:55 | INFO | Episode 109/250 - Reward: -6.20, Length: 40, Loss: -0.4515
2026-03-16 23:45:55 | INFO | Episode 110/250 - Reward: -6.20, Length: 40, Loss: -0.5969
2026-03-16 23:45:56 | INFO | Episode 111/250 - Reward: 9.15, Length: 12, Loss: 2.2251
2026-03-16 23:45:57 | INFO | Episode 112/250 - Reward: -5.45, Length: 40, Loss: -0.5361
2026-03-16 23:45:57 | INFO | Episode 113/250 - Reward: -6.05, Length: 40, Loss: -0.5354
2026-03-16 23:45:58 | INFO | Episode 114/250 - Reward: -6.05, Length: 40, Loss: -0.5029
2026-03-16 23:45:59 | INFO | Episode 115/250 - Reward: 0.80, Length: 35, Loss: 0.0565
2026-03-16 23:45:59 | INFO | Episode 116/250 - Reward: -5.15, Length: 40, Loss: -0.5369
2026-03-16 23:46:00 | INFO | Episode 117/250 - Reward: -4.85, Length: 40, Loss: -0.5336
2026-03-16 23:46:00 | INFO | Episode 118/250 - Reward: 6.95, Length: 26, Loss: 0.7295
2026-03-16 23:46:00 | INFO | Episode 119/250 - Reward: -3.65, Length: 40, Loss: -0.5582
2026-03-16 23:46:01 | INFO | Episode 120/250 - Reward: -6.80, Length: 40, Loss: -0.5664
2026-03-16 23:46:02 | INFO | Episode 121/250 - Reward: -3.80, Length: 40, Loss: -0.6068
2026-03-16 23:46:02 | INFO | Episode 122/250 - Reward: -3.50, Length: 40, Loss: -0.5268
2026-03-16 23:46:03 | INFO | Episode 123/250 - Reward: -5.30, Length: 40, Loss: -0.5341
2026-03-16 23:46:04 | INFO | Episode 124/250 - Reward: -4.85, Length: 40, Loss: -0.5070
2026-03-16 23:46:04 | INFO | Episode 125/250 - Reward: -4.10, Length: 40, Loss: -0.5411
2026-03-16 23:46:05 | INFO | Episode 126/250 - Reward: 4.00, Length: 31, Loss: 0.3004
2026-03-16 23:46:06 | INFO | Episode 127/250 - Reward: 6.15, Length: 39, Loss: 0.2059
2026-03-16 23:46:07 | INFO | Episode 128/250 - Reward: -4.40, Length: 40, Loss: -0.5909
2026-03-16 23:46:07 | INFO | Episode 129/250 - Reward: -4.85, Length: 40, Loss: -0.5526
2026-03-16 23:46:08 | INFO | Episode 130/250 - Reward: -2.90, Length: 40, Loss: -0.5200
2026-03-16 23:46:09 | INFO | Episode 131/250 - Reward: -6.95, Length: 40, Loss: -0.5759
2026-03-16 23:46:09 | INFO | Episode 132/250 - Reward: -4.40, Length: 40, Loss: -0.5118
2026-03-16 23:46:10 | INFO | Episode 133/250 - Reward: -4.10, Length: 40, Loss: -0.5337
2026-03-16 23:46:11 | INFO | Episode 134/250 - Reward: -3.50, Length: 40, Loss: -0.4933
2026-03-16 23:46:11 | INFO | Episode 135/250 - Reward: -5.00, Length: 40, Loss: -0.5145
2026-03-16 23:46:12 | INFO | Episode 136/250 - Reward: -9.65, Length: 40, Loss: -0.5238
2026-03-16 23:46:13 | INFO | Episode 137/250 - Reward: -4.10, Length: 40, Loss: -0.6200
2026-03-16 23:46:13 | INFO | Episode 138/250 - Reward: 3.95, Length: 29, Loss: 0.4007
2026-03-16 23:46:14 | INFO | Episode 139/250 - Reward: 7.65, Length: 27, Loss: 0.7244
2026-03-16 23:46:15 | INFO | Episode 140/250 - Reward: -4.10, Length: 40, Loss: -0.5550
2026-03-16 23:46:15 | INFO | Episode 141/250 - Reward: -4.85, Length: 40, Loss: -0.5982
2026-03-16 23:46:16 | INFO | Episode 142/250 - Reward: -4.55, Length: 40, Loss: -0.5923
2026-03-16 23:46:17 | INFO | Episode 143/250 - Reward: -6.65, Length: 40, Loss: -0.5683
2026-03-16 23:46:17 | INFO | Episode 144/250 - Reward: -6.80, Length: 40, Loss: -0.2605
2026-03-16 23:46:18 | INFO | Episode 145/250 - Reward: 7.15, Length: 28, Loss: 0.6349
2026-03-16 23:46:19 | INFO | Episode 146/250 - Reward: -10.10, Length: 40, Loss: -0.3720
2026-03-16 23:46:19 | INFO | Episode 147/250 - Reward: -4.10, Length: 40, Loss: -0.5391
2026-03-16 23:46:20 | INFO | Episode 148/250 - Reward: -3.65, Length: 40, Loss: -0.4916
2026-03-16 23:46:21 | INFO | Episode 149/250 - Reward: -4.55, Length: 40, Loss: -0.5833
2026-03-16 23:46:21 | INFO | Episode 150/250 - Reward: -4.25, Length: 40, Loss: -0.5234
2026-03-16 23:46:21 | INFO | Episode 150/250 - Avg Reward: -3.39, Avg Length: 38.14, Avg Loss: -0.3427
2026-03-16 23:46:22 | INFO | Episode 151/250 - Reward: -3.95, Length: 40, Loss: -0.5750
2026-03-16 23:46:23 | INFO | Episode 152/250 - Reward: -4.85, Length: 40, Loss: -0.5414
2026-03-16 23:46:23 | INFO | Episode 153/250 - Reward: -6.05, Length: 40, Loss: -0.5395
2026-03-16 23:46:24 | INFO | Episode 154/250 - Reward: -5.90, Length: 40, Loss: -0.5288
2026-03-16 23:46:25 | INFO | Episode 155/250 - Reward: 2.65, Length: 31, Loss: 0.2465
2026-03-16 23:46:25 | INFO | Episode 156/250 - Reward: -5.15, Length: 40, Loss: -0.5831
2026-03-16 23:46:26 | INFO | Episode 157/250 - Reward: -3.20, Length: 40, Loss: -0.4966
2026-03-16 23:46:27 | INFO | Episode 158/250 - Reward: 6.45, Length: 30, Loss: 0.4978
2026-03-16 23:46:27 | INFO | Episode 159/250 - Reward: 7.45, Length: 25, Loss: 0.8311
2026-03-16 23:46:28 | INFO | Episode 160/250 - Reward: -3.95, Length: 40, Loss: -0.5369
2026-03-16 23:46:29 | INFO | Episode 161/250 - Reward: -11.45, Length: 40, Loss: -0.4840
2026-03-16 23:46:29 | INFO | Episode 162/250 - Reward: -4.40, Length: 40, Loss: -0.5607
2026-03-16 23:46:30 | INFO | Episode 163/250 - Reward: 5.80, Length: 22, Loss: 0.8553
2026-03-16 23:46:31 | INFO | Episode 164/250 - Reward: -4.85, Length: 40, Loss: -0.5419
2026-03-16 23:46:31 | INFO | Episode 165/250 - Reward: -4.85, Length: 40, Loss: -0.4965
2026-03-16 23:46:31 | INFO | Episode 166/250 - Reward: -7.40, Length: 40, Loss: -0.3158
2026-03-16 23:46:32 | INFO | Episode 167/250 - Reward: -7.70, Length: 40, Loss: -0.5018
2026-03-16 23:46:32 | INFO | Episode 168/250 - Reward: 1.00, Length: 34, Loss: 0.1043
2026-03-16 23:46:33 | INFO | Episode 169/250 - Reward: 3.85, Length: 28, Loss: 0.3958
2026-03-16 23:46:34 | INFO | Episode 170/250 - Reward: -5.30, Length: 40, Loss: -0.5343
2026-03-16 23:46:34 | INFO | Episode 171/250 - Reward: -4.85, Length: 40, Loss: -0.6238
2026-03-16 23:46:35 | INFO | Episode 172/250 - Reward: -4.40, Length: 40, Loss: -0.5805
2026-03-16 23:46:36 | INFO | Episode 173/250 - Reward: -3.05, Length: 40, Loss: -0.5151
2026-03-16 23:46:37 | INFO | Episode 174/250 - Reward: 4.40, Length: 35, Loss: 0.2650
2026-03-16 23:46:37 | INFO | Episode 175/250 - Reward: -5.00, Length: 40, Loss: -0.5246
2026-03-16 23:46:38 | INFO | Episode 176/250 - Reward: -5.00, Length: 40, Loss: -0.5412
2026-03-16 23:46:39 | INFO | Episode 177/250 - Reward: -5.60, Length: 40, Loss: -0.5089
2026-03-16 23:46:39 | INFO | Episode 178/250 - Reward: 2.45, Length: 38, Loss: 0.1027
2026-03-16 23:46:40 | INFO | Episode 179/250 - Reward: -5.00, Length: 40, Loss: -0.5746
2026-03-16 23:46:41 | INFO | Episode 180/250 - Reward: -5.45, Length: 40, Loss: -0.5622
2026-03-16 23:46:41 | INFO | Episode 181/250 - Reward: -5.15, Length: 40, Loss: -0.5477
2026-03-16 23:46:42 | INFO | Episode 182/250 - Reward: -5.45, Length: 40, Loss: -0.5301
2026-03-16 23:46:43 | INFO | Episode 183/250 - Reward: -4.10, Length: 40, Loss: -0.5020
2026-03-16 23:46:44 | INFO | Episode 184/250 - Reward: -3.95, Length: 40, Loss: -0.4912
2026-03-16 23:46:44 | INFO | Episode 185/250 - Reward: -4.25, Length: 40, Loss: -0.5200
2026-03-16 23:46:45 | INFO | Episode 186/250 - Reward: -5.90, Length: 40, Loss: -0.5808
2026-03-16 23:46:46 | INFO | Episode 187/250 - Reward: -3.95, Length: 40, Loss: -0.5495
2026-03-16 23:46:46 | INFO | Episode 188/250 - Reward: -3.95, Length: 40, Loss: -0.4852
2026-03-16 23:46:47 | INFO | Episode 189/250 - Reward: 3.85, Length: 25, Loss: 0.5412
2026-03-16 23:46:48 | INFO | Episode 190/250 - Reward: -4.70, Length: 40, Loss: -0.5501
2026-03-16 23:46:48 | INFO | Episode 191/250 - Reward: -5.15, Length: 40, Loss: -0.5260
2026-03-16 23:46:49 | INFO | Episode 192/250 - Reward: -6.05, Length: 40, Loss: -0.4889
2026-03-16 23:46:50 | INFO | Episode 193/250 - Reward: -4.10, Length: 40, Loss: -0.5968
2026-03-16 23:46:50 | INFO | Episode 194/250 - Reward: -6.05, Length: 40, Loss: -0.5715
2026-03-16 23:46:51 | INFO | Episode 195/250 - Reward: -5.15, Length: 40, Loss: -0.5894
2026-03-16 23:46:52 | INFO | Episode 196/250 - Reward: -6.20, Length: 34, Loss: -0.1093
2026-03-16 23:46:52 | INFO | Episode 197/250 - Reward: -5.30, Length: 40, Loss: -0.4317
2026-03-16 23:46:53 | INFO | Episode 198/250 - Reward: -4.85, Length: 40, Loss: -0.4728
2026-03-16 23:46:54 | INFO | Episode 199/250 - Reward: 5.00, Length: 29, Loss: 0.4716
2026-03-16 23:46:54 | INFO | Episode 200/250 - Reward: 8.65, Length: 13, Loss: 1.9978
2026-03-16 23:46:54 | INFO | Episode 200/250 - Avg Reward: -3.00, Avg Length: 37.28, Avg Loss: -0.2780
2026-03-16 23:46:55 | INFO | Episode 201/250 - Reward: -4.40, Length: 40, Loss: -0.5417
2026-03-16 23:46:56 | INFO | Episode 202/250 - Reward: -3.80, Length: 40, Loss: -0.5438
2026-03-16 23:46:56 | INFO | Episode 203/250 - Reward: -11.15, Length: 40, Loss: -0.5170
2026-03-16 23:46:57 | INFO | Episode 204/250 - Reward: -7.10, Length: 40, Loss: -0.4282
2026-03-16 23:46:58 | INFO | Episode 205/250 - Reward: -5.90, Length: 40, Loss: -0.4449
2026-03-16 23:46:58 | INFO | Episode 206/250 - Reward: -5.30, Length: 40, Loss: -0.5152
2026-03-16 23:46:59 | INFO | Episode 207/250 - Reward: -4.10, Length: 40, Loss: -0.5384
2026-03-16 23:47:00 | INFO | Episode 208/250 - Reward: -4.10, Length: 40, Loss: -0.4833
2026-03-16 23:47:00 | INFO | Episode 209/250 - Reward: -3.95, Length: 40, Loss: -0.5373
2026-03-16 23:47:01 | INFO | Episode 210/250 - Reward: -2.60, Length: 40, Loss: -0.5166
2026-03-16 23:47:02 | INFO | Episode 211/250 - Reward: -4.85, Length: 40, Loss: -0.6490
2026-03-16 23:47:02 | INFO | Episode 212/250 - Reward: -3.50, Length: 40, Loss: -0.5603
2026-03-16 23:47:02 | INFO | Episode 213/250 - Reward: 8.15, Length: 17, Loss: 1.5383
2026-03-16 23:47:03 | INFO | Episode 214/250 - Reward: 6.55, Length: 31, Loss: 0.4519
2026-03-16 23:47:04 | INFO | Episode 215/250 - Reward: -5.30, Length: 40, Loss: -0.5712
2026-03-16 23:47:04 | INFO | Episode 216/250 - Reward: -3.50, Length: 40, Loss: -0.5426
2026-03-16 23:47:05 | INFO | Episode 217/250 - Reward: 2.75, Length: 32, Loss: 0.2393
2026-03-16 23:47:06 | INFO | Episode 218/250 - Reward: -4.10, Length: 40, Loss: -0.4841
2026-03-16 23:47:06 | INFO | Episode 219/250 - Reward: -5.90, Length: 40, Loss: -0.5158
2026-03-16 23:47:07 | INFO | Episode 220/250 - Reward: -4.70, Length: 40, Loss: -0.5060
2026-03-16 23:47:08 | INFO | Episode 221/250 - Reward: -4.10, Length: 40, Loss: -0.5066
2026-03-16 23:47:08 | INFO | Episode 222/250 - Reward: -6.80, Length: 40, Loss: -0.4266
2026-03-16 23:47:09 | INFO | Episode 223/250 - Reward: -7.10, Length: 40, Loss: -0.4613
2026-03-16 23:47:10 | INFO | Episode 224/250 - Reward: 7.05, Length: 30, Loss: 0.5255
2026-03-16 23:47:10 | INFO | Episode 225/250 - Reward: -6.20, Length: 40, Loss: -0.4954
2026-03-16 23:47:11 | INFO | Episode 226/250 - Reward: -5.15, Length: 40, Loss: -0.6043
2026-03-16 23:47:12 | INFO | Episode 227/250 - Reward: 4.75, Length: 19, Loss: 0.9261
2026-03-16 23:47:12 | INFO | Episode 228/250 - Reward: -4.55, Length: 40, Loss: -0.5084
2026-03-16 23:47:13 | INFO | Episode 229/250 - Reward: -4.10, Length: 40, Loss: -0.5370
2026-03-16 23:47:14 | INFO | Episode 230/250 - Reward: -4.85, Length: 40, Loss: -0.4997
2026-03-16 23:47:14 | INFO | Episode 231/250 - Reward: 2.10, Length: 24, Loss: 0.3585
2026-03-16 23:47:15 | INFO | Episode 232/250 - Reward: -6.35, Length: 40, Loss: -0.6197
2026-03-16 23:47:16 | INFO | Episode 233/250 - Reward: -4.70, Length: 40, Loss: -0.5339
2026-03-16 23:47:16 | INFO | Episode 234/250 - Reward: -3.65, Length: 40, Loss: -0.6007
2026-03-16 23:47:17 | INFO | Episode 235/250 - Reward: -8.15, Length: 40, Loss: -0.5285
2026-03-16 23:47:18 | INFO | Episode 236/250 - Reward: -10.40, Length: 40, Loss: -0.4491
2026-03-16 23:47:18 | INFO | Episode 237/250 - Reward: -3.35, Length: 40, Loss: -0.5617
2026-03-16 23:47:19 | INFO | Episode 238/250 - Reward: -4.85, Length: 40, Loss: -0.5610
2026-03-16 23:47:20 | INFO | Episode 239/250 - Reward: -1.25, Length: 40, Loss: -0.0030
2026-03-16 23:47:21 | INFO | Episode 240/250 - Reward: -17.15, Length: 40, Loss: -0.4514
2026-03-16 23:47:21 | INFO | Episode 241/250 - Reward: -3.80, Length: 40, Loss: -0.6049
2026-03-16 23:47:22 | INFO | Episode 242/250 - Reward: -5.30, Length: 40, Loss: -0.5419
2026-03-16 23:47:23 | INFO | Episode 243/250 - Reward: -5.00, Length: 40, Loss: -0.5680
2026-03-16 23:47:23 | INFO | Episode 244/250 - Reward: 6.45, Length: 36, Loss: 0.2790
2026-03-16 23:47:24 | INFO | Episode 245/250 - Reward: -4.10, Length: 40, Loss: -0.5587
2026-03-16 23:47:25 | INFO | Episode 246/250 - Reward: -15.20, Length: 40, Loss: -0.4292
2026-03-16 23:47:25 | INFO | Episode 247/250 - Reward: 4.40, Length: 35, Loss: 0.2286
2026-03-16 23:47:26 | INFO | Episode 248/250 - Reward: -4.25, Length: 40, Loss: -0.5300
2026-03-16 23:47:27 | INFO | Episode 249/250 - Reward: -5.30, Length: 40, Loss: -0.3642
2026-03-16 23:47:27 | INFO | Episode 250/250 - Reward: -6.35, Length: 40, Loss: -0.6363
2026-03-16 23:47:27 | INFO | Episode 250/250 - Avg Reward: -3.88, Avg Length: 38.08, Avg Loss: -0.3386
