2026-03-17 02:49:20 | INFO | ============================================================
2026-03-17 02:49:20 | INFO | DEVICE / COMPUTE INFORMATION
2026-03-17 02:49:20 | INFO |   JAX backend       : GPU
2026-03-17 02:49:20 | INFO |   Platform          : gpu
2026-03-17 02:49:20 | INFO |   Num devices       : 1
2026-03-17 02:49:20 | INFO |   Device            : cuda:0
2026-03-17 02:49:20 | INFO |   GPU name          : NVIDIA GeForce RTX 5060 Laptop GPU
2026-03-17 02:49:20 | INFO | ============================================================
2026-03-17 02:49:20 | INFO | ✓ JAX GPU backend confirmed.
2026-03-17 02:49:21 | INFO | REINFORCE seed=0_gamma=0.99_lr=0.01
2026-03-17 02:49:24 | INFO | Episode 1/250 - Reward: -8.15, Length: 40, Loss: -0.4577
2026-03-17 02:49:24 | INFO | Episode 2/250 - Reward: -6.05, Length: 40, Loss: -0.4138
2026-03-17 02:49:25 | INFO | Episode 3/250 - Reward: 0.60, Length: 36, Loss: 0.4668
2026-03-17 02:49:25 | INFO | Episode 4/250 - Reward: -10.10, Length: 40, Loss: -0.6029
2026-03-17 02:49:26 | INFO | Episode 5/250 - Reward: -4.85, Length: 40, Loss: -0.5247
2026-03-17 02:49:26 | INFO | Episode 6/250 - Reward: -0.25, Length: 32, Loss: 0.3749
2026-03-17 02:49:27 | INFO | Episode 7/250 - Reward: -5.45, Length: 40, Loss: -0.4590
2026-03-17 02:49:27 | INFO | Episode 8/250 - Reward: -5.00, Length: 40, Loss: -0.4071
2026-03-17 02:49:28 | INFO | Episode 9/250 - Reward: -4.10, Length: 40, Loss: -0.4545
2026-03-17 02:49:28 | INFO | Episode 10/250 - Reward: -6.05, Length: 40, Loss: -0.4274
2026-03-17 02:49:29 | INFO | Episode 11/250 - Reward: -4.40, Length: 40, Loss: -0.4871
2026-03-17 02:49:29 | INFO | Episode 12/250 - Reward: -4.85, Length: 40, Loss: -0.5012
2026-03-17 02:49:30 | INFO | Episode 13/250 - Reward: 4.40, Length: 32, Loss: 0.8940
2026-03-17 02:49:30 | INFO | Episode 14/250 - Reward: -3.95, Length: 40, Loss: -0.3581
2026-03-17 02:49:30 | INFO | Episode 15/250 - Reward: -4.55, Length: 40, Loss: -0.3971
2026-03-17 02:49:31 | INFO | Episode 16/250 - Reward: -5.75, Length: 40, Loss: -0.4458
2026-03-17 02:49:31 | INFO | Episode 17/250 - Reward: -5.60, Length: 40, Loss: -0.4513
2026-03-17 02:49:32 | INFO | Episode 18/250 - Reward: -7.85, Length: 40, Loss: -0.4077
2026-03-17 02:49:33 | INFO | Episode 19/250 - Reward: 6.10, Length: 25, Loss: 1.3510
2026-03-17 02:49:33 | INFO | Episode 20/250 - Reward: -5.60, Length: 40, Loss: -0.4142
2026-03-17 02:49:34 | INFO | Episode 21/250 - Reward: 4.65, Length: 36, Loss: 0.6976
2026-03-17 02:49:34 | INFO | Episode 22/250 - Reward: -12.80, Length: 40, Loss: -0.5010
2026-03-17 02:49:35 | INFO | Episode 23/250 - Reward: -4.25, Length: 40, Loss: -0.4497
2026-03-17 02:49:35 | INFO | Episode 24/250 - Reward: -4.25, Length: 40, Loss: -0.5140
2026-03-17 02:49:36 | INFO | Episode 25/250 - Reward: -3.20, Length: 40, Loss: -0.4146
2026-03-17 02:49:36 | INFO | Episode 26/250 - Reward: -4.55, Length: 40, Loss: -0.4311
2026-03-17 02:49:36 | INFO | Episode 27/250 - Reward: -5.75, Length: 40, Loss: -0.4290
2026-03-17 02:49:37 | INFO | Episode 28/250 - Reward: -5.00, Length: 40, Loss: -0.3616
2026-03-17 02:49:37 | INFO | Episode 29/250 - Reward: -4.10, Length: 40, Loss: -0.3936
2026-03-17 02:49:38 | INFO | Episode 30/250 - Reward: 6.45, Length: 36, Loss: 0.7731
2026-03-17 02:49:38 | INFO | Episode 31/250 - Reward: -2.90, Length: 40, Loss: -0.4165
2026-03-17 02:49:39 | INFO | Episode 32/250 - Reward: -5.90, Length: 40, Loss: -0.4305
2026-03-17 02:49:40 | INFO | Episode 33/250 - Reward: -3.80, Length: 40, Loss: -0.4650
2026-03-17 02:49:40 | INFO | Episode 34/250 - Reward: -4.10, Length: 40, Loss: -0.4435
2026-03-17 02:49:41 | INFO | Episode 35/250 - Reward: -5.90, Length: 40, Loss: -0.4282
2026-03-17 02:49:41 | INFO | Episode 36/250 - Reward: 7.25, Length: 23, Loss: 1.4672
2026-03-17 02:49:42 | INFO | Episode 37/250 - Reward: -5.60, Length: 40, Loss: -0.3770
2026-03-17 02:49:42 | INFO | Episode 38/250 - Reward: -4.10, Length: 40, Loss: -0.4540
2026-03-17 02:49:43 | INFO | Episode 39/250 - Reward: 7.05, Length: 27, Loss: 1.2429
2026-03-17 02:49:43 | INFO | Episode 40/250 - Reward: -5.45, Length: 40, Loss: -0.4540
2026-03-17 02:49:44 | INFO | Episode 41/250 - Reward: -4.10, Length: 40, Loss: -0.5170
2026-03-17 02:49:44 | INFO | Episode 42/250 - Reward: -5.45, Length: 40, Loss: -0.4745
2026-03-17 02:49:45 | INFO | Episode 43/250 - Reward: -5.75, Length: 40, Loss: -0.5810
2026-03-17 02:49:45 | INFO | Episode 44/250 - Reward: -4.85, Length: 40, Loss: -0.4385
2026-03-17 02:49:46 | INFO | Episode 45/250 - Reward: -5.30, Length: 40, Loss: -0.5284
2026-03-17 02:49:46 | INFO | Episode 46/250 - Reward: -5.60, Length: 40, Loss: -0.5443
2026-03-17 02:49:47 | INFO | Episode 47/250 - Reward: -4.55, Length: 40, Loss: -0.4876
2026-03-17 02:49:47 | INFO | Episode 48/250 - Reward: -5.30, Length: 40, Loss: -0.4749
2026-03-17 02:49:48 | INFO | Episode 49/250 - Reward: -4.70, Length: 40, Loss: -0.4253
2026-03-17 02:49:48 | INFO | Episode 50/250 - Reward: -5.60, Length: 40, Loss: -0.4710
2026-03-17 02:49:48 | INFO | Episode 50/250 - Avg Reward: -3.78, Avg Length: 38.54, Avg Loss: -0.2370
2026-03-17 02:49:49 | INFO | Episode 51/250 - Reward: -5.60, Length: 40, Loss: -0.4044
2026-03-17 02:49:49 | INFO | Episode 52/250 - Reward: -4.55, Length: 40, Loss: -0.3668
2026-03-17 02:49:50 | INFO | Episode 53/250 - Reward: 5.20, Length: 28, Loss: 1.0913
2026-03-17 02:49:50 | INFO | Episode 54/250 - Reward: -5.45, Length: 40, Loss: -0.3452
2026-03-17 02:49:51 | INFO | Episode 55/250 - Reward: -7.55, Length: 40, Loss: -0.4249
2026-03-17 02:49:51 | INFO | Episode 56/250 - Reward: 3.75, Length: 30, Loss: 0.9185
2026-03-17 02:49:52 | INFO | Episode 57/250 - Reward: -4.70, Length: 40, Loss: -0.3487
2026-03-17 02:49:52 | INFO | Episode 58/250 - Reward: -5.60, Length: 40, Loss: -0.4482
2026-03-17 02:49:53 | INFO | Episode 59/250 - Reward: -6.95, Length: 40, Loss: -0.5442
2026-03-17 02:49:53 | INFO | Episode 60/250 - Reward: -4.55, Length: 40, Loss: -0.4033
2026-03-17 02:49:54 | INFO | Episode 61/250 - Reward: -4.70, Length: 40, Loss: -0.4291
2026-03-17 02:49:54 | INFO | Episode 62/250 - Reward: -4.55, Length: 40, Loss: -0.4180
2026-03-17 02:49:55 | INFO | Episode 63/250 - Reward: -3.95, Length: 40, Loss: -0.4393
2026-03-17 02:49:55 | INFO | Episode 64/250 - Reward: 4.85, Length: 17, Loss: 1.8363
2026-03-17 02:49:56 | INFO | Episode 65/250 - Reward: -4.85, Length: 40, Loss: -0.3766
2026-03-17 02:49:56 | INFO | Episode 66/250 - Reward: -3.05, Length: 40, Loss: -0.4487
2026-03-17 02:49:56 | INFO | Episode 67/250 - Reward: -5.45, Length: 40, Loss: -0.4150
2026-03-17 02:49:57 | INFO | Episode 68/250 - Reward: -7.85, Length: 40, Loss: -0.6108
2026-03-17 02:49:58 | INFO | Episode 69/250 - Reward: -5.15, Length: 40, Loss: -0.4746
2026-03-17 02:49:58 | INFO | Episode 70/250 - Reward: -4.25, Length: 40, Loss: -0.4506
2026-03-17 02:49:59 | INFO | Episode 71/250 - Reward: -5.45, Length: 40, Loss: -0.4194
2026-03-17 02:50:00 | INFO | Episode 72/250 - Reward: -4.85, Length: 40, Loss: -0.4359
2026-03-17 02:50:00 | INFO | Episode 73/250 - Reward: 1.70, Length: 32, Loss: 0.6378
2026-03-17 02:50:01 | INFO | Episode 74/250 - Reward: 6.45, Length: 33, Loss: 0.9095
2026-03-17 02:50:02 | INFO | Episode 75/250 - Reward: -3.80, Length: 40, Loss: -0.4070
2026-03-17 02:50:02 | INFO | Episode 76/250 - Reward: -9.35, Length: 40, Loss: -0.5512
2026-03-17 02:50:03 | INFO | Episode 77/250 - Reward: -3.65, Length: 40, Loss: -0.3855
2026-03-17 02:50:04 | INFO | Episode 78/250 - Reward: -5.15, Length: 40, Loss: -0.4578
2026-03-17 02:50:04 | INFO | Episode 79/250 - Reward: -5.60, Length: 40, Loss: -0.4576
2026-03-17 02:50:05 | INFO | Episode 80/250 - Reward: -4.40, Length: 40, Loss: -0.4296
2026-03-17 02:50:06 | INFO | Episode 81/250 - Reward: -9.95, Length: 40, Loss: -0.5885
2026-03-17 02:50:06 | INFO | Episode 82/250 - Reward: 6.95, Length: 29, Loss: 1.0808
2026-03-17 02:50:07 | INFO | Episode 83/250 - Reward: -4.10, Length: 40, Loss: -0.4663
2026-03-17 02:50:07 | INFO | Episode 84/250 - Reward: -4.85, Length: 40, Loss: -0.3998
2026-03-17 02:50:08 | INFO | Episode 85/250 - Reward: -4.40, Length: 40, Loss: -0.4243
2026-03-17 02:50:09 | INFO | Episode 86/250 - Reward: -0.45, Length: 30, Loss: 0.3819
2026-03-17 02:50:10 | INFO | Episode 87/250 - Reward: -5.15, Length: 40, Loss: -0.4537
2026-03-17 02:50:10 | INFO | Episode 88/250 - Reward: -5.75, Length: 40, Loss: -0.5866
2026-03-17 02:50:11 | INFO | Episode 89/250 - Reward: -5.45, Length: 40, Loss: -0.4297
2026-03-17 02:50:12 | INFO | Episode 90/250 - Reward: -5.00, Length: 40, Loss: -0.4793
2026-03-17 02:50:12 | INFO | Episode 91/250 - Reward: -3.95, Length: 40, Loss: -0.4620
2026-03-17 02:50:13 | INFO | Episode 92/250 - Reward: -3.50, Length: 40, Loss: -0.5417
2026-03-17 02:50:14 | INFO | Episode 93/250 - Reward: -5.00, Length: 40, Loss: -0.4524
2026-03-17 02:50:14 | INFO | Episode 94/250 - Reward: -4.10, Length: 40, Loss: -0.4608
2026-03-17 02:50:15 | INFO | Episode 95/250 - Reward: -4.85, Length: 40, Loss: -0.4676
2026-03-17 02:50:15 | INFO | Episode 96/250 - Reward: -4.55, Length: 40, Loss: -0.4445
2026-03-17 02:50:16 | INFO | Episode 97/250 - Reward: -5.90, Length: 40, Loss: -0.4930
2026-03-17 02:50:17 | INFO | Episode 98/250 - Reward: -3.50, Length: 40, Loss: -0.4441
2026-03-17 02:50:17 | INFO | Episode 99/250 - Reward: -4.25, Length: 40, Loss: -0.4489
2026-03-17 02:50:18 | INFO | Episode 100/250 - Reward: -3.35, Length: 40, Loss: -0.4663
2026-03-17 02:50:18 | INFO | Episode 100/250 - Avg Reward: -3.80, Avg Length: 38.38, Avg Loss: -0.2509
2026-03-17 02:50:19 | INFO | Episode 101/250 - Reward: -5.15, Length: 40, Loss: -0.4650
2026-03-17 02:50:19 | INFO | Episode 102/250 - Reward: -4.25, Length: 40, Loss: -0.4995
2026-03-17 02:50:20 | INFO | Episode 103/250 - Reward: 8.05, Length: 25, Loss: 1.3752
2026-03-17 02:50:21 | INFO | Episode 104/250 - Reward: -3.65, Length: 40, Loss: -0.3652
2026-03-17 02:50:21 | INFO | Episode 105/250 - Reward: -3.80, Length: 40, Loss: -0.4439
2026-03-17 02:50:22 | INFO | Episode 106/250 - Reward: -3.20, Length: 40, Loss: -0.4406
2026-03-17 02:50:23 | INFO | Episode 107/250 - Reward: -4.85, Length: 40, Loss: -0.4489
2026-03-17 02:50:23 | INFO | Episode 108/250 - Reward: -4.40, Length: 40, Loss: -0.4380
2026-03-17 02:50:24 | INFO | Episode 109/250 - Reward: 7.45, Length: 25, Loss: 1.2921
2026-03-17 02:50:25 | INFO | Episode 110/250 - Reward: -6.65, Length: 40, Loss: -0.5733
2026-03-17 02:50:25 | INFO | Episode 111/250 - Reward: -6.35, Length: 40, Loss: -0.4426
2026-03-17 02:50:26 | INFO | Episode 112/250 - Reward: -6.50, Length: 40, Loss: -0.5788
2026-03-17 02:50:26 | INFO | Episode 113/250 - Reward: -5.45, Length: 40, Loss: -0.4859
2026-03-17 02:50:27 | INFO | Episode 114/250 - Reward: -3.95, Length: 40, Loss: -0.3954
2026-03-17 02:50:27 | INFO | Episode 115/250 - Reward: -3.35, Length: 40, Loss: -0.4273
2026-03-17 02:50:27 | INFO | Episode 116/250 - Reward: 6.55, Length: 28, Loss: 1.0842
2026-03-17 02:50:28 | INFO | Episode 117/250 - Reward: -4.85, Length: 40, Loss: -0.4009
2026-03-17 02:50:29 | INFO | Episode 118/250 - Reward: 4.90, Length: 28, Loss: 1.1100
2026-03-17 02:50:29 | INFO | Episode 119/250 - Reward: -9.65, Length: 40, Loss: -0.4347
2026-03-17 02:50:30 | INFO | Episode 120/250 - Reward: -4.55, Length: 40, Loss: -0.4546
2026-03-17 02:50:31 | INFO | Episode 121/250 - Reward: -4.10, Length: 40, Loss: -0.4559
2026-03-17 02:50:31 | INFO | Episode 122/250 - Reward: 7.65, Length: 24, Loss: 1.3030
2026-03-17 02:50:32 | INFO | Episode 123/250 - Reward: -4.55, Length: 40, Loss: -0.4417
2026-03-17 02:50:33 | INFO | Episode 124/250 - Reward: 8.55, Length: 18, Loss: 1.7560
2026-03-17 02:50:33 | INFO | Episode 125/250 - Reward: 5.60, Length: 23, Loss: 1.3478
2026-03-17 02:50:34 | INFO | Episode 126/250 - Reward: 4.85, Length: 20, Loss: 1.4337
2026-03-17 02:50:35 | INFO | Episode 127/250 - Reward: 6.10, Length: 22, Loss: 1.4316
2026-03-17 02:50:35 | INFO | Episode 128/250 - Reward: -9.50, Length: 40, Loss: -0.5076
2026-03-17 02:50:36 | INFO | Episode 129/250 - Reward: -5.00, Length: 40, Loss: -0.4702
2026-03-17 02:50:37 | INFO | Episode 130/250 - Reward: 4.00, Length: 37, Loss: 0.5730
2026-03-17 02:50:37 | INFO | Episode 131/250 - Reward: 7.75, Length: 22, Loss: 1.3834
2026-03-17 02:50:38 | INFO | Episode 132/250 - Reward: -5.15, Length: 40, Loss: -0.4966
2026-03-17 02:50:39 | INFO | Episode 133/250 - Reward: -6.05, Length: 40, Loss: -0.5863
2026-03-17 02:50:39 | INFO | Episode 134/250 - Reward: -7.55, Length: 40, Loss: -0.5589
2026-03-17 02:50:40 | INFO | Episode 135/250 - Reward: 5.30, Length: 29, Loss: 1.0308
2026-03-17 02:50:41 | INFO | Episode 136/250 - Reward: 4.20, Length: 33, Loss: 0.7557
2026-03-17 02:50:41 | INFO | Episode 137/250 - Reward: 7.45, Length: 28, Loss: 1.1353
2026-03-17 02:50:42 | INFO | Episode 138/250 - Reward: 4.15, Length: 25, Loss: 1.1537
2026-03-17 02:50:43 | INFO | Episode 139/250 - Reward: 3.65, Length: 29, Loss: 0.9057
2026-03-17 02:50:43 | INFO | Episode 140/250 - Reward: -5.30, Length: 40, Loss: -0.4576
2026-03-17 02:50:44 | INFO | Episode 141/250 - Reward: 5.25, Length: 39, Loss: 0.5002
2026-03-17 02:50:45 | INFO | Episode 142/250 - Reward: 3.85, Length: 28, Loss: 0.9466
2026-03-17 02:50:45 | INFO | Episode 143/250 - Reward: -4.10, Length: 40, Loss: -0.4546
2026-03-17 02:50:46 | INFO | Episode 144/250 - Reward: 8.75, Length: 14, Loss: 1.9613
2026-03-17 02:50:47 | INFO | Episode 145/250 - Reward: -5.75, Length: 40, Loss: -0.3999
2026-03-17 02:50:47 | INFO | Episode 146/250 - Reward: 4.20, Length: 36, Loss: 0.6580
2026-03-17 02:50:48 | INFO | Episode 147/250 - Reward: -5.45, Length: 40, Loss: -0.5690
2026-03-17 02:50:48 | INFO | Episode 148/250 - Reward: -5.00, Length: 40, Loss: -0.4794
2026-03-17 02:50:49 | INFO | Episode 149/250 - Reward: 4.30, Length: 40, Loss: 0.4671
2026-03-17 02:50:50 | INFO | Episode 150/250 - Reward: -5.30, Length: 40, Loss: -0.4011
2026-03-17 02:50:50 | INFO | Episode 150/250 - Avg Reward: -0.62, Avg Length: 34.66, Avg Loss: 0.2006
2026-03-17 02:50:50 | INFO | Episode 151/250 - Reward: -5.45, Length: 40, Loss: -0.4513
2026-03-17 02:50:51 | INFO | Episode 152/250 - Reward: -4.25, Length: 40, Loss: -0.4382
2026-03-17 02:50:52 | INFO | Episode 153/250 - Reward: -4.55, Length: 40, Loss: -0.4728
2026-03-17 02:50:52 | INFO | Episode 154/250 - Reward: -7.10, Length: 40, Loss: -0.4129
2026-03-17 02:50:53 | INFO | Episode 155/250 - Reward: -6.05, Length: 40, Loss: -0.5763
2026-03-17 02:50:54 | INFO | Episode 156/250 - Reward: -6.35, Length: 40, Loss: -0.4294
2026-03-17 02:50:54 | INFO | Episode 157/250 - Reward: -5.75, Length: 40, Loss: -0.3630
2026-03-17 02:50:55 | INFO | Episode 158/250 - Reward: 7.35, Length: 24, Loss: 1.3007
2026-03-17 02:50:56 | INFO | Episode 159/250 - Reward: -6.05, Length: 40, Loss: -0.4788
2026-03-17 02:50:56 | INFO | Episode 160/250 - Reward: 6.00, Length: 27, Loss: 1.1438
2026-03-17 02:50:57 | INFO | Episode 161/250 - Reward: 3.25, Length: 28, Loss: 0.9393
2026-03-17 02:50:58 | INFO | Episode 162/250 - Reward: -3.50, Length: 40, Loss: -0.4392
2026-03-17 02:50:58 | INFO | Episode 163/250 - Reward: -12.35, Length: 40, Loss: -0.5110
2026-03-17 02:50:58 | INFO | Episode 164/250 - Reward: 7.75, Length: 22, Loss: 1.4709
2026-03-17 02:50:59 | INFO | Episode 165/250 - Reward: 5.20, Length: 34, Loss: 0.7614
2026-03-17 02:50:59 | INFO | Episode 166/250 - Reward: 3.65, Length: 29, Loss: 0.8821
2026-03-17 02:51:00 | INFO | Episode 167/250 - Reward: -5.60, Length: 40, Loss: -0.3942
2026-03-17 02:51:01 | INFO | Episode 168/250 - Reward: 6.70, Length: 19, Loss: 1.6858
2026-03-17 02:51:01 | INFO | Episode 169/250 - Reward: 4.45, Length: 25, Loss: 1.1703
2026-03-17 02:51:02 | INFO | Episode 170/250 - Reward: -6.35, Length: 40, Loss: -0.4356
2026-03-17 02:51:02 | INFO | Episode 171/250 - Reward: -4.85, Length: 40, Loss: -0.4271
2026-03-17 02:51:03 | INFO | Episode 172/250 - Reward: 8.75, Length: 17, Loss: 1.7559
2026-03-17 02:51:04 | INFO | Episode 173/250 - Reward: 5.75, Length: 35, Loss: 0.7462
2026-03-17 02:51:04 | INFO | Episode 174/250 - Reward: 6.25, Length: 34, Loss: 0.8179
2026-03-17 02:51:05 | INFO | Episode 175/250 - Reward: 3.10, Length: 37, Loss: 0.6063
2026-03-17 02:51:06 | INFO | Episode 176/250 - Reward: 7.75, Length: 19, Loss: 1.5149
2026-03-17 02:51:06 | INFO | Episode 177/250 - Reward: 7.75, Length: 22, Loss: 1.4117
2026-03-17 02:51:07 | INFO | Episode 178/250 - Reward: 3.25, Length: 28, Loss: 0.8291
2026-03-17 02:51:08 | INFO | Episode 179/250 - Reward: 2.85, Length: 27, Loss: 1.0621
2026-03-17 02:51:08 | INFO | Episode 180/250 - Reward: 2.40, Length: 24, Loss: 1.0052
2026-03-17 02:51:09 | INFO | Episode 181/250 - Reward: -4.70, Length: 40, Loss: -0.4241
2026-03-17 02:51:10 | INFO | Episode 182/250 - Reward: 8.05, Length: 22, Loss: 1.3082
2026-03-17 02:51:10 | INFO | Episode 183/250 - Reward: -8.60, Length: 40, Loss: -0.4059
2026-03-17 02:51:11 | INFO | Episode 184/250 - Reward: -5.90, Length: 40, Loss: -0.4220
2026-03-17 02:51:12 | INFO | Episode 185/250 - Reward: 9.15, Length: 12, Loss: 1.9560
2026-03-17 02:51:12 | INFO | Episode 186/250 - Reward: 5.35, Length: 13, Loss: 1.9882
2026-03-17 02:51:13 | INFO | Episode 187/250 - Reward: 8.35, Length: 19, Loss: 1.6261
2026-03-17 02:51:14 | INFO | Episode 188/250 - Reward: -6.35, Length: 40, Loss: -0.5050
2026-03-17 02:51:14 | INFO | Episode 189/250 - Reward: 1.90, Length: 25, Loss: 0.8914
2026-03-17 02:51:15 | INFO | Episode 190/250 - Reward: 2.10, Length: 24, Loss: 0.8660
2026-03-17 02:51:15 | INFO | Episode 191/250 - Reward: -6.50, Length: 40, Loss: -0.4083
2026-03-17 02:51:16 | INFO | Episode 192/250 - Reward: 7.15, Length: 25, Loss: 1.1618
2026-03-17 02:51:17 | INFO | Episode 193/250 - Reward: 5.85, Length: 30, Loss: 0.8582
2026-03-17 02:51:17 | INFO | Episode 194/250 - Reward: 7.05, Length: 33, Loss: 0.8860
2026-03-17 02:51:18 | INFO | Episode 195/250 - Reward: -4.85, Length: 40, Loss: -0.4195
2026-03-17 02:51:19 | INFO | Episode 196/250 - Reward: -5.00, Length: 40, Loss: -0.4306
2026-03-17 02:51:19 | INFO | Episode 197/250 - Reward: -6.20, Length: 40, Loss: -0.4385
2026-03-17 02:51:20 | INFO | Episode 198/250 - Reward: -4.10, Length: 40, Loss: -0.3536
2026-03-17 02:51:21 | INFO | Episode 199/250 - Reward: 3.80, Length: 35, Loss: 0.6855
2026-03-17 02:51:21 | INFO | Episode 200/250 - Reward: 5.20, Length: 22, Loss: 1.3069
2026-03-17 02:51:21 | INFO | Episode 200/250 - Avg Reward: 0.52, Avg Length: 31.82, Avg Loss: 0.4600
2026-03-17 02:51:22 | INFO | Episode 201/250 - Reward: 2.70, Length: 21, Loss: 1.1913
2026-03-17 02:51:23 | INFO | Episode 202/250 - Reward: 0.15, Length: 27, Loss: 0.5749
2026-03-17 02:51:23 | INFO | Episode 203/250 - Reward: 6.65, Length: 26, Loss: 1.0799
2026-03-17 02:51:24 | INFO | Episode 204/250 - Reward: -5.30, Length: 40, Loss: -0.3156
2026-03-17 02:51:25 | INFO | Episode 205/250 - Reward: -4.55, Length: 40, Loss: -0.4469
2026-03-17 02:51:25 | INFO | Episode 206/250 - Reward: -5.00, Length: 40, Loss: -0.4578
2026-03-17 02:51:26 | INFO | Episode 207/250 - Reward: 8.35, Length: 19, Loss: 1.5220
2026-03-17 02:51:27 | INFO | Episode 208/250 - Reward: -5.15, Length: 40, Loss: -0.3709
2026-03-17 02:51:27 | INFO | Episode 209/250 - Reward: -5.45, Length: 40, Loss: -0.4382
2026-03-17 02:51:28 | INFO | Episode 210/250 - Reward: -5.75, Length: 40, Loss: -0.5271
2026-03-17 02:51:28 | INFO | Episode 211/250 - Reward: -3.95, Length: 40, Loss: -0.4243
2026-03-17 02:51:29 | INFO | Episode 212/250 - Reward: 7.40, Length: 11, Loss: 2.0509
2026-03-17 02:51:30 | INFO | Episode 213/250 - Reward: 4.35, Length: 24, Loss: 1.1576
2026-03-17 02:51:30 | INFO | Episode 214/250 - Reward: 9.25, Length: 10, Loss: 1.8942
2026-03-17 02:51:30 | INFO | Episode 215/250 - Reward: 6.65, Length: 32, Loss: 0.8610
2026-03-17 02:51:31 | INFO | Episode 216/250 - Reward: 7.95, Length: 24, Loss: 1.3069
2026-03-17 02:51:31 | INFO | Episode 217/250 - Reward: -10.10, Length: 40, Loss: -0.2153
2026-03-17 02:51:32 | INFO | Episode 218/250 - Reward: 3.45, Length: 27, Loss: 0.9657
2026-03-17 02:51:32 | INFO | Episode 219/250 - Reward: 8.35, Length: 22, Loss: 1.3989
2026-03-17 02:51:33 | INFO | Episode 220/250 - Reward: 5.60, Length: 23, Loss: 1.3403
2026-03-17 02:51:33 | INFO | Episode 221/250 - Reward: 8.15, Length: 23, Loss: 1.3105
2026-03-17 02:51:34 | INFO | Episode 222/250 - Reward: -7.25, Length: 40, Loss: -0.3580
2026-03-17 02:51:34 | INFO | Episode 223/250 - Reward: 8.75, Length: 14, Loss: 1.7702
2026-03-17 02:51:35 | INFO | Episode 224/250 - Reward: 8.05, Length: 22, Loss: 1.4488
2026-03-17 02:51:35 | INFO | Episode 225/250 - Reward: 5.20, Length: 25, Loss: 1.1276
2026-03-17 02:51:36 | INFO | Episode 226/250 - Reward: -5.60, Length: 40, Loss: -0.4579
2026-03-17 02:51:36 | INFO | Episode 227/250 - Reward: 7.65, Length: 21, Loss: 1.3210
2026-03-17 02:51:37 | INFO | Episode 228/250 - Reward: 5.75, Length: 35, Loss: 0.6490
2026-03-17 02:51:37 | INFO | Episode 229/250 - Reward: 7.75, Length: 19, Loss: 1.6324
2026-03-17 02:51:38 | INFO | Episode 230/250 - Reward: 7.25, Length: 20, Loss: 1.4576
2026-03-17 02:51:38 | INFO | Episode 231/250 - Reward: 8.75, Length: 14, Loss: 1.8154
2026-03-17 02:51:39 | INFO | Episode 232/250 - Reward: 4.70, Length: 32, Loss: 0.7968
2026-03-17 02:51:39 | INFO | Episode 233/250 - Reward: 3.05, Length: 26, Loss: 0.8512
2026-03-17 02:51:40 | INFO | Episode 234/250 - Reward: 7.95, Length: 24, Loss: 1.2526
2026-03-17 02:51:40 | INFO | Episode 235/250 - Reward: -4.25, Length: 40, Loss: -0.4610
2026-03-17 02:51:41 | INFO | Episode 236/250 - Reward: 6.60, Length: 18, Loss: 1.5843
2026-03-17 02:51:41 | INFO | Episode 237/250 - Reward: 4.70, Length: 32, Loss: 0.8159
2026-03-17 02:51:42 | INFO | Episode 238/250 - Reward: -5.45, Length: 40, Loss: -0.5128
2026-03-17 02:51:42 | INFO | Episode 239/250 - Reward: -6.50, Length: 40, Loss: -0.2655
2026-03-17 02:51:43 | INFO | Episode 240/250 - Reward: 6.80, Length: 17, Loss: 1.6710
2026-03-17 02:51:43 | INFO | Episode 241/250 - Reward: 8.85, Length: 15, Loss: 1.8000
2026-03-17 02:51:44 | INFO | Episode 242/250 - Reward: -5.15, Length: 40, Loss: -0.4824
2026-03-17 02:51:44 | INFO | Episode 243/250 - Reward: 8.45, Length: 17, Loss: 1.7044
2026-03-17 02:51:45 | INFO | Episode 244/250 - Reward: -5.60, Length: 40, Loss: -0.3725
2026-03-17 02:51:45 | INFO | Episode 245/250 - Reward: 8.75, Length: 14, Loss: 1.8567
2026-03-17 02:51:46 | INFO | Episode 246/250 - Reward: 5.70, Length: 30, Loss: 1.0309
2026-03-17 02:51:46 | INFO | Episode 247/250 - Reward: 6.85, Length: 28, Loss: 1.0965
2026-03-17 02:51:47 | INFO | Episode 248/250 - Reward: 9.45, Length: 9, Loss: 1.9466
2026-03-17 02:51:47 | INFO | Episode 249/250 - Reward: 3.80, Length: 32, Loss: 0.8131
2026-03-17 02:51:48 | INFO | Episode 250/250 - Reward: -5.75, Length: 40, Loss: -0.4744
2026-03-17 02:51:48 | INFO | Episode 250/250 - Avg Reward: 2.66, Avg Length: 27.86, Avg Loss: 0.7703
