2026-03-16 23:53:50 | INFO | ============================================================
2026-03-16 23:53:50 | INFO | DEVICE / COMPUTE INFORMATION
2026-03-16 23:53:50 | INFO |   JAX backend       : GPU
2026-03-16 23:53:50 | INFO |   Platform          : gpu
2026-03-16 23:53:50 | INFO |   Num devices       : 1
2026-03-16 23:53:50 | INFO |   Device            : cuda:0
2026-03-16 23:53:50 | INFO |   GPU name          : NVIDIA GeForce RTX 5060 Laptop GPU
2026-03-16 23:53:50 | INFO | ============================================================
2026-03-16 23:53:50 | INFO | ✓ JAX GPU backend confirmed.
2026-03-16 23:53:50 | INFO | REINFORCE seed=1_gamma=0.99_lr=0.001
2026-03-16 23:53:55 | INFO | Episode 1/250 - Reward: -3.80, Length: 40, Loss: -0.4269
2026-03-16 23:53:56 | INFO | Episode 2/250 - Reward: -4.70, Length: 40, Loss: -0.4526
2026-03-16 23:53:57 | INFO | Episode 3/250 - Reward: -4.85, Length: 40, Loss: -0.4783
2026-03-16 23:53:58 | INFO | Episode 4/250 - Reward: -5.15, Length: 40, Loss: -0.4876
2026-03-16 23:53:58 | INFO | Episode 5/250 - Reward: -3.65, Length: 40, Loss: -0.4431
2026-03-16 23:53:59 | INFO | Episode 6/250 - Reward: -4.55, Length: 40, Loss: -0.4420
2026-03-16 23:54:00 | INFO | Episode 7/250 - Reward: -3.50, Length: 40, Loss: -0.4737
2026-03-16 23:54:00 | INFO | Episode 8/250 - Reward: 8.15, Length: 26, Loss: 1.2968
2026-03-16 23:54:01 | INFO | Episode 9/250 - Reward: -6.50, Length: 40, Loss: -0.5700
2026-03-16 23:54:02 | INFO | Episode 10/250 - Reward: -4.85, Length: 40, Loss: -0.4863
2026-03-16 23:54:03 | INFO | Episode 11/250 - Reward: -3.65, Length: 40, Loss: -0.4500
2026-03-16 23:54:03 | INFO | Episode 12/250 - Reward: -10.40, Length: 40, Loss: -0.5780
2026-03-16 23:54:04 | INFO | Episode 13/250 - Reward: -6.95, Length: 40, Loss: -0.6280
2026-03-16 23:54:05 | INFO | Episode 14/250 - Reward: -4.70, Length: 40, Loss: -0.4822
2026-03-16 23:54:06 | INFO | Episode 15/250 - Reward: -3.80, Length: 40, Loss: -0.4594
2026-03-16 23:54:07 | INFO | Episode 16/250 - Reward: 1.80, Length: 30, Loss: 0.6891
2026-03-16 23:54:07 | INFO | Episode 17/250 - Reward: -3.80, Length: 40, Loss: -0.4412
2026-03-16 23:54:08 | INFO | Episode 18/250 - Reward: 6.05, Length: 35, Loss: 0.8186
2026-03-16 23:54:09 | INFO | Episode 19/250 - Reward: -5.45, Length: 40, Loss: -0.4568
2026-03-16 23:54:10 | INFO | Episode 20/250 - Reward: -4.55, Length: 40, Loss: -0.4665
2026-03-16 23:54:10 | INFO | Episode 21/250 - Reward: -9.80, Length: 40, Loss: -0.3787
2026-03-16 23:54:11 | INFO | Episode 22/250 - Reward: -3.65, Length: 40, Loss: -0.4008
2026-03-16 23:54:12 | INFO | Episode 23/250 - Reward: -4.55, Length: 40, Loss: -0.4643
2026-03-16 23:54:13 | INFO | Episode 24/250 - Reward: -5.00, Length: 40, Loss: -0.4542
2026-03-16 23:54:13 | INFO | Episode 25/250 - Reward: 5.65, Length: 34, Loss: 0.8296
2026-03-16 23:54:14 | INFO | Episode 26/250 - Reward: -15.50, Length: 40, Loss: -0.3911
2026-03-16 23:54:15 | INFO | Episode 27/250 - Reward: -4.85, Length: 40, Loss: -0.4254
2026-03-16 23:54:16 | INFO | Episode 28/250 - Reward: -4.40, Length: 40, Loss: -0.4395
2026-03-16 23:54:16 | INFO | Episode 29/250 - Reward: -4.70, Length: 40, Loss: -0.4577
2026-03-16 23:54:17 | INFO | Episode 30/250 - Reward: -4.40, Length: 40, Loss: -0.3581
2026-03-16 23:54:18 | INFO | Episode 31/250 - Reward: -4.55, Length: 40, Loss: -0.4342
2026-03-16 23:54:19 | INFO | Episode 32/250 - Reward: -6.20, Length: 40, Loss: -0.5546
2026-03-16 23:54:20 | INFO | Episode 33/250 - Reward: 4.45, Length: 19, Loss: 1.7083
2026-03-16 23:54:20 | INFO | Episode 34/250 - Reward: 6.55, Length: 31, Loss: 1.0307
2026-03-16 23:54:21 | INFO | Episode 35/250 - Reward: -3.50, Length: 40, Loss: -0.4478
2026-03-16 23:54:21 | INFO | Episode 36/250 - Reward: -5.45, Length: 40, Loss: -0.4137
2026-03-16 23:54:22 | INFO | Episode 37/250 - Reward: -5.60, Length: 40, Loss: -0.4610
2026-03-16 23:54:22 | INFO | Episode 38/250 - Reward: -5.60, Length: 40, Loss: -0.3949
2026-03-16 23:54:23 | INFO | Episode 39/250 - Reward: -3.35, Length: 40, Loss: -0.4348
2026-03-16 23:54:24 | INFO | Episode 40/250 - Reward: -3.50, Length: 40, Loss: -0.4571
2026-03-16 23:54:25 | INFO | Episode 41/250 - Reward: -4.70, Length: 40, Loss: -0.4532
2026-03-16 23:54:25 | INFO | Episode 42/250 - Reward: -3.65, Length: 40, Loss: -0.4141
2026-03-16 23:54:26 | INFO | Episode 43/250 - Reward: -6.20, Length: 40, Loss: -0.5015
2026-03-16 23:54:27 | INFO | Episode 44/250 - Reward: -4.85, Length: 40, Loss: -0.4235
2026-03-16 23:54:27 | INFO | Episode 45/250 - Reward: -4.85, Length: 40, Loss: -0.5023
2026-03-16 23:54:28 | INFO | Episode 46/250 - Reward: -1.55, Length: 37, Loss: 0.1925
2026-03-16 23:54:29 | INFO | Episode 47/250 - Reward: -4.70, Length: 40, Loss: -0.4474
2026-03-16 23:54:30 | INFO | Episode 48/250 - Reward: -3.95, Length: 40, Loss: -0.4644
2026-03-16 23:54:30 | INFO | Episode 49/250 - Reward: -4.85, Length: 40, Loss: -0.4524
2026-03-16 23:54:31 | INFO | Episode 50/250 - Reward: -4.10, Length: 40, Loss: -0.4135
2026-03-16 23:54:31 | INFO | Episode 50/250 - Avg Reward: -3.80, Avg Length: 38.64, Avg Loss: -0.2619
2026-03-16 23:54:32 | INFO | Episode 51/250 - Reward: -5.15, Length: 40, Loss: -0.4457
2026-03-16 23:54:33 | INFO | Episode 52/250 - Reward: -3.65, Length: 40, Loss: -0.4833
2026-03-16 23:54:33 | INFO | Episode 53/250 - Reward: -5.15, Length: 40, Loss: -0.5101
2026-03-16 23:54:34 | INFO | Episode 54/250 - Reward: -9.65, Length: 40, Loss: -0.4125
2026-03-16 23:54:35 | INFO | Episode 55/250 - Reward: -4.85, Length: 40, Loss: -0.4556
2026-03-16 23:54:36 | INFO | Episode 56/250 - Reward: -3.20, Length: 40, Loss: -0.4241
2026-03-16 23:54:36 | INFO | Episode 57/250 - Reward: -3.95, Length: 40, Loss: -0.4725
2026-03-16 23:54:37 | INFO | Episode 58/250 - Reward: 4.70, Length: 32, Loss: 0.9274
2026-03-16 23:54:38 | INFO | Episode 59/250 - Reward: -3.95, Length: 40, Loss: -0.4333
2026-03-16 23:54:39 | INFO | Episode 60/250 - Reward: 6.30, Length: 24, Loss: 1.3894
2026-03-16 23:54:39 | INFO | Episode 61/250 - Reward: -3.80, Length: 40, Loss: -0.4688
2026-03-16 23:54:40 | INFO | Episode 62/250 - Reward: -7.40, Length: 40, Loss: -0.4095
2026-03-16 23:54:41 | INFO | Episode 63/250 - Reward: -6.35, Length: 40, Loss: -0.4016
2026-03-16 23:54:41 | INFO | Episode 64/250 - Reward: -4.25, Length: 40, Loss: -0.4018
2026-03-16 23:54:42 | INFO | Episode 65/250 - Reward: -4.55, Length: 40, Loss: -0.3993
2026-03-16 23:54:43 | INFO | Episode 66/250 - Reward: -5.15, Length: 40, Loss: -0.4760
2026-03-16 23:54:44 | INFO | Episode 67/250 - Reward: -6.35, Length: 40, Loss: -0.5099
2026-03-16 23:54:44 | INFO | Episode 68/250 - Reward: 1.10, Length: 32, Loss: 0.5700
2026-03-16 23:54:45 | INFO | Episode 69/250 - Reward: -5.60, Length: 40, Loss: -0.4362
2026-03-16 23:54:46 | INFO | Episode 70/250 - Reward: -4.25, Length: 40, Loss: -0.4301
2026-03-16 23:54:47 | INFO | Episode 71/250 - Reward: -4.25, Length: 40, Loss: -0.4360
2026-03-16 23:54:47 | INFO | Episode 72/250 - Reward: -4.55, Length: 40, Loss: -0.4417
2026-03-16 23:54:48 | INFO | Episode 73/250 - Reward: -5.60, Length: 40, Loss: -0.5005
2026-03-16 23:54:49 | INFO | Episode 74/250 - Reward: 6.85, Length: 37, Loss: 0.7307
2026-03-16 23:54:50 | INFO | Episode 75/250 - Reward: -4.70, Length: 40, Loss: -0.4097
2026-03-16 23:54:50 | INFO | Episode 76/250 - Reward: -4.40, Length: 40, Loss: -0.4316
2026-03-16 23:54:51 | INFO | Episode 77/250 - Reward: -4.10, Length: 40, Loss: -0.4857
2026-03-16 23:54:52 | INFO | Episode 78/250 - Reward: -4.10, Length: 40, Loss: -0.3986
2026-03-16 23:54:52 | INFO | Episode 79/250 - Reward: -8.30, Length: 40, Loss: -0.3473
2026-03-16 23:54:52 | INFO | Episode 80/250 - Reward: -3.80, Length: 40, Loss: -0.4131
2026-03-16 23:54:53 | INFO | Episode 81/250 - Reward: 8.85, Length: 15, Loss: 2.1270
2026-03-16 23:54:54 | INFO | Episode 82/250 - Reward: -5.45, Length: 40, Loss: -0.4515
2026-03-16 23:54:54 | INFO | Episode 83/250 - Reward: -5.45, Length: 40, Loss: -0.4542
2026-03-16 23:54:55 | INFO | Episode 84/250 - Reward: -4.55, Length: 40, Loss: -0.4371
2026-03-16 23:54:56 | INFO | Episode 85/250 - Reward: -5.00, Length: 40, Loss: -0.4447
2026-03-16 23:54:57 | INFO | Episode 86/250 - Reward: -4.10, Length: 40, Loss: -0.4039
2026-03-16 23:54:58 | INFO | Episode 87/250 - Reward: 4.15, Length: 25, Loss: 1.2082
2026-03-16 23:54:58 | INFO | Episode 88/250 - Reward: -3.65, Length: 40, Loss: -0.4007
2026-03-16 23:54:59 | INFO | Episode 89/250 - Reward: -10.55, Length: 40, Loss: -0.5653
2026-03-16 23:55:00 | INFO | Episode 90/250 - Reward: -7.55, Length: 40, Loss: -0.3814
2026-03-16 23:55:01 | INFO | Episode 91/250 - Reward: -6.05, Length: 40, Loss: -0.4147
2026-03-16 23:55:01 | INFO | Episode 92/250 - Reward: -4.55, Length: 40, Loss: -0.4425
2026-03-16 23:55:02 | INFO | Episode 93/250 - Reward: -4.40, Length: 40, Loss: -0.4726
2026-03-16 23:55:03 | INFO | Episode 94/250 - Reward: -5.00, Length: 40, Loss: -0.4330
2026-03-16 23:55:04 | INFO | Episode 95/250 - Reward: -4.55, Length: 40, Loss: -0.4295
2026-03-16 23:55:04 | INFO | Episode 96/250 - Reward: 5.90, Length: 23, Loss: 1.3767
2026-03-16 23:55:05 | INFO | Episode 97/250 - Reward: 4.70, Length: 29, Loss: 1.0885
2026-03-16 23:55:06 | INFO | Episode 98/250 - Reward: -4.55, Length: 40, Loss: -0.4708
2026-03-16 23:55:07 | INFO | Episode 99/250 - Reward: -7.55, Length: 40, Loss: -0.5990
2026-03-16 23:55:07 | INFO | Episode 100/250 - Reward: -5.45, Length: 40, Loss: -0.4630
2026-03-16 23:55:07 | INFO | Episode 100/250 - Avg Reward: -3.54, Avg Length: 37.94, Avg Loss: -0.1856
2026-03-16 23:55:08 | INFO | Episode 101/250 - Reward: -5.00, Length: 40, Loss: -0.4343
2026-03-16 23:55:09 | INFO | Episode 102/250 - Reward: -4.10, Length: 40, Loss: -0.4147
2026-03-16 23:55:10 | INFO | Episode 103/250 - Reward: -4.55, Length: 40, Loss: -0.4861
2026-03-16 23:55:10 | INFO | Episode 104/250 - Reward: -5.15, Length: 40, Loss: -0.4525
2026-03-16 23:55:11 | INFO | Episode 105/250 - Reward: -3.80, Length: 40, Loss: -0.4412
2026-03-16 23:55:12 | INFO | Episode 106/250 - Reward: -5.45, Length: 40, Loss: -0.4695
2026-03-16 23:55:12 | INFO | Episode 107/250 - Reward: -5.75, Length: 40, Loss: -0.4620
2026-03-16 23:55:13 | INFO | Episode 108/250 - Reward: -5.90, Length: 40, Loss: -0.3608
2026-03-16 23:55:14 | INFO | Episode 109/250 - Reward: -6.20, Length: 40, Loss: -0.4332
2026-03-16 23:55:15 | INFO | Episode 110/250 - Reward: -6.20, Length: 40, Loss: -0.5525
2026-03-16 23:55:15 | INFO | Episode 111/250 - Reward: 9.15, Length: 12, Loss: 2.3838
2026-03-16 23:55:16 | INFO | Episode 112/250 - Reward: -5.45, Length: 40, Loss: -0.4402
2026-03-16 23:55:17 | INFO | Episode 113/250 - Reward: -6.05, Length: 40, Loss: -0.4120
2026-03-16 23:55:18 | INFO | Episode 114/250 - Reward: -6.05, Length: 40, Loss: -0.4957
2026-03-16 23:55:18 | INFO | Episode 115/250 - Reward: 0.80, Length: 35, Loss: 0.3905
2026-03-16 23:55:19 | INFO | Episode 116/250 - Reward: 7.00, Length: 13, Loss: 2.2860
2026-03-16 23:55:20 | INFO | Episode 117/250 - Reward: -4.85, Length: 40, Loss: -0.4475
2026-03-16 23:55:20 | INFO | Episode 118/250 - Reward: 6.95, Length: 26, Loss: 1.2684
2026-03-16 23:55:21 | INFO | Episode 119/250 - Reward: -3.65, Length: 40, Loss: -0.4488
2026-03-16 23:55:22 | INFO | Episode 120/250 - Reward: -6.80, Length: 40, Loss: -0.5364
2026-03-16 23:55:23 | INFO | Episode 121/250 - Reward: -3.80, Length: 40, Loss: -0.4779
2026-03-16 23:55:23 | INFO | Episode 122/250 - Reward: -3.50, Length: 40, Loss: -0.4267
2026-03-16 23:55:24 | INFO | Episode 123/250 - Reward: -5.30, Length: 40, Loss: -0.4301
2026-03-16 23:55:24 | INFO | Episode 124/250 - Reward: -4.85, Length: 40, Loss: -0.4124
2026-03-16 23:55:25 | INFO | Episode 125/250 - Reward: -4.10, Length: 40, Loss: -0.4453
2026-03-16 23:55:26 | INFO | Episode 126/250 - Reward: 4.00, Length: 31, Loss: 0.8920
2026-03-16 23:55:27 | INFO | Episode 127/250 - Reward: 6.15, Length: 39, Loss: 0.6359
2026-03-16 23:55:28 | INFO | Episode 128/250 - Reward: -4.55, Length: 40, Loss: -0.4782
2026-03-16 23:55:29 | INFO | Episode 129/250 - Reward: -10.55, Length: 40, Loss: -0.5402
2026-03-16 23:55:30 | INFO | Episode 130/250 - Reward: -2.90, Length: 40, Loss: -0.3921
2026-03-16 23:55:31 | INFO | Episode 131/250 - Reward: -6.95, Length: 40, Loss: -0.4685
2026-03-16 23:55:32 | INFO | Episode 132/250 - Reward: -4.40, Length: 40, Loss: -0.4111
2026-03-16 23:55:33 | INFO | Episode 133/250 - Reward: -4.25, Length: 40, Loss: -0.4378
2026-03-16 23:55:33 | INFO | Episode 134/250 - Reward: -3.50, Length: 40, Loss: -0.4125
2026-03-16 23:55:34 | INFO | Episode 135/250 - Reward: -5.00, Length: 40, Loss: -0.4245
2026-03-16 23:55:35 | INFO | Episode 136/250 - Reward: -9.65, Length: 40, Loss: -0.5876
2026-03-16 23:55:36 | INFO | Episode 137/250 - Reward: -4.10, Length: 40, Loss: -0.4784
2026-03-16 23:55:37 | INFO | Episode 138/250 - Reward: -5.60, Length: 40, Loss: -0.5255
2026-03-16 23:55:37 | INFO | Episode 139/250 - Reward: 7.65, Length: 27, Loss: 1.2113
2026-03-16 23:55:38 | INFO | Episode 140/250 - Reward: -4.10, Length: 40, Loss: -0.4545
2026-03-16 23:55:39 | INFO | Episode 141/250 - Reward: -5.15, Length: 40, Loss: -0.4658
2026-03-16 23:55:40 | INFO | Episode 142/250 - Reward: -4.85, Length: 40, Loss: -0.4969
2026-03-16 23:55:41 | INFO | Episode 143/250 - Reward: -6.65, Length: 40, Loss: -0.4899
2026-03-16 23:55:42 | INFO | Episode 144/250 - Reward: -7.40, Length: 40, Loss: -0.2450
2026-03-16 23:55:43 | INFO | Episode 145/250 - Reward: 7.15, Length: 28, Loss: 1.1852
2026-03-16 23:55:44 | INFO | Episode 146/250 - Reward: -10.10, Length: 40, Loss: -0.3915
2026-03-16 23:55:45 | INFO | Episode 147/250 - Reward: -4.10, Length: 40, Loss: -0.4285
2026-03-16 23:55:45 | INFO | Episode 148/250 - Reward: -3.65, Length: 40, Loss: -0.3848
2026-03-16 23:55:46 | INFO | Episode 149/250 - Reward: -4.55, Length: 40, Loss: -0.4667
2026-03-16 23:55:47 | INFO | Episode 150/250 - Reward: -4.25, Length: 40, Loss: -0.4184
2026-03-16 23:55:47 | INFO | Episode 150/250 - Avg Reward: -3.48, Avg Length: 37.82, Avg Loss: -0.1725
2026-03-16 23:55:48 | INFO | Episode 151/250 - Reward: -3.65, Length: 40, Loss: -0.4572
2026-03-16 23:55:48 | INFO | Episode 152/250 - Reward: -4.85, Length: 40, Loss: -0.4408
2026-03-16 23:55:49 | INFO | Episode 153/250 - Reward: -6.05, Length: 40, Loss: -0.4916
2026-03-16 23:55:50 | INFO | Episode 154/250 - Reward: -5.90, Length: 40, Loss: -0.4166
2026-03-16 23:55:51 | INFO | Episode 155/250 - Reward: 2.65, Length: 31, Loss: 0.7752
2026-03-16 23:55:51 | INFO | Episode 156/250 - Reward: -5.15, Length: 40, Loss: -0.4940
2026-03-16 23:55:52 | INFO | Episode 157/250 - Reward: -3.20, Length: 40, Loss: -0.4034
2026-03-16 23:55:53 | INFO | Episode 158/250 - Reward: 6.45, Length: 30, Loss: 1.0499
2026-03-16 23:55:54 | INFO | Episode 159/250 - Reward: 7.45, Length: 25, Loss: 1.3445
2026-03-16 23:55:54 | INFO | Episode 160/250 - Reward: -4.25, Length: 40, Loss: -0.4624
2026-03-16 23:55:55 | INFO | Episode 161/250 - Reward: -4.25, Length: 40, Loss: -0.4706
2026-03-16 23:55:55 | INFO | Episode 162/250 - Reward: -4.40, Length: 40, Loss: -0.4615
2026-03-16 23:55:56 | INFO | Episode 163/250 - Reward: 5.80, Length: 22, Loss: 1.4700
2026-03-16 23:55:57 | INFO | Episode 164/250 - Reward: -4.25, Length: 40, Loss: -0.4254
2026-03-16 23:55:57 | INFO | Episode 165/250 - Reward: -4.85, Length: 40, Loss: -0.4186
2026-03-16 23:55:58 | INFO | Episode 166/250 - Reward: -7.40, Length: 40, Loss: -0.2700
2026-03-16 23:55:59 | INFO | Episode 167/250 - Reward: -7.70, Length: 40, Loss: -0.5373
2026-03-16 23:56:00 | INFO | Episode 168/250 - Reward: 1.00, Length: 34, Loss: 0.4879
2026-03-16 23:56:00 | INFO | Episode 169/250 - Reward: 5.80, Length: 25, Loss: 1.2647
2026-03-16 23:56:01 | INFO | Episode 170/250 - Reward: -6.80, Length: 40, Loss: -0.5014
2026-03-16 23:56:02 | INFO | Episode 171/250 - Reward: -4.85, Length: 40, Loss: -0.5028
2026-03-16 23:56:02 | INFO | Episode 172/250 - Reward: -4.40, Length: 40, Loss: -0.4803
2026-03-16 23:56:03 | INFO | Episode 173/250 - Reward: -3.05, Length: 40, Loss: -0.4302
2026-03-16 23:56:04 | INFO | Episode 174/250 - Reward: 4.70, Length: 35, Loss: 0.7773
2026-03-16 23:56:05 | INFO | Episode 175/250 - Reward: -5.00, Length: 40, Loss: -0.4368
2026-03-16 23:56:05 | INFO | Episode 176/250 - Reward: -5.00, Length: 40, Loss: -0.4241
2026-03-16 23:56:06 | INFO | Episode 177/250 - Reward: -5.60, Length: 40, Loss: -0.4482
2026-03-16 23:56:07 | INFO | Episode 178/250 - Reward: -8.00, Length: 40, Loss: -0.3925
2026-03-16 23:56:07 | INFO | Episode 179/250 - Reward: -5.00, Length: 40, Loss: -0.4445
2026-03-16 23:56:08 | INFO | Episode 180/250 - Reward: -5.45, Length: 40, Loss: -0.4628
2026-03-16 23:56:09 | INFO | Episode 181/250 - Reward: -5.15, Length: 40, Loss: -0.6384
2026-03-16 23:56:09 | INFO | Episode 182/250 - Reward: -5.45, Length: 40, Loss: -0.4154
2026-03-16 23:56:10 | INFO | Episode 183/250 - Reward: -4.10, Length: 40, Loss: -0.4119
2026-03-16 23:56:11 | INFO | Episode 184/250 - Reward: -3.95, Length: 40, Loss: -0.4089
2026-03-16 23:56:11 | INFO | Episode 185/250 - Reward: -4.25, Length: 40, Loss: -0.4091
2026-03-16 23:56:12 | INFO | Episode 186/250 - Reward: -5.60, Length: 40, Loss: -0.4972
2026-03-16 23:56:13 | INFO | Episode 187/250 - Reward: -3.95, Length: 40, Loss: -0.4393
2026-03-16 23:56:14 | INFO | Episode 188/250 - Reward: -3.95, Length: 40, Loss: -0.3929
2026-03-16 23:56:14 | INFO | Episode 189/250 - Reward: 3.85, Length: 25, Loss: 1.1325
2026-03-16 23:56:15 | INFO | Episode 190/250 - Reward: -4.70, Length: 40, Loss: -0.4410
2026-03-16 23:56:16 | INFO | Episode 191/250 - Reward: -5.15, Length: 40, Loss: -0.4105
2026-03-16 23:56:17 | INFO | Episode 192/250 - Reward: -5.90, Length: 40, Loss: -0.5226
2026-03-16 23:56:18 | INFO | Episode 193/250 - Reward: -4.10, Length: 40, Loss: -0.4657
2026-03-16 23:56:18 | INFO | Episode 194/250 - Reward: -6.05, Length: 40, Loss: -0.4703
2026-03-16 23:56:19 | INFO | Episode 195/250 - Reward: -5.15, Length: 40, Loss: -0.4778
2026-03-16 23:56:20 | INFO | Episode 196/250 - Reward: -6.20, Length: 34, Loss: 0.0163
2026-03-16 23:56:21 | INFO | Episode 197/250 - Reward: 7.55, Length: 29, Loss: 1.1198
2026-03-16 23:56:21 | INFO | Episode 198/250 - Reward: -4.85, Length: 40, Loss: -0.3935
2026-03-16 23:56:22 | INFO | Episode 199/250 - Reward: -5.15, Length: 40, Loss: -0.4378
2026-03-16 23:56:23 | INFO | Episode 200/250 - Reward: 8.85, Length: 12, Loss: 2.3688
2026-03-16 23:56:23 | INFO | Episode 200/250 - Avg Reward: -2.97, Avg Length: 37.24, Avg Loss: -0.1140
2026-03-16 23:56:23 | INFO | Episode 201/250 - Reward: -4.40, Length: 40, Loss: -0.4262
2026-03-16 23:56:24 | INFO | Episode 202/250 - Reward: -3.80, Length: 40, Loss: -0.4297
2026-03-16 23:56:25 | INFO | Episode 203/250 - Reward: -11.15, Length: 40, Loss: -0.4833
2026-03-16 23:56:25 | INFO | Episode 204/250 - Reward: -7.55, Length: 40, Loss: -0.4127
2026-03-16 23:56:26 | INFO | Episode 205/250 - Reward: -7.85, Length: 40, Loss: -0.4568
2026-03-16 23:56:27 | INFO | Episode 206/250 - Reward: -5.30, Length: 40, Loss: -0.5012
2026-03-16 23:56:27 | INFO | Episode 207/250 - Reward: -3.80, Length: 40, Loss: -0.4232
2026-03-16 23:56:28 | INFO | Episode 208/250 - Reward: -4.10, Length: 40, Loss: -0.3758
2026-03-16 23:56:28 | INFO | Episode 209/250 - Reward: -3.95, Length: 40, Loss: -0.4274
2026-03-16 23:56:29 | INFO | Episode 210/250 - Reward: -5.30, Length: 40, Loss: -0.4826
2026-03-16 23:56:30 | INFO | Episode 211/250 - Reward: -4.85, Length: 40, Loss: -0.5236
2026-03-16 23:56:30 | INFO | Episode 212/250 - Reward: -3.50, Length: 40, Loss: -0.4449
2026-03-16 23:56:31 | INFO | Episode 213/250 - Reward: 8.15, Length: 17, Loss: 1.8805
2026-03-16 23:56:32 | INFO | Episode 214/250 - Reward: 6.55, Length: 31, Loss: 1.0083
2026-03-16 23:56:33 | INFO | Episode 215/250 - Reward: -5.30, Length: 40, Loss: -0.4939
2026-03-16 23:56:33 | INFO | Episode 216/250 - Reward: -3.50, Length: 40, Loss: -0.4120
2026-03-16 23:56:34 | INFO | Episode 217/250 - Reward: 2.75, Length: 32, Loss: 0.7818
2026-03-16 23:56:35 | INFO | Episode 218/250 - Reward: -4.10, Length: 40, Loss: -0.4048
2026-03-16 23:56:35 | INFO | Episode 219/250 - Reward: -5.90, Length: 40, Loss: -0.4230
2026-03-16 23:56:36 | INFO | Episode 220/250 - Reward: -4.70, Length: 40, Loss: -0.4096
2026-03-16 23:56:37 | INFO | Episode 221/250 - Reward: -4.10, Length: 40, Loss: -0.4259
2026-03-16 23:56:38 | INFO | Episode 222/250 - Reward: -7.10, Length: 40, Loss: -0.4601
2026-03-16 23:56:38 | INFO | Episode 223/250 - Reward: -7.10, Length: 40, Loss: -0.4043
2026-03-16 23:56:39 | INFO | Episode 224/250 - Reward: 7.05, Length: 30, Loss: 1.0651
2026-03-16 23:56:40 | INFO | Episode 225/250 - Reward: -6.20, Length: 40, Loss: -0.4984
2026-03-16 23:56:40 | INFO | Episode 226/250 - Reward: -5.15, Length: 40, Loss: -0.4971
2026-03-16 23:56:41 | INFO | Episode 227/250 - Reward: 4.75, Length: 19, Loss: 1.5459
2026-03-16 23:56:42 | INFO | Episode 228/250 - Reward: -4.55, Length: 40, Loss: -0.4122
2026-03-16 23:56:43 | INFO | Episode 229/250 - Reward: -4.10, Length: 40, Loss: -0.4541
2026-03-16 23:56:43 | INFO | Episode 230/250 - Reward: -4.85, Length: 40, Loss: -0.4022
2026-03-16 23:56:44 | INFO | Episode 231/250 - Reward: 2.10, Length: 24, Loss: 1.0400
2026-03-16 23:56:45 | INFO | Episode 232/250 - Reward: -4.55, Length: 40, Loss: -0.4416
2026-03-16 23:56:46 | INFO | Episode 233/250 - Reward: -4.70, Length: 40, Loss: -0.4242
2026-03-16 23:56:46 | INFO | Episode 234/250 - Reward: -3.65, Length: 40, Loss: -0.4739
2026-03-16 23:56:47 | INFO | Episode 235/250 - Reward: -3.95, Length: 40, Loss: -0.4193
2026-03-16 23:56:48 | INFO | Episode 236/250 - Reward: -10.40, Length: 40, Loss: -0.5770
2026-03-16 23:56:48 | INFO | Episode 237/250 - Reward: -3.35, Length: 40, Loss: -0.4599
2026-03-16 23:56:49 | INFO | Episode 238/250 - Reward: -4.70, Length: 40, Loss: -0.4179
2026-03-16 23:56:50 | INFO | Episode 239/250 - Reward: -1.25, Length: 40, Loss: 0.1273
2026-03-16 23:56:50 | INFO | Episode 240/250 - Reward: -17.15, Length: 40, Loss: -0.4477
2026-03-16 23:56:51 | INFO | Episode 241/250 - Reward: -3.80, Length: 40, Loss: -0.4765
2026-03-16 23:56:52 | INFO | Episode 242/250 - Reward: -5.30, Length: 40, Loss: -0.4106
2026-03-16 23:56:52 | INFO | Episode 243/250 - Reward: -5.00, Length: 40, Loss: -0.4573
2026-03-16 23:56:53 | INFO | Episode 244/250 - Reward: 6.45, Length: 36, Loss: 0.7448
2026-03-16 23:56:54 | INFO | Episode 245/250 - Reward: -4.10, Length: 40, Loss: -0.4635
2026-03-16 23:56:55 | INFO | Episode 246/250 - Reward: -15.20, Length: 40, Loss: -0.4813
2026-03-16 23:56:55 | INFO | Episode 247/250 - Reward: 4.40, Length: 35, Loss: 0.7060
2026-03-16 23:56:56 | INFO | Episode 248/250 - Reward: -4.70, Length: 40, Loss: -0.4249
2026-03-16 23:56:57 | INFO | Episode 249/250 - Reward: -5.30, Length: 40, Loss: -0.3416
2026-03-16 23:56:57 | INFO | Episode 250/250 - Reward: -6.35, Length: 40, Loss: -0.5872
2026-03-16 23:56:57 | INFO | Episode 250/250 - Avg Reward: -3.87, Avg Length: 38.08, Avg Loss: -0.1898
