2026-03-17 02:39:10 | INFO | ============================================================
2026-03-17 02:39:10 | INFO | DEVICE / COMPUTE INFORMATION
2026-03-17 02:39:10 | INFO |   JAX backend       : GPU
2026-03-17 02:39:10 | INFO |   Platform          : gpu
2026-03-17 02:39:10 | INFO |   Num devices       : 1
2026-03-17 02:39:10 | INFO |   Device            : cuda:0
2026-03-17 02:39:10 | INFO |   GPU name          : NVIDIA GeForce RTX 5060 Laptop GPU
2026-03-17 02:39:10 | INFO | ============================================================
2026-03-17 02:39:10 | INFO | ✓ JAX GPU backend confirmed.
2026-03-17 02:39:11 | INFO | REINFORCE seed=0_gamma=0.9_lr=0.1
2026-03-17 02:39:15 | INFO | Episode 1/250 - Reward: -8.15, Length: 40, Loss: -0.4334
2026-03-17 02:39:15 | INFO | Episode 2/250 - Reward: -6.05, Length: 40, Loss: -0.5420
2026-03-17 02:39:16 | INFO | Episode 3/250 - Reward: 0.30, Length: 36, Loss: 0.1466
2026-03-17 02:39:16 | INFO | Episode 4/250 - Reward: -10.10, Length: 40, Loss: -0.4771
2026-03-17 02:39:17 | INFO | Episode 5/250 - Reward: -4.25, Length: 40, Loss: -0.5334
2026-03-17 02:39:17 | INFO | Episode 6/250 - Reward: -5.30, Length: 40, Loss: -0.4146
2026-03-17 02:39:18 | INFO | Episode 7/250 - Reward: -5.45, Length: 40, Loss: -0.5926
2026-03-17 02:39:18 | INFO | Episode 8/250 - Reward: -5.00, Length: 40, Loss: -0.5119
2026-03-17 02:39:19 | INFO | Episode 9/250 - Reward: -4.70, Length: 40, Loss: -0.5822
2026-03-17 02:39:19 | INFO | Episode 10/250 - Reward: 6.75, Length: 30, Loss: 0.7326
2026-03-17 02:39:20 | INFO | Episode 11/250 - Reward: 3.95, Length: 29, Loss: 0.4324
2026-03-17 02:39:20 | INFO | Episode 12/250 - Reward: -4.55, Length: 40, Loss: -0.6119
2026-03-17 02:39:21 | INFO | Episode 13/250 - Reward: 4.70, Length: 32, Loss: 0.2565
2026-03-17 02:39:21 | INFO | Episode 14/250 - Reward: -5.15, Length: 40, Loss: -0.6003
2026-03-17 02:39:22 | INFO | Episode 15/250 - Reward: -3.95, Length: 40, Loss: -0.5346
2026-03-17 02:39:22 | INFO | Episode 16/250 - Reward: 3.40, Length: 34, Loss: 0.1132
2026-03-17 02:39:23 | INFO | Episode 17/250 - Reward: 7.75, Length: 19, Loss: 0.7201
2026-03-17 02:39:23 | INFO | Episode 18/250 - Reward: -5.30, Length: 40, Loss: -0.5235
2026-03-17 02:39:24 | INFO | Episode 19/250 - Reward: -6.65, Length: 40, Loss: -0.4609
2026-03-17 02:39:24 | INFO | Episode 20/250 - Reward: 8.65, Length: 16, Loss: 1.4325
2026-03-17 02:39:25 | INFO | Episode 21/250 - Reward: 5.25, Length: 36, Loss: 0.2828
2026-03-17 02:39:25 | INFO | Episode 22/250 - Reward: -6.05, Length: 40, Loss: -0.4333
2026-03-17 02:39:26 | INFO | Episode 23/250 - Reward: 8.45, Length: 14, Loss: 1.2246
2026-03-17 02:39:26 | INFO | Episode 24/250 - Reward: -5.15, Length: 40, Loss: -0.5490
2026-03-17 02:39:27 | INFO | Episode 25/250 - Reward: 8.05, Length: 19, Loss: 1.0226
2026-03-17 02:39:27 | INFO | Episode 26/250 - Reward: 3.85, Length: 25, Loss: 0.3615
2026-03-17 02:39:28 | INFO | Episode 27/250 - Reward: 2.95, Length: 28, Loss: 0.4156
2026-03-17 02:39:28 | INFO | Episode 28/250 - Reward: -5.75, Length: 40, Loss: -0.4439
2026-03-17 02:39:28 | INFO | Episode 29/250 - Reward: 7.15, Length: 22, Loss: 0.4783
2026-03-17 02:39:28 | INFO | Episode 30/250 - Reward: 6.95, Length: 26, Loss: 0.4153
2026-03-17 02:39:29 | INFO | Episode 31/250 - Reward: 8.15, Length: 17, Loss: 1.1146
2026-03-17 02:39:29 | INFO | Episode 32/250 - Reward: 7.65, Length: 21, Loss: 0.6506
2026-03-17 02:39:30 | INFO | Episode 33/250 - Reward: 5.65, Length: 31, Loss: 0.1774
2026-03-17 02:39:30 | INFO | Episode 34/250 - Reward: 8.85, Length: 12, Loss: 1.2795
2026-03-17 02:39:31 | INFO | Episode 35/250 - Reward: -5.75, Length: 40, Loss: -0.7207
2026-03-17 02:39:31 | INFO | Episode 36/250 - Reward: 8.75, Length: 14, Loss: 1.2194
2026-03-17 02:39:32 | INFO | Episode 37/250 - Reward: 8.25, Length: 15, Loss: 0.9066
2026-03-17 02:39:32 | INFO | Episode 38/250 - Reward: 7.55, Length: 20, Loss: 0.7871
2026-03-17 02:39:33 | INFO | Episode 39/250 - Reward: 6.90, Length: 12, Loss: 1.2068
2026-03-17 02:39:33 | INFO | Episode 40/250 - Reward: 8.55, Length: 15, Loss: 1.4472
2026-03-17 02:39:34 | INFO | Episode 41/250 - Reward: -6.35, Length: 40, Loss: -0.4761
2026-03-17 02:39:34 | INFO | Episode 42/250 - Reward: 7.45, Length: 19, Loss: 0.6437
2026-03-17 02:39:35 | INFO | Episode 43/250 - Reward: 8.25, Length: 15, Loss: 0.8863
2026-03-17 02:39:35 | INFO | Episode 44/250 - Reward: -7.25, Length: 40, Loss: -0.3855
2026-03-17 02:39:36 | INFO | Episode 45/250 - Reward: -7.25, Length: 40, Loss: -0.3791
2026-03-17 02:39:36 | INFO | Episode 46/250 - Reward: 7.95, Length: 18, Loss: 0.7710
2026-03-17 02:39:37 | INFO | Episode 47/250 - Reward: 7.95, Length: 18, Loss: 0.9027
2026-03-17 02:39:37 | INFO | Episode 48/250 - Reward: -6.95, Length: 40, Loss: -0.3170
2026-03-17 02:39:38 | INFO | Episode 49/250 - Reward: 8.05, Length: 16, Loss: 0.8024
2026-03-17 02:39:38 | INFO | Episode 50/250 - Reward: 6.60, Length: 15, Loss: 0.8571
2026-03-17 02:39:38 | INFO | Episode 50/250 - Avg Reward: 1.39, Avg Length: 29.28, Avg Loss: 0.2233
2026-03-17 02:39:39 | INFO | Episode 51/250 - Reward: 3.95, Length: 38, Loss: 0.1428
2026-03-17 02:39:40 | INFO | Episode 52/250 - Reward: 5.25, Length: 36, Loss: 0.0699
2026-03-17 02:39:40 | INFO | Episode 53/250 - Reward: 5.85, Length: 30, Loss: 0.2324
2026-03-17 02:39:41 | INFO | Episode 54/250 - Reward: 8.05, Length: 16, Loss: 0.9308
2026-03-17 02:39:41 | INFO | Episode 55/250 - Reward: 9.45, Length: 9, Loss: 1.4291
2026-03-17 02:39:42 | INFO | Episode 56/250 - Reward: 9.65, Length: 8, Loss: 1.2791
2026-03-17 02:39:42 | INFO | Episode 57/250 - Reward: 9.25, Length: 10, Loss: 1.4268
2026-03-17 02:39:43 | INFO | Episode 58/250 - Reward: 9.65, Length: 8, Loss: 1.4374
2026-03-17 02:39:43 | INFO | Episode 59/250 - Reward: -7.55, Length: 40, Loss: -0.3535
2026-03-17 02:39:44 | INFO | Episode 60/250 - Reward: 5.40, Length: 21, Loss: 0.2143
2026-03-17 02:39:44 | INFO | Episode 61/250 - Reward: 7.10, Length: 11, Loss: 1.0987
2026-03-17 02:39:45 | INFO | Episode 62/250 - Reward: 9.45, Length: 9, Loss: 1.4184
2026-03-17 02:39:45 | INFO | Episode 63/250 - Reward: 7.65, Length: 18, Loss: 0.6893
2026-03-17 02:39:46 | INFO | Episode 64/250 - Reward: -6.95, Length: 40, Loss: -0.1610
2026-03-17 02:39:46 | INFO | Episode 65/250 - Reward: 7.75, Length: 19, Loss: 0.6350
2026-03-17 02:39:47 | INFO | Episode 66/250 - Reward: 9.45, Length: 9, Loss: 1.4191
2026-03-17 02:39:47 | INFO | Episode 67/250 - Reward: 8.85, Length: 12, Loss: 0.9562
2026-03-17 02:39:48 | INFO | Episode 68/250 - Reward: -7.55, Length: 40, Loss: -0.4687
2026-03-17 02:39:48 | INFO | Episode 69/250 - Reward: 5.50, Length: 19, Loss: 0.3357
2026-03-17 02:39:49 | INFO | Episode 70/250 - Reward: 8.85, Length: 12, Loss: 1.1225
2026-03-17 02:39:49 | INFO | Episode 71/250 - Reward: 9.05, Length: 11, Loss: 1.0635
2026-03-17 02:39:50 | INFO | Episode 72/250 - Reward: 9.65, Length: 8, Loss: 0.9335
2026-03-17 02:39:50 | INFO | Episode 73/250 - Reward: 9.65, Length: 8, Loss: 0.7105
2026-03-17 02:39:50 | INFO | Episode 74/250 - Reward: 9.25, Length: 10, Loss: 1.3304
2026-03-17 02:39:51 | INFO | Episode 75/250 - Reward: 7.85, Length: 17, Loss: 0.6972
2026-03-17 02:39:52 | INFO | Episode 76/250 - Reward: 5.45, Length: 29, Loss: 0.4035
2026-03-17 02:39:52 | INFO | Episode 77/250 - Reward: 7.85, Length: 17, Loss: 0.8248
2026-03-17 02:39:53 | INFO | Episode 78/250 - Reward: 7.45, Length: 19, Loss: 0.6281
2026-03-17 02:39:53 | INFO | Episode 79/250 - Reward: 8.65, Length: 13, Loss: 1.0042
2026-03-17 02:39:54 | INFO | Episode 80/250 - Reward: 9.35, Length: 11, Loss: 1.4110
2026-03-17 02:39:54 | INFO | Episode 81/250 - Reward: 9.45, Length: 9, Loss: 0.9491
2026-03-17 02:39:55 | INFO | Episode 82/250 - Reward: 6.90, Length: 12, Loss: 0.9480
2026-03-17 02:39:55 | INFO | Episode 83/250 - Reward: -7.25, Length: 40, Loss: -0.4219
2026-03-17 02:39:56 | INFO | Episode 84/250 - Reward: 6.10, Length: 16, Loss: 0.5207
2026-03-17 02:39:56 | INFO | Episode 85/250 - Reward: -6.95, Length: 40, Loss: -0.4395
2026-03-17 02:39:57 | INFO | Episode 86/250 - Reward: 8.85, Length: 12, Loss: 1.1502
2026-03-17 02:39:57 | INFO | Episode 87/250 - Reward: 8.45, Length: 14, Loss: 0.8135
2026-03-17 02:39:58 | INFO | Episode 88/250 - Reward: 9.05, Length: 11, Loss: 1.1036
2026-03-17 02:39:58 | INFO | Episode 89/250 - Reward: 9.45, Length: 9, Loss: 1.1326
2026-03-17 02:39:59 | INFO | Episode 90/250 - Reward: 9.25, Length: 10, Loss: 1.2585
2026-03-17 02:39:59 | INFO | Episode 91/250 - Reward: 8.65, Length: 13, Loss: 1.0824
2026-03-17 02:39:59 | INFO | Episode 92/250 - Reward: 9.05, Length: 11, Loss: 1.2587
2026-03-17 02:40:00 | INFO | Episode 93/250 - Reward: -7.25, Length: 40, Loss: -0.2489
2026-03-17 02:40:00 | INFO | Episode 94/250 - Reward: 8.45, Length: 14, Loss: 0.8937
2026-03-17 02:40:01 | INFO | Episode 95/250 - Reward: 9.25, Length: 10, Loss: 1.2128
2026-03-17 02:40:02 | INFO | Episode 96/250 - Reward: 9.25, Length: 10, Loss: 1.3428
2026-03-17 02:40:02 | INFO | Episode 97/250 - Reward: 8.85, Length: 12, Loss: 0.9008
2026-03-17 02:40:03 | INFO | Episode 98/250 - Reward: 9.45, Length: 9, Loss: 1.0276
2026-03-17 02:40:03 | INFO | Episode 99/250 - Reward: -8.90, Length: 40, Loss: -0.0878
2026-03-17 02:40:04 | INFO | Episode 100/250 - Reward: 7.50, Length: 9, Loss: 1.4410
2026-03-17 02:40:04 | INFO | Episode 100/250 - Avg Reward: 6.02, Avg Length: 17.78, Avg Loss: 0.7740
2026-03-17 02:40:05 | INFO | Episode 101/250 - Reward: -7.55, Length: 40, Loss: -0.3578
2026-03-17 02:40:05 | INFO | Episode 102/250 - Reward: 9.45, Length: 9, Loss: 1.2915
2026-03-17 02:40:06 | INFO | Episode 103/250 - Reward: 9.65, Length: 8, Loss: 1.1696
2026-03-17 02:40:07 | INFO | Episode 104/250 - Reward: 9.25, Length: 10, Loss: 1.4900
2026-03-17 02:40:07 | INFO | Episode 105/250 - Reward: 5.85, Length: 27, Loss: 0.2957
2026-03-17 02:40:08 | INFO | Episode 106/250 - Reward: 8.05, Length: 16, Loss: 0.8673
2026-03-17 02:40:09 | INFO | Episode 107/250 - Reward: 9.25, Length: 10, Loss: 1.0174
2026-03-17 02:40:09 | INFO | Episode 108/250 - Reward: -7.55, Length: 40, Loss: -0.2487
2026-03-17 02:40:10 | INFO | Episode 109/250 - Reward: 8.45, Length: 14, Loss: 1.1995
2026-03-17 02:40:11 | INFO | Episode 110/250 - Reward: 9.05, Length: 11, Loss: 1.3816
2026-03-17 02:40:11 | INFO | Episode 111/250 - Reward: 8.25, Length: 15, Loss: 0.7630
2026-03-17 02:40:12 | INFO | Episode 112/250 - Reward: 4.80, Length: 24, Loss: 0.0901
2026-03-17 02:40:13 | INFO | Episode 113/250 - Reward: 9.45, Length: 9, Loss: 1.0240
2026-03-17 02:40:13 | INFO | Episode 114/250 - Reward: 9.25, Length: 10, Loss: 1.3229
2026-03-17 02:40:14 | INFO | Episode 115/250 - Reward: 8.45, Length: 14, Loss: 0.9235
2026-03-17 02:40:15 | INFO | Episode 116/250 - Reward: 9.05, Length: 11, Loss: 1.3065
2026-03-17 02:40:15 | INFO | Episode 117/250 - Reward: 7.65, Length: 18, Loss: 0.6510
2026-03-17 02:40:16 | INFO | Episode 118/250 - Reward: 7.85, Length: 17, Loss: 0.6955
2026-03-17 02:40:17 | INFO | Episode 119/250 - Reward: 8.45, Length: 14, Loss: 0.9683
2026-03-17 02:40:17 | INFO | Episode 120/250 - Reward: 9.65, Length: 8, Loss: 0.8714
2026-03-17 02:40:18 | INFO | Episode 121/250 - Reward: 9.65, Length: 8, Loss: 1.2660
2026-03-17 02:40:19 | INFO | Episode 122/250 - Reward: 8.25, Length: 15, Loss: 1.0021
2026-03-17 02:40:19 | INFO | Episode 123/250 - Reward: 8.05, Length: 16, Loss: 0.8153
2026-03-17 02:40:20 | INFO | Episode 124/250 - Reward: -6.95, Length: 40, Loss: -0.0811
2026-03-17 02:40:21 | INFO | Episode 125/250 - Reward: 7.45, Length: 19, Loss: 0.6166
2026-03-17 02:40:21 | INFO | Episode 126/250 - Reward: 8.45, Length: 14, Loss: 1.0893
2026-03-17 02:40:22 | INFO | Episode 127/250 - Reward: 8.75, Length: 14, Loss: 0.8844
2026-03-17 02:40:23 | INFO | Episode 128/250 - Reward: 9.35, Length: 11, Loss: 1.3182
2026-03-17 02:40:23 | INFO | Episode 129/250 - Reward: 7.70, Length: 8, Loss: 1.2659
2026-03-17 02:40:24 | INFO | Episode 130/250 - Reward: 9.25, Length: 10, Loss: 1.2698
2026-03-17 02:40:25 | INFO | Episode 131/250 - Reward: 8.25, Length: 15, Loss: 0.8462
2026-03-17 02:40:25 | INFO | Episode 132/250 - Reward: 8.25, Length: 15, Loss: 0.7972
2026-03-17 02:40:26 | INFO | Episode 133/250 - Reward: -7.55, Length: 40, Loss: -0.2238
2026-03-17 02:40:26 | INFO | Episode 134/250 - Reward: 9.45, Length: 9, Loss: 1.2283
2026-03-17 02:40:27 | INFO | Episode 135/250 - Reward: 8.85, Length: 12, Loss: 1.0659
2026-03-17 02:40:28 | INFO | Episode 136/250 - Reward: 9.45, Length: 9, Loss: 1.3621
2026-03-17 02:40:28 | INFO | Episode 137/250 - Reward: 5.10, Length: 21, Loss: 0.2755
2026-03-17 02:40:29 | INFO | Episode 138/250 - Reward: 9.45, Length: 9, Loss: 0.9957
2026-03-17 02:40:30 | INFO | Episode 139/250 - Reward: 9.25, Length: 10, Loss: 0.9308
2026-03-17 02:40:30 | INFO | Episode 140/250 - Reward: 9.15, Length: 12, Loss: 0.9752
2026-03-17 02:40:31 | INFO | Episode 141/250 - Reward: 7.15, Length: 22, Loss: 0.8015
2026-03-17 02:40:31 | INFO | Episode 142/250 - Reward: 9.25, Length: 10, Loss: 0.9848
2026-03-17 02:40:31 | INFO | Episode 143/250 - Reward: 8.85, Length: 12, Loss: 1.0822
2026-03-17 02:40:32 | INFO | Episode 144/250 - Reward: 9.45, Length: 9, Loss: 0.9784
2026-03-17 02:40:33 | INFO | Episode 145/250 - Reward: 9.25, Length: 10, Loss: 0.8499
2026-03-17 02:40:33 | INFO | Episode 146/250 - Reward: 9.65, Length: 8, Loss: 0.6310
2026-03-17 02:40:34 | INFO | Episode 147/250 - Reward: -7.25, Length: 40, Loss: -0.0834
2026-03-17 02:40:35 | INFO | Episode 148/250 - Reward: -8.90, Length: 40, Loss: -0.0711
2026-03-17 02:40:35 | INFO | Episode 149/250 - Reward: 9.25, Length: 10, Loss: 1.4639
2026-03-17 02:40:36 | INFO | Episode 150/250 - Reward: 8.65, Length: 13, Loss: 0.8551
2026-03-17 02:40:36 | INFO | Episode 150/250 - Avg Reward: 6.63, Avg Length: 16.12, Avg Loss: 0.8383
2026-03-17 02:40:37 | INFO | Episode 151/250 - Reward: 5.90, Length: 17, Loss: 0.4386
2026-03-17 02:40:37 | INFO | Episode 152/250 - Reward: 9.05, Length: 11, Loss: 0.7322
2026-03-17 02:40:38 | INFO | Episode 153/250 - Reward: 9.45, Length: 9, Loss: 1.0987
2026-03-17 02:40:39 | INFO | Episode 154/250 - Reward: 8.65, Length: 13, Loss: 0.7172
2026-03-17 02:40:39 | INFO | Episode 155/250 - Reward: 9.65, Length: 8, Loss: 0.6446
2026-03-17 02:40:40 | INFO | Episode 156/250 - Reward: 9.65, Length: 8, Loss: 1.1104
2026-03-17 02:40:41 | INFO | Episode 157/250 - Reward: 4.10, Length: 26, Loss: 0.2629
2026-03-17 02:40:41 | INFO | Episode 158/250 - Reward: 9.65, Length: 8, Loss: 0.8715
2026-03-17 02:40:42 | INFO | Episode 159/250 - Reward: -8.90, Length: 40, Loss: -0.2180
2026-03-17 02:40:43 | INFO | Episode 160/250 - Reward: 7.10, Length: 11, Loss: 1.1328
2026-03-17 02:40:43 | INFO | Episode 161/250 - Reward: 6.95, Length: 23, Loss: 0.5466
2026-03-17 02:40:44 | INFO | Episode 162/250 - Reward: 9.65, Length: 8, Loss: 0.7733
2026-03-17 02:40:45 | INFO | Episode 163/250 - Reward: 9.65, Length: 8, Loss: 0.5196
2026-03-17 02:40:46 | INFO | Episode 164/250 - Reward: 4.90, Length: 22, Loss: 0.1764
2026-03-17 02:40:46 | INFO | Episode 165/250 - Reward: 9.45, Length: 9, Loss: 0.7280
2026-03-17 02:40:47 | INFO | Episode 166/250 - Reward: 9.45, Length: 9, Loss: 0.7866
2026-03-17 02:40:48 | INFO | Episode 167/250 - Reward: 9.65, Length: 8, Loss: 0.9852
2026-03-17 02:40:48 | INFO | Episode 168/250 - Reward: -8.90, Length: 40, Loss: -0.0900
2026-03-17 02:40:49 | INFO | Episode 169/250 - Reward: 9.65, Length: 8, Loss: 0.3966
2026-03-17 02:40:50 | INFO | Episode 170/250 - Reward: 6.30, Length: 15, Loss: 0.8176
2026-03-17 02:40:50 | INFO | Episode 171/250 - Reward: 9.65, Length: 8, Loss: 0.4142
2026-03-17 02:40:51 | INFO | Episode 172/250 - Reward: -8.90, Length: 40, Loss: -0.0708
2026-03-17 02:40:51 | INFO | Episode 173/250 - Reward: 1.90, Length: 37, Loss: 0.0685
2026-03-17 02:40:52 | INFO | Episode 174/250 - Reward: 7.70, Length: 8, Loss: 1.6896
2026-03-17 02:40:53 | INFO | Episode 175/250 - Reward: 9.45, Length: 9, Loss: 0.8255
2026-03-17 02:40:53 | INFO | Episode 176/250 - Reward: 9.45, Length: 9, Loss: 0.7564
2026-03-17 02:40:54 | INFO | Episode 177/250 - Reward: 6.50, Length: 14, Loss: 0.7829
2026-03-17 02:40:55 | INFO | Episode 178/250 - Reward: 9.45, Length: 9, Loss: 0.6693
2026-03-17 02:40:55 | INFO | Episode 179/250 - Reward: 7.30, Length: 10, Loss: 1.5204
2026-03-17 02:40:56 | INFO | Episode 180/250 - Reward: 4.10, Length: 26, Loss: 0.2459
2026-03-17 02:40:57 | INFO | Episode 181/250 - Reward: 7.70, Length: 8, Loss: 1.3527
2026-03-17 02:40:57 | INFO | Episode 182/250 - Reward: 9.45, Length: 9, Loss: 0.8817
2026-03-17 02:40:58 | INFO | Episode 183/250 - Reward: 9.05, Length: 11, Loss: 1.0952
2026-03-17 02:40:59 | INFO | Episode 184/250 - Reward: 9.05, Length: 11, Loss: 1.0456
2026-03-17 02:40:59 | INFO | Episode 185/250 - Reward: 9.05, Length: 11, Loss: 1.3037
2026-03-17 02:41:00 | INFO | Episode 186/250 - Reward: 9.25, Length: 10, Loss: 1.3348
2026-03-17 02:41:01 | INFO | Episode 187/250 - Reward: 9.25, Length: 10, Loss: 0.8501
2026-03-17 02:41:01 | INFO | Episode 188/250 - Reward: 9.45, Length: 9, Loss: 1.1276
2026-03-17 02:41:02 | INFO | Episode 189/250 - Reward: 9.55, Length: 10, Loss: 1.5571
2026-03-17 02:41:02 | INFO | Episode 190/250 - Reward: 9.45, Length: 9, Loss: 0.6734
2026-03-17 02:41:02 | INFO | Episode 191/250 - Reward: 9.45, Length: 9, Loss: 0.9295
2026-03-17 02:41:03 | INFO | Episode 192/250 - Reward: 6.50, Length: 14, Loss: 0.6727
2026-03-17 02:41:04 | INFO | Episode 193/250 - Reward: 9.25, Length: 10, Loss: 1.1301
2026-03-17 02:41:04 | INFO | Episode 194/250 - Reward: 8.65, Length: 13, Loss: 0.7269
2026-03-17 02:41:05 | INFO | Episode 195/250 - Reward: 9.25, Length: 10, Loss: 1.4260
2026-03-17 02:41:05 | INFO | Episode 196/250 - Reward: 9.05, Length: 11, Loss: 1.0863
2026-03-17 02:41:06 | INFO | Episode 197/250 - Reward: 9.25, Length: 10, Loss: 1.1504
2026-03-17 02:41:07 | INFO | Episode 198/250 - Reward: 9.05, Length: 11, Loss: 1.5730
2026-03-17 02:41:07 | INFO | Episode 199/250 - Reward: 9.45, Length: 9, Loss: 0.9914
2026-03-17 02:41:08 | INFO | Episode 200/250 - Reward: 4.90, Length: 22, Loss: 0.2961
2026-03-17 02:41:08 | INFO | Episode 200/250 - Avg Reward: 7.27, Avg Length: 13.76, Avg Loss: 0.8107
2026-03-17 02:41:09 | INFO | Episode 201/250 - Reward: 9.65, Length: 8, Loss: 1.2397
2026-03-17 02:41:10 | INFO | Episode 202/250 - Reward: 9.45, Length: 9, Loss: 1.0844
2026-03-17 02:41:10 | INFO | Episode 203/250 - Reward: 9.65, Length: 8, Loss: 0.7526
2026-03-17 02:41:11 | INFO | Episode 204/250 - Reward: 7.30, Length: 10, Loss: 1.1576
2026-03-17 02:41:11 | INFO | Episode 205/250 - Reward: 9.65, Length: 8, Loss: 0.7671
2026-03-17 02:41:12 | INFO | Episode 206/250 - Reward: 7.70, Length: 8, Loss: 1.4642
2026-03-17 02:41:13 | INFO | Episode 207/250 - Reward: 9.65, Length: 8, Loss: 1.1280
2026-03-17 02:41:14 | INFO | Episode 208/250 - Reward: -7.55, Length: 40, Loss: -0.3033
2026-03-17 02:41:14 | INFO | Episode 209/250 - Reward: 1.50, Length: 39, Loss: 0.1154
2026-03-17 02:41:15 | INFO | Episode 210/250 - Reward: 6.70, Length: 13, Loss: 0.7041
2026-03-17 02:41:15 | INFO | Episode 211/250 - Reward: 9.65, Length: 8, Loss: 0.9509
2026-03-17 02:41:16 | INFO | Episode 212/250 - Reward: 9.45, Length: 9, Loss: 1.0259
2026-03-17 02:41:17 | INFO | Episode 213/250 - Reward: 9.65, Length: 8, Loss: 0.9110
2026-03-17 02:41:17 | INFO | Episode 214/250 - Reward: 9.65, Length: 8, Loss: 0.6265
2026-03-17 02:41:18 | INFO | Episode 215/250 - Reward: 9.05, Length: 11, Loss: 1.0470
2026-03-17 02:41:19 | INFO | Episode 216/250 - Reward: 9.05, Length: 11, Loss: 1.0459
2026-03-17 02:41:19 | INFO | Episode 217/250 - Reward: 9.45, Length: 9, Loss: 1.0563
2026-03-17 02:41:20 | INFO | Episode 218/250 - Reward: 9.25, Length: 10, Loss: 1.0767
2026-03-17 02:41:21 | INFO | Episode 219/250 - Reward: 9.65, Length: 8, Loss: 0.9421
2026-03-17 02:41:21 | INFO | Episode 220/250 - Reward: 4.30, Length: 25, Loss: 0.3507
2026-03-17 02:41:22 | INFO | Episode 221/250 - Reward: 9.45, Length: 9, Loss: 0.9443
2026-03-17 02:41:23 | INFO | Episode 222/250 - Reward: 6.75, Length: 24, Loss: 0.1363
2026-03-17 02:41:23 | INFO | Episode 223/250 - Reward: 9.65, Length: 8, Loss: 1.0698
2026-03-17 02:41:24 | INFO | Episode 224/250 - Reward: 9.45, Length: 9, Loss: 1.3284
2026-03-17 02:41:24 | INFO | Episode 225/250 - Reward: 9.45, Length: 9, Loss: 0.6923
2026-03-17 02:41:25 | INFO | Episode 226/250 - Reward: 9.25, Length: 10, Loss: 1.1138
2026-03-17 02:41:26 | INFO | Episode 227/250 - Reward: 9.25, Length: 10, Loss: 0.9015
2026-03-17 02:41:26 | INFO | Episode 228/250 - Reward: 9.35, Length: 11, Loss: 1.8986
2026-03-17 02:41:27 | INFO | Episode 229/250 - Reward: 6.70, Length: 13, Loss: 0.7316
2026-03-17 02:41:28 | INFO | Episode 230/250 - Reward: 9.65, Length: 8, Loss: 0.6641
2026-03-17 02:41:28 | INFO | Episode 231/250 - Reward: 3.50, Length: 29, Loss: 0.1891
2026-03-17 02:41:29 | INFO | Episode 232/250 - Reward: 9.25, Length: 10, Loss: 1.2322
2026-03-17 02:41:30 | INFO | Episode 233/250 - Reward: 9.45, Length: 9, Loss: 1.0830
2026-03-17 02:41:30 | INFO | Episode 234/250 - Reward: 8.85, Length: 12, Loss: 1.1407
2026-03-17 02:41:31 | INFO | Episode 235/250 - Reward: 6.15, Length: 27, Loss: 0.1707
2026-03-17 02:41:32 | INFO | Episode 236/250 - Reward: 8.65, Length: 13, Loss: 1.1024
2026-03-17 02:41:32 | INFO | Episode 237/250 - Reward: 8.05, Length: 16, Loss: 0.7917
2026-03-17 02:41:33 | INFO | Episode 238/250 - Reward: 6.15, Length: 27, Loss: 0.2104
2026-03-17 02:41:33 | INFO | Episode 239/250 - Reward: 8.85, Length: 12, Loss: 1.3753
2026-03-17 02:41:34 | INFO | Episode 240/250 - Reward: 8.65, Length: 13, Loss: 0.8916
2026-03-17 02:41:33 | INFO | Episode 241/250 - Reward: 8.85, Length: 12, Loss: 1.0189
2026-03-17 02:41:34 | INFO | Episode 242/250 - Reward: 9.65, Length: 8, Loss: 1.2620
2026-03-17 02:41:34 | INFO | Episode 243/250 - Reward: -8.90, Length: 40, Loss: -0.1392
2026-03-17 02:41:35 | INFO | Episode 244/250 - Reward: 4.20, Length: 27, Loss: 0.0077
2026-03-17 02:41:35 | INFO | Episode 245/250 - Reward: 9.65, Length: 8, Loss: 0.6048
2026-03-17 02:41:36 | INFO | Episode 246/250 - Reward: 9.65, Length: 8, Loss: 0.4898
2026-03-17 02:41:36 | INFO | Episode 247/250 - Reward: 9.65, Length: 8, Loss: 0.6775
2026-03-17 02:41:37 | INFO | Episode 248/250 - Reward: 9.65, Length: 8, Loss: 0.3887
2026-03-17 02:41:37 | INFO | Episode 249/250 - Reward: 9.05, Length: 11, Loss: 1.2686
2026-03-17 02:41:38 | INFO | Episode 250/250 - Reward: 9.05, Length: 11, Loss: 1.0459
2026-03-17 02:41:38 | INFO | Episode 250/250 - Avg Reward: 7.80, Avg Length: 13.56, Avg Loss: 0.8287
