2026-03-16 23:47:36 | INFO | ============================================================
2026-03-16 23:47:36 | INFO | DEVICE / COMPUTE INFORMATION
2026-03-16 23:47:36 | INFO |   JAX backend       : GPU
2026-03-16 23:47:36 | INFO |   Platform          : gpu
2026-03-16 23:47:36 | INFO |   Num devices       : 1
2026-03-16 23:47:36 | INFO |   Device            : cuda:0
2026-03-16 23:47:36 | INFO |   GPU name          : NVIDIA GeForce RTX 5060 Laptop GPU
2026-03-16 23:47:36 | INFO | ============================================================
2026-03-16 23:47:36 | INFO | ✓ JAX GPU backend confirmed.
2026-03-16 23:47:38 | INFO | REINFORCE seed=1_gamma=0.99_lr=0.1
2026-03-16 23:47:43 | INFO | Episode 1/250 - Reward: -3.80, Length: 40, Loss: -0.4269
2026-03-16 23:47:44 | INFO | Episode 2/250 - Reward: -4.70, Length: 40, Loss: -0.4597
2026-03-16 23:47:45 | INFO | Episode 3/250 - Reward: -4.85, Length: 40, Loss: -0.4986
2026-03-16 23:47:45 | INFO | Episode 4/250 - Reward: -4.55, Length: 40, Loss: -0.4784
2026-03-16 23:47:46 | INFO | Episode 5/250 - Reward: -3.80, Length: 40, Loss: -0.4496
2026-03-16 23:47:47 | INFO | Episode 6/250 - Reward: -4.55, Length: 40, Loss: -0.4398
2026-03-16 23:47:47 | INFO | Episode 7/250 - Reward: -4.40, Length: 40, Loss: -0.3726
2026-03-16 23:47:48 | INFO | Episode 8/250 - Reward: -3.50, Length: 40, Loss: -0.4353
2026-03-16 23:47:49 | INFO | Episode 9/250 - Reward: -5.90, Length: 40, Loss: -0.4700
2026-03-16 23:47:49 | INFO | Episode 10/250 - Reward: -4.10, Length: 40, Loss: -0.4001
2026-03-16 23:47:50 | INFO | Episode 11/250 - Reward: -4.10, Length: 40, Loss: -0.4334
2026-03-16 23:47:51 | INFO | Episode 12/250 - Reward: -4.25, Length: 40, Loss: -0.5038
2026-03-16 23:47:51 | INFO | Episode 13/250 - Reward: -5.30, Length: 40, Loss: -0.4963
2026-03-16 23:47:52 | INFO | Episode 14/250 - Reward: -3.05, Length: 40, Loss: -0.3409
2026-03-16 23:47:53 | INFO | Episode 15/250 - Reward: -13.70, Length: 40, Loss: -0.4895
2026-03-16 23:47:54 | INFO | Episode 16/250 - Reward: -3.35, Length: 40, Loss: -0.3461
2026-03-16 23:47:54 | INFO | Episode 17/250 - Reward: -11.45, Length: 40, Loss: -0.4447
2026-03-16 23:47:55 | INFO | Episode 18/250 - Reward: -5.45, Length: 40, Loss: -0.5633
2026-03-16 23:47:56 | INFO | Episode 19/250 - Reward: -4.55, Length: 40, Loss: -0.2765
2026-03-16 23:47:56 | INFO | Episode 20/250 - Reward: -3.20, Length: 40, Loss: -0.5340
2026-03-16 23:47:57 | INFO | Episode 21/250 - Reward: -4.70, Length: 40, Loss: -0.2469
2026-03-16 23:47:58 | INFO | Episode 22/250 - Reward: -3.20, Length: 40, Loss: -0.3232
2026-03-16 23:47:59 | INFO | Episode 23/250 - Reward: -3.80, Length: 40, Loss: -0.5409
2026-03-16 23:47:59 | INFO | Episode 24/250 - Reward: -4.10, Length: 40, Loss: -0.5749
2026-03-16 23:48:00 | INFO | Episode 25/250 - Reward: -3.95, Length: 40, Loss: -0.3935
2026-03-16 23:48:01 | INFO | Episode 26/250 - Reward: -3.95, Length: 40, Loss: -0.3825
2026-03-16 23:48:01 | INFO | Episode 27/250 - Reward: -3.80, Length: 40, Loss: -0.3437
2026-03-16 23:48:02 | INFO | Episode 28/250 - Reward: -3.05, Length: 40, Loss: -0.1749
2026-03-16 23:48:03 | INFO | Episode 29/250 - Reward: -3.35, Length: 40, Loss: -0.3784
2026-03-16 23:48:03 | INFO | Episode 30/250 - Reward: -3.20, Length: 40, Loss: -0.3197
2026-03-16 23:48:04 | INFO | Episode 31/250 - Reward: -2.75, Length: 40, Loss: -0.3239
2026-03-16 23:48:05 | INFO | Episode 32/250 - Reward: -8.45, Length: 40, Loss: -0.2165
2026-03-16 23:48:05 | INFO | Episode 33/250 - Reward: -3.50, Length: 40, Loss: -0.2760
2026-03-16 23:48:05 | INFO | Episode 34/250 - Reward: 3.05, Length: 32, Loss: 0.7259
2026-03-16 23:48:06 | INFO | Episode 35/250 - Reward: -12.20, Length: 40, Loss: -0.5027
2026-03-16 23:48:07 | INFO | Episode 36/250 - Reward: -3.50, Length: 40, Loss: -0.2250
2026-03-16 23:48:07 | INFO | Episode 37/250 - Reward: -3.80, Length: 40, Loss: -0.3082
2026-03-16 23:48:08 | INFO | Episode 38/250 - Reward: -5.60, Length: 40, Loss: -0.1291
2026-03-16 23:48:09 | INFO | Episode 39/250 - Reward: -6.20, Length: 40, Loss: -0.2394
2026-03-16 23:48:09 | INFO | Episode 40/250 - Reward: -3.80, Length: 40, Loss: -0.2315
2026-03-16 23:48:10 | INFO | Episode 41/250 - Reward: -4.10, Length: 40, Loss: -0.2320
2026-03-16 23:48:11 | INFO | Episode 42/250 - Reward: -5.60, Length: 40, Loss: -0.3374
2026-03-16 23:48:11 | INFO | Episode 43/250 - Reward: -4.10, Length: 40, Loss: -0.4253
2026-03-16 23:48:12 | INFO | Episode 44/250 - Reward: -3.65, Length: 40, Loss: -0.3762
2026-03-16 23:48:13 | INFO | Episode 45/250 - Reward: -3.50, Length: 40, Loss: -0.3483
2026-03-16 23:48:14 | INFO | Episode 46/250 - Reward: -3.50, Length: 40, Loss: -0.1069
2026-03-16 23:48:14 | INFO | Episode 47/250 - Reward: -2.75, Length: 40, Loss: -0.2911
2026-03-16 23:48:15 | INFO | Episode 48/250 - Reward: -3.95, Length: 40, Loss: -0.3908
2026-03-16 23:48:16 | INFO | Episode 49/250 - Reward: -3.50, Length: 40, Loss: -0.1538
2026-03-16 23:48:16 | INFO | Episode 50/250 - Reward: -4.25, Length: 40, Loss: -0.3048
2026-03-16 23:48:17 | INFO | Episode 50/250 - Avg Reward: -4.51, Avg Length: 39.84, Avg Loss: -0.3446
2026-03-16 23:48:17 | INFO | Episode 51/250 - Reward: -4.25, Length: 40, Loss: -0.3479
2026-03-16 23:48:18 | INFO | Episode 52/250 - Reward: -4.70, Length: 40, Loss: -0.3856
2026-03-16 23:48:19 | INFO | Episode 53/250 - Reward: -3.80, Length: 40, Loss: -0.6120
2026-03-16 23:48:19 | INFO | Episode 54/250 - Reward: -5.30, Length: 40, Loss: -0.3741
2026-03-16 23:48:20 | INFO | Episode 55/250 - Reward: -5.15, Length: 40, Loss: -0.1138
2026-03-16 23:48:21 | INFO | Episode 56/250 - Reward: -6.20, Length: 40, Loss: -0.2363
2026-03-16 23:48:21 | INFO | Episode 57/250 - Reward: -5.90, Length: 40, Loss: -0.0159
2026-03-16 23:48:22 | INFO | Episode 58/250 - Reward: -5.15, Length: 40, Loss: -0.1385
2026-03-16 23:48:23 | INFO | Episode 59/250 - Reward: -4.55, Length: 40, Loss: -0.1867
2026-03-16 23:48:24 | INFO | Episode 60/250 - Reward: -5.30, Length: 40, Loss: -0.1107
2026-03-16 23:48:24 | INFO | Episode 61/250 - Reward: -4.55, Length: 40, Loss: -0.1875
2026-03-16 23:48:25 | INFO | Episode 62/250 - Reward: -14.60, Length: 40, Loss: -0.4240
2026-03-16 23:48:26 | INFO | Episode 63/250 - Reward: -5.60, Length: 40, Loss: -0.2336
2026-03-16 23:48:26 | INFO | Episode 64/250 - Reward: -4.85, Length: 40, Loss: -0.3849
2026-03-16 23:48:27 | INFO | Episode 65/250 - Reward: -3.80, Length: 40, Loss: -0.0368
2026-03-16 23:48:28 | INFO | Episode 66/250 - Reward: -3.05, Length: 40, Loss: -0.2058
2026-03-16 23:48:28 | INFO | Episode 67/250 - Reward: -4.10, Length: 40, Loss: -0.4323
2026-03-16 23:48:29 | INFO | Episode 68/250 - Reward: -4.70, Length: 40, Loss: -0.1045
2026-03-16 23:48:30 | INFO | Episode 69/250 - Reward: -8.45, Length: 40, Loss: -0.3674
2026-03-16 23:48:30 | INFO | Episode 70/250 - Reward: 6.65, Length: 29, Loss: 0.9446
2026-03-16 23:48:31 | INFO | Episode 71/250 - Reward: -4.40, Length: 40, Loss: -0.1551
2026-03-16 23:48:32 | INFO | Episode 72/250 - Reward: -5.60, Length: 40, Loss: -0.1971
2026-03-16 23:48:32 | INFO | Episode 73/250 - Reward: -5.00, Length: 40, Loss: -0.2242
2026-03-16 23:48:33 | INFO | Episode 74/250 - Reward: -4.25, Length: 40, Loss: -0.2611
2026-03-16 23:48:34 | INFO | Episode 75/250 - Reward: -5.15, Length: 40, Loss: -0.2019
2026-03-16 23:48:34 | INFO | Episode 76/250 - Reward: -4.25, Length: 40, Loss: -0.1582
2026-03-16 23:48:35 | INFO | Episode 77/250 - Reward: -3.95, Length: 40, Loss: -0.3703
2026-03-16 23:48:36 | INFO | Episode 78/250 - Reward: -4.70, Length: 40, Loss: -0.2056
2026-03-16 23:48:37 | INFO | Episode 79/250 - Reward: -4.10, Length: 40, Loss: -0.1332
2026-03-16 23:48:36 | INFO | Episode 80/250 - Reward: -5.00, Length: 40, Loss: -0.4857
2026-03-16 23:48:37 | INFO | Episode 81/250 - Reward: -6.80, Length: 40, Loss: -0.0551
2026-03-16 23:48:38 | INFO | Episode 82/250 - Reward: -5.15, Length: 40, Loss: 0.0885
2026-03-16 23:48:39 | INFO | Episode 83/250 - Reward: -7.10, Length: 40, Loss: -0.1452
2026-03-16 23:48:39 | INFO | Episode 84/250 - Reward: 0.10, Length: 40, Loss: 0.2824
2026-03-16 23:48:40 | INFO | Episode 85/250 - Reward: -4.55, Length: 40, Loss: -0.0736
2026-03-16 23:48:41 | INFO | Episode 86/250 - Reward: -2.90, Length: 40, Loss: -0.2698
2026-03-16 23:48:41 | INFO | Episode 87/250 - Reward: -6.50, Length: 40, Loss: -0.2770
2026-03-16 23:48:42 | INFO | Episode 88/250 - Reward: -2.90, Length: 40, Loss: -0.2186
2026-03-16 23:48:43 | INFO | Episode 89/250 - Reward: -2.60, Length: 40, Loss: -0.2738
2026-03-16 23:48:43 | INFO | Episode 90/250 - Reward: -9.95, Length: 40, Loss: -0.4873
2026-03-16 23:48:44 | INFO | Episode 91/250 - Reward: -3.95, Length: 40, Loss: -0.3927
2026-03-16 23:48:45 | INFO | Episode 92/250 - Reward: -7.25, Length: 40, Loss: -0.2312
2026-03-16 23:48:45 | INFO | Episode 93/250 - Reward: -3.95, Length: 40, Loss: -0.5075
2026-03-16 23:48:46 | INFO | Episode 94/250 - Reward: -3.65, Length: 40, Loss: -0.3785
2026-03-16 23:48:47 | INFO | Episode 95/250 - Reward: -3.65, Length: 40, Loss: -0.3476
2026-03-16 23:48:48 | INFO | Episode 96/250 - Reward: -5.30, Length: 40, Loss: -0.2319
2026-03-16 23:48:48 | INFO | Episode 97/250 - Reward: 5.00, Length: 35, Loss: 0.8205
2026-03-16 23:48:49 | INFO | Episode 98/250 - Reward: -7.25, Length: 40, Loss: -0.2998
2026-03-16 23:48:50 | INFO | Episode 99/250 - Reward: -8.30, Length: 40, Loss: -0.3971
2026-03-16 23:48:50 | INFO | Episode 100/250 - Reward: -5.60, Length: 40, Loss: -0.3802
2026-03-16 23:48:50 | INFO | Episode 100/250 - Avg Reward: -4.72, Avg Length: 39.68, Avg Loss: -0.2024
2026-03-16 23:48:51 | INFO | Episode 101/250 - Reward: -4.55, Length: 40, Loss: 0.0611
2026-03-16 23:48:52 | INFO | Episode 102/250 - Reward: -3.50, Length: 40, Loss: -0.3392
2026-03-16 23:48:52 | INFO | Episode 103/250 - Reward: -4.85, Length: 40, Loss: -0.3126
2026-03-16 23:48:53 | INFO | Episode 104/250 - Reward: -4.55, Length: 40, Loss: -0.2480
2026-03-16 23:48:54 | INFO | Episode 105/250 - Reward: -4.40, Length: 40, Loss: -0.3182
2026-03-16 23:48:54 | INFO | Episode 106/250 - Reward: -4.70, Length: 40, Loss: 0.0179
2026-03-16 23:48:55 | INFO | Episode 107/250 - Reward: -5.30, Length: 40, Loss: -0.2959
2026-03-16 23:48:56 | INFO | Episode 108/250 - Reward: -5.15, Length: 40, Loss: -0.1303
2026-03-16 23:48:56 | INFO | Episode 109/250 - Reward: -5.15, Length: 40, Loss: -0.1998
2026-03-16 23:48:57 | INFO | Episode 110/250 - Reward: -4.70, Length: 40, Loss: -0.1672
2026-03-16 23:48:58 | INFO | Episode 111/250 - Reward: 6.25, Length: 34, Loss: 0.7220
2026-03-16 23:48:59 | INFO | Episode 112/250 - Reward: -14.15, Length: 40, Loss: -0.3489
2026-03-16 23:48:59 | INFO | Episode 113/250 - Reward: -5.30, Length: 40, Loss: -0.2326
2026-03-16 23:49:00 | INFO | Episode 114/250 - Reward: -3.35, Length: 40, Loss: -0.2871
2026-03-16 23:49:01 | INFO | Episode 115/250 - Reward: -4.25, Length: 40, Loss: -0.2008
2026-03-16 23:49:01 | INFO | Episode 116/250 - Reward: -15.95, Length: 40, Loss: -0.2610
2026-03-16 23:49:02 | INFO | Episode 117/250 - Reward: -4.10, Length: 40, Loss: -0.1890
2026-03-16 23:49:03 | INFO | Episode 118/250 - Reward: 7.55, Length: 32, Loss: 0.8882
2026-03-16 23:49:03 | INFO | Episode 119/250 - Reward: -3.80, Length: 40, Loss: -0.2743
2026-03-16 23:49:04 | INFO | Episode 120/250 - Reward: -3.50, Length: 40, Loss: -0.4318
2026-03-16 23:49:05 | INFO | Episode 121/250 - Reward: -5.00, Length: 40, Loss: -0.0137
2026-03-16 23:49:06 | INFO | Episode 122/250 - Reward: -4.55, Length: 40, Loss: -0.2165
2026-03-16 23:49:06 | INFO | Episode 123/250 - Reward: -6.20, Length: 40, Loss: -0.2173
2026-03-16 23:49:07 | INFO | Episode 124/250 - Reward: -0.00, Length: 33, Loss: 0.4522
2026-03-16 23:49:08 | INFO | Episode 125/250 - Reward: -4.55, Length: 40, Loss: -0.3490
2026-03-16 23:49:08 | INFO | Episode 126/250 - Reward: -6.35, Length: 40, Loss: -0.6142
2026-03-16 23:49:08 | INFO | Episode 127/250 - Reward: -6.50, Length: 40, Loss: -0.2480
2026-03-16 23:49:09 | INFO | Episode 128/250 - Reward: -3.95, Length: 40, Loss: -0.2648
2026-03-16 23:49:10 | INFO | Episode 129/250 - Reward: -4.70, Length: 40, Loss: -0.0849
2026-03-16 23:49:10 | INFO | Episode 130/250 - Reward: -5.90, Length: 40, Loss: -0.0271
2026-03-16 23:49:11 | INFO | Episode 131/250 - Reward: -4.70, Length: 40, Loss: 0.0487
2026-03-16 23:49:12 | INFO | Episode 132/250 - Reward: 5.30, Length: 23, Loss: 1.0992
2026-03-16 23:49:13 | INFO | Episode 133/250 - Reward: -6.20, Length: 40, Loss: -0.2674
2026-03-16 23:49:13 | INFO | Episode 134/250 - Reward: -4.55, Length: 40, Loss: -0.2475
2026-03-16 23:49:14 | INFO | Episode 135/250 - Reward: -9.05, Length: 40, Loss: -0.4998
2026-03-16 23:49:15 | INFO | Episode 136/250 - Reward: -5.45, Length: 40, Loss: -0.1530
2026-03-16 23:49:15 | INFO | Episode 137/250 - Reward: -6.50, Length: 40, Loss: -0.1429
2026-03-16 23:49:16 | INFO | Episode 138/250 - Reward: 3.05, Length: 29, Loss: 0.7262
2026-03-16 23:49:17 | INFO | Episode 139/250 - Reward: 5.75, Length: 32, Loss: 0.6843
2026-03-16 23:49:17 | INFO | Episode 140/250 - Reward: -6.35, Length: 40, Loss: -0.1681
2026-03-16 23:49:18 | INFO | Episode 141/250 - Reward: -5.90, Length: 40, Loss: -0.3694
2026-03-16 23:49:19 | INFO | Episode 142/250 - Reward: -5.45, Length: 40, Loss: -0.2152
2026-03-16 23:49:19 | INFO | Episode 143/250 - Reward: -6.50, Length: 40, Loss: -0.6566
2026-03-16 23:49:20 | INFO | Episode 144/250 - Reward: -6.95, Length: 40, Loss: 0.0088
2026-03-16 23:49:21 | INFO | Episode 145/250 - Reward: 4.25, Length: 35, Loss: 0.4705
2026-03-16 23:49:21 | INFO | Episode 146/250 - Reward: -5.75, Length: 40, Loss: 0.0392
2026-03-16 23:49:22 | INFO | Episode 147/250 - Reward: 4.70, Length: 26, Loss: 0.8228
2026-03-16 23:49:23 | INFO | Episode 148/250 - Reward: 6.25, Length: 28, Loss: 0.6925
2026-03-16 23:49:24 | INFO | Episode 149/250 - Reward: 3.00, Length: 36, Loss: 0.6012
2026-03-16 23:49:24 | INFO | Episode 150/250 - Reward: 6.35, Length: 26, Loss: 0.7351
2026-03-16 23:49:24 | INFO | Episode 150/250 - Avg Reward: -3.40, Avg Length: 37.88, Avg Loss: -0.0184
2026-03-16 23:49:25 | INFO | Episode 151/250 - Reward: 5.15, Length: 35, Loss: 0.5812
2026-03-16 23:49:26 | INFO | Episode 152/250 - Reward: 5.10, Length: 27, Loss: 0.8277
2026-03-16 23:49:26 | INFO | Episode 153/250 - Reward: 4.65, Length: 36, Loss: 0.3885
2026-03-16 23:49:27 | INFO | Episode 154/250 - Reward: 0.95, Length: 38, Loss: 0.4128
2026-03-16 23:49:28 | INFO | Episode 155/250 - Reward: 7.55, Length: 23, Loss: 1.0664
2026-03-16 23:49:28 | INFO | Episode 156/250 - Reward: -4.25, Length: 40, Loss: -0.4182
2026-03-16 23:49:29 | INFO | Episode 157/250 - Reward: 8.45, Length: 14, Loss: 1.4320
2026-03-16 23:49:30 | INFO | Episode 158/250 - Reward: 8.65, Length: 13, Loss: 1.2859
2026-03-16 23:49:31 | INFO | Episode 159/250 - Reward: 8.45, Length: 14, Loss: 1.0258
2026-03-16 23:49:31 | INFO | Episode 160/250 - Reward: 9.35, Length: 11, Loss: 1.7076
2026-03-16 23:49:32 | INFO | Episode 161/250 - Reward: 9.65, Length: 8, Loss: 1.4064
2026-03-16 23:49:33 | INFO | Episode 162/250 - Reward: -6.65, Length: 40, Loss: -0.2149
2026-03-16 23:49:33 | INFO | Episode 163/250 - Reward: 6.50, Length: 14, Loss: 0.9497
2026-03-16 23:49:34 | INFO | Episode 164/250 - Reward: 9.45, Length: 9, Loss: 1.3067
2026-03-16 23:49:35 | INFO | Episode 165/250 - Reward: -7.55, Length: 40, Loss: -0.1899
2026-03-16 23:49:35 | INFO | Episode 166/250 - Reward: 9.25, Length: 10, Loss: 1.5502
2026-03-16 23:49:36 | INFO | Episode 167/250 - Reward: 5.85, Length: 27, Loss: 0.5465
2026-03-16 23:49:37 | INFO | Episode 168/250 - Reward: 8.45, Length: 14, Loss: 0.9019
2026-03-16 23:49:38 | INFO | Episode 169/250 - Reward: 9.45, Length: 9, Loss: 1.3455
2026-03-16 23:49:38 | INFO | Episode 170/250 - Reward: 9.25, Length: 10, Loss: 1.3633
2026-03-16 23:49:39 | INFO | Episode 171/250 - Reward: -6.95, Length: 40, Loss: -0.5134
2026-03-16 23:49:39 | INFO | Episode 172/250 - Reward: 9.45, Length: 9, Loss: 1.1640
2026-03-16 23:49:40 | INFO | Episode 173/250 - Reward: 6.10, Length: 16, Loss: 0.9219
2026-03-16 23:49:40 | INFO | Episode 174/250 - Reward: 3.55, Length: 22, Loss: 0.8769
2026-03-16 23:49:41 | INFO | Episode 175/250 - Reward: -7.25, Length: 40, Loss: -0.1033
2026-03-16 23:49:42 | INFO | Episode 176/250 - Reward: 5.25, Length: 33, Loss: 0.5716
2026-03-16 23:49:42 | INFO | Episode 177/250 - Reward: 5.50, Length: 19, Loss: 0.8056
2026-03-16 23:49:43 | INFO | Episode 178/250 - Reward: 5.25, Length: 30, Loss: 0.3049
2026-03-16 23:49:44 | INFO | Episode 179/250 - Reward: 3.85, Length: 19, Loss: 0.6128
2026-03-16 23:49:44 | INFO | Episode 180/250 - Reward: -8.30, Length: 40, Loss: -0.0018
2026-03-16 23:49:45 | INFO | Episode 181/250 - Reward: -7.25, Length: 40, Loss: -0.2379
2026-03-16 23:49:46 | INFO | Episode 182/250 - Reward: 6.80, Length: 14, Loss: 1.4480
2026-03-16 23:49:46 | INFO | Episode 183/250 - Reward: 9.25, Length: 10, Loss: 2.0565
2026-03-16 23:49:47 | INFO | Episode 184/250 - Reward: 8.85, Length: 12, Loss: 1.2552
2026-03-16 23:49:48 | INFO | Episode 185/250 - Reward: 9.25, Length: 10, Loss: 1.3922
2026-03-16 23:49:48 | INFO | Episode 186/250 - Reward: 9.05, Length: 11, Loss: 1.4804
2026-03-16 23:49:49 | INFO | Episode 187/250 - Reward: 7.25, Length: 20, Loss: 0.6667
2026-03-16 23:49:50 | INFO | Episode 188/250 - Reward: 8.45, Length: 14, Loss: 1.0247
2026-03-16 23:49:50 | INFO | Episode 189/250 - Reward: 7.85, Length: 17, Loss: 0.9114
2026-03-16 23:49:51 | INFO | Episode 190/250 - Reward: 8.25, Length: 15, Loss: 1.2910
2026-03-16 23:49:52 | INFO | Episode 191/250 - Reward: 8.85, Length: 12, Loss: 1.0554
2026-03-16 23:49:53 | INFO | Episode 192/250 - Reward: 8.05, Length: 16, Loss: 0.9197
2026-03-16 23:49:53 | INFO | Episode 193/250 - Reward: 8.05, Length: 16, Loss: 0.8293
2026-03-16 23:49:54 | INFO | Episode 194/250 - Reward: 4.65, Length: 15, Loss: 1.1701
2026-03-16 23:49:55 | INFO | Episode 195/250 - Reward: 9.15, Length: 12, Loss: 1.9791
2026-03-16 23:49:55 | INFO | Episode 196/250 - Reward: 8.85, Length: 12, Loss: 1.1378
2026-03-16 23:49:56 | INFO | Episode 197/250 - Reward: 8.25, Length: 15, Loss: 0.8997
2026-03-16 23:49:57 | INFO | Episode 198/250 - Reward: 8.85, Length: 12, Loss: 1.3606
2026-03-16 23:49:57 | INFO | Episode 199/250 - Reward: -7.55, Length: 40, Loss: -0.3334
2026-03-16 23:49:58 | INFO | Episode 200/250 - Reward: 9.45, Length: 9, Loss: 1.4254
2026-03-16 23:49:58 | INFO | Episode 200/250 - Avg Reward: 5.17, Avg Length: 20.44, Avg Loss: 0.8729
2026-03-16 23:49:59 | INFO | Episode 201/250 - Reward: 6.90, Length: 12, Loss: 1.1463
2026-03-16 23:49:59 | INFO | Episode 202/250 - Reward: 7.50, Length: 9, Loss: 1.4099
2026-03-16 23:50:00 | INFO | Episode 203/250 - Reward: 7.00, Length: 13, Loss: 1.5405
2026-03-16 23:50:01 | INFO | Episode 204/250 - Reward: 8.85, Length: 12, Loss: 1.0442
2026-03-16 23:50:02 | INFO | Episode 205/250 - Reward: 8.05, Length: 16, Loss: 0.9089
2026-03-16 23:50:02 | INFO | Episode 206/250 - Reward: 8.05, Length: 16, Loss: 0.8280
2026-03-16 23:50:03 | INFO | Episode 207/250 - Reward: 9.25, Length: 10, Loss: 1.2125
2026-03-16 23:50:04 | INFO | Episode 208/250 - Reward: 9.65, Length: 8, Loss: 1.1419
2026-03-16 23:50:04 | INFO | Episode 209/250 - Reward: 7.60, Length: 10, Loss: 2.0596
2026-03-16 23:50:05 | INFO | Episode 210/250 - Reward: 8.65, Length: 13, Loss: 1.1226
2026-03-16 23:50:06 | INFO | Episode 211/250 - Reward: 7.00, Length: 13, Loss: 1.5663
2026-03-16 23:50:07 | INFO | Episode 212/250 - Reward: 8.45, Length: 14, Loss: 0.9121
2026-03-16 23:50:07 | INFO | Episode 213/250 - Reward: 8.25, Length: 15, Loss: 0.9608
2026-03-16 23:50:08 | INFO | Episode 214/250 - Reward: 9.65, Length: 8, Loss: 1.3777
2026-03-16 23:50:09 | INFO | Episode 215/250 - Reward: 6.00, Length: 18, Loss: 0.8949
2026-03-16 23:50:09 | INFO | Episode 216/250 - Reward: 8.65, Length: 13, Loss: 1.1261
2026-03-16 23:50:10 | INFO | Episode 217/250 - Reward: 2.45, Length: 26, Loss: 0.4353
2026-03-16 23:50:11 | INFO | Episode 218/250 - Reward: 6.00, Length: 18, Loss: 1.0061
2026-03-16 23:50:11 | INFO | Episode 219/250 - Reward: 8.85, Length: 12, Loss: 1.7111
2026-03-16 23:50:11 | INFO | Episode 220/250 - Reward: 9.45, Length: 9, Loss: 1.0176
2026-03-16 23:50:12 | INFO | Episode 221/250 - Reward: -7.25, Length: 40, Loss: -0.1474
2026-03-16 23:50:13 | INFO | Episode 222/250 - Reward: 8.65, Length: 13, Loss: 0.9741
2026-03-16 23:50:13 | INFO | Episode 223/250 - Reward: 9.25, Length: 10, Loss: 1.1137
2026-03-16 23:50:14 | INFO | Episode 224/250 - Reward: 9.65, Length: 8, Loss: 1.0267
2026-03-16 23:50:15 | INFO | Episode 225/250 - Reward: 6.70, Length: 13, Loss: 0.8767
2026-03-16 23:50:16 | INFO | Episode 226/250 - Reward: 9.65, Length: 8, Loss: 0.9589
2026-03-16 23:50:16 | INFO | Episode 227/250 - Reward: 9.45, Length: 9, Loss: 1.0067
2026-03-16 23:50:17 | INFO | Episode 228/250 - Reward: 9.05, Length: 11, Loss: 0.8355
2026-03-16 23:50:18 | INFO | Episode 229/250 - Reward: 8.25, Length: 15, Loss: 0.7395
2026-03-16 23:50:18 | INFO | Episode 230/250 - Reward: 7.65, Length: 18, Loss: 0.6574
2026-03-16 23:50:19 | INFO | Episode 231/250 - Reward: 9.45, Length: 9, Loss: 1.4374
2026-03-16 23:50:20 | INFO | Episode 232/250 - Reward: 3.30, Length: 30, Loss: 0.2091
2026-03-16 23:50:20 | INFO | Episode 233/250 - Reward: 9.45, Length: 9, Loss: 1.0647
2026-03-16 23:50:21 | INFO | Episode 234/250 - Reward: -7.55, Length: 40, Loss: -0.3186
2026-03-16 23:50:22 | INFO | Episode 235/250 - Reward: 9.05, Length: 11, Loss: 0.9363
2026-03-16 23:50:22 | INFO | Episode 236/250 - Reward: 3.85, Length: 37, Loss: 0.2952
2026-03-16 23:50:23 | INFO | Episode 237/250 - Reward: 6.95, Length: 23, Loss: 0.6751
2026-03-16 23:50:24 | INFO | Episode 238/250 - Reward: 2.40, Length: 36, Loss: 0.3857
2026-03-16 23:50:24 | INFO | Episode 239/250 - Reward: 9.05, Length: 11, Loss: 1.1606
2026-03-16 23:50:25 | INFO | Episode 240/250 - Reward: 9.25, Length: 10, Loss: 0.6923
2026-03-16 23:50:26 | INFO | Episode 241/250 - Reward: 8.65, Length: 13, Loss: 0.8064
2026-03-16 23:50:27 | INFO | Episode 242/250 - Reward: -7.40, Length: 40, Loss: -0.0301
2026-03-16 23:50:27 | INFO | Episode 243/250 - Reward: 5.85, Length: 27, Loss: 0.5474
2026-03-16 23:50:28 | INFO | Episode 244/250 - Reward: 8.65, Length: 13, Loss: 1.0407
2026-03-16 23:50:29 | INFO | Episode 245/250 - Reward: 5.65, Length: 28, Loss: 0.3838
2026-03-16 23:50:29 | INFO | Episode 246/250 - Reward: 4.85, Length: 32, Loss: 0.2744
2026-03-16 23:50:30 | INFO | Episode 247/250 - Reward: 4.95, Length: 15, Loss: 1.5599
2026-03-16 23:50:31 | INFO | Episode 248/250 - Reward: 4.55, Length: 35, Loss: 0.4415
2026-03-16 23:50:32 | INFO | Episode 249/250 - Reward: 9.45, Length: 9, Loss: 1.2434
2026-03-16 23:50:32 | INFO | Episode 250/250 - Reward: 9.65, Length: 8, Loss: 0.5265
2026-03-16 23:50:32 | INFO | Episode 250/250 - Avg Reward: 6.75, Avg Length: 16.92, Avg Loss: 0.8959
