2026-03-16 23:57:07 | INFO | ============================================================
2026-03-16 23:57:07 | INFO | DEVICE / COMPUTE INFORMATION
2026-03-16 23:57:07 | INFO |   JAX backend       : GPU
2026-03-16 23:57:07 | INFO |   Platform          : gpu
2026-03-16 23:57:07 | INFO |   Num devices       : 1
2026-03-16 23:57:07 | INFO |   Device            : cuda:0
2026-03-16 23:57:07 | INFO |   GPU name          : NVIDIA GeForce RTX 5060 Laptop GPU
2026-03-16 23:57:07 | INFO | ============================================================
2026-03-16 23:57:07 | INFO | ✓ JAX GPU backend confirmed.
2026-03-16 23:57:08 | INFO | REINFORCE seed=2_gamma=0.9_lr=0.1
2026-03-16 23:57:13 | INFO | Episode 1/250 - Reward: -3.80, Length: 40, Loss: -0.5680
2026-03-16 23:57:14 | INFO | Episode 2/250 - Reward: -6.05, Length: 40, Loss: -0.4750
2026-03-16 23:57:14 | INFO | Episode 3/250 - Reward: 5.50, Length: 25, Loss: 0.6369
2026-03-16 23:57:15 | INFO | Episode 4/250 - Reward: -4.70, Length: 40, Loss: -0.5983
2026-03-16 23:57:16 | INFO | Episode 5/250 - Reward: -6.20, Length: 40, Loss: -0.4917
2026-03-16 23:57:16 | INFO | Episode 6/250 - Reward: 6.55, Length: 28, Loss: 0.6411
2026-03-16 23:57:17 | INFO | Episode 7/250 - Reward: 6.30, Length: 24, Loss: 0.7420
2026-03-16 23:57:18 | INFO | Episode 8/250 - Reward: -5.45, Length: 40, Loss: -0.5521
2026-03-16 23:57:18 | INFO | Episode 9/250 - Reward: 5.75, Length: 38, Loss: 0.1695
2026-03-16 23:57:19 | INFO | Episode 10/250 - Reward: 3.75, Length: 21, Loss: 0.6741
2026-03-16 23:57:20 | INFO | Episode 11/250 - Reward: -5.00, Length: 40, Loss: -0.5991
2026-03-16 23:57:20 | INFO | Episode 12/250 - Reward: 9.25, Length: 10, Loss: 2.0460
2026-03-16 23:57:21 | INFO | Episode 13/250 - Reward: 6.90, Length: 15, Loss: 1.3821
2026-03-16 23:57:22 | INFO | Episode 14/250 - Reward: 9.05, Length: 11, Loss: 1.6235
2026-03-16 23:57:22 | INFO | Episode 15/250 - Reward: -5.60, Length: 40, Loss: -0.4022
2026-03-16 23:57:23 | INFO | Episode 16/250 - Reward: -5.75, Length: 40, Loss: -0.6418
2026-03-16 23:57:24 | INFO | Episode 17/250 - Reward: 3.35, Length: 26, Loss: 0.4346
2026-03-16 23:57:24 | INFO | Episode 18/250 - Reward: 8.25, Length: 18, Loss: 0.9291
2026-03-16 23:57:25 | INFO | Episode 19/250 - Reward: 5.45, Length: 11, Loss: 1.3850
2026-03-16 23:57:26 | INFO | Episode 20/250 - Reward: 7.65, Length: 21, Loss: 0.7984
2026-03-16 23:57:26 | INFO | Episode 21/250 - Reward: 4.95, Length: 15, Loss: 1.1172
2026-03-16 23:57:27 | INFO | Episode 22/250 - Reward: 8.95, Length: 13, Loss: 1.2791
2026-03-16 23:57:28 | INFO | Episode 23/250 - Reward: -7.70, Length: 40, Loss: -0.6134
2026-03-16 23:57:28 | INFO | Episode 24/250 - Reward: 6.30, Length: 15, Loss: 0.9371
2026-03-16 23:57:29 | INFO | Episode 25/250 - Reward: 6.45, Length: 24, Loss: 0.4156
2026-03-16 23:57:30 | INFO | Episode 26/250 - Reward: 6.95, Length: 29, Loss: 0.5004
2026-03-16 23:57:29 | INFO | Episode 27/250 - Reward: 7.85, Length: 23, Loss: 0.7632
2026-03-16 23:57:30 | INFO | Episode 28/250 - Reward: 6.90, Length: 12, Loss: 1.1411
2026-03-16 23:57:31 | INFO | Episode 29/250 - Reward: 7.25, Length: 23, Loss: 0.7584
2026-03-16 23:57:31 | INFO | Episode 30/250 - Reward: 5.55, Length: 33, Loss: 0.2217
2026-03-16 23:57:32 | INFO | Episode 31/250 - Reward: 6.75, Length: 24, Loss: 0.3950
2026-03-16 23:57:33 | INFO | Episode 32/250 - Reward: 9.05, Length: 11, Loss: 1.3164
2026-03-16 23:57:33 | INFO | Episode 33/250 - Reward: 7.75, Length: 19, Loss: 0.7870
2026-03-16 23:57:34 | INFO | Episode 34/250 - Reward: 8.65, Length: 13, Loss: 1.0635
2026-03-16 23:57:35 | INFO | Episode 35/250 - Reward: 7.30, Length: 10, Loss: 1.2483
2026-03-16 23:57:35 | INFO | Episode 36/250 - Reward: 8.65, Length: 13, Loss: 1.1582
2026-03-16 23:57:36 | INFO | Episode 37/250 - Reward: 9.25, Length: 10, Loss: 1.2374
2026-03-16 23:57:36 | INFO | Episode 38/250 - Reward: 6.35, Length: 29, Loss: 0.2111
2026-03-16 23:57:37 | INFO | Episode 39/250 - Reward: 8.85, Length: 12, Loss: 1.5618
2026-03-16 23:57:38 | INFO | Episode 40/250 - Reward: 8.45, Length: 14, Loss: 1.0829
2026-03-16 23:57:38 | INFO | Episode 41/250 - Reward: -7.25, Length: 40, Loss: -0.4815
2026-03-16 23:57:39 | INFO | Episode 42/250 - Reward: 9.45, Length: 9, Loss: 1.5855
2026-03-16 23:57:40 | INFO | Episode 43/250 - Reward: 5.60, Length: 20, Loss: 0.3841
2026-03-16 23:57:40 | INFO | Episode 44/250 - Reward: 8.95, Length: 13, Loss: 1.3510
2026-03-16 23:57:41 | INFO | Episode 45/250 - Reward: -6.65, Length: 40, Loss: -0.4931
2026-03-16 23:57:42 | INFO | Episode 46/250 - Reward: 7.10, Length: 11, Loss: 1.1109
2026-03-16 23:57:42 | INFO | Episode 47/250 - Reward: 5.35, Length: 13, Loss: 1.5005
2026-03-16 23:57:43 | INFO | Episode 48/250 - Reward: 8.55, Length: 15, Loss: 1.3700
2026-03-16 23:57:44 | INFO | Episode 49/250 - Reward: -7.25, Length: 40, Loss: -0.1879
2026-03-16 23:57:45 | INFO | Episode 50/250 - Reward: 7.55, Length: 20, Loss: 0.8217
2026-03-16 23:57:45 | INFO | Episode 50/250 - Avg Reward: 4.02, Avg Length: 23.42, Avg Loss: 0.6135
2026-03-16 23:57:46 | INFO | Episode 51/250 - Reward: 8.85, Length: 12, Loss: 1.1548
2026-03-16 23:57:47 | INFO | Episode 52/250 - Reward: 8.85, Length: 12, Loss: 1.1816
2026-03-16 23:57:48 | INFO | Episode 53/250 - Reward: 9.25, Length: 10, Loss: 1.1683
2026-03-16 23:57:48 | INFO | Episode 54/250 - Reward: 7.30, Length: 10, Loss: 1.1725
2026-03-16 23:57:49 | INFO | Episode 55/250 - Reward: 9.65, Length: 8, Loss: 1.4217
2026-03-16 23:57:50 | INFO | Episode 56/250 - Reward: 9.45, Length: 9, Loss: 1.2019
2026-03-16 23:57:51 | INFO | Episode 57/250 - Reward: 7.50, Length: 9, Loss: 1.2130
2026-03-16 23:57:51 | INFO | Episode 58/250 - Reward: 7.50, Length: 9, Loss: 1.2021
2026-03-16 23:57:52 | INFO | Episode 59/250 - Reward: 3.80, Length: 29, Loss: 0.2184
2026-03-16 23:57:53 | INFO | Episode 60/250 - Reward: 7.00, Length: 13, Loss: 1.0754
2026-03-16 23:57:54 | INFO | Episode 61/250 - Reward: 8.85, Length: 12, Loss: 0.8564
2026-03-16 23:57:55 | INFO | Episode 62/250 - Reward: -7.55, Length: 40, Loss: -0.2880
2026-03-16 23:57:55 | INFO | Episode 63/250 - Reward: -7.25, Length: 40, Loss: -0.3274
2026-03-16 23:57:56 | INFO | Episode 64/250 - Reward: 7.70, Length: 8, Loss: 1.2843
2026-03-16 23:57:57 | INFO | Episode 65/250 - Reward: 9.25, Length: 10, Loss: 1.2779
2026-03-16 23:57:58 | INFO | Episode 66/250 - Reward: 5.00, Length: 23, Loss: 0.5656
2026-03-16 23:57:59 | INFO | Episode 67/250 - Reward: 7.50, Length: 9, Loss: 1.2218
2026-03-16 23:57:59 | INFO | Episode 68/250 - Reward: 8.45, Length: 14, Loss: 1.3290
2026-03-16 23:58:00 | INFO | Episode 69/250 - Reward: 7.45, Length: 19, Loss: 0.7573
2026-03-16 23:58:01 | INFO | Episode 70/250 - Reward: 9.45, Length: 9, Loss: 1.1866
2026-03-16 23:58:01 | INFO | Episode 71/250 - Reward: 3.85, Length: 40, Loss: 0.1684
2026-03-16 23:58:02 | INFO | Episode 72/250 - Reward: -6.95, Length: 40, Loss: -0.3907
2026-03-16 23:58:02 | INFO | Episode 73/250 - Reward: 9.25, Length: 10, Loss: 1.1093
2026-03-16 23:58:03 | INFO | Episode 74/250 - Reward: 9.05, Length: 11, Loss: 1.1245
2026-03-16 23:58:04 | INFO | Episode 75/250 - Reward: 7.30, Length: 10, Loss: 1.2274
2026-03-16 23:58:04 | INFO | Episode 76/250 - Reward: -6.95, Length: 40, Loss: -0.3062
2026-03-16 23:58:05 | INFO | Episode 77/250 - Reward: 9.25, Length: 10, Loss: 1.0601
2026-03-16 23:58:06 | INFO | Episode 78/250 - Reward: 8.65, Length: 13, Loss: 1.1121
2026-03-16 23:58:06 | INFO | Episode 79/250 - Reward: 9.05, Length: 11, Loss: 1.0894
2026-03-16 23:58:07 | INFO | Episode 80/250 - Reward: 8.95, Length: 13, Loss: 1.5019
2026-03-16 23:58:08 | INFO | Episode 81/250 - Reward: 9.45, Length: 9, Loss: 1.1451
2026-03-16 23:58:08 | INFO | Episode 82/250 - Reward: 9.25, Length: 10, Loss: 1.4264
2026-03-16 23:58:09 | INFO | Episode 83/250 - Reward: 9.45, Length: 9, Loss: 1.4810
2026-03-16 23:58:10 | INFO | Episode 84/250 - Reward: -7.25, Length: 40, Loss: -0.3675
2026-03-16 23:58:10 | INFO | Episode 85/250 - Reward: 5.50, Length: 19, Loss: 0.3869
2026-03-16 23:58:11 | INFO | Episode 86/250 - Reward: 9.45, Length: 9, Loss: 1.1057
2026-03-16 23:58:12 | INFO | Episode 87/250 - Reward: 8.75, Length: 14, Loss: 1.5065
2026-03-16 23:58:12 | INFO | Episode 88/250 - Reward: 8.85, Length: 12, Loss: 0.9052
2026-03-16 23:58:13 | INFO | Episode 89/250 - Reward: 9.65, Length: 8, Loss: 1.1155
2026-03-16 23:58:14 | INFO | Episode 90/250 - Reward: 6.50, Length: 14, Loss: 0.6636
2026-03-16 23:58:14 | INFO | Episode 91/250 - Reward: 6.30, Length: 15, Loss: 0.5861
2026-03-16 23:58:15 | INFO | Episode 92/250 - Reward: -7.25, Length: 40, Loss: -0.3453
2026-03-16 23:58:16 | INFO | Episode 93/250 - Reward: 9.45, Length: 9, Loss: 0.8505
2026-03-16 23:58:16 | INFO | Episode 94/250 - Reward: 7.50, Length: 9, Loss: 1.2542
2026-03-16 23:58:17 | INFO | Episode 95/250 - Reward: 9.05, Length: 11, Loss: 0.9702
2026-03-16 23:58:18 | INFO | Episode 96/250 - Reward: 9.65, Length: 8, Loss: 1.3038
2026-03-16 23:58:18 | INFO | Episode 97/250 - Reward: 6.30, Length: 15, Loss: 0.8548
2026-03-16 23:58:19 | INFO | Episode 98/250 - Reward: 9.05, Length: 11, Loss: 1.3377
2026-03-16 23:58:19 | INFO | Episode 99/250 - Reward: 7.85, Length: 17, Loss: 1.0704
2026-03-16 23:58:20 | INFO | Episode 100/250 - Reward: 7.25, Length: 20, Loss: 0.5481
2026-03-16 23:58:20 | INFO | Episode 100/250 - Avg Reward: 6.28, Avg Length: 16.04, Avg Loss: 0.8874
2026-03-16 23:58:21 | INFO | Episode 101/250 - Reward: 6.85, Length: 22, Loss: 0.4628
2026-03-16 23:58:21 | INFO | Episode 102/250 - Reward: 7.45, Length: 19, Loss: 0.4963
2026-03-16 23:58:22 | INFO | Episode 103/250 - Reward: 7.65, Length: 18, Loss: 0.7920
2026-03-16 23:58:23 | INFO | Episode 104/250 - Reward: 7.85, Length: 17, Loss: 0.7395
2026-03-16 23:58:23 | INFO | Episode 105/250 - Reward: 7.85, Length: 17, Loss: 0.7246
2026-03-16 23:58:24 | INFO | Episode 106/250 - Reward: 5.40, Length: 21, Loss: 0.9770
2026-03-16 23:58:25 | INFO | Episode 107/250 - Reward: 8.65, Length: 13, Loss: 1.1105
2026-03-16 23:58:25 | INFO | Episode 108/250 - Reward: 9.25, Length: 10, Loss: 1.2336
2026-03-16 23:58:26 | INFO | Episode 109/250 - Reward: 9.65, Length: 8, Loss: 1.0206
2026-03-16 23:58:27 | INFO | Episode 110/250 - Reward: -6.95, Length: 40, Loss: -0.2864
2026-03-16 23:58:27 | INFO | Episode 111/250 - Reward: 9.25, Length: 10, Loss: 1.1667
2026-03-16 23:58:28 | INFO | Episode 112/250 - Reward: 9.45, Length: 9, Loss: 0.9399
2026-03-16 23:58:29 | INFO | Episode 113/250 - Reward: 7.30, Length: 10, Loss: 1.4974
2026-03-16 23:58:29 | INFO | Episode 114/250 - Reward: 9.45, Length: 9, Loss: 1.3967
2026-03-16 23:58:30 | INFO | Episode 115/250 - Reward: 7.30, Length: 10, Loss: 1.2380
2026-03-16 23:58:31 | INFO | Episode 116/250 - Reward: 9.65, Length: 8, Loss: 1.0721
2026-03-16 23:58:31 | INFO | Episode 117/250 - Reward: -7.55, Length: 40, Loss: -0.2223
2026-03-16 23:58:32 | INFO | Episode 118/250 - Reward: 7.25, Length: 20, Loss: 0.6227
2026-03-16 23:58:32 | INFO | Episode 119/250 - Reward: 7.30, Length: 10, Loss: 1.1283
2026-03-16 23:58:32 | INFO | Episode 120/250 - Reward: 9.65, Length: 8, Loss: 0.8856
2026-03-16 23:58:33 | INFO | Episode 121/250 - Reward: 7.70, Length: 8, Loss: 1.3756
2026-03-16 23:58:34 | INFO | Episode 122/250 - Reward: 9.45, Length: 9, Loss: 0.9939
2026-03-16 23:58:34 | INFO | Episode 123/250 - Reward: 9.65, Length: 8, Loss: 0.8023
2026-03-16 23:58:35 | INFO | Episode 124/250 - Reward: 9.25, Length: 10, Loss: 0.9739
2026-03-16 23:58:36 | INFO | Episode 125/250 - Reward: 9.45, Length: 9, Loss: 0.9472
2026-03-16 23:58:36 | INFO | Episode 126/250 - Reward: 9.65, Length: 8, Loss: 1.0653
2026-03-16 23:58:37 | INFO | Episode 127/250 - Reward: 6.90, Length: 12, Loss: 0.9117
2026-03-16 23:58:38 | INFO | Episode 128/250 - Reward: 4.40, Length: 26, Loss: 0.4633
2026-03-16 23:58:38 | INFO | Episode 129/250 - Reward: 9.45, Length: 9, Loss: 0.9748
2026-03-16 23:58:39 | INFO | Episode 130/250 - Reward: 9.45, Length: 9, Loss: 0.7990
2026-03-16 23:58:39 | INFO | Episode 131/250 - Reward: 7.50, Length: 9, Loss: 1.7189
2026-03-16 23:58:40 | INFO | Episode 132/250 - Reward: 8.05, Length: 16, Loss: 0.9166
2026-03-16 23:58:41 | INFO | Episode 133/250 - Reward: 8.65, Length: 13, Loss: 1.0596
2026-03-16 23:58:41 | INFO | Episode 134/250 - Reward: 9.45, Length: 9, Loss: 1.1736
2026-03-16 23:58:42 | INFO | Episode 135/250 - Reward: 4.85, Length: 14, Loss: 1.4224
2026-03-16 23:58:43 | INFO | Episode 136/250 - Reward: -7.25, Length: 40, Loss: -0.3109
2026-03-16 23:58:43 | INFO | Episode 137/250 - Reward: 9.65, Length: 8, Loss: 0.9903
2026-03-16 23:58:44 | INFO | Episode 138/250 - Reward: 9.65, Length: 8, Loss: 0.9615
2026-03-16 23:58:45 | INFO | Episode 139/250 - Reward: 7.45, Length: 19, Loss: 0.9431
2026-03-16 23:58:45 | INFO | Episode 140/250 - Reward: -6.65, Length: 40, Loss: -0.1296
2026-03-16 23:58:46 | INFO | Episode 141/250 - Reward: 9.45, Length: 9, Loss: 1.2995
2026-03-16 23:58:47 | INFO | Episode 142/250 - Reward: 9.45, Length: 9, Loss: 1.2688
2026-03-16 23:58:47 | INFO | Episode 143/250 - Reward: 9.45, Length: 9, Loss: 1.0678
2026-03-16 23:58:48 | INFO | Episode 144/250 - Reward: 9.45, Length: 9, Loss: 1.0122
2026-03-16 23:58:49 | INFO | Episode 145/250 - Reward: 9.05, Length: 11, Loss: 1.0848
2026-03-16 23:58:49 | INFO | Episode 146/250 - Reward: 9.65, Length: 8, Loss: 0.9097
2026-03-16 23:58:50 | INFO | Episode 147/250 - Reward: 5.30, Length: 20, Loss: 0.4257
2026-03-16 23:58:51 | INFO | Episode 148/250 - Reward: 5.10, Length: 21, Loss: 0.3441
2026-03-16 23:58:51 | INFO | Episode 149/250 - Reward: 6.30, Length: 15, Loss: 0.6285
2026-03-16 23:58:52 | INFO | Episode 150/250 - Reward: 7.30, Length: 10, Loss: 1.1384
2026-03-16 23:58:52 | INFO | Episode 150/250 - Avg Reward: 7.00, Avg Length: 14.48, Avg Loss: 0.8846
2026-03-16 23:58:52 | INFO | Episode 151/250 - Reward: 9.45, Length: 9, Loss: 0.9632
2026-03-16 23:58:53 | INFO | Episode 152/250 - Reward: 4.85, Length: 14, Loss: 0.7855
2026-03-16 23:58:54 | INFO | Episode 153/250 - Reward: 9.05, Length: 11, Loss: 1.1668
2026-03-16 23:58:54 | INFO | Episode 154/250 - Reward: 9.05, Length: 11, Loss: 1.1668
2026-03-16 23:58:55 | INFO | Episode 155/250 - Reward: 8.65, Length: 13, Loss: 1.1375
2026-03-16 23:58:56 | INFO | Episode 156/250 - Reward: 9.15, Length: 12, Loss: 1.5704
2026-03-16 23:58:56 | INFO | Episode 157/250 - Reward: 8.25, Length: 15, Loss: 1.0444
2026-03-16 23:58:57 | INFO | Episode 158/250 - Reward: 8.45, Length: 14, Loss: 0.9403
2026-03-16 23:58:58 | INFO | Episode 159/250 - Reward: 9.05, Length: 11, Loss: 1.0996
2026-03-16 23:58:59 | INFO | Episode 160/250 - Reward: 9.45, Length: 9, Loss: 1.1507
2026-03-16 23:58:59 | INFO | Episode 161/250 - Reward: 9.35, Length: 11, Loss: 1.4006
2026-03-16 23:59:00 | INFO | Episode 162/250 - Reward: 9.25, Length: 10, Loss: 1.1573
2026-03-16 23:59:01 | INFO | Episode 163/250 - Reward: 9.45, Length: 9, Loss: 1.2033
2026-03-16 23:59:01 | INFO | Episode 164/250 - Reward: 9.25, Length: 10, Loss: 1.1156
2026-03-16 23:59:02 | INFO | Episode 165/250 - Reward: 9.45, Length: 9, Loss: 1.0309
2026-03-16 23:59:03 | INFO | Episode 166/250 - Reward: 9.05, Length: 11, Loss: 1.0922
2026-03-16 23:59:03 | INFO | Episode 167/250 - Reward: 9.45, Length: 9, Loss: 0.8768
2026-03-16 23:59:03 | INFO | Episode 168/250 - Reward: 7.75, Length: 19, Loss: 0.8521
2026-03-16 23:59:04 | INFO | Episode 169/250 - Reward: 7.50, Length: 9, Loss: 1.3529
2026-03-16 23:59:04 | INFO | Episode 170/250 - Reward: 8.65, Length: 13, Loss: 0.8595
2026-03-16 23:59:05 | INFO | Episode 171/250 - Reward: 9.25, Length: 10, Loss: 0.8892
2026-03-16 23:59:05 | INFO | Episode 172/250 - Reward: 9.05, Length: 11, Loss: 1.1134
2026-03-16 23:59:06 | INFO | Episode 173/250 - Reward: 9.45, Length: 9, Loss: 1.1351
2026-03-16 23:59:07 | INFO | Episode 174/250 - Reward: 8.85, Length: 12, Loss: 0.9522
2026-03-16 23:59:07 | INFO | Episode 175/250 - Reward: 9.25, Length: 10, Loss: 1.5973
2026-03-16 23:59:08 | INFO | Episode 176/250 - Reward: 9.25, Length: 10, Loss: 1.2010
2026-03-16 23:59:09 | INFO | Episode 177/250 - Reward: 8.85, Length: 12, Loss: 0.8880
2026-03-16 23:59:09 | INFO | Episode 178/250 - Reward: 7.60, Length: 10, Loss: 1.7491
2026-03-16 23:59:10 | INFO | Episode 179/250 - Reward: 9.65, Length: 8, Loss: 0.8618
2026-03-16 23:59:11 | INFO | Episode 180/250 - Reward: 9.25, Length: 10, Loss: 1.6468
2026-03-16 23:59:11 | INFO | Episode 181/250 - Reward: 4.45, Length: 16, Loss: 1.0483
2026-03-16 23:59:12 | INFO | Episode 182/250 - Reward: -7.55, Length: 40, Loss: -0.2545
2026-03-16 23:59:13 | INFO | Episode 183/250 - Reward: 6.40, Length: 16, Loss: 1.0065
2026-03-16 23:59:13 | INFO | Episode 184/250 - Reward: 9.45, Length: 9, Loss: 1.0963
2026-03-16 23:59:14 | INFO | Episode 185/250 - Reward: 7.70, Length: 8, Loss: 1.1970
2026-03-16 23:59:15 | INFO | Episode 186/250 - Reward: 6.70, Length: 13, Loss: 0.7570
2026-03-16 23:59:15 | INFO | Episode 187/250 - Reward: 6.90, Length: 12, Loss: 1.0402
2026-03-16 23:59:16 | INFO | Episode 188/250 - Reward: 9.65, Length: 8, Loss: 0.7604
2026-03-16 23:59:16 | INFO | Episode 189/250 - Reward: 9.65, Length: 8, Loss: 0.7921
2026-03-16 23:59:17 | INFO | Episode 190/250 - Reward: 9.45, Length: 9, Loss: 1.0520
2026-03-16 23:59:18 | INFO | Episode 191/250 - Reward: 9.65, Length: 8, Loss: 0.7559
2026-03-16 23:59:18 | INFO | Episode 192/250 - Reward: 7.50, Length: 9, Loss: 1.4162
2026-03-16 23:59:19 | INFO | Episode 193/250 - Reward: 4.90, Length: 22, Loss: 0.3211
2026-03-16 23:59:20 | INFO | Episode 194/250 - Reward: 9.05, Length: 14, Loss: 1.7353
2026-03-16 23:59:20 | INFO | Episode 195/250 - Reward: 8.85, Length: 12, Loss: 1.1773
2026-03-16 23:59:21 | INFO | Episode 196/250 - Reward: 7.70, Length: 8, Loss: 1.3517
2026-03-16 23:59:22 | INFO | Episode 197/250 - Reward: 3.10, Length: 31, Loss: 0.1879
2026-03-16 23:59:22 | INFO | Episode 198/250 - Reward: 7.70, Length: 8, Loss: 1.3336
2026-03-16 23:59:23 | INFO | Episode 199/250 - Reward: 7.50, Length: 9, Loss: 1.1174
2026-03-16 23:59:24 | INFO | Episode 200/250 - Reward: 5.05, Length: 31, Loss: 0.1114
2026-03-16 23:59:24 | INFO | Episode 200/250 - Avg Reward: 7.98, Avg Length: 12.44, Avg Loss: 1.0401
2026-03-16 23:59:24 | INFO | Episode 201/250 - Reward: 7.20, Length: 12, Loss: 1.4040
2026-03-16 23:59:25 | INFO | Episode 202/250 - Reward: 9.25, Length: 10, Loss: 1.1076
2026-03-16 23:59:26 | INFO | Episode 203/250 - Reward: 9.25, Length: 10, Loss: 1.1392
2026-03-16 23:59:26 | INFO | Episode 204/250 - Reward: 9.45, Length: 9, Loss: 0.9878
2026-03-16 23:59:27 | INFO | Episode 205/250 - Reward: 9.65, Length: 8, Loss: 1.1439
2026-03-16 23:59:28 | INFO | Episode 206/250 - Reward: 9.65, Length: 8, Loss: 0.8256
2026-03-16 23:59:29 | INFO | Episode 207/250 - Reward: 9.65, Length: 8, Loss: 0.5909
2026-03-16 23:59:29 | INFO | Episode 208/250 - Reward: 9.45, Length: 9, Loss: 1.4575
2026-03-16 23:59:30 | INFO | Episode 209/250 - Reward: 6.70, Length: 13, Loss: 0.7969
2026-03-16 23:59:31 | INFO | Episode 210/250 - Reward: 9.45, Length: 9, Loss: 1.0556
2026-03-16 23:59:31 | INFO | Episode 211/250 - Reward: 9.25, Length: 10, Loss: 0.7867
2026-03-16 23:59:32 | INFO | Episode 212/250 - Reward: 9.25, Length: 10, Loss: 1.2027
2026-03-16 23:59:33 | INFO | Episode 213/250 - Reward: 9.45, Length: 9, Loss: 1.3283
2026-03-16 23:59:33 | INFO | Episode 214/250 - Reward: 9.25, Length: 10, Loss: 0.9881
2026-03-16 23:59:34 | INFO | Episode 215/250 - Reward: 7.50, Length: 9, Loss: 1.4696
2026-03-16 23:59:35 | INFO | Episode 216/250 - Reward: -7.25, Length: 40, Loss: -0.5607
2026-03-16 23:59:34 | INFO | Episode 217/250 - Reward: 9.45, Length: 9, Loss: 1.2991
2026-03-16 23:59:35 | INFO | Episode 218/250 - Reward: 8.25, Length: 15, Loss: 1.1166
2026-03-16 23:59:36 | INFO | Episode 219/250 - Reward: 9.25, Length: 10, Loss: 1.1721
2026-03-16 23:59:36 | INFO | Episode 220/250 - Reward: 9.65, Length: 8, Loss: 0.9943
2026-03-16 23:59:37 | INFO | Episode 221/250 - Reward: 4.65, Length: 15, Loss: 1.1727
2026-03-16 23:59:38 | INFO | Episode 222/250 - Reward: 7.50, Length: 9, Loss: 1.3193
2026-03-16 23:59:38 | INFO | Episode 223/250 - Reward: 9.05, Length: 11, Loss: 1.3374
2026-03-16 23:59:39 | INFO | Episode 224/250 - Reward: 7.70, Length: 8, Loss: 1.2933
2026-03-16 23:59:40 | INFO | Episode 225/250 - Reward: 7.10, Length: 11, Loss: 1.0410
2026-03-16 23:59:40 | INFO | Episode 226/250 - Reward: 9.25, Length: 10, Loss: 0.9930
2026-03-16 23:59:41 | INFO | Episode 227/250 - Reward: 5.10, Length: 21, Loss: 0.2609
2026-03-16 23:59:42 | INFO | Episode 228/250 - Reward: 7.50, Length: 9, Loss: 1.1257
2026-03-16 23:59:42 | INFO | Episode 229/250 - Reward: 7.50, Length: 9, Loss: 1.1083
2026-03-16 23:59:43 | INFO | Episode 230/250 - Reward: -7.55, Length: 40, Loss: -0.2725
2026-03-16 23:59:43 | INFO | Episode 231/250 - Reward: -7.55, Length: 40, Loss: -0.3669
2026-03-16 23:59:44 | INFO | Episode 232/250 - Reward: 9.65, Length: 8, Loss: 0.9999
2026-03-16 23:59:45 | INFO | Episode 233/250 - Reward: 9.45, Length: 9, Loss: 1.1157
2026-03-16 23:59:45 | INFO | Episode 234/250 - Reward: 7.30, Length: 10, Loss: 1.4305
2026-03-16 23:59:46 | INFO | Episode 235/250 - Reward: 9.35, Length: 11, Loss: 1.3803
2026-03-16 23:59:47 | INFO | Episode 236/250 - Reward: 9.45, Length: 9, Loss: 0.9527
2026-03-16 23:59:47 | INFO | Episode 237/250 - Reward: -7.55, Length: 40, Loss: -0.2626
2026-03-16 23:59:48 | INFO | Episode 238/250 - Reward: 7.30, Length: 10, Loss: 0.9866
2026-03-16 23:59:49 | INFO | Episode 239/250 - Reward: 7.30, Length: 10, Loss: 1.8990
2026-03-16 23:59:49 | INFO | Episode 240/250 - Reward: -7.55, Length: 40, Loss: -0.0960
2026-03-16 23:59:50 | INFO | Episode 241/250 - Reward: 9.45, Length: 9, Loss: 0.8635
2026-03-16 23:59:51 | INFO | Episode 242/250 - Reward: 9.45, Length: 9, Loss: 0.7768
2026-03-16 23:59:51 | INFO | Episode 243/250 - Reward: 9.65, Length: 8, Loss: 0.5386
2026-03-16 23:59:52 | INFO | Episode 244/250 - Reward: 9.65, Length: 8, Loss: 0.9364
2026-03-16 23:59:53 | INFO | Episode 245/250 - Reward: 9.45, Length: 9, Loss: 1.1507
2026-03-16 23:59:53 | INFO | Episode 246/250 - Reward: 9.25, Length: 10, Loss: 0.8677
2026-03-16 23:59:54 | INFO | Episode 247/250 - Reward: 9.45, Length: 9, Loss: 1.0204
2026-03-16 23:59:55 | INFO | Episode 248/250 - Reward: 9.45, Length: 9, Loss: 1.6917
2026-03-16 23:59:55 | INFO | Episode 249/250 - Reward: 9.45, Length: 9, Loss: 1.5251
2026-03-16 23:59:56 | INFO | Episode 250/250 - Reward: 9.65, Length: 8, Loss: 0.9099
2026-03-16 23:59:56 | INFO | Episode 250/250 - Avg Reward: 7.07, Avg Length: 12.88, Avg Loss: 0.9601
