2026-03-17 00:02:59 | INFO | ============================================================
2026-03-17 00:02:59 | INFO | DEVICE / COMPUTE INFORMATION
2026-03-17 00:02:59 | INFO |   JAX backend       : GPU
2026-03-17 00:02:59 | INFO |   Platform          : gpu
2026-03-17 00:02:59 | INFO |   Num devices       : 1
2026-03-17 00:02:59 | INFO |   Device            : cuda:0
2026-03-17 00:02:59 | INFO |   GPU name          : NVIDIA GeForce RTX 5060 Laptop GPU
2026-03-17 00:02:59 | INFO | ============================================================
2026-03-17 00:02:59 | INFO | ✓ JAX GPU backend confirmed.
2026-03-17 00:03:01 | INFO | REINFORCE seed=2_gamma=0.9_lr=0.001
2026-03-17 00:03:04 | INFO | Episode 1/250 - Reward: -3.80, Length: 40, Loss: -0.5680
2026-03-17 00:03:05 | INFO | Episode 2/250 - Reward: 7.65, Length: 21, Loss: 1.1267
2026-03-17 00:03:05 | INFO | Episode 3/250 - Reward: 2.35, Length: 34, Loss: 0.1236
2026-03-17 00:03:06 | INFO | Episode 4/250 - Reward: -11.60, Length: 40, Loss: -0.5017
2026-03-17 00:03:06 | INFO | Episode 5/250 - Reward: -5.15, Length: 40, Loss: -0.5751
2026-03-17 00:03:07 | INFO | Episode 6/250 - Reward: 3.15, Length: 27, Loss: 0.4077
2026-03-17 00:03:07 | INFO | Episode 7/250 - Reward: 6.80, Length: 20, Loss: 1.1388
2026-03-17 00:03:08 | INFO | Episode 8/250 - Reward: -5.30, Length: 40, Loss: -0.5276
2026-03-17 00:03:08 | INFO | Episode 9/250 - Reward: -3.00, Length: 36, Loss: -0.0697
2026-03-17 00:03:09 | INFO | Episode 10/250 - Reward: 1.90, Length: 25, Loss: 0.3518
2026-03-17 00:03:09 | INFO | Episode 11/250 - Reward: -5.00, Length: 40, Loss: -0.5950
2026-03-17 00:03:10 | INFO | Episode 12/250 - Reward: 7.35, Length: 27, Loss: 0.6459
2026-03-17 00:03:10 | INFO | Episode 13/250 - Reward: 4.35, Length: 21, Loss: 0.7058
2026-03-17 00:03:11 | INFO | Episode 14/250 - Reward: -3.80, Length: 40, Loss: -0.4857
2026-03-17 00:03:11 | INFO | Episode 15/250 - Reward: -3.95, Length: 40, Loss: -0.4493
2026-03-17 00:03:12 | INFO | Episode 16/250 - Reward: -5.45, Length: 40, Loss: -0.5017
2026-03-17 00:03:12 | INFO | Episode 17/250 - Reward: 1.50, Length: 27, Loss: 0.2377
2026-03-17 00:03:13 | INFO | Episode 18/250 - Reward: -3.95, Length: 40, Loss: -0.4498
2026-03-17 00:03:13 | INFO | Episode 19/250 - Reward: -3.80, Length: 40, Loss: -0.5020
2026-03-17 00:03:14 | INFO | Episode 20/250 - Reward: -5.60, Length: 40, Loss: -0.5804
2026-03-17 00:03:14 | INFO | Episode 21/250 - Reward: -11.90, Length: 40, Loss: -0.5031
2026-03-17 00:03:14 | INFO | Episode 22/250 - Reward: -6.05, Length: 40, Loss: -0.5582
2026-03-17 00:03:14 | INFO | Episode 23/250 - Reward: -5.00, Length: 40, Loss: -0.5243
2026-03-17 00:03:15 | INFO | Episode 24/250 - Reward: -4.70, Length: 40, Loss: -0.5438
2026-03-17 00:03:15 | INFO | Episode 25/250 - Reward: -4.10, Length: 40, Loss: -0.5817
2026-03-17 00:03:16 | INFO | Episode 26/250 - Reward: -5.75, Length: 40, Loss: -0.5805
2026-03-17 00:03:16 | INFO | Episode 27/250 - Reward: -5.60, Length: 40, Loss: -0.5209
2026-03-17 00:03:17 | INFO | Episode 28/250 - Reward: -6.35, Length: 40, Loss: -0.5472
2026-03-17 00:03:18 | INFO | Episode 29/250 - Reward: -10.10, Length: 40, Loss: -0.4884
2026-03-17 00:03:18 | INFO | Episode 30/250 - Reward: 3.55, Length: 25, Loss: 0.4806
2026-03-17 00:03:19 | INFO | Episode 31/250 - Reward: -5.30, Length: 40, Loss: -0.5858
2026-03-17 00:03:19 | INFO | Episode 32/250 - Reward: -11.30, Length: 40, Loss: -0.5622
2026-03-17 00:03:20 | INFO | Episode 33/250 - Reward: -3.95, Length: 40, Loss: -0.4754
2026-03-17 00:03:20 | INFO | Episode 34/250 - Reward: -13.70, Length: 40, Loss: -0.5081
2026-03-17 00:03:21 | INFO | Episode 35/250 - Reward: -4.10, Length: 40, Loss: -0.5196
2026-03-17 00:03:21 | INFO | Episode 36/250 - Reward: 6.45, Length: 36, Loss: 0.2858
2026-03-17 00:03:22 | INFO | Episode 37/250 - Reward: -6.05, Length: 40, Loss: -0.3933
2026-03-17 00:03:22 | INFO | Episode 38/250 - Reward: -5.00, Length: 40, Loss: -0.5321
2026-03-17 00:03:23 | INFO | Episode 39/250 - Reward: -5.60, Length: 40, Loss: -0.5731
2026-03-17 00:03:23 | INFO | Episode 40/250 - Reward: -8.30, Length: 40, Loss: -0.3287
2026-03-17 00:03:24 | INFO | Episode 41/250 - Reward: -4.25, Length: 40, Loss: -0.5878
2026-03-17 00:03:24 | INFO | Episode 42/250 - Reward: 5.15, Length: 35, Loss: 0.2068
2026-03-17 00:03:25 | INFO | Episode 43/250 - Reward: -4.85, Length: 40, Loss: -0.4917
2026-03-17 00:03:25 | INFO | Episode 44/250 - Reward: -4.40, Length: 40, Loss: -0.4595
2026-03-17 00:03:26 | INFO | Episode 45/250 - Reward: 2.35, Length: 37, Loss: 0.1228
2026-03-17 00:03:26 | INFO | Episode 46/250 - Reward: -4.85, Length: 40, Loss: -0.6204
2026-03-17 00:03:27 | INFO | Episode 47/250 - Reward: -5.45, Length: 40, Loss: -0.4886
2026-03-17 00:03:27 | INFO | Episode 48/250 - Reward: -4.40, Length: 40, Loss: -0.5262
2026-03-17 00:03:28 | INFO | Episode 49/250 - Reward: 2.75, Length: 29, Loss: 0.3422
2026-03-17 00:03:28 | INFO | Episode 50/250 - Reward: -4.40, Length: 40, Loss: -0.5511
2026-03-17 00:03:28 | INFO | Episode 50/250 - Avg Reward: -3.21, Avg Length: 36.80, Avg Loss: -0.2536
2026-03-17 00:03:29 | INFO | Episode 51/250 - Reward: 6.70, Length: 19, Loss: 1.1893
2026-03-17 00:03:29 | INFO | Episode 52/250 - Reward: -4.85, Length: 40, Loss: -0.5317
2026-03-17 00:03:30 | INFO | Episode 53/250 - Reward: 8.35, Length: 19, Loss: 1.2771
2026-03-17 00:03:30 | INFO | Episode 54/250 - Reward: -4.10, Length: 40, Loss: -0.6120
2026-03-17 00:03:31 | INFO | Episode 55/250 - Reward: -8.00, Length: 40, Loss: -0.4048
2026-03-17 00:03:31 | INFO | Episode 56/250 - Reward: -4.25, Length: 40, Loss: -0.5624
2026-03-17 00:03:32 | INFO | Episode 57/250 - Reward: -5.15, Length: 40, Loss: -0.5617
2026-03-17 00:03:32 | INFO | Episode 58/250 - Reward: -5.15, Length: 40, Loss: -0.5297
2026-03-17 00:03:33 | INFO | Episode 59/250 - Reward: -4.85, Length: 40, Loss: -0.5352
2026-03-17 00:03:33 | INFO | Episode 60/250 - Reward: -5.00, Length: 40, Loss: -0.5373
2026-03-17 00:03:34 | INFO | Episode 61/250 - Reward: -4.70, Length: 40, Loss: -0.4873
2026-03-17 00:03:35 | INFO | Episode 62/250 - Reward: -4.70, Length: 40, Loss: -0.5397
2026-03-17 00:03:35 | INFO | Episode 63/250 - Reward: -5.45, Length: 40, Loss: -0.5933
2026-03-17 00:03:36 | INFO | Episode 64/250 - Reward: -5.00, Length: 40, Loss: -0.5776
2026-03-17 00:03:37 | INFO | Episode 65/250 - Reward: 5.40, Length: 27, Loss: 0.5969
2026-03-17 00:03:37 | INFO | Episode 66/250 - Reward: -5.00, Length: 40, Loss: -0.4653
2026-03-17 00:03:38 | INFO | Episode 67/250 - Reward: -4.55, Length: 40, Loss: -0.5583
2026-03-17 00:03:39 | INFO | Episode 68/250 - Reward: 8.85, Length: 15, Loss: 1.8640
2026-03-17 00:03:39 | INFO | Episode 69/250 - Reward: -6.35, Length: 40, Loss: -0.5665
2026-03-17 00:03:40 | INFO | Episode 70/250 - Reward: -4.40, Length: 40, Loss: -0.5355
2026-03-17 00:03:41 | INFO | Episode 71/250 - Reward: 4.85, Length: 38, Loss: 0.2278
2026-03-17 00:03:41 | INFO | Episode 72/250 - Reward: -5.30, Length: 40, Loss: -0.5894
2026-03-17 00:03:42 | INFO | Episode 73/250 - Reward: -4.40, Length: 40, Loss: -0.5725
2026-03-17 00:03:43 | INFO | Episode 74/250 - Reward: -4.25, Length: 40, Loss: -0.4759
2026-03-17 00:03:43 | INFO | Episode 75/250 - Reward: -5.60, Length: 40, Loss: -0.5634
2026-03-17 00:03:44 | INFO | Episode 76/250 - Reward: -5.15, Length: 40, Loss: -0.5837
2026-03-17 00:03:45 | INFO | Episode 77/250 - Reward: 3.75, Length: 30, Loss: 0.3177
2026-03-17 00:03:45 | INFO | Episode 78/250 - Reward: -5.15, Length: 40, Loss: -0.5854
2026-03-17 00:03:45 | INFO | Episode 79/250 - Reward: -5.45, Length: 40, Loss: -0.4863
2026-03-17 00:03:46 | INFO | Episode 80/250 - Reward: -5.00, Length: 40, Loss: -0.5538
2026-03-17 00:03:46 | INFO | Episode 81/250 - Reward: 6.25, Length: 31, Loss: 0.4829
2026-03-17 00:03:47 | INFO | Episode 82/250 - Reward: 9.25, Length: 13, Loss: 2.0052
2026-03-17 00:03:48 | INFO | Episode 83/250 - Reward: -5.15, Length: 40, Loss: -0.5561
2026-03-17 00:03:48 | INFO | Episode 84/250 - Reward: -5.15, Length: 40, Loss: -0.5761
2026-03-17 00:03:49 | INFO | Episode 85/250 - Reward: -4.85, Length: 40, Loss: -0.5099
2026-03-17 00:03:50 | INFO | Episode 86/250 - Reward: -5.60, Length: 40, Loss: -0.4197
2026-03-17 00:03:51 | INFO | Episode 87/250 - Reward: -3.95, Length: 40, Loss: -0.5934
2026-03-17 00:03:51 | INFO | Episode 88/250 - Reward: -5.45, Length: 40, Loss: -0.5948
2026-03-17 00:03:52 | INFO | Episode 89/250 - Reward: -5.15, Length: 40, Loss: -0.5701
2026-03-17 00:03:53 | INFO | Episode 90/250 - Reward: -5.30, Length: 40, Loss: -0.6219
2026-03-17 00:03:53 | INFO | Episode 91/250 - Reward: -4.55, Length: 40, Loss: -0.5742
2026-03-17 00:03:54 | INFO | Episode 92/250 - Reward: -6.05, Length: 40, Loss: -0.5423
2026-03-17 00:03:54 | INFO | Episode 93/250 - Reward: -9.35, Length: 40, Loss: -0.3816
2026-03-17 00:03:55 | INFO | Episode 94/250 - Reward: -9.05, Length: 40, Loss: -0.5517
2026-03-17 00:03:56 | INFO | Episode 95/250 - Reward: -4.10, Length: 40, Loss: -0.5258
2026-03-17 00:03:56 | INFO | Episode 96/250 - Reward: -4.85, Length: 40, Loss: -0.5682
2026-03-17 00:03:57 | INFO | Episode 97/250 - Reward: -4.40, Length: 40, Loss: -0.5576
2026-03-17 00:03:58 | INFO | Episode 98/250 - Reward: -5.30, Length: 40, Loss: -0.3928
2026-03-17 00:03:59 | INFO | Episode 99/250 - Reward: -3.95, Length: 40, Loss: -0.5469
2026-03-17 00:03:59 | INFO | Episode 100/250 - Reward: 4.90, Length: 28, Loss: 0.4758
2026-03-17 00:03:59 | INFO | Episode 100/250 - Avg Reward: -3.11, Avg Length: 37.20, Avg Loss: -0.2731
2026-03-17 00:04:00 | INFO | Episode 101/250 - Reward: -4.35, Length: 39, Loss: -0.0594
2026-03-17 00:04:01 | INFO | Episode 102/250 - Reward: -8.15, Length: 40, Loss: -0.4005
2026-03-17 00:04:01 | INFO | Episode 103/250 - Reward: -4.85, Length: 40, Loss: -0.5033
2026-03-17 00:04:02 | INFO | Episode 104/250 - Reward: -2.40, Length: 30, Loss: -0.0763
2026-03-17 00:04:03 | INFO | Episode 105/250 - Reward: -4.85, Length: 40, Loss: -0.5840
2026-03-17 00:04:03 | INFO | Episode 106/250 - Reward: -3.65, Length: 40, Loss: -0.5190
2026-03-17 00:04:04 | INFO | Episode 107/250 - Reward: -3.50, Length: 40, Loss: -0.5462
2026-03-17 00:04:05 | INFO | Episode 108/250 - Reward: -4.85, Length: 40, Loss: -0.5851
2026-03-17 00:04:05 | INFO | Episode 109/250 - Reward: 2.20, Length: 25, Loss: 0.3287
2026-03-17 00:04:06 | INFO | Episode 110/250 - Reward: -5.60, Length: 40, Loss: -0.5343
2026-03-17 00:04:07 | INFO | Episode 111/250 - Reward: -4.70, Length: 40, Loss: -0.5704
2026-03-17 00:04:07 | INFO | Episode 112/250 - Reward: -12.35, Length: 40, Loss: -0.5013
2026-03-17 00:04:08 | INFO | Episode 113/250 - Reward: -4.70, Length: 40, Loss: -0.5096
2026-03-17 00:04:09 | INFO | Episode 114/250 - Reward: -4.55, Length: 40, Loss: -0.5331
2026-03-17 00:04:09 | INFO | Episode 115/250 - Reward: -5.15, Length: 40, Loss: -0.5149
2026-03-17 00:04:10 | INFO | Episode 116/250 - Reward: -6.35, Length: 40, Loss: -0.4408
2026-03-17 00:04:11 | INFO | Episode 117/250 - Reward: -4.10, Length: 40, Loss: -0.5546
2026-03-17 00:04:11 | INFO | Episode 118/250 - Reward: -5.30, Length: 40, Loss: -0.5560
2026-03-17 00:04:12 | INFO | Episode 119/250 - Reward: -5.00, Length: 40, Loss: -0.5272
2026-03-17 00:04:13 | INFO | Episode 120/250 - Reward: -0.30, Length: 39, Loss: 0.0170
2026-03-17 00:04:13 | INFO | Episode 121/250 - Reward: -4.70, Length: 40, Loss: -0.4719
2026-03-17 00:04:14 | INFO | Episode 122/250 - Reward: -4.55, Length: 40, Loss: -0.4778
2026-03-17 00:04:15 | INFO | Episode 123/250 - Reward: -5.45, Length: 40, Loss: -0.3971
2026-03-17 00:04:15 | INFO | Episode 124/250 - Reward: -4.85, Length: 40, Loss: -0.5570
2026-03-17 00:04:16 | INFO | Episode 125/250 - Reward: -5.15, Length: 40, Loss: -0.4702
2026-03-17 00:04:17 | INFO | Episode 126/250 - Reward: -4.85, Length: 40, Loss: -0.5541
2026-03-17 00:04:17 | INFO | Episode 127/250 - Reward: -4.85, Length: 40, Loss: -0.5322
2026-03-17 00:04:17 | INFO | Episode 128/250 - Reward: -4.55, Length: 40, Loss: -0.5192
2026-03-17 00:04:18 | INFO | Episode 129/250 - Reward: -8.15, Length: 40, Loss: -0.4968
2026-03-17 00:04:19 | INFO | Episode 130/250 - Reward: -3.95, Length: 40, Loss: -0.5717
2026-03-17 00:04:19 | INFO | Episode 131/250 - Reward: -5.30, Length: 40, Loss: -0.5522
2026-03-17 00:04:20 | INFO | Episode 132/250 - Reward: -3.95, Length: 40, Loss: -0.6248
2026-03-17 00:04:21 | INFO | Episode 133/250 - Reward: 3.35, Length: 26, Loss: 0.4561
2026-03-17 00:04:21 | INFO | Episode 134/250 - Reward: -4.55, Length: 40, Loss: -0.5725
2026-03-17 00:04:22 | INFO | Episode 135/250 - Reward: -5.15, Length: 40, Loss: -0.5706
2026-03-17 00:04:23 | INFO | Episode 136/250 - Reward: -4.40, Length: 40, Loss: -0.5369
2026-03-17 00:04:23 | INFO | Episode 137/250 - Reward: -5.00, Length: 40, Loss: -0.5604
2026-03-17 00:04:24 | INFO | Episode 138/250 - Reward: -4.10, Length: 40, Loss: -0.5147
2026-03-17 00:04:25 | INFO | Episode 139/250 - Reward: -5.45, Length: 40, Loss: -0.5300
2026-03-17 00:04:25 | INFO | Episode 140/250 - Reward: -4.10, Length: 40, Loss: -0.6351
2026-03-17 00:04:26 | INFO | Episode 141/250 - Reward: 6.25, Length: 34, Loss: 0.2987
2026-03-17 00:04:27 | INFO | Episode 142/250 - Reward: -5.30, Length: 40, Loss: -0.6177
2026-03-17 00:04:27 | INFO | Episode 143/250 - Reward: 2.15, Length: 32, Loss: 0.2215
2026-03-17 00:04:28 | INFO | Episode 144/250 - Reward: -5.00, Length: 40, Loss: -0.6134
2026-03-17 00:04:29 | INFO | Episode 145/250 - Reward: -4.40, Length: 40, Loss: -0.4652
2026-03-17 00:04:29 | INFO | Episode 146/250 - Reward: -5.45, Length: 40, Loss: -0.4690
2026-03-17 00:04:30 | INFO | Episode 147/250 - Reward: -4.70, Length: 40, Loss: -0.5601
2026-03-17 00:04:31 | INFO | Episode 148/250 - Reward: -5.75, Length: 40, Loss: -0.5173
2026-03-17 00:04:31 | INFO | Episode 149/250 - Reward: -4.85, Length: 40, Loss: -0.5705
2026-03-17 00:04:32 | INFO | Episode 150/250 - Reward: -6.50, Length: 40, Loss: -0.5410
2026-03-17 00:04:32 | INFO | Episode 150/250 - Avg Reward: -4.32, Avg Length: 38.90, Avg Loss: -0.4339
2026-03-17 00:04:33 | INFO | Episode 151/250 - Reward: -4.85, Length: 40, Loss: -0.5514
2026-03-17 00:04:33 | INFO | Episode 152/250 - Reward: 7.45, Length: 25, Loss: 0.7626
2026-03-17 00:04:34 | INFO | Episode 153/250 - Reward: -5.75, Length: 40, Loss: -0.5049
2026-03-17 00:04:35 | INFO | Episode 154/250 - Reward: -4.85, Length: 40, Loss: -0.5013
2026-03-17 00:04:35 | INFO | Episode 155/250 - Reward: -4.55, Length: 40, Loss: -0.5280
2026-03-17 00:04:36 | INFO | Episode 156/250 - Reward: -9.80, Length: 40, Loss: -0.4471
2026-03-17 00:04:37 | INFO | Episode 157/250 - Reward: -4.25, Length: 40, Loss: -0.5496
2026-03-17 00:04:37 | INFO | Episode 158/250 - Reward: 5.10, Length: 30, Loss: 0.4297
2026-03-17 00:04:38 | INFO | Episode 159/250 - Reward: -6.35, Length: 40, Loss: -0.5982
2026-03-17 00:04:39 | INFO | Episode 160/250 - Reward: -4.85, Length: 40, Loss: -0.4820
2026-03-17 00:04:39 | INFO | Episode 161/250 - Reward: -5.00, Length: 40, Loss: -0.5652
2026-03-17 00:04:40 | INFO | Episode 162/250 - Reward: -4.85, Length: 40, Loss: -0.6011
2026-03-17 00:04:41 | INFO | Episode 163/250 - Reward: -8.30, Length: 40, Loss: -0.5151
2026-03-17 00:04:41 | INFO | Episode 164/250 - Reward: -4.55, Length: 40, Loss: -0.5600
2026-03-17 00:04:42 | INFO | Episode 165/250 - Reward: -4.70, Length: 40, Loss: -0.6235
2026-03-17 00:04:43 | INFO | Episode 166/250 - Reward: -4.55, Length: 40, Loss: -0.6148
2026-03-17 00:04:43 | INFO | Episode 167/250 - Reward: -4.25, Length: 40, Loss: -0.5717
2026-03-17 00:04:44 | INFO | Episode 168/250 - Reward: 6.15, Length: 30, Loss: 0.4685
2026-03-17 00:04:45 | INFO | Episode 169/250 - Reward: -4.70, Length: 40, Loss: -0.5220
2026-03-17 00:04:45 | INFO | Episode 170/250 - Reward: -4.70, Length: 40, Loss: -0.5370
2026-03-17 00:04:46 | INFO | Episode 171/250 - Reward: 5.90, Length: 26, Loss: 0.6400
2026-03-17 00:04:47 | INFO | Episode 172/250 - Reward: -5.45, Length: 40, Loss: -0.5161
2026-03-17 00:04:47 | INFO | Episode 173/250 - Reward: -5.15, Length: 40, Loss: -0.5498
2026-03-17 00:04:48 | INFO | Episode 174/250 - Reward: -7.55, Length: 40, Loss: -0.5643
2026-03-17 00:04:48 | INFO | Episode 175/250 - Reward: 6.55, Length: 34, Loss: 0.3430
2026-03-17 00:04:48 | INFO | Episode 176/250 - Reward: -5.60, Length: 40, Loss: -0.5933
2026-03-17 00:04:49 | INFO | Episode 177/250 - Reward: -1.80, Length: 27, Loss: 0.0037
2026-03-17 00:04:50 | INFO | Episode 178/250 - Reward: -5.60, Length: 40, Loss: -0.5505
2026-03-17 00:04:50 | INFO | Episode 179/250 - Reward: -11.15, Length: 40, Loss: -0.3749
2026-03-17 00:04:51 | INFO | Episode 180/250 - Reward: -5.15, Length: 40, Loss: -0.5387
2026-03-17 00:04:52 | INFO | Episode 181/250 - Reward: -5.00, Length: 40, Loss: -0.5359
2026-03-17 00:04:53 | INFO | Episode 182/250 - Reward: -5.00, Length: 40, Loss: -0.5644
2026-03-17 00:04:53 | INFO | Episode 183/250 - Reward: -4.85, Length: 40, Loss: -0.4288
2026-03-17 00:04:54 | INFO | Episode 184/250 - Reward: -5.00, Length: 40, Loss: -0.5612
2026-03-17 00:04:55 | INFO | Episode 185/250 - Reward: -4.55, Length: 40, Loss: -0.5129
2026-03-17 00:04:55 | INFO | Episode 186/250 - Reward: -4.85, Length: 40, Loss: -0.5316
2026-03-17 00:04:56 | INFO | Episode 187/250 - Reward: -5.00, Length: 40, Loss: -0.5929
2026-03-17 00:04:57 | INFO | Episode 188/250 - Reward: 4.50, Length: 33, Loss: 0.2638
2026-03-17 00:04:57 | INFO | Episode 189/250 - Reward: -4.70, Length: 40, Loss: -0.5401
2026-03-17 00:04:58 | INFO | Episode 190/250 - Reward: -4.85, Length: 40, Loss: -0.5416
2026-03-17 00:04:59 | INFO | Episode 191/250 - Reward: -5.00, Length: 40, Loss: -0.5165
2026-03-17 00:04:59 | INFO | Episode 192/250 - Reward: -5.90, Length: 40, Loss: -0.5237
2026-03-17 00:05:00 | INFO | Episode 193/250 - Reward: -4.85, Length: 40, Loss: -0.5618
2026-03-17 00:05:01 | INFO | Episode 194/250 - Reward: -4.85, Length: 40, Loss: -0.5142
2026-03-17 00:05:01 | INFO | Episode 195/250 - Reward: -5.75, Length: 40, Loss: -0.5307
2026-03-17 00:05:02 | INFO | Episode 196/250 - Reward: -5.45, Length: 40, Loss: -0.5317
2026-03-17 00:05:03 | INFO | Episode 197/250 - Reward: -5.15, Length: 40, Loss: -0.5142
2026-03-17 00:05:03 | INFO | Episode 198/250 - Reward: -4.40, Length: 40, Loss: -0.5821
2026-03-17 00:05:04 | INFO | Episode 199/250 - Reward: 7.35, Length: 24, Loss: 0.8294
2026-03-17 00:05:05 | INFO | Episode 200/250 - Reward: -4.40, Length: 40, Loss: -0.4972
2026-03-17 00:05:05 | INFO | Episode 200/250 - Avg Reward: -3.70, Avg Length: 38.18, Avg Loss: -0.3760
2026-03-17 00:05:05 | INFO | Episode 201/250 - Reward: 6.75, Length: 33, Loss: 0.3569
2026-03-17 00:05:06 | INFO | Episode 202/250 - Reward: -5.00, Length: 40, Loss: -0.5614
2026-03-17 00:05:07 | INFO | Episode 203/250 - Reward: -4.25, Length: 40, Loss: -0.5805
2026-03-17 00:05:07 | INFO | Episode 204/250 - Reward: -6.65, Length: 40, Loss: -0.6358
2026-03-17 00:05:08 | INFO | Episode 205/250 - Reward: -5.30, Length: 40, Loss: -0.5791
2026-03-17 00:05:09 | INFO | Episode 206/250 - Reward: -5.30, Length: 40, Loss: -0.5589
2026-03-17 00:05:09 | INFO | Episode 207/250 - Reward: 4.90, Length: 28, Loss: 0.4350
2026-03-17 00:05:10 | INFO | Episode 208/250 - Reward: 5.70, Length: 24, Loss: 0.7573
2026-03-17 00:05:11 | INFO | Episode 209/250 - Reward: -4.40, Length: 40, Loss: -0.4990
2026-03-17 00:05:12 | INFO | Episode 210/250 - Reward: -5.15, Length: 40, Loss: -0.5095
2026-03-17 00:05:12 | INFO | Episode 211/250 - Reward: -4.25, Length: 40, Loss: -0.5781
2026-03-17 00:05:13 | INFO | Episode 212/250 - Reward: 9.05, Length: 14, Loss: 1.8052
2026-03-17 00:05:13 | INFO | Episode 213/250 - Reward: -4.55, Length: 40, Loss: -0.5692
2026-03-17 00:05:14 | INFO | Episode 214/250 - Reward: -3.05, Length: 40, Loss: -0.5248
2026-03-17 00:05:14 | INFO | Episode 215/250 - Reward: 3.85, Length: 25, Loss: 0.5354
2026-03-17 00:05:15 | INFO | Episode 216/250 - Reward: -9.50, Length: 40, Loss: -0.4706
2026-03-17 00:05:15 | INFO | Episode 217/250 - Reward: -4.85, Length: 40, Loss: -0.5160
2026-03-17 00:05:16 | INFO | Episode 218/250 - Reward: -2.40, Length: 33, Loss: -0.0582
2026-03-17 00:05:16 | INFO | Episode 219/250 - Reward: -3.50, Length: 40, Loss: -0.4796
2026-03-17 00:05:17 | INFO | Episode 220/250 - Reward: -5.75, Length: 40, Loss: -0.5092
2026-03-17 00:05:17 | INFO | Episode 221/250 - Reward: -4.85, Length: 40, Loss: -0.5848
2026-03-17 00:05:18 | INFO | Episode 222/250 - Reward: -4.70, Length: 40, Loss: -0.6112
2026-03-17 00:05:18 | INFO | Episode 223/250 - Reward: 5.70, Length: 27, Loss: 0.6286
2026-03-17 00:05:19 | INFO | Episode 224/250 - Reward: -5.15, Length: 40, Loss: -0.5778
2026-03-17 00:05:19 | INFO | Episode 225/250 - Reward: 6.10, Length: 19, Loss: 1.1022
2026-03-17 00:05:19 | INFO | Episode 226/250 - Reward: 8.45, Length: 17, Loss: 1.3845
2026-03-17 00:05:20 | INFO | Episode 227/250 - Reward: -6.65, Length: 40, Loss: -0.5822
2026-03-17 00:05:20 | INFO | Episode 228/250 - Reward: 2.55, Length: 36, Loss: 0.1134
2026-03-17 00:05:21 | INFO | Episode 229/250 - Reward: 5.50, Length: 31, Loss: 0.3924
2026-03-17 00:05:21 | INFO | Episode 230/250 - Reward: -5.15, Length: 40, Loss: -0.5971
2026-03-17 00:05:22 | INFO | Episode 231/250 - Reward: -4.25, Length: 40, Loss: -0.5322
2026-03-17 00:05:22 | INFO | Episode 232/250 - Reward: -4.85, Length: 40, Loss: -0.4816
2026-03-17 00:05:23 | INFO | Episode 233/250 - Reward: -3.35, Length: 40, Loss: -0.4866
2026-03-17 00:05:23 | INFO | Episode 234/250 - Reward: 4.20, Length: 39, Loss: 0.1278
2026-03-17 00:05:24 | INFO | Episode 235/250 - Reward: -6.50, Length: 40, Loss: -0.5194
2026-03-17 00:05:24 | INFO | Episode 236/250 - Reward: -3.80, Length: 40, Loss: -0.5334
2026-03-17 00:05:25 | INFO | Episode 237/250 - Reward: -3.80, Length: 40, Loss: -0.5686
2026-03-17 00:05:25 | INFO | Episode 238/250 - Reward: -5.30, Length: 40, Loss: -0.5160
2026-03-17 00:05:26 | INFO | Episode 239/250 - Reward: -4.25, Length: 40, Loss: -0.4887
2026-03-17 00:05:26 | INFO | Episode 240/250 - Reward: -5.30, Length: 40, Loss: -0.5752
2026-03-17 00:05:27 | INFO | Episode 241/250 - Reward: -5.00, Length: 40, Loss: -0.5684
2026-03-17 00:05:27 | INFO | Episode 242/250 - Reward: -4.70, Length: 40, Loss: -0.5455
2026-03-17 00:05:28 | INFO | Episode 243/250 - Reward: -7.55, Length: 40, Loss: -0.3349
2026-03-17 00:05:28 | INFO | Episode 244/250 - Reward: -5.15, Length: 40, Loss: -0.5898
2026-03-17 00:05:29 | INFO | Episode 245/250 - Reward: -4.25, Length: 40, Loss: -0.5000
2026-03-17 00:05:29 | INFO | Episode 246/250 - Reward: -4.55, Length: 40, Loss: -0.5230
2026-03-17 00:05:30 | INFO | Episode 247/250 - Reward: -4.70, Length: 40, Loss: -0.5716
2026-03-17 00:05:30 | INFO | Episode 248/250 - Reward: -5.00, Length: 40, Loss: -0.5403
2026-03-17 00:05:31 | INFO | Episode 249/250 - Reward: -6.35, Length: 40, Loss: -0.5488
2026-03-17 00:05:31 | INFO | Episode 250/250 - Reward: -4.85, Length: 40, Loss: -0.5731
2026-03-17 00:05:31 | INFO | Episode 250/250 - Avg Reward: -2.62, Avg Length: 36.92, Avg Loss: -0.2588
