2026-03-17 00:08:14 | INFO | ============================================================
2026-03-17 00:08:14 | INFO | DEVICE / COMPUTE INFORMATION
2026-03-17 00:08:14 | INFO |   JAX backend       : GPU
2026-03-17 00:08:14 | INFO |   Platform          : gpu
2026-03-17 00:08:14 | INFO |   Num devices       : 1
2026-03-17 00:08:14 | INFO |   Device            : cuda:0
2026-03-17 00:08:14 | INFO |   GPU name          : NVIDIA GeForce RTX 5060 Laptop GPU
2026-03-17 00:08:14 | INFO | ============================================================
2026-03-17 00:08:14 | INFO | ✓ JAX GPU backend confirmed.
2026-03-17 00:08:15 | INFO | REINFORCE seed=2_gamma=0.99_lr=0.01
2026-03-17 00:08:18 | INFO | Episode 1/250 - Reward: -3.80, Length: 40, Loss: -0.4388
2026-03-17 00:08:19 | INFO | Episode 2/250 - Reward: 7.65, Length: 21, Loss: 1.6761
2026-03-17 00:08:19 | INFO | Episode 3/250 - Reward: 2.35, Length: 34, Loss: 0.5896
2026-03-17 00:08:20 | INFO | Episode 4/250 - Reward: -11.30, Length: 40, Loss: -0.5775
2026-03-17 00:08:20 | INFO | Episode 5/250 - Reward: -5.15, Length: 40, Loss: -0.4604
2026-03-17 00:08:21 | INFO | Episode 6/250 - Reward: 5.30, Length: 23, Loss: 1.3494
2026-03-17 00:08:21 | INFO | Episode 7/250 - Reward: 6.80, Length: 20, Loss: 1.6337
2026-03-17 00:08:22 | INFO | Episode 8/250 - Reward: -5.30, Length: 40, Loss: -0.4098
2026-03-17 00:08:22 | INFO | Episode 9/250 - Reward: -4.55, Length: 40, Loss: -0.4457
2026-03-17 00:08:23 | INFO | Episode 10/250 - Reward: 1.90, Length: 25, Loss: 0.9445
2026-03-17 00:08:23 | INFO | Episode 11/250 - Reward: -5.00, Length: 40, Loss: -0.4733
2026-03-17 00:08:24 | INFO | Episode 12/250 - Reward: 7.35, Length: 27, Loss: 1.2278
2026-03-17 00:08:24 | INFO | Episode 13/250 - Reward: 4.35, Length: 21, Loss: 1.4251
2026-03-17 00:08:25 | INFO | Episode 14/250 - Reward: -3.50, Length: 40, Loss: -0.4324
2026-03-17 00:08:25 | INFO | Episode 15/250 - Reward: -1.45, Length: 38, Loss: 0.2502
2026-03-17 00:08:26 | INFO | Episode 16/250 - Reward: -5.75, Length: 40, Loss: -0.4683
2026-03-17 00:08:26 | INFO | Episode 17/250 - Reward: 6.85, Length: 28, Loss: 1.1769
2026-03-17 00:08:27 | INFO | Episode 18/250 - Reward: -3.95, Length: 40, Loss: -0.3949
2026-03-17 00:08:27 | INFO | Episode 19/250 - Reward: -5.45, Length: 40, Loss: -0.4738
2026-03-17 00:08:27 | INFO | Episode 20/250 - Reward: -12.65, Length: 40, Loss: -0.3828
2026-03-17 00:08:27 | INFO | Episode 21/250 - Reward: 7.20, Length: 12, Loss: 2.3955
2026-03-17 00:08:28 | INFO | Episode 22/250 - Reward: -5.30, Length: 40, Loss: -0.4171
2026-03-17 00:08:29 | INFO | Episode 23/250 - Reward: -4.70, Length: 40, Loss: -0.4409
2026-03-17 00:08:29 | INFO | Episode 24/250 - Reward: -4.70, Length: 40, Loss: -0.4375
2026-03-17 00:08:30 | INFO | Episode 25/250 - Reward: -4.55, Length: 40, Loss: -0.4522
2026-03-17 00:08:30 | INFO | Episode 26/250 - Reward: -5.75, Length: 40, Loss: -0.4774
2026-03-17 00:08:31 | INFO | Episode 27/250 - Reward: -5.15, Length: 40, Loss: -0.4091
2026-03-17 00:08:31 | INFO | Episode 28/250 - Reward: 5.95, Length: 37, Loss: 0.7007
2026-03-17 00:08:32 | INFO | Episode 29/250 - Reward: 2.35, Length: 37, Loss: 0.4443
2026-03-17 00:08:32 | INFO | Episode 30/250 - Reward: 3.55, Length: 25, Loss: 1.1372
2026-03-17 00:08:33 | INFO | Episode 31/250 - Reward: 4.50, Length: 36, Loss: 0.6348
2026-03-17 00:08:33 | INFO | Episode 32/250 - Reward: -13.25, Length: 40, Loss: -0.4714
2026-03-17 00:08:34 | INFO | Episode 33/250 - Reward: -3.95, Length: 40, Loss: -0.4270
2026-03-17 00:08:34 | INFO | Episode 34/250 - Reward: -13.70, Length: 40, Loss: -0.4722
2026-03-17 00:08:35 | INFO | Episode 35/250 - Reward: -5.15, Length: 40, Loss: -0.4616
2026-03-17 00:08:35 | INFO | Episode 36/250 - Reward: 6.65, Length: 32, Loss: 0.9576
2026-03-17 00:08:36 | INFO | Episode 37/250 - Reward: 2.05, Length: 37, Loss: 0.4668
2026-03-17 00:08:36 | INFO | Episode 38/250 - Reward: -5.00, Length: 40, Loss: -0.4740
2026-03-17 00:08:37 | INFO | Episode 39/250 - Reward: -5.60, Length: 40, Loss: -0.4624
2026-03-17 00:08:37 | INFO | Episode 40/250 - Reward: -8.00, Length: 40, Loss: -0.3065
2026-03-17 00:08:38 | INFO | Episode 41/250 - Reward: -4.25, Length: 40, Loss: -0.4691
2026-03-17 00:08:38 | INFO | Episode 42/250 - Reward: 5.15, Length: 35, Loss: 0.6948
2026-03-17 00:08:39 | INFO | Episode 43/250 - Reward: -4.55, Length: 40, Loss: -0.4315
2026-03-17 00:08:39 | INFO | Episode 44/250 - Reward: 3.90, Length: 39, Loss: 0.5377
2026-03-17 00:08:40 | INFO | Episode 45/250 - Reward: 2.35, Length: 37, Loss: 0.4925
2026-03-17 00:08:40 | INFO | Episode 46/250 - Reward: -4.40, Length: 40, Loss: -0.4510
2026-03-17 00:08:41 | INFO | Episode 47/250 - Reward: -5.30, Length: 40, Loss: -0.3925
2026-03-17 00:08:41 | INFO | Episode 48/250 - Reward: -6.05, Length: 40, Loss: -0.5269
2026-03-17 00:08:42 | INFO | Episode 49/250 - Reward: 4.80, Length: 27, Loss: 1.1051
2026-03-17 00:08:42 | INFO | Episode 50/250 - Reward: -4.40, Length: 40, Loss: -0.4605
2026-03-17 00:08:42 | INFO | Episode 50/250 - Avg Reward: -1.81, Avg Length: 35.82, Avg Loss: 0.1288
2026-03-17 00:08:43 | INFO | Episode 51/250 - Reward: 6.70, Length: 19, Loss: 1.6743
2026-03-17 00:08:43 | INFO | Episode 52/250 - Reward: 6.55, Length: 40, Loss: 0.5473
2026-03-17 00:08:44 | INFO | Episode 53/250 - Reward: 8.35, Length: 19, Loss: 1.6334
2026-03-17 00:08:44 | INFO | Episode 54/250 - Reward: -3.50, Length: 40, Loss: -0.4607
2026-03-17 00:08:45 | INFO | Episode 55/250 - Reward: -7.70, Length: 40, Loss: -0.4175
2026-03-17 00:08:46 | INFO | Episode 56/250 - Reward: -4.25, Length: 40, Loss: -0.4642
2026-03-17 00:08:46 | INFO | Episode 57/250 - Reward: -5.15, Length: 40, Loss: -0.4655
2026-03-17 00:08:47 | INFO | Episode 58/250 - Reward: -3.95, Length: 40, Loss: -0.4310
2026-03-17 00:08:47 | INFO | Episode 59/250 - Reward: -5.60, Length: 40, Loss: -0.4316
2026-03-17 00:08:48 | INFO | Episode 60/250 - Reward: -5.75, Length: 40, Loss: -0.6024
2026-03-17 00:08:49 | INFO | Episode 61/250 - Reward: -4.85, Length: 40, Loss: -0.4208
2026-03-17 00:08:49 | INFO | Episode 62/250 - Reward: -4.40, Length: 40, Loss: -0.4545
2026-03-17 00:08:50 | INFO | Episode 63/250 - Reward: -5.75, Length: 40, Loss: -0.4438
2026-03-17 00:08:51 | INFO | Episode 64/250 - Reward: -5.30, Length: 40, Loss: -0.4850
2026-03-17 00:08:51 | INFO | Episode 65/250 - Reward: 5.40, Length: 27, Loss: 1.1901
2026-03-17 00:08:52 | INFO | Episode 66/250 - Reward: -5.30, Length: 40, Loss: -0.3982
2026-03-17 00:08:53 | INFO | Episode 67/250 - Reward: -11.45, Length: 40, Loss: -0.5530
2026-03-17 00:08:53 | INFO | Episode 68/250 - Reward: -5.15, Length: 40, Loss: -0.4322
2026-03-17 00:08:54 | INFO | Episode 69/250 - Reward: -6.35, Length: 40, Loss: -0.4425
2026-03-17 00:08:55 | INFO | Episode 70/250 - Reward: -4.40, Length: 40, Loss: -0.4401
2026-03-17 00:08:55 | INFO | Episode 71/250 - Reward: 0.20, Length: 35, Loss: 0.4218
2026-03-17 00:08:56 | INFO | Episode 72/250 - Reward: -5.30, Length: 40, Loss: -0.4682
2026-03-17 00:08:57 | INFO | Episode 73/250 - Reward: 6.90, Length: 18, Loss: 1.7288
2026-03-17 00:08:57 | INFO | Episode 74/250 - Reward: -15.20, Length: 40, Loss: -0.3263
2026-03-17 00:08:58 | INFO | Episode 75/250 - Reward: -5.30, Length: 40, Loss: -0.4643
2026-03-17 00:08:59 | INFO | Episode 76/250 - Reward: -5.15, Length: 40, Loss: -0.4730
2026-03-17 00:08:59 | INFO | Episode 77/250 - Reward: 5.40, Length: 30, Loss: 0.9554
2026-03-17 00:08:59 | INFO | Episode 78/250 - Reward: -5.15, Length: 40, Loss: -0.4447
2026-03-17 00:09:00 | INFO | Episode 79/250 - Reward: -6.05, Length: 40, Loss: -0.4417
2026-03-17 00:09:01 | INFO | Episode 80/250 - Reward: -4.85, Length: 40, Loss: -0.4892
2026-03-17 00:09:01 | INFO | Episode 81/250 - Reward: 6.25, Length: 31, Loss: 1.0076
2026-03-17 00:09:02 | INFO | Episode 82/250 - Reward: 9.25, Length: 13, Loss: 2.0781
2026-03-17 00:09:03 | INFO | Episode 83/250 - Reward: -11.75, Length: 40, Loss: -0.5052
2026-03-17 00:09:03 | INFO | Episode 84/250 - Reward: -5.45, Length: 40, Loss: -0.4688
2026-03-17 00:09:04 | INFO | Episode 85/250 - Reward: 4.70, Length: 35, Loss: 0.7141
2026-03-17 00:09:05 | INFO | Episode 86/250 - Reward: 4.10, Length: 38, Loss: 0.5744
2026-03-17 00:09:05 | INFO | Episode 87/250 - Reward: -6.20, Length: 40, Loss: -0.5568
2026-03-17 00:09:06 | INFO | Episode 88/250 - Reward: -6.35, Length: 40, Loss: -0.4677
2026-03-17 00:09:07 | INFO | Episode 89/250 - Reward: 5.40, Length: 27, Loss: 1.1428
2026-03-17 00:09:07 | INFO | Episode 90/250 - Reward: -5.30, Length: 40, Loss: -0.5127
2026-03-17 00:09:08 | INFO | Episode 91/250 - Reward: -8.45, Length: 40, Loss: -0.4152
2026-03-17 00:09:09 | INFO | Episode 92/250 - Reward: -5.75, Length: 40, Loss: -0.5076
2026-03-17 00:09:10 | INFO | Episode 93/250 - Reward: 7.95, Length: 24, Loss: 1.3168
2026-03-17 00:09:10 | INFO | Episode 94/250 - Reward: -9.05, Length: 40, Loss: -0.6007
2026-03-17 00:09:11 | INFO | Episode 95/250 - Reward: 7.25, Length: 32, Loss: 0.9454
2026-03-17 00:09:12 | INFO | Episode 96/250 - Reward: -5.15, Length: 40, Loss: -0.4487
2026-03-17 00:09:12 | INFO | Episode 97/250 - Reward: 8.45, Length: 17, Loss: 1.7463
2026-03-17 00:09:13 | INFO | Episode 98/250 - Reward: 7.10, Length: 17, Loss: 1.6864
2026-03-17 00:09:13 | INFO | Episode 99/250 - Reward: -9.80, Length: 40, Loss: -0.4459
2026-03-17 00:09:14 | INFO | Episode 100/250 - Reward: 5.20, Length: 28, Loss: 1.0172
2026-03-17 00:09:14 | INFO | Episode 100/250 - Avg Reward: -2.08, Avg Length: 35.40, Avg Loss: 0.1000
2026-03-17 00:09:15 | INFO | Episode 101/250 - Reward: 3.15, Length: 39, Loss: 0.4910
2026-03-17 00:09:15 | INFO | Episode 102/250 - Reward: 7.35, Length: 24, Loss: 1.3730
2026-03-17 00:09:16 | INFO | Episode 103/250 - Reward: 1.40, Length: 35, Loss: 0.4947
2026-03-17 00:09:17 | INFO | Episode 104/250 - Reward: 6.60, Length: 18, Loss: 1.7142
2026-03-17 00:09:18 | INFO | Episode 105/250 - Reward: 4.45, Length: 25, Loss: 1.1876
2026-03-17 00:09:18 | INFO | Episode 106/250 - Reward: 7.55, Length: 32, Loss: 0.9270
2026-03-17 00:09:19 | INFO | Episode 107/250 - Reward: 7.20, Length: 15, Loss: 1.8252
2026-03-17 00:09:20 | INFO | Episode 108/250 - Reward: -6.35, Length: 40, Loss: -0.4328
2026-03-17 00:09:20 | INFO | Episode 109/250 - Reward: -5.60, Length: 40, Loss: -0.4337
2026-03-17 00:09:21 | INFO | Episode 110/250 - Reward: -13.55, Length: 40, Loss: -0.5365
2026-03-17 00:09:22 | INFO | Episode 111/250 - Reward: -3.80, Length: 40, Loss: -0.3939
2026-03-17 00:09:22 | INFO | Episode 112/250 - Reward: 2.15, Length: 35, Loss: 0.5148
2026-03-17 00:09:23 | INFO | Episode 113/250 - Reward: 4.60, Length: 34, Loss: 0.7383
2026-03-17 00:09:24 | INFO | Episode 114/250 - Reward: 0.20, Length: 38, Loss: 0.3506
2026-03-17 00:09:24 | INFO | Episode 115/250 - Reward: -5.15, Length: 40, Loss: -0.4327
2026-03-17 00:09:25 | INFO | Episode 116/250 - Reward: -6.35, Length: 40, Loss: -0.4063
2026-03-17 00:09:26 | INFO | Episode 117/250 - Reward: -10.10, Length: 40, Loss: -0.4590
2026-03-17 00:09:26 | INFO | Episode 118/250 - Reward: -5.60, Length: 40, Loss: -0.3980
2026-03-17 00:09:27 | INFO | Episode 119/250 - Reward: -4.40, Length: 40, Loss: -0.3968
2026-03-17 00:09:28 | INFO | Episode 120/250 - Reward: 3.35, Length: 29, Loss: 0.8635
2026-03-17 00:09:28 | INFO | Episode 121/250 - Reward: -4.70, Length: 40, Loss: -0.4065
2026-03-17 00:09:29 | INFO | Episode 122/250 - Reward: 3.40, Length: 37, Loss: 0.5566
2026-03-17 00:09:30 | INFO | Episode 123/250 - Reward: 9.25, Length: 10, Loss: 2.1866
2026-03-17 00:09:30 | INFO | Episode 124/250 - Reward: 5.10, Length: 30, Loss: 0.9835
2026-03-17 00:09:30 | INFO | Episode 125/250 - Reward: -4.55, Length: 40, Loss: -0.4319
2026-03-17 00:09:31 | INFO | Episode 126/250 - Reward: -4.40, Length: 40, Loss: -0.5074
2026-03-17 00:09:32 | INFO | Episode 127/250 - Reward: 7.05, Length: 27, Loss: 1.1397
2026-03-17 00:09:32 | INFO | Episode 128/250 - Reward: 5.65, Length: 40, Loss: 0.4804
2026-03-17 00:09:33 | INFO | Episode 129/250 - Reward: 9.05, Length: 11, Loss: 2.0067
2026-03-17 00:09:34 | INFO | Episode 130/250 - Reward: 5.35, Length: 13, Loss: 1.8501
2026-03-17 00:09:34 | INFO | Episode 131/250 - Reward: -5.30, Length: 40, Loss: -0.4600
2026-03-17 00:09:35 | INFO | Episode 132/250 - Reward: -3.80, Length: 40, Loss: -0.3379
2026-03-17 00:09:36 | INFO | Episode 133/250 - Reward: 7.60, Length: 10, Loss: 2.2573
2026-03-17 00:09:36 | INFO | Episode 134/250 - Reward: 7.55, Length: 26, Loss: 1.1514
2026-03-17 00:09:37 | INFO | Episode 135/250 - Reward: -4.25, Length: 40, Loss: -0.5654
2026-03-17 00:09:38 | INFO | Episode 136/250 - Reward: 7.35, Length: 30, Loss: 0.9419
2026-03-17 00:09:38 | INFO | Episode 137/250 - Reward: -6.65, Length: 40, Loss: -0.4414
2026-03-17 00:09:39 | INFO | Episode 138/250 - Reward: -5.75, Length: 40, Loss: -0.4675
2026-03-17 00:09:40 | INFO | Episode 139/250 - Reward: -6.35, Length: 40, Loss: -0.3849
2026-03-17 00:09:40 | INFO | Episode 140/250 - Reward: 8.75, Length: 20, Loss: 1.5340
2026-03-17 00:09:41 | INFO | Episode 141/250 - Reward: 6.50, Length: 17, Loss: 1.7370
2026-03-17 00:09:42 | INFO | Episode 142/250 - Reward: 7.10, Length: 14, Loss: 1.8747
2026-03-17 00:09:42 | INFO | Episode 143/250 - Reward: -8.15, Length: 40, Loss: -0.6060
2026-03-17 00:09:43 | INFO | Episode 144/250 - Reward: 2.50, Length: 28, Loss: 0.8295
2026-03-17 00:09:44 | INFO | Episode 145/250 - Reward: 8.45, Length: 20, Loss: 1.5212
2026-03-17 00:09:44 | INFO | Episode 146/250 - Reward: -6.35, Length: 40, Loss: -0.4045
2026-03-17 00:09:45 | INFO | Episode 147/250 - Reward: -5.00, Length: 40, Loss: -0.4493
2026-03-17 00:09:46 | INFO | Episode 148/250 - Reward: 7.25, Length: 26, Loss: 1.1391
2026-03-17 00:09:46 | INFO | Episode 149/250 - Reward: 1.70, Length: 32, Loss: 0.5941
2026-03-17 00:09:47 | INFO | Episode 150/250 - Reward: 4.30, Length: 31, Loss: 0.8344
2026-03-17 00:09:47 | INFO | Episode 150/250 - Avg Reward: 0.71, Avg Length: 31.72, Avg Loss: 0.4949
2026-03-17 00:09:48 | INFO | Episode 151/250 - Reward: -5.00, Length: 40, Loss: -0.4662
2026-03-17 00:09:48 | INFO | Episode 152/250 - Reward: 7.75, Length: 25, Loss: 1.1515
2026-03-17 00:09:49 | INFO | Episode 153/250 - Reward: -5.45, Length: 40, Loss: -0.4017
2026-03-17 00:09:50 | INFO | Episode 154/250 - Reward: 6.75, Length: 33, Loss: 0.8400
2026-03-17 00:09:51 | INFO | Episode 155/250 - Reward: -5.30, Length: 40, Loss: -0.4807
2026-03-17 00:09:51 | INFO | Episode 156/250 - Reward: 4.90, Length: 28, Loss: 1.1218
2026-03-17 00:09:52 | INFO | Episode 157/250 - Reward: 3.25, Length: 28, Loss: 0.8045
2026-03-17 00:09:53 | INFO | Episode 158/250 - Reward: 7.75, Length: 22, Loss: 1.3282
2026-03-17 00:09:53 | INFO | Episode 159/250 - Reward: 2.45, Length: 38, Loss: 0.4084
2026-03-17 00:09:54 | INFO | Episode 160/250 - Reward: -5.75, Length: 40, Loss: -0.4991
2026-03-17 00:09:55 | INFO | Episode 161/250 - Reward: -5.90, Length: 40, Loss: -0.3813
2026-03-17 00:09:56 | INFO | Episode 162/250 - Reward: -0.15, Length: 30, Loss: 0.5453
2026-03-17 00:09:57 | INFO | Episode 163/250 - Reward: 6.80, Length: 17, Loss: 1.6664
2026-03-17 00:09:57 | INFO | Episode 164/250 - Reward: 5.00, Length: 29, Loss: 0.9158
2026-03-17 00:09:58 | INFO | Episode 165/250 - Reward: 6.60, Length: 18, Loss: 1.5471
2026-03-17 00:09:59 | INFO | Episode 166/250 - Reward: -5.15, Length: 40, Loss: -0.4323
2026-03-17 00:10:00 | INFO | Episode 167/250 - Reward: 6.80, Length: 17, Loss: 1.7277
2026-03-17 00:10:00 | INFO | Episode 168/250 - Reward: -5.75, Length: 40, Loss: -0.4371
2026-03-17 00:10:01 | INFO | Episode 169/250 - Reward: -5.30, Length: 40, Loss: -0.4280
2026-03-17 00:10:01 | INFO | Episode 170/250 - Reward: 6.00, Length: 21, Loss: 1.4257
2026-03-17 00:10:01 | INFO | Episode 171/250 - Reward: 3.10, Length: 16, Loss: 1.4811
2026-03-17 00:10:02 | INFO | Episode 172/250 - Reward: 6.55, Length: 34, Loss: 0.8246
2026-03-17 00:10:03 | INFO | Episode 173/250 - Reward: 9.15, Length: 12, Loss: 1.8859
2026-03-17 00:10:04 | INFO | Episode 174/250 - Reward: -7.85, Length: 40, Loss: -0.5080
2026-03-17 00:10:04 | INFO | Episode 175/250 - Reward: 6.80, Length: 17, Loss: 1.7804
2026-03-17 00:10:05 | INFO | Episode 176/250 - Reward: 8.25, Length: 21, Loss: 1.3980
2026-03-17 00:10:06 | INFO | Episode 177/250 - Reward: 6.80, Length: 17, Loss: 1.6597
2026-03-17 00:10:06 | INFO | Episode 178/250 - Reward: -8.45, Length: 40, Loss: -0.4983
2026-03-17 00:10:07 | INFO | Episode 179/250 - Reward: 3.95, Length: 26, Loss: 1.0068
2026-03-17 00:10:08 | INFO | Episode 180/250 - Reward: 8.25, Length: 18, Loss: 1.6175
2026-03-17 00:10:08 | INFO | Episode 181/250 - Reward: -4.85, Length: 40, Loss: -0.5412
2026-03-17 00:10:09 | INFO | Episode 182/250 - Reward: -5.60, Length: 40, Loss: -0.4351
2026-03-17 00:10:10 | INFO | Episode 183/250 - Reward: -6.20, Length: 40, Loss: -0.5011
2026-03-17 00:10:10 | INFO | Episode 184/250 - Reward: 7.95, Length: 24, Loss: 1.1871
2026-03-17 00:10:11 | INFO | Episode 185/250 - Reward: -4.55, Length: 40, Loss: -0.3983
2026-03-17 00:10:12 | INFO | Episode 186/250 - Reward: 5.50, Length: 25, Loss: 1.0610
2026-03-17 00:10:12 | INFO | Episode 187/250 - Reward: -5.30, Length: 40, Loss: -0.4244
2026-03-17 00:10:13 | INFO | Episode 188/250 - Reward: 9.45, Length: 9, Loss: 2.1701
2026-03-17 00:10:14 | INFO | Episode 189/250 - Reward: -6.65, Length: 40, Loss: -0.5124
2026-03-17 00:10:15 | INFO | Episode 190/250 - Reward: 5.30, Length: 32, Loss: 0.8859
2026-03-17 00:10:15 | INFO | Episode 191/250 - Reward: 7.30, Length: 10, Loss: 1.9988
2026-03-17 00:10:16 | INFO | Episode 192/250 - Reward: -5.45, Length: 40, Loss: -0.4598
2026-03-17 00:10:17 | INFO | Episode 193/250 - Reward: 8.55, Length: 18, Loss: 1.6736
2026-03-17 00:10:17 | INFO | Episode 194/250 - Reward: 8.75, Length: 17, Loss: 1.5993
2026-03-17 00:10:18 | INFO | Episode 195/250 - Reward: -6.95, Length: 40, Loss: -0.5803
2026-03-17 00:10:19 | INFO | Episode 196/250 - Reward: 3.60, Length: 39, Loss: 0.4269
2026-03-17 00:10:19 | INFO | Episode 197/250 - Reward: -6.20, Length: 40, Loss: -0.3569
2026-03-17 00:10:20 | INFO | Episode 198/250 - Reward: 6.90, Length: 12, Loss: 1.9841
2026-03-17 00:10:20 | INFO | Episode 199/250 - Reward: 8.05, Length: 19, Loss: 1.3987
2026-03-17 00:10:21 | INFO | Episode 200/250 - Reward: 6.80, Length: 17, Loss: 1.5657
2026-03-17 00:10:21 | INFO | Episode 200/250 - Avg Reward: 1.66, Avg Length: 28.98, Avg Loss: 0.6469
2026-03-17 00:10:21 | INFO | Episode 201/250 - Reward: 4.40, Length: 35, Loss: 0.5788
2026-03-17 00:10:22 | INFO | Episode 202/250 - Reward: -9.20, Length: 40, Loss: -0.4986
2026-03-17 00:10:22 | INFO | Episode 203/250 - Reward: 4.95, Length: 21, Loss: 1.3719
2026-03-17 00:10:23 | INFO | Episode 204/250 - Reward: 6.50, Length: 14, Loss: 1.6420
2026-03-17 00:10:23 | INFO | Episode 205/250 - Reward: 8.75, Length: 17, Loss: 1.6665
2026-03-17 00:10:24 | INFO | Episode 206/250 - Reward: 8.95, Length: 13, Loss: 1.6778
2026-03-17 00:10:24 | INFO | Episode 207/250 - Reward: 7.15, Length: 25, Loss: 1.3162
2026-03-17 00:10:25 | INFO | Episode 208/250 - Reward: 9.25, Length: 10, Loss: 1.8260
2026-03-17 00:10:25 | INFO | Episode 209/250 - Reward: 4.10, Length: 38, Loss: 0.6020
2026-03-17 00:10:26 | INFO | Episode 210/250 - Reward: -6.50, Length: 40, Loss: -0.4514
2026-03-17 00:10:26 | INFO | Episode 211/250 - Reward: 8.75, Length: 17, Loss: 1.6267
2026-03-17 00:10:27 | INFO | Episode 212/250 - Reward: 2.55, Length: 30, Loss: 0.7266
2026-03-17 00:10:28 | INFO | Episode 213/250 - Reward: 5.15, Length: 14, Loss: 1.7297
2026-03-17 00:10:28 | INFO | Episode 214/250 - Reward: 2.40, Length: 24, Loss: 0.9325
2026-03-17 00:10:29 | INFO | Episode 215/250 - Reward: 8.55, Length: 15, Loss: 1.7872
2026-03-17 00:10:29 | INFO | Episode 216/250 - Reward: 7.25, Length: 26, Loss: 1.2365
2026-03-17 00:10:30 | INFO | Episode 217/250 - Reward: -4.25, Length: 40, Loss: -0.4853
2026-03-17 00:10:30 | INFO | Episode 218/250 - Reward: 8.15, Length: 17, Loss: 1.6161
2026-03-17 00:10:31 | INFO | Episode 219/250 - Reward: 8.65, Length: 16, Loss: 1.7337
2026-03-17 00:10:31 | INFO | Episode 220/250 - Reward: 5.45, Length: 32, Loss: 0.7613
2026-03-17 00:10:32 | INFO | Episode 221/250 - Reward: -4.55, Length: 40, Loss: -0.3013
2026-03-17 00:10:32 | INFO | Episode 222/250 - Reward: 6.70, Length: 13, Loss: 1.8963
2026-03-17 00:10:33 | INFO | Episode 223/250 - Reward: 8.75, Length: 14, Loss: 1.8014
2026-03-17 00:10:32 | INFO | Episode 224/250 - Reward: -6.65, Length: 40, Loss: -0.3041
2026-03-17 00:10:33 | INFO | Episode 225/250 - Reward: -6.95, Length: 40, Loss: -0.3608
2026-03-17 00:10:33 | INFO | Episode 226/250 - Reward: 7.20, Length: 12, Loss: 1.7748
2026-03-17 00:10:34 | INFO | Episode 227/250 - Reward: 8.85, Length: 12, Loss: 1.7877
2026-03-17 00:10:34 | INFO | Episode 228/250 - Reward: -6.35, Length: 40, Loss: -0.3959
2026-03-17 00:10:35 | INFO | Episode 229/250 - Reward: 9.25, Length: 10, Loss: 1.9233
2026-03-17 00:10:35 | INFO | Episode 230/250 - Reward: -6.95, Length: 40, Loss: -0.4250
2026-03-17 00:10:36 | INFO | Episode 231/250 - Reward: -5.00, Length: 40, Loss: -0.4451
2026-03-17 00:10:36 | INFO | Episode 232/250 - Reward: -6.05, Length: 40, Loss: -0.4711
2026-03-17 00:10:37 | INFO | Episode 233/250 - Reward: -5.45, Length: 40, Loss: -0.3241
2026-03-17 00:10:37 | INFO | Episode 234/250 - Reward: -6.05, Length: 40, Loss: -0.5259
2026-03-17 00:10:38 | INFO | Episode 235/250 - Reward: -5.15, Length: 40, Loss: -0.3964
2026-03-17 00:10:38 | INFO | Episode 236/250 - Reward: 5.60, Length: 23, Loss: 1.3972
2026-03-17 00:10:39 | INFO | Episode 237/250 - Reward: -6.35, Length: 40, Loss: -0.3857
2026-03-17 00:10:39 | INFO | Episode 238/250 - Reward: 1.15, Length: 40, Loss: 0.0895
2026-03-17 00:10:40 | INFO | Episode 239/250 - Reward: 8.45, Length: 14, Loss: 1.7479
2026-03-17 00:10:40 | INFO | Episode 240/250 - Reward: 6.20, Length: 20, Loss: 1.1965
2026-03-17 00:10:41 | INFO | Episode 241/250 - Reward: 6.30, Length: 21, Loss: 1.2520
2026-03-17 00:10:41 | INFO | Episode 242/250 - Reward: 7.35, Length: 24, Loss: 1.2616
2026-03-17 00:10:42 | INFO | Episode 243/250 - Reward: 8.15, Length: 17, Loss: 1.6361
2026-03-17 00:10:42 | INFO | Episode 244/250 - Reward: 8.85, Length: 15, Loss: 1.6254
2026-03-17 00:10:43 | INFO | Episode 245/250 - Reward: 9.05, Length: 11, Loss: 1.5881
2026-03-17 00:10:43 | INFO | Episode 246/250 - Reward: 9.25, Length: 10, Loss: 2.0519
2026-03-17 00:10:44 | INFO | Episode 247/250 - Reward: 9.15, Length: 15, Loss: 1.6698
2026-03-17 00:10:44 | INFO | Episode 248/250 - Reward: 6.30, Length: 18, Loss: 1.6337
2026-03-17 00:10:45 | INFO | Episode 249/250 - Reward: -6.35, Length: 40, Loss: -0.2843
2026-03-17 00:10:45 | INFO | Episode 250/250 - Reward: 8.55, Length: 18, Loss: 1.5294
2026-03-17 00:10:45 | INFO | Episode 250/250 - Avg Reward: 3.08, Avg Length: 25.42, Avg Loss: 0.8928
