2026-03-17 00:05:39 | INFO | ============================================================
2026-03-17 00:05:39 | INFO | DEVICE / COMPUTE INFORMATION
2026-03-17 00:05:39 | INFO |   JAX backend       : GPU
2026-03-17 00:05:39 | INFO |   Platform          : gpu
2026-03-17 00:05:39 | INFO |   Num devices       : 1
2026-03-17 00:05:39 | INFO |   Device            : cuda:0
2026-03-17 00:05:39 | INFO |   GPU name          : NVIDIA GeForce RTX 5060 Laptop GPU
2026-03-17 00:05:39 | INFO | ============================================================
2026-03-17 00:05:39 | INFO | ✓ JAX GPU backend confirmed.
2026-03-17 00:05:40 | INFO | REINFORCE seed=2_gamma=0.99_lr=0.1
2026-03-17 00:05:43 | INFO | Episode 1/250 - Reward: -3.80, Length: 40, Loss: -0.4388
2026-03-17 00:05:44 | INFO | Episode 2/250 - Reward: -9.65, Length: 40, Loss: -0.5965
2026-03-17 00:05:44 | INFO | Episode 3/250 - Reward: 5.50, Length: 25, Loss: 1.3349
2026-03-17 00:05:45 | INFO | Episode 4/250 - Reward: 4.90, Length: 31, Loss: 0.9754
2026-03-17 00:05:45 | INFO | Episode 5/250 - Reward: -5.15, Length: 40, Loss: -0.4708
2026-03-17 00:05:46 | INFO | Episode 6/250 - Reward: 7.15, Length: 28, Loss: 1.1583
2026-03-17 00:05:46 | INFO | Episode 7/250 - Reward: 6.80, Length: 20, Loss: 1.5706
2026-03-17 00:05:47 | INFO | Episode 8/250 - Reward: -5.45, Length: 40, Loss: -0.4334
2026-03-17 00:05:47 | INFO | Episode 9/250 - Reward: 5.75, Length: 38, Loss: 0.6304
2026-03-17 00:05:48 | INFO | Episode 10/250 - Reward: 4.05, Length: 21, Loss: 1.3000
2026-03-17 00:05:48 | INFO | Episode 11/250 - Reward: 5.30, Length: 26, Loss: 1.2693
2026-03-17 00:05:49 | INFO | Episode 12/250 - Reward: 6.90, Length: 15, Loss: 1.8534
2026-03-17 00:05:49 | INFO | Episode 13/250 - Reward: 4.35, Length: 21, Loss: 1.2627
2026-03-17 00:05:50 | INFO | Episode 14/250 - Reward: 6.80, Length: 14, Loss: 1.7334
2026-03-17 00:05:50 | INFO | Episode 15/250 - Reward: 8.25, Length: 15, Loss: 1.4160
2026-03-17 00:05:51 | INFO | Episode 16/250 - Reward: -5.45, Length: 40, Loss: -0.5133
2026-03-17 00:05:50 | INFO | Episode 17/250 - Reward: 4.75, Length: 16, Loss: 1.6627
2026-03-17 00:05:51 | INFO | Episode 18/250 - Reward: 8.25, Length: 18, Loss: 1.4124
2026-03-17 00:05:51 | INFO | Episode 19/250 - Reward: 5.45, Length: 11, Loss: 1.7660
2026-03-17 00:05:52 | INFO | Episode 20/250 - Reward: 7.95, Length: 21, Loss: 1.3721
2026-03-17 00:05:52 | INFO | Episode 21/250 - Reward: 4.95, Length: 15, Loss: 1.6999
2026-03-17 00:05:53 | INFO | Episode 22/250 - Reward: 8.95, Length: 13, Loss: 1.5571
2026-03-17 00:05:53 | INFO | Episode 23/250 - Reward: -7.70, Length: 40, Loss: -0.5805
2026-03-17 00:05:54 | INFO | Episode 24/250 - Reward: 6.30, Length: 15, Loss: 1.3060
2026-03-17 00:05:54 | INFO | Episode 25/250 - Reward: 6.45, Length: 24, Loss: 0.6779
2026-03-17 00:05:55 | INFO | Episode 26/250 - Reward: -6.05, Length: 40, Loss: -0.2152
2026-03-17 00:05:55 | INFO | Episode 27/250 - Reward: 6.45, Length: 24, Loss: 0.7507
2026-03-17 00:05:56 | INFO | Episode 28/250 - Reward: 6.90, Length: 12, Loss: 1.2177
2026-03-17 00:05:56 | INFO | Episode 29/250 - Reward: 9.65, Length: 8, Loss: 1.6565
2026-03-17 00:05:57 | INFO | Episode 30/250 - Reward: 9.35, Length: 11, Loss: 1.4834
2026-03-17 00:05:57 | INFO | Episode 31/250 - Reward: 6.90, Length: 12, Loss: 1.5354
2026-03-17 00:05:58 | INFO | Episode 32/250 - Reward: 4.45, Length: 16, Loss: 1.1121
2026-03-17 00:05:58 | INFO | Episode 33/250 - Reward: 9.05, Length: 11, Loss: 1.1758
2026-03-17 00:05:59 | INFO | Episode 34/250 - Reward: 9.25, Length: 10, Loss: 1.4174
2026-03-17 00:05:59 | INFO | Episode 35/250 - Reward: 5.65, Length: 10, Loss: 2.0224
2026-03-17 00:06:00 | INFO | Episode 36/250 - Reward: 9.05, Length: 11, Loss: 1.7232
2026-03-17 00:06:00 | INFO | Episode 37/250 - Reward: 9.25, Length: 10, Loss: 1.3209
2026-03-17 00:06:01 | INFO | Episode 38/250 - Reward: 8.85, Length: 12, Loss: 1.1925
2026-03-17 00:06:01 | INFO | Episode 39/250 - Reward: 6.35, Length: 26, Loss: 0.7001
2026-03-17 00:06:02 | INFO | Episode 40/250 - Reward: 6.00, Length: 18, Loss: 1.1040
2026-03-17 00:06:02 | INFO | Episode 41/250 - Reward: -7.55, Length: 40, Loss: -0.3283
2026-03-17 00:06:03 | INFO | Episode 42/250 - Reward: 8.15, Length: 17, Loss: 1.2087
2026-03-17 00:06:03 | INFO | Episode 43/250 - Reward: 6.60, Length: 15, Loss: 1.4534
2026-03-17 00:06:04 | INFO | Episode 44/250 - Reward: 8.95, Length: 13, Loss: 1.5522
2026-03-17 00:06:04 | INFO | Episode 45/250 - Reward: 7.40, Length: 11, Loss: 1.7463
2026-03-17 00:06:05 | INFO | Episode 46/250 - Reward: 8.65, Length: 13, Loss: 1.2354
2026-03-17 00:06:05 | INFO | Episode 47/250 - Reward: 9.45, Length: 12, Loss: 2.0999
2026-03-17 00:06:06 | INFO | Episode 48/250 - Reward: -6.95, Length: 40, Loss: -0.3161
2026-03-17 00:06:06 | INFO | Episode 49/250 - Reward: 9.05, Length: 11, Loss: 1.2454
2026-03-17 00:06:07 | INFO | Episode 50/250 - Reward: -6.65, Length: 40, Loss: -0.3269
2026-03-17 00:06:07 | INFO | Episode 50/250 - Avg Reward: 4.40, Avg Length: 21.40, Avg Loss: 1.0138
2026-03-17 00:06:07 | INFO | Episode 51/250 - Reward: 8.65, Length: 13, Loss: 0.9703
2026-03-17 00:06:08 | INFO | Episode 52/250 - Reward: 7.65, Length: 18, Loss: 0.8041
2026-03-17 00:06:08 | INFO | Episode 53/250 - Reward: 9.25, Length: 10, Loss: 1.2261
2026-03-17 00:06:09 | INFO | Episode 54/250 - Reward: 9.05, Length: 11, Loss: 1.2177
2026-03-17 00:06:09 | INFO | Episode 55/250 - Reward: 8.35, Length: 16, Loss: 1.0467
2026-03-17 00:06:10 | INFO | Episode 56/250 - Reward: 9.25, Length: 10, Loss: 0.9751
2026-03-17 00:06:11 | INFO | Episode 57/250 - Reward: 9.45, Length: 9, Loss: 1.1549
2026-03-17 00:06:11 | INFO | Episode 58/250 - Reward: 9.65, Length: 8, Loss: 1.0327
2026-03-17 00:06:12 | INFO | Episode 59/250 - Reward: 2.20, Length: 37, Loss: 0.2080
2026-03-17 00:06:13 | INFO | Episode 60/250 - Reward: 9.55, Length: 10, Loss: 1.7264
2026-03-17 00:06:13 | INFO | Episode 61/250 - Reward: 9.25, Length: 10, Loss: 1.0251
2026-03-17 00:06:14 | INFO | Episode 62/250 - Reward: 9.05, Length: 11, Loss: 0.7522
2026-03-17 00:06:15 | INFO | Episode 63/250 - Reward: 8.65, Length: 13, Loss: 0.7657
2026-03-17 00:06:15 | INFO | Episode 64/250 - Reward: 9.45, Length: 9, Loss: 1.1788
2026-03-17 00:06:16 | INFO | Episode 65/250 - Reward: 9.65, Length: 8, Loss: 0.8042
2026-03-17 00:06:16 | INFO | Episode 66/250 - Reward: -7.25, Length: 40, Loss: 0.0168
2026-03-17 00:06:17 | INFO | Episode 67/250 - Reward: 9.65, Length: 8, Loss: 0.5595
2026-03-17 00:06:18 | INFO | Episode 68/250 - Reward: 5.90, Length: 17, Loss: 0.6806
2026-03-17 00:06:18 | INFO | Episode 69/250 - Reward: -7.55, Length: 40, Loss: -0.1384
2026-03-17 00:06:19 | INFO | Episode 70/250 - Reward: -10.55, Length: 40, Loss: -0.1404
2026-03-17 00:06:20 | INFO | Episode 71/250 - Reward: 6.90, Length: 12, Loss: 0.9431
2026-03-17 00:06:20 | INFO | Episode 72/250 - Reward: 9.65, Length: 8, Loss: 0.5338
2026-03-17 00:06:21 | INFO | Episode 73/250 - Reward: 9.25, Length: 10, Loss: 0.9267
2026-03-17 00:06:22 | INFO | Episode 74/250 - Reward: 5.05, Length: 31, Loss: 0.3111
2026-03-17 00:06:22 | INFO | Episode 75/250 - Reward: 8.95, Length: 13, Loss: 1.2847
2026-03-17 00:06:22 | INFO | Episode 76/250 - Reward: 9.35, Length: 11, Loss: 1.2181
2026-03-17 00:06:23 | INFO | Episode 77/250 - Reward: 9.35, Length: 11, Loss: 1.1657
2026-03-17 00:06:23 | INFO | Episode 78/250 - Reward: 9.65, Length: 8, Loss: 0.8317
2026-03-17 00:06:24 | INFO | Episode 79/250 - Reward: 9.65, Length: 8, Loss: 0.4981
2026-03-17 00:06:24 | INFO | Episode 80/250 - Reward: 9.45, Length: 12, Loss: 1.5889
2026-03-17 00:06:25 | INFO | Episode 81/250 - Reward: 9.55, Length: 10, Loss: 1.1833
2026-03-17 00:06:26 | INFO | Episode 82/250 - Reward: 9.45, Length: 9, Loss: 1.2229
2026-03-17 00:06:26 | INFO | Episode 83/250 - Reward: 9.35, Length: 11, Loss: 1.0561
2026-03-17 00:06:27 | INFO | Episode 84/250 - Reward: -8.90, Length: 40, Loss: -0.0933
2026-03-17 00:06:28 | INFO | Episode 85/250 - Reward: -9.65, Length: 40, Loss: -0.4902
2026-03-17 00:06:29 | INFO | Episode 86/250 - Reward: 9.55, Length: 10, Loss: 0.8949
2026-03-17 00:06:29 | INFO | Episode 87/250 - Reward: 9.15, Length: 12, Loss: 1.4172
2026-03-17 00:06:30 | INFO | Episode 88/250 - Reward: 8.85, Length: 15, Loss: 1.0404
2026-03-17 00:06:30 | INFO | Episode 89/250 - Reward: 9.45, Length: 9, Loss: 0.8540
2026-03-17 00:06:31 | INFO | Episode 90/250 - Reward: 9.65, Length: 8, Loss: 0.4433
2026-03-17 00:06:32 | INFO | Episode 91/250 - Reward: -8.90, Length: 40, Loss: -0.0645
2026-03-17 00:06:32 | INFO | Episode 92/250 - Reward: 9.65, Length: 8, Loss: 0.3673
2026-03-17 00:06:33 | INFO | Episode 93/250 - Reward: 9.45, Length: 9, Loss: 0.5229
2026-03-17 00:06:34 | INFO | Episode 94/250 - Reward: 9.05, Length: 11, Loss: 0.7307
2026-03-17 00:06:34 | INFO | Episode 95/250 - Reward: 8.55, Length: 15, Loss: 0.9930
2026-03-17 00:06:35 | INFO | Episode 96/250 - Reward: 7.05, Length: 21, Loss: 0.4242
2026-03-17 00:06:36 | INFO | Episode 97/250 - Reward: 8.65, Length: 13, Loss: 0.9185
2026-03-17 00:06:36 | INFO | Episode 98/250 - Reward: 8.05, Length: 16, Loss: 0.5147
2026-03-17 00:06:37 | INFO | Episode 99/250 - Reward: 6.85, Length: 25, Loss: 0.6754
2026-03-17 00:06:37 | INFO | Episode 100/250 - Reward: 5.65, Length: 28, Loss: 0.3797
2026-03-17 00:06:37 | INFO | Episode 100/250 - Avg Reward: 6.54, Avg Length: 16.24, Avg Loss: 0.7632
2026-03-17 00:06:38 | INFO | Episode 101/250 - Reward: 6.55, Length: 25, Loss: 0.4311
2026-03-17 00:06:39 | INFO | Episode 102/250 - Reward: 9.05, Length: 11, Loss: 0.7131
2026-03-17 00:06:39 | INFO | Episode 103/250 - Reward: 8.45, Length: 14, Loss: 0.5758
2026-03-17 00:06:40 | INFO | Episode 104/250 - Reward: 5.85, Length: 27, Loss: 0.3458
2026-03-17 00:06:41 | INFO | Episode 105/250 - Reward: 8.65, Length: 13, Loss: 1.0585
2026-03-17 00:06:41 | INFO | Episode 106/250 - Reward: -6.35, Length: 40, Loss: 0.2476
2026-03-17 00:06:42 | INFO | Episode 107/250 - Reward: 5.25, Length: 33, Loss: 0.5906
2026-03-17 00:06:42 | INFO | Episode 108/250 - Reward: 8.05, Length: 16, Loss: 0.9105
2026-03-17 00:06:43 | INFO | Episode 109/250 - Reward: -6.80, Length: 40, Loss: 0.0467
2026-03-17 00:06:44 | INFO | Episode 110/250 - Reward: 8.45, Length: 14, Loss: 0.5290
2026-03-17 00:06:44 | INFO | Episode 111/250 - Reward: 9.45, Length: 9, Loss: 0.6367
2026-03-17 00:06:45 | INFO | Episode 112/250 - Reward: 9.45, Length: 9, Loss: 0.7236
2026-03-17 00:06:46 | INFO | Episode 113/250 - Reward: 8.05, Length: 16, Loss: 0.5087
2026-03-17 00:06:46 | INFO | Episode 114/250 - Reward: 9.25, Length: 10, Loss: 1.7243
2026-03-17 00:06:47 | INFO | Episode 115/250 - Reward: -8.75, Length: 40, Loss: 0.0301
2026-03-17 00:06:48 | INFO | Episode 116/250 - Reward: 9.45, Length: 9, Loss: 0.6626
2026-03-17 00:06:48 | INFO | Episode 117/250 - Reward: 8.05, Length: 16, Loss: 0.5315
2026-03-17 00:06:49 | INFO | Episode 118/250 - Reward: 9.05, Length: 11, Loss: 0.7332
2026-03-17 00:06:49 | INFO | Episode 119/250 - Reward: 9.65, Length: 8, Loss: 0.7494
2026-03-17 00:06:50 | INFO | Episode 120/250 - Reward: 9.65, Length: 8, Loss: 0.3403
2026-03-17 00:06:51 | INFO | Episode 121/250 - Reward: 9.65, Length: 8, Loss: 0.3021
2026-03-17 00:06:52 | INFO | Episode 122/250 - Reward: 9.45, Length: 9, Loss: 1.2875
2026-03-17 00:06:52 | INFO | Episode 123/250 - Reward: 9.45, Length: 9, Loss: 0.6114
2026-03-17 00:06:53 | INFO | Episode 124/250 - Reward: 9.25, Length: 10, Loss: 1.3623
2026-03-17 00:06:54 | INFO | Episode 125/250 - Reward: 9.25, Length: 10, Loss: 0.8561
2026-03-17 00:06:53 | INFO | Episode 126/250 - Reward: 9.45, Length: 9, Loss: 0.7107
2026-03-17 00:06:54 | INFO | Episode 127/250 - Reward: -8.90, Length: 40, Loss: -0.0627
2026-03-17 00:06:55 | INFO | Episode 128/250 - Reward: -8.60, Length: 40, Loss: -0.3989
2026-03-17 00:06:55 | INFO | Episode 129/250 - Reward: 9.45, Length: 9, Loss: 1.1277
2026-03-17 00:06:56 | INFO | Episode 130/250 - Reward: 9.45, Length: 9, Loss: 0.6134
2026-03-17 00:06:56 | INFO | Episode 131/250 - Reward: 9.65, Length: 8, Loss: 0.6061
2026-03-17 00:06:57 | INFO | Episode 132/250 - Reward: -8.90, Length: 40, Loss: -0.0443
2026-03-17 00:06:58 | INFO | Episode 133/250 - Reward: 7.70, Length: 8, Loss: 2.2695
2026-03-17 00:06:59 | INFO | Episode 134/250 - Reward: 9.65, Length: 8, Loss: 0.7637
2026-03-17 00:06:59 | INFO | Episode 135/250 - Reward: 9.65, Length: 8, Loss: 0.4120
2026-03-17 00:07:00 | INFO | Episode 136/250 - Reward: 9.65, Length: 8, Loss: 1.5023
2026-03-17 00:07:01 | INFO | Episode 137/250 - Reward: 5.70, Length: 18, Loss: 0.4884
2026-03-17 00:07:01 | INFO | Episode 138/250 - Reward: 9.65, Length: 8, Loss: 1.0557
2026-03-17 00:07:02 | INFO | Episode 139/250 - Reward: 5.50, Length: 19, Loss: 0.4904
2026-03-17 00:07:02 | INFO | Episode 140/250 - Reward: 9.65, Length: 8, Loss: 0.5320
2026-03-17 00:07:03 | INFO | Episode 141/250 - Reward: 9.65, Length: 8, Loss: 1.0103
2026-03-17 00:07:04 | INFO | Episode 142/250 - Reward: 9.65, Length: 8, Loss: 0.9834
2026-03-17 00:07:04 | INFO | Episode 143/250 - Reward: 9.65, Length: 8, Loss: 0.4905
2026-03-17 00:07:05 | INFO | Episode 144/250 - Reward: 9.65, Length: 8, Loss: 0.7162
2026-03-17 00:07:06 | INFO | Episode 145/250 - Reward: 4.10, Length: 26, Loss: 0.2805
2026-03-17 00:07:06 | INFO | Episode 146/250 - Reward: 9.65, Length: 8, Loss: 0.4225
2026-03-17 00:07:07 | INFO | Episode 147/250 - Reward: -8.75, Length: 40, Loss: 0.0047
2026-03-17 00:07:08 | INFO | Episode 148/250 - Reward: 9.65, Length: 8, Loss: 0.3907
2026-03-17 00:07:08 | INFO | Episode 149/250 - Reward: -10.55, Length: 40, Loss: -0.1106
2026-03-17 00:07:09 | INFO | Episode 150/250 - Reward: 7.30, Length: 10, Loss: 1.6018
2026-03-17 00:07:09 | INFO | Episode 150/250 - Avg Reward: 5.92, Avg Length: 16.38, Avg Loss: 0.6473
2026-03-17 00:07:09 | INFO | Episode 151/250 - Reward: 9.45, Length: 9, Loss: 1.0964
2026-03-17 00:07:10 | INFO | Episode 152/250 - Reward: 4.65, Length: 15, Loss: 1.1791
2026-03-17 00:07:11 | INFO | Episode 153/250 - Reward: 9.05, Length: 11, Loss: 1.2833
2026-03-17 00:07:11 | INFO | Episode 154/250 - Reward: 8.65, Length: 13, Loss: 0.9260
2026-03-17 00:07:12 | INFO | Episode 155/250 - Reward: 8.05, Length: 16, Loss: 0.6792
2026-03-17 00:07:13 | INFO | Episode 156/250 - Reward: 9.15, Length: 12, Loss: 1.5614
2026-03-17 00:07:13 | INFO | Episode 157/250 - Reward: 7.75, Length: 19, Loss: 1.0810
2026-03-17 00:07:14 | INFO | Episode 158/250 - Reward: 8.25, Length: 15, Loss: 0.7006
2026-03-17 00:07:15 | INFO | Episode 159/250 - Reward: 9.05, Length: 11, Loss: 1.1413
2026-03-17 00:07:15 | INFO | Episode 160/250 - Reward: 8.85, Length: 12, Loss: 0.8543
2026-03-17 00:07:16 | INFO | Episode 161/250 - Reward: 9.05, Length: 11, Loss: 1.0719
2026-03-17 00:07:17 | INFO | Episode 162/250 - Reward: 9.25, Length: 10, Loss: 1.2817
2026-03-17 00:07:17 | INFO | Episode 163/250 - Reward: 9.05, Length: 11, Loss: 0.9032
2026-03-17 00:07:18 | INFO | Episode 164/250 - Reward: 8.65, Length: 13, Loss: 1.0467
2026-03-17 00:07:18 | INFO | Episode 165/250 - Reward: 7.65, Length: 18, Loss: 0.6499
2026-03-17 00:07:19 | INFO | Episode 166/250 - Reward: 8.45, Length: 14, Loss: 0.9174
2026-03-17 00:07:20 | INFO | Episode 167/250 - Reward: 9.05, Length: 11, Loss: 0.9652
2026-03-17 00:07:20 | INFO | Episode 168/250 - Reward: 9.65, Length: 8, Loss: 0.6219
2026-03-17 00:07:21 | INFO | Episode 169/250 - Reward: 7.70, Length: 8, Loss: 1.2721
2026-03-17 00:07:22 | INFO | Episode 170/250 - Reward: 9.25, Length: 10, Loss: 1.1505
2026-03-17 00:07:22 | INFO | Episode 171/250 - Reward: 8.85, Length: 12, Loss: 0.7728
2026-03-17 00:07:23 | INFO | Episode 172/250 - Reward: 8.85, Length: 12, Loss: 0.8861
2026-03-17 00:07:24 | INFO | Episode 173/250 - Reward: 9.45, Length: 9, Loss: 0.9252
2026-03-17 00:07:24 | INFO | Episode 174/250 - Reward: 7.30, Length: 10, Loss: 1.5260
2026-03-17 00:07:25 | INFO | Episode 175/250 - Reward: 9.25, Length: 10, Loss: 1.7720
2026-03-17 00:07:25 | INFO | Episode 176/250 - Reward: 9.45, Length: 9, Loss: 1.1851
2026-03-17 00:07:25 | INFO | Episode 177/250 - Reward: 8.85, Length: 12, Loss: 0.8971
2026-03-17 00:07:26 | INFO | Episode 178/250 - Reward: 9.45, Length: 9, Loss: 0.9917
2026-03-17 00:07:27 | INFO | Episode 179/250 - Reward: 9.65, Length: 8, Loss: 0.7783
2026-03-17 00:07:27 | INFO | Episode 180/250 - Reward: 9.25, Length: 10, Loss: 1.1295
2026-03-17 00:07:28 | INFO | Episode 181/250 - Reward: 9.65, Length: 8, Loss: 0.5675
2026-03-17 00:07:29 | INFO | Episode 182/250 - Reward: -7.55, Length: 40, Loss: -0.3275
2026-03-17 00:07:29 | INFO | Episode 183/250 - Reward: 3.20, Length: 32, Loss: 0.1487
2026-03-17 00:07:30 | INFO | Episode 184/250 - Reward: 7.70, Length: 8, Loss: 1.2971
2026-03-17 00:07:31 | INFO | Episode 185/250 - Reward: 7.70, Length: 8, Loss: 1.1984
2026-03-17 00:07:31 | INFO | Episode 186/250 - Reward: 6.70, Length: 13, Loss: 0.6869
2026-03-17 00:07:32 | INFO | Episode 187/250 - Reward: 7.70, Length: 8, Loss: 1.1576
2026-03-17 00:07:33 | INFO | Episode 188/250 - Reward: 9.65, Length: 8, Loss: 0.6160
2026-03-17 00:07:33 | INFO | Episode 189/250 - Reward: 7.50, Length: 9, Loss: 1.1665
2026-03-17 00:07:34 | INFO | Episode 190/250 - Reward: 9.45, Length: 9, Loss: 1.0558
2026-03-17 00:07:34 | INFO | Episode 191/250 - Reward: 9.65, Length: 8, Loss: 0.7076
2026-03-17 00:07:35 | INFO | Episode 192/250 - Reward: 7.50, Length: 9, Loss: 1.1780
2026-03-17 00:07:36 | INFO | Episode 193/250 - Reward: 4.50, Length: 24, Loss: 0.2851
2026-03-17 00:07:36 | INFO | Episode 194/250 - Reward: 9.25, Length: 10, Loss: 1.3479
2026-03-17 00:07:37 | INFO | Episode 195/250 - Reward: 9.45, Length: 9, Loss: 1.1057
2026-03-17 00:07:38 | INFO | Episode 196/250 - Reward: 7.10, Length: 11, Loss: 1.2011
2026-03-17 00:07:38 | INFO | Episode 197/250 - Reward: 3.10, Length: 31, Loss: 0.1805
2026-03-17 00:07:39 | INFO | Episode 198/250 - Reward: 6.70, Length: 13, Loss: 0.6900
2026-03-17 00:07:40 | INFO | Episode 199/250 - Reward: 7.30, Length: 10, Loss: 1.2947
2026-03-17 00:07:40 | INFO | Episode 200/250 - Reward: 5.05, Length: 31, Loss: 0.3726
2026-03-17 00:07:40 | INFO | Episode 200/250 - Avg Reward: 7.85, Avg Length: 12.94, Avg Loss: 0.9435
2026-03-17 00:07:41 | INFO | Episode 201/250 - Reward: 8.35, Length: 16, Loss: 1.2906
2026-03-17 00:07:41 | INFO | Episode 202/250 - Reward: 7.10, Length: 11, Loss: 0.9106
2026-03-17 00:07:42 | INFO | Episode 203/250 - Reward: 9.25, Length: 10, Loss: 1.2954
2026-03-17 00:07:43 | INFO | Episode 204/250 - Reward: 9.45, Length: 9, Loss: 1.2914
2026-03-17 00:07:43 | INFO | Episode 205/250 - Reward: 9.65, Length: 8, Loss: 1.2565
2026-03-17 00:07:44 | INFO | Episode 206/250 - Reward: 9.05, Length: 11, Loss: 1.1731
2026-03-17 00:07:45 | INFO | Episode 207/250 - Reward: 7.45, Length: 19, Loss: 0.6946
2026-03-17 00:07:45 | INFO | Episode 208/250 - Reward: 6.75, Length: 24, Loss: 0.8213
2026-03-17 00:07:46 | INFO | Episode 209/250 - Reward: 9.45, Length: 9, Loss: 1.7065
2026-03-17 00:07:47 | INFO | Episode 210/250 - Reward: 9.45, Length: 9, Loss: 1.3283
2026-03-17 00:07:47 | INFO | Episode 211/250 - Reward: 9.65, Length: 8, Loss: 1.0099
2026-03-17 00:07:48 | INFO | Episode 212/250 - Reward: 9.05, Length: 11, Loss: 1.3823
2026-03-17 00:07:48 | INFO | Episode 213/250 - Reward: 7.10, Length: 11, Loss: 1.4122
2026-03-17 00:07:49 | INFO | Episode 214/250 - Reward: 7.50, Length: 9, Loss: 1.6764
2026-03-17 00:07:49 | INFO | Episode 215/250 - Reward: 9.05, Length: 11, Loss: 1.2479
2026-03-17 00:07:50 | INFO | Episode 216/250 - Reward: -7.55, Length: 40, Loss: -0.3938
2026-03-17 00:07:50 | INFO | Episode 217/250 - Reward: 9.45, Length: 9, Loss: 1.2247
2026-03-17 00:07:51 | INFO | Episode 218/250 - Reward: 8.25, Length: 15, Loss: 1.3868
2026-03-17 00:07:51 | INFO | Episode 219/250 - Reward: 9.25, Length: 10, Loss: 1.1977
2026-03-17 00:07:52 | INFO | Episode 220/250 - Reward: 9.65, Length: 8, Loss: 1.1768
2026-03-17 00:07:52 | INFO | Episode 221/250 - Reward: 7.50, Length: 9, Loss: 1.3081
2026-03-17 00:07:53 | INFO | Episode 222/250 - Reward: 6.70, Length: 13, Loss: 1.0062
2026-03-17 00:07:53 | INFO | Episode 223/250 - Reward: 7.30, Length: 10, Loss: 1.5832
2026-03-17 00:07:54 | INFO | Episode 224/250 - Reward: 6.65, Length: 26, Loss: 1.0080
2026-03-17 00:07:54 | INFO | Episode 225/250 - Reward: 9.25, Length: 10, Loss: 1.1849
2026-03-17 00:07:55 | INFO | Episode 226/250 - Reward: 9.45, Length: 9, Loss: 1.2473
2026-03-17 00:07:55 | INFO | Episode 227/250 - Reward: 9.05, Length: 11, Loss: 1.2509
2026-03-17 00:07:56 | INFO | Episode 228/250 - Reward: 9.25, Length: 10, Loss: 1.2551
2026-03-17 00:07:56 | INFO | Episode 229/250 - Reward: 9.45, Length: 9, Loss: 1.2356
2026-03-17 00:07:56 | INFO | Episode 230/250 - Reward: -7.55, Length: 40, Loss: -0.1137
2026-03-17 00:07:57 | INFO | Episode 231/250 - Reward: -7.55, Length: 40, Loss: -0.2875
2026-03-17 00:07:57 | INFO | Episode 232/250 - Reward: 9.25, Length: 10, Loss: 1.1658
2026-03-17 00:07:58 | INFO | Episode 233/250 - Reward: 9.05, Length: 11, Loss: 1.0479
2026-03-17 00:07:58 | INFO | Episode 234/250 - Reward: 6.90, Length: 12, Loss: 1.2476
2026-03-17 00:07:59 | INFO | Episode 235/250 - Reward: 4.55, Length: 35, Loss: 0.4584
2026-03-17 00:07:59 | INFO | Episode 236/250 - Reward: 7.85, Length: 17, Loss: 1.0689
2026-03-17 00:08:00 | INFO | Episode 237/250 - Reward: -7.55, Length: 40, Loss: -0.3042
2026-03-17 00:08:00 | INFO | Episode 238/250 - Reward: 8.85, Length: 12, Loss: 1.0267
2026-03-17 00:08:01 | INFO | Episode 239/250 - Reward: 7.65, Length: 18, Loss: 1.1554
2026-03-17 00:08:01 | INFO | Episode 240/250 - Reward: -7.55, Length: 40, Loss: -0.1585
2026-03-17 00:08:02 | INFO | Episode 241/250 - Reward: 8.65, Length: 13, Loss: 0.9884
2026-03-17 00:08:02 | INFO | Episode 242/250 - Reward: 9.45, Length: 9, Loss: 1.4785
2026-03-17 00:08:03 | INFO | Episode 243/250 - Reward: 6.50, Length: 14, Loss: 0.6365
2026-03-17 00:08:03 | INFO | Episode 244/250 - Reward: 7.30, Length: 10, Loss: 1.2963
2026-03-17 00:08:04 | INFO | Episode 245/250 - Reward: 9.45, Length: 9, Loss: 1.1363
2026-03-17 00:08:04 | INFO | Episode 246/250 - Reward: 9.25, Length: 10, Loss: 1.0228
2026-03-17 00:08:05 | INFO | Episode 247/250 - Reward: -7.55, Length: 40, Loss: -0.0058
2026-03-17 00:08:05 | INFO | Episode 248/250 - Reward: 6.50, Length: 14, Loss: 0.7095
2026-03-17 00:08:06 | INFO | Episode 249/250 - Reward: 9.05, Length: 11, Loss: 1.3904
2026-03-17 00:08:06 | INFO | Episode 250/250 - Reward: 9.65, Length: 8, Loss: 1.0138
2026-03-17 00:08:06 | INFO | Episode 250/250 - Avg Reward: 6.48, Avg Length: 15.56, Avg Loss: 1.0028
