2026-03-17 00:10:53 | INFO | ============================================================
2026-03-17 00:10:53 | INFO | DEVICE / COMPUTE INFORMATION
2026-03-17 00:10:53 | INFO |   JAX backend       : GPU
2026-03-17 00:10:53 | INFO |   Platform          : gpu
2026-03-17 00:10:53 | INFO |   Num devices       : 1
2026-03-17 00:10:53 | INFO |   Device            : cuda:0
2026-03-17 00:10:53 | INFO |   GPU name          : NVIDIA GeForce RTX 5060 Laptop GPU
2026-03-17 00:10:53 | INFO | ============================================================
2026-03-17 00:10:53 | INFO | ✓ JAX GPU backend confirmed.
2026-03-17 00:10:54 | INFO | REINFORCE seed=2_gamma=0.99_lr=0.001
2026-03-17 00:10:58 | INFO | Episode 1/250 - Reward: -3.80, Length: 40, Loss: -0.4388
2026-03-17 00:10:58 | INFO | Episode 2/250 - Reward: 7.65, Length: 21, Loss: 1.6736
2026-03-17 00:10:59 | INFO | Episode 3/250 - Reward: 2.05, Length: 34, Loss: 0.5640
2026-03-17 00:10:59 | INFO | Episode 4/250 - Reward: -11.60, Length: 40, Loss: -0.5757
2026-03-17 00:11:00 | INFO | Episode 5/250 - Reward: -5.15, Length: 40, Loss: -0.4583
2026-03-17 00:11:00 | INFO | Episode 6/250 - Reward: 3.15, Length: 27, Loss: 1.0158
2026-03-17 00:11:01 | INFO | Episode 7/250 - Reward: 6.80, Length: 20, Loss: 1.6462
2026-03-17 00:11:01 | INFO | Episode 8/250 - Reward: -5.30, Length: 40, Loss: -0.4118
2026-03-17 00:11:01 | INFO | Episode 9/250 - Reward: -3.00, Length: 36, Loss: 0.0335
2026-03-17 00:11:02 | INFO | Episode 10/250 - Reward: 1.90, Length: 25, Loss: 0.9524
2026-03-17 00:11:02 | INFO | Episode 11/250 - Reward: -5.00, Length: 40, Loss: -0.4704
2026-03-17 00:11:03 | INFO | Episode 12/250 - Reward: 7.35, Length: 27, Loss: 1.2292
2026-03-17 00:11:03 | INFO | Episode 13/250 - Reward: 4.35, Length: 21, Loss: 1.4346
2026-03-17 00:11:04 | INFO | Episode 14/250 - Reward: -3.80, Length: 40, Loss: -0.4133
2026-03-17 00:11:03 | INFO | Episode 15/250 - Reward: -3.95, Length: 40, Loss: -0.3708
2026-03-17 00:11:04 | INFO | Episode 16/250 - Reward: -5.45, Length: 40, Loss: -0.4431
2026-03-17 00:11:04 | INFO | Episode 17/250 - Reward: 1.50, Length: 27, Loss: 0.8313
2026-03-17 00:11:05 | INFO | Episode 18/250 - Reward: -3.95, Length: 40, Loss: -0.4045
2026-03-17 00:11:05 | INFO | Episode 19/250 - Reward: -3.80, Length: 40, Loss: -0.4110
2026-03-17 00:11:06 | INFO | Episode 20/250 - Reward: -5.60, Length: 40, Loss: -0.4424
2026-03-17 00:11:06 | INFO | Episode 21/250 - Reward: -11.90, Length: 40, Loss: -0.4799
2026-03-17 00:11:07 | INFO | Episode 22/250 - Reward: -6.05, Length: 40, Loss: -0.4442
2026-03-17 00:11:07 | INFO | Episode 23/250 - Reward: -5.00, Length: 40, Loss: -0.4122
2026-03-17 00:11:08 | INFO | Episode 24/250 - Reward: -4.70, Length: 40, Loss: -0.4513
2026-03-17 00:11:08 | INFO | Episode 25/250 - Reward: -4.10, Length: 40, Loss: -0.4849
2026-03-17 00:11:09 | INFO | Episode 26/250 - Reward: -5.75, Length: 40, Loss: -0.4834
2026-03-17 00:11:09 | INFO | Episode 27/250 - Reward: -5.90, Length: 40, Loss: -0.4111
2026-03-17 00:11:10 | INFO | Episode 28/250 - Reward: -6.35, Length: 40, Loss: -0.4995
2026-03-17 00:11:10 | INFO | Episode 29/250 - Reward: -11.90, Length: 40, Loss: -0.5707
2026-03-17 00:11:11 | INFO | Episode 30/250 - Reward: 3.55, Length: 25, Loss: 1.1579
2026-03-17 00:11:11 | INFO | Episode 31/250 - Reward: -5.30, Length: 40, Loss: -0.4917
2026-03-17 00:11:12 | INFO | Episode 32/250 - Reward: -11.30, Length: 40, Loss: -0.4985
2026-03-17 00:11:12 | INFO | Episode 33/250 - Reward: -3.95, Length: 40, Loss: -0.4227
2026-03-17 00:11:13 | INFO | Episode 34/250 - Reward: -13.70, Length: 40, Loss: -0.4910
2026-03-17 00:11:13 | INFO | Episode 35/250 - Reward: -4.10, Length: 40, Loss: -0.4204
2026-03-17 00:11:14 | INFO | Episode 36/250 - Reward: 6.45, Length: 36, Loss: 0.7880
2026-03-17 00:11:14 | INFO | Episode 37/250 - Reward: -6.05, Length: 40, Loss: -0.4064
2026-03-17 00:11:15 | INFO | Episode 38/250 - Reward: -5.00, Length: 40, Loss: -0.4592
2026-03-17 00:11:15 | INFO | Episode 39/250 - Reward: -5.60, Length: 40, Loss: -0.4641
2026-03-17 00:11:16 | INFO | Episode 40/250 - Reward: -8.30, Length: 40, Loss: -0.2982
2026-03-17 00:11:16 | INFO | Episode 41/250 - Reward: -4.55, Length: 40, Loss: -0.4479
2026-03-17 00:11:17 | INFO | Episode 42/250 - Reward: 5.15, Length: 35, Loss: 0.7219
2026-03-17 00:11:17 | INFO | Episode 43/250 - Reward: -4.85, Length: 40, Loss: -0.4042
2026-03-17 00:11:17 | INFO | Episode 44/250 - Reward: -4.40, Length: 40, Loss: -0.3843
2026-03-17 00:11:18 | INFO | Episode 45/250 - Reward: 2.35, Length: 37, Loss: 0.5266
2026-03-17 00:11:19 | INFO | Episode 46/250 - Reward: -4.85, Length: 40, Loss: -0.4981
2026-03-17 00:11:19 | INFO | Episode 47/250 - Reward: -5.45, Length: 40, Loss: -0.3826
2026-03-17 00:11:20 | INFO | Episode 48/250 - Reward: -4.40, Length: 40, Loss: -0.4188
2026-03-17 00:11:21 | INFO | Episode 49/250 - Reward: 2.75, Length: 29, Loss: 0.9168
2026-03-17 00:11:21 | INFO | Episode 50/250 - Reward: -4.40, Length: 40, Loss: -0.4410
2026-03-17 00:11:21 | INFO | Episode 50/250 - Avg Reward: -3.26, Avg Length: 36.80, Avg Loss: -0.0503
2026-03-17 00:11:22 | INFO | Episode 51/250 - Reward: 6.70, Length: 19, Loss: 1.7287
2026-03-17 00:11:23 | INFO | Episode 52/250 - Reward: -4.85, Length: 40, Loss: -0.4700
2026-03-17 00:11:23 | INFO | Episode 53/250 - Reward: 8.35, Length: 19, Loss: 1.6879
2026-03-17 00:11:24 | INFO | Episode 54/250 - Reward: -4.10, Length: 40, Loss: -0.4991
2026-03-17 00:11:25 | INFO | Episode 55/250 - Reward: -8.00, Length: 40, Loss: -0.4457
2026-03-17 00:11:25 | INFO | Episode 56/250 - Reward: -4.25, Length: 40, Loss: -0.4594
2026-03-17 00:11:26 | INFO | Episode 57/250 - Reward: -5.15, Length: 40, Loss: -0.4654
2026-03-17 00:11:27 | INFO | Episode 58/250 - Reward: -5.15, Length: 40, Loss: -0.4369
2026-03-17 00:11:27 | INFO | Episode 59/250 - Reward: -4.85, Length: 40, Loss: -0.4401
2026-03-17 00:11:28 | INFO | Episode 60/250 - Reward: -5.00, Length: 40, Loss: -0.4302
2026-03-17 00:11:29 | INFO | Episode 61/250 - Reward: 6.75, Length: 30, Loss: 1.0275
2026-03-17 00:11:29 | INFO | Episode 62/250 - Reward: -4.70, Length: 40, Loss: -0.4339
2026-03-17 00:11:30 | INFO | Episode 63/250 - Reward: -5.45, Length: 40, Loss: -0.4499
2026-03-17 00:11:30 | INFO | Episode 64/250 - Reward: -5.00, Length: 40, Loss: -0.4656
2026-03-17 00:11:31 | INFO | Episode 65/250 - Reward: 5.40, Length: 27, Loss: 1.2006
2026-03-17 00:11:32 | INFO | Episode 66/250 - Reward: -5.00, Length: 40, Loss: -0.3737
2026-03-17 00:11:32 | INFO | Episode 67/250 - Reward: -4.55, Length: 40, Loss: -0.4604
2026-03-17 00:11:33 | INFO | Episode 68/250 - Reward: 8.85, Length: 15, Loss: 2.1229
2026-03-17 00:11:34 | INFO | Episode 69/250 - Reward: -6.35, Length: 40, Loss: -0.4477
2026-03-17 00:11:34 | INFO | Episode 70/250 - Reward: -4.40, Length: 40, Loss: -0.4261
2026-03-17 00:11:35 | INFO | Episode 71/250 - Reward: 4.85, Length: 38, Loss: 0.6625
2026-03-17 00:11:36 | INFO | Episode 72/250 - Reward: -5.30, Length: 40, Loss: -0.4838
2026-03-17 00:11:35 | INFO | Episode 73/250 - Reward: -4.40, Length: 40, Loss: -0.4445
2026-03-17 00:11:36 | INFO | Episode 74/250 - Reward: -4.25, Length: 40, Loss: -0.3807
2026-03-17 00:11:37 | INFO | Episode 75/250 - Reward: -5.60, Length: 40, Loss: -0.4321
2026-03-17 00:11:37 | INFO | Episode 76/250 - Reward: -5.15, Length: 40, Loss: -0.4600
2026-03-17 00:11:38 | INFO | Episode 77/250 - Reward: 3.75, Length: 30, Loss: 0.8989
2026-03-17 00:11:39 | INFO | Episode 78/250 - Reward: -5.15, Length: 40, Loss: -0.4671
2026-03-17 00:11:39 | INFO | Episode 79/250 - Reward: -5.45, Length: 40, Loss: -0.3863
2026-03-17 00:11:40 | INFO | Episode 80/250 - Reward: -5.00, Length: 40, Loss: -0.4423
2026-03-17 00:11:40 | INFO | Episode 81/250 - Reward: 6.25, Length: 31, Loss: 1.0302
2026-03-17 00:11:41 | INFO | Episode 82/250 - Reward: 9.25, Length: 13, Loss: 2.2719
2026-03-17 00:11:42 | INFO | Episode 83/250 - Reward: -5.15, Length: 40, Loss: -0.4368
2026-03-17 00:11:42 | INFO | Episode 84/250 - Reward: -5.15, Length: 40, Loss: -0.4658
2026-03-17 00:11:43 | INFO | Episode 85/250 - Reward: -6.50, Length: 40, Loss: -0.5557
2026-03-17 00:11:44 | INFO | Episode 86/250 - Reward: -5.60, Length: 40, Loss: -0.3386
2026-03-17 00:11:44 | INFO | Episode 87/250 - Reward: -3.95, Length: 40, Loss: -0.4505
2026-03-17 00:11:45 | INFO | Episode 88/250 - Reward: -5.45, Length: 40, Loss: -0.4444
2026-03-17 00:11:46 | INFO | Episode 89/250 - Reward: -5.15, Length: 40, Loss: -0.4608
2026-03-17 00:11:46 | INFO | Episode 90/250 - Reward: -5.30, Length: 40, Loss: -0.5076
2026-03-17 00:11:47 | INFO | Episode 91/250 - Reward: -4.55, Length: 40, Loss: -0.4611
2026-03-17 00:11:47 | INFO | Episode 92/250 - Reward: -6.05, Length: 40, Loss: -0.4506
2026-03-17 00:11:48 | INFO | Episode 93/250 - Reward: -9.35, Length: 40, Loss: -0.4463
2026-03-17 00:11:49 | INFO | Episode 94/250 - Reward: -9.05, Length: 40, Loss: -0.5711
2026-03-17 00:11:49 | INFO | Episode 95/250 - Reward: -4.10, Length: 40, Loss: -0.4120
2026-03-17 00:11:50 | INFO | Episode 96/250 - Reward: -4.85, Length: 40, Loss: -0.4784
2026-03-17 00:11:51 | INFO | Episode 97/250 - Reward: -4.40, Length: 40, Loss: -0.4554
2026-03-17 00:11:51 | INFO | Episode 98/250 - Reward: -5.30, Length: 40, Loss: -0.3555
2026-03-17 00:11:52 | INFO | Episode 99/250 - Reward: -3.95, Length: 40, Loss: -0.4488
2026-03-17 00:11:53 | INFO | Episode 100/250 - Reward: 4.90, Length: 28, Loss: 1.0615
2026-03-17 00:11:53 | INFO | Episode 100/250 - Avg Reward: -2.92, Avg Length: 37.00, Avg Loss: -0.0850
2026-03-17 00:11:53 | INFO | Episode 101/250 - Reward: -4.35, Length: 39, Loss: 0.0648
2026-03-17 00:11:54 | INFO | Episode 102/250 - Reward: -8.15, Length: 40, Loss: -0.4083
2026-03-17 00:11:55 | INFO | Episode 103/250 - Reward: -4.85, Length: 40, Loss: -0.4050
2026-03-17 00:11:55 | INFO | Episode 104/250 - Reward: -2.40, Length: 30, Loss: 0.1992
2026-03-17 00:11:56 | INFO | Episode 105/250 - Reward: -4.85, Length: 40, Loss: -0.4436
2026-03-17 00:11:57 | INFO | Episode 106/250 - Reward: -3.65, Length: 40, Loss: -0.4258
2026-03-17 00:11:57 | INFO | Episode 107/250 - Reward: -3.50, Length: 40, Loss: -0.4542
2026-03-17 00:11:58 | INFO | Episode 108/250 - Reward: -4.85, Length: 40, Loss: -0.4601
2026-03-17 00:11:59 | INFO | Episode 109/250 - Reward: 2.20, Length: 25, Loss: 0.9426
2026-03-17 00:11:59 | INFO | Episode 110/250 - Reward: -5.60, Length: 40, Loss: -0.4335
2026-03-17 00:12:00 | INFO | Episode 111/250 - Reward: -4.70, Length: 40, Loss: -0.4487
2026-03-17 00:12:00 | INFO | Episode 112/250 - Reward: -12.35, Length: 40, Loss: -0.5853
2026-03-17 00:12:01 | INFO | Episode 113/250 - Reward: -4.70, Length: 40, Loss: -0.4259
2026-03-17 00:12:02 | INFO | Episode 114/250 - Reward: -4.55, Length: 40, Loss: -0.4473
2026-03-17 00:12:02 | INFO | Episode 115/250 - Reward: -5.15, Length: 40, Loss: -0.4166
2026-03-17 00:12:03 | INFO | Episode 116/250 - Reward: -6.35, Length: 40, Loss: -0.3939
2026-03-17 00:12:04 | INFO | Episode 117/250 - Reward: -4.10, Length: 40, Loss: -0.4501
2026-03-17 00:12:04 | INFO | Episode 118/250 - Reward: -5.30, Length: 40, Loss: -0.4706
2026-03-17 00:12:05 | INFO | Episode 119/250 - Reward: -5.00, Length: 40, Loss: -0.4442
2026-03-17 00:12:06 | INFO | Episode 120/250 - Reward: -0.30, Length: 39, Loss: 0.2534
2026-03-17 00:12:06 | INFO | Episode 121/250 - Reward: -4.70, Length: 40, Loss: -0.4038
2026-03-17 00:12:06 | INFO | Episode 122/250 - Reward: -4.55, Length: 40, Loss: -0.3948
2026-03-17 00:12:07 | INFO | Episode 123/250 - Reward: -5.45, Length: 40, Loss: -0.3696
2026-03-17 00:12:07 | INFO | Episode 124/250 - Reward: -4.85, Length: 40, Loss: -0.4638
2026-03-17 00:12:08 | INFO | Episode 125/250 - Reward: -5.15, Length: 40, Loss: -0.3565
2026-03-17 00:12:09 | INFO | Episode 126/250 - Reward: -4.85, Length: 40, Loss: -0.4748
2026-03-17 00:12:09 | INFO | Episode 127/250 - Reward: -4.85, Length: 40, Loss: -0.4392
2026-03-17 00:12:10 | INFO | Episode 128/250 - Reward: -4.55, Length: 40, Loss: -0.4553
2026-03-17 00:12:11 | INFO | Episode 129/250 - Reward: -8.15, Length: 40, Loss: -0.5715
2026-03-17 00:12:11 | INFO | Episode 130/250 - Reward: -3.95, Length: 40, Loss: -0.4411
2026-03-17 00:12:12 | INFO | Episode 131/250 - Reward: -5.30, Length: 40, Loss: -0.4544
2026-03-17 00:12:13 | INFO | Episode 132/250 - Reward: -3.95, Length: 40, Loss: -0.4799
2026-03-17 00:12:13 | INFO | Episode 133/250 - Reward: 3.35, Length: 26, Loss: 1.1209
2026-03-17 00:12:14 | INFO | Episode 134/250 - Reward: -4.55, Length: 40, Loss: -0.4512
2026-03-17 00:12:14 | INFO | Episode 135/250 - Reward: -5.15, Length: 40, Loss: -0.4824
2026-03-17 00:12:15 | INFO | Episode 136/250 - Reward: -4.40, Length: 40, Loss: -0.4363
2026-03-17 00:12:16 | INFO | Episode 137/250 - Reward: -5.00, Length: 40, Loss: -0.4607
2026-03-17 00:12:16 | INFO | Episode 138/250 - Reward: -4.10, Length: 40, Loss: -0.4074
2026-03-17 00:12:17 | INFO | Episode 139/250 - Reward: -5.45, Length: 40, Loss: -0.4267
2026-03-17 00:12:18 | INFO | Episode 140/250 - Reward: -4.10, Length: 40, Loss: -0.5104
2026-03-17 00:12:18 | INFO | Episode 141/250 - Reward: 6.25, Length: 34, Loss: 0.8021
2026-03-17 00:12:19 | INFO | Episode 142/250 - Reward: -5.30, Length: 40, Loss: -0.4797
2026-03-17 00:12:20 | INFO | Episode 143/250 - Reward: 2.15, Length: 32, Loss: 0.7453
2026-03-17 00:12:20 | INFO | Episode 144/250 - Reward: -5.00, Length: 40, Loss: -0.5069
2026-03-17 00:12:21 | INFO | Episode 145/250 - Reward: -4.40, Length: 40, Loss: -0.3764
2026-03-17 00:12:22 | INFO | Episode 146/250 - Reward: -5.45, Length: 40, Loss: -0.3924
2026-03-17 00:12:22 | INFO | Episode 147/250 - Reward: -4.70, Length: 40, Loss: -0.4262
2026-03-17 00:12:23 | INFO | Episode 148/250 - Reward: -5.75, Length: 40, Loss: -0.5888
2026-03-17 00:12:24 | INFO | Episode 149/250 - Reward: -4.55, Length: 40, Loss: -0.4500
2026-03-17 00:12:24 | INFO | Episode 150/250 - Reward: -6.50, Length: 40, Loss: -0.5307
2026-03-17 00:12:24 | INFO | Episode 150/250 - Avg Reward: -4.31, Avg Length: 38.90, Avg Loss: -0.3043
2026-03-17 00:12:25 | INFO | Episode 151/250 - Reward: -4.85, Length: 40, Loss: -0.4608
2026-03-17 00:12:25 | INFO | Episode 152/250 - Reward: -5.60, Length: 40, Loss: -0.3858
2026-03-17 00:12:26 | INFO | Episode 153/250 - Reward: -5.75, Length: 40, Loss: -0.3936
2026-03-17 00:12:27 | INFO | Episode 154/250 - Reward: -4.85, Length: 40, Loss: -0.4071
2026-03-17 00:12:27 | INFO | Episode 155/250 - Reward: -4.55, Length: 40, Loss: -0.4097
2026-03-17 00:12:28 | INFO | Episode 156/250 - Reward: -9.80, Length: 40, Loss: -0.4369
2026-03-17 00:12:29 | INFO | Episode 157/250 - Reward: -4.25, Length: 40, Loss: -0.4248
2026-03-17 00:12:30 | INFO | Episode 158/250 - Reward: 5.10, Length: 30, Loss: 1.0118
2026-03-17 00:12:30 | INFO | Episode 159/250 - Reward: -6.35, Length: 40, Loss: -0.5462
2026-03-17 00:12:31 | INFO | Episode 160/250 - Reward: -4.85, Length: 40, Loss: -0.4026
2026-03-17 00:12:32 | INFO | Episode 161/250 - Reward: -5.00, Length: 40, Loss: -0.4652
2026-03-17 00:12:32 | INFO | Episode 162/250 - Reward: -4.85, Length: 40, Loss: -0.4738
2026-03-17 00:12:33 | INFO | Episode 163/250 - Reward: -8.30, Length: 40, Loss: -0.5858
2026-03-17 00:12:34 | INFO | Episode 164/250 - Reward: -4.55, Length: 40, Loss: -0.4326
2026-03-17 00:12:34 | INFO | Episode 165/250 - Reward: -4.70, Length: 40, Loss: -0.5074
2026-03-17 00:12:35 | INFO | Episode 166/250 - Reward: -4.55, Length: 40, Loss: -0.5152
2026-03-17 00:12:36 | INFO | Episode 167/250 - Reward: -4.25, Length: 40, Loss: -0.4784
2026-03-17 00:12:36 | INFO | Episode 168/250 - Reward: 6.15, Length: 30, Loss: 1.0350
2026-03-17 00:12:37 | INFO | Episode 169/250 - Reward: -4.70, Length: 40, Loss: -0.4177
2026-03-17 00:12:38 | INFO | Episode 170/250 - Reward: -5.00, Length: 40, Loss: -0.4311
2026-03-17 00:12:38 | INFO | Episode 171/250 - Reward: 5.90, Length: 26, Loss: 1.2152
2026-03-17 00:12:38 | INFO | Episode 172/250 - Reward: -5.45, Length: 40, Loss: -0.4364
2026-03-17 00:12:39 | INFO | Episode 173/250 - Reward: -5.15, Length: 40, Loss: -0.4504
2026-03-17 00:12:39 | INFO | Episode 174/250 - Reward: -7.55, Length: 40, Loss: -0.5149
2026-03-17 00:12:40 | INFO | Episode 175/250 - Reward: 4.50, Length: 39, Loss: 0.5479
2026-03-17 00:12:41 | INFO | Episode 176/250 - Reward: -5.60, Length: 40, Loss: -0.4766
2026-03-17 00:12:41 | INFO | Episode 177/250 - Reward: -1.80, Length: 27, Loss: 0.3987
2026-03-17 00:12:42 | INFO | Episode 178/250 - Reward: -5.60, Length: 40, Loss: -0.4364
2026-03-17 00:12:42 | INFO | Episode 179/250 - Reward: -11.15, Length: 40, Loss: -0.3938
2026-03-17 00:12:43 | INFO | Episode 180/250 - Reward: -5.45, Length: 40, Loss: -0.4329
2026-03-17 00:12:44 | INFO | Episode 181/250 - Reward: -5.00, Length: 40, Loss: -0.4334
2026-03-17 00:12:44 | INFO | Episode 182/250 - Reward: -5.00, Length: 40, Loss: -0.4678
2026-03-17 00:12:45 | INFO | Episode 183/250 - Reward: -4.85, Length: 40, Loss: -0.3551
2026-03-17 00:12:46 | INFO | Episode 184/250 - Reward: -5.00, Length: 40, Loss: -0.4215
2026-03-17 00:12:46 | INFO | Episode 185/250 - Reward: -4.55, Length: 40, Loss: -0.4058
2026-03-17 00:12:47 | INFO | Episode 186/250 - Reward: -4.85, Length: 40, Loss: -0.4327
2026-03-17 00:12:48 | INFO | Episode 187/250 - Reward: -5.00, Length: 40, Loss: -0.4718
2026-03-17 00:12:48 | INFO | Episode 188/250 - Reward: 4.50, Length: 33, Loss: 0.8156
2026-03-17 00:12:49 | INFO | Episode 189/250 - Reward: -4.70, Length: 40, Loss: -0.4092
2026-03-17 00:12:50 | INFO | Episode 190/250 - Reward: -4.85, Length: 40, Loss: -0.3968
2026-03-17 00:12:50 | INFO | Episode 191/250 - Reward: -5.00, Length: 40, Loss: -0.4217
2026-03-17 00:12:51 | INFO | Episode 192/250 - Reward: -5.90, Length: 40, Loss: -0.5827
2026-03-17 00:12:51 | INFO | Episode 193/250 - Reward: -4.85, Length: 40, Loss: -0.4699
2026-03-17 00:12:52 | INFO | Episode 194/250 - Reward: -4.85, Length: 40, Loss: -0.4241
2026-03-17 00:12:52 | INFO | Episode 195/250 - Reward: -5.75, Length: 40, Loss: -0.4475
2026-03-17 00:12:53 | INFO | Episode 196/250 - Reward: -5.45, Length: 40, Loss: -0.4309
2026-03-17 00:12:53 | INFO | Episode 197/250 - Reward: -5.15, Length: 40, Loss: -0.4231
2026-03-17 00:12:54 | INFO | Episode 198/250 - Reward: -4.40, Length: 40, Loss: -0.4606
2026-03-17 00:12:54 | INFO | Episode 199/250 - Reward: 7.35, Length: 24, Loss: 1.4160
2026-03-17 00:12:55 | INFO | Episode 200/250 - Reward: -4.40, Length: 40, Loss: -0.4232
2026-03-17 00:12:55 | INFO | Episode 200/250 - Avg Reward: -4.01, Avg Length: 38.58, Avg Loss: -0.2551
2026-03-17 00:12:55 | INFO | Episode 201/250 - Reward: 6.75, Length: 33, Loss: 0.9035
2026-03-17 00:12:56 | INFO | Episode 202/250 - Reward: -5.00, Length: 40, Loss: -0.4673
2026-03-17 00:12:56 | INFO | Episode 203/250 - Reward: -4.25, Length: 40, Loss: -0.4644
2026-03-17 00:12:57 | INFO | Episode 204/250 - Reward: -6.65, Length: 40, Loss: -0.6225
2026-03-17 00:12:57 | INFO | Episode 205/250 - Reward: -5.30, Length: 40, Loss: -0.4606
2026-03-17 00:12:58 | INFO | Episode 206/250 - Reward: -5.30, Length: 40, Loss: -0.4412
2026-03-17 00:12:58 | INFO | Episode 207/250 - Reward: 4.90, Length: 28, Loss: 1.0553
2026-03-17 00:12:59 | INFO | Episode 208/250 - Reward: 5.70, Length: 24, Loss: 1.3756
2026-03-17 00:12:59 | INFO | Episode 209/250 - Reward: -4.40, Length: 40, Loss: -0.4046
2026-03-17 00:13:00 | INFO | Episode 210/250 - Reward: -5.15, Length: 40, Loss: -0.4118
2026-03-17 00:13:00 | INFO | Episode 211/250 - Reward: -4.25, Length: 40, Loss: -0.4735
2026-03-17 00:13:01 | INFO | Episode 212/250 - Reward: 9.05, Length: 14, Loss: 2.1535
2026-03-17 00:13:01 | INFO | Episode 213/250 - Reward: -4.55, Length: 40, Loss: -0.4669
2026-03-17 00:13:02 | INFO | Episode 214/250 - Reward: -3.05, Length: 40, Loss: -0.4113
2026-03-17 00:13:02 | INFO | Episode 215/250 - Reward: 3.85, Length: 25, Loss: 1.1639
2026-03-17 00:13:03 | INFO | Episode 216/250 - Reward: -9.50, Length: 40, Loss: -0.4733
2026-03-17 00:13:03 | INFO | Episode 217/250 - Reward: -4.85, Length: 40, Loss: -0.4099
2026-03-17 00:13:04 | INFO | Episode 218/250 - Reward: -2.40, Length: 33, Loss: 0.1801
2026-03-17 00:13:04 | INFO | Episode 219/250 - Reward: -3.50, Length: 40, Loss: -0.3799
2026-03-17 00:13:04 | INFO | Episode 220/250 - Reward: -5.15, Length: 40, Loss: -0.4243
2026-03-17 00:13:05 | INFO | Episode 221/250 - Reward: -4.85, Length: 40, Loss: -0.4743
2026-03-17 00:13:05 | INFO | Episode 222/250 - Reward: -4.70, Length: 40, Loss: -0.4906
2026-03-17 00:13:06 | INFO | Episode 223/250 - Reward: 5.70, Length: 27, Loss: 1.2090
2026-03-17 00:13:06 | INFO | Episode 224/250 - Reward: -5.00, Length: 40, Loss: -0.4878
2026-03-17 00:13:07 | INFO | Episode 225/250 - Reward: 6.10, Length: 19, Loss: 1.6621
2026-03-17 00:13:07 | INFO | Episode 226/250 - Reward: 8.45, Length: 17, Loss: 1.7810
2026-03-17 00:13:08 | INFO | Episode 227/250 - Reward: -6.65, Length: 40, Loss: -0.4622
2026-03-17 00:13:08 | INFO | Episode 228/250 - Reward: -7.70, Length: 40, Loss: -0.3991
2026-03-17 00:13:09 | INFO | Episode 229/250 - Reward: 5.50, Length: 31, Loss: 0.9431
2026-03-17 00:13:09 | INFO | Episode 230/250 - Reward: -5.15, Length: 40, Loss: -0.4683
2026-03-17 00:13:09 | INFO | Episode 231/250 - Reward: -4.25, Length: 40, Loss: -0.4203
2026-03-17 00:13:09 | INFO | Episode 232/250 - Reward: -4.85, Length: 40, Loss: -0.3983
2026-03-17 00:13:10 | INFO | Episode 233/250 - Reward: -3.65, Length: 40, Loss: -0.3691
2026-03-17 00:13:10 | INFO | Episode 234/250 - Reward: 4.20, Length: 39, Loss: 0.5594
2026-03-17 00:13:11 | INFO | Episode 235/250 - Reward: -5.90, Length: 40, Loss: -0.5163
2026-03-17 00:13:11 | INFO | Episode 236/250 - Reward: -3.80, Length: 40, Loss: -0.4205
2026-03-17 00:13:12 | INFO | Episode 237/250 - Reward: -3.35, Length: 40, Loss: -0.4756
2026-03-17 00:13:12 | INFO | Episode 238/250 - Reward: -5.45, Length: 40, Loss: -0.4289
2026-03-17 00:13:13 | INFO | Episode 239/250 - Reward: -4.25, Length: 40, Loss: -0.4249
2026-03-17 00:13:13 | INFO | Episode 240/250 - Reward: -5.30, Length: 40, Loss: -0.4629
2026-03-17 00:13:14 | INFO | Episode 241/250 - Reward: -5.00, Length: 40, Loss: -0.4594
2026-03-17 00:13:14 | INFO | Episode 242/250 - Reward: -4.70, Length: 40, Loss: -0.4306
2026-03-17 00:13:15 | INFO | Episode 243/250 - Reward: -7.55, Length: 40, Loss: -0.3258
2026-03-17 00:13:15 | INFO | Episode 244/250 - Reward: -5.15, Length: 40, Loss: -0.4639
2026-03-17 00:13:16 | INFO | Episode 245/250 - Reward: -4.25, Length: 40, Loss: -0.4001
2026-03-17 00:13:16 | INFO | Episode 246/250 - Reward: -4.55, Length: 40, Loss: -0.3800
2026-03-17 00:13:17 | INFO | Episode 247/250 - Reward: -4.70, Length: 40, Loss: -0.4609
2026-03-17 00:13:17 | INFO | Episode 248/250 - Reward: -5.00, Length: 40, Loss: -0.4649
2026-03-17 00:13:18 | INFO | Episode 249/250 - Reward: -6.35, Length: 40, Loss: -0.4430
2026-03-17 00:13:18 | INFO | Episode 250/250 - Reward: -4.85, Length: 40, Loss: -0.4518
2026-03-17 00:13:18 | INFO | Episode 250/250 - Avg Reward: -2.80, Avg Length: 37.00, Avg Loss: -0.0861
