2026-03-17 00:23:53 | INFO | ============================================================
2026-03-17 00:23:53 | INFO | DEVICE / COMPUTE INFORMATION
2026-03-17 00:23:53 | INFO |   JAX backend       : GPU
2026-03-17 00:23:53 | INFO |   Platform          : gpu
2026-03-17 00:23:53 | INFO |   Num devices       : 1
2026-03-17 00:23:53 | INFO |   Device            : cuda:0
2026-03-17 00:23:53 | INFO |   GPU name          : NVIDIA GeForce RTX 5060 Laptop GPU
2026-03-17 00:23:53 | INFO | ============================================================
2026-03-17 00:23:53 | INFO | ✓ JAX GPU backend confirmed.
2026-03-17 00:23:54 | INFO | REINFORCE seed=3_gamma=0.99_lr=0.01
2026-03-17 00:23:58 | INFO | Episode 1/250 - Reward: -5.30, Length: 40, Loss: -0.4873
2026-03-17 00:23:58 | INFO | Episode 2/250 - Reward: -5.30, Length: 40, Loss: -0.4490
2026-03-17 00:23:59 | INFO | Episode 3/250 - Reward: -6.50, Length: 40, Loss: -0.4887
2026-03-17 00:23:59 | INFO | Episode 4/250 - Reward: 3.15, Length: 30, Loss: 0.9085
2026-03-17 00:24:00 | INFO | Episode 5/250 - Reward: 6.20, Length: 20, Loss: 1.5990
2026-03-17 00:24:01 | INFO | Episode 6/250 - Reward: -7.70, Length: 40, Loss: -0.6250
2026-03-17 00:24:01 | INFO | Episode 7/250 - Reward: 5.30, Length: 32, Loss: 0.9375
2026-03-17 00:24:02 | INFO | Episode 8/250 - Reward: -4.70, Length: 40, Loss: -0.4629
2026-03-17 00:24:02 | INFO | Episode 9/250 - Reward: -5.00, Length: 40, Loss: -0.5185
2026-03-17 00:24:03 | INFO | Episode 10/250 - Reward: -5.45, Length: 40, Loss: -0.4887
2026-03-17 00:24:04 | INFO | Episode 11/250 - Reward: 6.35, Length: 35, Loss: 0.7911
2026-03-17 00:24:04 | INFO | Episode 12/250 - Reward: 4.90, Length: 28, Loss: 1.1040
2026-03-17 00:24:05 | INFO | Episode 13/250 - Reward: 6.35, Length: 35, Loss: 0.8209
2026-03-17 00:24:06 | INFO | Episode 14/250 - Reward: -5.60, Length: 40, Loss: -0.5007
2026-03-17 00:24:07 | INFO | Episode 15/250 - Reward: 8.05, Length: 25, Loss: 1.3321
2026-03-17 00:24:07 | INFO | Episode 16/250 - Reward: 6.20, Length: 20, Loss: 1.4819
2026-03-17 00:24:07 | INFO | Episode 17/250 - Reward: -3.95, Length: 40, Loss: -0.4008
2026-03-17 00:24:08 | INFO | Episode 18/250 - Reward: 6.20, Length: 20, Loss: 1.5606
2026-03-17 00:24:09 | INFO | Episode 19/250 - Reward: -4.55, Length: 40, Loss: -0.5045
2026-03-17 00:24:09 | INFO | Episode 20/250 - Reward: -5.45, Length: 40, Loss: -0.4965
2026-03-17 00:24:10 | INFO | Episode 21/250 - Reward: -5.90, Length: 40, Loss: -0.4886
2026-03-17 00:24:11 | INFO | Episode 22/250 - Reward: -4.40, Length: 40, Loss: -0.5061
2026-03-17 00:24:12 | INFO | Episode 23/250 - Reward: -7.85, Length: 40, Loss: -0.4384
2026-03-17 00:24:12 | INFO | Episode 24/250 - Reward: -4.85, Length: 40, Loss: -0.4425
2026-03-17 00:24:13 | INFO | Episode 25/250 - Reward: -4.40, Length: 40, Loss: -0.4230
2026-03-17 00:24:14 | INFO | Episode 26/250 - Reward: -8.45, Length: 40, Loss: -0.3925
2026-03-17 00:24:15 | INFO | Episode 27/250 - Reward: 4.15, Length: 25, Loss: 1.1989
2026-03-17 00:24:15 | INFO | Episode 28/250 - Reward: -4.25, Length: 40, Loss: -0.4741
2026-03-17 00:24:16 | INFO | Episode 29/250 - Reward: 5.90, Length: 29, Loss: 1.0320
2026-03-17 00:24:17 | INFO | Episode 30/250 - Reward: -5.75, Length: 40, Loss: -0.4232
2026-03-17 00:24:17 | INFO | Episode 31/250 - Reward: 6.80, Length: 14, Loss: 1.9542
2026-03-17 00:24:18 | INFO | Episode 32/250 - Reward: 7.55, Length: 23, Loss: 1.3367
2026-03-17 00:24:19 | INFO | Episode 33/250 - Reward: 2.05, Length: 37, Loss: 0.4886
2026-03-17 00:24:19 | INFO | Episode 34/250 - Reward: -4.10, Length: 40, Loss: -0.4986
2026-03-17 00:24:20 | INFO | Episode 35/250 - Reward: 8.45, Length: 17, Loss: 1.7334
2026-03-17 00:24:21 | INFO | Episode 36/250 - Reward: -5.60, Length: 40, Loss: -0.4243
2026-03-17 00:24:22 | INFO | Episode 37/250 - Reward: -5.75, Length: 40, Loss: -0.4955
2026-03-17 00:24:22 | INFO | Episode 38/250 - Reward: 6.75, Length: 27, Loss: 1.1890
2026-03-17 00:24:23 | INFO | Episode 39/250 - Reward: -4.55, Length: 40, Loss: -0.4517
2026-03-17 00:24:24 | INFO | Episode 40/250 - Reward: -10.10, Length: 40, Loss: -0.3842
2026-03-17 00:24:24 | INFO | Episode 41/250 - Reward: -3.95, Length: 40, Loss: -0.4597
2026-03-17 00:24:25 | INFO | Episode 42/250 - Reward: 8.15, Length: 20, Loss: 1.5529
2026-03-17 00:24:26 | INFO | Episode 43/250 - Reward: -11.75, Length: 40, Loss: -0.3859
2026-03-17 00:24:27 | INFO | Episode 44/250 - Reward: 6.05, Length: 32, Loss: 0.9496
2026-03-17 00:24:28 | INFO | Episode 45/250 - Reward: -4.55, Length: 40, Loss: -0.4353
2026-03-17 00:24:28 | INFO | Episode 46/250 - Reward: 4.80, Length: 33, Loss: 0.7609
2026-03-17 00:24:29 | INFO | Episode 47/250 - Reward: -5.60, Length: 40, Loss: -0.3277
2026-03-17 00:24:30 | INFO | Episode 48/250 - Reward: -5.00, Length: 40, Loss: -0.4504
2026-03-17 00:24:31 | INFO | Episode 49/250 - Reward: -4.85, Length: 40, Loss: -0.4755
2026-03-17 00:24:31 | INFO | Episode 50/250 - Reward: -4.85, Length: 40, Loss: -0.4897
2026-03-17 00:24:31 | INFO | Episode 50/250 - Avg Reward: -1.25, Avg Length: 34.84, Avg Loss: 0.1688
2026-03-17 00:24:32 | INFO | Episode 51/250 - Reward: -9.05, Length: 40, Loss: -0.4359
2026-03-17 00:24:33 | INFO | Episode 52/250 - Reward: 5.00, Length: 29, Loss: 1.0488
2026-03-17 00:24:34 | INFO | Episode 53/250 - Reward: 1.95, Length: 39, Loss: 0.3918
2026-03-17 00:24:34 | INFO | Episode 54/250 - Reward: 9.35, Length: 11, Loss: 2.2225
2026-03-17 00:24:35 | INFO | Episode 55/250 - Reward: 4.00, Length: 40, Loss: 0.4161
2026-03-17 00:24:36 | INFO | Episode 56/250 - Reward: -4.85, Length: 40, Loss: -0.3879
2026-03-17 00:24:36 | INFO | Episode 57/250 - Reward: 7.70, Length: 8, Loss: 2.4992
2026-03-17 00:24:37 | INFO | Episode 58/250 - Reward: -6.05, Length: 40, Loss: -0.4656
2026-03-17 00:24:38 | INFO | Episode 59/250 - Reward: -4.85, Length: 40, Loss: -0.5387
2026-03-17 00:24:39 | INFO | Episode 60/250 - Reward: -5.15, Length: 40, Loss: -0.4790
2026-03-17 00:24:39 | INFO | Episode 61/250 - Reward: 8.85, Length: 15, Loss: 1.7823
2026-03-17 00:24:39 | INFO | Episode 62/250 - Reward: 8.35, Length: 19, Loss: 1.4758
2026-03-17 00:24:40 | INFO | Episode 63/250 - Reward: 4.50, Length: 33, Loss: 0.7035
2026-03-17 00:24:41 | INFO | Episode 64/250 - Reward: 7.05, Length: 30, Loss: 0.9626
2026-03-17 00:24:42 | INFO | Episode 65/250 - Reward: -7.40, Length: 40, Loss: -0.4438
2026-03-17 00:24:42 | INFO | Episode 66/250 - Reward: -5.45, Length: 40, Loss: -0.4087
2026-03-17 00:24:43 | INFO | Episode 67/250 - Reward: 8.85, Length: 12, Loss: 1.9035
2026-03-17 00:24:44 | INFO | Episode 68/250 - Reward: 5.75, Length: 35, Loss: 0.7363
2026-03-17 00:24:44 | INFO | Episode 69/250 - Reward: -5.15, Length: 40, Loss: -0.3923
2026-03-17 00:24:45 | INFO | Episode 70/250 - Reward: -5.75, Length: 40, Loss: -0.2304
2026-03-17 00:24:46 | INFO | Episode 71/250 - Reward: 7.85, Length: 20, Loss: 1.5025
2026-03-17 00:24:46 | INFO | Episode 72/250 - Reward: 5.80, Length: 22, Loss: 1.2035
2026-03-17 00:24:47 | INFO | Episode 73/250 - Reward: 5.25, Length: 15, Loss: 1.7579
2026-03-17 00:24:48 | INFO | Episode 74/250 - Reward: 8.75, Length: 14, Loss: 1.9998
2026-03-17 00:24:48 | INFO | Episode 75/250 - Reward: -10.85, Length: 40, Loss: -0.5123
2026-03-17 00:24:49 | INFO | Episode 76/250 - Reward: 3.15, Length: 30, Loss: 0.8606
2026-03-17 00:24:50 | INFO | Episode 77/250 - Reward: 5.45, Length: 14, Loss: 1.7949
2026-03-17 00:24:51 | INFO | Episode 78/250 - Reward: 8.05, Length: 22, Loss: 1.3265
2026-03-17 00:24:51 | INFO | Episode 79/250 - Reward: 6.25, Length: 31, Loss: 0.9961
2026-03-17 00:24:52 | INFO | Episode 80/250 - Reward: 8.45, Length: 20, Loss: 1.4263
2026-03-17 00:24:53 | INFO | Episode 81/250 - Reward: 8.25, Length: 24, Loss: 1.2712
2026-03-17 00:24:53 | INFO | Episode 82/250 - Reward: 8.75, Length: 14, Loss: 1.8449
2026-03-17 00:24:54 | INFO | Episode 83/250 - Reward: 9.15, Length: 12, Loss: 2.1582
2026-03-17 00:24:55 | INFO | Episode 84/250 - Reward: 4.85, Length: 17, Loss: 1.3981
2026-03-17 00:24:56 | INFO | Episode 85/250 - Reward: 2.70, Length: 21, Loss: 1.1815
2026-03-17 00:24:56 | INFO | Episode 86/250 - Reward: -13.55, Length: 40, Loss: -0.4696
2026-03-17 00:24:57 | INFO | Episode 87/250 - Reward: -5.15, Length: 40, Loss: -0.3476
2026-03-17 00:24:58 | INFO | Episode 88/250 - Reward: 9.15, Length: 12, Loss: 1.8934
2026-03-17 00:24:59 | INFO | Episode 89/250 - Reward: -6.05, Length: 40, Loss: -0.3707
2026-03-17 00:24:59 | INFO | Episode 90/250 - Reward: -5.15, Length: 40, Loss: -0.3964
2026-03-17 00:25:00 | INFO | Episode 91/250 - Reward: 2.55, Length: 33, Loss: 0.6623
2026-03-17 00:25:01 | INFO | Episode 92/250 - Reward: -7.70, Length: 40, Loss: -0.3687
2026-03-17 00:25:02 | INFO | Episode 93/250 - Reward: 7.10, Length: 14, Loss: 1.8856
2026-03-17 00:25:02 | INFO | Episode 94/250 - Reward: 8.85, Length: 12, Loss: 2.0774
2026-03-17 00:25:03 | INFO | Episode 95/250 - Reward: 8.25, Length: 21, Loss: 1.4244
2026-03-17 00:25:04 | INFO | Episode 96/250 - Reward: 4.55, Length: 17, Loss: 1.6097
2026-03-17 00:25:04 | INFO | Episode 97/250 - Reward: 7.30, Length: 13, Loss: 1.8954
2026-03-17 00:25:05 | INFO | Episode 98/250 - Reward: 8.45, Length: 14, Loss: 1.6180
2026-03-17 00:25:06 | INFO | Episode 99/250 - Reward: 9.05, Length: 11, Loss: 1.8690
2026-03-17 00:25:07 | INFO | Episode 100/250 - Reward: 6.70, Length: 13, Loss: 1.7948
2026-03-17 00:25:07 | INFO | Episode 100/250 - Avg Reward: 2.68, Avg Length: 26.14, Avg Loss: 0.9069
2026-03-17 00:25:07 | INFO | Episode 101/250 - Reward: 6.60, Length: 15, Loss: 1.8006
2026-03-17 00:25:08 | INFO | Episode 102/250 - Reward: 8.85, Length: 15, Loss: 1.5458
2026-03-17 00:25:09 | INFO | Episode 103/250 - Reward: 1.65, Length: 33, Loss: 0.4359
2026-03-17 00:25:09 | INFO | Episode 104/250 - Reward: -12.35, Length: 40, Loss: -0.4144
2026-03-17 00:25:10 | INFO | Episode 105/250 - Reward: 9.15, Length: 12, Loss: 1.8584
2026-03-17 00:25:10 | INFO | Episode 106/250 - Reward: 8.45, Length: 14, Loss: 1.7327
2026-03-17 00:25:11 | INFO | Episode 107/250 - Reward: -5.45, Length: 40, Loss: -0.2065
2026-03-17 00:25:11 | INFO | Episode 108/250 - Reward: 8.55, Length: 15, Loss: 1.3686
2026-03-17 00:25:12 | INFO | Episode 109/250 - Reward: 6.50, Length: 20, Loss: 1.3618
2026-03-17 00:25:13 | INFO | Episode 110/250 - Reward: 5.55, Length: 12, Loss: 2.0718
2026-03-17 00:25:13 | INFO | Episode 111/250 - Reward: 8.45, Length: 17, Loss: 1.4932
2026-03-17 00:25:14 | INFO | Episode 112/250 - Reward: 7.95, Length: 21, Loss: 1.2787
2026-03-17 00:25:15 | INFO | Episode 113/250 - Reward: 6.95, Length: 32, Loss: 0.8780
2026-03-17 00:25:15 | INFO | Episode 114/250 - Reward: 8.75, Length: 17, Loss: 1.6787
2026-03-17 00:25:16 | INFO | Episode 115/250 - Reward: 1.30, Length: 40, Loss: 0.1978
2026-03-17 00:25:17 | INFO | Episode 116/250 - Reward: 6.50, Length: 17, Loss: 1.5503
2026-03-17 00:25:18 | INFO | Episode 117/250 - Reward: 8.75, Length: 14, Loss: 1.6347
2026-03-17 00:25:18 | INFO | Episode 118/250 - Reward: -5.35, Length: 38, Loss: 0.0278
2026-03-17 00:25:19 | INFO | Episode 119/250 - Reward: 9.65, Length: 8, Loss: 1.7971
2026-03-17 00:25:20 | INFO | Episode 120/250 - Reward: 6.70, Length: 16, Loss: 1.7701
2026-03-17 00:25:20 | INFO | Episode 121/250 - Reward: -6.80, Length: 40, Loss: -0.2663
2026-03-17 00:25:21 | INFO | Episode 122/250 - Reward: 5.80, Length: 22, Loss: 1.3342
2026-03-17 00:25:22 | INFO | Episode 123/250 - Reward: 7.15, Length: 25, Loss: 1.0968
2026-03-17 00:25:22 | INFO | Episode 124/250 - Reward: -5.15, Length: 40, Loss: -0.3658
2026-03-17 00:25:23 | INFO | Episode 125/250 - Reward: 6.50, Length: 17, Loss: 1.6794
2026-03-17 00:25:24 | INFO | Episode 126/250 - Reward: 9.65, Length: 8, Loss: 1.8455
2026-03-17 00:25:25 | INFO | Episode 127/250 - Reward: 9.65, Length: 8, Loss: 1.5892
2026-03-17 00:25:25 | INFO | Episode 128/250 - Reward: 9.05, Length: 11, Loss: 1.4900
2026-03-17 00:25:26 | INFO | Episode 129/250 - Reward: 6.70, Length: 13, Loss: 1.3873
2026-03-17 00:25:27 | INFO | Episode 130/250 - Reward: 7.70, Length: 8, Loss: 1.7346
2026-03-17 00:25:27 | INFO | Episode 131/250 - Reward: 9.05, Length: 11, Loss: 1.5892
2026-03-17 00:25:28 | INFO | Episode 132/250 - Reward: 7.60, Length: 10, Loss: 1.9338
2026-03-17 00:25:29 | INFO | Episode 133/250 - Reward: 8.75, Length: 14, Loss: 1.8133
2026-03-17 00:25:29 | INFO | Episode 134/250 - Reward: 9.05, Length: 11, Loss: 1.5275
2026-03-17 00:25:30 | INFO | Episode 135/250 - Reward: 4.55, Length: 17, Loss: 1.6006
2026-03-17 00:25:31 | INFO | Episode 136/250 - Reward: 6.15, Length: 27, Loss: 0.9572
2026-03-17 00:25:31 | INFO | Episode 137/250 - Reward: 8.85, Length: 12, Loss: 1.5406
2026-03-17 00:25:32 | INFO | Episode 138/250 - Reward: 8.05, Length: 16, Loss: 1.2796
2026-03-17 00:25:32 | INFO | Episode 139/250 - Reward: 9.25, Length: 10, Loss: 1.4125
2026-03-17 00:25:33 | INFO | Episode 140/250 - Reward: 8.85, Length: 12, Loss: 1.3308
2026-03-17 00:25:33 | INFO | Episode 141/250 - Reward: 3.35, Length: 29, Loss: 0.8649
2026-03-17 00:25:34 | INFO | Episode 142/250 - Reward: -5.45, Length: 40, Loss: -0.2506
2026-03-17 00:25:34 | INFO | Episode 143/250 - Reward: -6.05, Length: 40, Loss: -0.2727
2026-03-17 00:25:35 | INFO | Episode 144/250 - Reward: 8.85, Length: 12, Loss: 1.4124
2026-03-17 00:25:35 | INFO | Episode 145/250 - Reward: 5.00, Length: 29, Loss: 1.0102
2026-03-17 00:25:36 | INFO | Episode 146/250 - Reward: 7.75, Length: 22, Loss: 1.3123
2026-03-17 00:25:36 | INFO | Episode 147/250 - Reward: 8.95, Length: 16, Loss: 1.6355
2026-03-17 00:25:37 | INFO | Episode 148/250 - Reward: 9.45, Length: 9, Loss: 1.3708
2026-03-17 00:25:37 | INFO | Episode 149/250 - Reward: 7.35, Length: 21, Loss: 1.1738
2026-03-17 00:25:38 | INFO | Episode 150/250 - Reward: -7.55, Length: 40, Loss: -0.4683
2026-03-17 00:25:38 | INFO | Episode 150/250 - Avg Reward: 5.18, Avg Length: 20.52, Avg Loss: 1.1632
2026-03-17 00:25:38 | INFO | Episode 151/250 - Reward: 9.05, Length: 11, Loss: 1.4744
2026-03-17 00:25:39 | INFO | Episode 152/250 - Reward: 5.85, Length: 36, Loss: 0.6934
2026-03-17 00:25:39 | INFO | Episode 153/250 - Reward: 7.40, Length: 11, Loss: 1.9329
2026-03-17 00:25:40 | INFO | Episode 154/250 - Reward: -7.70, Length: 40, Loss: -0.1721
2026-03-17 00:25:40 | INFO | Episode 155/250 - Reward: -5.30, Length: 40, Loss: -0.5024
2026-03-17 00:25:41 | INFO | Episode 156/250 - Reward: 5.80, Length: 22, Loss: 1.2659
2026-03-17 00:25:41 | INFO | Episode 157/250 - Reward: 9.15, Length: 12, Loss: 1.5507
2026-03-17 00:25:41 | INFO | Episode 158/250 - Reward: 5.50, Length: 22, Loss: 1.1633
2026-03-17 00:25:42 | INFO | Episode 159/250 - Reward: -6.05, Length: 40, Loss: -0.4655
2026-03-17 00:25:42 | INFO | Episode 160/250 - Reward: 9.25, Length: 10, Loss: 2.3082
2026-03-17 00:25:43 | INFO | Episode 161/250 - Reward: 5.05, Length: 13, Loss: 1.4898
2026-03-17 00:25:43 | INFO | Episode 162/250 - Reward: 8.25, Length: 21, Loss: 1.3730
2026-03-17 00:25:44 | INFO | Episode 163/250 - Reward: 8.85, Length: 12, Loss: 1.6647
2026-03-17 00:25:44 | INFO | Episode 164/250 - Reward: 8.85, Length: 12, Loss: 1.4364
2026-03-17 00:25:45 | INFO | Episode 165/250 - Reward: 9.35, Length: 11, Loss: 1.6798
2026-03-17 00:25:45 | INFO | Episode 166/250 - Reward: 8.75, Length: 14, Loss: 1.7126
2026-03-17 00:25:46 | INFO | Episode 167/250 - Reward: 8.95, Length: 13, Loss: 1.4529
2026-03-17 00:25:47 | INFO | Episode 168/250 - Reward: 8.35, Length: 16, Loss: 1.4713
2026-03-17 00:25:47 | INFO | Episode 169/250 - Reward: 8.15, Length: 17, Loss: 1.2660
2026-03-17 00:25:48 | INFO | Episode 170/250 - Reward: 8.45, Length: 17, Loss: 1.4371
2026-03-17 00:25:48 | INFO | Episode 171/250 - Reward: 9.05, Length: 11, Loss: 1.3236
2026-03-17 00:25:49 | INFO | Episode 172/250 - Reward: 7.95, Length: 18, Loss: 1.6298
2026-03-17 00:25:49 | INFO | Episode 173/250 - Reward: 8.75, Length: 14, Loss: 1.4980
2026-03-17 00:25:50 | INFO | Episode 174/250 - Reward: 9.05, Length: 11, Loss: 1.3077
2026-03-17 00:25:50 | INFO | Episode 175/250 - Reward: 9.05, Length: 11, Loss: 1.8427
2026-03-17 00:25:51 | INFO | Episode 176/250 - Reward: 8.05, Length: 19, Loss: 1.3645
2026-03-17 00:25:51 | INFO | Episode 177/250 - Reward: 8.85, Length: 15, Loss: 1.9366
2026-03-17 00:25:52 | INFO | Episode 178/250 - Reward: 8.15, Length: 17, Loss: 1.2551
2026-03-17 00:25:52 | INFO | Episode 179/250 - Reward: 9.45, Length: 9, Loss: 1.8947
2026-03-17 00:25:53 | INFO | Episode 180/250 - Reward: 8.75, Length: 17, Loss: 1.5632
2026-03-17 00:25:54 | INFO | Episode 181/250 - Reward: 9.05, Length: 11, Loss: 1.4481
2026-03-17 00:25:54 | INFO | Episode 182/250 - Reward: -5.60, Length: 40, Loss: -0.3437
2026-03-17 00:25:55 | INFO | Episode 183/250 - Reward: 6.75, Length: 30, Loss: 0.8940
2026-03-17 00:25:55 | INFO | Episode 184/250 - Reward: 8.25, Length: 18, Loss: 1.3414
2026-03-17 00:25:56 | INFO | Episode 185/250 - Reward: 7.10, Length: 14, Loss: 1.7870
2026-03-17 00:25:56 | INFO | Episode 186/250 - Reward: 6.80, Length: 17, Loss: 1.5916
2026-03-17 00:25:57 | INFO | Episode 187/250 - Reward: 9.45, Length: 9, Loss: 1.7689
2026-03-17 00:25:57 | INFO | Episode 188/250 - Reward: 9.05, Length: 14, Loss: 1.9558
2026-03-17 00:25:58 | INFO | Episode 189/250 - Reward: 2.90, Length: 17, Loss: 1.3703
2026-03-17 00:25:58 | INFO | Episode 190/250 - Reward: 7.65, Length: 18, Loss: 1.2806
2026-03-17 00:25:59 | INFO | Episode 191/250 - Reward: 7.20, Length: 12, Loss: 2.0000
2026-03-17 00:25:59 | INFO | Episode 192/250 - Reward: 8.25, Length: 15, Loss: 1.5204
2026-03-17 00:26:00 | INFO | Episode 193/250 - Reward: 6.65, Length: 26, Loss: 1.0858
2026-03-17 00:26:00 | INFO | Episode 194/250 - Reward: 8.65, Length: 13, Loss: 1.7054
2026-03-17 00:26:01 | INFO | Episode 195/250 - Reward: 9.45, Length: 9, Loss: 1.8840
2026-03-17 00:26:01 | INFO | Episode 196/250 - Reward: 8.15, Length: 17, Loss: 1.3915
2026-03-17 00:26:02 | INFO | Episode 197/250 - Reward: 4.10, Length: 29, Loss: 0.9201
2026-03-17 00:26:02 | INFO | Episode 198/250 - Reward: 3.90, Length: 33, Loss: 0.7478
2026-03-17 00:26:03 | INFO | Episode 199/250 - Reward: 8.45, Length: 17, Loss: 1.3552
2026-03-17 00:26:04 | INFO | Episode 200/250 - Reward: 1.15, Length: 16, Loss: 1.2410
2026-03-17 00:26:04 | INFO | Episode 200/250 - Avg Reward: 6.61, Avg Length: 18.14, Avg Loss: 1.3359
2026-03-17 00:26:04 | INFO | Episode 201/250 - Reward: 9.15, Length: 12, Loss: 1.6176
2026-03-17 00:26:05 | INFO | Episode 202/250 - Reward: -7.40, Length: 40, Loss: -0.3294
2026-03-17 00:26:05 | INFO | Episode 203/250 - Reward: -5.75, Length: 40, Loss: -0.3616
2026-03-17 00:26:06 | INFO | Episode 204/250 - Reward: 9.15, Length: 12, Loss: 1.7124
2026-03-17 00:26:06 | INFO | Episode 205/250 - Reward: 5.65, Length: 31, Loss: 0.5721
2026-03-17 00:26:07 | INFO | Episode 206/250 - Reward: -5.75, Length: 40, Loss: -0.4572
2026-03-17 00:26:07 | INFO | Episode 207/250 - Reward: 4.15, Length: 22, Loss: 1.3719
2026-03-17 00:26:08 | INFO | Episode 208/250 - Reward: 7.65, Length: 18, Loss: 0.9241
2026-03-17 00:26:08 | INFO | Episode 209/250 - Reward: 9.45, Length: 9, Loss: 1.8831
2026-03-17 00:26:09 | INFO | Episode 210/250 - Reward: 6.80, Length: 14, Loss: 1.6339
2026-03-17 00:26:09 | INFO | Episode 211/250 - Reward: 9.05, Length: 11, Loss: 1.4272
2026-03-17 00:26:10 | INFO | Episode 212/250 - Reward: 6.20, Length: 20, Loss: 1.3197
2026-03-17 00:26:11 | INFO | Episode 213/250 - Reward: 9.45, Length: 12, Loss: 1.8836
2026-03-17 00:26:11 | INFO | Episode 214/250 - Reward: 2.45, Length: 32, Loss: 0.5746
2026-03-17 00:26:12 | INFO | Episode 215/250 - Reward: 7.60, Length: 10, Loss: 1.9621
2026-03-17 00:26:12 | INFO | Episode 216/250 - Reward: -6.50, Length: 40, Loss: -0.0808
2026-03-17 00:26:13 | INFO | Episode 217/250 - Reward: 9.25, Length: 10, Loss: 1.4055
2026-03-17 00:26:12 | INFO | Episode 218/250 - Reward: 5.70, Length: 18, Loss: 0.8684
2026-03-17 00:26:13 | INFO | Episode 219/250 - Reward: 7.20, Length: 12, Loss: 1.7611
2026-03-17 00:26:13 | INFO | Episode 220/250 - Reward: 9.05, Length: 11, Loss: 1.9449
2026-03-17 00:26:14 | INFO | Episode 221/250 - Reward: 7.65, Length: 24, Loss: 1.2034
2026-03-17 00:26:14 | INFO | Episode 222/250 - Reward: 8.65, Length: 13, Loss: 1.4599
2026-03-17 00:26:15 | INFO | Episode 223/250 - Reward: -6.65, Length: 40, Loss: -0.2699
2026-03-17 00:26:15 | INFO | Episode 224/250 - Reward: 9.65, Length: 8, Loss: 1.4563
2026-03-17 00:26:16 | INFO | Episode 225/250 - Reward: 8.75, Length: 14, Loss: 1.7830
2026-03-17 00:26:16 | INFO | Episode 226/250 - Reward: 9.25, Length: 10, Loss: 1.2136
2026-03-17 00:26:17 | INFO | Episode 227/250 - Reward: 7.75, Length: 19, Loss: 1.3680
2026-03-17 00:26:18 | INFO | Episode 228/250 - Reward: 6.35, Length: 26, Loss: 0.7863
2026-03-17 00:26:18 | INFO | Episode 229/250 - Reward: -6.35, Length: 40, Loss: -0.3218
2026-03-17 00:26:19 | INFO | Episode 230/250 - Reward: 9.55, Length: 10, Loss: 1.6774
2026-03-17 00:26:19 | INFO | Episode 231/250 - Reward: 8.35, Length: 16, Loss: 1.5093
2026-03-17 00:26:20 | INFO | Episode 232/250 - Reward: 8.15, Length: 17, Loss: 1.5942
2026-03-17 00:26:20 | INFO | Episode 233/250 - Reward: 6.70, Length: 19, Loss: 1.5372
2026-03-17 00:26:21 | INFO | Episode 234/250 - Reward: 5.95, Length: 31, Loss: 0.7889
2026-03-17 00:26:21 | INFO | Episode 235/250 - Reward: 7.20, Length: 12, Loss: 1.6946
2026-03-17 00:26:22 | INFO | Episode 236/250 - Reward: 9.05, Length: 11, Loss: 1.9910
2026-03-17 00:26:22 | INFO | Episode 237/250 - Reward: 5.00, Length: 23, Loss: 0.9365
2026-03-17 00:26:23 | INFO | Episode 238/250 - Reward: 9.05, Length: 11, Loss: 1.2033
2026-03-17 00:26:23 | INFO | Episode 239/250 - Reward: 6.90, Length: 15, Loss: 1.6240
2026-03-17 00:26:24 | INFO | Episode 240/250 - Reward: 9.05, Length: 11, Loss: 1.7722
2026-03-17 00:26:24 | INFO | Episode 241/250 - Reward: 7.55, Length: 23, Loss: 1.3174
2026-03-17 00:26:25 | INFO | Episode 242/250 - Reward: 8.85, Length: 12, Loss: 1.4473
2026-03-17 00:26:25 | INFO | Episode 243/250 - Reward: 5.00, Length: 26, Loss: 0.6730
2026-03-17 00:26:26 | INFO | Episode 244/250 - Reward: 8.45, Length: 14, Loss: 1.4731
2026-03-17 00:26:26 | INFO | Episode 245/250 - Reward: 9.05, Length: 11, Loss: 1.3071
2026-03-17 00:26:27 | INFO | Episode 246/250 - Reward: 8.85, Length: 12, Loss: 1.4435
2026-03-17 00:26:27 | INFO | Episode 247/250 - Reward: 8.95, Length: 13, Loss: 1.3956
2026-03-17 00:26:28 | INFO | Episode 248/250 - Reward: 5.80, Length: 19, Loss: 1.3607
2026-03-17 00:26:29 | INFO | Episode 249/250 - Reward: 8.25, Length: 15, Loss: 0.9818
2026-03-17 00:26:29 | INFO | Episode 250/250 - Reward: 8.65, Length: 13, Loss: 1.2169
2026-03-17 00:26:29 | INFO | Episode 250/250 - Avg Reward: 6.04, Avg Length: 18.84, Avg Loss: 1.1851
