2026-03-17 00:13:26 | INFO | ============================================================
2026-03-17 00:13:26 | INFO | DEVICE / COMPUTE INFORMATION
2026-03-17 00:13:26 | INFO |   JAX backend       : GPU
2026-03-17 00:13:26 | INFO |   Platform          : gpu
2026-03-17 00:13:26 | INFO |   Num devices       : 1
2026-03-17 00:13:26 | INFO |   Device            : cuda:0
2026-03-17 00:13:26 | INFO |   GPU name          : NVIDIA GeForce RTX 5060 Laptop GPU
2026-03-17 00:13:26 | INFO | ============================================================
2026-03-17 00:13:26 | INFO | ✓ JAX GPU backend confirmed.
2026-03-17 00:13:27 | INFO | REINFORCE seed=3_gamma=0.9_lr=0.1
2026-03-17 00:13:30 | INFO | Episode 1/250 - Reward: -5.30, Length: 40, Loss: -0.5902
2026-03-17 00:13:31 | INFO | Episode 2/250 - Reward: -4.70, Length: 40, Loss: -0.5187
2026-03-17 00:13:31 | INFO | Episode 3/250 - Reward: -6.50, Length: 40, Loss: -0.4948
2026-03-17 00:13:32 | INFO | Episode 4/250 - Reward: 3.15, Length: 30, Loss: 0.3436
2026-03-17 00:13:32 | INFO | Episode 5/250 - Reward: 3.55, Length: 25, Loss: 0.4750
2026-03-17 00:13:33 | INFO | Episode 6/250 - Reward: -5.45, Length: 40, Loss: -0.5546
2026-03-17 00:13:33 | INFO | Episode 7/250 - Reward: 5.30, Length: 32, Loss: 0.3638
2026-03-17 00:13:34 | INFO | Episode 8/250 - Reward: -4.10, Length: 40, Loss: -0.5605
2026-03-17 00:13:34 | INFO | Episode 9/250 - Reward: -5.30, Length: 40, Loss: -0.5363
2026-03-17 00:13:35 | INFO | Episode 10/250 - Reward: 5.85, Length: 33, Loss: 0.2797
2026-03-17 00:13:35 | INFO | Episode 11/250 - Reward: -6.35, Length: 40, Loss: -0.6318
2026-03-17 00:13:36 | INFO | Episode 12/250 - Reward: 8.15, Length: 17, Loss: 1.1994
2026-03-17 00:13:36 | INFO | Episode 13/250 - Reward: -6.65, Length: 40, Loss: -0.5534
2026-03-17 00:13:37 | INFO | Episode 14/250 - Reward: -6.20, Length: 40, Loss: -0.4637
2026-03-17 00:13:37 | INFO | Episode 15/250 - Reward: 7.35, Length: 24, Loss: 0.6252
2026-03-17 00:13:38 | INFO | Episode 16/250 - Reward: 8.75, Length: 14, Loss: 1.5049
2026-03-17 00:13:38 | INFO | Episode 17/250 - Reward: 8.15, Length: 17, Loss: 1.0070
2026-03-17 00:13:39 | INFO | Episode 18/250 - Reward: -7.10, Length: 40, Loss: -0.4385
2026-03-17 00:13:39 | INFO | Episode 19/250 - Reward: 5.25, Length: 36, Loss: 0.2286
2026-03-17 00:13:40 | INFO | Episode 20/250 - Reward: 4.75, Length: 16, Loss: 1.0117
2026-03-17 00:13:40 | INFO | Episode 21/250 - Reward: 6.50, Length: 17, Loss: 1.3109
2026-03-17 00:13:41 | INFO | Episode 22/250 - Reward: 5.50, Length: 31, Loss: 0.2888
2026-03-17 00:13:40 | INFO | Episode 23/250 - Reward: 7.75, Length: 25, Loss: 0.7378
2026-03-17 00:13:41 | INFO | Episode 24/250 - Reward: 4.60, Length: 25, Loss: 0.5696
2026-03-17 00:13:41 | INFO | Episode 25/250 - Reward: 8.85, Length: 12, Loss: 1.8624
2026-03-17 00:13:42 | INFO | Episode 26/250 - Reward: 8.95, Length: 13, Loss: 1.6350
2026-03-17 00:13:42 | INFO | Episode 27/250 - Reward: 5.80, Length: 19, Loss: 0.4969
2026-03-17 00:13:43 | INFO | Episode 28/250 - Reward: -6.95, Length: 40, Loss: -0.6009
2026-03-17 00:13:43 | INFO | Episode 29/250 - Reward: 7.75, Length: 22, Loss: 0.6570
2026-03-17 00:13:44 | INFO | Episode 30/250 - Reward: -6.35, Length: 40, Loss: -0.3593
2026-03-17 00:13:44 | INFO | Episode 31/250 - Reward: 7.50, Length: 9, Loss: 1.8757
2026-03-17 00:13:45 | INFO | Episode 32/250 - Reward: 7.65, Length: 18, Loss: 0.5874
2026-03-17 00:13:45 | INFO | Episode 33/250 - Reward: 8.05, Length: 19, Loss: 1.0722
2026-03-17 00:13:46 | INFO | Episode 34/250 - Reward: 6.30, Length: 15, Loss: 0.7367
2026-03-17 00:13:46 | INFO | Episode 35/250 - Reward: -7.25, Length: 40, Loss: -0.2320
2026-03-17 00:13:47 | INFO | Episode 36/250 - Reward: 9.45, Length: 9, Loss: 1.9827
2026-03-17 00:13:47 | INFO | Episode 37/250 - Reward: -6.35, Length: 40, Loss: -0.1794
2026-03-17 00:13:48 | INFO | Episode 38/250 - Reward: 8.05, Length: 25, Loss: 0.6243
2026-03-17 00:13:48 | INFO | Episode 39/250 - Reward: 5.65, Length: 31, Loss: 0.2670
2026-03-17 00:13:49 | INFO | Episode 40/250 - Reward: 8.35, Length: 16, Loss: 1.0312
2026-03-17 00:13:49 | INFO | Episode 41/250 - Reward: -5.00, Length: 40, Loss: -0.2841
2026-03-17 00:13:50 | INFO | Episode 42/250 - Reward: 8.35, Length: 19, Loss: 0.9394
2026-03-17 00:13:51 | INFO | Episode 43/250 - Reward: 6.35, Length: 26, Loss: 0.2288
2026-03-17 00:13:51 | INFO | Episode 44/250 - Reward: 9.15, Length: 12, Loss: 1.3497
2026-03-17 00:13:52 | INFO | Episode 45/250 - Reward: 9.05, Length: 11, Loss: 1.1921
2026-03-17 00:13:52 | INFO | Episode 46/250 - Reward: 9.05, Length: 11, Loss: 1.3967
2026-03-17 00:13:53 | INFO | Episode 47/250 - Reward: -5.75, Length: 40, Loss: -0.1779
2026-03-17 00:13:54 | INFO | Episode 48/250 - Reward: 7.05, Length: 27, Loss: 0.2953
2026-03-17 00:13:54 | INFO | Episode 49/250 - Reward: 9.25, Length: 10, Loss: 1.1606
2026-03-17 00:13:55 | INFO | Episode 50/250 - Reward: -6.95, Length: 40, Loss: -0.4837
2026-03-17 00:13:55 | INFO | Episode 50/250 - Avg Reward: 2.66, Avg Length: 26.92, Avg Loss: 0.4335
2026-03-17 00:13:56 | INFO | Episode 51/250 - Reward: 6.00, Length: 21, Loss: 1.0373
2026-03-17 00:13:56 | INFO | Episode 52/250 - Reward: 6.55, Length: 25, Loss: 0.3767
2026-03-17 00:13:57 | INFO | Episode 53/250 - Reward: 6.45, Length: 27, Loss: 0.2367
2026-03-17 00:13:58 | INFO | Episode 54/250 - Reward: 9.45, Length: 9, Loss: 0.9310
2026-03-17 00:13:59 | INFO | Episode 55/250 - Reward: 7.85, Length: 20, Loss: 0.8883
2026-03-17 00:13:59 | INFO | Episode 56/250 - Reward: 9.45, Length: 9, Loss: 1.0122
2026-03-17 00:14:00 | INFO | Episode 57/250 - Reward: 7.05, Length: 21, Loss: 0.4322
2026-03-17 00:14:00 | INFO | Episode 58/250 - Reward: 9.15, Length: 12, Loss: 1.0117
2026-03-17 00:14:01 | INFO | Episode 59/250 - Reward: 9.35, Length: 11, Loss: 1.4518
2026-03-17 00:14:02 | INFO | Episode 60/250 - Reward: -7.25, Length: 40, Loss: -0.2178
2026-03-17 00:14:02 | INFO | Episode 61/250 - Reward: -6.95, Length: 40, Loss: -0.0147
2026-03-17 00:14:03 | INFO | Episode 62/250 - Reward: 8.15, Length: 17, Loss: 0.7696
2026-03-17 00:14:04 | INFO | Episode 63/250 - Reward: 9.45, Length: 9, Loss: 0.8118
2026-03-17 00:14:04 | INFO | Episode 64/250 - Reward: 9.35, Length: 11, Loss: 1.2571
2026-03-17 00:14:05 | INFO | Episode 65/250 - Reward: 9.05, Length: 11, Loss: 1.0353
2026-03-17 00:14:06 | INFO | Episode 66/250 - Reward: 9.65, Length: 8, Loss: 0.5463
2026-03-17 00:14:06 | INFO | Episode 67/250 - Reward: 9.65, Length: 8, Loss: 0.4679
2026-03-17 00:14:07 | INFO | Episode 68/250 - Reward: 9.65, Length: 8, Loss: 0.4086
2026-03-17 00:14:08 | INFO | Episode 69/250 - Reward: 8.65, Length: 13, Loss: 0.8798
2026-03-17 00:14:08 | INFO | Episode 70/250 - Reward: 9.45, Length: 9, Loss: 0.6890
2026-03-17 00:14:09 | INFO | Episode 71/250 - Reward: 9.65, Length: 8, Loss: 0.3504
2026-03-17 00:14:10 | INFO | Episode 72/250 - Reward: 9.25, Length: 10, Loss: 1.0382
2026-03-17 00:14:10 | INFO | Episode 73/250 - Reward: 8.55, Length: 18, Loss: 0.7790
2026-03-17 00:14:11 | INFO | Episode 74/250 - Reward: 8.95, Length: 13, Loss: 0.8444
2026-03-17 00:14:11 | INFO | Episode 75/250 - Reward: -7.10, Length: 40, Loss: -0.2407
2026-03-17 00:14:12 | INFO | Episode 76/250 - Reward: 9.25, Length: 10, Loss: 1.0039
2026-03-17 00:14:12 | INFO | Episode 77/250 - Reward: 9.45, Length: 9, Loss: 0.6649
2026-03-17 00:14:12 | INFO | Episode 78/250 - Reward: 9.65, Length: 8, Loss: 0.3247
2026-03-17 00:14:13 | INFO | Episode 79/250 - Reward: 9.25, Length: 10, Loss: 0.7028
2026-03-17 00:14:14 | INFO | Episode 80/250 - Reward: 9.55, Length: 10, Loss: 0.7396
2026-03-17 00:14:14 | INFO | Episode 81/250 - Reward: 9.25, Length: 10, Loss: 0.6312
2026-03-17 00:14:15 | INFO | Episode 82/250 - Reward: 9.65, Length: 8, Loss: 0.2972
2026-03-17 00:14:16 | INFO | Episode 83/250 - Reward: 9.45, Length: 9, Loss: 0.4508
2026-03-17 00:14:16 | INFO | Episode 84/250 - Reward: 9.05, Length: 11, Loss: 0.8791
2026-03-17 00:14:17 | INFO | Episode 85/250 - Reward: -7.55, Length: 40, Loss: -0.3245
2026-03-17 00:14:18 | INFO | Episode 86/250 - Reward: 9.65, Length: 8, Loss: 0.2577
2026-03-17 00:14:18 | INFO | Episode 87/250 - Reward: 9.25, Length: 10, Loss: 0.5662
2026-03-17 00:14:19 | INFO | Episode 88/250 - Reward: 7.75, Length: 19, Loss: 0.4717
2026-03-17 00:14:19 | INFO | Episode 89/250 - Reward: 9.65, Length: 8, Loss: 0.2525
2026-03-17 00:14:20 | INFO | Episode 90/250 - Reward: 9.05, Length: 11, Loss: 1.0025
2026-03-17 00:14:21 | INFO | Episode 91/250 - Reward: 9.65, Length: 8, Loss: 0.2501
2026-03-17 00:14:21 | INFO | Episode 92/250 - Reward: 9.45, Length: 9, Loss: 0.6985
2026-03-17 00:14:22 | INFO | Episode 93/250 - Reward: 9.65, Length: 8, Loss: 0.2094
2026-03-17 00:14:23 | INFO | Episode 94/250 - Reward: 9.65, Length: 8, Loss: 0.1892
2026-03-17 00:14:23 | INFO | Episode 95/250 - Reward: 9.65, Length: 8, Loss: 0.1734
2026-03-17 00:14:24 | INFO | Episode 96/250 - Reward: 9.45, Length: 9, Loss: 0.5965
2026-03-17 00:14:24 | INFO | Episode 97/250 - Reward: 9.65, Length: 8, Loss: 0.1593
2026-03-17 00:14:25 | INFO | Episode 98/250 - Reward: 9.45, Length: 9, Loss: 0.5427
2026-03-17 00:14:26 | INFO | Episode 99/250 - Reward: 9.45, Length: 9, Loss: 0.5659
2026-03-17 00:14:26 | INFO | Episode 100/250 - Reward: 9.25, Length: 10, Loss: 0.9644
2026-03-17 00:14:26 | INFO | Episode 100/250 - Avg Reward: 7.74, Avg Length: 13.70, Avg Loss: 0.5810
2026-03-17 00:14:27 | INFO | Episode 101/250 - Reward: 9.65, Length: 8, Loss: 0.1656
2026-03-17 00:14:28 | INFO | Episode 102/250 - Reward: 9.45, Length: 9, Loss: 0.5289
2026-03-17 00:14:28 | INFO | Episode 103/250 - Reward: 9.45, Length: 9, Loss: 0.8007
2026-03-17 00:14:29 | INFO | Episode 104/250 - Reward: 9.25, Length: 10, Loss: 0.8737
2026-03-17 00:14:30 | INFO | Episode 105/250 - Reward: 9.65, Length: 8, Loss: 0.1822
2026-03-17 00:14:30 | INFO | Episode 106/250 - Reward: 9.55, Length: 10, Loss: 0.6784
2026-03-17 00:14:31 | INFO | Episode 107/250 - Reward: 9.65, Length: 8, Loss: 0.1675
2026-03-17 00:14:32 | INFO | Episode 108/250 - Reward: 9.65, Length: 8, Loss: 0.1552
2026-03-17 00:14:32 | INFO | Episode 109/250 - Reward: 9.65, Length: 8, Loss: 0.1447
2026-03-17 00:14:33 | INFO | Episode 110/250 - Reward: 9.45, Length: 9, Loss: 0.5707
2026-03-17 00:14:33 | INFO | Episode 111/250 - Reward: 9.65, Length: 8, Loss: 0.1394
2026-03-17 00:14:34 | INFO | Episode 112/250 - Reward: 9.25, Length: 10, Loss: 0.7777
2026-03-17 00:14:35 | INFO | Episode 113/250 - Reward: 9.45, Length: 9, Loss: 1.7508
2026-03-17 00:14:35 | INFO | Episode 114/250 - Reward: 9.05, Length: 11, Loss: 0.8927
2026-03-17 00:14:36 | INFO | Episode 115/250 - Reward: 9.65, Length: 8, Loss: 0.2158
2026-03-17 00:14:37 | INFO | Episode 116/250 - Reward: 9.25, Length: 10, Loss: 0.8657
2026-03-17 00:14:37 | INFO | Episode 117/250 - Reward: 9.65, Length: 8, Loss: 0.2021
2026-03-17 00:14:38 | INFO | Episode 118/250 - Reward: 9.25, Length: 10, Loss: 0.6476
2026-03-17 00:14:39 | INFO | Episode 119/250 - Reward: 9.65, Length: 8, Loss: 0.2081
2026-03-17 00:14:39 | INFO | Episode 120/250 - Reward: 9.65, Length: 8, Loss: 0.1803
2026-03-17 00:14:40 | INFO | Episode 121/250 - Reward: 9.65, Length: 8, Loss: 0.1606
2026-03-17 00:14:41 | INFO | Episode 122/250 - Reward: 9.65, Length: 8, Loss: 0.1458
2026-03-17 00:14:41 | INFO | Episode 123/250 - Reward: 9.65, Length: 8, Loss: 0.1341
2026-03-17 00:14:42 | INFO | Episode 124/250 - Reward: 9.45, Length: 9, Loss: 0.8118
2026-03-17 00:14:42 | INFO | Episode 125/250 - Reward: 9.05, Length: 14, Loss: 1.0174
2026-03-17 00:14:43 | INFO | Episode 126/250 - Reward: 9.65, Length: 8, Loss: 0.1538
2026-03-17 00:14:43 | INFO | Episode 127/250 - Reward: 9.45, Length: 9, Loss: 0.4684
2026-03-17 00:14:43 | INFO | Episode 128/250 - Reward: 9.65, Length: 8, Loss: 0.1523
2026-03-17 00:14:44 | INFO | Episode 129/250 - Reward: 9.65, Length: 8, Loss: 0.1362
2026-03-17 00:14:45 | INFO | Episode 130/250 - Reward: 9.65, Length: 8, Loss: 0.1240
2026-03-17 00:14:45 | INFO | Episode 131/250 - Reward: 9.65, Length: 8, Loss: 0.1142
2026-03-17 00:14:46 | INFO | Episode 132/250 - Reward: 9.65, Length: 8, Loss: 0.1063
2026-03-17 00:14:47 | INFO | Episode 133/250 - Reward: 9.65, Length: 8, Loss: 0.0996
2026-03-17 00:14:47 | INFO | Episode 134/250 - Reward: 9.65, Length: 8, Loss: 0.0939
2026-03-17 00:14:48 | INFO | Episode 135/250 - Reward: 9.55, Length: 10, Loss: 0.7746
2026-03-17 00:14:49 | INFO | Episode 136/250 - Reward: 9.65, Length: 8, Loss: 0.0917
2026-03-17 00:14:49 | INFO | Episode 137/250 - Reward: 9.65, Length: 8, Loss: 0.0873
2026-03-17 00:14:50 | INFO | Episode 138/250 - Reward: 9.65, Length: 8, Loss: 0.0832
2026-03-17 00:14:50 | INFO | Episode 139/250 - Reward: 9.65, Length: 8, Loss: 0.0795
2026-03-17 00:14:51 | INFO | Episode 140/250 - Reward: 9.65, Length: 8, Loss: 0.0760
2026-03-17 00:14:52 | INFO | Episode 141/250 - Reward: 9.65, Length: 8, Loss: 0.0728
2026-03-17 00:14:52 | INFO | Episode 142/250 - Reward: 9.65, Length: 8, Loss: 0.0699
2026-03-17 00:14:53 | INFO | Episode 143/250 - Reward: 9.65, Length: 8, Loss: 0.0671
2026-03-17 00:14:54 | INFO | Episode 144/250 - Reward: 9.65, Length: 8, Loss: 0.0645
2026-03-17 00:14:54 | INFO | Episode 145/250 - Reward: 9.65, Length: 8, Loss: 0.0621
2026-03-17 00:14:55 | INFO | Episode 146/250 - Reward: 9.45, Length: 9, Loss: 0.8853
2026-03-17 00:14:55 | INFO | Episode 147/250 - Reward: 9.65, Length: 8, Loss: 0.0670
2026-03-17 00:14:56 | INFO | Episode 148/250 - Reward: 9.45, Length: 9, Loss: 0.5819
2026-03-17 00:14:57 | INFO | Episode 149/250 - Reward: 9.65, Length: 8, Loss: 0.0784
2026-03-17 00:14:57 | INFO | Episode 150/250 - Reward: 9.45, Length: 9, Loss: 0.5196
2026-03-17 00:14:57 | INFO | Episode 150/250 - Avg Reward: 9.55, Avg Length: 8.60, Avg Loss: 0.3505
2026-03-17 00:14:58 | INFO | Episode 151/250 - Reward: 9.65, Length: 8, Loss: 0.0917
2026-03-17 00:14:59 | INFO | Episode 152/250 - Reward: 9.25, Length: 10, Loss: 0.9727
2026-03-17 00:14:59 | INFO | Episode 153/250 - Reward: 9.65, Length: 8, Loss: 0.0997
2026-03-17 00:15:00 | INFO | Episode 154/250 - Reward: 9.45, Length: 9, Loss: 0.7896
2026-03-17 00:15:01 | INFO | Episode 155/250 - Reward: 9.45, Length: 9, Loss: 0.4630
2026-03-17 00:15:01 | INFO | Episode 156/250 - Reward: 9.65, Length: 8, Loss: 0.1198
2026-03-17 00:15:02 | INFO | Episode 157/250 - Reward: 9.25, Length: 10, Loss: 1.5383
2026-03-17 00:15:03 | INFO | Episode 158/250 - Reward: 9.65, Length: 8, Loss: 0.1458
2026-03-17 00:15:03 | INFO | Episode 159/250 - Reward: 9.05, Length: 11, Loss: 1.1326
2026-03-17 00:15:04 | INFO | Episode 160/250 - Reward: 9.45, Length: 9, Loss: 0.4223
2026-03-17 00:15:04 | INFO | Episode 161/250 - Reward: 9.65, Length: 8, Loss: 0.1702
2026-03-17 00:15:05 | INFO | Episode 162/250 - Reward: 9.65, Length: 8, Loss: 0.1409
2026-03-17 00:15:06 | INFO | Episode 163/250 - Reward: 9.65, Length: 8, Loss: 0.1208
2026-03-17 00:15:06 | INFO | Episode 164/250 - Reward: 9.65, Length: 8, Loss: 0.1063
2026-03-17 00:15:07 | INFO | Episode 165/250 - Reward: 9.45, Length: 9, Loss: 0.4792
2026-03-17 00:15:08 | INFO | Episode 166/250 - Reward: 9.25, Length: 10, Loss: 0.6418
2026-03-17 00:15:08 | INFO | Episode 167/250 - Reward: 9.65, Length: 8, Loss: 0.1638
2026-03-17 00:15:09 | INFO | Episode 168/250 - Reward: 9.65, Length: 8, Loss: 0.1335
2026-03-17 00:15:10 | INFO | Episode 169/250 - Reward: 9.65, Length: 8, Loss: 0.1132
2026-03-17 00:15:10 | INFO | Episode 170/250 - Reward: 9.45, Length: 9, Loss: 0.4513
2026-03-17 00:15:11 | INFO | Episode 171/250 - Reward: 9.45, Length: 9, Loss: 0.4175
2026-03-17 00:15:12 | INFO | Episode 172/250 - Reward: 9.25, Length: 10, Loss: 1.1020
2026-03-17 00:15:12 | INFO | Episode 173/250 - Reward: 9.65, Length: 8, Loss: 0.2440
2026-03-17 00:15:13 | INFO | Episode 174/250 - Reward: 9.65, Length: 8, Loss: 0.1766
2026-03-17 00:15:13 | INFO | Episode 175/250 - Reward: 9.65, Length: 8, Loss: 0.1389
2026-03-17 00:15:14 | INFO | Episode 176/250 - Reward: 9.65, Length: 8, Loss: 0.1151
2026-03-17 00:15:15 | INFO | Episode 177/250 - Reward: 9.65, Length: 8, Loss: 0.0989
2026-03-17 00:15:14 | INFO | Episode 178/250 - Reward: 9.45, Length: 9, Loss: 0.7634
2026-03-17 00:15:15 | INFO | Episode 179/250 - Reward: 9.45, Length: 9, Loss: 0.5402
2026-03-17 00:15:16 | INFO | Episode 180/250 - Reward: 9.65, Length: 8, Loss: 0.0881
2026-03-17 00:15:16 | INFO | Episode 181/250 - Reward: 9.65, Length: 8, Loss: 0.0812
2026-03-17 00:15:17 | INFO | Episode 182/250 - Reward: 9.65, Length: 8, Loss: 0.0757
2026-03-17 00:15:18 | INFO | Episode 183/250 - Reward: 9.65, Length: 8, Loss: 0.0712
2026-03-17 00:15:18 | INFO | Episode 184/250 - Reward: 9.65, Length: 8, Loss: 0.0674
2026-03-17 00:15:19 | INFO | Episode 185/250 - Reward: 9.65, Length: 8, Loss: 0.0640
2026-03-17 00:15:20 | INFO | Episode 186/250 - Reward: 9.65, Length: 8, Loss: 0.0611
2026-03-17 00:15:20 | INFO | Episode 187/250 - Reward: 9.65, Length: 8, Loss: 0.0585
2026-03-17 00:15:21 | INFO | Episode 188/250 - Reward: 9.65, Length: 8, Loss: 0.0562
2026-03-17 00:15:21 | INFO | Episode 189/250 - Reward: 9.65, Length: 8, Loss: 0.0541
2026-03-17 00:15:22 | INFO | Episode 190/250 - Reward: 9.65, Length: 8, Loss: 0.0521
2026-03-17 00:15:23 | INFO | Episode 191/250 - Reward: 9.45, Length: 9, Loss: 0.7994
2026-03-17 00:15:23 | INFO | Episode 192/250 - Reward: 9.45, Length: 9, Loss: 0.7292
2026-03-17 00:15:24 | INFO | Episode 193/250 - Reward: 9.65, Length: 8, Loss: 0.0598
2026-03-17 00:15:24 | INFO | Episode 194/250 - Reward: 9.65, Length: 8, Loss: 0.0574
2026-03-17 00:15:25 | INFO | Episode 195/250 - Reward: 9.65, Length: 8, Loss: 0.0551
2026-03-17 00:15:25 | INFO | Episode 196/250 - Reward: 9.35, Length: 11, Loss: 1.0366
2026-03-17 00:15:26 | INFO | Episode 197/250 - Reward: 9.05, Length: 11, Loss: 0.9156
2026-03-17 00:15:26 | INFO | Episode 198/250 - Reward: 9.25, Length: 10, Loss: 0.4420
2026-03-17 00:15:27 | INFO | Episode 199/250 - Reward: 9.45, Length: 9, Loss: 0.3122
2026-03-17 00:15:27 | INFO | Episode 200/250 - Reward: 9.25, Length: 10, Loss: 1.0006
2026-03-17 00:15:27 | INFO | Episode 200/250 - Avg Reward: 9.53, Avg Length: 8.64, Avg Loss: 0.3606
2026-03-17 00:15:28 | INFO | Episode 201/250 - Reward: 9.65, Length: 8, Loss: 0.1485
2026-03-17 00:15:28 | INFO | Episode 202/250 - Reward: 9.65, Length: 8, Loss: 0.1145
2026-03-17 00:15:28 | INFO | Episode 203/250 - Reward: 9.65, Length: 8, Loss: 0.0953
2026-03-17 00:15:29 | INFO | Episode 204/250 - Reward: 9.65, Length: 8, Loss: 0.0833
2026-03-17 00:15:30 | INFO | Episode 205/250 - Reward: 9.65, Length: 8, Loss: 0.0750
2026-03-17 00:15:30 | INFO | Episode 206/250 - Reward: 9.65, Length: 8, Loss: 0.0690
2026-03-17 00:15:31 | INFO | Episode 207/250 - Reward: 9.65, Length: 8, Loss: 0.0644
2026-03-17 00:15:31 | INFO | Episode 208/250 - Reward: 9.65, Length: 8, Loss: 0.0606
2026-03-17 00:15:32 | INFO | Episode 209/250 - Reward: 9.45, Length: 9, Loss: 0.4844
2026-03-17 00:15:32 | INFO | Episode 210/250 - Reward: 9.45, Length: 9, Loss: 0.3840
2026-03-17 00:15:33 | INFO | Episode 211/250 - Reward: 9.65, Length: 8, Loss: 0.1093
2026-03-17 00:15:33 | INFO | Episode 212/250 - Reward: 9.65, Length: 8, Loss: 0.0877
2026-03-17 00:15:34 | INFO | Episode 213/250 - Reward: 9.65, Length: 8, Loss: 0.0749
2026-03-17 00:15:34 | INFO | Episode 214/250 - Reward: 9.65, Length: 8, Loss: 0.0664
2026-03-17 00:15:35 | INFO | Episode 215/250 - Reward: 9.45, Length: 9, Loss: 1.0177
2026-03-17 00:15:35 | INFO | Episode 216/250 - Reward: 9.45, Length: 9, Loss: 0.4977
2026-03-17 00:15:36 | INFO | Episode 217/250 - Reward: 9.65, Length: 8, Loss: 0.0773
2026-03-17 00:15:36 | INFO | Episode 218/250 - Reward: 9.45, Length: 9, Loss: 0.7485
2026-03-17 00:15:37 | INFO | Episode 219/250 - Reward: 9.65, Length: 8, Loss: 0.0638
2026-03-17 00:15:37 | INFO | Episode 220/250 - Reward: 9.65, Length: 8, Loss: 0.0614
2026-03-17 00:15:38 | INFO | Episode 221/250 - Reward: 9.65, Length: 8, Loss: 0.0591
2026-03-17 00:15:38 | INFO | Episode 222/250 - Reward: 9.65, Length: 8, Loss: 0.0570
2026-03-17 00:15:39 | INFO | Episode 223/250 - Reward: 9.65, Length: 8, Loss: 0.0551
2026-03-17 00:15:39 | INFO | Episode 224/250 - Reward: 9.65, Length: 8, Loss: 0.0532
2026-03-17 00:15:40 | INFO | Episode 225/250 - Reward: 9.55, Length: 10, Loss: 0.8779
2026-03-17 00:15:40 | INFO | Episode 226/250 - Reward: 9.65, Length: 8, Loss: 0.0555
2026-03-17 00:15:41 | INFO | Episode 227/250 - Reward: 9.65, Length: 8, Loss: 0.0535
2026-03-17 00:15:41 | INFO | Episode 228/250 - Reward: 9.65, Length: 8, Loss: 0.0517
2026-03-17 00:15:42 | INFO | Episode 229/250 - Reward: 9.65, Length: 8, Loss: 0.0500
2026-03-17 00:15:42 | INFO | Episode 230/250 - Reward: 9.65, Length: 8, Loss: 0.0483
2026-03-17 00:15:42 | INFO | Episode 231/250 - Reward: 9.65, Length: 8, Loss: 0.0468
2026-03-17 00:15:43 | INFO | Episode 232/250 - Reward: 9.55, Length: 10, Loss: 0.7427
2026-03-17 00:15:43 | INFO | Episode 233/250 - Reward: 9.65, Length: 8, Loss: 0.0487
2026-03-17 00:15:44 | INFO | Episode 234/250 - Reward: 9.65, Length: 8, Loss: 0.0470
2026-03-17 00:15:44 | INFO | Episode 235/250 - Reward: 9.65, Length: 8, Loss: 0.0454
2026-03-17 00:15:45 | INFO | Episode 236/250 - Reward: 9.65, Length: 8, Loss: 0.0440
2026-03-17 00:15:45 | INFO | Episode 237/250 - Reward: 9.65, Length: 8, Loss: 0.0426
2026-03-17 00:15:46 | INFO | Episode 238/250 - Reward: 9.65, Length: 8, Loss: 0.0413
2026-03-17 00:15:45 | INFO | Episode 239/250 - Reward: 9.65, Length: 8, Loss: 0.0401
2026-03-17 00:15:46 | INFO | Episode 240/250 - Reward: 9.65, Length: 8, Loss: 0.0390
2026-03-17 00:15:46 | INFO | Episode 241/250 - Reward: 9.65, Length: 8, Loss: 0.0379
2026-03-17 00:15:47 | INFO | Episode 242/250 - Reward: 9.65, Length: 8, Loss: 0.0368
2026-03-17 00:15:47 | INFO | Episode 243/250 - Reward: 9.65, Length: 8, Loss: 0.0359
2026-03-17 00:15:48 | INFO | Episode 244/250 - Reward: 9.65, Length: 8, Loss: 0.0349
2026-03-17 00:15:48 | INFO | Episode 245/250 - Reward: 9.65, Length: 8, Loss: 0.0340
2026-03-17 00:15:49 | INFO | Episode 246/250 - Reward: 9.65, Length: 8, Loss: 0.0332
2026-03-17 00:15:49 | INFO | Episode 247/250 - Reward: 9.65, Length: 8, Loss: 0.0324
2026-03-17 00:15:50 | INFO | Episode 248/250 - Reward: 9.65, Length: 8, Loss: 0.0316
2026-03-17 00:15:50 | INFO | Episode 249/250 - Reward: 9.65, Length: 8, Loss: 0.0308
2026-03-17 00:15:51 | INFO | Episode 250/250 - Reward: 9.65, Length: 8, Loss: 0.0301
2026-03-17 00:15:51 | INFO | Episode 250/250 - Avg Reward: 9.63, Avg Length: 8.18, Avg Loss: 0.1444
