2026-03-17 00:18:36 | INFO | ============================================================
2026-03-17 00:18:36 | INFO | DEVICE / COMPUTE INFORMATION
2026-03-17 00:18:36 | INFO |   JAX backend       : GPU
2026-03-17 00:18:36 | INFO |   Platform          : gpu
2026-03-17 00:18:36 | INFO |   Num devices       : 1
2026-03-17 00:18:36 | INFO |   Device            : cuda:0
2026-03-17 00:18:36 | INFO |   GPU name          : NVIDIA GeForce RTX 5060 Laptop GPU
2026-03-17 00:18:36 | INFO | ============================================================
2026-03-17 00:18:36 | INFO | ✓ JAX GPU backend confirmed.
2026-03-17 00:18:37 | INFO | REINFORCE seed=3_gamma=0.9_lr=0.001
2026-03-17 00:18:41 | INFO | Episode 1/250 - Reward: -5.30, Length: 40, Loss: -0.5902
2026-03-17 00:18:41 | INFO | Episode 2/250 - Reward: -5.30, Length: 40, Loss: -0.5681
2026-03-17 00:18:42 | INFO | Episode 3/250 - Reward: -6.50, Length: 40, Loss: -0.4906
2026-03-17 00:18:42 | INFO | Episode 4/250 - Reward: 3.15, Length: 30, Loss: 0.3390
2026-03-17 00:18:42 | INFO | Episode 5/250 - Reward: 6.20, Length: 20, Loss: 1.0517
2026-03-17 00:18:43 | INFO | Episode 6/250 - Reward: -8.90, Length: 40, Loss: -0.6076
2026-03-17 00:18:43 | INFO | Episode 7/250 - Reward: 5.30, Length: 32, Loss: 0.4044
2026-03-17 00:18:44 | INFO | Episode 8/250 - Reward: -4.70, Length: 40, Loss: -0.5695
2026-03-17 00:18:44 | INFO | Episode 9/250 - Reward: -5.00, Length: 40, Loss: -0.6311
2026-03-17 00:18:45 | INFO | Episode 10/250 - Reward: -5.45, Length: 40, Loss: -0.5689
2026-03-17 00:18:45 | INFO | Episode 11/250 - Reward: 6.35, Length: 35, Loss: 0.2687
2026-03-17 00:18:46 | INFO | Episode 12/250 - Reward: 4.90, Length: 28, Loss: 0.4874
2026-03-17 00:18:46 | INFO | Episode 13/250 - Reward: 6.35, Length: 35, Loss: 0.2912
2026-03-17 00:18:47 | INFO | Episode 14/250 - Reward: -5.90, Length: 40, Loss: -0.5977
2026-03-17 00:18:47 | INFO | Episode 15/250 - Reward: -5.60, Length: 40, Loss: -0.5478
2026-03-17 00:18:48 | INFO | Episode 16/250 - Reward: 6.20, Length: 20, Loss: 0.9266
2026-03-17 00:18:48 | INFO | Episode 17/250 - Reward: -4.40, Length: 40, Loss: -0.5374
2026-03-17 00:18:49 | INFO | Episode 18/250 - Reward: 6.20, Length: 20, Loss: 1.0480
2026-03-17 00:18:49 | INFO | Episode 19/250 - Reward: -4.85, Length: 40, Loss: -0.5965
2026-03-17 00:18:50 | INFO | Episode 20/250 - Reward: -5.45, Length: 40, Loss: -0.6036
2026-03-17 00:18:50 | INFO | Episode 21/250 - Reward: -5.90, Length: 40, Loss: -0.4899
2026-03-17 00:18:51 | INFO | Episode 22/250 - Reward: -4.10, Length: 40, Loss: -0.6305
2026-03-17 00:18:51 | INFO | Episode 23/250 - Reward: -4.40, Length: 40, Loss: -0.4964
2026-03-17 00:18:52 | INFO | Episode 24/250 - Reward: -4.85, Length: 40, Loss: -0.5520
2026-03-17 00:18:52 | INFO | Episode 25/250 - Reward: -4.85, Length: 40, Loss: -0.5945
2026-03-17 00:18:53 | INFO | Episode 26/250 - Reward: -4.70, Length: 40, Loss: -0.5814
2026-03-17 00:18:53 | INFO | Episode 27/250 - Reward: 4.15, Length: 25, Loss: 0.5785
2026-03-17 00:18:54 | INFO | Episode 28/250 - Reward: -4.55, Length: 40, Loss: -0.5303
2026-03-17 00:18:53 | INFO | Episode 29/250 - Reward: -7.40, Length: 40, Loss: -0.4522
2026-03-17 00:18:54 | INFO | Episode 30/250 - Reward: -5.45, Length: 40, Loss: -0.5457
2026-03-17 00:18:54 | INFO | Episode 31/250 - Reward: 7.45, Length: 28, Loss: 0.5991
2026-03-17 00:18:55 | INFO | Episode 32/250 - Reward: -3.35, Length: 40, Loss: -0.5236
2026-03-17 00:18:55 | INFO | Episode 33/250 - Reward: 1.60, Length: 34, Loss: 0.1060
2026-03-17 00:18:56 | INFO | Episode 34/250 - Reward: -4.10, Length: 40, Loss: -0.6166
2026-03-17 00:18:56 | INFO | Episode 35/250 - Reward: -3.90, Length: 39, Loss: -0.0507
2026-03-17 00:18:57 | INFO | Episode 36/250 - Reward: -5.30, Length: 40, Loss: -0.5513
2026-03-17 00:18:58 | INFO | Episode 37/250 - Reward: -5.30, Length: 40, Loss: -0.6065
2026-03-17 00:18:59 | INFO | Episode 38/250 - Reward: -5.15, Length: 40, Loss: -0.5048
2026-03-17 00:18:59 | INFO | Episode 39/250 - Reward: 5.95, Length: 40, Loss: 0.1941
2026-03-17 00:19:00 | INFO | Episode 40/250 - Reward: -5.90, Length: 40, Loss: -0.4977
2026-03-17 00:19:01 | INFO | Episode 41/250 - Reward: -4.25, Length: 40, Loss: -0.6086
2026-03-17 00:19:01 | INFO | Episode 42/250 - Reward: -4.25, Length: 40, Loss: -0.5250
2026-03-17 00:19:02 | INFO | Episode 43/250 - Reward: 1.50, Length: 33, Loss: 0.1412
2026-03-17 00:19:03 | INFO | Episode 44/250 - Reward: 6.05, Length: 32, Loss: 0.4268
2026-03-17 00:19:03 | INFO | Episode 45/250 - Reward: -4.55, Length: 40, Loss: -0.5748
2026-03-17 00:19:04 | INFO | Episode 46/250 - Reward: 4.80, Length: 33, Loss: 0.2163
2026-03-17 00:19:05 | INFO | Episode 47/250 - Reward: -5.30, Length: 40, Loss: -0.4323
2026-03-17 00:19:05 | INFO | Episode 48/250 - Reward: -5.00, Length: 40, Loss: -0.5951
2026-03-17 00:19:06 | INFO | Episode 49/250 - Reward: -4.55, Length: 40, Loss: -0.6062
2026-03-17 00:19:07 | INFO | Episode 50/250 - Reward: -4.85, Length: 40, Loss: -0.5924
2026-03-17 00:19:07 | INFO | Episode 50/250 - Avg Reward: -2.06, Avg Length: 36.88, Avg Loss: -0.2398
2026-03-17 00:19:07 | INFO | Episode 51/250 - Reward: 5.65, Length: 40, Loss: 0.1129
2026-03-17 00:19:08 | INFO | Episode 52/250 - Reward: -5.45, Length: 40, Loss: -0.5734
2026-03-17 00:19:09 | INFO | Episode 53/250 - Reward: -5.00, Length: 40, Loss: -0.5487
2026-03-17 00:19:09 | INFO | Episode 54/250 - Reward: -5.75, Length: 40, Loss: -0.6177
2026-03-17 00:19:10 | INFO | Episode 55/250 - Reward: -6.50, Length: 40, Loss: -0.5773
2026-03-17 00:19:11 | INFO | Episode 56/250 - Reward: -5.30, Length: 40, Loss: -0.5060
2026-03-17 00:19:11 | INFO | Episode 57/250 - Reward: 7.70, Length: 8, Loss: 2.7349
2026-03-17 00:19:12 | INFO | Episode 58/250 - Reward: -6.05, Length: 40, Loss: -0.4646
2026-03-17 00:19:13 | INFO | Episode 59/250 - Reward: -5.45, Length: 40, Loss: -0.5450
2026-03-17 00:19:13 | INFO | Episode 60/250 - Reward: -5.15, Length: 40, Loss: -0.6049
2026-03-17 00:19:14 | INFO | Episode 61/250 - Reward: 6.70, Length: 19, Loss: 1.1813
2026-03-17 00:19:14 | INFO | Episode 62/250 - Reward: -4.10, Length: 40, Loss: -0.4999
2026-03-17 00:19:15 | INFO | Episode 63/250 - Reward: -6.05, Length: 40, Loss: -0.4949
2026-03-17 00:19:16 | INFO | Episode 64/250 - Reward: 7.05, Length: 30, Loss: 0.4707
2026-03-17 00:19:16 | INFO | Episode 65/250 - Reward: -0.20, Length: 40, Loss: 0.0046
2026-03-17 00:19:17 | INFO | Episode 66/250 - Reward: -4.70, Length: 40, Loss: -0.5726
2026-03-17 00:19:18 | INFO | Episode 67/250 - Reward: 6.10, Length: 22, Loss: 0.8436
2026-03-17 00:19:18 | INFO | Episode 68/250 - Reward: -4.85, Length: 40, Loss: -0.5067
2026-03-17 00:19:19 | INFO | Episode 69/250 - Reward: -4.25, Length: 40, Loss: -0.5118
2026-03-17 00:19:20 | INFO | Episode 70/250 - Reward: -4.85, Length: 40, Loss: -0.5410
2026-03-17 00:19:20 | INFO | Episode 71/250 - Reward: 7.05, Length: 24, Loss: 0.7317
2026-03-17 00:19:21 | INFO | Episode 72/250 - Reward: -9.95, Length: 40, Loss: -0.5246
2026-03-17 00:19:22 | INFO | Episode 73/250 - Reward: 5.25, Length: 15, Loss: 1.2487
2026-03-17 00:19:22 | INFO | Episode 74/250 - Reward: 2.35, Length: 40, Loss: 0.1190
2026-03-17 00:19:23 | INFO | Episode 75/250 - Reward: -5.75, Length: 40, Loss: -0.6029
2026-03-17 00:19:23 | INFO | Episode 76/250 - Reward: -4.25, Length: 40, Loss: -0.5245
2026-03-17 00:19:24 | INFO | Episode 77/250 - Reward: -8.60, Length: 40, Loss: -0.2666
2026-03-17 00:19:25 | INFO | Episode 78/250 - Reward: -7.55, Length: 40, Loss: -0.4866
2026-03-17 00:19:25 | INFO | Episode 79/250 - Reward: -6.50, Length: 40, Loss: -0.5854
2026-03-17 00:19:25 | INFO | Episode 80/250 - Reward: 5.90, Length: 20, Loss: 1.0031
2026-03-17 00:19:26 | INFO | Episode 81/250 - Reward: 7.95, Length: 24, Loss: 0.8014
2026-03-17 00:19:26 | INFO | Episode 82/250 - Reward: -3.80, Length: 40, Loss: -0.4986
2026-03-17 00:19:27 | INFO | Episode 83/250 - Reward: -15.20, Length: 40, Loss: -0.4077
2026-03-17 00:19:28 | INFO | Episode 84/250 - Reward: -4.25, Length: 40, Loss: -0.4810
2026-03-17 00:19:28 | INFO | Episode 85/250 - Reward: -6.65, Length: 40, Loss: -0.4611
2026-03-17 00:19:29 | INFO | Episode 86/250 - Reward: -3.65, Length: 40, Loss: -0.5414
2026-03-17 00:19:30 | INFO | Episode 87/250 - Reward: -6.80, Length: 40, Loss: -0.4853
2026-03-17 00:19:31 | INFO | Episode 88/250 - Reward: 8.45, Length: 23, Loss: 0.9477
2026-03-17 00:19:31 | INFO | Episode 89/250 - Reward: -4.55, Length: 40, Loss: -0.5563
2026-03-17 00:19:32 | INFO | Episode 90/250 - Reward: -5.15, Length: 40, Loss: -0.5180
2026-03-17 00:19:33 | INFO | Episode 91/250 - Reward: -5.30, Length: 40, Loss: -0.5816
2026-03-17 00:19:33 | INFO | Episode 92/250 - Reward: -5.30, Length: 40, Loss: -0.5676
2026-03-17 00:19:34 | INFO | Episode 93/250 - Reward: 8.25, Length: 27, Loss: 0.6830
2026-03-17 00:19:34 | INFO | Episode 94/250 - Reward: -5.30, Length: 40, Loss: -0.5695
2026-03-17 00:19:35 | INFO | Episode 95/250 - Reward: -3.80, Length: 40, Loss: -0.5801
2026-03-17 00:19:36 | INFO | Episode 96/250 - Reward: -5.45, Length: 40, Loss: -0.5330
2026-03-17 00:19:36 | INFO | Episode 97/250 - Reward: -8.15, Length: 40, Loss: -0.3879
2026-03-17 00:19:37 | INFO | Episode 98/250 - Reward: -5.15, Length: 40, Loss: -0.5439
2026-03-17 00:19:38 | INFO | Episode 99/250 - Reward: -8.45, Length: 40, Loss: -0.4827
2026-03-17 00:19:38 | INFO | Episode 100/250 - Reward: -6.80, Length: 40, Loss: -0.5394
2026-03-17 00:19:38 | INFO | Episode 100/250 - Avg Reward: -2.83, Avg Length: 36.24, Avg Loss: -0.1682
2026-03-17 00:19:39 | INFO | Episode 101/250 - Reward: -3.95, Length: 40, Loss: -0.4850
2026-03-17 00:19:40 | INFO | Episode 102/250 - Reward: -4.25, Length: 40, Loss: -0.6215
2026-03-17 00:19:41 | INFO | Episode 103/250 - Reward: -5.00, Length: 40, Loss: -0.5097
2026-03-17 00:19:41 | INFO | Episode 104/250 - Reward: 7.45, Length: 28, Loss: 0.5591
2026-03-17 00:19:42 | INFO | Episode 105/250 - Reward: -6.20, Length: 40, Loss: -0.4608
2026-03-17 00:19:43 | INFO | Episode 106/250 - Reward: 7.85, Length: 20, Loss: 1.1292
2026-03-17 00:19:43 | INFO | Episode 107/250 - Reward: -5.00, Length: 40, Loss: -0.5103
2026-03-17 00:19:44 | INFO | Episode 108/250 - Reward: 8.55, Length: 15, Loss: 1.5713
2026-03-17 00:19:44 | INFO | Episode 109/250 - Reward: -4.85, Length: 40, Loss: -0.5109
2026-03-17 00:19:45 | INFO | Episode 110/250 - Reward: -5.60, Length: 40, Loss: -0.4938
2026-03-17 00:19:46 | INFO | Episode 111/250 - Reward: -5.15, Length: 40, Loss: -0.5437
2026-03-17 00:19:46 | INFO | Episode 112/250 - Reward: -10.25, Length: 40, Loss: -0.5018
2026-03-17 00:19:47 | INFO | Episode 113/250 - Reward: -4.70, Length: 40, Loss: -0.5402
2026-03-17 00:19:48 | INFO | Episode 114/250 - Reward: -5.30, Length: 40, Loss: -0.5912
2026-03-17 00:19:48 | INFO | Episode 115/250 - Reward: -5.15, Length: 40, Loss: -0.6041
2026-03-17 00:19:49 | INFO | Episode 116/250 - Reward: -5.30, Length: 40, Loss: -0.5281
2026-03-17 00:19:50 | INFO | Episode 117/250 - Reward: 3.60, Length: 39, Loss: 0.1178
2026-03-17 00:19:50 | INFO | Episode 118/250 - Reward: -4.70, Length: 40, Loss: -0.5269
2026-03-17 00:19:51 | INFO | Episode 119/250 - Reward: -3.20, Length: 40, Loss: -0.5640
2026-03-17 00:19:52 | INFO | Episode 120/250 - Reward: -4.25, Length: 40, Loss: -0.5416
2026-03-17 00:19:53 | INFO | Episode 121/250 - Reward: -5.90, Length: 40, Loss: -0.5310
2026-03-17 00:19:53 | INFO | Episode 122/250 - Reward: 1.80, Length: 33, Loss: 0.1642
2026-03-17 00:19:54 | INFO | Episode 123/250 - Reward: -6.05, Length: 40, Loss: -0.5786
2026-03-17 00:19:54 | INFO | Episode 124/250 - Reward: -4.55, Length: 40, Loss: -0.5803
2026-03-17 00:19:55 | INFO | Episode 125/250 - Reward: -5.45, Length: 40, Loss: -0.6351
2026-03-17 00:19:56 | INFO | Episode 126/250 - Reward: 6.95, Length: 35, Loss: 0.2818
2026-03-17 00:19:56 | INFO | Episode 127/250 - Reward: 5.30, Length: 32, Loss: 0.3466
2026-03-17 00:19:57 | INFO | Episode 128/250 - Reward: -2.90, Length: 40, Loss: -0.5646
2026-03-17 00:19:57 | INFO | Episode 129/250 - Reward: 5.45, Length: 35, Loss: 0.2887
2026-03-17 00:19:57 | INFO | Episode 130/250 - Reward: 7.70, Length: 8, Loss: 2.6059
2026-03-17 00:19:58 | INFO | Episode 131/250 - Reward: 8.15, Length: 23, Loss: 0.9792
2026-03-17 00:19:59 | INFO | Episode 132/250 - Reward: 8.25, Length: 21, Loss: 1.0090
2026-03-17 00:20:00 | INFO | Episode 133/250 - Reward: -5.45, Length: 40, Loss: -0.5651
2026-03-17 00:20:00 | INFO | Episode 134/250 - Reward: -7.70, Length: 40, Loss: -0.3876
2026-03-17 00:20:01 | INFO | Episode 135/250 - Reward: -4.85, Length: 40, Loss: -0.6128
2026-03-17 00:20:02 | INFO | Episode 136/250 - Reward: -5.45, Length: 40, Loss: -0.5184
2026-03-17 00:20:02 | INFO | Episode 137/250 - Reward: -5.15, Length: 40, Loss: -0.5147
2026-03-17 00:20:03 | INFO | Episode 138/250 - Reward: 8.45, Length: 17, Loss: 1.3887
2026-03-17 00:20:03 | INFO | Episode 139/250 - Reward: -8.90, Length: 40, Loss: -0.4973
2026-03-17 00:20:04 | INFO | Episode 140/250 - Reward: 8.25, Length: 21, Loss: 1.0324
2026-03-17 00:20:05 | INFO | Episode 141/250 - Reward: -5.75, Length: 40, Loss: -0.5980
2026-03-17 00:20:05 | INFO | Episode 142/250 - Reward: 5.10, Length: 27, Loss: 0.5741
2026-03-17 00:20:06 | INFO | Episode 143/250 - Reward: -4.55, Length: 40, Loss: -0.6126
2026-03-17 00:20:07 | INFO | Episode 144/250 - Reward: 6.60, Length: 21, Loss: 0.8886
2026-03-17 00:20:07 | INFO | Episode 145/250 - Reward: -13.55, Length: 40, Loss: -0.4172
2026-03-17 00:20:08 | INFO | Episode 146/250 - Reward: -4.55, Length: 40, Loss: -0.5419
2026-03-17 00:20:09 | INFO | Episode 147/250 - Reward: -4.40, Length: 40, Loss: -0.5344
2026-03-17 00:20:09 | INFO | Episode 148/250 - Reward: 9.45, Length: 9, Loss: 2.3606
2026-03-17 00:20:10 | INFO | Episode 149/250 - Reward: 6.25, Length: 37, Loss: 0.2490
2026-03-17 00:20:11 | INFO | Episode 150/250 - Reward: 8.45, Length: 17, Loss: 1.3506
2026-03-17 00:20:11 | INFO | Episode 150/250 - Avg Reward: -1.09, Avg Length: 34.36, Avg Loss: -0.0065
2026-03-17 00:20:11 | INFO | Episode 151/250 - Reward: 5.30, Length: 32, Loss: 0.2866
2026-03-17 00:20:12 | INFO | Episode 152/250 - Reward: -4.85, Length: 40, Loss: -0.6032
2026-03-17 00:20:13 | INFO | Episode 153/250 - Reward: 5.30, Length: 29, Loss: 0.4220
2026-03-17 00:20:13 | INFO | Episode 154/250 - Reward: -4.55, Length: 40, Loss: -0.5396
2026-03-17 00:20:14 | INFO | Episode 155/250 - Reward: -4.70, Length: 40, Loss: -0.5689
2026-03-17 00:20:15 | INFO | Episode 156/250 - Reward: 7.35, Length: 27, Loss: 0.6496
2026-03-17 00:20:15 | INFO | Episode 157/250 - Reward: -4.25, Length: 40, Loss: -0.5490
2026-03-17 00:20:16 | INFO | Episode 158/250 - Reward: -4.10, Length: 40, Loss: -0.5108
2026-03-17 00:20:17 | INFO | Episode 159/250 - Reward: -6.05, Length: 40, Loss: -0.5239
2026-03-17 00:20:17 | INFO | Episode 160/250 - Reward: -8.30, Length: 40, Loss: -0.5320
2026-03-17 00:20:18 | INFO | Episode 161/250 - Reward: -5.90, Length: 40, Loss: -0.5452
2026-03-17 00:20:19 | INFO | Episode 162/250 - Reward: 3.85, Length: 31, Loss: 0.3202
2026-03-17 00:20:19 | INFO | Episode 163/250 - Reward: 6.75, Length: 30, Loss: 0.4256
2026-03-17 00:20:20 | INFO | Episode 164/250 - Reward: -6.05, Length: 40, Loss: -0.6090
2026-03-17 00:20:21 | INFO | Episode 165/250 - Reward: -5.00, Length: 40, Loss: -0.5290
2026-03-17 00:20:21 | INFO | Episode 166/250 - Reward: -5.15, Length: 40, Loss: -0.5768
2026-03-17 00:20:22 | INFO | Episode 167/250 - Reward: -4.40, Length: 40, Loss: -0.5408
2026-03-17 00:20:23 | INFO | Episode 168/250 - Reward: 3.75, Length: 27, Loss: 0.3861
2026-03-17 00:20:23 | INFO | Episode 169/250 - Reward: -5.60, Length: 40, Loss: -0.5437
2026-03-17 00:20:24 | INFO | Episode 170/250 - Reward: 7.25, Length: 23, Loss: 0.8273
2026-03-17 00:20:25 | INFO | Episode 171/250 - Reward: -9.35, Length: 40, Loss: -0.2904
2026-03-17 00:20:25 | INFO | Episode 172/250 - Reward: -9.95, Length: 40, Loss: -0.3732
2026-03-17 00:20:26 | INFO | Episode 173/250 - Reward: -3.20, Length: 40, Loss: -0.5396
2026-03-17 00:20:27 | INFO | Episode 174/250 - Reward: 2.95, Length: 28, Loss: 0.3557
2026-03-17 00:20:27 | INFO | Episode 175/250 - Reward: 7.30, Length: 10, Loss: 2.2251
2026-03-17 00:20:28 | INFO | Episode 176/250 - Reward: -5.15, Length: 40, Loss: -0.5315
2026-03-17 00:20:28 | INFO | Episode 177/250 - Reward: -5.45, Length: 40, Loss: -0.6085
2026-03-17 00:20:28 | INFO | Episode 178/250 - Reward: 8.75, Length: 17, Loss: 1.4297
2026-03-17 00:20:29 | INFO | Episode 179/250 - Reward: -4.85, Length: 40, Loss: -0.6186
2026-03-17 00:20:29 | INFO | Episode 180/250 - Reward: 8.55, Length: 18, Loss: 1.2706
2026-03-17 00:20:30 | INFO | Episode 181/250 - Reward: -8.15, Length: 40, Loss: -0.3461
2026-03-17 00:20:30 | INFO | Episode 182/250 - Reward: 5.30, Length: 35, Loss: 0.2421
2026-03-17 00:20:31 | INFO | Episode 183/250 - Reward: -5.15, Length: 40, Loss: -0.4946
2026-03-17 00:20:31 | INFO | Episode 184/250 - Reward: 3.15, Length: 33, Loss: 0.1489
2026-03-17 00:20:32 | INFO | Episode 185/250 - Reward: -5.45, Length: 40, Loss: -0.6064
2026-03-17 00:20:32 | INFO | Episode 186/250 - Reward: 7.55, Length: 29, Loss: 0.4950
2026-03-17 00:20:33 | INFO | Episode 187/250 - Reward: -4.25, Length: 40, Loss: -0.4703
2026-03-17 00:20:33 | INFO | Episode 188/250 - Reward: -12.80, Length: 40, Loss: -0.4909
2026-03-17 00:20:34 | INFO | Episode 189/250 - Reward: -8.30, Length: 40, Loss: -0.5151
2026-03-17 00:20:34 | INFO | Episode 190/250 - Reward: -3.65, Length: 40, Loss: -0.5039
2026-03-17 00:20:35 | INFO | Episode 191/250 - Reward: 1.90, Length: 25, Loss: 0.2430
2026-03-17 00:20:35 | INFO | Episode 192/250 - Reward: -7.70, Length: 40, Loss: -0.3997
2026-03-17 00:20:36 | INFO | Episode 193/250 - Reward: 6.95, Length: 26, Loss: 0.7292
2026-03-17 00:20:36 | INFO | Episode 194/250 - Reward: -4.55, Length: 40, Loss: -0.6065
2026-03-17 00:20:37 | INFO | Episode 195/250 - Reward: -5.15, Length: 40, Loss: -0.5719
2026-03-17 00:20:37 | INFO | Episode 196/250 - Reward: -5.15, Length: 40, Loss: -0.5289
2026-03-17 00:20:38 | INFO | Episode 197/250 - Reward: -5.60, Length: 40, Loss: -0.5658
2026-03-17 00:20:38 | INFO | Episode 198/250 - Reward: -5.60, Length: 40, Loss: -0.5822
2026-03-17 00:20:39 | INFO | Episode 199/250 - Reward: -4.40, Length: 40, Loss: -0.5294
2026-03-17 00:20:39 | INFO | Episode 200/250 - Reward: 6.45, Length: 27, Loss: 0.5744
2026-03-17 00:20:39 | INFO | Episode 200/250 - Avg Reward: -1.89, Avg Length: 35.34, Avg Loss: -0.1263
2026-03-17 00:20:40 | INFO | Episode 201/250 - Reward: -4.85, Length: 40, Loss: -0.5423
2026-03-17 00:20:40 | INFO | Episode 202/250 - Reward: 8.25, Length: 24, Loss: 0.8222
2026-03-17 00:20:41 | INFO | Episode 203/250 - Reward: -4.40, Length: 40, Loss: -0.5753
2026-03-17 00:20:41 | INFO | Episode 204/250 - Reward: 8.65, Length: 16, Loss: 1.5575
2026-03-17 00:20:42 | INFO | Episode 205/250 - Reward: 0.70, Length: 37, Loss: 0.0626
2026-03-17 00:20:42 | INFO | Episode 206/250 - Reward: -4.10, Length: 40, Loss: -0.5761
2026-03-17 00:20:43 | INFO | Episode 207/250 - Reward: -5.15, Length: 40, Loss: -0.5714
2026-03-17 00:20:43 | INFO | Episode 208/250 - Reward: -5.75, Length: 40, Loss: -0.6119
2026-03-17 00:20:44 | INFO | Episode 209/250 - Reward: 4.95, Length: 15, Loss: 1.2118
2026-03-17 00:20:44 | INFO | Episode 210/250 - Reward: 5.45, Length: 38, Loss: 0.1899
2026-03-17 00:20:45 | INFO | Episode 211/250 - Reward: 8.95, Length: 16, Loss: 1.4355
2026-03-17 00:20:45 | INFO | Episode 212/250 - Reward: 6.50, Length: 23, Loss: 0.7299
2026-03-17 00:20:46 | INFO | Episode 213/250 - Reward: -4.55, Length: 40, Loss: -0.5776
2026-03-17 00:20:46 | INFO | Episode 214/250 - Reward: -4.85, Length: 40, Loss: -0.5201
2026-03-17 00:20:47 | INFO | Episode 215/250 - Reward: -5.45, Length: 40, Loss: -0.4965
2026-03-17 00:20:47 | INFO | Episode 216/250 - Reward: -5.45, Length: 40, Loss: -0.4652
2026-03-17 00:20:48 | INFO | Episode 217/250 - Reward: -4.10, Length: 40, Loss: -0.4418
2026-03-17 00:20:48 | INFO | Episode 218/250 - Reward: -4.25, Length: 40, Loss: -0.5346
2026-03-17 00:20:49 | INFO | Episode 219/250 - Reward: -0.20, Length: 37, Loss: -0.0013
2026-03-17 00:20:49 | INFO | Episode 220/250 - Reward: 7.65, Length: 21, Loss: 1.0365
2026-03-17 00:20:50 | INFO | Episode 221/250 - Reward: -5.75, Length: 40, Loss: -0.5796
2026-03-17 00:20:50 | INFO | Episode 222/250 - Reward: -6.05, Length: 40, Loss: -0.5316
2026-03-17 00:20:51 | INFO | Episode 223/250 - Reward: -4.70, Length: 40, Loss: -0.5663
2026-03-17 00:20:51 | INFO | Episode 224/250 - Reward: 7.00, Length: 16, Loss: 1.5174
2026-03-17 00:20:52 | INFO | Episode 225/250 - Reward: -3.80, Length: 40, Loss: -0.5885
2026-03-17 00:20:52 | INFO | Episode 226/250 - Reward: -4.55, Length: 40, Loss: -0.4961
2026-03-17 00:20:53 | INFO | Episode 227/250 - Reward: -13.85, Length: 40, Loss: -0.5478
2026-03-17 00:20:53 | INFO | Episode 228/250 - Reward: -4.85, Length: 40, Loss: -0.6226
2026-03-17 00:20:54 | INFO | Episode 229/250 - Reward: -4.85, Length: 40, Loss: -0.5175
2026-03-17 00:20:54 | INFO | Episode 230/250 - Reward: -4.55, Length: 40, Loss: -0.4665
2026-03-17 00:20:55 | INFO | Episode 231/250 - Reward: -8.15, Length: 40, Loss: -0.4901
2026-03-17 00:20:55 | INFO | Episode 232/250 - Reward: -7.70, Length: 40, Loss: -0.3408
2026-03-17 00:20:56 | INFO | Episode 233/250 - Reward: -8.60, Length: 40, Loss: -0.5186
2026-03-17 00:20:56 | INFO | Episode 234/250 - Reward: -5.45, Length: 40, Loss: -0.5435
2026-03-17 00:20:57 | INFO | Episode 235/250 - Reward: -3.35, Length: 40, Loss: -0.5077
2026-03-17 00:20:57 | INFO | Episode 236/250 - Reward: -5.00, Length: 40, Loss: -0.5684
2026-03-17 00:20:58 | INFO | Episode 237/250 - Reward: -5.60, Length: 40, Loss: -0.5302
2026-03-17 00:20:58 | INFO | Episode 238/250 - Reward: -5.45, Length: 40, Loss: -0.5445
2026-03-17 00:20:59 | INFO | Episode 239/250 - Reward: 5.00, Length: 32, Loss: 0.2770
2026-03-17 00:20:59 | INFO | Episode 240/250 - Reward: -5.15, Length: 40, Loss: -0.5380
2026-03-17 00:21:00 | INFO | Episode 241/250 - Reward: -6.20, Length: 40, Loss: -0.5548
2026-03-17 00:20:59 | INFO | Episode 242/250 - Reward: 7.10, Length: 14, Loss: 1.6427
2026-03-17 00:21:00 | INFO | Episode 243/250 - Reward: -4.55, Length: 40, Loss: -0.6134
2026-03-17 00:21:00 | INFO | Episode 244/250 - Reward: 4.10, Length: 32, Loss: 0.2975
2026-03-17 00:21:01 | INFO | Episode 245/250 - Reward: 7.65, Length: 21, Loss: 1.1041
2026-03-17 00:21:01 | INFO | Episode 246/250 - Reward: -4.25, Length: 40, Loss: -0.5528
2026-03-17 00:21:02 | INFO | Episode 247/250 - Reward: -8.15, Length: 40, Loss: -0.4595
2026-03-17 00:21:02 | INFO | Episode 248/250 - Reward: -4.10, Length: 40, Loss: -0.5528
2026-03-17 00:21:03 | INFO | Episode 249/250 - Reward: 4.00, Length: 37, Loss: 0.1335
2026-03-17 00:21:03 | INFO | Episode 250/250 - Reward: 8.15, Length: 23, Loss: 0.8665
2026-03-17 00:21:03 | INFO | Episode 250/250 - Avg Reward: -1.87, Avg Length: 35.24, Avg Loss: -0.1052
