2026-03-17 00:21:11 | INFO | ============================================================
2026-03-17 00:21:11 | INFO | DEVICE / COMPUTE INFORMATION
2026-03-17 00:21:11 | INFO |   JAX backend       : GPU
2026-03-17 00:21:11 | INFO |   Platform          : gpu
2026-03-17 00:21:11 | INFO |   Num devices       : 1
2026-03-17 00:21:11 | INFO |   Device            : cuda:0
2026-03-17 00:21:11 | INFO |   GPU name          : NVIDIA GeForce RTX 5060 Laptop GPU
2026-03-17 00:21:11 | INFO | ============================================================
2026-03-17 00:21:11 | INFO | ✓ JAX GPU backend confirmed.
2026-03-17 00:21:12 | INFO | REINFORCE seed=3_gamma=0.99_lr=0.1
2026-03-17 00:21:15 | INFO | Episode 1/250 - Reward: -5.30, Length: 40, Loss: -0.4873
2026-03-17 00:21:16 | INFO | Episode 2/250 - Reward: -4.70, Length: 40, Loss: -0.4329
2026-03-17 00:21:16 | INFO | Episode 3/250 - Reward: -6.50, Length: 40, Loss: -0.4813
2026-03-17 00:21:17 | INFO | Episode 4/250 - Reward: 3.15, Length: 30, Loss: 0.9221
2026-03-17 00:21:17 | INFO | Episode 5/250 - Reward: 5.90, Length: 20, Loss: 1.5534
2026-03-17 00:21:18 | INFO | Episode 6/250 - Reward: -6.80, Length: 40, Loss: -0.4430
2026-03-17 00:21:18 | INFO | Episode 7/250 - Reward: 5.30, Length: 32, Loss: 0.9145
2026-03-17 00:21:19 | INFO | Episode 8/250 - Reward: -4.25, Length: 40, Loss: -0.4687
2026-03-17 00:21:19 | INFO | Episode 9/250 - Reward: -4.70, Length: 40, Loss: -0.5235
2026-03-17 00:21:20 | INFO | Episode 10/250 - Reward: -5.45, Length: 40, Loss: -0.5572
2026-03-17 00:21:20 | INFO | Episode 11/250 - Reward: -6.05, Length: 40, Loss: -0.5250
2026-03-17 00:21:21 | INFO | Episode 12/250 - Reward: -0.10, Length: 38, Loss: 0.1594
2026-03-17 00:21:21 | INFO | Episode 13/250 - Reward: 6.25, Length: 37, Loss: 0.7038
2026-03-17 00:21:22 | INFO | Episode 14/250 - Reward: 5.05, Length: 37, Loss: 0.5508
2026-03-17 00:21:23 | INFO | Episode 15/250 - Reward: 6.40, Length: 19, Loss: 1.5046
2026-03-17 00:21:23 | INFO | Episode 16/250 - Reward: 6.90, Length: 12, Loss: 1.5367
2026-03-17 00:21:24 | INFO | Episode 17/250 - Reward: 8.15, Length: 17, Loss: 1.4799
2026-03-17 00:21:24 | INFO | Episode 18/250 - Reward: -7.10, Length: 40, Loss: -0.4747
2026-03-17 00:21:25 | INFO | Episode 19/250 - Reward: 6.80, Length: 14, Loss: 1.5152
2026-03-17 00:21:25 | INFO | Episode 20/250 - Reward: 9.15, Length: 12, Loss: 1.7782
2026-03-17 00:21:26 | INFO | Episode 21/250 - Reward: 6.50, Length: 17, Loss: 1.8022
2026-03-17 00:21:26 | INFO | Episode 22/250 - Reward: 3.15, Length: 33, Loss: 0.5736
2026-03-17 00:21:27 | INFO | Episode 23/250 - Reward: 7.75, Length: 25, Loss: 1.2717
2026-03-17 00:21:27 | INFO | Episode 24/250 - Reward: 6.20, Length: 17, Loss: 1.2552
2026-03-17 00:21:28 | INFO | Episode 25/250 - Reward: 5.65, Length: 37, Loss: 0.6690
2026-03-17 00:21:28 | INFO | Episode 26/250 - Reward: 8.15, Length: 20, Loss: 1.5145
2026-03-17 00:21:29 | INFO | Episode 27/250 - Reward: 6.60, Length: 15, Loss: 1.3413
2026-03-17 00:21:29 | INFO | Episode 28/250 - Reward: -4.40, Length: 40, Loss: -0.4625
2026-03-17 00:21:30 | INFO | Episode 29/250 - Reward: 5.95, Length: 34, Loss: 0.6789
2026-03-17 00:21:30 | INFO | Episode 30/250 - Reward: -6.65, Length: 40, Loss: -0.3564
2026-03-17 00:21:31 | INFO | Episode 31/250 - Reward: 5.90, Length: 17, Loss: 0.8747
2026-03-17 00:21:30 | INFO | Episode 32/250 - Reward: 7.65, Length: 18, Loss: 0.7374
2026-03-17 00:21:31 | INFO | Episode 33/250 - Reward: 8.05, Length: 19, Loss: 1.4387
2026-03-17 00:21:32 | INFO | Episode 34/250 - Reward: 3.90, Length: 30, Loss: 0.6195
2026-03-17 00:21:32 | INFO | Episode 35/250 - Reward: 8.05, Length: 19, Loss: 1.2857
2026-03-17 00:21:33 | INFO | Episode 36/250 - Reward: 9.45, Length: 9, Loss: 2.3293
2026-03-17 00:21:34 | INFO | Episode 37/250 - Reward: -6.35, Length: 40, Loss: -0.0408
2026-03-17 00:21:34 | INFO | Episode 38/250 - Reward: 7.95, Length: 21, Loss: 1.4183
2026-03-17 00:21:35 | INFO | Episode 39/250 - Reward: 5.45, Length: 35, Loss: 0.6991
2026-03-17 00:21:36 | INFO | Episode 40/250 - Reward: 7.95, Length: 18, Loss: 1.4324
2026-03-17 00:21:36 | INFO | Episode 41/250 - Reward: -5.15, Length: 40, Loss: -0.1651
2026-03-17 00:21:37 | INFO | Episode 42/250 - Reward: 7.95, Length: 21, Loss: 1.2552
2026-03-17 00:21:38 | INFO | Episode 43/250 - Reward: 6.00, Length: 18, Loss: 1.0151
2026-03-17 00:21:38 | INFO | Episode 44/250 - Reward: 9.15, Length: 12, Loss: 1.8031
2026-03-17 00:21:39 | INFO | Episode 45/250 - Reward: 9.05, Length: 11, Loss: 1.6272
2026-03-17 00:21:40 | INFO | Episode 46/250 - Reward: 9.25, Length: 10, Loss: 1.5872
2026-03-17 00:21:41 | INFO | Episode 47/250 - Reward: 8.85, Length: 15, Loss: 1.4872
2026-03-17 00:21:41 | INFO | Episode 48/250 - Reward: -5.60, Length: 40, Loss: -0.4584
2026-03-17 00:21:42 | INFO | Episode 49/250 - Reward: 7.95, Length: 18, Loss: 1.2938
2026-03-17 00:21:43 | INFO | Episode 50/250 - Reward: -7.55, Length: 40, Loss: -0.3448
2026-03-17 00:21:43 | INFO | Episode 50/250 - Avg Reward: 2.98, Avg Length: 27.14, Avg Loss: 0.7281
2026-03-17 00:21:43 | INFO | Episode 51/250 - Reward: 7.45, Length: 22, Loss: 1.0629
2026-03-17 00:21:44 | INFO | Episode 52/250 - Reward: 7.05, Length: 24, Loss: 1.1205
2026-03-17 00:21:45 | INFO | Episode 53/250 - Reward: 8.35, Length: 16, Loss: 1.4875
2026-03-17 00:21:45 | INFO | Episode 54/250 - Reward: 8.15, Length: 17, Loss: 1.0267
2026-03-17 00:21:46 | INFO | Episode 55/250 - Reward: 6.15, Length: 27, Loss: 1.0222
2026-03-17 00:21:47 | INFO | Episode 56/250 - Reward: 8.55, Length: 15, Loss: 1.3617
2026-03-17 00:21:48 | INFO | Episode 57/250 - Reward: 6.70, Length: 13, Loss: 1.2918
2026-03-17 00:21:48 | INFO | Episode 58/250 - Reward: 9.15, Length: 12, Loss: 1.4024
2026-03-17 00:21:49 | INFO | Episode 59/250 - Reward: 9.15, Length: 12, Loss: 1.4519
2026-03-17 00:21:50 | INFO | Episode 60/250 - Reward: -7.25, Length: 40, Loss: -0.2392
2026-03-17 00:21:50 | INFO | Episode 61/250 - Reward: 3.45, Length: 39, Loss: 0.3248
2026-03-17 00:21:51 | INFO | Episode 62/250 - Reward: 7.55, Length: 20, Loss: 1.2615
2026-03-17 00:21:52 | INFO | Episode 63/250 - Reward: 7.95, Length: 18, Loss: 1.1495
2026-03-17 00:21:52 | INFO | Episode 64/250 - Reward: 8.05, Length: 19, Loss: 1.0769
2026-03-17 00:21:53 | INFO | Episode 65/250 - Reward: 8.45, Length: 14, Loss: 1.4756
2026-03-17 00:21:54 | INFO | Episode 66/250 - Reward: 8.25, Length: 18, Loss: 1.3801
2026-03-17 00:21:54 | INFO | Episode 67/250 - Reward: 4.10, Length: 26, Loss: 0.3720
2026-03-17 00:21:55 | INFO | Episode 68/250 - Reward: 9.05, Length: 11, Loss: 1.3409
2026-03-17 00:21:56 | INFO | Episode 69/250 - Reward: -7.55, Length: 40, Loss: -0.1351
2026-03-17 00:21:57 | INFO | Episode 70/250 - Reward: 8.95, Length: 13, Loss: 1.4346
2026-03-17 00:21:57 | INFO | Episode 71/250 - Reward: 8.15, Length: 20, Loss: 1.2978
2026-03-17 00:21:58 | INFO | Episode 72/250 - Reward: 8.35, Length: 16, Loss: 1.3599
2026-03-17 00:21:59 | INFO | Episode 73/250 - Reward: 7.45, Length: 25, Loss: 1.0823
2026-03-17 00:21:59 | INFO | Episode 74/250 - Reward: 8.15, Length: 20, Loss: 1.2521
2026-03-17 00:22:00 | INFO | Episode 75/250 - Reward: -7.55, Length: 40, Loss: -0.1730
2026-03-17 00:22:01 | INFO | Episode 76/250 - Reward: 6.35, Length: 29, Loss: 0.8248
2026-03-17 00:22:01 | INFO | Episode 77/250 - Reward: 8.85, Length: 12, Loss: 1.3859
2026-03-17 00:22:02 | INFO | Episode 78/250 - Reward: 9.45, Length: 9, Loss: 1.2296
2026-03-17 00:22:02 | INFO | Episode 79/250 - Reward: 7.85, Length: 20, Loss: 1.2120
2026-03-17 00:22:02 | INFO | Episode 80/250 - Reward: 9.35, Length: 11, Loss: 1.3209
2026-03-17 00:22:03 | INFO | Episode 81/250 - Reward: 7.75, Length: 22, Loss: 1.2073
2026-03-17 00:22:04 | INFO | Episode 82/250 - Reward: 9.45, Length: 9, Loss: 1.0009
2026-03-17 00:22:04 | INFO | Episode 83/250 - Reward: 8.75, Length: 14, Loss: 1.4530
2026-03-17 00:22:05 | INFO | Episode 84/250 - Reward: 8.55, Length: 15, Loss: 1.4097
2026-03-17 00:22:06 | INFO | Episode 85/250 - Reward: 6.45, Length: 27, Loss: 0.9072
2026-03-17 00:22:07 | INFO | Episode 86/250 - Reward: 9.05, Length: 11, Loss: 1.2634
2026-03-17 00:22:08 | INFO | Episode 87/250 - Reward: 8.85, Length: 12, Loss: 1.2936
2026-03-17 00:22:08 | INFO | Episode 88/250 - Reward: 6.95, Length: 23, Loss: 0.9935
2026-03-17 00:22:09 | INFO | Episode 89/250 - Reward: 9.45, Length: 9, Loss: 0.9970
2026-03-17 00:22:10 | INFO | Episode 90/250 - Reward: 8.55, Length: 15, Loss: 1.7918
2026-03-17 00:22:10 | INFO | Episode 91/250 - Reward: 9.45, Length: 9, Loss: 1.1521
2026-03-17 00:22:11 | INFO | Episode 92/250 - Reward: 9.25, Length: 10, Loss: 1.2344
2026-03-17 00:22:12 | INFO | Episode 93/250 - Reward: -7.10, Length: 40, Loss: -0.0844
2026-03-17 00:22:12 | INFO | Episode 94/250 - Reward: 9.25, Length: 10, Loss: 1.0977
2026-03-17 00:22:13 | INFO | Episode 95/250 - Reward: 9.65, Length: 8, Loss: 0.5755
2026-03-17 00:22:14 | INFO | Episode 96/250 - Reward: 9.45, Length: 9, Loss: 0.7441
2026-03-17 00:22:15 | INFO | Episode 97/250 - Reward: 9.45, Length: 9, Loss: 0.8492
2026-03-17 00:22:16 | INFO | Episode 98/250 - Reward: 9.45, Length: 9, Loss: 0.6828
2026-03-17 00:22:16 | INFO | Episode 99/250 - Reward: 9.45, Length: 9, Loss: 0.7383
2026-03-17 00:22:17 | INFO | Episode 100/250 - Reward: 8.85, Length: 12, Loss: 1.5024
2026-03-17 00:22:17 | INFO | Episode 100/250 - Avg Reward: 6.98, Avg Length: 18.00, Avg Loss: 1.0454
2026-03-17 00:22:18 | INFO | Episode 101/250 - Reward: 9.65, Length: 8, Loss: 0.3858
2026-03-17 00:22:19 | INFO | Episode 102/250 - Reward: 9.25, Length: 10, Loss: 1.2243
2026-03-17 00:22:20 | INFO | Episode 103/250 - Reward: 9.05, Length: 11, Loss: 1.4739
2026-03-17 00:22:21 | INFO | Episode 104/250 - Reward: 9.25, Length: 10, Loss: 1.4441
2026-03-17 00:22:21 | INFO | Episode 105/250 - Reward: -7.55, Length: 40, Loss: -0.1666
2026-03-17 00:22:22 | INFO | Episode 106/250 - Reward: 9.55, Length: 10, Loss: 1.0122
2026-03-17 00:22:23 | INFO | Episode 107/250 - Reward: 9.25, Length: 10, Loss: 1.0060
2026-03-17 00:22:23 | INFO | Episode 108/250 - Reward: 9.65, Length: 8, Loss: 0.3894
2026-03-17 00:22:24 | INFO | Episode 109/250 - Reward: 9.65, Length: 8, Loss: 0.3437
2026-03-17 00:22:25 | INFO | Episode 110/250 - Reward: 9.45, Length: 9, Loss: 0.8531
2026-03-17 00:22:26 | INFO | Episode 111/250 - Reward: 9.35, Length: 11, Loss: 1.0598
2026-03-17 00:22:26 | INFO | Episode 112/250 - Reward: 9.05, Length: 11, Loss: 1.3439
2026-03-17 00:22:27 | INFO | Episode 113/250 - Reward: 8.65, Length: 13, Loss: 1.3316
2026-03-17 00:22:28 | INFO | Episode 114/250 - Reward: 8.95, Length: 13, Loss: 1.3999
2026-03-17 00:22:28 | INFO | Episode 115/250 - Reward: 9.65, Length: 8, Loss: 0.4254
2026-03-17 00:22:29 | INFO | Episode 116/250 - Reward: 8.75, Length: 14, Loss: 1.2098
2026-03-17 00:22:30 | INFO | Episode 117/250 - Reward: 9.35, Length: 11, Loss: 1.1281
2026-03-17 00:22:30 | INFO | Episode 118/250 - Reward: 9.25, Length: 10, Loss: 0.9532
2026-03-17 00:22:31 | INFO | Episode 119/250 - Reward: 9.65, Length: 8, Loss: 0.4096
2026-03-17 00:22:32 | INFO | Episode 120/250 - Reward: 9.15, Length: 12, Loss: 1.2046
2026-03-17 00:22:33 | INFO | Episode 121/250 - Reward: 9.65, Length: 8, Loss: 0.3577
2026-03-17 00:22:33 | INFO | Episode 122/250 - Reward: 9.65, Length: 8, Loss: 0.3074
2026-03-17 00:22:33 | INFO | Episode 123/250 - Reward: 9.65, Length: 8, Loss: 0.2709
2026-03-17 00:22:34 | INFO | Episode 124/250 - Reward: 9.45, Length: 9, Loss: 0.7298
2026-03-17 00:22:34 | INFO | Episode 125/250 - Reward: 9.05, Length: 14, Loss: 1.2993
2026-03-17 00:22:35 | INFO | Episode 126/250 - Reward: 9.65, Length: 8, Loss: 0.2732
2026-03-17 00:22:36 | INFO | Episode 127/250 - Reward: 9.45, Length: 9, Loss: 0.8014
2026-03-17 00:22:37 | INFO | Episode 128/250 - Reward: 9.65, Length: 8, Loss: 0.2322
2026-03-17 00:22:37 | INFO | Episode 129/250 - Reward: 9.45, Length: 9, Loss: 0.6508
2026-03-17 00:22:38 | INFO | Episode 130/250 - Reward: 9.65, Length: 8, Loss: 0.2218
2026-03-17 00:22:39 | INFO | Episode 131/250 - Reward: 9.45, Length: 9, Loss: 0.5648
2026-03-17 00:22:39 | INFO | Episode 132/250 - Reward: 9.65, Length: 8, Loss: 0.2200
2026-03-17 00:22:40 | INFO | Episode 133/250 - Reward: 9.65, Length: 8, Loss: 0.1901
2026-03-17 00:22:41 | INFO | Episode 134/250 - Reward: 9.65, Length: 8, Loss: 0.1697
2026-03-17 00:22:42 | INFO | Episode 135/250 - Reward: 9.55, Length: 10, Loss: 1.3871
2026-03-17 00:22:42 | INFO | Episode 136/250 - Reward: 9.65, Length: 8, Loss: 0.1734
2026-03-17 00:22:43 | INFO | Episode 137/250 - Reward: 9.65, Length: 8, Loss: 0.1576
2026-03-17 00:22:44 | INFO | Episode 138/250 - Reward: 9.65, Length: 8, Loss: 0.1450
2026-03-17 00:22:45 | INFO | Episode 139/250 - Reward: 9.65, Length: 8, Loss: 0.1344
2026-03-17 00:22:45 | INFO | Episode 140/250 - Reward: 9.65, Length: 8, Loss: 0.1254
2026-03-17 00:22:46 | INFO | Episode 141/250 - Reward: 9.65, Length: 8, Loss: 0.1176
2026-03-17 00:22:47 | INFO | Episode 142/250 - Reward: 9.65, Length: 8, Loss: 0.1107
2026-03-17 00:22:47 | INFO | Episode 143/250 - Reward: 9.65, Length: 8, Loss: 0.1044
2026-03-17 00:22:48 | INFO | Episode 144/250 - Reward: -7.55, Length: 40, Loss: -0.4059
2026-03-17 00:22:49 | INFO | Episode 145/250 - Reward: 9.65, Length: 8, Loss: 0.0924
2026-03-17 00:22:49 | INFO | Episode 146/250 - Reward: 9.45, Length: 9, Loss: 0.8115
2026-03-17 00:22:50 | INFO | Episode 147/250 - Reward: 9.55, Length: 10, Loss: 0.7392
2026-03-17 00:22:51 | INFO | Episode 148/250 - Reward: 9.45, Length: 9, Loss: 0.6011
2026-03-17 00:22:51 | INFO | Episode 149/250 - Reward: 9.45, Length: 9, Loss: 0.5360
2026-03-17 00:22:52 | INFO | Episode 150/250 - Reward: 9.45, Length: 9, Loss: 0.4923
2026-03-17 00:22:52 | INFO | Episode 150/250 - Avg Reward: 8.78, Avg Length: 10.50, Avg Loss: 0.6009
2026-03-17 00:22:53 | INFO | Episode 151/250 - Reward: 9.45, Length: 9, Loss: 0.7457
2026-03-17 00:22:54 | INFO | Episode 152/250 - Reward: 9.25, Length: 10, Loss: 1.1424
2026-03-17 00:22:54 | INFO | Episode 153/250 - Reward: 9.55, Length: 10, Loss: 0.7034
2026-03-17 00:22:55 | INFO | Episode 154/250 - Reward: 9.35, Length: 11, Loss: 0.9870
2026-03-17 00:22:55 | INFO | Episode 155/250 - Reward: 9.45, Length: 9, Loss: 0.5041
2026-03-17 00:22:56 | INFO | Episode 156/250 - Reward: 9.65, Length: 8, Loss: 0.2037
2026-03-17 00:22:57 | INFO | Episode 157/250 - Reward: 9.25, Length: 10, Loss: 1.6140
2026-03-17 00:22:57 | INFO | Episode 158/250 - Reward: 9.65, Length: 8, Loss: 0.2108
2026-03-17 00:22:58 | INFO | Episode 159/250 - Reward: 8.85, Length: 12, Loss: 1.7017
2026-03-17 00:22:59 | INFO | Episode 160/250 - Reward: 9.05, Length: 11, Loss: 1.1048
2026-03-17 00:22:59 | INFO | Episode 161/250 - Reward: 9.65, Length: 8, Loss: 0.2736
2026-03-17 00:23:00 | INFO | Episode 162/250 - Reward: 9.65, Length: 8, Loss: 0.2283
2026-03-17 00:23:00 | INFO | Episode 163/250 - Reward: 9.55, Length: 10, Loss: 0.6893
2026-03-17 00:23:01 | INFO | Episode 164/250 - Reward: 9.65, Length: 8, Loss: 0.1932
2026-03-17 00:23:01 | INFO | Episode 165/250 - Reward: 9.45, Length: 9, Loss: 0.8277
2026-03-17 00:23:02 | INFO | Episode 166/250 - Reward: 9.65, Length: 8, Loss: 0.1660
2026-03-17 00:23:02 | INFO | Episode 167/250 - Reward: 9.65, Length: 8, Loss: 0.1497
2026-03-17 00:23:03 | INFO | Episode 168/250 - Reward: 9.65, Length: 8, Loss: 0.1362
2026-03-17 00:23:03 | INFO | Episode 169/250 - Reward: 9.65, Length: 8, Loss: 0.1250
2026-03-17 00:23:04 | INFO | Episode 170/250 - Reward: 9.45, Length: 9, Loss: 0.6525
2026-03-17 00:23:04 | INFO | Episode 171/250 - Reward: 9.65, Length: 8, Loss: 0.1315
2026-03-17 00:23:05 | INFO | Episode 172/250 - Reward: 9.65, Length: 8, Loss: 0.1195
2026-03-17 00:23:04 | INFO | Episode 173/250 - Reward: 9.45, Length: 9, Loss: 0.8064
2026-03-17 00:23:05 | INFO | Episode 174/250 - Reward: 9.65, Length: 8, Loss: 0.1156
2026-03-17 00:23:05 | INFO | Episode 175/250 - Reward: 9.65, Length: 8, Loss: 0.1072
2026-03-17 00:23:06 | INFO | Episode 176/250 - Reward: 9.65, Length: 8, Loss: 0.1000
2026-03-17 00:23:07 | INFO | Episode 177/250 - Reward: 9.45, Length: 9, Loss: 0.7469
2026-03-17 00:23:07 | INFO | Episode 178/250 - Reward: 9.45, Length: 9, Loss: 0.7927
2026-03-17 00:23:08 | INFO | Episode 179/250 - Reward: 9.45, Length: 9, Loss: 0.8600
2026-03-17 00:23:08 | INFO | Episode 180/250 - Reward: 9.65, Length: 8, Loss: 0.1157
2026-03-17 00:23:09 | INFO | Episode 181/250 - Reward: 9.65, Length: 8, Loss: 0.1076
2026-03-17 00:23:09 | INFO | Episode 182/250 - Reward: 9.65, Length: 8, Loss: 0.1006
2026-03-17 00:23:10 | INFO | Episode 183/250 - Reward: 9.45, Length: 9, Loss: 0.7352
2026-03-17 00:23:10 | INFO | Episode 184/250 - Reward: 9.65, Length: 8, Loss: 0.1154
2026-03-17 00:23:11 | INFO | Episode 185/250 - Reward: 9.65, Length: 8, Loss: 0.1040
2026-03-17 00:23:11 | INFO | Episode 186/250 - Reward: 9.65, Length: 8, Loss: 0.0952
2026-03-17 00:23:12 | INFO | Episode 187/250 - Reward: 9.65, Length: 8, Loss: 0.0881
2026-03-17 00:23:12 | INFO | Episode 188/250 - Reward: 9.65, Length: 8, Loss: 0.0823
2026-03-17 00:23:13 | INFO | Episode 189/250 - Reward: 9.65, Length: 8, Loss: 0.0774
2026-03-17 00:23:13 | INFO | Episode 190/250 - Reward: 9.65, Length: 8, Loss: 0.0731
2026-03-17 00:23:14 | INFO | Episode 191/250 - Reward: 9.45, Length: 9, Loss: 0.7993
2026-03-17 00:23:15 | INFO | Episode 192/250 - Reward: 9.45, Length: 9, Loss: 0.7264
2026-03-17 00:23:15 | INFO | Episode 193/250 - Reward: 9.65, Length: 8, Loss: 0.0965
2026-03-17 00:23:16 | INFO | Episode 194/250 - Reward: 9.25, Length: 10, Loss: 1.8418
2026-03-17 00:23:16 | INFO | Episode 195/250 - Reward: 9.65, Length: 8, Loss: 0.1078
2026-03-17 00:23:17 | INFO | Episode 196/250 - Reward: 9.35, Length: 11, Loss: 1.1739
2026-03-17 00:23:17 | INFO | Episode 197/250 - Reward: 9.05, Length: 11, Loss: 1.2661
2026-03-17 00:23:18 | INFO | Episode 198/250 - Reward: 9.25, Length: 10, Loss: 0.5519
2026-03-17 00:23:18 | INFO | Episode 199/250 - Reward: 9.45, Length: 9, Loss: 0.4197
2026-03-17 00:23:19 | INFO | Episode 200/250 - Reward: 9.25, Length: 10, Loss: 1.1415
2026-03-17 00:23:19 | INFO | Episode 200/250 - Avg Reward: 9.51, Avg Length: 8.84, Avg Loss: 0.5192
2026-03-17 00:23:19 | INFO | Episode 201/250 - Reward: 9.65, Length: 8, Loss: 0.2260
2026-03-17 00:23:20 | INFO | Episode 202/250 - Reward: 9.65, Length: 8, Loss: 0.1696
2026-03-17 00:23:20 | INFO | Episode 203/250 - Reward: 9.65, Length: 8, Loss: 0.1388
2026-03-17 00:23:21 | INFO | Episode 204/250 - Reward: 9.25, Length: 10, Loss: 1.4066
2026-03-17 00:23:21 | INFO | Episode 205/250 - Reward: 9.65, Length: 8, Loss: 0.1158
2026-03-17 00:23:22 | INFO | Episode 206/250 - Reward: 9.65, Length: 8, Loss: 0.1089
2026-03-17 00:23:23 | INFO | Episode 207/250 - Reward: 9.65, Length: 8, Loss: 0.1027
2026-03-17 00:23:23 | INFO | Episode 208/250 - Reward: 9.65, Length: 8, Loss: 0.0971
2026-03-17 00:23:24 | INFO | Episode 209/250 - Reward: 9.45, Length: 9, Loss: 0.6776
2026-03-17 00:23:25 | INFO | Episode 210/250 - Reward: 9.45, Length: 9, Loss: 0.5168
2026-03-17 00:23:25 | INFO | Episode 211/250 - Reward: 9.65, Length: 8, Loss: 0.1517
2026-03-17 00:23:26 | INFO | Episode 212/250 - Reward: 9.45, Length: 9, Loss: 0.8486
2026-03-17 00:23:26 | INFO | Episode 213/250 - Reward: 9.65, Length: 8, Loss: 0.1059
2026-03-17 00:23:27 | INFO | Episode 214/250 - Reward: 9.55, Length: 10, Loss: 0.8547
2026-03-17 00:23:28 | INFO | Episode 215/250 - Reward: 9.05, Length: 11, Loss: 1.5430
2026-03-17 00:23:28 | INFO | Episode 216/250 - Reward: 9.45, Length: 9, Loss: 0.5529
2026-03-17 00:23:29 | INFO | Episode 217/250 - Reward: 9.65, Length: 8, Loss: 0.1492
2026-03-17 00:23:29 | INFO | Episode 218/250 - Reward: 9.45, Length: 9, Loss: 0.5259
2026-03-17 00:23:30 | INFO | Episode 219/250 - Reward: 9.65, Length: 8, Loss: 0.1525
2026-03-17 00:23:30 | INFO | Episode 220/250 - Reward: 9.65, Length: 8, Loss: 0.1350
2026-03-17 00:23:31 | INFO | Episode 221/250 - Reward: 9.45, Length: 9, Loss: 1.7397
2026-03-17 00:23:31 | INFO | Episode 222/250 - Reward: 9.65, Length: 8, Loss: 0.1848
2026-03-17 00:23:32 | INFO | Episode 223/250 - Reward: 9.65, Length: 8, Loss: 0.1532
2026-03-17 00:23:32 | INFO | Episode 224/250 - Reward: 9.65, Length: 8, Loss: 0.1332
2026-03-17 00:23:33 | INFO | Episode 225/250 - Reward: 9.55, Length: 10, Loss: 1.4405
2026-03-17 00:23:33 | INFO | Episode 226/250 - Reward: 9.65, Length: 8, Loss: 0.1212
2026-03-17 00:23:34 | INFO | Episode 227/250 - Reward: 9.65, Length: 8, Loss: 0.1127
2026-03-17 00:23:34 | INFO | Episode 228/250 - Reward: 9.65, Length: 8, Loss: 0.1055
2026-03-17 00:23:35 | INFO | Episode 229/250 - Reward: 9.65, Length: 8, Loss: 0.0992
2026-03-17 00:23:36 | INFO | Episode 230/250 - Reward: 9.65, Length: 8, Loss: 0.0936
2026-03-17 00:23:36 | INFO | Episode 231/250 - Reward: 9.35, Length: 11, Loss: 1.2571
2026-03-17 00:23:36 | INFO | Episode 232/250 - Reward: 9.55, Length: 10, Loss: 0.9578
2026-03-17 00:23:36 | INFO | Episode 233/250 - Reward: 9.55, Length: 10, Loss: 0.7483
2026-03-17 00:23:37 | INFO | Episode 234/250 - Reward: 9.65, Length: 8, Loss: 0.1141
2026-03-17 00:23:37 | INFO | Episode 235/250 - Reward: 9.65, Length: 8, Loss: 0.1066
2026-03-17 00:23:38 | INFO | Episode 236/250 - Reward: 9.15, Length: 12, Loss: 1.3745
2026-03-17 00:23:38 | INFO | Episode 237/250 - Reward: 9.65, Length: 8, Loss: 0.1240
2026-03-17 00:23:39 | INFO | Episode 238/250 - Reward: 9.65, Length: 8, Loss: 0.1147
2026-03-17 00:23:39 | INFO | Episode 239/250 - Reward: 9.65, Length: 8, Loss: 0.1068
2026-03-17 00:23:40 | INFO | Episode 240/250 - Reward: 9.65, Length: 8, Loss: 0.1000
2026-03-17 00:23:40 | INFO | Episode 241/250 - Reward: 9.65, Length: 8, Loss: 0.0940
2026-03-17 00:23:41 | INFO | Episode 242/250 - Reward: 9.65, Length: 8, Loss: 0.0886
2026-03-17 00:23:41 | INFO | Episode 243/250 - Reward: 9.65, Length: 8, Loss: 0.0838
2026-03-17 00:23:42 | INFO | Episode 244/250 - Reward: 9.65, Length: 8, Loss: 0.0796
2026-03-17 00:23:42 | INFO | Episode 245/250 - Reward: 9.65, Length: 8, Loss: 0.0757
2026-03-17 00:23:43 | INFO | Episode 246/250 - Reward: 9.65, Length: 8, Loss: 0.0721
2026-03-17 00:23:43 | INFO | Episode 247/250 - Reward: 9.65, Length: 8, Loss: 0.0689
2026-03-17 00:23:44 | INFO | Episode 248/250 - Reward: 9.65, Length: 8, Loss: 0.0659
2026-03-17 00:23:45 | INFO | Episode 249/250 - Reward: 9.65, Length: 8, Loss: 0.0631
2026-03-17 00:23:45 | INFO | Episode 250/250 - Reward: 9.65, Length: 8, Loss: 0.0606
2026-03-17 00:23:45 | INFO | Episode 250/250 - Avg Reward: 9.58, Avg Length: 8.52, Avg Loss: 0.3704
