2026-03-17 00:34:36 | INFO | ============================================================
2026-03-17 00:34:36 | INFO | DEVICE / COMPUTE INFORMATION
2026-03-17 00:34:36 | INFO |   JAX backend       : GPU
2026-03-17 00:34:36 | INFO |   Platform          : gpu
2026-03-17 00:34:36 | INFO |   Num devices       : 1
2026-03-17 00:34:36 | INFO |   Device            : cuda:0
2026-03-17 00:34:36 | INFO |   GPU name          : NVIDIA GeForce RTX 5060 Laptop GPU
2026-03-17 00:34:36 | INFO | ============================================================
2026-03-17 00:34:36 | INFO | ✓ JAX GPU backend confirmed.
2026-03-17 00:34:37 | INFO | REINFORCE seed=4_gamma=0.9_lr=0.001
2026-03-17 00:34:41 | INFO | Episode 1/250 - Reward: -4.85, Length: 40, Loss: -0.5735
2026-03-17 00:34:42 | INFO | Episode 2/250 - Reward: -3.95, Length: 40, Loss: -0.5279
2026-03-17 00:34:42 | INFO | Episode 3/250 - Reward: 3.75, Length: 30, Loss: 0.3182
2026-03-17 00:34:43 | INFO | Episode 4/250 - Reward: 5.00, Length: 32, Loss: 0.3388
2026-03-17 00:34:44 | INFO | Episode 5/250 - Reward: -7.10, Length: 40, Loss: -0.4271
2026-03-17 00:34:44 | INFO | Episode 6/250 - Reward: 2.65, Length: 31, Loss: 0.2222
2026-03-17 00:34:45 | INFO | Episode 7/250 - Reward: -4.70, Length: 40, Loss: -0.5698
2026-03-17 00:34:46 | INFO | Episode 8/250 - Reward: -3.95, Length: 40, Loss: -0.5042
2026-03-17 00:34:46 | INFO | Episode 9/250 - Reward: -7.25, Length: 40, Loss: -0.4544
2026-03-17 00:34:47 | INFO | Episode 10/250 - Reward: -3.95, Length: 40, Loss: -0.6219
2026-03-17 00:34:48 | INFO | Episode 11/250 - Reward: -5.15, Length: 40, Loss: -0.5101
2026-03-17 00:34:48 | INFO | Episode 12/250 - Reward: -4.55, Length: 40, Loss: -0.5530
2026-03-17 00:34:49 | INFO | Episode 13/250 - Reward: 7.95, Length: 18, Loss: 1.3765
2026-03-17 00:34:50 | INFO | Episode 14/250 - Reward: -5.75, Length: 40, Loss: -0.5493
2026-03-17 00:34:50 | INFO | Episode 15/250 - Reward: -4.70, Length: 40, Loss: -0.5588
2026-03-17 00:34:51 | INFO | Episode 16/250 - Reward: -3.50, Length: 40, Loss: -0.4923
2026-03-17 00:34:52 | INFO | Episode 17/250 - Reward: 4.65, Length: 18, Loss: 1.0139
2026-03-17 00:34:52 | INFO | Episode 18/250 - Reward: -5.15, Length: 40, Loss: -0.6025
2026-03-17 00:34:53 | INFO | Episode 19/250 - Reward: -4.55, Length: 40, Loss: -0.5465
2026-03-17 00:34:54 | INFO | Episode 20/250 - Reward: -5.15, Length: 40, Loss: -0.5918
2026-03-17 00:34:54 | INFO | Episode 21/250 - Reward: -4.70, Length: 40, Loss: -0.5187
2026-03-17 00:34:55 | INFO | Episode 22/250 - Reward: -8.75, Length: 40, Loss: -0.4010
2026-03-17 00:34:56 | INFO | Episode 23/250 - Reward: -5.00, Length: 40, Loss: -0.5836
2026-03-17 00:34:56 | INFO | Episode 24/250 - Reward: -4.85, Length: 40, Loss: -0.4976
2026-03-17 00:34:57 | INFO | Episode 25/250 - Reward: -5.60, Length: 40, Loss: -0.5389
2026-03-17 00:34:57 | INFO | Episode 26/250 - Reward: -4.25, Length: 40, Loss: -0.5722
2026-03-17 00:34:58 | INFO | Episode 27/250 - Reward: 5.20, Length: 25, Loss: 0.5994
2026-03-17 00:34:59 | INFO | Episode 28/250 - Reward: -5.00, Length: 40, Loss: -0.5430
2026-03-17 00:35:00 | INFO | Episode 29/250 - Reward: -5.30, Length: 40, Loss: -0.5630
2026-03-17 00:35:00 | INFO | Episode 30/250 - Reward: -10.25, Length: 40, Loss: -0.5185
2026-03-17 00:35:01 | INFO | Episode 31/250 - Reward: -4.25, Length: 40, Loss: -0.4202
2026-03-17 00:35:02 | INFO | Episode 32/250 - Reward: -5.60, Length: 40, Loss: -0.5385
2026-03-17 00:35:02 | INFO | Episode 33/250 - Reward: 8.65, Length: 16, Loss: 1.6044
2026-03-17 00:35:03 | INFO | Episode 34/250 - Reward: -4.40, Length: 40, Loss: -0.5102
2026-03-17 00:35:04 | INFO | Episode 35/250 - Reward: -4.70, Length: 40, Loss: -0.5235
2026-03-17 00:35:04 | INFO | Episode 36/250 - Reward: -4.70, Length: 40, Loss: -0.5027
2026-03-17 00:35:05 | INFO | Episode 37/250 - Reward: -5.60, Length: 40, Loss: -0.5661
2026-03-17 00:35:06 | INFO | Episode 38/250 - Reward: -5.00, Length: 40, Loss: -0.5045
2026-03-17 00:35:05 | INFO | Episode 39/250 - Reward: -3.95, Length: 40, Loss: -0.5311
2026-03-17 00:35:06 | INFO | Episode 40/250 - Reward: -5.75, Length: 40, Loss: -0.5153
2026-03-17 00:35:07 | INFO | Episode 41/250 - Reward: 8.35, Length: 19, Loss: 1.3242
2026-03-17 00:35:07 | INFO | Episode 42/250 - Reward: 6.00, Length: 18, Loss: 1.2014
2026-03-17 00:35:08 | INFO | Episode 43/250 - Reward: -4.55, Length: 40, Loss: -0.5448
2026-03-17 00:35:08 | INFO | Episode 44/250 - Reward: -5.15, Length: 40, Loss: -0.5087
2026-03-17 00:35:09 | INFO | Episode 45/250 - Reward: -7.70, Length: 40, Loss: -0.4812
2026-03-17 00:35:10 | INFO | Episode 46/250 - Reward: -5.30, Length: 40, Loss: -0.5528
2026-03-17 00:35:11 | INFO | Episode 47/250 - Reward: -4.55, Length: 40, Loss: -0.4894
2026-03-17 00:35:11 | INFO | Episode 48/250 - Reward: -4.10, Length: 40, Loss: -0.5364
2026-03-17 00:35:12 | INFO | Episode 49/250 - Reward: -5.15, Length: 40, Loss: -0.4885
2026-03-17 00:35:13 | INFO | Episode 50/250 - Reward: 4.55, Length: 20, Loss: 0.8500
2026-03-17 00:35:13 | INFO | Episode 50/250 - Avg Reward: -3.03, Avg Length: 36.54, Avg Loss: -0.2437
2026-03-17 00:35:13 | INFO | Episode 51/250 - Reward: -5.60, Length: 40, Loss: -0.4902
2026-03-17 00:35:14 | INFO | Episode 52/250 - Reward: -5.15, Length: 40, Loss: -0.5700
2026-03-17 00:35:15 | INFO | Episode 53/250 - Reward: -12.05, Length: 40, Loss: -0.4033
2026-03-17 00:35:16 | INFO | Episode 54/250 - Reward: -4.10, Length: 40, Loss: -0.5414
2026-03-17 00:35:16 | INFO | Episode 55/250 - Reward: -5.15, Length: 40, Loss: -0.5430
2026-03-17 00:35:17 | INFO | Episode 56/250 - Reward: -9.80, Length: 40, Loss: -0.4487
2026-03-17 00:35:18 | INFO | Episode 57/250 - Reward: -2.90, Length: 40, Loss: -0.5467
2026-03-17 00:35:18 | INFO | Episode 58/250 - Reward: -5.75, Length: 40, Loss: -0.4979
2026-03-17 00:35:19 | INFO | Episode 59/250 - Reward: -4.70, Length: 40, Loss: -0.5667
2026-03-17 00:35:20 | INFO | Episode 60/250 - Reward: -5.15, Length: 40, Loss: -0.5299
2026-03-17 00:35:20 | INFO | Episode 61/250 - Reward: -4.55, Length: 40, Loss: -0.5950
2026-03-17 00:35:21 | INFO | Episode 62/250 - Reward: 8.85, Length: 12, Loss: 2.1283
2026-03-17 00:35:21 | INFO | Episode 63/250 - Reward: 8.15, Length: 20, Loss: 1.2404
2026-03-17 00:35:22 | INFO | Episode 64/250 - Reward: 7.55, Length: 23, Loss: 0.9341
2026-03-17 00:35:23 | INFO | Episode 65/250 - Reward: 1.75, Length: 31, Loss: 0.1931
2026-03-17 00:35:23 | INFO | Episode 66/250 - Reward: 6.15, Length: 33, Loss: 0.3606
2026-03-17 00:35:24 | INFO | Episode 67/250 - Reward: -3.50, Length: 40, Loss: -0.6306
2026-03-17 00:35:25 | INFO | Episode 68/250 - Reward: -3.95, Length: 40, Loss: -0.5159
2026-03-17 00:35:25 | INFO | Episode 69/250 - Reward: 7.55, Length: 23, Loss: 0.9173
2026-03-17 00:35:26 | INFO | Episode 70/250 - Reward: 3.85, Length: 22, Loss: 0.6800
2026-03-17 00:35:27 | INFO | Episode 71/250 - Reward: 5.85, Length: 39, Loss: 0.1766
2026-03-17 00:35:27 | INFO | Episode 72/250 - Reward: -5.15, Length: 40, Loss: -0.5522
2026-03-17 00:35:28 | INFO | Episode 73/250 - Reward: 4.30, Length: 40, Loss: 0.1484
2026-03-17 00:35:29 | INFO | Episode 74/250 - Reward: -5.15, Length: 40, Loss: -0.5561
2026-03-17 00:35:29 | INFO | Episode 75/250 - Reward: -4.85, Length: 40, Loss: -0.5833
2026-03-17 00:35:30 | INFO | Episode 76/250 - Reward: -6.05, Length: 40, Loss: -0.6161
2026-03-17 00:35:31 | INFO | Episode 77/250 - Reward: -4.25, Length: 40, Loss: -0.5194
2026-03-17 00:35:31 | INFO | Episode 78/250 - Reward: -3.95, Length: 40, Loss: -0.5633
2026-03-17 00:35:32 | INFO | Episode 79/250 - Reward: 0.40, Length: 40, Loss: 0.0212
2026-03-17 00:35:33 | INFO | Episode 80/250 - Reward: -5.15, Length: 40, Loss: -0.5740
2026-03-17 00:35:34 | INFO | Episode 81/250 - Reward: 4.90, Length: 31, Loss: 0.3371
2026-03-17 00:35:34 | INFO | Episode 82/250 - Reward: -4.55, Length: 40, Loss: -0.5336
2026-03-17 00:35:35 | INFO | Episode 83/250 - Reward: -4.25, Length: 40, Loss: -0.5731
2026-03-17 00:35:36 | INFO | Episode 84/250 - Reward: -5.30, Length: 40, Loss: -0.5652
2026-03-17 00:35:36 | INFO | Episode 85/250 - Reward: -4.40, Length: 40, Loss: -0.5850
2026-03-17 00:35:37 | INFO | Episode 86/250 - Reward: -5.45, Length: 40, Loss: -0.5613
2026-03-17 00:35:37 | INFO | Episode 87/250 - Reward: -5.15, Length: 40, Loss: -0.5647
2026-03-17 00:35:37 | INFO | Episode 88/250 - Reward: -4.70, Length: 40, Loss: -0.5588
2026-03-17 00:35:38 | INFO | Episode 89/250 - Reward: 7.25, Length: 26, Loss: 0.7117
2026-03-17 00:35:39 | INFO | Episode 90/250 - Reward: -4.85, Length: 40, Loss: -0.5951
2026-03-17 00:35:39 | INFO | Episode 91/250 - Reward: -4.25, Length: 40, Loss: -0.6037
2026-03-17 00:35:40 | INFO | Episode 92/250 - Reward: -5.00, Length: 40, Loss: -0.4970
2026-03-17 00:35:41 | INFO | Episode 93/250 - Reward: 6.55, Length: 34, Loss: 0.3521
2026-03-17 00:35:41 | INFO | Episode 94/250 - Reward: -4.85, Length: 40, Loss: -0.5950
2026-03-17 00:35:42 | INFO | Episode 95/250 - Reward: -5.45, Length: 40, Loss: -0.5577
2026-03-17 00:35:43 | INFO | Episode 96/250 - Reward: 2.90, Length: 17, Loss: 0.7800
2026-03-17 00:35:43 | INFO | Episode 97/250 - Reward: 3.90, Length: 33, Loss: 0.2599
2026-03-17 00:35:44 | INFO | Episode 98/250 - Reward: -7.55, Length: 40, Loss: -0.4910
2026-03-17 00:35:45 | INFO | Episode 99/250 - Reward: -5.00, Length: 40, Loss: -0.5752
2026-03-17 00:35:45 | INFO | Episode 100/250 - Reward: -5.75, Length: 40, Loss: -0.5534
2026-03-17 00:35:45 | INFO | Episode 100/250 - Avg Reward: -2.07, Avg Length: 36.48, Avg Loss: -0.2002
2026-03-17 00:35:46 | INFO | Episode 101/250 - Reward: -4.40, Length: 40, Loss: -0.5409
2026-03-17 00:35:47 | INFO | Episode 102/250 - Reward: -5.00, Length: 40, Loss: -0.5886
2026-03-17 00:35:47 | INFO | Episode 103/250 - Reward: 4.60, Length: 40, Loss: 0.1220
2026-03-17 00:35:48 | INFO | Episode 104/250 - Reward: -5.45, Length: 40, Loss: -0.5587
2026-03-17 00:35:49 | INFO | Episode 105/250 - Reward: -4.85, Length: 40, Loss: -0.5744
2026-03-17 00:35:50 | INFO | Episode 106/250 - Reward: 6.35, Length: 35, Loss: 0.2446
2026-03-17 00:35:50 | INFO | Episode 107/250 - Reward: -3.95, Length: 40, Loss: -0.4702
2026-03-17 00:35:51 | INFO | Episode 108/250 - Reward: -5.90, Length: 40, Loss: -0.4122
2026-03-17 00:35:52 | INFO | Episode 109/250 - Reward: -9.95, Length: 40, Loss: -0.4691
2026-03-17 00:35:52 | INFO | Episode 110/250 - Reward: -5.60, Length: 40, Loss: -0.4975
2026-03-17 00:35:53 | INFO | Episode 111/250 - Reward: 6.00, Length: 18, Loss: 1.2041
2026-03-17 00:35:54 | INFO | Episode 112/250 - Reward: 6.60, Length: 18, Loss: 1.2639
2026-03-17 00:35:54 | INFO | Episode 113/250 - Reward: 7.45, Length: 22, Loss: 0.9630
2026-03-17 00:35:55 | INFO | Episode 114/250 - Reward: -5.75, Length: 40, Loss: -0.5966
2026-03-17 00:35:55 | INFO | Episode 115/250 - Reward: -4.40, Length: 40, Loss: -0.5882
2026-03-17 00:35:56 | INFO | Episode 116/250 - Reward: -5.60, Length: 40, Loss: -0.5368
2026-03-17 00:35:57 | INFO | Episode 117/250 - Reward: -5.30, Length: 40, Loss: -0.5715
2026-03-17 00:35:57 | INFO | Episode 118/250 - Reward: -5.45, Length: 40, Loss: -0.5273
2026-03-17 00:35:58 | INFO | Episode 119/250 - Reward: -0.15, Length: 30, Loss: 0.0601
2026-03-17 00:35:59 | INFO | Episode 120/250 - Reward: 2.45, Length: 38, Loss: 0.1038
2026-03-17 00:36:00 | INFO | Episode 121/250 - Reward: -8.60, Length: 40, Loss: -0.3470
2026-03-17 00:36:01 | INFO | Episode 122/250 - Reward: -4.70, Length: 40, Loss: -0.5640
2026-03-17 00:36:01 | INFO | Episode 123/250 - Reward: 3.25, Length: 31, Loss: 0.2551
2026-03-17 00:36:02 | INFO | Episode 124/250 - Reward: 5.55, Length: 39, Loss: 0.1631
2026-03-17 00:36:03 | INFO | Episode 125/250 - Reward: -9.80, Length: 40, Loss: -0.3959
2026-03-17 00:36:03 | INFO | Episode 126/250 - Reward: -4.85, Length: 40, Loss: -0.5536
2026-03-17 00:36:04 | INFO | Episode 127/250 - Reward: -4.40, Length: 40, Loss: -0.5153
2026-03-17 00:36:05 | INFO | Episode 128/250 - Reward: 6.15, Length: 39, Loss: 0.1642
2026-03-17 00:36:05 | INFO | Episode 129/250 - Reward: -4.85, Length: 40, Loss: -0.5160
2026-03-17 00:36:06 | INFO | Episode 130/250 - Reward: -3.50, Length: 40, Loss: -0.5428
2026-03-17 00:36:07 | INFO | Episode 131/250 - Reward: -5.30, Length: 40, Loss: -0.5774
2026-03-17 00:36:07 | INFO | Episode 132/250 - Reward: -6.50, Length: 40, Loss: -0.5722
2026-03-17 00:36:08 | INFO | Episode 133/250 - Reward: -5.45, Length: 40, Loss: -0.4688
2026-03-17 00:36:09 | INFO | Episode 134/250 - Reward: -4.70, Length: 40, Loss: -0.6138
2026-03-17 00:36:08 | INFO | Episode 135/250 - Reward: -5.60, Length: 40, Loss: -0.5331
2026-03-17 00:36:09 | INFO | Episode 136/250 - Reward: -5.15, Length: 40, Loss: -0.6032
2026-03-17 00:36:10 | INFO | Episode 137/250 - Reward: -4.55, Length: 40, Loss: -0.6178
2026-03-17 00:36:10 | INFO | Episode 138/250 - Reward: -3.95, Length: 40, Loss: -0.5045
2026-03-17 00:36:11 | INFO | Episode 139/250 - Reward: -7.85, Length: 40, Loss: -0.4289
2026-03-17 00:36:12 | INFO | Episode 140/250 - Reward: -5.45, Length: 40, Loss: -0.5127
2026-03-17 00:36:12 | INFO | Episode 141/250 - Reward: -15.65, Length: 40, Loss: -0.4845
2026-03-17 00:36:13 | INFO | Episode 142/250 - Reward: 8.95, Length: 13, Loss: 1.9863
2026-03-17 00:36:14 | INFO | Episode 143/250 - Reward: -5.15, Length: 40, Loss: -0.5678
2026-03-17 00:36:14 | INFO | Episode 144/250 - Reward: -5.15, Length: 40, Loss: -0.5301
2026-03-17 00:36:15 | INFO | Episode 145/250 - Reward: -5.15, Length: 40, Loss: -0.5634
2026-03-17 00:36:16 | INFO | Episode 146/250 - Reward: -4.85, Length: 40, Loss: -0.5410
2026-03-17 00:36:16 | INFO | Episode 147/250 - Reward: -4.70, Length: 40, Loss: -0.5283
2026-03-17 00:36:17 | INFO | Episode 148/250 - Reward: 8.85, Length: 15, Loss: 1.6939
2026-03-17 00:36:18 | INFO | Episode 149/250 - Reward: -8.60, Length: 40, Loss: -0.3740
2026-03-17 00:36:18 | INFO | Episode 150/250 - Reward: -4.55, Length: 40, Loss: -0.6114
2026-03-17 00:36:18 | INFO | Episode 150/250 - Avg Reward: -3.09, Avg Length: 37.16, Avg Loss: -0.2355
2026-03-17 00:36:19 | INFO | Episode 151/250 - Reward: -5.30, Length: 40, Loss: -0.5255
2026-03-17 00:36:19 | INFO | Episode 152/250 - Reward: 7.85, Length: 23, Loss: 0.9291
2026-03-17 00:36:20 | INFO | Episode 153/250 - Reward: -4.10, Length: 40, Loss: -0.5117
2026-03-17 00:36:20 | INFO | Episode 154/250 - Reward: -4.85, Length: 40, Loss: -0.5819
2026-03-17 00:36:21 | INFO | Episode 155/250 - Reward: -5.45, Length: 40, Loss: -0.5181
2026-03-17 00:36:21 | INFO | Episode 156/250 - Reward: -4.85, Length: 40, Loss: -0.5786
2026-03-17 00:36:22 | INFO | Episode 157/250 - Reward: -4.70, Length: 40, Loss: -0.4738
2026-03-17 00:36:22 | INFO | Episode 158/250 - Reward: 6.20, Length: 17, Loss: 1.2291
2026-03-17 00:36:23 | INFO | Episode 159/250 - Reward: -10.25, Length: 40, Loss: -0.4544
2026-03-17 00:36:23 | INFO | Episode 160/250 - Reward: -9.35, Length: 40, Loss: -0.5619
2026-03-17 00:36:24 | INFO | Episode 161/250 - Reward: -5.30, Length: 40, Loss: -0.5552
2026-03-17 00:36:24 | INFO | Episode 162/250 - Reward: -6.05, Length: 40, Loss: -0.5968
2026-03-17 00:36:25 | INFO | Episode 163/250 - Reward: -5.45, Length: 40, Loss: -0.5825
2026-03-17 00:36:25 | INFO | Episode 164/250 - Reward: -4.40, Length: 40, Loss: -0.5493
2026-03-17 00:36:26 | INFO | Episode 165/250 - Reward: 5.20, Length: 31, Loss: 0.3667
2026-03-17 00:36:26 | INFO | Episode 166/250 - Reward: -5.75, Length: 40, Loss: -0.5503
2026-03-17 00:36:27 | INFO | Episode 167/250 - Reward: -4.85, Length: 40, Loss: -0.5381
2026-03-17 00:36:27 | INFO | Episode 168/250 - Reward: -4.85, Length: 40, Loss: -0.5252
2026-03-17 00:36:28 | INFO | Episode 169/250 - Reward: -4.70, Length: 40, Loss: -0.5186
2026-03-17 00:36:28 | INFO | Episode 170/250 - Reward: -4.40, Length: 40, Loss: -0.5222
2026-03-17 00:36:29 | INFO | Episode 171/250 - Reward: -5.75, Length: 40, Loss: -0.5445
2026-03-17 00:36:29 | INFO | Episode 172/250 - Reward: -5.15, Length: 40, Loss: -0.5199
2026-03-17 00:36:30 | INFO | Episode 173/250 - Reward: -5.15, Length: 40, Loss: -0.5362
2026-03-17 00:36:31 | INFO | Episode 174/250 - Reward: -4.55, Length: 40, Loss: -0.6005
2026-03-17 00:36:31 | INFO | Episode 175/250 - Reward: -5.15, Length: 40, Loss: -0.5545
2026-03-17 00:36:32 | INFO | Episode 176/250 - Reward: -4.55, Length: 40, Loss: -0.5968
2026-03-17 00:36:32 | INFO | Episode 177/250 - Reward: -8.60, Length: 40, Loss: -0.4582
2026-03-17 00:36:33 | INFO | Episode 178/250 - Reward: -4.85, Length: 40, Loss: -0.5487
2026-03-17 00:36:34 | INFO | Episode 179/250 - Reward: -4.55, Length: 40, Loss: -0.5506
2026-03-17 00:36:34 | INFO | Episode 180/250 - Reward: 5.50, Length: 28, Loss: 0.4966
2026-03-17 00:36:35 | INFO | Episode 181/250 - Reward: -4.70, Length: 40, Loss: -0.5388
2026-03-17 00:36:35 | INFO | Episode 182/250 - Reward: -5.45, Length: 40, Loss: -0.5988
2026-03-17 00:36:36 | INFO | Episode 183/250 - Reward: -3.50, Length: 40, Loss: -0.5860
2026-03-17 00:36:37 | INFO | Episode 184/250 - Reward: -4.70, Length: 40, Loss: -0.5910
2026-03-17 00:36:37 | INFO | Episode 185/250 - Reward: -7.70, Length: 40, Loss: -0.3562
2026-03-17 00:36:38 | INFO | Episode 186/250 - Reward: 5.95, Length: 37, Loss: 0.2170
2026-03-17 00:36:38 | INFO | Episode 187/250 - Reward: 6.65, Length: 32, Loss: 0.4135
2026-03-17 00:36:39 | INFO | Episode 188/250 - Reward: -4.40, Length: 40, Loss: -0.5725
2026-03-17 00:36:40 | INFO | Episode 189/250 - Reward: -6.95, Length: 40, Loss: -0.6673
2026-03-17 00:36:39 | INFO | Episode 190/250 - Reward: -5.75, Length: 40, Loss: -0.5405
2026-03-17 00:36:40 | INFO | Episode 191/250 - Reward: -5.60, Length: 40, Loss: -0.5592
2026-03-17 00:36:41 | INFO | Episode 192/250 - Reward: -3.65, Length: 40, Loss: -0.5611
2026-03-17 00:36:41 | INFO | Episode 193/250 - Reward: -4.40, Length: 40, Loss: -0.5625
2026-03-17 00:36:42 | INFO | Episode 194/250 - Reward: -4.85, Length: 40, Loss: -0.6343
2026-03-17 00:36:42 | INFO | Episode 195/250 - Reward: 7.05, Length: 24, Loss: 0.8293
2026-03-17 00:36:43 | INFO | Episode 196/250 - Reward: -5.15, Length: 40, Loss: -0.6079
2026-03-17 00:36:44 | INFO | Episode 197/250 - Reward: -4.40, Length: 40, Loss: -0.5351
2026-03-17 00:36:44 | INFO | Episode 198/250 - Reward: -4.25, Length: 40, Loss: -0.4863
2026-03-17 00:36:45 | INFO | Episode 199/250 - Reward: -4.85, Length: 40, Loss: -0.6254
2026-03-17 00:36:45 | INFO | Episode 200/250 - Reward: -13.55, Length: 40, Loss: -0.4907
2026-03-17 00:36:45 | INFO | Episode 200/250 - Avg Reward: -3.85, Avg Length: 38.24, Avg Loss: -0.3817
2026-03-17 00:36:46 | INFO | Episode 201/250 - Reward: -4.40, Length: 40, Loss: -0.5885
2026-03-17 00:36:47 | INFO | Episode 202/250 - Reward: -6.20, Length: 40, Loss: -0.4942
2026-03-17 00:36:47 | INFO | Episode 203/250 - Reward: -4.70, Length: 40, Loss: -0.5718
2026-03-17 00:36:48 | INFO | Episode 204/250 - Reward: -5.30, Length: 40, Loss: -0.5396
2026-03-17 00:36:48 | INFO | Episode 205/250 - Reward: -5.15, Length: 40, Loss: -0.5318
2026-03-17 00:36:49 | INFO | Episode 206/250 - Reward: -4.55, Length: 40, Loss: -0.6332
2026-03-17 00:36:50 | INFO | Episode 207/250 - Reward: -5.00, Length: 40, Loss: -0.5461
2026-03-17 00:36:50 | INFO | Episode 208/250 - Reward: -4.25, Length: 40, Loss: -0.5489
2026-03-17 00:36:51 | INFO | Episode 209/250 - Reward: -6.65, Length: 40, Loss: -0.4978
2026-03-17 00:36:52 | INFO | Episode 210/250 - Reward: -4.10, Length: 40, Loss: -0.5649
2026-03-17 00:36:52 | INFO | Episode 211/250 - Reward: -4.10, Length: 40, Loss: -0.5484
2026-03-17 00:36:53 | INFO | Episode 212/250 - Reward: -4.25, Length: 40, Loss: -0.5204
2026-03-17 00:36:53 | INFO | Episode 213/250 - Reward: -4.55, Length: 40, Loss: -0.5467
2026-03-17 00:36:54 | INFO | Episode 214/250 - Reward: -7.55, Length: 40, Loss: -0.4511
2026-03-17 00:36:54 | INFO | Episode 215/250 - Reward: 4.15, Length: 22, Loss: 0.6895
2026-03-17 00:36:55 | INFO | Episode 216/250 - Reward: 5.60, Length: 23, Loss: 0.8255
2026-03-17 00:36:56 | INFO | Episode 217/250 - Reward: 1.10, Length: 35, Loss: 0.0843
2026-03-17 00:36:56 | INFO | Episode 218/250 - Reward: -8.00, Length: 40, Loss: -0.5661
2026-03-17 00:36:57 | INFO | Episode 219/250 - Reward: -4.25, Length: 40, Loss: -0.5775
2026-03-17 00:36:57 | INFO | Episode 220/250 - Reward: -4.85, Length: 40, Loss: -0.5533
2026-03-17 00:36:58 | INFO | Episode 221/250 - Reward: -4.85, Length: 40, Loss: -0.6398
2026-03-17 00:36:59 | INFO | Episode 222/250 - Reward: 4.55, Length: 23, Loss: 0.6607
2026-03-17 00:36:59 | INFO | Episode 223/250 - Reward: -7.40, Length: 40, Loss: -0.5721
2026-03-17 00:37:00 | INFO | Episode 224/250 - Reward: 6.40, Length: 16, Loss: 1.3733
2026-03-17 00:37:00 | INFO | Episode 225/250 - Reward: -5.15, Length: 40, Loss: -0.6106
2026-03-17 00:37:01 | INFO | Episode 226/250 - Reward: -10.40, Length: 40, Loss: -0.4271
2026-03-17 00:37:02 | INFO | Episode 227/250 - Reward: -5.15, Length: 40, Loss: -0.4781
2026-03-17 00:37:02 | INFO | Episode 228/250 - Reward: -5.15, Length: 40, Loss: -0.5506
2026-03-17 00:37:03 | INFO | Episode 229/250 - Reward: -4.70, Length: 40, Loss: -0.4782
2026-03-17 00:37:03 | INFO | Episode 230/250 - Reward: -5.45, Length: 40, Loss: -0.5549
2026-03-17 00:37:04 | INFO | Episode 231/250 - Reward: -4.55, Length: 40, Loss: -0.5400
2026-03-17 00:37:05 | INFO | Episode 232/250 - Reward: -6.50, Length: 40, Loss: -0.5033
2026-03-17 00:37:05 | INFO | Episode 233/250 - Reward: -4.25, Length: 40, Loss: -0.5506
2026-03-17 00:37:06 | INFO | Episode 234/250 - Reward: -9.95, Length: 40, Loss: -0.3782
2026-03-17 00:37:07 | INFO | Episode 235/250 - Reward: -17.00, Length: 40, Loss: -0.3707
2026-03-17 00:37:08 | INFO | Episode 236/250 - Reward: -5.30, Length: 40, Loss: -0.4983
2026-03-17 00:37:09 | INFO | Episode 237/250 - Reward: -5.15, Length: 40, Loss: -0.5405
2026-03-17 00:37:10 | INFO | Episode 238/250 - Reward: 6.65, Length: 32, Loss: 0.3628
2026-03-17 00:37:11 | INFO | Episode 239/250 - Reward: -3.95, Length: 40, Loss: -0.5274
2026-03-17 00:37:11 | INFO | Episode 240/250 - Reward: -4.85, Length: 40, Loss: -0.5509
2026-03-17 00:37:12 | INFO | Episode 241/250 - Reward: -3.65, Length: 40, Loss: -0.5406
2026-03-17 00:37:13 | INFO | Episode 242/250 - Reward: -4.10, Length: 40, Loss: -0.5661
2026-03-17 00:37:14 | INFO | Episode 243/250 - Reward: -4.85, Length: 40, Loss: -0.5565
2026-03-17 00:37:14 | INFO | Episode 244/250 - Reward: -6.05, Length: 40, Loss: -0.4161
2026-03-17 00:37:15 | INFO | Episode 245/250 - Reward: -3.80, Length: 40, Loss: -0.5119
2026-03-17 00:37:16 | INFO | Episode 246/250 - Reward: -7.85, Length: 40, Loss: -0.3113
2026-03-17 00:37:17 | INFO | Episode 247/250 - Reward: -9.20, Length: 40, Loss: -0.3653
2026-03-17 00:37:17 | INFO | Episode 248/250 - Reward: 7.45, Length: 22, Loss: 0.9310
2026-03-17 00:37:18 | INFO | Episode 249/250 - Reward: -5.45, Length: 40, Loss: -0.5291
2026-03-17 00:37:19 | INFO | Episode 250/250 - Reward: -6.05, Length: 40, Loss: -0.5852
2026-03-17 00:37:19 | INFO | Episode 250/250 - Avg Reward: -4.25, Avg Length: 37.86, Avg Loss: -0.3501
