2026-03-17 00:29:18 | INFO | ============================================================
2026-03-17 00:29:18 | INFO | DEVICE / COMPUTE INFORMATION
2026-03-17 00:29:18 | INFO |   JAX backend       : GPU
2026-03-17 00:29:18 | INFO |   Platform          : gpu
2026-03-17 00:29:18 | INFO |   Num devices       : 1
2026-03-17 00:29:18 | INFO |   Device            : cuda:0
2026-03-17 00:29:18 | INFO |   GPU name          : NVIDIA GeForce RTX 5060 Laptop GPU
2026-03-17 00:29:18 | INFO | ============================================================
2026-03-17 00:29:18 | INFO | ✓ JAX GPU backend confirmed.
2026-03-17 00:29:19 | INFO | REINFORCE seed=4_gamma=0.9_lr=0.1
2026-03-17 00:29:23 | INFO | Episode 1/250 - Reward: -4.85, Length: 40, Loss: -0.5735
2026-03-17 00:29:24 | INFO | Episode 2/250 - Reward: -3.95, Length: 40, Loss: -0.5254
2026-03-17 00:29:25 | INFO | Episode 3/250 - Reward: 3.75, Length: 30, Loss: 0.3195
2026-03-17 00:29:25 | INFO | Episode 4/250 - Reward: 5.00, Length: 32, Loss: 0.3340
2026-03-17 00:29:26 | INFO | Episode 5/250 - Reward: -7.10, Length: 40, Loss: -0.4104
2026-03-17 00:29:27 | INFO | Episode 6/250 - Reward: 2.65, Length: 31, Loss: 0.2221
2026-03-17 00:29:27 | INFO | Episode 7/250 - Reward: 8.65, Length: 16, Loss: 1.5264
2026-03-17 00:29:28 | INFO | Episode 8/250 - Reward: -4.40, Length: 40, Loss: -0.4740
2026-03-17 00:29:29 | INFO | Episode 9/250 - Reward: -7.40, Length: 40, Loss: -0.5036
2026-03-17 00:29:30 | INFO | Episode 10/250 - Reward: -3.95, Length: 40, Loss: -0.6420
2026-03-17 00:29:31 | INFO | Episode 11/250 - Reward: -5.30, Length: 40, Loss: -0.4531
2026-03-17 00:29:31 | INFO | Episode 12/250 - Reward: -4.70, Length: 40, Loss: -0.5708
2026-03-17 00:29:32 | INFO | Episode 13/250 - Reward: 7.95, Length: 18, Loss: 1.3088
2026-03-17 00:29:33 | INFO | Episode 14/250 - Reward: -5.60, Length: 40, Loss: -0.5406
2026-03-17 00:29:34 | INFO | Episode 15/250 - Reward: -4.25, Length: 40, Loss: -0.5049
2026-03-17 00:29:35 | INFO | Episode 16/250 - Reward: -4.40, Length: 40, Loss: -0.5069
2026-03-17 00:29:35 | INFO | Episode 17/250 - Reward: 3.00, Length: 18, Loss: 0.6732
2026-03-17 00:29:36 | INFO | Episode 18/250 - Reward: -5.00, Length: 40, Loss: -0.3983
2026-03-17 00:29:37 | INFO | Episode 19/250 - Reward: -5.45, Length: 40, Loss: -0.4098
2026-03-17 00:29:37 | INFO | Episode 20/250 - Reward: 7.00, Length: 16, Loss: 1.3288
2026-03-17 00:29:38 | INFO | Episode 21/250 - Reward: -4.85, Length: 40, Loss: -0.5905
2026-03-17 00:29:39 | INFO | Episode 22/250 - Reward: 8.75, Length: 17, Loss: 1.2956
2026-03-17 00:29:39 | INFO | Episode 23/250 - Reward: 4.40, Length: 35, Loss: 0.1055
2026-03-17 00:29:40 | INFO | Episode 24/250 - Reward: -5.60, Length: 40, Loss: -0.5235
2026-03-17 00:29:41 | INFO | Episode 25/250 - Reward: -5.75, Length: 40, Loss: -0.4309
2026-03-17 00:29:41 | INFO | Episode 26/250 - Reward: -4.25, Length: 40, Loss: -0.5416
2026-03-17 00:29:42 | INFO | Episode 27/250 - Reward: 7.75, Length: 22, Loss: 0.8214
2026-03-17 00:29:43 | INFO | Episode 28/250 - Reward: -5.00, Length: 40, Loss: -0.5056
2026-03-17 00:29:43 | INFO | Episode 29/250 - Reward: -5.30, Length: 40, Loss: -0.5664
2026-03-17 00:29:44 | INFO | Episode 30/250 - Reward: 7.55, Length: 20, Loss: 0.9712
2026-03-17 00:29:45 | INFO | Episode 31/250 - Reward: 7.55, Length: 20, Loss: 0.7298
2026-03-17 00:29:45 | INFO | Episode 32/250 - Reward: -5.75, Length: 40, Loss: -0.6354
2026-03-17 00:29:46 | INFO | Episode 33/250 - Reward: 7.00, Length: 13, Loss: 1.3051
2026-03-17 00:29:47 | INFO | Episode 34/250 - Reward: -4.70, Length: 40, Loss: -0.5512
2026-03-17 00:29:47 | INFO | Episode 35/250 - Reward: -5.15, Length: 40, Loss: -0.5919
2026-03-17 00:29:48 | INFO | Episode 36/250 - Reward: 8.55, Length: 15, Loss: 1.0850
2026-03-17 00:29:49 | INFO | Episode 37/250 - Reward: 7.75, Length: 19, Loss: 0.7761
2026-03-17 00:29:49 | INFO | Episode 38/250 - Reward: 3.35, Length: 26, Loss: 0.2917
2026-03-17 00:29:50 | INFO | Episode 39/250 - Reward: 7.30, Length: 13, Loss: 1.8564
2026-03-17 00:29:51 | INFO | Episode 40/250 - Reward: -6.35, Length: 40, Loss: -0.5101
2026-03-17 00:29:51 | INFO | Episode 41/250 - Reward: 7.55, Length: 20, Loss: 0.7143
2026-03-17 00:29:52 | INFO | Episode 42/250 - Reward: 8.25, Length: 15, Loss: 0.9857
2026-03-17 00:29:52 | INFO | Episode 43/250 - Reward: -7.55, Length: 40, Loss: -0.5652
2026-03-17 00:29:52 | INFO | Episode 44/250 - Reward: 7.35, Length: 24, Loss: 0.5491
2026-03-17 00:29:53 | INFO | Episode 45/250 - Reward: 4.75, Length: 16, Loss: 0.8246
2026-03-17 00:29:54 | INFO | Episode 46/250 - Reward: 5.45, Length: 29, Loss: 0.3083
2026-03-17 00:29:55 | INFO | Episode 47/250 - Reward: -6.20, Length: 40, Loss: -0.4335
2026-03-17 00:29:55 | INFO | Episode 48/250 - Reward: 8.75, Length: 14, Loss: 1.2284
2026-03-17 00:29:56 | INFO | Episode 49/250 - Reward: 9.65, Length: 8, Loss: 1.7803
2026-03-17 00:29:57 | INFO | Episode 50/250 - Reward: 9.45, Length: 9, Loss: 1.3700
2026-03-17 00:29:57 | INFO | Episode 50/250 - Avg Reward: 0.73, Avg Length: 29.92, Avg Loss: 0.1950
2026-03-17 00:29:58 | INFO | Episode 51/250 - Reward: -6.35, Length: 40, Loss: -0.4649
2026-03-17 00:29:58 | INFO | Episode 52/250 - Reward: 4.00, Length: 37, Loss: 0.0809
2026-03-17 00:29:59 | INFO | Episode 53/250 - Reward: 6.75, Length: 24, Loss: 0.6646
2026-03-17 00:30:00 | INFO | Episode 54/250 - Reward: 5.90, Length: 23, Loss: 0.6649
2026-03-17 00:30:00 | INFO | Episode 55/250 - Reward: 8.95, Length: 13, Loss: 1.1433
2026-03-17 00:30:01 | INFO | Episode 56/250 - Reward: 8.15, Length: 17, Loss: 0.9208
2026-03-17 00:30:02 | INFO | Episode 57/250 - Reward: 8.65, Length: 13, Loss: 1.2507
2026-03-17 00:30:02 | INFO | Episode 58/250 - Reward: 5.75, Length: 29, Loss: 0.2546
2026-03-17 00:30:03 | INFO | Episode 59/250 - Reward: 9.05, Length: 11, Loss: 1.1563
2026-03-17 00:30:04 | INFO | Episode 60/250 - Reward: -6.05, Length: 40, Loss: -0.4592
2026-03-17 00:30:04 | INFO | Episode 61/250 - Reward: 6.80, Length: 14, Loss: 0.9597
2026-03-17 00:30:05 | INFO | Episode 62/250 - Reward: 7.70, Length: 8, Loss: 1.5514
2026-03-17 00:30:06 | INFO | Episode 63/250 - Reward: -6.65, Length: 40, Loss: -0.4865
2026-03-17 00:30:07 | INFO | Episode 64/250 - Reward: -6.95, Length: 40, Loss: -0.3441
2026-03-17 00:30:07 | INFO | Episode 65/250 - Reward: 9.45, Length: 9, Loss: 1.1695
2026-03-17 00:30:08 | INFO | Episode 66/250 - Reward: 7.50, Length: 9, Loss: 1.2704
2026-03-17 00:30:09 | INFO | Episode 67/250 - Reward: -6.65, Length: 40, Loss: -0.1728
2026-03-17 00:30:09 | INFO | Episode 68/250 - Reward: 8.45, Length: 14, Loss: 1.3596
2026-03-17 00:30:10 | INFO | Episode 69/250 - Reward: 6.70, Length: 13, Loss: 1.0900
2026-03-17 00:30:11 | INFO | Episode 70/250 - Reward: 9.65, Length: 8, Loss: 1.1419
2026-03-17 00:30:11 | INFO | Episode 71/250 - Reward: 7.10, Length: 11, Loss: 1.4151
2026-03-17 00:30:12 | INFO | Episode 72/250 - Reward: -6.95, Length: 40, Loss: -0.5356
2026-03-17 00:30:13 | INFO | Episode 73/250 - Reward: -7.55, Length: 40, Loss: -0.2942
2026-03-17 00:30:14 | INFO | Episode 74/250 - Reward: -7.25, Length: 40, Loss: -0.4167
2026-03-17 00:30:14 | INFO | Episode 75/250 - Reward: 7.75, Length: 19, Loss: 0.5934
2026-03-17 00:30:15 | INFO | Episode 76/250 - Reward: 9.25, Length: 10, Loss: 1.1884
2026-03-17 00:30:16 | INFO | Episode 77/250 - Reward: -6.80, Length: 40, Loss: -0.0900
2026-03-17 00:30:16 | INFO | Episode 78/250 - Reward: 8.65, Length: 13, Loss: 1.2268
2026-03-17 00:30:17 | INFO | Episode 79/250 - Reward: 6.90, Length: 15, Loss: 1.9055
2026-03-17 00:30:18 | INFO | Episode 80/250 - Reward: 8.95, Length: 13, Loss: 1.5199
2026-03-17 00:30:18 | INFO | Episode 81/250 - Reward: 6.40, Length: 16, Loss: 1.2035
2026-03-17 00:30:19 | INFO | Episode 82/250 - Reward: 7.70, Length: 8, Loss: 1.8184
2026-03-17 00:30:20 | INFO | Episode 83/250 - Reward: -7.25, Length: 40, Loss: -0.3212
2026-03-17 00:30:20 | INFO | Episode 84/250 - Reward: -7.25, Length: 40, Loss: -0.3299
2026-03-17 00:30:21 | INFO | Episode 85/250 - Reward: 8.85, Length: 15, Loss: 1.2324
2026-03-17 00:30:22 | INFO | Episode 86/250 - Reward: 9.25, Length: 10, Loss: 1.2127
2026-03-17 00:30:22 | INFO | Episode 87/250 - Reward: 9.65, Length: 8, Loss: 0.9982
2026-03-17 00:30:23 | INFO | Episode 88/250 - Reward: 6.80, Length: 14, Loss: 1.0538
2026-03-17 00:30:24 | INFO | Episode 89/250 - Reward: 9.25, Length: 10, Loss: 1.0450
2026-03-17 00:30:23 | INFO | Episode 90/250 - Reward: 7.60, Length: 10, Loss: 1.7818
2026-03-17 00:30:24 | INFO | Episode 91/250 - Reward: 9.05, Length: 11, Loss: 1.1849
2026-03-17 00:30:25 | INFO | Episode 92/250 - Reward: 8.85, Length: 12, Loss: 0.9558
2026-03-17 00:30:26 | INFO | Episode 93/250 - Reward: 7.70, Length: 8, Loss: 1.4684
2026-03-17 00:30:26 | INFO | Episode 94/250 - Reward: 6.60, Length: 18, Loss: 0.9951
2026-03-17 00:30:27 | INFO | Episode 95/250 - Reward: 9.45, Length: 9, Loss: 1.5345
2026-03-17 00:30:28 | INFO | Episode 96/250 - Reward: 7.65, Length: 18, Loss: 0.7238
2026-03-17 00:30:28 | INFO | Episode 97/250 - Reward: 7.45, Length: 19, Loss: 0.6243
2026-03-17 00:30:29 | INFO | Episode 98/250 - Reward: 7.30, Length: 10, Loss: 1.4506
2026-03-17 00:30:30 | INFO | Episode 99/250 - Reward: 9.65, Length: 8, Loss: 0.8726
2026-03-17 00:30:30 | INFO | Episode 100/250 - Reward: 8.95, Length: 13, Loss: 1.0218
2026-03-17 00:30:31 | INFO | Episode 100/250 - Avg Reward: 4.69, Avg Length: 19.60, Avg Loss: 0.7958
2026-03-17 00:30:31 | INFO | Episode 101/250 - Reward: 6.90, Length: 12, Loss: 1.2398
2026-03-17 00:30:32 | INFO | Episode 102/250 - Reward: 9.65, Length: 8, Loss: 0.7993
2026-03-17 00:30:33 | INFO | Episode 103/250 - Reward: 9.45, Length: 9, Loss: 1.3344
2026-03-17 00:30:33 | INFO | Episode 104/250 - Reward: 9.65, Length: 8, Loss: 0.6663
2026-03-17 00:30:34 | INFO | Episode 105/250 - Reward: 9.45, Length: 9, Loss: 0.7426
2026-03-17 00:30:35 | INFO | Episode 106/250 - Reward: 9.65, Length: 8, Loss: 0.9252
2026-03-17 00:30:35 | INFO | Episode 107/250 - Reward: -8.90, Length: 40, Loss: -0.1456
2026-03-17 00:30:36 | INFO | Episode 108/250 - Reward: 9.65, Length: 8, Loss: 1.3389
2026-03-17 00:30:37 | INFO | Episode 109/250 - Reward: 9.45, Length: 9, Loss: 0.7870
2026-03-17 00:30:37 | INFO | Episode 110/250 - Reward: 9.25, Length: 10, Loss: 1.5450
2026-03-17 00:30:38 | INFO | Episode 111/250 - Reward: 7.05, Length: 21, Loss: 0.5473
2026-03-17 00:30:39 | INFO | Episode 112/250 - Reward: 7.65, Length: 18, Loss: 0.8020
2026-03-17 00:30:39 | INFO | Episode 113/250 - Reward: 8.85, Length: 12, Loss: 0.9264
2026-03-17 00:30:40 | INFO | Episode 114/250 - Reward: 3.40, Length: 34, Loss: 0.4037
2026-03-17 00:30:41 | INFO | Episode 115/250 - Reward: 9.65, Length: 8, Loss: 0.6508
2026-03-17 00:30:41 | INFO | Episode 116/250 - Reward: 9.65, Length: 8, Loss: 0.5760
2026-03-17 00:30:42 | INFO | Episode 117/250 - Reward: 9.45, Length: 9, Loss: 0.6040
2026-03-17 00:30:43 | INFO | Episode 118/250 - Reward: 9.45, Length: 9, Loss: 1.0068
2026-03-17 00:30:43 | INFO | Episode 119/250 - Reward: 3.50, Length: 29, Loss: 0.1784
2026-03-17 00:30:44 | INFO | Episode 120/250 - Reward: 9.25, Length: 10, Loss: 1.5699
2026-03-17 00:30:45 | INFO | Episode 121/250 - Reward: 8.25, Length: 15, Loss: 0.8865
2026-03-17 00:30:45 | INFO | Episode 122/250 - Reward: 7.05, Length: 21, Loss: 0.5050
2026-03-17 00:30:46 | INFO | Episode 123/250 - Reward: 9.25, Length: 10, Loss: 1.4623
2026-03-17 00:30:47 | INFO | Episode 124/250 - Reward: 9.65, Length: 8, Loss: 0.7857
2026-03-17 00:30:47 | INFO | Episode 125/250 - Reward: 3.50, Length: 29, Loss: 0.3089
2026-03-17 00:30:48 | INFO | Episode 126/250 - Reward: 9.65, Length: 8, Loss: 0.6770
2026-03-17 00:30:49 | INFO | Episode 127/250 - Reward: 9.25, Length: 10, Loss: 0.7865
2026-03-17 00:30:49 | INFO | Episode 128/250 - Reward: 9.05, Length: 11, Loss: 1.9854
2026-03-17 00:30:50 | INFO | Episode 129/250 - Reward: 9.25, Length: 10, Loss: 1.5848
2026-03-17 00:30:51 | INFO | Episode 130/250 - Reward: 9.65, Length: 8, Loss: 1.2781
2026-03-17 00:30:51 | INFO | Episode 131/250 - Reward: 8.95, Length: 13, Loss: 1.3191
2026-03-17 00:30:52 | INFO | Episode 132/250 - Reward: 9.65, Length: 8, Loss: 0.6555
2026-03-17 00:30:53 | INFO | Episode 133/250 - Reward: 7.50, Length: 9, Loss: 1.4860
2026-03-17 00:30:54 | INFO | Episode 134/250 - Reward: 9.45, Length: 9, Loss: 1.0085
2026-03-17 00:30:54 | INFO | Episode 135/250 - Reward: 9.05, Length: 11, Loss: 1.2803
2026-03-17 00:30:55 | INFO | Episode 136/250 - Reward: 7.70, Length: 8, Loss: 1.7974
2026-03-17 00:30:55 | INFO | Episode 137/250 - Reward: -7.40, Length: 40, Loss: -0.2107
2026-03-17 00:30:55 | INFO | Episode 138/250 - Reward: 7.50, Length: 9, Loss: 1.2751
2026-03-17 00:30:56 | INFO | Episode 139/250 - Reward: 9.05, Length: 11, Loss: 1.0747
2026-03-17 00:30:57 | INFO | Episode 140/250 - Reward: 9.65, Length: 8, Loss: 1.1772
2026-03-17 00:30:58 | INFO | Episode 141/250 - Reward: 7.50, Length: 9, Loss: 1.2442
2026-03-17 00:30:58 | INFO | Episode 142/250 - Reward: 8.85, Length: 12, Loss: 1.2841
2026-03-17 00:30:59 | INFO | Episode 143/250 - Reward: 8.25, Length: 15, Loss: 0.8580
2026-03-17 00:31:00 | INFO | Episode 144/250 - Reward: 9.05, Length: 11, Loss: 1.1299
2026-03-17 00:31:01 | INFO | Episode 145/250 - Reward: 8.65, Length: 13, Loss: 0.9781
2026-03-17 00:31:01 | INFO | Episode 146/250 - Reward: 8.45, Length: 14, Loss: 0.9350
2026-03-17 00:31:02 | INFO | Episode 147/250 - Reward: 7.85, Length: 17, Loss: 0.7959
2026-03-17 00:31:02 | INFO | Episode 148/250 - Reward: 8.45, Length: 14, Loss: 0.9168
2026-03-17 00:31:03 | INFO | Episode 149/250 - Reward: 8.65, Length: 13, Loss: 0.9920
2026-03-17 00:31:03 | INFO | Episode 150/250 - Reward: 8.65, Length: 16, Loss: 1.3685
2026-03-17 00:31:03 | INFO | Episode 150/250 - Avg Reward: 7.84, Avg Length: 13.38, Avg Loss: 0.9625
2026-03-17 00:31:04 | INFO | Episode 151/250 - Reward: 9.25, Length: 10, Loss: 1.2444
2026-03-17 00:31:04 | INFO | Episode 152/250 - Reward: 7.50, Length: 9, Loss: 1.7726
2026-03-17 00:31:05 | INFO | Episode 153/250 - Reward: 4.65, Length: 15, Loss: 0.7921
2026-03-17 00:31:05 | INFO | Episode 154/250 - Reward: 9.15, Length: 12, Loss: 1.1494
2026-03-17 00:31:06 | INFO | Episode 155/250 - Reward: 9.45, Length: 9, Loss: 1.2834
2026-03-17 00:31:06 | INFO | Episode 156/250 - Reward: 8.65, Length: 13, Loss: 1.0617
2026-03-17 00:31:07 | INFO | Episode 157/250 - Reward: 9.25, Length: 10, Loss: 1.3248
2026-03-17 00:31:07 | INFO | Episode 158/250 - Reward: 9.45, Length: 9, Loss: 1.2210
2026-03-17 00:31:08 | INFO | Episode 159/250 - Reward: 8.45, Length: 14, Loss: 1.1945
2026-03-17 00:31:08 | INFO | Episode 160/250 - Reward: 8.75, Length: 14, Loss: 1.3028
2026-03-17 00:31:09 | INFO | Episode 161/250 - Reward: 8.65, Length: 13, Loss: 1.0157
2026-03-17 00:31:10 | INFO | Episode 162/250 - Reward: 8.95, Length: 13, Loss: 1.2915
2026-03-17 00:31:10 | INFO | Episode 163/250 - Reward: 9.35, Length: 11, Loss: 1.2615
2026-03-17 00:31:11 | INFO | Episode 164/250 - Reward: 6.40, Length: 16, Loss: 0.5198
2026-03-17 00:31:11 | INFO | Episode 165/250 - Reward: 6.90, Length: 12, Loss: 0.8472
2026-03-17 00:31:12 | INFO | Episode 166/250 - Reward: 8.85, Length: 12, Loss: 1.3070
2026-03-17 00:31:12 | INFO | Episode 167/250 - Reward: 7.10, Length: 11, Loss: 1.1920
2026-03-17 00:31:13 | INFO | Episode 168/250 - Reward: 8.05, Length: 16, Loss: 0.7818
2026-03-17 00:31:13 | INFO | Episode 169/250 - Reward: 9.45, Length: 9, Loss: 1.4658
2026-03-17 00:31:14 | INFO | Episode 170/250 - Reward: 9.25, Length: 10, Loss: 1.4142
2026-03-17 00:31:14 | INFO | Episode 171/250 - Reward: 8.65, Length: 13, Loss: 1.2228
2026-03-17 00:31:15 | INFO | Episode 172/250 - Reward: 8.85, Length: 12, Loss: 1.0862
2026-03-17 00:31:15 | INFO | Episode 173/250 - Reward: -6.65, Length: 40, Loss: -0.5280
2026-03-17 00:31:16 | INFO | Episode 174/250 - Reward: 8.35, Length: 16, Loss: 0.8575
2026-03-17 00:31:16 | INFO | Episode 175/250 - Reward: 9.45, Length: 9, Loss: 1.2858
2026-03-17 00:31:17 | INFO | Episode 176/250 - Reward: -6.05, Length: 40, Loss: -0.5941
2026-03-17 00:31:17 | INFO | Episode 177/250 - Reward: 9.35, Length: 11, Loss: 1.0383
2026-03-17 00:31:18 | INFO | Episode 178/250 - Reward: -6.65, Length: 40, Loss: -0.5301
2026-03-17 00:31:18 | INFO | Episode 179/250 - Reward: 9.25, Length: 10, Loss: 0.9065
2026-03-17 00:31:19 | INFO | Episode 180/250 - Reward: 6.70, Length: 13, Loss: 0.7571
2026-03-17 00:31:19 | INFO | Episode 181/250 - Reward: -7.25, Length: 40, Loss: -0.4643
2026-03-17 00:31:20 | INFO | Episode 182/250 - Reward: 9.65, Length: 8, Loss: 0.8903
2026-03-17 00:31:20 | INFO | Episode 183/250 - Reward: 9.05, Length: 11, Loss: 1.2503
2026-03-17 00:31:21 | INFO | Episode 184/250 - Reward: 8.45, Length: 14, Loss: 0.9019
2026-03-17 00:31:21 | INFO | Episode 185/250 - Reward: 8.05, Length: 16, Loss: 0.8246
2026-03-17 00:31:22 | INFO | Episode 186/250 - Reward: -7.55, Length: 40, Loss: -0.2730
2026-03-17 00:31:22 | INFO | Episode 187/250 - Reward: 8.65, Length: 13, Loss: 1.0079
2026-03-17 00:31:23 | INFO | Episode 188/250 - Reward: 8.35, Length: 16, Loss: 1.0294
2026-03-17 00:31:23 | INFO | Episode 189/250 - Reward: 9.25, Length: 10, Loss: 1.0997
2026-03-17 00:31:24 | INFO | Episode 190/250 - Reward: 7.70, Length: 8, Loss: 1.2359
2026-03-17 00:31:24 | INFO | Episode 191/250 - Reward: 9.65, Length: 8, Loss: 0.7000
2026-03-17 00:31:25 | INFO | Episode 192/250 - Reward: -8.30, Length: 40, Loss: -0.2327
2026-03-17 00:31:25 | INFO | Episode 193/250 - Reward: 9.65, Length: 8, Loss: 0.9547
2026-03-17 00:31:26 | INFO | Episode 194/250 - Reward: 9.65, Length: 8, Loss: 0.7571
2026-03-17 00:31:26 | INFO | Episode 195/250 - Reward: 8.85, Length: 12, Loss: 1.4146
2026-03-17 00:31:26 | INFO | Episode 196/250 - Reward: 8.65, Length: 13, Loss: 1.0314
2026-03-17 00:31:26 | INFO | Episode 197/250 - Reward: 9.25, Length: 10, Loss: 1.1668
2026-03-17 00:31:27 | INFO | Episode 198/250 - Reward: 8.65, Length: 13, Loss: 1.0355
2026-03-17 00:31:27 | INFO | Episode 199/250 - Reward: 9.45, Length: 9, Loss: 1.3694
2026-03-17 00:31:28 | INFO | Episode 200/250 - Reward: 9.65, Length: 8, Loss: 0.7404
2026-03-17 00:31:28 | INFO | Episode 200/250 - Avg Reward: 6.76, Avg Length: 14.94, Avg Loss: 0.9077
2026-03-17 00:31:28 | INFO | Episode 201/250 - Reward: 9.65, Length: 8, Loss: 0.5820
2026-03-17 00:31:29 | INFO | Episode 202/250 - Reward: 7.50, Length: 9, Loss: 1.6473
2026-03-17 00:31:29 | INFO | Episode 203/250 - Reward: 4.80, Length: 24, Loss: -0.0326
2026-03-17 00:31:30 | INFO | Episode 204/250 - Reward: 9.25, Length: 10, Loss: 1.3051
2026-03-17 00:31:30 | INFO | Episode 205/250 - Reward: 9.45, Length: 9, Loss: 1.1632
2026-03-17 00:31:31 | INFO | Episode 206/250 - Reward: 9.65, Length: 8, Loss: 0.7781
2026-03-17 00:31:31 | INFO | Episode 207/250 - Reward: 7.10, Length: 11, Loss: 1.2000
2026-03-17 00:31:32 | INFO | Episode 208/250 - Reward: 7.10, Length: 11, Loss: 0.9888
2026-03-17 00:31:33 | INFO | Episode 209/250 - Reward: 9.65, Length: 8, Loss: 0.9725
2026-03-17 00:31:33 | INFO | Episode 210/250 - Reward: 9.65, Length: 8, Loss: 0.7998
2026-03-17 00:31:34 | INFO | Episode 211/250 - Reward: 9.25, Length: 10, Loss: 1.4700
2026-03-17 00:31:34 | INFO | Episode 212/250 - Reward: 9.25, Length: 10, Loss: 1.2575
2026-03-17 00:31:35 | INFO | Episode 213/250 - Reward: 9.45, Length: 9, Loss: 1.2500
2026-03-17 00:31:35 | INFO | Episode 214/250 - Reward: 9.45, Length: 9, Loss: 1.2077
2026-03-17 00:31:36 | INFO | Episode 215/250 - Reward: 6.30, Length: 15, Loss: 0.5762
2026-03-17 00:31:36 | INFO | Episode 216/250 - Reward: 7.30, Length: 10, Loss: 1.0008
2026-03-17 00:31:37 | INFO | Episode 217/250 - Reward: 7.50, Length: 9, Loss: 1.1845
2026-03-17 00:31:37 | INFO | Episode 218/250 - Reward: -7.55, Length: 40, Loss: -0.3316
2026-03-17 00:31:38 | INFO | Episode 219/250 - Reward: 9.25, Length: 10, Loss: 0.9980
2026-03-17 00:31:38 | INFO | Episode 220/250 - Reward: -7.25, Length: 40, Loss: -0.2751
2026-03-17 00:31:38 | INFO | Episode 221/250 - Reward: 7.50, Length: 9, Loss: 1.1932
2026-03-17 00:31:39 | INFO | Episode 222/250 - Reward: 9.45, Length: 9, Loss: 0.8629
2026-03-17 00:31:39 | INFO | Episode 223/250 - Reward: -7.25, Length: 40, Loss: -0.4249
2026-03-17 00:31:40 | INFO | Episode 224/250 - Reward: 8.45, Length: 14, Loss: 0.7142
2026-03-17 00:31:40 | INFO | Episode 225/250 - Reward: 7.10, Length: 11, Loss: 0.8929
2026-03-17 00:31:41 | INFO | Episode 226/250 - Reward: 4.30, Length: 25, Loss: 0.1797
2026-03-17 00:31:42 | INFO | Episode 227/250 - Reward: 9.45, Length: 9, Loss: 0.9506
2026-03-17 00:31:42 | INFO | Episode 228/250 - Reward: 6.90, Length: 12, Loss: 0.7931
2026-03-17 00:31:43 | INFO | Episode 229/250 - Reward: 7.30, Length: 10, Loss: 1.2770
2026-03-17 00:31:43 | INFO | Episode 230/250 - Reward: 6.70, Length: 13, Loss: 0.7194
2026-03-17 00:31:44 | INFO | Episode 231/250 - Reward: 6.40, Length: 16, Loss: 0.6903
2026-03-17 00:31:44 | INFO | Episode 232/250 - Reward: 6.50, Length: 14, Loss: 0.7323
2026-03-17 00:31:44 | INFO | Episode 233/250 - Reward: 5.70, Length: 18, Loss: 0.3861
2026-03-17 00:31:45 | INFO | Episode 234/250 - Reward: -7.55, Length: 40, Loss: -0.2167
2026-03-17 00:31:45 | INFO | Episode 235/250 - Reward: 9.45, Length: 9, Loss: 1.4119
2026-03-17 00:31:46 | INFO | Episode 236/250 - Reward: 9.05, Length: 11, Loss: 1.0814
2026-03-17 00:31:46 | INFO | Episode 237/250 - Reward: 9.05, Length: 11, Loss: 1.0003
2026-03-17 00:31:47 | INFO | Episode 238/250 - Reward: 9.65, Length: 8, Loss: 0.8484
2026-03-17 00:31:47 | INFO | Episode 239/250 - Reward: 7.00, Length: 13, Loss: 0.9560
2026-03-17 00:31:48 | INFO | Episode 240/250 - Reward: -7.25, Length: 40, Loss: -0.3365
2026-03-17 00:31:48 | INFO | Episode 241/250 - Reward: 9.45, Length: 9, Loss: 1.0571
2026-03-17 00:31:49 | INFO | Episode 242/250 - Reward: 9.65, Length: 8, Loss: 1.1370
2026-03-17 00:31:49 | INFO | Episode 243/250 - Reward: 4.90, Length: 22, Loss: 0.2851
2026-03-17 00:31:50 | INFO | Episode 244/250 - Reward: 9.45, Length: 9, Loss: 1.1000
2026-03-17 00:31:50 | INFO | Episode 245/250 - Reward: 9.25, Length: 10, Loss: 1.1482
2026-03-17 00:31:51 | INFO | Episode 246/250 - Reward: 7.70, Length: 8, Loss: 1.1328
2026-03-17 00:31:51 | INFO | Episode 247/250 - Reward: 9.05, Length: 11, Loss: 1.5793
2026-03-17 00:31:52 | INFO | Episode 248/250 - Reward: 7.65, Length: 18, Loss: 0.7322
2026-03-17 00:31:52 | INFO | Episode 249/250 - Reward: 8.45, Length: 14, Loss: 0.8791
2026-03-17 00:31:53 | INFO | Episode 250/250 - Reward: 9.65, Length: 8, Loss: 1.4090
2026-03-17 00:31:53 | INFO | Episode 250/250 - Avg Reward: 6.60, Avg Length: 14.34, Avg Loss: 0.8383
