2026-03-17 00:42:44 | INFO | ============================================================
2026-03-17 00:42:44 | INFO | DEVICE / COMPUTE INFORMATION
2026-03-17 00:42:44 | INFO |   JAX backend       : GPU
2026-03-17 00:42:44 | INFO |   Platform          : gpu
2026-03-17 00:42:44 | INFO |   Num devices       : 1
2026-03-17 00:42:44 | INFO |   Device            : cuda:0
2026-03-17 00:42:44 | INFO |   GPU name          : NVIDIA GeForce RTX 5060 Laptop GPU
2026-03-17 00:42:44 | INFO | ============================================================
2026-03-17 00:42:44 | INFO | ✓ JAX GPU backend confirmed.
2026-03-17 00:42:45 | INFO | REINFORCE seed=4_gamma=0.99_lr=0.001
2026-03-17 00:42:50 | INFO | Episode 1/250 - Reward: -4.85, Length: 40, Loss: -0.4513
2026-03-17 00:42:51 | INFO | Episode 2/250 - Reward: -3.95, Length: 40, Loss: -0.4144
2026-03-17 00:42:51 | INFO | Episode 3/250 - Reward: 3.75, Length: 30, Loss: 0.8807
2026-03-17 00:42:52 | INFO | Episode 4/250 - Reward: 5.00, Length: 32, Loss: 0.9172
2026-03-17 00:42:53 | INFO | Episode 5/250 - Reward: -7.10, Length: 40, Loss: -0.4033
2026-03-17 00:42:53 | INFO | Episode 6/250 - Reward: 2.65, Length: 31, Loss: 0.7210
2026-03-17 00:42:54 | INFO | Episode 7/250 - Reward: -4.70, Length: 40, Loss: -0.4743
2026-03-17 00:42:55 | INFO | Episode 8/250 - Reward: -3.95, Length: 40, Loss: -0.3994
2026-03-17 00:42:55 | INFO | Episode 9/250 - Reward: -7.25, Length: 40, Loss: -0.4063
2026-03-17 00:42:56 | INFO | Episode 10/250 - Reward: -3.95, Length: 40, Loss: -0.5283
2026-03-17 00:42:56 | INFO | Episode 11/250 - Reward: -5.15, Length: 40, Loss: -0.4095
2026-03-17 00:42:56 | INFO | Episode 12/250 - Reward: -4.55, Length: 40, Loss: -0.4351
2026-03-17 00:42:57 | INFO | Episode 13/250 - Reward: 7.95, Length: 18, Loss: 1.7780
2026-03-17 00:42:58 | INFO | Episode 14/250 - Reward: -5.75, Length: 40, Loss: -0.4341
2026-03-17 00:42:59 | INFO | Episode 15/250 - Reward: -4.70, Length: 40, Loss: -0.4428
2026-03-17 00:42:59 | INFO | Episode 16/250 - Reward: -3.50, Length: 40, Loss: -0.4072
2026-03-17 00:43:00 | INFO | Episode 17/250 - Reward: 4.65, Length: 18, Loss: 1.6771
2026-03-17 00:43:01 | INFO | Episode 18/250 - Reward: -5.15, Length: 40, Loss: -0.4735
2026-03-17 00:43:01 | INFO | Episode 19/250 - Reward: -4.55, Length: 40, Loss: -0.4286
2026-03-17 00:43:02 | INFO | Episode 20/250 - Reward: -5.15, Length: 40, Loss: -0.4865
2026-03-17 00:43:03 | INFO | Episode 21/250 - Reward: -4.70, Length: 40, Loss: -0.4181
2026-03-17 00:43:04 | INFO | Episode 22/250 - Reward: -8.75, Length: 40, Loss: -0.6642
2026-03-17 00:43:04 | INFO | Episode 23/250 - Reward: -5.00, Length: 40, Loss: -0.4710
2026-03-17 00:43:05 | INFO | Episode 24/250 - Reward: -5.00, Length: 40, Loss: -0.4198
2026-03-17 00:43:06 | INFO | Episode 25/250 - Reward: -5.60, Length: 40, Loss: -0.4262
2026-03-17 00:43:06 | INFO | Episode 26/250 - Reward: -4.25, Length: 40, Loss: -0.4471
2026-03-17 00:43:07 | INFO | Episode 27/250 - Reward: 5.20, Length: 25, Loss: 1.2562
2026-03-17 00:43:08 | INFO | Episode 28/250 - Reward: -5.00, Length: 40, Loss: -0.4396
2026-03-17 00:43:08 | INFO | Episode 29/250 - Reward: -5.30, Length: 40, Loss: -0.4560
2026-03-17 00:43:09 | INFO | Episode 30/250 - Reward: -10.25, Length: 40, Loss: -0.6066
2026-03-17 00:43:09 | INFO | Episode 31/250 - Reward: -4.25, Length: 40, Loss: -0.3524
2026-03-17 00:43:10 | INFO | Episode 32/250 - Reward: -5.60, Length: 40, Loss: -0.4143
2026-03-17 00:43:11 | INFO | Episode 33/250 - Reward: 8.65, Length: 16, Loss: 2.0047
2026-03-17 00:43:11 | INFO | Episode 34/250 - Reward: -4.40, Length: 40, Loss: -0.4250
2026-03-17 00:43:12 | INFO | Episode 35/250 - Reward: -4.70, Length: 40, Loss: -0.4185
2026-03-17 00:43:13 | INFO | Episode 36/250 - Reward: -4.70, Length: 40, Loss: -0.4136
2026-03-17 00:43:13 | INFO | Episode 37/250 - Reward: -5.60, Length: 40, Loss: -0.4546
2026-03-17 00:43:14 | INFO | Episode 38/250 - Reward: -5.00, Length: 40, Loss: -0.4068
2026-03-17 00:43:15 | INFO | Episode 39/250 - Reward: -3.95, Length: 40, Loss: -0.4543
2026-03-17 00:43:15 | INFO | Episode 40/250 - Reward: -5.75, Length: 40, Loss: -0.4066
2026-03-17 00:43:16 | INFO | Episode 41/250 - Reward: 8.35, Length: 19, Loss: 1.7090
2026-03-17 00:43:17 | INFO | Episode 42/250 - Reward: 6.00, Length: 18, Loss: 1.7085
2026-03-17 00:43:17 | INFO | Episode 43/250 - Reward: -4.10, Length: 40, Loss: -0.4452
2026-03-17 00:43:18 | INFO | Episode 44/250 - Reward: -5.15, Length: 40, Loss: -0.4218
2026-03-17 00:43:19 | INFO | Episode 45/250 - Reward: -7.70, Length: 40, Loss: -0.6656
2026-03-17 00:43:19 | INFO | Episode 46/250 - Reward: -5.30, Length: 40, Loss: -0.4467
2026-03-17 00:43:20 | INFO | Episode 47/250 - Reward: -4.55, Length: 40, Loss: -0.4010
2026-03-17 00:43:21 | INFO | Episode 48/250 - Reward: -4.10, Length: 40, Loss: -0.4499
2026-03-17 00:43:21 | INFO | Episode 49/250 - Reward: -5.15, Length: 40, Loss: -0.3898
2026-03-17 00:43:22 | INFO | Episode 50/250 - Reward: 4.55, Length: 20, Loss: 1.5069
2026-03-17 00:43:22 | INFO | Episode 50/250 - Avg Reward: -3.03, Avg Length: 36.54, Avg Loss: -0.0750
2026-03-17 00:43:23 | INFO | Episode 51/250 - Reward: -5.60, Length: 40, Loss: -0.4008
2026-03-17 00:43:24 | INFO | Episode 52/250 - Reward: -5.15, Length: 40, Loss: -0.4466
2026-03-17 00:43:24 | INFO | Episode 53/250 - Reward: -12.05, Length: 40, Loss: -0.3696
2026-03-17 00:43:25 | INFO | Episode 54/250 - Reward: -4.10, Length: 40, Loss: -0.4693
2026-03-17 00:43:25 | INFO | Episode 55/250 - Reward: -5.15, Length: 40, Loss: -0.4173
2026-03-17 00:43:26 | INFO | Episode 56/250 - Reward: -9.80, Length: 40, Loss: -0.5913
2026-03-17 00:43:27 | INFO | Episode 57/250 - Reward: -2.90, Length: 40, Loss: -0.4449
2026-03-17 00:43:27 | INFO | Episode 58/250 - Reward: -5.75, Length: 40, Loss: -0.5152
2026-03-17 00:43:27 | INFO | Episode 59/250 - Reward: -4.70, Length: 40, Loss: -0.4583
2026-03-17 00:43:28 | INFO | Episode 60/250 - Reward: -5.15, Length: 40, Loss: -0.4103
2026-03-17 00:43:29 | INFO | Episode 61/250 - Reward: -4.55, Length: 40, Loss: -0.4557
2026-03-17 00:43:29 | INFO | Episode 62/250 - Reward: 8.85, Length: 12, Loss: 2.4244
2026-03-17 00:43:30 | INFO | Episode 63/250 - Reward: 8.15, Length: 20, Loss: 1.6575
2026-03-17 00:43:31 | INFO | Episode 64/250 - Reward: 7.55, Length: 23, Loss: 1.4337
2026-03-17 00:43:31 | INFO | Episode 65/250 - Reward: 1.75, Length: 31, Loss: 0.7188
2026-03-17 00:43:32 | INFO | Episode 66/250 - Reward: 6.15, Length: 33, Loss: 0.8941
2026-03-17 00:43:33 | INFO | Episode 67/250 - Reward: -3.50, Length: 40, Loss: -0.5186
2026-03-17 00:43:33 | INFO | Episode 68/250 - Reward: -3.95, Length: 40, Loss: -0.4208
2026-03-17 00:43:34 | INFO | Episode 69/250 - Reward: 7.55, Length: 23, Loss: 1.4281
2026-03-17 00:43:35 | INFO | Episode 70/250 - Reward: 3.85, Length: 22, Loss: 1.3197
2026-03-17 00:43:35 | INFO | Episode 71/250 - Reward: 5.85, Length: 39, Loss: 0.6162
2026-03-17 00:43:36 | INFO | Episode 72/250 - Reward: -5.15, Length: 40, Loss: -0.4502
2026-03-17 00:43:37 | INFO | Episode 73/250 - Reward: 4.30, Length: 40, Loss: 0.5240
2026-03-17 00:43:37 | INFO | Episode 74/250 - Reward: -5.15, Length: 40, Loss: -0.4308
2026-03-17 00:43:38 | INFO | Episode 75/250 - Reward: -4.85, Length: 40, Loss: -0.4728
2026-03-17 00:43:39 | INFO | Episode 76/250 - Reward: -6.05, Length: 40, Loss: -0.6101
2026-03-17 00:43:39 | INFO | Episode 77/250 - Reward: -4.25, Length: 40, Loss: -0.4098
2026-03-17 00:43:40 | INFO | Episode 78/250 - Reward: -3.95, Length: 40, Loss: -0.4516
2026-03-17 00:43:41 | INFO | Episode 79/250 - Reward: 0.40, Length: 40, Loss: 0.2162
2026-03-17 00:43:41 | INFO | Episode 80/250 - Reward: -5.15, Length: 40, Loss: -0.4686
2026-03-17 00:43:42 | INFO | Episode 81/250 - Reward: 4.90, Length: 31, Loss: 0.9136
2026-03-17 00:43:43 | INFO | Episode 82/250 - Reward: -4.55, Length: 40, Loss: -0.4554
2026-03-17 00:43:43 | INFO | Episode 83/250 - Reward: -4.25, Length: 40, Loss: -0.4409
2026-03-17 00:43:44 | INFO | Episode 84/250 - Reward: -5.30, Length: 40, Loss: -0.6052
2026-03-17 00:43:45 | INFO | Episode 85/250 - Reward: -4.40, Length: 40, Loss: -0.4693
2026-03-17 00:43:45 | INFO | Episode 86/250 - Reward: -5.45, Length: 40, Loss: -0.4561
2026-03-17 00:43:46 | INFO | Episode 87/250 - Reward: -5.15, Length: 40, Loss: -0.4554
2026-03-17 00:43:47 | INFO | Episode 88/250 - Reward: -4.70, Length: 40, Loss: -0.4397
2026-03-17 00:43:47 | INFO | Episode 89/250 - Reward: 7.25, Length: 26, Loss: 1.2649
2026-03-17 00:43:48 | INFO | Episode 90/250 - Reward: -4.85, Length: 40, Loss: -0.4843
2026-03-17 00:43:49 | INFO | Episode 91/250 - Reward: -4.25, Length: 40, Loss: -0.4999
2026-03-17 00:43:50 | INFO | Episode 92/250 - Reward: -5.00, Length: 40, Loss: -0.3934
2026-03-17 00:43:50 | INFO | Episode 93/250 - Reward: 6.55, Length: 34, Loss: 0.8514
2026-03-17 00:43:51 | INFO | Episode 94/250 - Reward: -4.85, Length: 40, Loss: -0.4690
2026-03-17 00:43:52 | INFO | Episode 95/250 - Reward: -5.45, Length: 40, Loss: -0.4435
2026-03-17 00:43:52 | INFO | Episode 96/250 - Reward: 2.90, Length: 17, Loss: 1.5305
2026-03-17 00:43:53 | INFO | Episode 97/250 - Reward: 3.90, Length: 33, Loss: 0.8110
2026-03-17 00:43:54 | INFO | Episode 98/250 - Reward: -7.55, Length: 40, Loss: -0.6051
2026-03-17 00:43:54 | INFO | Episode 99/250 - Reward: -5.00, Length: 40, Loss: -0.4668
2026-03-17 00:43:55 | INFO | Episode 100/250 - Reward: -5.75, Length: 40, Loss: -0.4537
2026-03-17 00:43:55 | INFO | Episode 100/250 - Avg Reward: -2.07, Avg Length: 36.48, Avg Loss: 0.0051
2026-03-17 00:43:56 | INFO | Episode 101/250 - Reward: -4.40, Length: 40, Loss: -0.4550
2026-03-17 00:43:56 | INFO | Episode 102/250 - Reward: -5.00, Length: 40, Loss: -0.4554
2026-03-17 00:43:57 | INFO | Episode 103/250 - Reward: 4.60, Length: 40, Loss: 0.4954
2026-03-17 00:43:58 | INFO | Episode 104/250 - Reward: -5.45, Length: 40, Loss: -0.4671
2026-03-17 00:43:58 | INFO | Episode 105/250 - Reward: -4.85, Length: 40, Loss: -0.4474
2026-03-17 00:43:58 | INFO | Episode 106/250 - Reward: 2.25, Length: 39, Loss: 0.4213
2026-03-17 00:43:59 | INFO | Episode 107/250 - Reward: -3.95, Length: 40, Loss: -0.3831
2026-03-17 00:44:00 | INFO | Episode 108/250 - Reward: -5.90, Length: 40, Loss: -0.4067
2026-03-17 00:44:00 | INFO | Episode 109/250 - Reward: -9.95, Length: 40, Loss: -0.4559
2026-03-17 00:44:01 | INFO | Episode 110/250 - Reward: -5.60, Length: 40, Loss: -0.3952
2026-03-17 00:44:02 | INFO | Episode 111/250 - Reward: 6.00, Length: 18, Loss: 1.7455
2026-03-17 00:44:02 | INFO | Episode 112/250 - Reward: 6.60, Length: 18, Loss: 1.7346
2026-03-17 00:44:03 | INFO | Episode 113/250 - Reward: 7.45, Length: 22, Loss: 1.5301
2026-03-17 00:44:04 | INFO | Episode 114/250 - Reward: -5.75, Length: 40, Loss: -0.4836
2026-03-17 00:44:04 | INFO | Episode 115/250 - Reward: -4.40, Length: 40, Loss: -0.4670
2026-03-17 00:44:05 | INFO | Episode 116/250 - Reward: -5.60, Length: 40, Loss: -0.4315
2026-03-17 00:44:05 | INFO | Episode 117/250 - Reward: -5.30, Length: 40, Loss: -0.4531
2026-03-17 00:44:06 | INFO | Episode 118/250 - Reward: -5.45, Length: 40, Loss: -0.4345
2026-03-17 00:44:06 | INFO | Episode 119/250 - Reward: -0.15, Length: 30, Loss: 0.4345
2026-03-17 00:44:07 | INFO | Episode 120/250 - Reward: 2.45, Length: 38, Loss: 0.4477
2026-03-17 00:44:08 | INFO | Episode 121/250 - Reward: -8.90, Length: 40, Loss: -0.5640
2026-03-17 00:44:08 | INFO | Episode 122/250 - Reward: -4.70, Length: 40, Loss: -0.4325
2026-03-17 00:44:09 | INFO | Episode 123/250 - Reward: 3.25, Length: 31, Loss: 0.7968
2026-03-17 00:44:09 | INFO | Episode 124/250 - Reward: 5.55, Length: 39, Loss: 0.5870
2026-03-17 00:44:10 | INFO | Episode 125/250 - Reward: -9.80, Length: 40, Loss: -0.3853
2026-03-17 00:44:10 | INFO | Episode 126/250 - Reward: -4.85, Length: 40, Loss: -0.4498
2026-03-17 00:44:11 | INFO | Episode 127/250 - Reward: -4.40, Length: 40, Loss: -0.4230
2026-03-17 00:44:11 | INFO | Episode 128/250 - Reward: 6.15, Length: 39, Loss: 0.6151
2026-03-17 00:44:12 | INFO | Episode 129/250 - Reward: -4.85, Length: 40, Loss: -0.4114
2026-03-17 00:44:12 | INFO | Episode 130/250 - Reward: -3.50, Length: 40, Loss: -0.4262
2026-03-17 00:44:13 | INFO | Episode 131/250 - Reward: -5.30, Length: 40, Loss: -0.4449
2026-03-17 00:44:13 | INFO | Episode 132/250 - Reward: -6.50, Length: 40, Loss: -0.5261
2026-03-17 00:44:14 | INFO | Episode 133/250 - Reward: -5.45, Length: 40, Loss: -0.3798
2026-03-17 00:44:14 | INFO | Episode 134/250 - Reward: -4.70, Length: 40, Loss: -0.5233
2026-03-17 00:44:15 | INFO | Episode 135/250 - Reward: -5.60, Length: 40, Loss: -0.4213
2026-03-17 00:44:15 | INFO | Episode 136/250 - Reward: -5.15, Length: 40, Loss: -0.4679
2026-03-17 00:44:16 | INFO | Episode 137/250 - Reward: -4.55, Length: 40, Loss: -0.4653
2026-03-17 00:44:16 | INFO | Episode 138/250 - Reward: -3.95, Length: 40, Loss: -0.4160
2026-03-17 00:44:17 | INFO | Episode 139/250 - Reward: -7.85, Length: 40, Loss: -0.4549
2026-03-17 00:44:17 | INFO | Episode 140/250 - Reward: -5.45, Length: 40, Loss: -0.4261
2026-03-17 00:44:18 | INFO | Episode 141/250 - Reward: -15.65, Length: 40, Loss: -0.5402
2026-03-17 00:44:18 | INFO | Episode 142/250 - Reward: 8.95, Length: 13, Loss: 2.3086
2026-03-17 00:44:19 | INFO | Episode 143/250 - Reward: -5.15, Length: 40, Loss: -0.4722
2026-03-17 00:44:19 | INFO | Episode 144/250 - Reward: -5.15, Length: 40, Loss: -0.4419
2026-03-17 00:44:20 | INFO | Episode 145/250 - Reward: -5.15, Length: 40, Loss: -0.4432
2026-03-17 00:44:20 | INFO | Episode 146/250 - Reward: -4.85, Length: 40, Loss: -0.4802
2026-03-17 00:44:21 | INFO | Episode 147/250 - Reward: -4.70, Length: 40, Loss: -0.4304
2026-03-17 00:44:21 | INFO | Episode 148/250 - Reward: 8.85, Length: 15, Loss: 2.0447
2026-03-17 00:44:22 | INFO | Episode 149/250 - Reward: -8.60, Length: 40, Loss: -0.3507
2026-03-17 00:44:22 | INFO | Episode 150/250 - Reward: -4.25, Length: 40, Loss: -0.4599
2026-03-17 00:44:22 | INFO | Episode 150/250 - Avg Reward: -3.17, Avg Length: 37.24, Avg Loss: -0.0762
2026-03-17 00:44:23 | INFO | Episode 151/250 - Reward: -5.30, Length: 40, Loss: -0.3990
2026-03-17 00:44:23 | INFO | Episode 152/250 - Reward: 7.85, Length: 23, Loss: 1.4331
2026-03-17 00:44:24 | INFO | Episode 153/250 - Reward: -4.10, Length: 40, Loss: -0.4129
2026-03-17 00:44:24 | INFO | Episode 154/250 - Reward: -4.85, Length: 40, Loss: -0.4653
2026-03-17 00:44:25 | INFO | Episode 155/250 - Reward: -5.45, Length: 40, Loss: -0.4207
2026-03-17 00:44:25 | INFO | Episode 156/250 - Reward: -4.85, Length: 40, Loss: -0.4464
2026-03-17 00:44:26 | INFO | Episode 157/250 - Reward: -4.70, Length: 40, Loss: -0.4002
2026-03-17 00:44:26 | INFO | Episode 158/250 - Reward: 6.20, Length: 17, Loss: 1.7608
2026-03-17 00:44:27 | INFO | Episode 159/250 - Reward: -10.25, Length: 40, Loss: -0.5305
2026-03-17 00:44:27 | INFO | Episode 160/250 - Reward: -9.35, Length: 40, Loss: -0.5504
2026-03-17 00:44:28 | INFO | Episode 161/250 - Reward: -5.30, Length: 40, Loss: -0.4423
2026-03-17 00:44:28 | INFO | Episode 162/250 - Reward: -6.05, Length: 40, Loss: -0.4743
2026-03-17 00:44:29 | INFO | Episode 163/250 - Reward: -5.45, Length: 40, Loss: -0.4772
2026-03-17 00:44:30 | INFO | Episode 164/250 - Reward: -4.40, Length: 40, Loss: -0.4387
2026-03-17 00:44:30 | INFO | Episode 165/250 - Reward: 5.20, Length: 31, Loss: 0.9240
2026-03-17 00:44:30 | INFO | Episode 166/250 - Reward: -5.75, Length: 40, Loss: -0.4406
2026-03-17 00:44:30 | INFO | Episode 167/250 - Reward: -4.85, Length: 40, Loss: -0.4305
2026-03-17 00:44:31 | INFO | Episode 168/250 - Reward: -4.85, Length: 40, Loss: -0.4217
2026-03-17 00:44:31 | INFO | Episode 169/250 - Reward: -4.70, Length: 40, Loss: -0.4233
2026-03-17 00:44:32 | INFO | Episode 170/250 - Reward: -4.40, Length: 40, Loss: -0.4325
2026-03-17 00:44:32 | INFO | Episode 171/250 - Reward: -5.75, Length: 40, Loss: -0.4389
2026-03-17 00:44:33 | INFO | Episode 172/250 - Reward: -5.15, Length: 40, Loss: -0.4057
2026-03-17 00:44:33 | INFO | Episode 173/250 - Reward: -5.15, Length: 40, Loss: -0.4134
2026-03-17 00:44:34 | INFO | Episode 174/250 - Reward: -4.55, Length: 40, Loss: -0.4708
2026-03-17 00:44:34 | INFO | Episode 175/250 - Reward: -5.15, Length: 40, Loss: -0.4299
2026-03-17 00:44:35 | INFO | Episode 176/250 - Reward: -4.55, Length: 40, Loss: -0.4776
2026-03-17 00:44:35 | INFO | Episode 177/250 - Reward: -8.60, Length: 40, Loss: -0.4454
2026-03-17 00:44:36 | INFO | Episode 178/250 - Reward: -4.85, Length: 40, Loss: -0.4329
2026-03-17 00:44:36 | INFO | Episode 179/250 - Reward: -4.55, Length: 40, Loss: -0.4198
2026-03-17 00:44:37 | INFO | Episode 180/250 - Reward: 5.50, Length: 28, Loss: 1.1404
2026-03-17 00:44:37 | INFO | Episode 181/250 - Reward: -4.70, Length: 40, Loss: -0.4017
2026-03-17 00:44:38 | INFO | Episode 182/250 - Reward: -5.45, Length: 40, Loss: -0.4806
2026-03-17 00:44:38 | INFO | Episode 183/250 - Reward: -3.50, Length: 40, Loss: -0.4861
2026-03-17 00:44:39 | INFO | Episode 184/250 - Reward: -4.70, Length: 40, Loss: -0.4645
2026-03-17 00:44:39 | INFO | Episode 185/250 - Reward: -7.70, Length: 40, Loss: -0.3763
2026-03-17 00:44:40 | INFO | Episode 186/250 - Reward: 5.95, Length: 37, Loss: 0.7044
2026-03-17 00:44:40 | INFO | Episode 187/250 - Reward: 6.65, Length: 32, Loss: 0.9548
2026-03-17 00:44:41 | INFO | Episode 188/250 - Reward: -4.40, Length: 40, Loss: -0.4490
2026-03-17 00:44:41 | INFO | Episode 189/250 - Reward: -6.95, Length: 40, Loss: -0.5876
2026-03-17 00:44:42 | INFO | Episode 190/250 - Reward: -5.75, Length: 40, Loss: -0.4493
2026-03-17 00:44:42 | INFO | Episode 191/250 - Reward: -5.60, Length: 40, Loss: -0.4469
2026-03-17 00:44:43 | INFO | Episode 192/250 - Reward: -3.65, Length: 40, Loss: -0.4654
2026-03-17 00:44:43 | INFO | Episode 193/250 - Reward: -4.40, Length: 40, Loss: -0.4587
2026-03-17 00:44:44 | INFO | Episode 194/250 - Reward: -4.85, Length: 40, Loss: -0.5043
2026-03-17 00:44:44 | INFO | Episode 195/250 - Reward: 7.05, Length: 24, Loss: 1.3777
2026-03-17 00:44:45 | INFO | Episode 196/250 - Reward: -5.15, Length: 40, Loss: -0.4699
2026-03-17 00:44:45 | INFO | Episode 197/250 - Reward: -4.40, Length: 40, Loss: -0.4275
2026-03-17 00:44:46 | INFO | Episode 198/250 - Reward: -4.25, Length: 40, Loss: -0.3866
2026-03-17 00:44:47 | INFO | Episode 199/250 - Reward: -4.85, Length: 40, Loss: -0.4977
2026-03-17 00:44:47 | INFO | Episode 200/250 - Reward: -13.55, Length: 40, Loss: -0.4854
2026-03-17 00:44:47 | INFO | Episode 200/250 - Avg Reward: -3.85, Avg Length: 38.24, Avg Loss: -0.2217
2026-03-17 00:44:48 | INFO | Episode 201/250 - Reward: -4.40, Length: 40, Loss: -0.4696
2026-03-17 00:44:48 | INFO | Episode 202/250 - Reward: -6.05, Length: 40, Loss: -0.4494
2026-03-17 00:44:49 | INFO | Episode 203/250 - Reward: -4.70, Length: 40, Loss: -0.4457
2026-03-17 00:44:49 | INFO | Episode 204/250 - Reward: -5.30, Length: 40, Loss: -0.4285
2026-03-17 00:44:50 | INFO | Episode 205/250 - Reward: -5.15, Length: 40, Loss: -0.4029
2026-03-17 00:44:50 | INFO | Episode 206/250 - Reward: -4.55, Length: 40, Loss: -0.5418
2026-03-17 00:44:51 | INFO | Episode 207/250 - Reward: -5.00, Length: 40, Loss: -0.4230
2026-03-17 00:44:51 | INFO | Episode 208/250 - Reward: -4.25, Length: 40, Loss: -0.4272
2026-03-17 00:44:52 | INFO | Episode 209/250 - Reward: -6.65, Length: 40, Loss: -0.4364
2026-03-17 00:44:52 | INFO | Episode 210/250 - Reward: -4.10, Length: 40, Loss: -0.4809
2026-03-17 00:44:53 | INFO | Episode 211/250 - Reward: -4.10, Length: 40, Loss: -0.4446
2026-03-17 00:44:53 | INFO | Episode 212/250 - Reward: -5.00, Length: 40, Loss: -0.4790
2026-03-17 00:44:54 | INFO | Episode 213/250 - Reward: -4.55, Length: 40, Loss: -0.4530
2026-03-17 00:44:54 | INFO | Episode 214/250 - Reward: -7.55, Length: 40, Loss: -0.5243
2026-03-17 00:44:55 | INFO | Episode 215/250 - Reward: 4.15, Length: 22, Loss: 1.3480
2026-03-17 00:44:55 | INFO | Episode 216/250 - Reward: 5.60, Length: 23, Loss: 1.3970
2026-03-17 00:44:56 | INFO | Episode 217/250 - Reward: 1.10, Length: 35, Loss: 0.4568
2026-03-17 00:44:56 | INFO | Episode 218/250 - Reward: -8.00, Length: 40, Loss: -0.5995
2026-03-17 00:44:57 | INFO | Episode 219/250 - Reward: -4.25, Length: 40, Loss: -0.4935
2026-03-17 00:44:57 | INFO | Episode 220/250 - Reward: -4.70, Length: 40, Loss: -0.4090
2026-03-17 00:44:58 | INFO | Episode 221/250 - Reward: -4.85, Length: 40, Loss: -0.5092
2026-03-17 00:44:58 | INFO | Episode 222/250 - Reward: 4.55, Length: 23, Loss: 1.2883
2026-03-17 00:44:59 | INFO | Episode 223/250 - Reward: -7.40, Length: 40, Loss: -0.5221
2026-03-17 00:45:00 | INFO | Episode 224/250 - Reward: 6.40, Length: 16, Loss: 1.8514
2026-03-17 00:45:00 | INFO | Episode 225/250 - Reward: -5.15, Length: 40, Loss: -0.4733
2026-03-17 00:45:01 | INFO | Episode 226/250 - Reward: -10.40, Length: 40, Loss: -0.4782
2026-03-17 00:45:01 | INFO | Episode 227/250 - Reward: -5.15, Length: 40, Loss: -0.3880
2026-03-17 00:45:01 | INFO | Episode 228/250 - Reward: -5.15, Length: 40, Loss: -0.4457
2026-03-17 00:45:01 | INFO | Episode 229/250 - Reward: -4.70, Length: 40, Loss: -0.3902
2026-03-17 00:45:02 | INFO | Episode 230/250 - Reward: -5.45, Length: 40, Loss: -0.4814
2026-03-17 00:45:02 | INFO | Episode 231/250 - Reward: -4.55, Length: 40, Loss: -0.4377
2026-03-17 00:45:03 | INFO | Episode 232/250 - Reward: -4.70, Length: 40, Loss: -0.4437
2026-03-17 00:45:03 | INFO | Episode 233/250 - Reward: -4.25, Length: 40, Loss: -0.4358
2026-03-17 00:45:04 | INFO | Episode 234/250 - Reward: -9.95, Length: 40, Loss: -0.3562
2026-03-17 00:45:04 | INFO | Episode 235/250 - Reward: -17.00, Length: 40, Loss: -0.3744
2026-03-17 00:45:05 | INFO | Episode 236/250 - Reward: -5.30, Length: 40, Loss: -0.3925
2026-03-17 00:45:05 | INFO | Episode 237/250 - Reward: -5.15, Length: 40, Loss: -0.4330
2026-03-17 00:45:06 | INFO | Episode 238/250 - Reward: 6.65, Length: 32, Loss: 0.9519
2026-03-17 00:45:07 | INFO | Episode 239/250 - Reward: -3.95, Length: 40, Loss: -0.4287
2026-03-17 00:45:07 | INFO | Episode 240/250 - Reward: -4.85, Length: 40, Loss: -0.4351
2026-03-17 00:45:08 | INFO | Episode 241/250 - Reward: -3.65, Length: 40, Loss: -0.4765
2026-03-17 00:45:09 | INFO | Episode 242/250 - Reward: -4.10, Length: 40, Loss: -0.4544
2026-03-17 00:45:09 | INFO | Episode 243/250 - Reward: -4.85, Length: 40, Loss: -0.4423
2026-03-17 00:45:10 | INFO | Episode 244/250 - Reward: -5.75, Length: 40, Loss: -0.4720
2026-03-17 00:45:11 | INFO | Episode 245/250 - Reward: -3.80, Length: 40, Loss: -0.4245
2026-03-17 00:45:11 | INFO | Episode 246/250 - Reward: -7.85, Length: 40, Loss: -0.3169
2026-03-17 00:45:12 | INFO | Episode 247/250 - Reward: -9.20, Length: 40, Loss: -0.4803
2026-03-17 00:45:13 | INFO | Episode 248/250 - Reward: 7.45, Length: 22, Loss: 1.4900
2026-03-17 00:45:13 | INFO | Episode 249/250 - Reward: -5.45, Length: 40, Loss: -0.4436
2026-03-17 00:45:14 | INFO | Episode 250/250 - Reward: -6.05, Length: 40, Loss: -0.4668
2026-03-17 00:45:14 | INFO | Episode 250/250 - Avg Reward: -4.22, Avg Length: 37.86, Avg Loss: -0.2105
