2026-03-17 00:40:08 | INFO | ============================================================
2026-03-17 00:40:08 | INFO | DEVICE / COMPUTE INFORMATION
2026-03-17 00:40:08 | INFO |   JAX backend       : GPU
2026-03-17 00:40:08 | INFO |   Platform          : gpu
2026-03-17 00:40:08 | INFO |   Num devices       : 1
2026-03-17 00:40:08 | INFO |   Device            : cuda:0
2026-03-17 00:40:08 | INFO |   GPU name          : NVIDIA GeForce RTX 5060 Laptop GPU
2026-03-17 00:40:08 | INFO | ============================================================
2026-03-17 00:40:08 | INFO | ✓ JAX GPU backend confirmed.
2026-03-17 00:40:09 | INFO | REINFORCE seed=4_gamma=0.99_lr=0.01
2026-03-17 00:40:14 | INFO | Episode 1/250 - Reward: -4.85, Length: 40, Loss: -0.4513
2026-03-17 00:40:15 | INFO | Episode 2/250 - Reward: -3.95, Length: 40, Loss: -0.4143
2026-03-17 00:40:15 | INFO | Episode 3/250 - Reward: 3.75, Length: 30, Loss: 0.8816
2026-03-17 00:40:16 | INFO | Episode 4/250 - Reward: 5.00, Length: 32, Loss: 0.9166
2026-03-17 00:40:17 | INFO | Episode 5/250 - Reward: -7.10, Length: 40, Loss: -0.4027
2026-03-17 00:40:17 | INFO | Episode 6/250 - Reward: 2.65, Length: 31, Loss: 0.7196
2026-03-17 00:40:18 | INFO | Episode 7/250 - Reward: -4.55, Length: 40, Loss: -0.4589
2026-03-17 00:40:19 | INFO | Episode 8/250 - Reward: -3.95, Length: 40, Loss: -0.3984
2026-03-17 00:40:19 | INFO | Episode 9/250 - Reward: -7.25, Length: 40, Loss: -0.4077
2026-03-17 00:40:19 | INFO | Episode 10/250 - Reward: -3.95, Length: 40, Loss: -0.5309
2026-03-17 00:40:20 | INFO | Episode 11/250 - Reward: -5.15, Length: 40, Loss: -0.4067
2026-03-17 00:40:20 | INFO | Episode 12/250 - Reward: -4.55, Length: 40, Loss: -0.4353
2026-03-17 00:40:21 | INFO | Episode 13/250 - Reward: 7.95, Length: 18, Loss: 1.7739
2026-03-17 00:40:22 | INFO | Episode 14/250 - Reward: -5.45, Length: 40, Loss: -0.4284
2026-03-17 00:40:22 | INFO | Episode 15/250 - Reward: -4.70, Length: 40, Loss: -0.4452
2026-03-17 00:40:23 | INFO | Episode 16/250 - Reward: -4.85, Length: 40, Loss: -0.4318
2026-03-17 00:40:24 | INFO | Episode 17/250 - Reward: 4.65, Length: 18, Loss: 1.6637
2026-03-17 00:40:24 | INFO | Episode 18/250 - Reward: -5.15, Length: 40, Loss: -0.4616
2026-03-17 00:40:25 | INFO | Episode 19/250 - Reward: -4.55, Length: 40, Loss: -0.4327
2026-03-17 00:40:26 | INFO | Episode 20/250 - Reward: -5.15, Length: 40, Loss: -0.4912
2026-03-17 00:40:26 | INFO | Episode 21/250 - Reward: -4.70, Length: 40, Loss: -0.4205
2026-03-17 00:40:27 | INFO | Episode 22/250 - Reward: -7.10, Length: 40, Loss: -0.5312
2026-03-17 00:40:28 | INFO | Episode 23/250 - Reward: -5.00, Length: 40, Loss: -0.4649
2026-03-17 00:40:28 | INFO | Episode 24/250 - Reward: -4.85, Length: 40, Loss: -0.4103
2026-03-17 00:40:29 | INFO | Episode 25/250 - Reward: -5.30, Length: 40, Loss: -0.4317
2026-03-17 00:40:30 | INFO | Episode 26/250 - Reward: -4.25, Length: 40, Loss: -0.4444
2026-03-17 00:40:31 | INFO | Episode 27/250 - Reward: 5.20, Length: 25, Loss: 1.2450
2026-03-17 00:40:31 | INFO | Episode 28/250 - Reward: -5.00, Length: 40, Loss: -0.4400
2026-03-17 00:40:32 | INFO | Episode 29/250 - Reward: -5.00, Length: 40, Loss: -0.4726
2026-03-17 00:40:33 | INFO | Episode 30/250 - Reward: -10.25, Length: 40, Loss: -0.6053
2026-03-17 00:40:33 | INFO | Episode 31/250 - Reward: -3.95, Length: 40, Loss: -0.3646
2026-03-17 00:40:34 | INFO | Episode 32/250 - Reward: -5.30, Length: 40, Loss: -0.4274
2026-03-17 00:40:34 | INFO | Episode 33/250 - Reward: 8.65, Length: 16, Loss: 1.9693
2026-03-17 00:40:35 | INFO | Episode 34/250 - Reward: -4.40, Length: 40, Loss: -0.4366
2026-03-17 00:40:36 | INFO | Episode 35/250 - Reward: -4.40, Length: 40, Loss: -0.4405
2026-03-17 00:40:36 | INFO | Episode 36/250 - Reward: -9.20, Length: 40, Loss: -0.5049
2026-03-17 00:40:37 | INFO | Episode 37/250 - Reward: -5.00, Length: 40, Loss: -0.4295
2026-03-17 00:40:38 | INFO | Episode 38/250 - Reward: -4.70, Length: 40, Loss: -0.4118
2026-03-17 00:40:38 | INFO | Episode 39/250 - Reward: 4.40, Length: 38, Loss: 0.5927
2026-03-17 00:40:39 | INFO | Episode 40/250 - Reward: -5.75, Length: 40, Loss: -0.3982
2026-03-17 00:40:40 | INFO | Episode 41/250 - Reward: 8.35, Length: 19, Loss: 1.7005
2026-03-17 00:40:40 | INFO | Episode 42/250 - Reward: 6.30, Length: 18, Loss: 1.6954
2026-03-17 00:40:41 | INFO | Episode 43/250 - Reward: -4.40, Length: 40, Loss: -0.4912
2026-03-17 00:40:42 | INFO | Episode 44/250 - Reward: -5.15, Length: 40, Loss: -0.4370
2026-03-17 00:40:42 | INFO | Episode 45/250 - Reward: 6.00, Length: 24, Loss: 1.3679
2026-03-17 00:40:43 | INFO | Episode 46/250 - Reward: 6.65, Length: 35, Loss: 0.8018
2026-03-17 00:40:44 | INFO | Episode 47/250 - Reward: -4.55, Length: 40, Loss: -0.4337
2026-03-17 00:40:44 | INFO | Episode 48/250 - Reward: -4.10, Length: 40, Loss: -0.4643
2026-03-17 00:40:45 | INFO | Episode 49/250 - Reward: -7.85, Length: 40, Loss: -0.5790
2026-03-17 00:40:46 | INFO | Episode 50/250 - Reward: 6.20, Length: 20, Loss: 1.5533
2026-03-17 00:40:46 | INFO | Episode 50/250 - Avg Reward: -2.39, Avg Length: 36.08, Avg Loss: 0.0049
2026-03-17 00:40:46 | INFO | Episode 51/250 - Reward: -5.60, Length: 40, Loss: -0.3910
2026-03-17 00:40:47 | INFO | Episode 52/250 - Reward: -5.15, Length: 40, Loss: -0.4506
2026-03-17 00:40:48 | INFO | Episode 53/250 - Reward: 7.40, Length: 11, Loss: 2.3871
2026-03-17 00:40:48 | INFO | Episode 54/250 - Reward: -4.10, Length: 40, Loss: -0.4705
2026-03-17 00:40:49 | INFO | Episode 55/250 - Reward: -5.15, Length: 40, Loss: -0.3904
2026-03-17 00:40:50 | INFO | Episode 56/250 - Reward: 1.95, Length: 39, Loss: 0.4026
2026-03-17 00:40:50 | INFO | Episode 57/250 - Reward: -2.90, Length: 40, Loss: -0.4295
2026-03-17 00:40:50 | INFO | Episode 58/250 - Reward: 7.05, Length: 30, Loss: 1.0180
2026-03-17 00:40:51 | INFO | Episode 59/250 - Reward: -4.70, Length: 40, Loss: -0.5006
2026-03-17 00:40:51 | INFO | Episode 60/250 - Reward: -4.85, Length: 40, Loss: -0.4092
2026-03-17 00:40:52 | INFO | Episode 61/250 - Reward: -4.25, Length: 40, Loss: -0.4853
2026-03-17 00:40:53 | INFO | Episode 62/250 - Reward: 8.85, Length: 12, Loss: 2.2950
2026-03-17 00:40:53 | INFO | Episode 63/250 - Reward: 8.15, Length: 20, Loss: 1.6438
2026-03-17 00:40:54 | INFO | Episode 64/250 - Reward: 7.55, Length: 23, Loss: 1.4236
2026-03-17 00:40:54 | INFO | Episode 65/250 - Reward: 4.10, Length: 29, Loss: 0.9627
2026-03-17 00:40:55 | INFO | Episode 66/250 - Reward: 6.45, Length: 33, Loss: 0.8993
2026-03-17 00:40:56 | INFO | Episode 67/250 - Reward: -3.35, Length: 40, Loss: -0.4773
2026-03-17 00:40:56 | INFO | Episode 68/250 - Reward: -13.40, Length: 40, Loss: -0.4375
2026-03-17 00:40:57 | INFO | Episode 69/250 - Reward: 7.55, Length: 23, Loss: 1.4011
2026-03-17 00:40:58 | INFO | Episode 70/250 - Reward: 3.85, Length: 22, Loss: 1.2894
2026-03-17 00:40:59 | INFO | Episode 71/250 - Reward: 2.95, Length: 34, Loss: 0.6953
2026-03-17 00:40:59 | INFO | Episode 72/250 - Reward: -5.75, Length: 40, Loss: -0.4004
2026-03-17 00:41:00 | INFO | Episode 73/250 - Reward: 4.30, Length: 40, Loss: 0.5009
2026-03-17 00:41:01 | INFO | Episode 74/250 - Reward: -4.85, Length: 40, Loss: -0.4208
2026-03-17 00:41:01 | INFO | Episode 75/250 - Reward: -8.45, Length: 40, Loss: -0.5418
2026-03-17 00:41:02 | INFO | Episode 76/250 - Reward: 8.45, Length: 23, Loss: 1.3774
2026-03-17 00:41:03 | INFO | Episode 77/250 - Reward: -3.35, Length: 40, Loss: -0.3892
2026-03-17 00:41:03 | INFO | Episode 78/250 - Reward: -4.25, Length: 40, Loss: -0.4357
2026-03-17 00:41:04 | INFO | Episode 79/250 - Reward: 6.00, Length: 24, Loss: 1.2971
2026-03-17 00:41:05 | INFO | Episode 80/250 - Reward: -5.45, Length: 40, Loss: -0.4873
2026-03-17 00:41:05 | INFO | Episode 81/250 - Reward: 8.05, Length: 25, Loss: 1.3183
2026-03-17 00:41:06 | INFO | Episode 82/250 - Reward: 7.70, Length: 8, Loss: 2.6756
2026-03-17 00:41:07 | INFO | Episode 83/250 - Reward: -4.25, Length: 40, Loss: -0.4461
2026-03-17 00:41:07 | INFO | Episode 84/250 - Reward: -6.80, Length: 40, Loss: -0.5238
2026-03-17 00:41:08 | INFO | Episode 85/250 - Reward: -4.40, Length: 40, Loss: -0.4644
2026-03-17 00:41:09 | INFO | Episode 86/250 - Reward: 4.05, Length: 21, Loss: 1.3988
2026-03-17 00:41:09 | INFO | Episode 87/250 - Reward: -4.70, Length: 40, Loss: -0.4793
2026-03-17 00:41:10 | INFO | Episode 88/250 - Reward: -6.65, Length: 40, Loss: -0.5882
2026-03-17 00:41:11 | INFO | Episode 89/250 - Reward: 7.25, Length: 26, Loss: 1.1890
2026-03-17 00:41:11 | INFO | Episode 90/250 - Reward: 9.05, Length: 14, Loss: 2.0081
2026-03-17 00:41:12 | INFO | Episode 91/250 - Reward: 0.65, Length: 23, Loss: 0.7022
2026-03-17 00:41:13 | INFO | Episode 92/250 - Reward: -5.15, Length: 40, Loss: -0.3566
2026-03-17 00:41:13 | INFO | Episode 93/250 - Reward: -4.25, Length: 40, Loss: -0.4473
2026-03-17 00:41:14 | INFO | Episode 94/250 - Reward: -9.80, Length: 40, Loss: -0.4899
2026-03-17 00:41:15 | INFO | Episode 95/250 - Reward: -5.15, Length: 40, Loss: -0.4299
2026-03-17 00:41:15 | INFO | Episode 96/250 - Reward: -4.25, Length: 40, Loss: -0.3935
2026-03-17 00:41:16 | INFO | Episode 97/250 - Reward: 6.30, Length: 21, Loss: 1.5341
2026-03-17 00:41:17 | INFO | Episode 98/250 - Reward: -8.15, Length: 40, Loss: -0.5963
2026-03-17 00:41:17 | INFO | Episode 99/250 - Reward: 6.90, Length: 12, Loss: 2.2550
2026-03-17 00:41:18 | INFO | Episode 100/250 - Reward: 6.65, Length: 29, Loss: 1.0027
2026-03-17 00:41:18 | INFO | Episode 100/250 - Avg Reward: -0.16, Avg Length: 32.44, Avg Loss: 0.3869
2026-03-17 00:41:18 | INFO | Episode 101/250 - Reward: 5.40, Length: 33, Loss: 0.8150
2026-03-17 00:41:19 | INFO | Episode 102/250 - Reward: -5.30, Length: 40, Loss: -0.3990
2026-03-17 00:41:20 | INFO | Episode 103/250 - Reward: -4.55, Length: 40, Loss: -0.4567
2026-03-17 00:41:20 | INFO | Episode 104/250 - Reward: -5.45, Length: 40, Loss: -0.5120
2026-03-17 00:41:21 | INFO | Episode 105/250 - Reward: -5.30, Length: 40, Loss: -0.4415
2026-03-17 00:41:22 | INFO | Episode 106/250 - Reward: 6.35, Length: 35, Loss: 0.7894
2026-03-17 00:41:21 | INFO | Episode 107/250 - Reward: 8.45, Length: 14, Loss: 1.9592
2026-03-17 00:41:22 | INFO | Episode 108/250 - Reward: -9.35, Length: 40, Loss: -0.3933
2026-03-17 00:41:23 | INFO | Episode 109/250 - Reward: 6.50, Length: 20, Loss: 1.4807
2026-03-17 00:41:23 | INFO | Episode 110/250 - Reward: -5.60, Length: 40, Loss: -0.3784
2026-03-17 00:41:24 | INFO | Episode 111/250 - Reward: 8.45, Length: 14, Loss: 1.9901
2026-03-17 00:41:25 | INFO | Episode 112/250 - Reward: -6.20, Length: 40, Loss: -0.3476
2026-03-17 00:41:25 | INFO | Episode 113/250 - Reward: -6.05, Length: 40, Loss: -0.4483
2026-03-17 00:41:26 | INFO | Episode 114/250 - Reward: 3.35, Length: 26, Loss: 1.0313
2026-03-17 00:41:27 | INFO | Episode 115/250 - Reward: -4.25, Length: 40, Loss: -0.4664
2026-03-17 00:41:27 | INFO | Episode 116/250 - Reward: -6.95, Length: 40, Loss: -0.3895
2026-03-17 00:41:28 | INFO | Episode 117/250 - Reward: -5.00, Length: 40, Loss: -0.4621
2026-03-17 00:41:29 | INFO | Episode 118/250 - Reward: 7.25, Length: 23, Loss: 1.2919
2026-03-17 00:41:29 | INFO | Episode 119/250 - Reward: -0.15, Length: 30, Loss: 0.4491
2026-03-17 00:41:30 | INFO | Episode 120/250 - Reward: -5.45, Length: 40, Loss: -0.5283
2026-03-17 00:41:30 | INFO | Episode 121/250 - Reward: 1.50, Length: 36, Loss: 0.4276
2026-03-17 00:41:31 | INFO | Episode 122/250 - Reward: -8.45, Length: 40, Loss: -0.4861
2026-03-17 00:41:31 | INFO | Episode 123/250 - Reward: 8.95, Length: 16, Loss: 1.7899
2026-03-17 00:41:32 | INFO | Episode 124/250 - Reward: 5.70, Length: 24, Loss: 1.1861
2026-03-17 00:41:32 | INFO | Episode 125/250 - Reward: 6.70, Length: 13, Loss: 1.8347
2026-03-17 00:41:33 | INFO | Episode 126/250 - Reward: 2.55, Length: 33, Loss: 0.5848
2026-03-17 00:41:33 | INFO | Episode 127/250 - Reward: 6.90, Length: 18, Loss: 1.6370
2026-03-17 00:41:34 | INFO | Episode 128/250 - Reward: 6.45, Length: 36, Loss: 0.6896
2026-03-17 00:41:34 | INFO | Episode 129/250 - Reward: 6.20, Length: 23, Loss: 1.3850
2026-03-17 00:41:35 | INFO | Episode 130/250 - Reward: -3.80, Length: 40, Loss: -0.4286
2026-03-17 00:41:35 | INFO | Episode 131/250 - Reward: -5.00, Length: 40, Loss: -0.3980
2026-03-17 00:41:36 | INFO | Episode 132/250 - Reward: -6.80, Length: 40, Loss: -0.3867
2026-03-17 00:41:36 | INFO | Episode 133/250 - Reward: 8.75, Length: 14, Loss: 2.0156
2026-03-17 00:41:37 | INFO | Episode 134/250 - Reward: -0.35, Length: 34, Loss: 0.5213
2026-03-17 00:41:37 | INFO | Episode 135/250 - Reward: -5.45, Length: 40, Loss: -0.3873
2026-03-17 00:41:38 | INFO | Episode 136/250 - Reward: -5.75, Length: 40, Loss: -0.4617
2026-03-17 00:41:38 | INFO | Episode 137/250 - Reward: -4.55, Length: 40, Loss: -0.4002
2026-03-17 00:41:38 | INFO | Episode 138/250 - Reward: -4.55, Length: 40, Loss: -0.5367
2026-03-17 00:41:39 | INFO | Episode 139/250 - Reward: 8.95, Length: 13, Loss: 1.9803
2026-03-17 00:41:39 | INFO | Episode 140/250 - Reward: 5.10, Length: 27, Loss: 1.0254
2026-03-17 00:41:40 | INFO | Episode 141/250 - Reward: 7.65, Length: 24, Loss: 1.2950
2026-03-17 00:41:40 | INFO | Episode 142/250 - Reward: 8.95, Length: 13, Loss: 1.9645
2026-03-17 00:41:41 | INFO | Episode 143/250 - Reward: 6.50, Length: 20, Loss: 1.5975
2026-03-17 00:41:41 | INFO | Episode 144/250 - Reward: 6.05, Length: 35, Loss: 0.6574
2026-03-17 00:41:42 | INFO | Episode 145/250 - Reward: 3.65, Length: 26, Loss: 0.9644
2026-03-17 00:41:42 | INFO | Episode 146/250 - Reward: 6.10, Length: 19, Loss: 1.4924
2026-03-17 00:41:43 | INFO | Episode 147/250 - Reward: 8.65, Length: 16, Loss: 1.7569
2026-03-17 00:41:43 | INFO | Episode 148/250 - Reward: 9.05, Length: 14, Loss: 1.9486
2026-03-17 00:41:44 | INFO | Episode 149/250 - Reward: 9.35, Length: 11, Loss: 2.0504
2026-03-17 00:41:44 | INFO | Episode 150/250 - Reward: 6.20, Length: 20, Loss: 1.6143
2026-03-17 00:41:44 | INFO | Episode 150/250 - Avg Reward: 1.43, Avg Length: 29.60, Avg Loss: 0.6303
2026-03-17 00:41:45 | INFO | Episode 151/250 - Reward: 8.85, Length: 15, Loss: 1.7004
2026-03-17 00:41:45 | INFO | Episode 152/250 - Reward: 8.05, Length: 22, Loss: 1.4278
2026-03-17 00:41:46 | INFO | Episode 153/250 - Reward: 6.50, Length: 20, Loss: 1.3944
2026-03-17 00:41:46 | INFO | Episode 154/250 - Reward: 8.85, Length: 12, Loss: 2.1246
2026-03-17 00:41:47 | INFO | Episode 155/250 - Reward: -5.75, Length: 40, Loss: -0.3985
2026-03-17 00:41:47 | INFO | Episode 156/250 - Reward: -4.85, Length: 40, Loss: -0.3982
2026-03-17 00:41:48 | INFO | Episode 157/250 - Reward: -5.30, Length: 40, Loss: -0.3523
2026-03-17 00:41:48 | INFO | Episode 158/250 - Reward: 6.30, Length: 15, Loss: 1.5802
2026-03-17 00:41:49 | INFO | Episode 159/250 - Reward: 5.30, Length: 29, Loss: 1.0199
2026-03-17 00:41:49 | INFO | Episode 160/250 - Reward: -6.20, Length: 40, Loss: -0.4471
2026-03-17 00:41:50 | INFO | Episode 161/250 - Reward: -5.60, Length: 40, Loss: -0.4058
2026-03-17 00:41:50 | INFO | Episode 162/250 - Reward: 1.45, Length: 40, Loss: 0.2559
2026-03-17 00:41:51 | INFO | Episode 163/250 - Reward: -5.15, Length: 40, Loss: -0.5117
2026-03-17 00:41:51 | INFO | Episode 164/250 - Reward: -4.70, Length: 40, Loss: -0.4404
2026-03-17 00:41:52 | INFO | Episode 165/250 - Reward: 4.90, Length: 31, Loss: 0.9097
2026-03-17 00:41:52 | INFO | Episode 166/250 - Reward: -5.75, Length: 40, Loss: -0.3587
2026-03-17 00:41:53 | INFO | Episode 167/250 - Reward: 8.45, Length: 17, Loss: 1.6502
2026-03-17 00:41:53 | INFO | Episode 168/250 - Reward: 7.15, Length: 28, Loss: 1.0117
2026-03-17 00:41:53 | INFO | Episode 169/250 - Reward: 4.40, Length: 38, Loss: 0.5984
2026-03-17 00:41:53 | INFO | Episode 170/250 - Reward: 5.20, Length: 25, Loss: 1.1675
2026-03-17 00:41:54 | INFO | Episode 171/250 - Reward: -6.05, Length: 40, Loss: -0.4833
2026-03-17 00:41:54 | INFO | Episode 172/250 - Reward: -5.75, Length: 40, Loss: -0.4530
2026-03-17 00:41:55 | INFO | Episode 173/250 - Reward: -5.15, Length: 40, Loss: -0.3462
2026-03-17 00:41:55 | INFO | Episode 174/250 - Reward: -6.50, Length: 40, Loss: -0.6268
2026-03-17 00:41:56 | INFO | Episode 175/250 - Reward: -7.70, Length: 40, Loss: -0.5118
2026-03-17 00:41:56 | INFO | Episode 176/250 - Reward: -4.55, Length: 40, Loss: -0.5030
2026-03-17 00:41:57 | INFO | Episode 177/250 - Reward: -4.70, Length: 40, Loss: -0.4421
2026-03-17 00:41:57 | INFO | Episode 178/250 - Reward: -4.70, Length: 40, Loss: -0.3866
2026-03-17 00:41:58 | INFO | Episode 179/250 - Reward: 5.65, Length: 37, Loss: 0.5933
2026-03-17 00:41:58 | INFO | Episode 180/250 - Reward: 8.15, Length: 23, Loss: 1.3021
2026-03-17 00:41:59 | INFO | Episode 181/250 - Reward: -4.70, Length: 40, Loss: -0.4149
2026-03-17 00:41:59 | INFO | Episode 182/250 - Reward: -7.55, Length: 40, Loss: -0.4739
2026-03-17 00:42:00 | INFO | Episode 183/250 - Reward: -6.20, Length: 40, Loss: -0.3944
2026-03-17 00:42:00 | INFO | Episode 184/250 - Reward: -5.00, Length: 40, Loss: -0.3687
2026-03-17 00:42:01 | INFO | Episode 185/250 - Reward: 8.55, Length: 21, Loss: 1.4918
2026-03-17 00:42:01 | INFO | Episode 186/250 - Reward: -5.00, Length: 40, Loss: -0.4036
2026-03-17 00:42:02 | INFO | Episode 187/250 - Reward: 6.05, Length: 32, Loss: 0.8943
2026-03-17 00:42:02 | INFO | Episode 188/250 - Reward: -5.00, Length: 40, Loss: -0.4292
2026-03-17 00:42:03 | INFO | Episode 189/250 - Reward: 3.90, Length: 39, Loss: 0.4803
2026-03-17 00:42:03 | INFO | Episode 190/250 - Reward: 6.05, Length: 38, Loss: 0.5611
2026-03-17 00:42:04 | INFO | Episode 191/250 - Reward: -5.30, Length: 40, Loss: -0.4512
2026-03-17 00:42:04 | INFO | Episode 192/250 - Reward: 0.90, Length: 39, Loss: 0.3299
2026-03-17 00:42:05 | INFO | Episode 193/250 - Reward: -5.45, Length: 40, Loss: -0.4771
2026-03-17 00:42:05 | INFO | Episode 194/250 - Reward: -5.45, Length: 40, Loss: -0.5679
2026-03-17 00:42:06 | INFO | Episode 195/250 - Reward: 7.05, Length: 24, Loss: 1.2923
2026-03-17 00:42:06 | INFO | Episode 196/250 - Reward: -6.05, Length: 40, Loss: -0.4544
2026-03-17 00:42:07 | INFO | Episode 197/250 - Reward: -5.00, Length: 40, Loss: -0.3223
2026-03-17 00:42:07 | INFO | Episode 198/250 - Reward: 5.05, Length: 40, Loss: 0.4331
2026-03-17 00:42:08 | INFO | Episode 199/250 - Reward: -5.45, Length: 40, Loss: -0.4808
2026-03-17 00:42:08 | INFO | Episode 200/250 - Reward: 3.75, Length: 24, Loss: 1.1645
2026-03-17 00:42:08 | INFO | Episode 200/250 - Avg Reward: -0.48, Avg Length: 34.58, Avg Loss: 0.2216
2026-03-17 00:42:09 | INFO | Episode 201/250 - Reward: -4.40, Length: 40, Loss: -0.4420
2026-03-17 00:42:09 | INFO | Episode 202/250 - Reward: -6.80, Length: 40, Loss: -0.5820
2026-03-17 00:42:10 | INFO | Episode 203/250 - Reward: -4.70, Length: 40, Loss: -0.4565
2026-03-17 00:42:10 | INFO | Episode 204/250 - Reward: -5.30, Length: 40, Loss: -0.4550
2026-03-17 00:42:11 | INFO | Episode 205/250 - Reward: -6.35, Length: 40, Loss: -0.3489
2026-03-17 00:42:11 | INFO | Episode 206/250 - Reward: 3.35, Length: 26, Loss: 0.8950
2026-03-17 00:42:12 | INFO | Episode 207/250 - Reward: 8.95, Length: 13, Loss: 1.7717
2026-03-17 00:42:12 | INFO | Episode 208/250 - Reward: 6.70, Length: 19, Loss: 1.6200
2026-03-17 00:42:13 | INFO | Episode 209/250 - Reward: 8.05, Length: 19, Loss: 1.5524
2026-03-17 00:42:13 | INFO | Episode 210/250 - Reward: 8.35, Length: 22, Loss: 1.4029
2026-03-17 00:42:14 | INFO | Episode 211/250 - Reward: 6.60, Length: 15, Loss: 1.8139
2026-03-17 00:42:14 | INFO | Episode 212/250 - Reward: -4.10, Length: 40, Loss: -0.4110
2026-03-17 00:42:15 | INFO | Episode 213/250 - Reward: -6.05, Length: 40, Loss: -0.6192
2026-03-17 00:42:15 | INFO | Episode 214/250 - Reward: 4.40, Length: 38, Loss: 0.5559
2026-03-17 00:42:16 | INFO | Episode 215/250 - Reward: -5.30, Length: 40, Loss: -0.3792
2026-03-17 00:42:16 | INFO | Episode 216/250 - Reward: 5.60, Length: 23, Loss: 1.3623
2026-03-17 00:42:17 | INFO | Episode 217/250 - Reward: 5.15, Length: 38, Loss: 0.5545
2026-03-17 00:42:17 | INFO | Episode 218/250 - Reward: 5.00, Length: 35, Loss: 0.7068
2026-03-17 00:42:18 | INFO | Episode 219/250 - Reward: 4.55, Length: 17, Loss: 1.4947
2026-03-17 00:42:18 | INFO | Episode 220/250 - Reward: -4.55, Length: 40, Loss: -0.4571
2026-03-17 00:42:19 | INFO | Episode 221/250 - Reward: 7.95, Length: 27, Loss: 1.0865
2026-03-17 00:42:19 | INFO | Episode 222/250 - Reward: 9.35, Length: 11, Loss: 1.9232
2026-03-17 00:42:20 | INFO | Episode 223/250 - Reward: 3.00, Length: 39, Loss: 0.4066
2026-03-17 00:42:20 | INFO | Episode 224/250 - Reward: 6.40, Length: 16, Loss: 1.5023
2026-03-17 00:42:21 | INFO | Episode 225/250 - Reward: 8.55, Length: 15, Loss: 1.6538
2026-03-17 00:42:21 | INFO | Episode 226/250 - Reward: 9.25, Length: 16, Loss: 1.7306
2026-03-17 00:42:22 | INFO | Episode 227/250 - Reward: -7.55, Length: 40, Loss: -0.3236
2026-03-17 00:42:22 | INFO | Episode 228/250 - Reward: 6.50, Length: 17, Loss: 1.5551
2026-03-17 00:42:23 | INFO | Episode 229/250 - Reward: -9.05, Length: 40, Loss: -0.4858
2026-03-17 00:42:23 | INFO | Episode 230/250 - Reward: 8.65, Length: 25, Loss: 1.2783
2026-03-17 00:42:24 | INFO | Episode 231/250 - Reward: 4.95, Length: 18, Loss: 1.5081
2026-03-17 00:42:24 | INFO | Episode 232/250 - Reward: -5.15, Length: 40, Loss: -0.4422
2026-03-17 00:42:25 | INFO | Episode 233/250 - Reward: 6.65, Length: 35, Loss: 0.6615
2026-03-17 00:42:24 | INFO | Episode 234/250 - Reward: -5.90, Length: 40, Loss: -0.2601
2026-03-17 00:42:25 | INFO | Episode 235/250 - Reward: 9.45, Length: 9, Loss: 1.9893
2026-03-17 00:42:25 | INFO | Episode 236/250 - Reward: -5.30, Length: 40, Loss: -0.3566
2026-03-17 00:42:26 | INFO | Episode 237/250 - Reward: 5.95, Length: 37, Loss: 0.6523
2026-03-17 00:42:26 | INFO | Episode 238/250 - Reward: 7.35, Length: 27, Loss: 1.0878
2026-03-17 00:42:27 | INFO | Episode 239/250 - Reward: -5.00, Length: 40, Loss: -0.4652
2026-03-17 00:42:27 | INFO | Episode 240/250 - Reward: -4.70, Length: 40, Loss: -0.3835
2026-03-17 00:42:28 | INFO | Episode 241/250 - Reward: 9.25, Length: 10, Loss: 1.9611
2026-03-17 00:42:28 | INFO | Episode 242/250 - Reward: 5.30, Length: 32, Loss: 0.8294
2026-03-17 00:42:29 | INFO | Episode 243/250 - Reward: 7.30, Length: 10, Loss: 2.2365
2026-03-17 00:42:30 | INFO | Episode 244/250 - Reward: 8.65, Length: 16, Loss: 1.7769
2026-03-17 00:42:30 | INFO | Episode 245/250 - Reward: 6.10, Length: 22, Loss: 1.3722
2026-03-17 00:42:31 | INFO | Episode 246/250 - Reward: 0.80, Length: 35, Loss: 0.5136
2026-03-17 00:42:32 | INFO | Episode 247/250 - Reward: 7.85, Length: 20, Loss: 1.4927
2026-03-17 00:42:33 | INFO | Episode 248/250 - Reward: 8.35, Length: 16, Loss: 1.7646
2026-03-17 00:42:33 | INFO | Episode 249/250 - Reward: 7.25, Length: 20, Loss: 1.5059
2026-03-17 00:42:34 | INFO | Episode 250/250 - Reward: -5.75, Length: 40, Loss: -0.4968
2026-03-17 00:42:34 | INFO | Episode 250/250 - Avg Reward: 2.51, Avg Length: 28.36, Avg Loss: 0.7371
