2026-03-17 00:37:29 | INFO | ============================================================
2026-03-17 00:37:29 | INFO | DEVICE / COMPUTE INFORMATION
2026-03-17 00:37:29 | INFO |   JAX backend       : GPU
2026-03-17 00:37:29 | INFO |   Platform          : gpu
2026-03-17 00:37:29 | INFO |   Num devices       : 1
2026-03-17 00:37:29 | INFO |   Device            : cuda:0
2026-03-17 00:37:29 | INFO |   GPU name          : NVIDIA GeForce RTX 5060 Laptop GPU
2026-03-17 00:37:29 | INFO | ============================================================
2026-03-17 00:37:29 | INFO | ✓ JAX GPU backend confirmed.
2026-03-17 00:37:30 | INFO | REINFORCE seed=4_gamma=0.99_lr=0.1
2026-03-17 00:37:35 | INFO | Episode 1/250 - Reward: -4.85, Length: 40, Loss: -0.4513
2026-03-17 00:37:36 | INFO | Episode 2/250 - Reward: -3.95, Length: 40, Loss: -0.4142
2026-03-17 00:37:36 | INFO | Episode 3/250 - Reward: 3.75, Length: 30, Loss: 0.8912
2026-03-17 00:37:37 | INFO | Episode 4/250 - Reward: 5.00, Length: 32, Loss: 0.9114
2026-03-17 00:37:38 | INFO | Episode 5/250 - Reward: -7.10, Length: 40, Loss: -0.3966
2026-03-17 00:37:38 | INFO | Episode 6/250 - Reward: 2.65, Length: 31, Loss: 0.7070
2026-03-17 00:37:39 | INFO | Episode 7/250 - Reward: 8.35, Length: 16, Loss: 2.0226
2026-03-17 00:37:40 | INFO | Episode 8/250 - Reward: -4.85, Length: 40, Loss: -0.3829
2026-03-17 00:37:40 | INFO | Episode 9/250 - Reward: 3.80, Length: 35, Loss: 0.7170
2026-03-17 00:37:41 | INFO | Episode 10/250 - Reward: -4.55, Length: 40, Loss: -0.4819
2026-03-17 00:37:42 | INFO | Episode 11/250 - Reward: -4.55, Length: 40, Loss: -0.4375
2026-03-17 00:37:42 | INFO | Episode 12/250 - Reward: -4.55, Length: 40, Loss: -0.4743
2026-03-17 00:37:42 | INFO | Episode 13/250 - Reward: 5.70, Length: 27, Loss: 1.0870
2026-03-17 00:37:43 | INFO | Episode 14/250 - Reward: -5.60, Length: 40, Loss: -0.4233
2026-03-17 00:37:43 | INFO | Episode 15/250 - Reward: 2.45, Length: 35, Loss: 0.5541
2026-03-17 00:37:44 | INFO | Episode 16/250 - Reward: -6.05, Length: 40, Loss: -0.6148
2026-03-17 00:37:45 | INFO | Episode 17/250 - Reward: 4.65, Length: 18, Loss: 1.5414
2026-03-17 00:37:45 | INFO | Episode 18/250 - Reward: -6.20, Length: 40, Loss: -0.3893
2026-03-17 00:37:46 | INFO | Episode 19/250 - Reward: -5.45, Length: 40, Loss: -0.4069
2026-03-17 00:37:47 | INFO | Episode 20/250 - Reward: -10.10, Length: 40, Loss: -0.4112
2026-03-17 00:37:47 | INFO | Episode 21/250 - Reward: -4.40, Length: 40, Loss: -0.4562
2026-03-17 00:37:48 | INFO | Episode 22/250 - Reward: 8.65, Length: 19, Loss: 1.5238
2026-03-17 00:37:49 | INFO | Episode 23/250 - Reward: 6.35, Length: 32, Loss: 0.8247
2026-03-17 00:37:49 | INFO | Episode 24/250 - Reward: 7.15, Length: 31, Loss: 0.9294
2026-03-17 00:37:50 | INFO | Episode 25/250 - Reward: -5.75, Length: 40, Loss: -0.3852
2026-03-17 00:37:51 | INFO | Episode 26/250 - Reward: -12.05, Length: 40, Loss: -0.5649
2026-03-17 00:37:51 | INFO | Episode 27/250 - Reward: 7.25, Length: 23, Loss: 1.2449
2026-03-17 00:37:52 | INFO | Episode 28/250 - Reward: 6.60, Length: 21, Loss: 1.4899
2026-03-17 00:37:52 | INFO | Episode 29/250 - Reward: 7.75, Length: 19, Loss: 1.5370
2026-03-17 00:37:53 | INFO | Episode 30/250 - Reward: 7.55, Length: 20, Loss: 1.5390
2026-03-17 00:37:54 | INFO | Episode 31/250 - Reward: -6.05, Length: 40, Loss: -0.4675
2026-03-17 00:37:54 | INFO | Episode 32/250 - Reward: 6.65, Length: 32, Loss: 0.9261
2026-03-17 00:37:55 | INFO | Episode 33/250 - Reward: 8.85, Length: 15, Loss: 1.7802
2026-03-17 00:37:56 | INFO | Episode 34/250 - Reward: 6.75, Length: 27, Loss: 1.0514
2026-03-17 00:37:56 | INFO | Episode 35/250 - Reward: 5.85, Length: 39, Loss: 0.4927
2026-03-17 00:37:57 | INFO | Episode 36/250 - Reward: 8.55, Length: 15, Loss: 1.5996
2026-03-17 00:37:58 | INFO | Episode 37/250 - Reward: -7.25, Length: 40, Loss: -0.3881
2026-03-17 00:37:59 | INFO | Episode 38/250 - Reward: 5.20, Length: 28, Loss: 1.0496
2026-03-17 00:37:59 | INFO | Episode 39/250 - Reward: 5.70, Length: 21, Loss: 1.4000
2026-03-17 00:38:00 | INFO | Episode 40/250 - Reward: -6.35, Length: 40, Loss: -0.4041
2026-03-17 00:38:01 | INFO | Episode 41/250 - Reward: 8.05, Length: 19, Loss: 1.4891
2026-03-17 00:38:01 | INFO | Episode 42/250 - Reward: 8.55, Length: 15, Loss: 1.6086
2026-03-17 00:38:02 | INFO | Episode 43/250 - Reward: 4.85, Length: 38, Loss: 0.3184
2026-03-17 00:38:03 | INFO | Episode 44/250 - Reward: 5.25, Length: 36, Loss: 0.6617
2026-03-17 00:38:03 | INFO | Episode 45/250 - Reward: 4.75, Length: 16, Loss: 1.5769
2026-03-17 00:38:04 | INFO | Episode 46/250 - Reward: 5.15, Length: 32, Loss: 0.6777
2026-03-17 00:38:05 | INFO | Episode 47/250 - Reward: 6.35, Length: 32, Loss: 0.7813
2026-03-17 00:38:05 | INFO | Episode 48/250 - Reward: 7.35, Length: 24, Loss: 1.0554
2026-03-17 00:38:06 | INFO | Episode 49/250 - Reward: 6.35, Length: 29, Loss: 0.9449
2026-03-17 00:38:07 | INFO | Episode 50/250 - Reward: 7.05, Length: 21, Loss: 0.8347
2026-03-17 00:38:07 | INFO | Episode 50/250 - Avg Reward: 1.78, Avg Length: 30.96, Avg Loss: 0.5564
2026-03-17 00:38:08 | INFO | Episode 51/250 - Reward: 5.90, Length: 23, Loss: 1.4020
2026-03-17 00:38:08 | INFO | Episode 52/250 - Reward: 4.30, Length: 37, Loss: 0.5509
2026-03-17 00:38:09 | INFO | Episode 53/250 - Reward: 9.25, Length: 10, Loss: 1.6638
2026-03-17 00:38:10 | INFO | Episode 54/250 - Reward: 4.05, Length: 24, Loss: 1.1886
2026-03-17 00:38:10 | INFO | Episode 55/250 - Reward: 8.95, Length: 13, Loss: 1.5646
2026-03-17 00:38:11 | INFO | Episode 56/250 - Reward: 8.35, Length: 16, Loss: 1.4348
2026-03-17 00:38:12 | INFO | Episode 57/250 - Reward: 8.45, Length: 14, Loss: 1.3718
2026-03-17 00:38:12 | INFO | Episode 58/250 - Reward: 1.60, Length: 40, Loss: 0.3245
2026-03-17 00:38:13 | INFO | Episode 59/250 - Reward: 6.45, Length: 30, Loss: 0.7766
2026-03-17 00:38:13 | INFO | Episode 60/250 - Reward: 5.95, Length: 31, Loss: 0.6197
2026-03-17 00:38:13 | INFO | Episode 61/250 - Reward: 7.95, Length: 18, Loss: 1.3108
2026-03-17 00:38:14 | INFO | Episode 62/250 - Reward: 8.85, Length: 12, Loss: 1.8457
2026-03-17 00:38:15 | INFO | Episode 63/250 - Reward: 3.50, Length: 35, Loss: 0.4487
2026-03-17 00:38:15 | INFO | Episode 64/250 - Reward: -6.95, Length: 40, Loss: -0.3104
2026-03-17 00:38:16 | INFO | Episode 65/250 - Reward: 9.25, Length: 10, Loss: 1.5646
2026-03-17 00:38:16 | INFO | Episode 66/250 - Reward: 9.35, Length: 11, Loss: 1.8544
2026-03-17 00:38:17 | INFO | Episode 67/250 - Reward: 9.05, Length: 14, Loss: 1.6028
2026-03-17 00:38:18 | INFO | Episode 68/250 - Reward: 6.90, Length: 12, Loss: 1.6203
2026-03-17 00:38:18 | INFO | Episode 69/250 - Reward: 5.90, Length: 20, Loss: 1.0589
2026-03-17 00:38:19 | INFO | Episode 70/250 - Reward: 5.00, Length: 23, Loss: 0.7377
2026-03-17 00:38:20 | INFO | Episode 71/250 - Reward: 6.10, Length: 16, Loss: 1.2950
2026-03-17 00:38:20 | INFO | Episode 72/250 - Reward: 3.30, Length: 33, Loss: 0.2703
2026-03-17 00:38:21 | INFO | Episode 73/250 - Reward: 4.05, Length: 21, Loss: 0.8606
2026-03-17 00:38:22 | INFO | Episode 74/250 - Reward: 5.90, Length: 20, Loss: 1.3373
2026-03-17 00:38:22 | INFO | Episode 75/250 - Reward: -5.15, Length: 40, Loss: -0.4594
2026-03-17 00:38:23 | INFO | Episode 76/250 - Reward: 9.15, Length: 12, Loss: 1.5621
2026-03-17 00:38:24 | INFO | Episode 77/250 - Reward: 6.70, Length: 19, Loss: 1.3164
2026-03-17 00:38:24 | INFO | Episode 78/250 - Reward: 8.65, Length: 13, Loss: 1.6928
2026-03-17 00:38:25 | INFO | Episode 79/250 - Reward: 7.35, Length: 24, Loss: 1.1667
2026-03-17 00:38:26 | INFO | Episode 80/250 - Reward: -5.30, Length: 40, Loss: -0.3508
2026-03-17 00:38:26 | INFO | Episode 81/250 - Reward: 7.55, Length: 20, Loss: 1.0974
2026-03-17 00:38:27 | INFO | Episode 82/250 - Reward: 7.55, Length: 20, Loss: 0.9760
2026-03-17 00:38:28 | INFO | Episode 83/250 - Reward: 4.35, Length: 39, Loss: 0.3167
2026-03-17 00:38:28 | INFO | Episode 84/250 - Reward: 5.05, Length: 34, Loss: 0.4589
2026-03-17 00:38:29 | INFO | Episode 85/250 - Reward: 2.75, Length: 29, Loss: 0.8282
2026-03-17 00:38:30 | INFO | Episode 86/250 - Reward: 7.65, Length: 18, Loss: 1.1307
2026-03-17 00:38:31 | INFO | Episode 87/250 - Reward: 8.45, Length: 17, Loss: 1.4472
2026-03-17 00:38:31 | INFO | Episode 88/250 - Reward: 7.45, Length: 19, Loss: 1.1492
2026-03-17 00:38:32 | INFO | Episode 89/250 - Reward: 7.15, Length: 22, Loss: 1.0085
2026-03-17 00:38:33 | INFO | Episode 90/250 - Reward: 7.55, Length: 20, Loss: 0.9738
2026-03-17 00:38:33 | INFO | Episode 91/250 - Reward: 6.95, Length: 23, Loss: 1.0059
2026-03-17 00:38:34 | INFO | Episode 92/250 - Reward: 7.25, Length: 20, Loss: 0.9598
2026-03-17 00:38:35 | INFO | Episode 93/250 - Reward: 8.95, Length: 13, Loss: 1.5634
2026-03-17 00:38:35 | INFO | Episode 94/250 - Reward: 6.90, Length: 15, Loss: 1.9852
2026-03-17 00:38:36 | INFO | Episode 95/250 - Reward: 8.65, Length: 13, Loss: 1.4596
2026-03-17 00:38:37 | INFO | Episode 96/250 - Reward: 8.55, Length: 15, Loss: 1.6905
2026-03-17 00:38:37 | INFO | Episode 97/250 - Reward: 7.55, Length: 20, Loss: 1.0984
2026-03-17 00:38:38 | INFO | Episode 98/250 - Reward: 5.45, Length: 11, Loss: 1.8589
2026-03-17 00:38:39 | INFO | Episode 99/250 - Reward: 9.05, Length: 11, Loss: 1.6261
2026-03-17 00:38:39 | INFO | Episode 100/250 - Reward: 6.80, Length: 14, Loss: 1.8507
2026-03-17 00:38:39 | INFO | Episode 100/250 - Avg Reward: 6.09, Avg Length: 21.28, Avg Loss: 1.1161
2026-03-17 00:38:40 | INFO | Episode 101/250 - Reward: 5.50, Length: 22, Loss: 0.9139
2026-03-17 00:38:41 | INFO | Episode 102/250 - Reward: 8.55, Length: 15, Loss: 1.4237
2026-03-17 00:38:41 | INFO | Episode 103/250 - Reward: 6.30, Length: 15, Loss: 1.1519
2026-03-17 00:38:42 | INFO | Episode 104/250 - Reward: 9.45, Length: 9, Loss: 1.5354
2026-03-17 00:38:43 | INFO | Episode 105/250 - Reward: 8.35, Length: 16, Loss: 1.2880
2026-03-17 00:38:43 | INFO | Episode 106/250 - Reward: 8.05, Length: 16, Loss: 1.1516
2026-03-17 00:38:44 | INFO | Episode 107/250 - Reward: 7.85, Length: 17, Loss: 0.8575
2026-03-17 00:38:45 | INFO | Episode 108/250 - Reward: 8.95, Length: 13, Loss: 1.4238
2026-03-17 00:38:45 | INFO | Episode 109/250 - Reward: 9.05, Length: 11, Loss: 1.5509
2026-03-17 00:38:45 | INFO | Episode 110/250 - Reward: -6.95, Length: 40, Loss: -0.4168
2026-03-17 00:38:46 | INFO | Episode 111/250 - Reward: 7.45, Length: 19, Loss: 0.8946
2026-03-17 00:38:46 | INFO | Episode 112/250 - Reward: 7.65, Length: 18, Loss: 0.9670
2026-03-17 00:38:47 | INFO | Episode 113/250 - Reward: 8.85, Length: 12, Loss: 1.0257
2026-03-17 00:38:48 | INFO | Episode 114/250 - Reward: 9.65, Length: 8, Loss: 1.0904
2026-03-17 00:38:48 | INFO | Episode 115/250 - Reward: 1.45, Length: 31, Loss: 0.2576
2026-03-17 00:38:49 | INFO | Episode 116/250 - Reward: 9.35, Length: 11, Loss: 1.5362
2026-03-17 00:38:50 | INFO | Episode 117/250 - Reward: 9.05, Length: 11, Loss: 0.8394
2026-03-17 00:38:50 | INFO | Episode 118/250 - Reward: 9.45, Length: 9, Loss: 1.3366
2026-03-17 00:38:51 | INFO | Episode 119/250 - Reward: 3.50, Length: 29, Loss: 0.1886
2026-03-17 00:38:52 | INFO | Episode 120/250 - Reward: 1.65, Length: 30, Loss: 0.0975
2026-03-17 00:38:52 | INFO | Episode 121/250 - Reward: 6.90, Length: 12, Loss: 0.9733
2026-03-17 00:38:53 | INFO | Episode 122/250 - Reward: 9.25, Length: 10, Loss: 1.4435
2026-03-17 00:38:53 | INFO | Episode 123/250 - Reward: 9.45, Length: 9, Loss: 1.0779
2026-03-17 00:38:54 | INFO | Episode 124/250 - Reward: 9.65, Length: 8, Loss: 0.7981
2026-03-17 00:38:54 | INFO | Episode 125/250 - Reward: 4.30, Length: 25, Loss: 0.2834
2026-03-17 00:38:55 | INFO | Episode 126/250 - Reward: 9.65, Length: 8, Loss: 0.7095
2026-03-17 00:38:55 | INFO | Episode 127/250 - Reward: 9.25, Length: 10, Loss: 0.7810
2026-03-17 00:38:56 | INFO | Episode 128/250 - Reward: 9.05, Length: 11, Loss: 1.5930
2026-03-17 00:38:56 | INFO | Episode 129/250 - Reward: 9.25, Length: 10, Loss: 1.3588
2026-03-17 00:38:57 | INFO | Episode 130/250 - Reward: 9.65, Length: 8, Loss: 0.9757
2026-03-17 00:38:57 | INFO | Episode 131/250 - Reward: 8.95, Length: 13, Loss: 1.4379
2026-03-17 00:38:58 | INFO | Episode 132/250 - Reward: 9.65, Length: 8, Loss: 0.8100
2026-03-17 00:38:58 | INFO | Episode 133/250 - Reward: 9.65, Length: 8, Loss: 0.6916
2026-03-17 00:38:59 | INFO | Episode 134/250 - Reward: -8.90, Length: 40, Loss: -0.0595
2026-03-17 00:38:59 | INFO | Episode 135/250 - Reward: 9.25, Length: 10, Loss: 1.2582
2026-03-17 00:39:00 | INFO | Episode 136/250 - Reward: -8.60, Length: 40, Loss: -0.1230
2026-03-17 00:39:00 | INFO | Episode 137/250 - Reward: -8.90, Length: 40, Loss: -0.1431
2026-03-17 00:39:01 | INFO | Episode 138/250 - Reward: -8.90, Length: 40, Loss: -0.1132
2026-03-17 00:39:01 | INFO | Episode 139/250 - Reward: 9.05, Length: 11, Loss: 1.5881
2026-03-17 00:39:02 | INFO | Episode 140/250 - Reward: 4.50, Length: 24, Loss: 0.3037
2026-03-17 00:39:02 | INFO | Episode 141/250 - Reward: 7.50, Length: 9, Loss: 1.4169
2026-03-17 00:39:03 | INFO | Episode 142/250 - Reward: 9.05, Length: 11, Loss: 1.6249
2026-03-17 00:39:03 | INFO | Episode 143/250 - Reward: 8.65, Length: 13, Loss: 0.9792
2026-03-17 00:39:04 | INFO | Episode 144/250 - Reward: 7.45, Length: 19, Loss: 0.6650
2026-03-17 00:39:04 | INFO | Episode 145/250 - Reward: 7.45, Length: 19, Loss: 0.6193
2026-03-17 00:39:05 | INFO | Episode 146/250 - Reward: 6.85, Length: 22, Loss: 0.5421
2026-03-17 00:39:05 | INFO | Episode 147/250 - Reward: 6.85, Length: 22, Loss: 0.5423
2026-03-17 00:39:06 | INFO | Episode 148/250 - Reward: 8.45, Length: 14, Loss: 0.9268
2026-03-17 00:39:06 | INFO | Episode 149/250 - Reward: 6.05, Length: 26, Loss: 0.5498
2026-03-17 00:39:07 | INFO | Episode 150/250 - Reward: 7.15, Length: 22, Loss: 1.0283
2026-03-17 00:39:07 | INFO | Episode 150/250 - Avg Reward: 6.21, Avg Length: 17.48, Avg Loss: 0.8731
2026-03-17 00:39:07 | INFO | Episode 151/250 - Reward: 9.05, Length: 11, Loss: 1.0990
2026-03-17 00:39:08 | INFO | Episode 152/250 - Reward: 5.70, Length: 18, Loss: 0.6393
2026-03-17 00:39:08 | INFO | Episode 153/250 - Reward: 9.65, Length: 8, Loss: 0.8393
2026-03-17 00:39:09 | INFO | Episode 154/250 - Reward: 9.45, Length: 9, Loss: 1.1565
2026-03-17 00:39:09 | INFO | Episode 155/250 - Reward: 9.45, Length: 9, Loss: 1.4122
2026-03-17 00:39:10 | INFO | Episode 156/250 - Reward: 8.65, Length: 13, Loss: 1.3393
2026-03-17 00:39:10 | INFO | Episode 157/250 - Reward: 9.25, Length: 10, Loss: 1.4542
2026-03-17 00:39:11 | INFO | Episode 158/250 - Reward: 9.45, Length: 9, Loss: 1.0910
2026-03-17 00:39:11 | INFO | Episode 159/250 - Reward: 7.70, Length: 8, Loss: 1.2285
2026-03-17 00:39:12 | INFO | Episode 160/250 - Reward: 9.55, Length: 10, Loss: 1.7771
2026-03-17 00:39:12 | INFO | Episode 161/250 - Reward: 9.45, Length: 9, Loss: 0.8894
2026-03-17 00:39:13 | INFO | Episode 162/250 - Reward: 9.15, Length: 12, Loss: 1.8767
2026-03-17 00:39:14 | INFO | Episode 163/250 - Reward: 5.40, Length: 21, Loss: 0.5231
2026-03-17 00:39:14 | INFO | Episode 164/250 - Reward: 2.80, Length: 34, Loss: 0.0391
2026-03-17 00:39:15 | INFO | Episode 165/250 - Reward: 6.90, Length: 12, Loss: 0.9876
2026-03-17 00:39:15 | INFO | Episode 166/250 - Reward: 8.85, Length: 12, Loss: 1.5555
2026-03-17 00:39:16 | INFO | Episode 167/250 - Reward: 8.05, Length: 16, Loss: 1.0293
2026-03-17 00:39:16 | INFO | Episode 168/250 - Reward: 7.85, Length: 17, Loss: 0.6484
2026-03-17 00:39:17 | INFO | Episode 169/250 - Reward: 9.45, Length: 9, Loss: 1.0579
2026-03-17 00:39:16 | INFO | Episode 170/250 - Reward: 9.25, Length: 10, Loss: 1.4335
2026-03-17 00:39:17 | INFO | Episode 171/250 - Reward: 7.85, Length: 17, Loss: 0.6340
2026-03-17 00:39:17 | INFO | Episode 172/250 - Reward: 8.85, Length: 12, Loss: 0.9845
2026-03-17 00:39:18 | INFO | Episode 173/250 - Reward: 9.05, Length: 11, Loss: 1.4808
2026-03-17 00:39:18 | INFO | Episode 174/250 - Reward: 9.65, Length: 8, Loss: 0.6798
2026-03-17 00:39:19 | INFO | Episode 175/250 - Reward: 4.90, Length: 22, Loss: 0.3405
2026-03-17 00:39:19 | INFO | Episode 176/250 - Reward: 3.90, Length: 27, Loss: 0.2219
2026-03-17 00:39:20 | INFO | Episode 177/250 - Reward: 9.35, Length: 11, Loss: 1.5150
2026-03-17 00:39:20 | INFO | Episode 178/250 - Reward: 7.50, Length: 9, Loss: 1.7824
2026-03-17 00:39:21 | INFO | Episode 179/250 - Reward: 9.65, Length: 8, Loss: 1.1331
2026-03-17 00:39:21 | INFO | Episode 180/250 - Reward: 6.70, Length: 13, Loss: 0.8745
2026-03-17 00:39:22 | INFO | Episode 181/250 - Reward: 7.10, Length: 11, Loss: 1.6164
2026-03-17 00:39:22 | INFO | Episode 182/250 - Reward: -7.25, Length: 40, Loss: -0.4109
2026-03-17 00:39:23 | INFO | Episode 183/250 - Reward: 9.45, Length: 9, Loss: 1.8121
2026-03-17 00:39:23 | INFO | Episode 184/250 - Reward: 7.10, Length: 11, Loss: 0.9168
2026-03-17 00:39:24 | INFO | Episode 185/250 - Reward: 9.65, Length: 8, Loss: 0.8658
2026-03-17 00:39:24 | INFO | Episode 186/250 - Reward: -7.25, Length: 40, Loss: -0.3828
2026-03-17 00:39:25 | INFO | Episode 187/250 - Reward: 9.45, Length: 9, Loss: 1.0403
2026-03-17 00:39:25 | INFO | Episode 188/250 - Reward: 5.65, Length: 10, Loss: 2.1898
2026-03-17 00:39:26 | INFO | Episode 189/250 - Reward: 9.45, Length: 9, Loss: 0.8452
2026-03-17 00:39:26 | INFO | Episode 190/250 - Reward: 7.70, Length: 8, Loss: 1.3209
2026-03-17 00:39:27 | INFO | Episode 191/250 - Reward: 7.10, Length: 11, Loss: 0.8735
2026-03-17 00:39:27 | INFO | Episode 192/250 - Reward: -8.30, Length: 40, Loss: -0.3833
2026-03-17 00:39:28 | INFO | Episode 193/250 - Reward: 9.65, Length: 8, Loss: 1.0832
2026-03-17 00:39:28 | INFO | Episode 194/250 - Reward: 9.65, Length: 8, Loss: 0.8200
2026-03-17 00:39:29 | INFO | Episode 195/250 - Reward: 8.85, Length: 12, Loss: 1.5704
2026-03-17 00:39:30 | INFO | Episode 196/250 - Reward: 8.45, Length: 14, Loss: 0.8396
2026-03-17 00:39:30 | INFO | Episode 197/250 - Reward: 6.65, Length: 23, Loss: 0.5198
2026-03-17 00:39:31 | INFO | Episode 198/250 - Reward: 6.45, Length: 24, Loss: 0.6066
2026-03-17 00:39:31 | INFO | Episode 199/250 - Reward: 8.25, Length: 15, Loss: 0.9579
2026-03-17 00:39:32 | INFO | Episode 200/250 - Reward: 9.45, Length: 9, Loss: 1.1452
2026-03-17 00:39:32 | INFO | Episode 200/250 - Avg Reward: 7.19, Avg Length: 14.28, Avg Loss: 0.9914
2026-03-17 00:39:32 | INFO | Episode 201/250 - Reward: 9.65, Length: 8, Loss: 0.6140
2026-03-17 00:39:33 | INFO | Episode 202/250 - Reward: 9.65, Length: 8, Loss: 0.5143
2026-03-17 00:39:33 | INFO | Episode 203/250 - Reward: 9.25, Length: 10, Loss: 0.9075
2026-03-17 00:39:34 | INFO | Episode 204/250 - Reward: 8.65, Length: 13, Loss: 0.8466
2026-03-17 00:39:34 | INFO | Episode 205/250 - Reward: 9.25, Length: 10, Loss: 0.8909
2026-03-17 00:39:35 | INFO | Episode 206/250 - Reward: 9.65, Length: 8, Loss: 0.4141
2026-03-17 00:39:35 | INFO | Episode 207/250 - Reward: 7.10, Length: 11, Loss: 1.7863
2026-03-17 00:39:36 | INFO | Episode 208/250 - Reward: 9.65, Length: 8, Loss: 0.5244
2026-03-17 00:39:36 | INFO | Episode 209/250 - Reward: 9.25, Length: 10, Loss: 1.0695
2026-03-17 00:39:37 | INFO | Episode 210/250 - Reward: 8.65, Length: 13, Loss: 0.7115
2026-03-17 00:39:37 | INFO | Episode 211/250 - Reward: 8.45, Length: 14, Loss: 0.5859
2026-03-17 00:39:38 | INFO | Episode 212/250 - Reward: 9.65, Length: 8, Loss: 0.6906
2026-03-17 00:39:38 | INFO | Episode 213/250 - Reward: -8.90, Length: 40, Loss: -0.1112
2026-03-17 00:39:39 | INFO | Episode 214/250 - Reward: -8.90, Length: 40, Loss: -0.1428
2026-03-17 00:39:39 | INFO | Episode 215/250 - Reward: -8.90, Length: 40, Loss: -0.0532
2026-03-17 00:39:40 | INFO | Episode 216/250 - Reward: -8.60, Length: 40, Loss: -0.1319
2026-03-17 00:39:40 | INFO | Episode 217/250 - Reward: 9.65, Length: 8, Loss: 0.3842
2026-03-17 00:39:41 | INFO | Episode 218/250 - Reward: 9.65, Length: 8, Loss: 0.3293
2026-03-17 00:39:41 | INFO | Episode 219/250 - Reward: 9.65, Length: 8, Loss: 0.2931
2026-03-17 00:39:42 | INFO | Episode 220/250 - Reward: 9.45, Length: 9, Loss: 0.9892
2026-03-17 00:39:42 | INFO | Episode 221/250 - Reward: 9.25, Length: 10, Loss: 0.8952
2026-03-17 00:39:43 | INFO | Episode 222/250 - Reward: 9.45, Length: 9, Loss: 0.5757
2026-03-17 00:39:43 | INFO | Episode 223/250 - Reward: 7.40, Length: 11, Loss: 2.0393
2026-03-17 00:39:44 | INFO | Episode 224/250 - Reward: 7.30, Length: 10, Loss: 1.1240
2026-03-17 00:39:44 | INFO | Episode 225/250 - Reward: 9.45, Length: 9, Loss: 1.5436
2026-03-17 00:39:45 | INFO | Episode 226/250 - Reward: 9.35, Length: 11, Loss: 2.2112
2026-03-17 00:39:45 | INFO | Episode 227/250 - Reward: 9.65, Length: 8, Loss: 1.0948
2026-03-17 00:39:46 | INFO | Episode 228/250 - Reward: 9.65, Length: 8, Loss: 0.5152
2026-03-17 00:39:46 | INFO | Episode 229/250 - Reward: 6.90, Length: 12, Loss: 0.9061
2026-03-17 00:39:47 | INFO | Episode 230/250 - Reward: 6.10, Length: 16, Loss: 0.5444
2026-03-17 00:39:47 | INFO | Episode 231/250 - Reward: -9.95, Length: 40, Loss: -0.4730
2026-03-17 00:39:48 | INFO | Episode 232/250 - Reward: 4.10, Length: 26, Loss: 0.2552
2026-03-17 00:39:48 | INFO | Episode 233/250 - Reward: 6.00, Length: 18, Loss: 0.6421
2026-03-17 00:39:48 | INFO | Episode 234/250 - Reward: 7.70, Length: 8, Loss: 1.4225
2026-03-17 00:39:49 | INFO | Episode 235/250 - Reward: 9.65, Length: 8, Loss: 0.5984
2026-03-17 00:39:49 | INFO | Episode 236/250 - Reward: 9.45, Length: 9, Loss: 0.6894
2026-03-17 00:39:50 | INFO | Episode 237/250 - Reward: 9.05, Length: 11, Loss: 0.7762
2026-03-17 00:39:50 | INFO | Episode 238/250 - Reward: 9.65, Length: 8, Loss: 0.8474
2026-03-17 00:39:51 | INFO | Episode 239/250 - Reward: -8.60, Length: 40, Loss: -0.3511
2026-03-17 00:39:51 | INFO | Episode 240/250 - Reward: 9.65, Length: 8, Loss: 0.4718
2026-03-17 00:39:52 | INFO | Episode 241/250 - Reward: 9.45, Length: 9, Loss: 0.8775
2026-03-17 00:39:52 | INFO | Episode 242/250 - Reward: 9.65, Length: 8, Loss: 1.2660
2026-03-17 00:39:53 | INFO | Episode 243/250 - Reward: 9.65, Length: 8, Loss: 1.0006
2026-03-17 00:39:54 | INFO | Episode 244/250 - Reward: 9.45, Length: 9, Loss: 0.9196
2026-03-17 00:39:54 | INFO | Episode 245/250 - Reward: 9.35, Length: 11, Loss: 1.9163
2026-03-17 00:39:55 | INFO | Episode 246/250 - Reward: 7.70, Length: 8, Loss: 1.3267
2026-03-17 00:39:56 | INFO | Episode 247/250 - Reward: 9.05, Length: 11, Loss: 1.6308
2026-03-17 00:39:57 | INFO | Episode 248/250 - Reward: 7.65, Length: 18, Loss: 0.7062
2026-03-17 00:39:57 | INFO | Episode 249/250 - Reward: 7.25, Length: 20, Loss: 0.6684
2026-03-17 00:39:58 | INFO | Episode 250/250 - Reward: 5.40, Length: 21, Loss: 1.0903
2026-03-17 00:39:58 | INFO | Episode 250/250 - Avg Reward: 6.55, Avg Length: 14.34, Avg Loss: 0.7769
