2026-03-17 01:31:14 | INFO | ============================================================
2026-03-17 01:31:14 | INFO | DEVICE / COMPUTE INFORMATION
2026-03-17 01:31:14 | INFO |   JAX backend       : GPU
2026-03-17 01:31:14 | INFO |   Platform          : gpu
2026-03-17 01:31:14 | INFO |   Num devices       : 1
2026-03-17 01:31:14 | INFO |   Device            : cuda:0
2026-03-17 01:31:14 | INFO |   GPU name          : NVIDIA GeForce RTX 5060 Laptop GPU
2026-03-17 01:31:14 | INFO | ============================================================
2026-03-17 01:31:14 | INFO | ✓ JAX GPU backend confirmed.
2026-03-17 01:31:15 | INFO | REINFORCE seed=5_gamma=0.99_lr=0.01
2026-03-17 01:31:19 | INFO | Episode 1/250 - Reward: 6.35, Length: 35, Loss: 0.8109
2026-03-17 01:31:20 | INFO | Episode 2/250 - Reward: -4.85, Length: 40, Loss: -0.4411
2026-03-17 01:31:20 | INFO | Episode 3/250 - Reward: -4.85, Length: 40, Loss: -0.4585
2026-03-17 01:31:20 | INFO | Episode 4/250 - Reward: -4.70, Length: 40, Loss: -0.4634
2026-03-17 01:31:21 | INFO | Episode 5/250 - Reward: -5.45, Length: 40, Loss: -0.3826
2026-03-17 01:31:21 | INFO | Episode 6/250 - Reward: 5.25, Length: 36, Loss: 0.7173
2026-03-17 01:31:22 | INFO | Episode 7/250 - Reward: -4.55, Length: 40, Loss: -0.3935
2026-03-17 01:31:22 | INFO | Episode 8/250 - Reward: -4.85, Length: 40, Loss: -0.4120
2026-03-17 01:31:23 | INFO | Episode 9/250 - Reward: -4.55, Length: 40, Loss: -0.4684
2026-03-17 01:31:23 | INFO | Episode 10/250 - Reward: -10.25, Length: 40, Loss: -0.5026
2026-03-17 01:31:24 | INFO | Episode 11/250 - Reward: -5.75, Length: 40, Loss: -0.4638
2026-03-17 01:31:24 | INFO | Episode 12/250 - Reward: -5.15, Length: 40, Loss: -0.4665
2026-03-17 01:31:25 | INFO | Episode 13/250 - Reward: 7.65, Length: 24, Loss: 1.4157
2026-03-17 01:31:25 | INFO | Episode 14/250 - Reward: -5.15, Length: 40, Loss: -0.4540
2026-03-17 01:31:26 | INFO | Episode 15/250 - Reward: -4.55, Length: 40, Loss: -0.3892
2026-03-17 01:31:26 | INFO | Episode 16/250 - Reward: -5.30, Length: 40, Loss: -0.4189
2026-03-17 01:31:27 | INFO | Episode 17/250 - Reward: -5.45, Length: 40, Loss: -0.4326
2026-03-17 01:31:27 | INFO | Episode 18/250 - Reward: -4.55, Length: 40, Loss: -0.4043
2026-03-17 01:31:28 | INFO | Episode 19/250 - Reward: -4.85, Length: 40, Loss: -0.4541
2026-03-17 01:31:28 | INFO | Episode 20/250 - Reward: -4.85, Length: 40, Loss: -0.4342
2026-03-17 01:31:29 | INFO | Episode 21/250 - Reward: -7.70, Length: 40, Loss: -0.3292
2026-03-17 01:31:29 | INFO | Episode 22/250 - Reward: -3.95, Length: 40, Loss: -0.4161
2026-03-17 01:31:30 | INFO | Episode 23/250 - Reward: -4.55, Length: 40, Loss: -0.3691
2026-03-17 01:31:30 | INFO | Episode 24/250 - Reward: -4.85, Length: 40, Loss: -0.4211
2026-03-17 01:31:30 | INFO | Episode 25/250 - Reward: -6.50, Length: 40, Loss: -0.5748
2026-03-17 01:31:31 | INFO | Episode 26/250 - Reward: -4.55, Length: 40, Loss: -0.4279
2026-03-17 01:31:31 | INFO | Episode 27/250 - Reward: -4.10, Length: 40, Loss: -0.4307
2026-03-17 01:31:32 | INFO | Episode 28/250 - Reward: -5.45, Length: 40, Loss: -0.4211
2026-03-17 01:31:32 | INFO | Episode 29/250 - Reward: -4.10, Length: 40, Loss: -0.3832
2026-03-17 01:31:33 | INFO | Episode 30/250 - Reward: -4.10, Length: 40, Loss: -0.3772
2026-03-17 01:31:33 | INFO | Episode 31/250 - Reward: -13.25, Length: 40, Loss: -0.5348
2026-03-17 01:31:34 | INFO | Episode 32/250 - Reward: -5.75, Length: 40, Loss: -0.4277
2026-03-17 01:31:34 | INFO | Episode 33/250 - Reward: 4.35, Length: 21, Loss: 1.4675
2026-03-17 01:31:35 | INFO | Episode 34/250 - Reward: 6.45, Length: 39, Loss: 0.6434
2026-03-17 01:31:35 | INFO | Episode 35/250 - Reward: -4.25, Length: 40, Loss: -0.4636
2026-03-17 01:31:36 | INFO | Episode 36/250 - Reward: -6.05, Length: 40, Loss: -0.4170
2026-03-17 01:31:36 | INFO | Episode 37/250 - Reward: -4.55, Length: 40, Loss: -0.3805
2026-03-17 01:31:37 | INFO | Episode 38/250 - Reward: -6.05, Length: 40, Loss: -0.4544
2026-03-17 01:31:37 | INFO | Episode 39/250 - Reward: -4.55, Length: 40, Loss: -0.3879
2026-03-17 01:31:38 | INFO | Episode 40/250 - Reward: -3.95, Length: 40, Loss: -0.4105
2026-03-17 01:31:38 | INFO | Episode 41/250 - Reward: -11.30, Length: 40, Loss: -0.4104
2026-03-17 01:31:39 | INFO | Episode 42/250 - Reward: 6.75, Length: 30, Loss: 1.0486
2026-03-17 01:31:39 | INFO | Episode 43/250 - Reward: -12.20, Length: 40, Loss: -0.6117
2026-03-17 01:31:40 | INFO | Episode 44/250 - Reward: -5.90, Length: 40, Loss: -0.4689
2026-03-17 01:31:40 | INFO | Episode 45/250 - Reward: -4.25, Length: 40, Loss: -0.4060
2026-03-17 01:31:41 | INFO | Episode 46/250 - Reward: -4.85, Length: 40, Loss: 0.0061
2026-03-17 01:31:41 | INFO | Episode 47/250 - Reward: -5.00, Length: 40, Loss: -0.4500
2026-03-17 01:31:42 | INFO | Episode 48/250 - Reward: -4.70, Length: 40, Loss: -0.4516
2026-03-17 01:31:42 | INFO | Episode 49/250 - Reward: -5.00, Length: 40, Loss: -0.4139
2026-03-17 01:31:43 | INFO | Episode 50/250 - Reward: -4.40, Length: 40, Loss: -0.4583
2026-03-17 01:31:43 | INFO | Episode 50/250 - Avg Reward: -4.17, Avg Length: 38.90, Avg Loss: -0.2525
2026-03-17 01:31:43 | INFO | Episode 51/250 - Reward: -4.40, Length: 40, Loss: -0.4774
2026-03-17 01:31:44 | INFO | Episode 52/250 - Reward: -4.40, Length: 40, Loss: -0.4253
2026-03-17 01:31:45 | INFO | Episode 53/250 - Reward: -6.35, Length: 40, Loss: -0.4373
2026-03-17 01:31:45 | INFO | Episode 54/250 - Reward: -5.15, Length: 40, Loss: -0.4501
2026-03-17 01:31:46 | INFO | Episode 55/250 - Reward: -3.80, Length: 40, Loss: -0.3982
2026-03-17 01:31:46 | INFO | Episode 56/250 - Reward: -5.00, Length: 40, Loss: -0.4554
2026-03-17 01:31:47 | INFO | Episode 57/250 - Reward: -3.95, Length: 40, Loss: -0.4341
2026-03-17 01:31:47 | INFO | Episode 58/250 - Reward: -7.85, Length: 40, Loss: -0.4349
2026-03-17 01:31:48 | INFO | Episode 59/250 - Reward: -4.85, Length: 40, Loss: -0.4123
2026-03-17 01:31:48 | INFO | Episode 60/250 - Reward: -5.45, Length: 40, Loss: -0.4411
2026-03-17 01:31:49 | INFO | Episode 61/250 - Reward: -5.15, Length: 40, Loss: -0.4799
2026-03-17 01:31:49 | INFO | Episode 62/250 - Reward: 3.35, Length: 32, Loss: 0.7820
2026-03-17 01:31:50 | INFO | Episode 63/250 - Reward: -5.00, Length: 40, Loss: -0.4968
2026-03-17 01:31:50 | INFO | Episode 64/250 - Reward: -6.35, Length: 40, Loss: -0.3903
2026-03-17 01:31:51 | INFO | Episode 65/250 - Reward: -3.20, Length: 40, Loss: -0.4394
2026-03-17 01:31:51 | INFO | Episode 66/250 - Reward: -4.70, Length: 40, Loss: -0.4724
2026-03-17 01:31:52 | INFO | Episode 67/250 - Reward: 7.05, Length: 30, Loss: 1.0683
2026-03-17 01:31:52 | INFO | Episode 68/250 - Reward: -0.75, Length: 33, Loss: 0.3566
2026-03-17 01:31:53 | INFO | Episode 69/250 - Reward: -3.80, Length: 40, Loss: -0.3947
2026-03-17 01:31:53 | INFO | Episode 70/250 - Reward: -4.55, Length: 40, Loss: -0.4985
2026-03-17 01:31:54 | INFO | Episode 71/250 - Reward: -8.15, Length: 40, Loss: -0.5820
2026-03-17 01:31:54 | INFO | Episode 72/250 - Reward: -4.10, Length: 40, Loss: -0.4593
2026-03-17 01:31:55 | INFO | Episode 73/250 - Reward: 7.15, Length: 28, Loss: 1.1607
2026-03-17 01:31:55 | INFO | Episode 74/250 - Reward: -5.90, Length: 40, Loss: -0.4148
2026-03-17 01:31:56 | INFO | Episode 75/250 - Reward: -4.55, Length: 40, Loss: -0.5294
2026-03-17 01:31:56 | INFO | Episode 76/250 - Reward: -4.40, Length: 40, Loss: -0.4568
2026-03-17 01:31:57 | INFO | Episode 77/250 - Reward: 7.15, Length: 25, Loss: 1.3135
2026-03-17 01:31:57 | INFO | Episode 78/250 - Reward: -5.00, Length: 40, Loss: -0.4125
2026-03-17 01:31:58 | INFO | Episode 79/250 - Reward: -4.25, Length: 40, Loss: -0.4511
2026-03-17 01:31:58 | INFO | Episode 80/250 - Reward: 7.35, Length: 27, Loss: 1.2080
2026-03-17 01:31:59 | INFO | Episode 81/250 - Reward: -4.25, Length: 40, Loss: -0.4307
2026-03-17 01:31:59 | INFO | Episode 82/250 - Reward: -4.40, Length: 40, Loss: -0.4596
2026-03-17 01:32:00 | INFO | Episode 83/250 - Reward: -5.00, Length: 40, Loss: -0.4365
2026-03-17 01:32:00 | INFO | Episode 84/250 - Reward: -4.70, Length: 40, Loss: -0.4336
2026-03-17 01:32:01 | INFO | Episode 85/250 - Reward: -4.40, Length: 40, Loss: -0.4323
2026-03-17 01:32:01 | INFO | Episode 86/250 - Reward: -5.90, Length: 40, Loss: -0.4809
2026-03-17 01:32:02 | INFO | Episode 87/250 - Reward: -4.25, Length: 40, Loss: -0.4133
2026-03-17 01:32:02 | INFO | Episode 88/250 - Reward: 5.10, Length: 39, Loss: 0.5803
2026-03-17 01:32:03 | INFO | Episode 89/250 - Reward: -4.55, Length: 40, Loss: -0.3993
2026-03-17 01:32:03 | INFO | Episode 90/250 - Reward: -4.70, Length: 40, Loss: -0.4198
2026-03-17 01:32:04 | INFO | Episode 91/250 - Reward: -8.30, Length: 40, Loss: -0.5547
2026-03-17 01:32:05 | INFO | Episode 92/250 - Reward: -12.05, Length: 40, Loss: -0.4285
2026-03-17 01:32:06 | INFO | Episode 93/250 - Reward: -4.85, Length: 40, Loss: -0.4336
2026-03-17 01:32:07 | INFO | Episode 94/250 - Reward: -5.45, Length: 40, Loss: -0.4259
2026-03-17 01:32:07 | INFO | Episode 95/250 - Reward: -4.55, Length: 40, Loss: -0.4405
2026-03-17 01:32:08 | INFO | Episode 96/250 - Reward: -4.85, Length: 40, Loss: -0.4339
2026-03-17 01:32:08 | INFO | Episode 97/250 - Reward: -4.85, Length: 40, Loss: -0.4582
2026-03-17 01:32:09 | INFO | Episode 98/250 - Reward: -3.35, Length: 40, Loss: -0.4732
2026-03-17 01:32:10 | INFO | Episode 99/250 - Reward: 6.35, Length: 32, Loss: 0.9183
2026-03-17 01:32:10 | INFO | Episode 100/250 - Reward: -4.25, Length: 40, Loss: -0.3617
2026-03-17 01:32:10 | INFO | Episode 100/250 - Avg Reward: -3.44, Avg Length: 38.52, Avg Loss: -0.2274
2026-03-17 01:32:11 | INFO | Episode 101/250 - Reward: -7.85, Length: 40, Loss: -0.4545
2026-03-17 01:32:12 | INFO | Episode 102/250 - Reward: -4.40, Length: 40, Loss: -0.4302
2026-03-17 01:32:12 | INFO | Episode 103/250 - Reward: -4.10, Length: 40, Loss: -0.5310
2026-03-17 01:32:13 | INFO | Episode 104/250 - Reward: -5.15, Length: 40, Loss: -0.4569
2026-03-17 01:32:14 | INFO | Episode 105/250 - Reward: -4.10, Length: 40, Loss: -0.4653
2026-03-17 01:32:14 | INFO | Episode 106/250 - Reward: -3.95, Length: 40, Loss: -0.4363
2026-03-17 01:32:15 | INFO | Episode 107/250 - Reward: 4.10, Length: 32, Loss: 0.8915
2026-03-17 01:32:16 | INFO | Episode 108/250 - Reward: -13.40, Length: 40, Loss: -0.4040
2026-03-17 01:32:16 | INFO | Episode 109/250 - Reward: 6.95, Length: 29, Loss: 1.0614
2026-03-17 01:32:17 | INFO | Episode 110/250 - Reward: -5.30, Length: 40, Loss: -0.4722
2026-03-17 01:32:18 | INFO | Episode 111/250 - Reward: -5.15, Length: 40, Loss: -0.4400
2026-03-17 01:32:19 | INFO | Episode 112/250 - Reward: -4.70, Length: 40, Loss: -0.4320
2026-03-17 01:32:19 | INFO | Episode 113/250 - Reward: -5.75, Length: 40, Loss: -0.4576
2026-03-17 01:32:20 | INFO | Episode 114/250 - Reward: -4.10, Length: 40, Loss: -0.5420
2026-03-17 01:32:21 | INFO | Episode 115/250 - Reward: -4.40, Length: 40, Loss: -0.5034
2026-03-17 01:32:21 | INFO | Episode 116/250 - Reward: -4.40, Length: 40, Loss: -0.4497
2026-03-17 01:32:22 | INFO | Episode 117/250 - Reward: -5.75, Length: 40, Loss: -0.4987
2026-03-17 01:32:23 | INFO | Episode 118/250 - Reward: -4.40, Length: 40, Loss: -0.3731
2026-03-17 01:32:23 | INFO | Episode 119/250 - Reward: -5.15, Length: 40, Loss: -0.4309
2026-03-17 01:32:24 | INFO | Episode 120/250 - Reward: 8.35, Length: 19, Loss: 1.6375
2026-03-17 01:32:25 | INFO | Episode 121/250 - Reward: -4.40, Length: 40, Loss: -0.4157
2026-03-17 01:32:26 | INFO | Episode 122/250 - Reward: -6.35, Length: 40, Loss: -0.6034
2026-03-17 01:32:26 | INFO | Episode 123/250 - Reward: -10.10, Length: 40, Loss: -0.3915
2026-03-17 01:32:27 | INFO | Episode 124/250 - Reward: -5.45, Length: 40, Loss: -0.4130
2026-03-17 01:32:28 | INFO | Episode 125/250 - Reward: -5.15, Length: 40, Loss: -0.4601
2026-03-17 01:32:28 | INFO | Episode 126/250 - Reward: -7.70, Length: 40, Loss: -0.6125
2026-03-17 01:32:29 | INFO | Episode 127/250 - Reward: -5.60, Length: 40, Loss: -0.3727
2026-03-17 01:32:29 | INFO | Episode 128/250 - Reward: -4.10, Length: 40, Loss: -0.4305
2026-03-17 01:32:30 | INFO | Episode 129/250 - Reward: -5.45, Length: 40, Loss: -0.4457
2026-03-17 01:32:31 | INFO | Episode 130/250 - Reward: 4.05, Length: 21, Loss: 1.4208
2026-03-17 01:32:31 | INFO | Episode 131/250 - Reward: -4.70, Length: 40, Loss: -0.4608
2026-03-17 01:32:32 | INFO | Episode 132/250 - Reward: -9.20, Length: 40, Loss: -0.2943
2026-03-17 01:32:33 | INFO | Episode 133/250 - Reward: -5.90, Length: 40, Loss: -0.5720
2026-03-17 01:32:33 | INFO | Episode 134/250 - Reward: -8.15, Length: 40, Loss: -0.4848
2026-03-17 01:32:33 | INFO | Episode 135/250 - Reward: 7.55, Length: 26, Loss: 1.2386
2026-03-17 01:32:34 | INFO | Episode 136/250 - Reward: 3.35, Length: 35, Loss: 0.6423
2026-03-17 01:32:35 | INFO | Episode 137/250 - Reward: -4.85, Length: 40, Loss: -0.4528
2026-03-17 01:32:35 | INFO | Episode 138/250 - Reward: 4.40, Length: 35, Loss: 0.7428
2026-03-17 01:32:36 | INFO | Episode 139/250 - Reward: -5.75, Length: 40, Loss: -0.4263
2026-03-17 01:32:37 | INFO | Episode 140/250 - Reward: -4.10, Length: 40, Loss: -0.4010
2026-03-17 01:32:38 | INFO | Episode 141/250 - Reward: -4.70, Length: 40, Loss: -0.4354
2026-03-17 01:32:38 | INFO | Episode 142/250 - Reward: -3.80, Length: 40, Loss: -0.4906
2026-03-17 01:32:39 | INFO | Episode 143/250 - Reward: -4.25, Length: 40, Loss: -0.4641
2026-03-17 01:32:40 | INFO | Episode 144/250 - Reward: -5.00, Length: 40, Loss: -0.4010
2026-03-17 01:32:40 | INFO | Episode 145/250 - Reward: -4.25, Length: 40, Loss: -0.4556
2026-03-17 01:32:41 | INFO | Episode 146/250 - Reward: 8.95, Length: 16, Loss: 1.9414
2026-03-17 01:32:42 | INFO | Episode 147/250 - Reward: -5.60, Length: 40, Loss: -0.5687
2026-03-17 01:32:43 | INFO | Episode 148/250 - Reward: -4.10, Length: 40, Loss: -0.4041
2026-03-17 01:32:44 | INFO | Episode 149/250 - Reward: 7.95, Length: 24, Loss: 1.3308
2026-03-17 01:32:45 | INFO | Episode 150/250 - Reward: 4.95, Length: 39, Loss: 0.5540
2026-03-17 01:32:45 | INFO | Episode 150/250 - Avg Reward: -3.20, Avg Length: 37.52, Avg Loss: -0.1355
2026-03-17 01:32:45 | INFO | Episode 151/250 - Reward: -5.30, Length: 40, Loss: -0.4375
2026-03-17 01:32:46 | INFO | Episode 152/250 - Reward: -4.85, Length: 40, Loss: -0.4618
2026-03-17 01:32:47 | INFO | Episode 153/250 - Reward: 7.45, Length: 19, Loss: 1.5284
2026-03-17 01:32:48 | INFO | Episode 154/250 - Reward: 7.05, Length: 33, Loss: 0.8726
2026-03-17 01:32:48 | INFO | Episode 155/250 - Reward: -5.45, Length: 40, Loss: -0.4544
2026-03-17 01:32:49 | INFO | Episode 156/250 - Reward: 5.30, Length: 23, Loss: 1.3054
2026-03-17 01:32:50 | INFO | Episode 157/250 - Reward: -3.95, Length: 40, Loss: -0.4078
2026-03-17 01:32:50 | INFO | Episode 158/250 - Reward: -5.60, Length: 40, Loss: -0.4165
2026-03-17 01:32:51 | INFO | Episode 159/250 - Reward: -5.45, Length: 40, Loss: -0.4836
2026-03-17 01:32:52 | INFO | Episode 160/250 - Reward: -5.00, Length: 40, Loss: -0.3898
2026-03-17 01:32:52 | INFO | Episode 161/250 - Reward: -4.10, Length: 40, Loss: -0.4801
2026-03-17 01:32:53 | INFO | Episode 162/250 - Reward: -4.75, Length: 38, Loss: 0.0442
2026-03-17 01:32:54 | INFO | Episode 163/250 - Reward: 6.20, Length: 20, Loss: 1.4297
2026-03-17 01:32:54 | INFO | Episode 164/250 - Reward: -10.40, Length: 40, Loss: -0.5432
2026-03-17 01:32:55 | INFO | Episode 165/250 - Reward: -8.00, Length: 40, Loss: -0.5107
2026-03-17 01:32:56 | INFO | Episode 166/250 - Reward: -6.65, Length: 40, Loss: -0.5187
2026-03-17 01:32:56 | INFO | Episode 167/250 - Reward: 4.85, Length: 23, Loss: 1.2249
2026-03-17 01:32:57 | INFO | Episode 168/250 - Reward: 6.40, Length: 19, Loss: 1.5561
2026-03-17 01:32:58 | INFO | Episode 169/250 - Reward: 5.20, Length: 34, Loss: 0.7754
2026-03-17 01:32:58 | INFO | Episode 170/250 - Reward: 2.25, Length: 39, Loss: 0.4375
2026-03-17 01:32:59 | INFO | Episode 171/250 - Reward: -5.00, Length: 40, Loss: -0.4759
2026-03-17 01:33:00 | INFO | Episode 172/250 - Reward: 6.70, Length: 16, Loss: 1.8077
2026-03-17 01:33:00 | INFO | Episode 173/250 - Reward: 0.60, Length: 39, Loss: 0.2052
2026-03-17 01:33:01 | INFO | Episode 174/250 - Reward: -5.15, Length: 40, Loss: -0.4240
2026-03-17 01:33:02 | INFO | Episode 175/250 - Reward: 7.15, Length: 25, Loss: 1.2692
2026-03-17 01:33:02 | INFO | Episode 176/250 - Reward: 5.15, Length: 17, Loss: 1.6423
2026-03-17 01:33:03 | INFO | Episode 177/250 - Reward: -3.50, Length: 40, Loss: -0.4169
2026-03-17 01:33:04 | INFO | Episode 178/250 - Reward: -8.15, Length: 40, Loss: -0.3319
2026-03-17 01:33:04 | INFO | Episode 179/250 - Reward: -5.15, Length: 40, Loss: -0.3238
2026-03-17 01:33:04 | INFO | Episode 180/250 - Reward: -5.45, Length: 40, Loss: -0.4102
2026-03-17 01:33:05 | INFO | Episode 181/250 - Reward: -6.50, Length: 40, Loss: -0.5868
2026-03-17 01:33:06 | INFO | Episode 182/250 - Reward: 6.95, Length: 23, Loss: 1.2867
2026-03-17 01:33:07 | INFO | Episode 183/250 - Reward: -5.15, Length: 40, Loss: -0.4430
2026-03-17 01:33:07 | INFO | Episode 184/250 - Reward: -4.55, Length: 40, Loss: -0.3732
2026-03-17 01:33:08 | INFO | Episode 185/250 - Reward: 5.55, Length: 39, Loss: 0.5651
2026-03-17 01:33:08 | INFO | Episode 186/250 - Reward: -4.40, Length: 40, Loss: -0.4731
2026-03-17 01:33:09 | INFO | Episode 187/250 - Reward: -10.85, Length: 40, Loss: -0.5568
2026-03-17 01:33:10 | INFO | Episode 188/250 - Reward: -5.60, Length: 40, Loss: -0.4977
2026-03-17 01:33:10 | INFO | Episode 189/250 - Reward: -3.80, Length: 40, Loss: -0.4513
2026-03-17 01:33:11 | INFO | Episode 190/250 - Reward: 7.95, Length: 18, Loss: 1.5503
2026-03-17 01:33:12 | INFO | Episode 191/250 - Reward: 5.55, Length: 33, Loss: 0.8618
2026-03-17 01:33:12 | INFO | Episode 192/250 - Reward: -5.45, Length: 40, Loss: -0.3602
2026-03-17 01:33:13 | INFO | Episode 193/250 - Reward: -4.25, Length: 40, Loss: -0.4788
2026-03-17 01:33:14 | INFO | Episode 194/250 - Reward: 2.35, Length: 31, Loss: 0.6704
2026-03-17 01:33:14 | INFO | Episode 195/250 - Reward: -1.70, Length: 25, Loss: 0.5687
2026-03-17 01:33:15 | INFO | Episode 196/250 - Reward: 4.10, Length: 38, Loss: 0.5463
2026-03-17 01:33:16 | INFO | Episode 197/250 - Reward: -4.85, Length: 40, Loss: -0.4291
2026-03-17 01:33:16 | INFO | Episode 198/250 - Reward: 5.40, Length: 30, Loss: 1.0326
2026-03-17 01:33:17 | INFO | Episode 199/250 - Reward: 9.35, Length: 11, Loss: 2.2696
2026-03-17 01:33:18 | INFO | Episode 200/250 - Reward: -7.55, Length: 40, Loss: -0.6276
2026-03-17 01:33:18 | INFO | Episode 200/250 - Avg Reward: -1.10, Avg Length: 34.26, Avg Loss: 0.2137
2026-03-17 01:33:18 | INFO | Episode 201/250 - Reward: 0.90, Length: 30, Loss: 0.6412
2026-03-17 01:33:19 | INFO | Episode 202/250 - Reward: 8.35, Length: 16, Loss: 1.6424
2026-03-17 01:33:19 | INFO | Episode 203/250 - Reward: -4.40, Length: 40, Loss: -0.4549
2026-03-17 01:33:20 | INFO | Episode 204/250 - Reward: -7.85, Length: 40, Loss: -0.4017
2026-03-17 01:33:21 | INFO | Episode 205/250 - Reward: -6.05, Length: 40, Loss: -0.5023
2026-03-17 01:33:22 | INFO | Episode 206/250 - Reward: -6.20, Length: 40, Loss: -0.3890
2026-03-17 01:33:22 | INFO | Episode 207/250 - Reward: -6.05, Length: 40, Loss: -0.4569
2026-03-17 01:33:23 | INFO | Episode 208/250 - Reward: 4.65, Length: 18, Loss: 1.5111
2026-03-17 01:33:23 | INFO | Episode 209/250 - Reward: 6.90, Length: 15, Loss: 1.8935
2026-03-17 01:33:24 | INFO | Episode 210/250 - Reward: 8.85, Length: 15, Loss: 1.9217
2026-03-17 01:33:25 | INFO | Episode 211/250 - Reward: -6.05, Length: 40, Loss: -0.5220
2026-03-17 01:33:25 | INFO | Episode 212/250 - Reward: 9.05, Length: 14, Loss: 1.9378
2026-03-17 01:33:26 | INFO | Episode 213/250 - Reward: -10.10, Length: 40, Loss: -0.5474
2026-03-17 01:33:27 | INFO | Episode 214/250 - Reward: 9.15, Length: 12, Loss: 2.0292
2026-03-17 01:33:27 | INFO | Episode 215/250 - Reward: -5.75, Length: 40, Loss: -0.4473
2026-03-17 01:33:28 | INFO | Episode 216/250 - Reward: -4.25, Length: 40, Loss: -0.5092
2026-03-17 01:33:29 | INFO | Episode 217/250 - Reward: 8.75, Length: 14, Loss: 1.8677
2026-03-17 01:33:29 | INFO | Episode 218/250 - Reward: -1.35, Length: 36, Loss: 0.1709
2026-03-17 01:33:30 | INFO | Episode 219/250 - Reward: 5.70, Length: 24, Loss: 1.2396
2026-03-17 01:33:31 | INFO | Episode 220/250 - Reward: 7.60, Length: 10, Loss: 2.1675
2026-03-17 01:33:31 | INFO | Episode 221/250 - Reward: 8.45, Length: 17, Loss: 1.5566
2026-03-17 01:33:32 | INFO | Episode 222/250 - Reward: -6.05, Length: 40, Loss: -0.5628
2026-03-17 01:33:33 | INFO | Episode 223/250 - Reward: 7.85, Length: 23, Loss: 1.2060
2026-03-17 01:33:33 | INFO | Episode 224/250 - Reward: 5.60, Length: 20, Loss: 1.2551
2026-03-17 01:33:34 | INFO | Episode 225/250 - Reward: 6.20, Length: 20, Loss: 1.4879
2026-03-17 01:33:35 | INFO | Episode 226/250 - Reward: -13.85, Length: 40, Loss: -0.4864
2026-03-17 01:33:35 | INFO | Episode 227/250 - Reward: -6.05, Length: 40, Loss: -0.4475
2026-03-17 01:33:36 | INFO | Episode 228/250 - Reward: 5.35, Length: 37, Loss: 0.6637
2026-03-17 01:33:36 | INFO | Episode 229/250 - Reward: 7.25, Length: 29, Loss: 1.0152
2026-03-17 01:33:37 | INFO | Episode 230/250 - Reward: -12.35, Length: 40, Loss: -0.4178
2026-03-17 01:33:37 | INFO | Episode 231/250 - Reward: 8.95, Length: 13, Loss: 1.9483
2026-03-17 01:33:38 | INFO | Episode 232/250 - Reward: 9.35, Length: 11, Loss: 1.9756
2026-03-17 01:33:39 | INFO | Episode 233/250 - Reward: -5.45, Length: 40, Loss: -0.3472
2026-03-17 01:33:39 | INFO | Episode 234/250 - Reward: 6.55, Length: 28, Loss: 0.9641
2026-03-17 01:33:40 | INFO | Episode 235/250 - Reward: -7.25, Length: 40, Loss: -0.3572
2026-03-17 01:33:41 | INFO | Episode 236/250 - Reward: 8.65, Length: 16, Loss: 1.6325
2026-03-17 01:33:41 | INFO | Episode 237/250 - Reward: 7.10, Length: 11, Loss: 2.0765
2026-03-17 01:33:42 | INFO | Episode 238/250 - Reward: 9.35, Length: 11, Loss: 2.1649
2026-03-17 01:33:42 | INFO | Episode 239/250 - Reward: 4.75, Length: 19, Loss: 1.4760
2026-03-17 01:33:43 | INFO | Episode 240/250 - Reward: 9.35, Length: 11, Loss: 1.9579
2026-03-17 01:33:43 | INFO | Episode 241/250 - Reward: -5.15, Length: 40, Loss: -0.5174
2026-03-17 01:33:44 | INFO | Episode 242/250 - Reward: -6.65, Length: 40, Loss: -0.3709
2026-03-17 01:33:44 | INFO | Episode 243/250 - Reward: 5.75, Length: 38, Loss: 0.6177
2026-03-17 01:33:45 | INFO | Episode 244/250 - Reward: 6.45, Length: 33, Loss: 0.8460
2026-03-17 01:33:45 | INFO | Episode 245/250 - Reward: 8.45, Length: 20, Loss: 1.5129
2026-03-17 01:33:46 | INFO | Episode 246/250 - Reward: 6.90, Length: 15, Loss: 1.7551
2026-03-17 01:33:46 | INFO | Episode 247/250 - Reward: 6.95, Length: 26, Loss: 0.9736
2026-03-17 01:33:47 | INFO | Episode 248/250 - Reward: 6.10, Length: 22, Loss: 1.4298
2026-03-17 01:33:47 | INFO | Episode 249/250 - Reward: -6.50, Length: 40, Loss: -0.5520
2026-03-17 01:33:48 | INFO | Episode 250/250 - Reward: 8.95, Length: 13, Loss: 1.7985
2026-03-17 01:33:48 | INFO | Episode 250/250 - Avg Reward: 1.94, Avg Length: 27.14, Avg Loss: 0.7809
