2026-03-17 01:28:38 | INFO | ============================================================
2026-03-17 01:28:38 | INFO | DEVICE / COMPUTE INFORMATION
2026-03-17 01:28:38 | INFO |   JAX backend       : GPU
2026-03-17 01:28:38 | INFO |   Platform          : gpu
2026-03-17 01:28:38 | INFO |   Num devices       : 1
2026-03-17 01:28:38 | INFO |   Device            : cuda:0
2026-03-17 01:28:38 | INFO |   GPU name          : NVIDIA GeForce RTX 5060 Laptop GPU
2026-03-17 01:28:38 | INFO | ============================================================
2026-03-17 01:28:38 | INFO | ✓ JAX GPU backend confirmed.
2026-03-17 01:28:39 | INFO | REINFORCE seed=5_gamma=0.99_lr=0.1
2026-03-17 01:28:43 | INFO | Episode 1/250 - Reward: 6.35, Length: 35, Loss: 0.8109
2026-03-17 01:28:44 | INFO | Episode 2/250 - Reward: -4.85, Length: 40, Loss: -0.4447
2026-03-17 01:28:44 | INFO | Episode 3/250 - Reward: -4.85, Length: 40, Loss: -0.4529
2026-03-17 01:28:45 | INFO | Episode 4/250 - Reward: -6.05, Length: 40, Loss: -0.3912
2026-03-17 01:28:45 | INFO | Episode 5/250 - Reward: -5.45, Length: 40, Loss: -0.3797
2026-03-17 01:28:45 | INFO | Episode 6/250 - Reward: 5.25, Length: 36, Loss: 0.7049
2026-03-17 01:28:46 | INFO | Episode 7/250 - Reward: -11.60, Length: 40, Loss: -0.4488
2026-03-17 01:28:46 | INFO | Episode 8/250 - Reward: 8.15, Length: 23, Loss: 1.4221
2026-03-17 01:28:47 | INFO | Episode 9/250 - Reward: -3.65, Length: 40, Loss: -0.5183
2026-03-17 01:28:47 | INFO | Episode 10/250 - Reward: -10.25, Length: 40, Loss: -0.5112
2026-03-17 01:28:48 | INFO | Episode 11/250 - Reward: -4.70, Length: 40, Loss: -0.4210
2026-03-17 01:28:48 | INFO | Episode 12/250 - Reward: -4.55, Length: 40, Loss: -0.3689
2026-03-17 01:28:49 | INFO | Episode 13/250 - Reward: 7.65, Length: 24, Loss: 1.3997
2026-03-17 01:28:49 | INFO | Episode 14/250 - Reward: -4.55, Length: 40, Loss: -0.4608
2026-03-17 01:28:50 | INFO | Episode 15/250 - Reward: -1.45, Length: 35, Loss: 0.1696
2026-03-17 01:28:50 | INFO | Episode 16/250 - Reward: -5.15, Length: 40, Loss: -0.4593
2026-03-17 01:28:51 | INFO | Episode 17/250 - Reward: -4.10, Length: 40, Loss: -0.4507
2026-03-17 01:28:51 | INFO | Episode 18/250 - Reward: -5.00, Length: 40, Loss: -0.5376
2026-03-17 01:28:52 | INFO | Episode 19/250 - Reward: -12.95, Length: 40, Loss: -0.4852
2026-03-17 01:28:53 | INFO | Episode 20/250 - Reward: -8.00, Length: 40, Loss: -0.5222
2026-03-17 01:28:53 | INFO | Episode 21/250 - Reward: 8.45, Length: 17, Loss: 1.5360
2026-03-17 01:28:54 | INFO | Episode 22/250 - Reward: -6.05, Length: 40, Loss: -0.3128
2026-03-17 01:28:54 | INFO | Episode 23/250 - Reward: 6.75, Length: 33, Loss: 0.8531
2026-03-17 01:28:54 | INFO | Episode 24/250 - Reward: 7.55, Length: 26, Loss: 1.1614
2026-03-17 01:28:54 | INFO | Episode 25/250 - Reward: -10.70, Length: 40, Loss: -0.3781
2026-03-17 01:28:55 | INFO | Episode 26/250 - Reward: -7.55, Length: 40, Loss: -0.4661
2026-03-17 01:28:55 | INFO | Episode 27/250 - Reward: 7.55, Length: 29, Loss: 0.9644
2026-03-17 01:28:56 | INFO | Episode 28/250 - Reward: 7.45, Length: 22, Loss: 1.2661
2026-03-17 01:28:56 | INFO | Episode 29/250 - Reward: -5.45, Length: 40, Loss: -0.4183
2026-03-17 01:28:57 | INFO | Episode 30/250 - Reward: 7.75, Length: 25, Loss: 1.1638
2026-03-17 01:28:57 | INFO | Episode 31/250 - Reward: 9.05, Length: 14, Loss: 1.6932
2026-03-17 01:28:58 | INFO | Episode 32/250 - Reward: 7.00, Length: 13, Loss: 1.6960
2026-03-17 01:28:58 | INFO | Episode 33/250 - Reward: 7.30, Length: 10, Loss: 2.1051
2026-03-17 01:28:59 | INFO | Episode 34/250 - Reward: 4.95, Length: 15, Loss: 1.8229
2026-03-17 01:28:59 | INFO | Episode 35/250 - Reward: 7.65, Length: 21, Loss: 1.2590
2026-03-17 01:29:00 | INFO | Episode 36/250 - Reward: 9.35, Length: 11, Loss: 1.7046
2026-03-17 01:29:00 | INFO | Episode 37/250 - Reward: 7.45, Length: 22, Loss: 1.1667
2026-03-17 01:29:01 | INFO | Episode 38/250 - Reward: 9.35, Length: 11, Loss: 1.7269
2026-03-17 01:29:01 | INFO | Episode 39/250 - Reward: 9.25, Length: 10, Loss: 1.7025
2026-03-17 01:29:02 | INFO | Episode 40/250 - Reward: -6.20, Length: 40, Loss: -0.3309
2026-03-17 01:29:02 | INFO | Episode 41/250 - Reward: 6.90, Length: 12, Loss: 1.6553
2026-03-17 01:29:03 | INFO | Episode 42/250 - Reward: 8.85, Length: 12, Loss: 2.2083
2026-03-17 01:29:03 | INFO | Episode 43/250 - Reward: 7.10, Length: 14, Loss: 1.8294
2026-03-17 01:29:04 | INFO | Episode 44/250 - Reward: 9.05, Length: 14, Loss: 1.7026
2026-03-17 01:29:04 | INFO | Episode 45/250 - Reward: 7.30, Length: 10, Loss: 1.8042
2026-03-17 01:29:05 | INFO | Episode 46/250 - Reward: 8.75, Length: 14, Loss: 2.0653
2026-03-17 01:29:05 | INFO | Episode 47/250 - Reward: 9.45, Length: 12, Loss: 1.5616
2026-03-17 01:29:06 | INFO | Episode 48/250 - Reward: -5.60, Length: 40, Loss: -0.6107
2026-03-17 01:29:06 | INFO | Episode 49/250 - Reward: 7.70, Length: 8, Loss: 1.7082
2026-03-17 01:29:07 | INFO | Episode 50/250 - Reward: 7.50, Length: 12, Loss: 1.6948
2026-03-17 01:29:07 | INFO | Episode 50/250 - Avg Reward: 1.56, Avg Length: 27.60, Avg Loss: 0.6638
2026-03-17 01:29:07 | INFO | Episode 51/250 - Reward: 7.40, Length: 11, Loss: 1.6967
2026-03-17 01:29:08 | INFO | Episode 52/250 - Reward: 9.65, Length: 8, Loss: 1.3357
2026-03-17 01:29:08 | INFO | Episode 53/250 - Reward: 7.70, Length: 8, Loss: 1.5381
2026-03-17 01:29:09 | INFO | Episode 54/250 - Reward: 9.05, Length: 11, Loss: 1.2166
2026-03-17 01:29:09 | INFO | Episode 55/250 - Reward: 8.35, Length: 16, Loss: 1.8176
2026-03-17 01:29:10 | INFO | Episode 56/250 - Reward: 8.65, Length: 13, Loss: 1.2768
2026-03-17 01:29:10 | INFO | Episode 57/250 - Reward: 9.45, Length: 9, Loss: 1.2193
2026-03-17 01:29:11 | INFO | Episode 58/250 - Reward: 9.05, Length: 11, Loss: 1.3716
2026-03-17 01:29:11 | INFO | Episode 59/250 - Reward: 9.05, Length: 11, Loss: 1.1893
2026-03-17 01:29:12 | INFO | Episode 60/250 - Reward: 8.75, Length: 14, Loss: 1.7816
2026-03-17 01:29:12 | INFO | Episode 61/250 - Reward: 8.15, Length: 17, Loss: 1.1674
2026-03-17 01:29:13 | INFO | Episode 62/250 - Reward: 8.65, Length: 13, Loss: 1.0609
2026-03-17 01:29:13 | INFO | Episode 63/250 - Reward: 8.75, Length: 14, Loss: 1.3389
2026-03-17 01:29:14 | INFO | Episode 64/250 - Reward: 9.25, Length: 10, Loss: 1.4530
2026-03-17 01:29:14 | INFO | Episode 65/250 - Reward: 7.50, Length: 9, Loss: 1.5857
2026-03-17 01:29:15 | INFO | Episode 66/250 - Reward: -7.55, Length: 40, Loss: -0.2873
2026-03-17 01:29:15 | INFO | Episode 67/250 - Reward: 9.05, Length: 11, Loss: 1.3124
2026-03-17 01:29:16 | INFO | Episode 68/250 - Reward: 9.65, Length: 8, Loss: 0.9833
2026-03-17 01:29:16 | INFO | Episode 69/250 - Reward: 9.65, Length: 8, Loss: 0.8282
2026-03-17 01:29:17 | INFO | Episode 70/250 - Reward: 9.45, Length: 9, Loss: 1.2117
2026-03-17 01:29:17 | INFO | Episode 71/250 - Reward: 9.45, Length: 9, Loss: 1.0220
2026-03-17 01:29:18 | INFO | Episode 72/250 - Reward: 5.25, Length: 33, Loss: 0.7384
2026-03-17 01:29:18 | INFO | Episode 73/250 - Reward: 9.05, Length: 11, Loss: 1.2342
2026-03-17 01:29:19 | INFO | Episode 74/250 - Reward: -6.95, Length: 40, Loss: -0.1784
2026-03-17 01:29:19 | INFO | Episode 75/250 - Reward: 9.45, Length: 9, Loss: 0.8540
2026-03-17 01:29:20 | INFO | Episode 76/250 - Reward: -7.55, Length: 40, Loss: -0.2522
2026-03-17 01:29:20 | INFO | Episode 77/250 - Reward: 9.65, Length: 8, Loss: 0.8260
2026-03-17 01:29:21 | INFO | Episode 78/250 - Reward: 9.25, Length: 10, Loss: 1.3050
2026-03-17 01:29:21 | INFO | Episode 79/250 - Reward: 8.05, Length: 16, Loss: 0.7339
2026-03-17 01:29:22 | INFO | Episode 80/250 - Reward: 8.35, Length: 16, Loss: 1.2245
2026-03-17 01:29:22 | INFO | Episode 81/250 - Reward: 8.85, Length: 12, Loss: 0.9663
2026-03-17 01:29:23 | INFO | Episode 82/250 - Reward: 9.05, Length: 11, Loss: 0.9391
2026-03-17 01:29:23 | INFO | Episode 83/250 - Reward: 7.60, Length: 10, Loss: 2.2167
2026-03-17 01:29:23 | INFO | Episode 84/250 - Reward: 7.30, Length: 10, Loss: 1.8300
2026-03-17 01:29:24 | INFO | Episode 85/250 - Reward: 8.95, Length: 13, Loss: 1.5610
2026-03-17 01:29:25 | INFO | Episode 86/250 - Reward: -7.25, Length: 40, Loss: -0.3111
2026-03-17 01:29:25 | INFO | Episode 87/250 - Reward: 4.80, Length: 24, Loss: 0.6765
2026-03-17 01:29:26 | INFO | Episode 88/250 - Reward: 5.70, Length: 18, Loss: 0.4904
2026-03-17 01:29:25 | INFO | Episode 89/250 - Reward: 4.85, Length: 14, Loss: 1.3246
2026-03-17 01:29:26 | INFO | Episode 90/250 - Reward: 1.20, Length: 27, Loss: 0.7599
2026-03-17 01:29:26 | INFO | Episode 91/250 - Reward: 9.45, Length: 9, Loss: 1.1319
2026-03-17 01:29:27 | INFO | Episode 92/250 - Reward: 9.65, Length: 8, Loss: 0.8840
2026-03-17 01:29:28 | INFO | Episode 93/250 - Reward: 9.45, Length: 9, Loss: 1.8948
2026-03-17 01:29:28 | INFO | Episode 94/250 - Reward: 9.25, Length: 10, Loss: 1.6465
2026-03-17 01:29:29 | INFO | Episode 95/250 - Reward: 8.75, Length: 14, Loss: 1.1442
2026-03-17 01:29:30 | INFO | Episode 96/250 - Reward: 8.85, Length: 12, Loss: 1.3983
2026-03-17 01:29:30 | INFO | Episode 97/250 - Reward: 9.15, Length: 12, Loss: 1.9700
2026-03-17 01:29:31 | INFO | Episode 98/250 - Reward: 7.30, Length: 10, Loss: 1.2972
2026-03-17 01:29:32 | INFO | Episode 99/250 - Reward: 2.60, Length: 20, Loss: 1.1299
2026-03-17 01:29:32 | INFO | Episode 100/250 - Reward: 7.30, Length: 10, Loss: 1.0939
2026-03-17 01:29:32 | INFO | Episode 100/250 - Avg Reward: 6.93, Avg Length: 14.72, Avg Loss: 1.1330
2026-03-17 01:29:33 | INFO | Episode 101/250 - Reward: 9.65, Length: 8, Loss: 0.9604
2026-03-17 01:29:34 | INFO | Episode 102/250 - Reward: 9.45, Length: 9, Loss: 1.1659
2026-03-17 01:29:34 | INFO | Episode 103/250 - Reward: 9.65, Length: 8, Loss: 1.1882
2026-03-17 01:29:35 | INFO | Episode 104/250 - Reward: 7.30, Length: 10, Loss: 2.0944
2026-03-17 01:29:36 | INFO | Episode 105/250 - Reward: 9.65, Length: 8, Loss: 0.9645
2026-03-17 01:29:36 | INFO | Episode 106/250 - Reward: 8.85, Length: 12, Loss: 1.3301
2026-03-17 01:29:37 | INFO | Episode 107/250 - Reward: 8.05, Length: 16, Loss: 0.7818
2026-03-17 01:29:38 | INFO | Episode 108/250 - Reward: 9.45, Length: 9, Loss: 1.6181
2026-03-17 01:29:38 | INFO | Episode 109/250 - Reward: 9.45, Length: 9, Loss: 1.1364
2026-03-17 01:29:39 | INFO | Episode 110/250 - Reward: 7.95, Length: 18, Loss: 1.0774
2026-03-17 01:29:40 | INFO | Episode 111/250 - Reward: 7.05, Length: 21, Loss: 0.6231
2026-03-17 01:29:40 | INFO | Episode 112/250 - Reward: 6.85, Length: 22, Loss: 0.5981
2026-03-17 01:29:41 | INFO | Episode 113/250 - Reward: 7.25, Length: 20, Loss: 0.6795
2026-03-17 01:29:42 | INFO | Episode 114/250 - Reward: 8.65, Length: 13, Loss: 1.1973
2026-03-17 01:29:42 | INFO | Episode 115/250 - Reward: 7.05, Length: 21, Loss: 0.6325
2026-03-17 01:29:43 | INFO | Episode 116/250 - Reward: 7.05, Length: 21, Loss: 0.7608
2026-03-17 01:29:43 | INFO | Episode 117/250 - Reward: 4.85, Length: 32, Loss: 0.3744
2026-03-17 01:29:44 | INFO | Episode 118/250 - Reward: -6.95, Length: 40, Loss: -0.0208
2026-03-17 01:29:45 | INFO | Episode 119/250 - Reward: 7.35, Length: 21, Loss: 0.7622
2026-03-17 01:29:45 | INFO | Episode 120/250 - Reward: 5.85, Length: 27, Loss: 0.4400
2026-03-17 01:29:46 | INFO | Episode 121/250 - Reward: 5.45, Length: 32, Loss: 0.6188
2026-03-17 01:29:47 | INFO | Episode 122/250 - Reward: 5.05, Length: 31, Loss: 0.3789
2026-03-17 01:29:48 | INFO | Episode 123/250 - Reward: 7.65, Length: 18, Loss: 0.7741
2026-03-17 01:29:48 | INFO | Episode 124/250 - Reward: 8.45, Length: 14, Loss: 0.9562
2026-03-17 01:29:49 | INFO | Episode 125/250 - Reward: 6.05, Length: 29, Loss: 0.7236
2026-03-17 01:29:50 | INFO | Episode 126/250 - Reward: 8.05, Length: 19, Loss: 1.4713
2026-03-17 01:29:50 | INFO | Episode 127/250 - Reward: 8.85, Length: 12, Loss: 0.9681
2026-03-17 01:29:51 | INFO | Episode 128/250 - Reward: 8.85, Length: 12, Loss: 1.0528
2026-03-17 01:29:52 | INFO | Episode 129/250 - Reward: 8.05, Length: 16, Loss: 0.8492
2026-03-17 01:29:53 | INFO | Episode 130/250 - Reward: 8.65, Length: 13, Loss: 1.5465
2026-03-17 01:29:53 | INFO | Episode 131/250 - Reward: 7.70, Length: 8, Loss: 1.5338
2026-03-17 01:29:54 | INFO | Episode 132/250 - Reward: 9.55, Length: 10, Loss: 1.5893
2026-03-17 01:29:55 | INFO | Episode 133/250 - Reward: 9.25, Length: 10, Loss: 1.0174
2026-03-17 01:29:55 | INFO | Episode 134/250 - Reward: 9.15, Length: 12, Loss: 1.6647
2026-03-17 01:29:56 | INFO | Episode 135/250 - Reward: 6.20, Length: 17, Loss: 1.0072
2026-03-17 01:29:56 | INFO | Episode 136/250 - Reward: 5.35, Length: 13, Loss: 1.5394
2026-03-17 01:29:56 | INFO | Episode 137/250 - Reward: 8.95, Length: 13, Loss: 1.8244
2026-03-17 01:29:57 | INFO | Episode 138/250 - Reward: 5.35, Length: 13, Loss: 1.7733
2026-03-17 01:29:57 | INFO | Episode 139/250 - Reward: 4.70, Length: 26, Loss: 0.8947
2026-03-17 01:29:58 | INFO | Episode 140/250 - Reward: 8.35, Length: 16, Loss: 1.4031
2026-03-17 01:29:59 | INFO | Episode 141/250 - Reward: 7.85, Length: 20, Loss: 1.2192
2026-03-17 01:29:59 | INFO | Episode 142/250 - Reward: 9.25, Length: 10, Loss: 1.1769
2026-03-17 01:30:00 | INFO | Episode 143/250 - Reward: 7.70, Length: 8, Loss: 1.9111
2026-03-17 01:30:01 | INFO | Episode 144/250 - Reward: 9.15, Length: 12, Loss: 1.5858
2026-03-17 01:30:01 | INFO | Episode 145/250 - Reward: 7.40, Length: 11, Loss: 1.6249
2026-03-17 01:30:02 | INFO | Episode 146/250 - Reward: 9.45, Length: 9, Loss: 1.1631
2026-03-17 01:30:03 | INFO | Episode 147/250 - Reward: 9.25, Length: 10, Loss: 1.3814
2026-03-17 01:30:03 | INFO | Episode 148/250 - Reward: 9.05, Length: 11, Loss: 1.3195
2026-03-17 01:30:04 | INFO | Episode 149/250 - Reward: 9.05, Length: 11, Loss: 1.0678
2026-03-17 01:30:05 | INFO | Episode 150/250 - Reward: 9.55, Length: 10, Loss: 1.6844
2026-03-17 01:30:05 | INFO | Episode 150/250 - Avg Reward: 7.64, Avg Length: 15.82, Avg Loss: 1.1217
2026-03-17 01:30:05 | INFO | Episode 151/250 - Reward: 6.90, Length: 15, Loss: 1.9050
2026-03-17 01:30:06 | INFO | Episode 152/250 - Reward: 6.60, Length: 15, Loss: 1.6059
2026-03-17 01:30:07 | INFO | Episode 153/250 - Reward: 6.80, Length: 14, Loss: 1.2308
2026-03-17 01:30:07 | INFO | Episode 154/250 - Reward: 9.25, Length: 10, Loss: 1.8729
2026-03-17 01:30:08 | INFO | Episode 155/250 - Reward: 8.45, Length: 17, Loss: 1.4804
2026-03-17 01:30:09 | INFO | Episode 156/250 - Reward: 8.75, Length: 14, Loss: 1.4942
2026-03-17 01:30:09 | INFO | Episode 157/250 - Reward: 7.55, Length: 23, Loss: 1.3111
2026-03-17 01:30:10 | INFO | Episode 158/250 - Reward: 5.40, Length: 21, Loss: 0.8019
2026-03-17 01:30:10 | INFO | Episode 159/250 - Reward: 9.25, Length: 10, Loss: 1.4945
2026-03-17 01:30:11 | INFO | Episode 160/250 - Reward: 8.95, Length: 13, Loss: 1.4568
2026-03-17 01:30:12 | INFO | Episode 161/250 - Reward: 8.95, Length: 13, Loss: 1.6067
2026-03-17 01:30:12 | INFO | Episode 162/250 - Reward: 7.55, Length: 20, Loss: 1.1435
2026-03-17 01:30:13 | INFO | Episode 163/250 - Reward: 9.65, Length: 8, Loss: 1.4981
2026-03-17 01:30:14 | INFO | Episode 164/250 - Reward: 7.10, Length: 14, Loss: 1.7073
2026-03-17 01:30:14 | INFO | Episode 165/250 - Reward: 7.20, Length: 12, Loss: 1.9031
2026-03-17 01:30:15 | INFO | Episode 166/250 - Reward: 5.50, Length: 19, Loss: 0.7015
2026-03-17 01:30:16 | INFO | Episode 167/250 - Reward: 9.65, Length: 8, Loss: 0.9840
2026-03-17 01:30:16 | INFO | Episode 168/250 - Reward: 9.45, Length: 9, Loss: 1.6985
2026-03-17 01:30:17 | INFO | Episode 169/250 - Reward: 9.65, Length: 8, Loss: 0.9608
2026-03-17 01:30:17 | INFO | Episode 170/250 - Reward: 8.45, Length: 14, Loss: 1.5342
2026-03-17 01:30:18 | INFO | Episode 171/250 - Reward: 8.45, Length: 17, Loss: 1.1293
2026-03-17 01:30:19 | INFO | Episode 172/250 - Reward: 8.45, Length: 14, Loss: 0.8657
2026-03-17 01:30:19 | INFO | Episode 173/250 - Reward: 7.75, Length: 19, Loss: 0.8241
2026-03-17 01:30:20 | INFO | Episode 174/250 - Reward: 8.65, Length: 13, Loss: 0.8326
2026-03-17 01:30:21 | INFO | Episode 175/250 - Reward: 8.85, Length: 12, Loss: 1.6070
2026-03-17 01:30:21 | INFO | Episode 176/250 - Reward: 7.45, Length: 22, Loss: 0.7827
2026-03-17 01:30:22 | INFO | Episode 177/250 - Reward: 8.45, Length: 14, Loss: 1.5469
2026-03-17 01:30:22 | INFO | Episode 178/250 - Reward: 8.05, Length: 19, Loss: 1.2920
2026-03-17 01:30:23 | INFO | Episode 179/250 - Reward: 8.65, Length: 13, Loss: 0.9508
2026-03-17 01:30:24 | INFO | Episode 180/250 - Reward: 8.45, Length: 14, Loss: 0.8773
2026-03-17 01:30:24 | INFO | Episode 181/250 - Reward: 8.65, Length: 13, Loss: 1.1632
2026-03-17 01:30:25 | INFO | Episode 182/250 - Reward: 9.45, Length: 9, Loss: 1.3621
2026-03-17 01:30:26 | INFO | Episode 183/250 - Reward: 9.65, Length: 8, Loss: 1.0689
2026-03-17 01:30:26 | INFO | Episode 184/250 - Reward: 4.80, Length: 24, Loss: 0.3338
2026-03-17 01:30:27 | INFO | Episode 185/250 - Reward: 6.30, Length: 15, Loss: 0.6439
2026-03-17 01:30:28 | INFO | Episode 186/250 - Reward: 9.65, Length: 8, Loss: 0.6684
2026-03-17 01:30:28 | INFO | Episode 187/250 - Reward: 5.30, Length: 20, Loss: 0.4017
2026-03-17 01:30:28 | INFO | Episode 188/250 - Reward: 9.45, Length: 9, Loss: 0.8316
2026-03-17 01:30:29 | INFO | Episode 189/250 - Reward: 9.65, Length: 8, Loss: 0.9754
2026-03-17 01:30:29 | INFO | Episode 190/250 - Reward: 9.45, Length: 9, Loss: 1.1760
2026-03-17 01:30:30 | INFO | Episode 191/250 - Reward: 9.65, Length: 8, Loss: 1.1100
2026-03-17 01:30:31 | INFO | Episode 192/250 - Reward: -8.30, Length: 40, Loss: -0.4145
2026-03-17 01:30:31 | INFO | Episode 193/250 - Reward: 6.80, Length: 14, Loss: 1.7267
2026-03-17 01:30:32 | INFO | Episode 194/250 - Reward: 8.35, Length: 16, Loss: 1.3624
2026-03-17 01:30:33 | INFO | Episode 195/250 - Reward: 7.50, Length: 9, Loss: 1.9516
2026-03-17 01:30:33 | INFO | Episode 196/250 - Reward: 9.45, Length: 9, Loss: 1.0633
2026-03-17 01:30:34 | INFO | Episode 197/250 - Reward: 9.65, Length: 8, Loss: 0.7634
2026-03-17 01:30:35 | INFO | Episode 198/250 - Reward: 7.10, Length: 11, Loss: 0.9838
2026-03-17 01:30:36 | INFO | Episode 199/250 - Reward: 9.25, Length: 10, Loss: 1.4577
2026-03-17 01:30:36 | INFO | Episode 200/250 - Reward: 9.25, Length: 10, Loss: 0.9904
2026-03-17 01:30:36 | INFO | Episode 200/250 - Avg Reward: 7.91, Avg Length: 13.84, Avg Loss: 1.1744
2026-03-17 01:30:37 | INFO | Episode 201/250 - Reward: 9.25, Length: 10, Loss: 0.8426
2026-03-17 01:30:38 | INFO | Episode 202/250 - Reward: 8.05, Length: 16, Loss: 1.5026
2026-03-17 01:30:38 | INFO | Episode 203/250 - Reward: 8.45, Length: 14, Loss: 0.8888
2026-03-17 01:30:39 | INFO | Episode 204/250 - Reward: 8.65, Length: 13, Loss: 1.1036
2026-03-17 01:30:39 | INFO | Episode 205/250 - Reward: 9.25, Length: 10, Loss: 1.2192
2026-03-17 01:30:40 | INFO | Episode 206/250 - Reward: 9.45, Length: 9, Loss: 0.9047
2026-03-17 01:30:41 | INFO | Episode 207/250 - Reward: 8.95, Length: 13, Loss: 1.7367
2026-03-17 01:30:41 | INFO | Episode 208/250 - Reward: 8.85, Length: 12, Loss: 0.9838
2026-03-17 01:30:42 | INFO | Episode 209/250 - Reward: 8.45, Length: 14, Loss: 0.7679
2026-03-17 01:30:43 | INFO | Episode 210/250 - Reward: -7.55, Length: 40, Loss: -0.1275
2026-03-17 01:30:43 | INFO | Episode 211/250 - Reward: 7.45, Length: 19, Loss: 0.7393
2026-03-17 01:30:44 | INFO | Episode 212/250 - Reward: 7.25, Length: 20, Loss: 0.6195
2026-03-17 01:30:45 | INFO | Episode 213/250 - Reward: 6.45, Length: 24, Loss: 0.5045
2026-03-17 01:30:45 | INFO | Episode 214/250 - Reward: 8.65, Length: 13, Loss: 0.9921
2026-03-17 01:30:46 | INFO | Episode 215/250 - Reward: 8.65, Length: 13, Loss: 1.1048
2026-03-17 01:30:47 | INFO | Episode 216/250 - Reward: 8.85, Length: 12, Loss: 0.9953
2026-03-17 01:30:47 | INFO | Episode 217/250 - Reward: 8.45, Length: 14, Loss: 0.7908
2026-03-17 01:30:48 | INFO | Episode 218/250 - Reward: 8.25, Length: 15, Loss: 0.7644
2026-03-17 01:30:49 | INFO | Episode 219/250 - Reward: 9.05, Length: 11, Loss: 0.9454
2026-03-17 01:30:49 | INFO | Episode 220/250 - Reward: 9.65, Length: 8, Loss: 0.9026
2026-03-17 01:30:50 | INFO | Episode 221/250 - Reward: 7.30, Length: 10, Loss: 0.9611
2026-03-17 01:30:50 | INFO | Episode 222/250 - Reward: 9.65, Length: 8, Loss: 0.7665
2026-03-17 01:30:51 | INFO | Episode 223/250 - Reward: 9.65, Length: 8, Loss: 0.9222
2026-03-17 01:30:52 | INFO | Episode 224/250 - Reward: 9.65, Length: 8, Loss: 0.9066
2026-03-17 01:30:52 | INFO | Episode 225/250 - Reward: 9.65, Length: 8, Loss: 0.7243
2026-03-17 01:30:53 | INFO | Episode 226/250 - Reward: 9.65, Length: 8, Loss: 0.4831
2026-03-17 01:30:54 | INFO | Episode 227/250 - Reward: 9.65, Length: 8, Loss: 0.4079
2026-03-17 01:30:55 | INFO | Episode 228/250 - Reward: -8.90, Length: 40, Loss: -0.0824
2026-03-17 01:30:55 | INFO | Episode 229/250 - Reward: 9.45, Length: 9, Loss: 0.5737
2026-03-17 01:30:56 | INFO | Episode 230/250 - Reward: 9.65, Length: 8, Loss: 1.4355
2026-03-17 01:30:57 | INFO | Episode 231/250 - Reward: 9.45, Length: 9, Loss: 1.5399
2026-03-17 01:30:57 | INFO | Episode 232/250 - Reward: 9.25, Length: 10, Loss: 0.6935
2026-03-17 01:30:58 | INFO | Episode 233/250 - Reward: 9.25, Length: 10, Loss: 0.9106
2026-03-17 01:30:59 | INFO | Episode 234/250 - Reward: 9.25, Length: 10, Loss: 1.1419
2026-03-17 01:30:59 | INFO | Episode 235/250 - Reward: 9.45, Length: 9, Loss: 0.8325
2026-03-17 01:30:59 | INFO | Episode 236/250 - Reward: 9.45, Length: 9, Loss: 0.6346
2026-03-17 01:31:00 | INFO | Episode 237/250 - Reward: 9.25, Length: 10, Loss: 0.6525
2026-03-17 01:31:00 | INFO | Episode 238/250 - Reward: 9.05, Length: 11, Loss: 0.8083
2026-03-17 01:31:01 | INFO | Episode 239/250 - Reward: 9.45, Length: 9, Loss: 1.0647
2026-03-17 01:31:02 | INFO | Episode 240/250 - Reward: 9.05, Length: 11, Loss: 1.1261
2026-03-17 01:31:02 | INFO | Episode 241/250 - Reward: 8.05, Length: 19, Loss: 1.4128
2026-03-17 01:31:03 | INFO | Episode 242/250 - Reward: 7.45, Length: 19, Loss: 0.5755
2026-03-17 01:31:03 | INFO | Episode 243/250 - Reward: 9.25, Length: 10, Loss: 1.1267
2026-03-17 01:31:04 | INFO | Episode 244/250 - Reward: 7.70, Length: 8, Loss: 1.2369
2026-03-17 01:31:04 | INFO | Episode 245/250 - Reward: 4.90, Length: 22, Loss: 0.3979
2026-03-17 01:31:05 | INFO | Episode 246/250 - Reward: 9.45, Length: 9, Loss: 1.3275
2026-03-17 01:31:05 | INFO | Episode 247/250 - Reward: 9.05, Length: 11, Loss: 1.1333
2026-03-17 01:31:06 | INFO | Episode 248/250 - Reward: 9.25, Length: 10, Loss: 0.9717
2026-03-17 01:31:06 | INFO | Episode 249/250 - Reward: 9.45, Length: 9, Loss: 0.8416
2026-03-17 01:31:07 | INFO | Episode 250/250 - Reward: 9.05, Length: 11, Loss: 0.8921
2026-03-17 01:31:07 | INFO | Episode 250/250 - Avg Reward: 8.13, Avg Length: 12.82, Avg Loss: 0.8920
