2026-03-17 01:33:55 | INFO | ============================================================
2026-03-17 01:33:55 | INFO | DEVICE / COMPUTE INFORMATION
2026-03-17 01:33:55 | INFO |   JAX backend       : GPU
2026-03-17 01:33:55 | INFO |   Platform          : gpu
2026-03-17 01:33:55 | INFO |   Num devices       : 1
2026-03-17 01:33:55 | INFO |   Device            : cuda:0
2026-03-17 01:33:55 | INFO |   GPU name          : NVIDIA GeForce RTX 5060 Laptop GPU
2026-03-17 01:33:55 | INFO | ============================================================
2026-03-17 01:33:55 | INFO | ✓ JAX GPU backend confirmed.
2026-03-17 01:33:56 | INFO | REINFORCE seed=5_gamma=0.99_lr=0.001
2026-03-17 01:34:00 | INFO | Episode 1/250 - Reward: 6.35, Length: 35, Loss: 0.8109
2026-03-17 01:34:00 | INFO | Episode 2/250 - Reward: -4.85, Length: 40, Loss: -0.4402
2026-03-17 01:34:01 | INFO | Episode 3/250 - Reward: -4.85, Length: 40, Loss: -0.4592
2026-03-17 01:34:01 | INFO | Episode 4/250 - Reward: -4.70, Length: 40, Loss: -0.4643
2026-03-17 01:34:02 | INFO | Episode 5/250 - Reward: -5.45, Length: 40, Loss: -0.3823
2026-03-17 01:34:02 | INFO | Episode 6/250 - Reward: 4.95, Length: 39, Loss: 0.5656
2026-03-17 01:34:03 | INFO | Episode 7/250 - Reward: -5.15, Length: 40, Loss: -0.3756
2026-03-17 01:34:03 | INFO | Episode 8/250 - Reward: -5.15, Length: 40, Loss: -0.3975
2026-03-17 01:34:04 | INFO | Episode 9/250 - Reward: -4.55, Length: 40, Loss: -0.4677
2026-03-17 01:34:04 | INFO | Episode 10/250 - Reward: -10.25, Length: 40, Loss: -0.5007
2026-03-17 01:34:05 | INFO | Episode 11/250 - Reward: -5.75, Length: 40, Loss: -0.4621
2026-03-17 01:34:05 | INFO | Episode 12/250 - Reward: -5.15, Length: 40, Loss: -0.4705
2026-03-17 01:34:06 | INFO | Episode 13/250 - Reward: 5.60, Length: 26, Loss: 1.2711
2026-03-17 01:34:07 | INFO | Episode 14/250 - Reward: -5.45, Length: 40, Loss: -0.4495
2026-03-17 01:34:07 | INFO | Episode 15/250 - Reward: -4.70, Length: 40, Loss: -0.4257
2026-03-17 01:34:08 | INFO | Episode 16/250 - Reward: -5.75, Length: 40, Loss: -0.4310
2026-03-17 01:34:07 | INFO | Episode 17/250 - Reward: -5.00, Length: 40, Loss: -0.4681
2026-03-17 01:34:08 | INFO | Episode 18/250 - Reward: -4.85, Length: 40, Loss: -0.3944
2026-03-17 01:34:08 | INFO | Episode 19/250 - Reward: -4.85, Length: 40, Loss: -0.4686
2026-03-17 01:34:09 | INFO | Episode 20/250 - Reward: -4.55, Length: 40, Loss: -0.4249
2026-03-17 01:34:09 | INFO | Episode 21/250 - Reward: -5.15, Length: 40, Loss: -0.4225
2026-03-17 01:34:10 | INFO | Episode 22/250 - Reward: -3.95, Length: 40, Loss: -0.4131
2026-03-17 01:34:10 | INFO | Episode 23/250 - Reward: -4.85, Length: 40, Loss: -0.3697
2026-03-17 01:34:11 | INFO | Episode 24/250 - Reward: -4.85, Length: 40, Loss: -0.4127
2026-03-17 01:34:11 | INFO | Episode 25/250 - Reward: -6.50, Length: 40, Loss: -0.5803
2026-03-17 01:34:12 | INFO | Episode 26/250 - Reward: -4.55, Length: 40, Loss: -0.4260
2026-03-17 01:34:12 | INFO | Episode 27/250 - Reward: -3.80, Length: 40, Loss: -0.4051
2026-03-17 01:34:13 | INFO | Episode 28/250 - Reward: -5.45, Length: 40, Loss: -0.4004
2026-03-17 01:34:13 | INFO | Episode 29/250 - Reward: -4.25, Length: 40, Loss: -0.3984
2026-03-17 01:34:14 | INFO | Episode 30/250 - Reward: -4.55, Length: 40, Loss: -0.4346
2026-03-17 01:34:14 | INFO | Episode 31/250 - Reward: -11.30, Length: 40, Loss: -0.4661
2026-03-17 01:34:15 | INFO | Episode 32/250 - Reward: -11.00, Length: 40, Loss: -0.5349
2026-03-17 01:34:15 | INFO | Episode 33/250 - Reward: 4.35, Length: 21, Loss: 1.5012
2026-03-17 01:34:16 | INFO | Episode 34/250 - Reward: -3.80, Length: 40, Loss: -0.4350
2026-03-17 01:34:16 | INFO | Episode 35/250 - Reward: -5.15, Length: 40, Loss: -0.4466
2026-03-17 01:34:17 | INFO | Episode 36/250 - Reward: -6.05, Length: 40, Loss: -0.4142
2026-03-17 01:34:17 | INFO | Episode 37/250 - Reward: -4.85, Length: 40, Loss: -0.3876
2026-03-17 01:34:18 | INFO | Episode 38/250 - Reward: -6.05, Length: 40, Loss: -0.4589
2026-03-17 01:34:18 | INFO | Episode 39/250 - Reward: -6.35, Length: 40, Loss: -0.4519
2026-03-17 01:34:19 | INFO | Episode 40/250 - Reward: -4.25, Length: 40, Loss: -0.4053
2026-03-17 01:34:19 | INFO | Episode 41/250 - Reward: -5.60, Length: 40, Loss: -0.3348
2026-03-17 01:34:20 | INFO | Episode 42/250 - Reward: 6.75, Length: 30, Loss: 1.0566
2026-03-17 01:34:20 | INFO | Episode 43/250 - Reward: -12.20, Length: 40, Loss: -0.6147
2026-03-17 01:34:21 | INFO | Episode 44/250 - Reward: -5.60, Length: 40, Loss: -0.4406
2026-03-17 01:34:21 | INFO | Episode 45/250 - Reward: -4.25, Length: 40, Loss: -0.4065
2026-03-17 01:34:22 | INFO | Episode 46/250 - Reward: -5.15, Length: 40, Loss: 0.0065
2026-03-17 01:34:22 | INFO | Episode 47/250 - Reward: -4.70, Length: 40, Loss: -0.4567
2026-03-17 01:34:23 | INFO | Episode 48/250 - Reward: -4.85, Length: 40, Loss: -0.4450
2026-03-17 01:34:24 | INFO | Episode 49/250 - Reward: -4.70, Length: 40, Loss: -0.4222
2026-03-17 01:34:24 | INFO | Episode 50/250 - Reward: -5.30, Length: 40, Loss: -0.4267
2026-03-17 01:34:24 | INFO | Episode 50/250 - Avg Reward: -4.44, Avg Length: 39.02, Avg Loss: -0.2816
2026-03-17 01:34:25 | INFO | Episode 51/250 - Reward: -5.30, Length: 40, Loss: -0.4964
2026-03-17 01:34:25 | INFO | Episode 52/250 - Reward: -5.00, Length: 40, Loss: -0.4785
2026-03-17 01:34:26 | INFO | Episode 53/250 - Reward: -6.35, Length: 40, Loss: -0.4371
2026-03-17 01:34:26 | INFO | Episode 54/250 - Reward: -5.45, Length: 40, Loss: -0.4664
2026-03-17 01:34:27 | INFO | Episode 55/250 - Reward: -4.40, Length: 40, Loss: -0.4502
2026-03-17 01:34:27 | INFO | Episode 56/250 - Reward: -5.15, Length: 40, Loss: -0.4551
2026-03-17 01:34:28 | INFO | Episode 57/250 - Reward: -3.65, Length: 40, Loss: -0.3912
2026-03-17 01:34:28 | INFO | Episode 58/250 - Reward: -8.15, Length: 40, Loss: -0.4335
2026-03-17 01:34:29 | INFO | Episode 59/250 - Reward: -4.70, Length: 40, Loss: -0.4542
2026-03-17 01:34:29 | INFO | Episode 60/250 - Reward: -5.45, Length: 40, Loss: -0.4538
2026-03-17 01:34:30 | INFO | Episode 61/250 - Reward: -6.50, Length: 40, Loss: -0.5266
2026-03-17 01:34:30 | INFO | Episode 62/250 - Reward: 3.35, Length: 32, Loss: 0.7761
2026-03-17 01:34:31 | INFO | Episode 63/250 - Reward: -4.70, Length: 40, Loss: -0.4796
2026-03-17 01:34:31 | INFO | Episode 64/250 - Reward: -6.65, Length: 40, Loss: -0.3863
2026-03-17 01:34:32 | INFO | Episode 65/250 - Reward: -3.20, Length: 40, Loss: -0.4471
2026-03-17 01:34:32 | INFO | Episode 66/250 - Reward: -4.70, Length: 40, Loss: -0.4812
2026-03-17 01:34:33 | INFO | Episode 67/250 - Reward: 7.05, Length: 30, Loss: 1.0780
2026-03-17 01:34:33 | INFO | Episode 68/250 - Reward: -5.90, Length: 40, Loss: -0.3947
2026-03-17 01:34:34 | INFO | Episode 69/250 - Reward: -4.70, Length: 40, Loss: -0.4759
2026-03-17 01:34:34 | INFO | Episode 70/250 - Reward: -4.55, Length: 40, Loss: -0.5010
2026-03-17 01:34:35 | INFO | Episode 71/250 - Reward: -8.15, Length: 40, Loss: -0.5728
2026-03-17 01:34:35 | INFO | Episode 72/250 - Reward: -3.20, Length: 40, Loss: -0.4770
2026-03-17 01:34:36 | INFO | Episode 73/250 - Reward: 7.35, Length: 27, Loss: 1.2369
2026-03-17 01:34:37 | INFO | Episode 74/250 - Reward: -5.45, Length: 40, Loss: -0.4570
2026-03-17 01:34:37 | INFO | Episode 75/250 - Reward: -4.55, Length: 40, Loss: -0.5303
2026-03-17 01:34:38 | INFO | Episode 76/250 - Reward: -4.70, Length: 40, Loss: -0.4537
2026-03-17 01:34:38 | INFO | Episode 77/250 - Reward: 7.25, Length: 26, Loss: 1.2866
2026-03-17 01:34:39 | INFO | Episode 78/250 - Reward: -6.05, Length: 40, Loss: -0.4512
2026-03-17 01:34:39 | INFO | Episode 79/250 - Reward: -4.25, Length: 40, Loss: -0.4464
2026-03-17 01:34:39 | INFO | Episode 80/250 - Reward: 7.05, Length: 30, Loss: 1.0679
2026-03-17 01:34:39 | INFO | Episode 81/250 - Reward: -4.25, Length: 40, Loss: -0.4079
2026-03-17 01:34:40 | INFO | Episode 82/250 - Reward: -4.70, Length: 40, Loss: -0.4517
2026-03-17 01:34:40 | INFO | Episode 83/250 - Reward: -5.00, Length: 40, Loss: -0.4245
2026-03-17 01:34:41 | INFO | Episode 84/250 - Reward: -4.70, Length: 40, Loss: -0.4234
2026-03-17 01:34:41 | INFO | Episode 85/250 - Reward: -5.00, Length: 40, Loss: -0.3891
2026-03-17 01:34:42 | INFO | Episode 86/250 - Reward: -6.20, Length: 40, Loss: -0.4965
2026-03-17 01:34:43 | INFO | Episode 87/250 - Reward: -5.00, Length: 40, Loss: -0.3989
2026-03-17 01:34:43 | INFO | Episode 88/250 - Reward: 4.60, Length: 40, Loss: 0.5469
2026-03-17 01:34:44 | INFO | Episode 89/250 - Reward: -4.85, Length: 40, Loss: -0.4362
2026-03-17 01:34:45 | INFO | Episode 90/250 - Reward: -5.30, Length: 40, Loss: -0.4403
2026-03-17 01:34:45 | INFO | Episode 91/250 - Reward: -8.00, Length: 40, Loss: -0.5929
2026-03-17 01:34:46 | INFO | Episode 92/250 - Reward: -10.25, Length: 40, Loss: -0.3802
2026-03-17 01:34:47 | INFO | Episode 93/250 - Reward: -4.85, Length: 40, Loss: -0.4125
2026-03-17 01:34:47 | INFO | Episode 94/250 - Reward: -4.85, Length: 40, Loss: -0.4378
2026-03-17 01:34:48 | INFO | Episode 95/250 - Reward: -4.55, Length: 40, Loss: -0.4338
2026-03-17 01:34:49 | INFO | Episode 96/250 - Reward: -4.85, Length: 40, Loss: -0.4236
2026-03-17 01:34:49 | INFO | Episode 97/250 - Reward: -4.85, Length: 40, Loss: -0.4447
2026-03-17 01:34:50 | INFO | Episode 98/250 - Reward: -3.80, Length: 40, Loss: -0.5117
2026-03-17 01:34:51 | INFO | Episode 99/250 - Reward: 6.35, Length: 32, Loss: 0.9367
2026-03-17 01:34:51 | INFO | Episode 100/250 - Reward: -4.55, Length: 40, Loss: -0.3820
2026-03-17 01:34:51 | INFO | Episode 100/250 - Avg Reward: -3.67, Avg Length: 38.74, Avg Loss: -0.2511
2026-03-17 01:34:52 | INFO | Episode 101/250 - Reward: -7.55, Length: 40, Loss: -0.4515
2026-03-17 01:34:53 | INFO | Episode 102/250 - Reward: 2.45, Length: 38, Loss: 0.5028
2026-03-17 01:34:53 | INFO | Episode 103/250 - Reward: -4.40, Length: 40, Loss: -0.5099
2026-03-17 01:34:54 | INFO | Episode 104/250 - Reward: -5.15, Length: 40, Loss: -0.4449
2026-03-17 01:34:55 | INFO | Episode 105/250 - Reward: -5.60, Length: 40, Loss: -0.4288
2026-03-17 01:34:55 | INFO | Episode 106/250 - Reward: -3.65, Length: 40, Loss: -0.4014
2026-03-17 01:34:56 | INFO | Episode 107/250 - Reward: 2.70, Length: 36, Loss: 0.6373
2026-03-17 01:34:57 | INFO | Episode 108/250 - Reward: -5.45, Length: 40, Loss: -0.4284
2026-03-17 01:34:57 | INFO | Episode 109/250 - Reward: 7.15, Length: 34, Loss: 0.8958
2026-03-17 01:34:58 | INFO | Episode 110/250 - Reward: -5.45, Length: 40, Loss: -0.4777
2026-03-17 01:34:59 | INFO | Episode 111/250 - Reward: -5.15, Length: 40, Loss: -0.4462
2026-03-17 01:34:59 | INFO | Episode 112/250 - Reward: -4.70, Length: 40, Loss: -0.4219
2026-03-17 01:35:00 | INFO | Episode 113/250 - Reward: -6.05, Length: 40, Loss: -0.4289
2026-03-17 01:35:01 | INFO | Episode 114/250 - Reward: -5.15, Length: 40, Loss: -0.4753
2026-03-17 01:35:01 | INFO | Episode 115/250 - Reward: -5.00, Length: 40, Loss: -0.5315
2026-03-17 01:35:02 | INFO | Episode 116/250 - Reward: -5.15, Length: 40, Loss: -0.4373
2026-03-17 01:35:03 | INFO | Episode 117/250 - Reward: -5.00, Length: 40, Loss: -0.4417
2026-03-17 01:35:03 | INFO | Episode 118/250 - Reward: -4.70, Length: 40, Loss: -0.4270
2026-03-17 01:35:04 | INFO | Episode 119/250 - Reward: -4.85, Length: 40, Loss: -0.4091
2026-03-17 01:35:05 | INFO | Episode 120/250 - Reward: 8.35, Length: 19, Loss: 1.7375
2026-03-17 01:35:05 | INFO | Episode 121/250 - Reward: -3.95, Length: 40, Loss: -0.4069
2026-03-17 01:35:06 | INFO | Episode 122/250 - Reward: 4.40, Length: 35, Loss: 0.7564
2026-03-17 01:35:07 | INFO | Episode 123/250 - Reward: -10.10, Length: 40, Loss: -0.4159
2026-03-17 01:35:08 | INFO | Episode 124/250 - Reward: 4.30, Length: 37, Loss: 0.6810
2026-03-17 01:35:08 | INFO | Episode 125/250 - Reward: -4.85, Length: 40, Loss: -0.4698
2026-03-17 01:35:09 | INFO | Episode 126/250 - Reward: 4.80, Length: 39, Loss: 0.6125
2026-03-17 01:35:09 | INFO | Episode 127/250 - Reward: -5.15, Length: 40, Loss: -0.3860
2026-03-17 01:35:10 | INFO | Episode 128/250 - Reward: -4.70, Length: 40, Loss: -0.4558
2026-03-17 01:35:10 | INFO | Episode 129/250 - Reward: -5.30, Length: 40, Loss: -0.3943
2026-03-17 01:35:11 | INFO | Episode 130/250 - Reward: 4.05, Length: 21, Loss: 1.4558
2026-03-17 01:35:11 | INFO | Episode 131/250 - Reward: -4.70, Length: 40, Loss: -0.4848
2026-03-17 01:35:12 | INFO | Episode 132/250 - Reward: -9.20, Length: 40, Loss: -0.3275
2026-03-17 01:35:12 | INFO | Episode 133/250 - Reward: -5.15, Length: 40, Loss: -0.4426
2026-03-17 01:35:13 | INFO | Episode 134/250 - Reward: -5.45, Length: 40, Loss: -0.4643
2026-03-17 01:35:14 | INFO | Episode 135/250 - Reward: 5.60, Length: 29, Loss: 1.1189
2026-03-17 01:35:14 | INFO | Episode 136/250 - Reward: -4.70, Length: 40, Loss: -0.4393
2026-03-17 01:35:15 | INFO | Episode 137/250 - Reward: -4.85, Length: 40, Loss: -0.4418
2026-03-17 01:35:16 | INFO | Episode 138/250 - Reward: -5.00, Length: 40, Loss: -0.4245
2026-03-17 01:35:16 | INFO | Episode 139/250 - Reward: 2.05, Length: 40, Loss: 0.4020
2026-03-17 01:35:17 | INFO | Episode 140/250 - Reward: -5.60, Length: 40, Loss: -0.4450
2026-03-17 01:35:18 | INFO | Episode 141/250 - Reward: -4.70, Length: 40, Loss: -0.4721
2026-03-17 01:35:18 | INFO | Episode 142/250 - Reward: -4.25, Length: 40, Loss: -0.4658
2026-03-17 01:35:19 | INFO | Episode 143/250 - Reward: -5.45, Length: 40, Loss: -0.4591
2026-03-17 01:35:20 | INFO | Episode 144/250 - Reward: -5.00, Length: 40, Loss: -0.3943
2026-03-17 01:35:20 | INFO | Episode 145/250 - Reward: -4.55, Length: 40, Loss: -0.4393
2026-03-17 01:35:21 | INFO | Episode 146/250 - Reward: 6.30, Length: 21, Loss: 1.5549
2026-03-17 01:35:22 | INFO | Episode 147/250 - Reward: -4.85, Length: 40, Loss: -0.4522
2026-03-17 01:35:22 | INFO | Episode 148/250 - Reward: -4.70, Length: 40, Loss: -0.3883
2026-03-17 01:35:23 | INFO | Episode 149/250 - Reward: 7.45, Length: 28, Loss: 1.1768
2026-03-17 01:35:24 | INFO | Episode 150/250 - Reward: 5.15, Length: 38, Loss: 0.6337
2026-03-17 01:35:24 | INFO | Episode 150/250 - Avg Reward: -2.61, Avg Length: 37.90, Avg Loss: -0.0813
2026-03-17 01:35:24 | INFO | Episode 151/250 - Reward: -4.85, Length: 40, Loss: -0.4615
2026-03-17 01:35:25 | INFO | Episode 152/250 - Reward: -4.70, Length: 40, Loss: -0.4133
2026-03-17 01:35:26 | INFO | Episode 153/250 - Reward: 5.10, Length: 27, Loss: 1.1356
2026-03-17 01:35:26 | INFO | Episode 154/250 - Reward: -5.00, Length: 40, Loss: -0.4021
2026-03-17 01:35:27 | INFO | Episode 155/250 - Reward: 4.60, Length: 37, Loss: 0.6622
2026-03-17 01:35:28 | INFO | Episode 156/250 - Reward: -5.15, Length: 40, Loss: -0.4394
2026-03-17 01:35:28 | INFO | Episode 157/250 - Reward: -4.25, Length: 40, Loss: -0.4328
2026-03-17 01:35:29 | INFO | Episode 158/250 - Reward: -5.60, Length: 40, Loss: -0.4120
2026-03-17 01:35:30 | INFO | Episode 159/250 - Reward: -5.15, Length: 40, Loss: -0.4617
2026-03-17 01:35:30 | INFO | Episode 160/250 - Reward: -5.30, Length: 40, Loss: -0.3683
2026-03-17 01:35:31 | INFO | Episode 161/250 - Reward: -4.25, Length: 40, Loss: -0.4450
2026-03-17 01:35:32 | INFO | Episode 162/250 - Reward: -9.65, Length: 40, Loss: -0.3577
2026-03-17 01:35:33 | INFO | Episode 163/250 - Reward: -3.40, Length: 38, Loss: 0.0115
2026-03-17 01:35:33 | INFO | Episode 164/250 - Reward: -5.00, Length: 40, Loss: -0.4744
2026-03-17 01:35:34 | INFO | Episode 165/250 - Reward: -4.25, Length: 40, Loss: -0.4172
2026-03-17 01:35:35 | INFO | Episode 166/250 - Reward: -5.90, Length: 40, Loss: -0.4445
2026-03-17 01:35:35 | INFO | Episode 167/250 - Reward: -11.00, Length: 40, Loss: -0.5389
2026-03-17 01:35:36 | INFO | Episode 168/250 - Reward: 6.40, Length: 19, Loss: 1.7002
2026-03-17 01:35:37 | INFO | Episode 169/250 - Reward: -5.00, Length: 40, Loss: -0.4055
2026-03-17 01:35:37 | INFO | Episode 170/250 - Reward: -8.30, Length: 40, Loss: -0.5921
2026-03-17 01:35:38 | INFO | Episode 171/250 - Reward: -5.00, Length: 40, Loss: -0.4548
2026-03-17 01:35:39 | INFO | Episode 172/250 - Reward: -11.45, Length: 40, Loss: -0.3284
2026-03-17 01:35:39 | INFO | Episode 173/250 - Reward: -5.15, Length: 40, Loss: -0.4670
2026-03-17 01:35:40 | INFO | Episode 174/250 - Reward: -5.45, Length: 40, Loss: -0.4545
2026-03-17 01:35:41 | INFO | Episode 175/250 - Reward: 7.45, Length: 25, Loss: 1.3303
2026-03-17 01:35:41 | INFO | Episode 176/250 - Reward: 4.95, Length: 18, Loss: 1.7231
2026-03-17 01:35:41 | INFO | Episode 177/250 - Reward: -4.70, Length: 40, Loss: -0.4528
2026-03-17 01:35:42 | INFO | Episode 178/250 - Reward: -3.95, Length: 40, Loss: -0.4945
2026-03-17 01:35:42 | INFO | Episode 179/250 - Reward: -4.70, Length: 40, Loss: -0.3822
2026-03-17 01:35:43 | INFO | Episode 180/250 - Reward: -5.45, Length: 40, Loss: -0.4523
2026-03-17 01:35:44 | INFO | Episode 181/250 - Reward: -7.25, Length: 40, Loss: -0.5438
2026-03-17 01:35:44 | INFO | Episode 182/250 - Reward: -5.30, Length: 40, Loss: -0.4538
2026-03-17 01:35:45 | INFO | Episode 183/250 - Reward: -3.65, Length: 40, Loss: -0.5022
2026-03-17 01:35:46 | INFO | Episode 184/250 - Reward: 8.05, Length: 19, Loss: 1.7430
2026-03-17 01:35:46 | INFO | Episode 185/250 - Reward: -4.25, Length: 40, Loss: -0.4153
2026-03-17 01:35:47 | INFO | Episode 186/250 - Reward: -4.55, Length: 40, Loss: -0.4346
2026-03-17 01:35:48 | INFO | Episode 187/250 - Reward: -6.95, Length: 40, Loss: -0.4380
2026-03-17 01:35:48 | INFO | Episode 188/250 - Reward: -5.75, Length: 40, Loss: -0.4601
2026-03-17 01:35:49 | INFO | Episode 189/250 - Reward: -4.40, Length: 40, Loss: -0.4511
2026-03-17 01:35:50 | INFO | Episode 190/250 - Reward: 7.45, Length: 31, Loss: 1.0424
2026-03-17 01:35:50 | INFO | Episode 191/250 - Reward: -6.65, Length: 40, Loss: -0.5042
2026-03-17 01:35:51 | INFO | Episode 192/250 - Reward: -4.70, Length: 40, Loss: -0.4114
2026-03-17 01:35:52 | INFO | Episode 193/250 - Reward: -5.00, Length: 40, Loss: -0.4637
2026-03-17 01:35:52 | INFO | Episode 194/250 - Reward: -12.35, Length: 40, Loss: -0.4525
2026-03-17 01:35:53 | INFO | Episode 195/250 - Reward: -5.60, Length: 40, Loss: -0.3649
2026-03-17 01:35:54 | INFO | Episode 196/250 - Reward: 4.40, Length: 35, Loss: 0.7403
2026-03-17 01:35:54 | INFO | Episode 197/250 - Reward: -5.15, Length: 40, Loss: -0.4283
2026-03-17 01:35:55 | INFO | Episode 198/250 - Reward: 5.40, Length: 30, Loss: 1.0648
2026-03-17 01:35:56 | INFO | Episode 199/250 - Reward: -4.85, Length: 40, Loss: -0.4609
2026-03-17 01:35:56 | INFO | Episode 200/250 - Reward: -4.40, Length: 40, Loss: -0.4824
2026-03-17 01:35:56 | INFO | Episode 200/250 - Avg Reward: -3.59, Avg Length: 37.58, Avg Loss: -0.1333
2026-03-17 01:35:57 | INFO | Episode 201/250 - Reward: -4.85, Length: 40, Loss: -0.4494
2026-03-17 01:35:58 | INFO | Episode 202/250 - Reward: 7.00, Length: 16, Loss: 1.9854
2026-03-17 01:35:58 | INFO | Episode 203/250 - Reward: -4.10, Length: 40, Loss: -0.4303
2026-03-17 01:35:59 | INFO | Episode 204/250 - Reward: -11.75, Length: 40, Loss: -0.4995
2026-03-17 01:36:00 | INFO | Episode 205/250 - Reward: -4.70, Length: 40, Loss: -0.4403
2026-03-17 01:36:00 | INFO | Episode 206/250 - Reward: -4.85, Length: 40, Loss: -0.3826
2026-03-17 01:36:01 | INFO | Episode 207/250 - Reward: -4.70, Length: 40, Loss: -0.5269
2026-03-17 01:36:02 | INFO | Episode 208/250 - Reward: -4.85, Length: 40, Loss: -0.4565
2026-03-17 01:36:03 | INFO | Episode 209/250 - Reward: -4.85, Length: 40, Loss: -0.4226
2026-03-17 01:36:03 | INFO | Episode 210/250 - Reward: -7.25, Length: 40, Loss: -0.3494
2026-03-17 01:36:04 | INFO | Episode 211/250 - Reward: -4.70, Length: 40, Loss: -0.4244
2026-03-17 01:36:05 | INFO | Episode 212/250 - Reward: -13.25, Length: 40, Loss: -0.4169
2026-03-17 01:36:05 | INFO | Episode 213/250 - Reward: -4.40, Length: 40, Loss: -0.4539
2026-03-17 01:36:06 | INFO | Episode 214/250 - Reward: -6.95, Length: 40, Loss: -0.4240
2026-03-17 01:36:07 | INFO | Episode 215/250 - Reward: -4.55, Length: 40, Loss: -0.4153
2026-03-17 01:36:08 | INFO | Episode 216/250 - Reward: -4.55, Length: 40, Loss: -0.5035
2026-03-17 01:36:08 | INFO | Episode 217/250 - Reward: -4.10, Length: 40, Loss: -0.4431
2026-03-17 01:36:09 | INFO | Episode 218/250 - Reward: -4.55, Length: 40, Loss: -0.4928
2026-03-17 01:36:10 | INFO | Episode 219/250 - Reward: -4.40, Length: 40, Loss: -0.4690
2026-03-17 01:36:10 | INFO | Episode 220/250 - Reward: -3.35, Length: 40, Loss: -0.4560
2026-03-17 01:36:11 | INFO | Episode 221/250 - Reward: -4.55, Length: 40, Loss: -0.3840
2026-03-17 01:36:11 | INFO | Episode 222/250 - Reward: -4.10, Length: 40, Loss: -0.4163
2026-03-17 01:36:12 | INFO | Episode 223/250 - Reward: -5.15, Length: 40, Loss: -0.4179
2026-03-17 01:36:12 | INFO | Episode 224/250 - Reward: -4.85, Length: 40, Loss: -0.4173
2026-03-17 01:36:13 | INFO | Episode 225/250 - Reward: -3.50, Length: 40, Loss: -0.3826
2026-03-17 01:36:12 | INFO | Episode 226/250 - Reward: -4.55, Length: 40, Loss: -0.4556
2026-03-17 01:36:13 | INFO | Episode 227/250 - Reward: -5.45, Length: 40, Loss: -0.4480
2026-03-17 01:36:13 | INFO | Episode 228/250 - Reward: -3.95, Length: 40, Loss: -0.3969
2026-03-17 01:36:14 | INFO | Episode 229/250 - Reward: -5.00, Length: 40, Loss: -0.4358
2026-03-17 01:36:14 | INFO | Episode 230/250 - Reward: -4.70, Length: 40, Loss: -0.4742
2026-03-17 01:36:15 | INFO | Episode 231/250 - Reward: -3.95, Length: 40, Loss: -0.4302
2026-03-17 01:36:15 | INFO | Episode 232/250 - Reward: -4.85, Length: 40, Loss: -0.4385
2026-03-17 01:36:16 | INFO | Episode 233/250 - Reward: -4.40, Length: 40, Loss: -0.3925
2026-03-17 01:36:16 | INFO | Episode 234/250 - Reward: -4.55, Length: 40, Loss: -0.3846
2026-03-17 01:36:17 | INFO | Episode 235/250 - Reward: -6.65, Length: 40, Loss: -0.4802
2026-03-17 01:36:17 | INFO | Episode 236/250 - Reward: 2.65, Length: 37, Loss: 0.5312
2026-03-17 01:36:18 | INFO | Episode 237/250 - Reward: -5.15, Length: 40, Loss: -0.4355
2026-03-17 01:36:18 | INFO | Episode 238/250 - Reward: -9.80, Length: 40, Loss: -0.4116
2026-03-17 01:36:19 | INFO | Episode 239/250 - Reward: -3.95, Length: 40, Loss: -0.4366
2026-03-17 01:36:19 | INFO | Episode 240/250 - Reward: 4.45, Length: 16, Loss: 1.8353
2026-03-17 01:36:20 | INFO | Episode 241/250 - Reward: -5.45, Length: 40, Loss: -0.4493
2026-03-17 01:36:20 | INFO | Episode 242/250 - Reward: 8.15, Length: 26, Loss: 1.2987
2026-03-17 01:36:21 | INFO | Episode 243/250 - Reward: -5.15, Length: 40, Loss: -0.4005
2026-03-17 01:36:21 | INFO | Episode 244/250 - Reward: -3.95, Length: 40, Loss: -0.4364
2026-03-17 01:36:22 | INFO | Episode 245/250 - Reward: -4.10, Length: 40, Loss: -0.4417
2026-03-17 01:36:22 | INFO | Episode 246/250 - Reward: -6.05, Length: 40, Loss: -0.4398
2026-03-17 01:36:23 | INFO | Episode 247/250 - Reward: -4.25, Length: 40, Loss: -0.4125
2026-03-17 01:36:23 | INFO | Episode 248/250 - Reward: -5.45, Length: 40, Loss: -0.4634
2026-03-17 01:36:24 | INFO | Episode 249/250 - Reward: 3.70, Length: 37, Loss: 0.5784
2026-03-17 01:36:24 | INFO | Episode 250/250 - Reward: -7.55, Length: 40, Loss: -0.5296
2026-03-17 01:36:24 | INFO | Episode 250/250 - Avg Reward: -4.24, Avg Length: 38.64, Avg Loss: -0.2688
