2026-03-17 00:45:24 | INFO | ============================================================
2026-03-17 00:45:24 | INFO | DEVICE / COMPUTE INFORMATION
2026-03-17 00:45:24 | INFO |   JAX backend       : GPU
2026-03-17 00:45:24 | INFO |   Platform          : gpu
2026-03-17 00:45:24 | INFO |   Num devices       : 1
2026-03-17 00:45:24 | INFO |   Device            : cuda:0
2026-03-17 00:45:24 | INFO |   GPU name          : NVIDIA GeForce RTX 5060 Laptop GPU
2026-03-17 00:45:24 | INFO | ============================================================
2026-03-17 00:45:24 | INFO | ✓ JAX GPU backend confirmed.
2026-03-17 00:45:25 | INFO | REINFORCE seed=5_gamma=0.9_lr=0.1
2026-03-17 00:45:31 | INFO | Episode 1/250 - Reward: 6.35, Length: 35, Loss: 0.3459
2026-03-17 00:45:31 | INFO | Episode 2/250 - Reward: -4.85, Length: 40, Loss: -0.5436
2026-03-17 00:45:32 | INFO | Episode 3/250 - Reward: -4.85, Length: 40, Loss: -0.5654
2026-03-17 00:45:32 | INFO | Episode 4/250 - Reward: -5.15, Length: 40, Loss: -0.5042
2026-03-17 00:45:33 | INFO | Episode 5/250 - Reward: -4.85, Length: 40, Loss: -0.4949
2026-03-17 00:45:33 | INFO | Episode 6/250 - Reward: 5.25, Length: 36, Loss: 0.2163
2026-03-17 00:45:34 | INFO | Episode 7/250 - Reward: -8.45, Length: 40, Loss: -0.4516
2026-03-17 00:45:35 | INFO | Episode 8/250 - Reward: 8.45, Length: 23, Loss: 0.9395
2026-03-17 00:45:35 | INFO | Episode 9/250 - Reward: -5.15, Length: 40, Loss: -0.4136
2026-03-17 00:45:36 | INFO | Episode 10/250 - Reward: 4.70, Length: 29, Loss: 0.3665
2026-03-17 00:45:37 | INFO | Episode 11/250 - Reward: -5.45, Length: 40, Loss: -0.5793
2026-03-17 00:45:37 | INFO | Episode 12/250 - Reward: -5.75, Length: 40, Loss: -0.4972
2026-03-17 00:45:38 | INFO | Episode 13/250 - Reward: 7.35, Length: 24, Loss: 0.6588
2026-03-17 00:45:39 | INFO | Episode 14/250 - Reward: -6.65, Length: 40, Loss: -0.5010
2026-03-17 00:45:40 | INFO | Episode 15/250 - Reward: 7.35, Length: 24, Loss: 0.5566
2026-03-17 00:45:40 | INFO | Episode 16/250 - Reward: -5.30, Length: 40, Loss: -0.6111
2026-03-17 00:45:41 | INFO | Episode 17/250 - Reward: 3.65, Length: 29, Loss: 0.1407
2026-03-17 00:45:42 | INFO | Episode 18/250 - Reward: -6.35, Length: 40, Loss: -0.5627
2026-03-17 00:45:42 | INFO | Episode 19/250 - Reward: 8.85, Length: 18, Loss: 1.4184
2026-03-17 00:45:43 | INFO | Episode 20/250 - Reward: 6.55, Length: 28, Loss: 0.3808
2026-03-17 00:45:44 | INFO | Episode 21/250 - Reward: 6.40, Length: 16, Loss: 1.1894
2026-03-17 00:45:44 | INFO | Episode 22/250 - Reward: 6.65, Length: 26, Loss: 0.5804
2026-03-17 00:45:45 | INFO | Episode 23/250 - Reward: 8.35, Length: 16, Loss: 0.9874
2026-03-17 00:45:46 | INFO | Episode 24/250 - Reward: 7.85, Length: 20, Loss: 0.7288
2026-03-17 00:45:47 | INFO | Episode 25/250 - Reward: 8.85, Length: 15, Loss: 1.1166
2026-03-17 00:45:47 | INFO | Episode 26/250 - Reward: 9.25, Length: 10, Loss: 1.4361
2026-03-17 00:45:48 | INFO | Episode 27/250 - Reward: 8.75, Length: 14, Loss: 1.0827
2026-03-17 00:45:49 | INFO | Episode 28/250 - Reward: 8.05, Length: 16, Loss: 0.8302
2026-03-17 00:45:49 | INFO | Episode 29/250 - Reward: -5.15, Length: 40, Loss: -0.3883
2026-03-17 00:45:50 | INFO | Episode 30/250 - Reward: 8.15, Length: 17, Loss: 0.7948
2026-03-17 00:45:51 | INFO | Episode 31/250 - Reward: 8.75, Length: 14, Loss: 1.2582
2026-03-17 00:45:51 | INFO | Episode 32/250 - Reward: 7.10, Length: 11, Loss: 1.2838
2026-03-17 00:45:52 | INFO | Episode 33/250 - Reward: 7.30, Length: 10, Loss: 1.2569
2026-03-17 00:45:53 | INFO | Episode 34/250 - Reward: 6.50, Length: 17, Loss: 1.1366
2026-03-17 00:45:53 | INFO | Episode 35/250 - Reward: -6.95, Length: 40, Loss: -0.5318
2026-03-17 00:45:54 | INFO | Episode 36/250 - Reward: 9.05, Length: 11, Loss: 1.3709
2026-03-17 00:45:55 | INFO | Episode 37/250 - Reward: 7.25, Length: 20, Loss: 0.5175
2026-03-17 00:45:55 | INFO | Episode 38/250 - Reward: 8.45, Length: 14, Loss: 1.0029
2026-03-17 00:45:56 | INFO | Episode 39/250 - Reward: 8.65, Length: 13, Loss: 1.0916
2026-03-17 00:45:57 | INFO | Episode 40/250 - Reward: -5.75, Length: 40, Loss: -0.5108
2026-03-17 00:45:57 | INFO | Episode 41/250 - Reward: 8.45, Length: 14, Loss: 0.9610
2026-03-17 00:45:58 | INFO | Episode 42/250 - Reward: 7.45, Length: 19, Loss: 0.5169
2026-03-17 00:45:59 | INFO | Episode 43/250 - Reward: 7.25, Length: 20, Loss: 0.5743
2026-03-17 00:45:59 | INFO | Episode 44/250 - Reward: 8.05, Length: 16, Loss: 0.7422
2026-03-17 00:46:00 | INFO | Episode 45/250 - Reward: 8.85, Length: 12, Loss: 1.1390
2026-03-17 00:46:01 | INFO | Episode 46/250 - Reward: 8.25, Length: 15, Loss: 0.8817
2026-03-17 00:46:01 | INFO | Episode 47/250 - Reward: 9.05, Length: 11, Loss: 1.2044
2026-03-17 00:46:02 | INFO | Episode 48/250 - Reward: 8.45, Length: 14, Loss: 0.9631
2026-03-17 00:46:03 | INFO | Episode 49/250 - Reward: 9.05, Length: 11, Loss: 1.0828
2026-03-17 00:46:04 | INFO | Episode 50/250 - Reward: 7.30, Length: 10, Loss: 1.1397
2026-03-17 00:46:04 | INFO | Episode 50/250 - Avg Reward: 3.91, Avg Length: 24.16, Avg Loss: 0.4948
2026-03-17 00:46:03 | INFO | Episode 51/250 - Reward: 7.10, Length: 11, Loss: 0.9983
2026-03-17 00:46:04 | INFO | Episode 52/250 - Reward: 8.05, Length: 16, Loss: 1.1757
2026-03-17 00:46:05 | INFO | Episode 53/250 - Reward: 8.45, Length: 14, Loss: 1.4001
2026-03-17 00:46:06 | INFO | Episode 54/250 - Reward: 8.85, Length: 12, Loss: 1.1070
2026-03-17 00:46:06 | INFO | Episode 55/250 - Reward: -6.95, Length: 40, Loss: -0.3893
2026-03-17 00:46:07 | INFO | Episode 56/250 - Reward: 8.65, Length: 13, Loss: 0.9842
2026-03-17 00:46:07 | INFO | Episode 57/250 - Reward: 9.45, Length: 9, Loss: 1.2106
2026-03-17 00:46:08 | INFO | Episode 58/250 - Reward: 8.85, Length: 12, Loss: 1.2771
2026-03-17 00:46:09 | INFO | Episode 59/250 - Reward: 9.05, Length: 11, Loss: 1.3726
2026-03-17 00:46:09 | INFO | Episode 60/250 - Reward: -6.95, Length: 40, Loss: -0.3101
2026-03-17 00:46:10 | INFO | Episode 61/250 - Reward: 9.45, Length: 9, Loss: 1.2279
2026-03-17 00:46:11 | INFO | Episode 62/250 - Reward: 7.30, Length: 10, Loss: 1.0956
2026-03-17 00:46:11 | INFO | Episode 63/250 - Reward: -7.25, Length: 40, Loss: -0.3801
2026-03-17 00:46:12 | INFO | Episode 64/250 - Reward: 9.25, Length: 10, Loss: 1.4827
2026-03-17 00:46:13 | INFO | Episode 65/250 - Reward: 7.70, Length: 8, Loss: 1.7645
2026-03-17 00:46:13 | INFO | Episode 66/250 - Reward: -7.55, Length: 40, Loss: -0.3368
2026-03-17 00:46:14 | INFO | Episode 67/250 - Reward: 7.30, Length: 10, Loss: 1.3163
2026-03-17 00:46:15 | INFO | Episode 68/250 - Reward: 9.65, Length: 8, Loss: 1.1446
2026-03-17 00:46:15 | INFO | Episode 69/250 - Reward: 7.30, Length: 10, Loss: 1.0599
2026-03-17 00:46:16 | INFO | Episode 70/250 - Reward: 4.40, Length: 26, Loss: 0.4517
2026-03-17 00:46:17 | INFO | Episode 71/250 - Reward: 8.85, Length: 12, Loss: 1.2056
2026-03-17 00:46:17 | INFO | Episode 72/250 - Reward: 5.65, Length: 31, Loss: 0.5465
2026-03-17 00:46:18 | INFO | Episode 73/250 - Reward: -7.25, Length: 40, Loss: -0.4015
2026-03-17 00:46:19 | INFO | Episode 74/250 - Reward: -6.95, Length: 40, Loss: -0.2177
2026-03-17 00:46:19 | INFO | Episode 75/250 - Reward: 9.25, Length: 10, Loss: 1.3112
2026-03-17 00:46:20 | INFO | Episode 76/250 - Reward: 6.85, Length: 22, Loss: 0.5976
2026-03-17 00:46:21 | INFO | Episode 77/250 - Reward: 9.45, Length: 9, Loss: 1.1562
2026-03-17 00:46:21 | INFO | Episode 78/250 - Reward: -7.55, Length: 40, Loss: -0.3445
2026-03-17 00:46:22 | INFO | Episode 79/250 - Reward: 9.25, Length: 10, Loss: 0.9291
2026-03-17 00:46:23 | INFO | Episode 80/250 - Reward: 9.35, Length: 11, Loss: 1.9765
2026-03-17 00:46:23 | INFO | Episode 81/250 - Reward: 8.85, Length: 12, Loss: 1.0400
2026-03-17 00:46:24 | INFO | Episode 82/250 - Reward: -6.95, Length: 40, Loss: -0.3589
2026-03-17 00:46:25 | INFO | Episode 83/250 - Reward: 8.05, Length: 19, Loss: 0.5560
2026-03-17 00:46:25 | INFO | Episode 84/250 - Reward: 7.30, Length: 10, Loss: 1.5227
2026-03-17 00:46:26 | INFO | Episode 85/250 - Reward: 8.85, Length: 12, Loss: 1.2020
2026-03-17 00:46:27 | INFO | Episode 86/250 - Reward: -7.25, Length: 40, Loss: -0.3541
2026-03-17 00:46:27 | INFO | Episode 87/250 - Reward: -6.50, Length: 40, Loss: -0.2525
2026-03-17 00:46:28 | INFO | Episode 88/250 - Reward: 9.65, Length: 8, Loss: 0.9859
2026-03-17 00:46:29 | INFO | Episode 89/250 - Reward: 9.45, Length: 9, Loss: 1.1836
2026-03-17 00:46:30 | INFO | Episode 90/250 - Reward: 9.65, Length: 8, Loss: 1.1028
2026-03-17 00:46:31 | INFO | Episode 91/250 - Reward: 9.65, Length: 8, Loss: 0.9267
2026-03-17 00:46:31 | INFO | Episode 92/250 - Reward: 9.65, Length: 8, Loss: 0.7184
2026-03-17 00:46:32 | INFO | Episode 93/250 - Reward: 9.25, Length: 10, Loss: 1.1246
2026-03-17 00:46:33 | INFO | Episode 94/250 - Reward: 9.25, Length: 10, Loss: 1.8274
2026-03-17 00:46:34 | INFO | Episode 95/250 - Reward: 7.55, Length: 20, Loss: 0.5853
2026-03-17 00:46:35 | INFO | Episode 96/250 - Reward: 7.05, Length: 21, Loss: 0.6930
2026-03-17 00:46:35 | INFO | Episode 97/250 - Reward: 9.25, Length: 10, Loss: 1.2393
2026-03-17 00:46:36 | INFO | Episode 98/250 - Reward: 6.30, Length: 15, Loss: 0.6394
2026-03-17 00:46:36 | INFO | Episode 99/250 - Reward: 9.65, Length: 8, Loss: 0.8590
2026-03-17 00:46:37 | INFO | Episode 100/250 - Reward: 9.65, Length: 8, Loss: 0.8726
2026-03-17 00:46:37 | INFO | Episode 100/250 - Avg Reward: 5.35, Avg Length: 17.80, Avg Loss: 0.8105
2026-03-17 00:46:38 | INFO | Episode 101/250 - Reward: 9.65, Length: 8, Loss: 0.6389
2026-03-17 00:46:38 | INFO | Episode 102/250 - Reward: 9.45, Length: 9, Loss: 0.8153
2026-03-17 00:46:39 | INFO | Episode 103/250 - Reward: 9.65, Length: 8, Loss: 1.0578
2026-03-17 00:46:39 | INFO | Episode 104/250 - Reward: 9.65, Length: 8, Loss: 0.5714
2026-03-17 00:46:40 | INFO | Episode 105/250 - Reward: 9.65, Length: 8, Loss: 0.7869
2026-03-17 00:46:40 | INFO | Episode 106/250 - Reward: 9.05, Length: 11, Loss: 1.4703
2026-03-17 00:46:41 | INFO | Episode 107/250 - Reward: 8.05, Length: 16, Loss: 0.9053
2026-03-17 00:46:41 | INFO | Episode 108/250 - Reward: 9.05, Length: 11, Loss: 1.4511
2026-03-17 00:46:42 | INFO | Episode 109/250 - Reward: 9.45, Length: 9, Loss: 1.1126
2026-03-17 00:46:43 | INFO | Episode 110/250 - Reward: 9.65, Length: 8, Loss: 0.9619
2026-03-17 00:46:43 | INFO | Episode 111/250 - Reward: 3.10, Length: 31, Loss: 0.2218
2026-03-17 00:46:44 | INFO | Episode 112/250 - Reward: 9.05, Length: 11, Loss: 1.4833
2026-03-17 00:46:44 | INFO | Episode 113/250 - Reward: 9.65, Length: 8, Loss: 0.5679
2026-03-17 00:46:45 | INFO | Episode 114/250 - Reward: 4.45, Length: 16, Loss: 1.0694
2026-03-17 00:46:46 | INFO | Episode 115/250 - Reward: 7.85, Length: 17, Loss: 0.7455
2026-03-17 00:46:46 | INFO | Episode 116/250 - Reward: 6.95, Length: 23, Loss: 0.3257
2026-03-17 00:46:47 | INFO | Episode 117/250 - Reward: 8.85, Length: 12, Loss: 0.8294
2026-03-17 00:46:47 | INFO | Episode 118/250 - Reward: 9.05, Length: 11, Loss: 1.1392
2026-03-17 00:46:48 | INFO | Episode 119/250 - Reward: 8.15, Length: 17, Loss: 0.7121
2026-03-17 00:46:48 | INFO | Episode 120/250 - Reward: 8.45, Length: 14, Loss: 0.9221
2026-03-17 00:46:49 | INFO | Episode 121/250 - Reward: 6.75, Length: 24, Loss: 0.4380
2026-03-17 00:46:49 | INFO | Episode 122/250 - Reward: 9.45, Length: 9, Loss: 1.2943
2026-03-17 00:46:50 | INFO | Episode 123/250 - Reward: 9.65, Length: 8, Loss: 1.0440
2026-03-17 00:46:51 | INFO | Episode 124/250 - Reward: 9.45, Length: 9, Loss: 1.1019
2026-03-17 00:46:51 | INFO | Episode 125/250 - Reward: 6.95, Length: 23, Loss: 0.3411
2026-03-17 00:46:52 | INFO | Episode 126/250 - Reward: 9.25, Length: 10, Loss: 0.9316
2026-03-17 00:46:52 | INFO | Episode 127/250 - Reward: 9.45, Length: 9, Loss: 0.6956
2026-03-17 00:46:53 | INFO | Episode 128/250 - Reward: 9.65, Length: 8, Loss: 0.4743
2026-03-17 00:46:53 | INFO | Episode 129/250 - Reward: 7.10, Length: 11, Loss: 1.1357
2026-03-17 00:46:54 | INFO | Episode 130/250 - Reward: 9.25, Length: 10, Loss: 1.1814
2026-03-17 00:46:54 | INFO | Episode 131/250 - Reward: 7.50, Length: 9, Loss: 1.5010
2026-03-17 00:46:55 | INFO | Episode 132/250 - Reward: 9.45, Length: 9, Loss: 0.8024
2026-03-17 00:46:55 | INFO | Episode 133/250 - Reward: 9.05, Length: 11, Loss: 0.7806
2026-03-17 00:46:56 | INFO | Episode 134/250 - Reward: 9.15, Length: 12, Loss: 1.7132
2026-03-17 00:46:56 | INFO | Episode 135/250 - Reward: 7.50, Length: 9, Loss: 1.3640
2026-03-17 00:46:57 | INFO | Episode 136/250 - Reward: 9.65, Length: 8, Loss: 0.9600
2026-03-17 00:46:58 | INFO | Episode 137/250 - Reward: 9.45, Length: 9, Loss: 1.1078
2026-03-17 00:46:58 | INFO | Episode 138/250 - Reward: 9.65, Length: 8, Loss: 0.5335
2026-03-17 00:46:59 | INFO | Episode 139/250 - Reward: 9.05, Length: 11, Loss: 1.3752
2026-03-17 00:46:59 | INFO | Episode 140/250 - Reward: 8.25, Length: 15, Loss: 0.6303
2026-03-17 00:47:00 | INFO | Episode 141/250 - Reward: 8.95, Length: 13, Loss: 1.7099
2026-03-17 00:47:00 | INFO | Episode 142/250 - Reward: 6.65, Length: 23, Loss: 0.4620
2026-03-17 00:47:01 | INFO | Episode 143/250 - Reward: 7.70, Length: 8, Loss: 1.8760
2026-03-17 00:47:01 | INFO | Episode 144/250 - Reward: 9.45, Length: 9, Loss: 1.0469
2026-03-17 00:47:02 | INFO | Episode 145/250 - Reward: 7.70, Length: 8, Loss: 1.4758
2026-03-17 00:47:02 | INFO | Episode 146/250 - Reward: 9.45, Length: 9, Loss: 0.9743
2026-03-17 00:47:03 | INFO | Episode 147/250 - Reward: 9.25, Length: 10, Loss: 1.1329
2026-03-17 00:47:03 | INFO | Episode 148/250 - Reward: 9.45, Length: 9, Loss: 1.0808
2026-03-17 00:47:04 | INFO | Episode 149/250 - Reward: 9.45, Length: 9, Loss: 1.1051
2026-03-17 00:47:04 | INFO | Episode 150/250 - Reward: 9.45, Length: 9, Loss: 0.9203
2026-03-17 00:47:04 | INFO | Episode 150/250 - Avg Reward: 8.64, Avg Length: 11.70, Avg Loss: 0.9796
2026-03-17 00:47:05 | INFO | Episode 151/250 - Reward: 7.40, Length: 11, Loss: 1.2894
2026-03-17 00:47:06 | INFO | Episode 152/250 - Reward: 8.95, Length: 13, Loss: 0.9018
2026-03-17 00:47:06 | INFO | Episode 153/250 - Reward: 7.70, Length: 8, Loss: 1.3936
2026-03-17 00:47:07 | INFO | Episode 154/250 - Reward: 9.35, Length: 11, Loss: 1.0730
2026-03-17 00:47:06 | INFO | Episode 155/250 - Reward: 7.30, Length: 10, Loss: 1.0180
2026-03-17 00:47:07 | INFO | Episode 156/250 - Reward: 9.65, Length: 8, Loss: 0.9975
2026-03-17 00:47:07 | INFO | Episode 157/250 - Reward: 7.10, Length: 11, Loss: 0.9905
2026-03-17 00:47:08 | INFO | Episode 158/250 - Reward: 7.10, Length: 11, Loss: 0.9077
2026-03-17 00:47:08 | INFO | Episode 159/250 - Reward: 9.25, Length: 10, Loss: 1.1118
2026-03-17 00:47:09 | INFO | Episode 160/250 - Reward: 7.45, Length: 19, Loss: 0.8014
2026-03-17 00:47:09 | INFO | Episode 161/250 - Reward: 8.25, Length: 15, Loss: 0.8904
2026-03-17 00:47:10 | INFO | Episode 162/250 - Reward: 9.45, Length: 9, Loss: 1.1631
2026-03-17 00:47:10 | INFO | Episode 163/250 - Reward: 6.50, Length: 14, Loss: 0.6494
2026-03-17 00:47:11 | INFO | Episode 164/250 - Reward: 9.65, Length: 8, Loss: 0.8356
2026-03-17 00:47:12 | INFO | Episode 165/250 - Reward: 7.50, Length: 9, Loss: 1.2594
2026-03-17 00:47:12 | INFO | Episode 166/250 - Reward: 5.50, Length: 19, Loss: 0.3577
2026-03-17 00:47:13 | INFO | Episode 167/250 - Reward: 9.65, Length: 8, Loss: 0.6755
2026-03-17 00:47:13 | INFO | Episode 168/250 - Reward: 9.65, Length: 8, Loss: 0.7531
2026-03-17 00:47:14 | INFO | Episode 169/250 - Reward: 9.65, Length: 8, Loss: 0.7233
2026-03-17 00:47:14 | INFO | Episode 170/250 - Reward: 9.65, Length: 8, Loss: 0.7025
2026-03-17 00:47:15 | INFO | Episode 171/250 - Reward: 9.25, Length: 10, Loss: 1.2178
2026-03-17 00:47:15 | INFO | Episode 172/250 - Reward: 8.45, Length: 14, Loss: 0.8132
2026-03-17 00:47:16 | INFO | Episode 173/250 - Reward: 8.85, Length: 12, Loss: 0.7920
2026-03-17 00:47:16 | INFO | Episode 174/250 - Reward: 8.85, Length: 12, Loss: 0.8355
2026-03-17 00:47:17 | INFO | Episode 175/250 - Reward: 8.85, Length: 12, Loss: 1.0648
2026-03-17 00:47:17 | INFO | Episode 176/250 - Reward: 9.45, Length: 9, Loss: 1.1042
2026-03-17 00:47:18 | INFO | Episode 177/250 - Reward: 7.70, Length: 8, Loss: 1.6360
2026-03-17 00:47:18 | INFO | Episode 178/250 - Reward: 9.45, Length: 9, Loss: 0.8398
2026-03-17 00:47:19 | INFO | Episode 179/250 - Reward: 7.30, Length: 10, Loss: 1.1332
2026-03-17 00:47:20 | INFO | Episode 180/250 - Reward: 6.90, Length: 12, Loss: 0.7984
2026-03-17 00:47:20 | INFO | Episode 181/250 - Reward: 9.25, Length: 10, Loss: 1.0377
2026-03-17 00:47:21 | INFO | Episode 182/250 - Reward: 6.50, Length: 14, Loss: 0.5982
2026-03-17 00:47:21 | INFO | Episode 183/250 - Reward: 9.65, Length: 8, Loss: 1.0024
2026-03-17 00:47:22 | INFO | Episode 184/250 - Reward: 5.50, Length: 19, Loss: 0.3816
2026-03-17 00:47:22 | INFO | Episode 185/250 - Reward: 7.10, Length: 11, Loss: 0.9103
2026-03-17 00:47:23 | INFO | Episode 186/250 - Reward: 9.45, Length: 9, Loss: 0.8339
2026-03-17 00:47:23 | INFO | Episode 187/250 - Reward: 7.70, Length: 8, Loss: 1.2140
2026-03-17 00:47:24 | INFO | Episode 188/250 - Reward: 9.65, Length: 8, Loss: 1.1111
2026-03-17 00:47:24 | INFO | Episode 189/250 - Reward: 9.65, Length: 8, Loss: 0.7840
2026-03-17 00:47:25 | INFO | Episode 190/250 - Reward: 9.45, Length: 9, Loss: 0.7715
2026-03-17 00:47:25 | INFO | Episode 191/250 - Reward: 9.05, Length: 11, Loss: 0.8639
2026-03-17 00:47:26 | INFO | Episode 192/250 - Reward: -7.55, Length: 40, Loss: -0.2875
2026-03-17 00:47:26 | INFO | Episode 193/250 - Reward: 6.50, Length: 14, Loss: 0.6604
2026-03-17 00:47:27 | INFO | Episode 194/250 - Reward: 9.65, Length: 8, Loss: 0.7767
2026-03-17 00:47:27 | INFO | Episode 195/250 - Reward: 7.50, Length: 9, Loss: 2.0254
2026-03-17 00:47:28 | INFO | Episode 196/250 - Reward: 7.85, Length: 17, Loss: 0.7941
2026-03-17 00:47:29 | INFO | Episode 197/250 - Reward: 9.65, Length: 8, Loss: 1.6421
2026-03-17 00:47:29 | INFO | Episode 198/250 - Reward: 5.90, Length: 17, Loss: 0.5564
2026-03-17 00:47:30 | INFO | Episode 199/250 - Reward: 9.25, Length: 10, Loss: 1.7160
2026-03-17 00:47:30 | INFO | Episode 200/250 - Reward: 9.65, Length: 8, Loss: 1.1589
2026-03-17 00:47:30 | INFO | Episode 200/250 - Avg Reward: 8.06, Avg Length: 11.44, Avg Loss: 0.9456
2026-03-17 00:47:31 | INFO | Episode 201/250 - Reward: 9.45, Length: 9, Loss: 0.9359
2026-03-17 00:47:31 | INFO | Episode 202/250 - Reward: 8.75, Length: 14, Loss: 1.3766
2026-03-17 00:47:32 | INFO | Episode 203/250 - Reward: 9.25, Length: 10, Loss: 0.9135
2026-03-17 00:47:32 | INFO | Episode 204/250 - Reward: 9.25, Length: 10, Loss: 1.1952
2026-03-17 00:47:33 | INFO | Episode 205/250 - Reward: 7.70, Length: 8, Loss: 1.5572
2026-03-17 00:47:34 | INFO | Episode 206/250 - Reward: 9.45, Length: 9, Loss: 1.0773
2026-03-17 00:47:34 | INFO | Episode 207/250 - Reward: 9.25, Length: 10, Loss: 1.0959
2026-03-17 00:47:35 | INFO | Episode 208/250 - Reward: 9.45, Length: 9, Loss: 0.9744
2026-03-17 00:47:35 | INFO | Episode 209/250 - Reward: 9.45, Length: 9, Loss: 0.7781
2026-03-17 00:47:36 | INFO | Episode 210/250 - Reward: -7.25, Length: 40, Loss: -0.3734
2026-03-17 00:47:37 | INFO | Episode 211/250 - Reward: 9.25, Length: 10, Loss: 0.8877
2026-03-17 00:47:38 | INFO | Episode 212/250 - Reward: 9.45, Length: 9, Loss: 1.0374
2026-03-17 00:47:37 | INFO | Episode 213/250 - Reward: 9.25, Length: 10, Loss: 1.3488
2026-03-17 00:47:38 | INFO | Episode 214/250 - Reward: 9.05, Length: 11, Loss: 1.0390
2026-03-17 00:47:39 | INFO | Episode 215/250 - Reward: 9.65, Length: 8, Loss: 1.3446
2026-03-17 00:47:40 | INFO | Episode 216/250 - Reward: 9.45, Length: 9, Loss: 0.9795
2026-03-17 00:47:40 | INFO | Episode 217/250 - Reward: 9.45, Length: 9, Loss: 1.4034
2026-03-17 00:47:41 | INFO | Episode 218/250 - Reward: 9.05, Length: 11, Loss: 1.0935
2026-03-17 00:47:42 | INFO | Episode 219/250 - Reward: 9.25, Length: 10, Loss: 1.0727
2026-03-17 00:47:43 | INFO | Episode 220/250 - Reward: 9.65, Length: 8, Loss: 0.9216
2026-03-17 00:47:43 | INFO | Episode 221/250 - Reward: 7.30, Length: 10, Loss: 1.0142
2026-03-17 00:47:44 | INFO | Episode 222/250 - Reward: 9.65, Length: 8, Loss: 0.7738
2026-03-17 00:47:45 | INFO | Episode 223/250 - Reward: 9.65, Length: 8, Loss: 0.9078
2026-03-17 00:47:46 | INFO | Episode 224/250 - Reward: 9.65, Length: 8, Loss: 0.9026
2026-03-17 00:47:47 | INFO | Episode 225/250 - Reward: 9.65, Length: 8, Loss: 0.7172
2026-03-17 00:47:48 | INFO | Episode 226/250 - Reward: 9.65, Length: 8, Loss: 0.4829
2026-03-17 00:47:48 | INFO | Episode 227/250 - Reward: 9.65, Length: 8, Loss: 0.4038
2026-03-17 00:47:49 | INFO | Episode 228/250 - Reward: -8.90, Length: 40, Loss: -0.0936
2026-03-17 00:47:50 | INFO | Episode 229/250 - Reward: 9.45, Length: 9, Loss: 0.5556
2026-03-17 00:47:51 | INFO | Episode 230/250 - Reward: 9.65, Length: 8, Loss: 1.0652
2026-03-17 00:47:51 | INFO | Episode 231/250 - Reward: 9.25, Length: 10, Loss: 1.2032
2026-03-17 00:47:52 | INFO | Episode 232/250 - Reward: 8.85, Length: 12, Loss: 0.8348
2026-03-17 00:47:53 | INFO | Episode 233/250 - Reward: -7.55, Length: 40, Loss: -0.3227
2026-03-17 00:47:54 | INFO | Episode 234/250 - Reward: 9.65, Length: 8, Loss: 1.0404
2026-03-17 00:47:54 | INFO | Episode 235/250 - Reward: 6.50, Length: 14, Loss: 0.7553
2026-03-17 00:47:55 | INFO | Episode 236/250 - Reward: 9.65, Length: 8, Loss: 0.6748
2026-03-17 00:47:56 | INFO | Episode 237/250 - Reward: 9.25, Length: 10, Loss: 0.8147
2026-03-17 00:47:57 | INFO | Episode 238/250 - Reward: 8.65, Length: 13, Loss: 0.6555
2026-03-17 00:47:57 | INFO | Episode 239/250 - Reward: 9.45, Length: 9, Loss: 1.0679
2026-03-17 00:47:58 | INFO | Episode 240/250 - Reward: 9.05, Length: 11, Loss: 0.9043
2026-03-17 00:47:59 | INFO | Episode 241/250 - Reward: 7.30, Length: 13, Loss: 2.3838
2026-03-17 00:48:00 | INFO | Episode 242/250 - Reward: 7.45, Length: 19, Loss: 0.6077
2026-03-17 00:48:01 | INFO | Episode 243/250 - Reward: 9.25, Length: 10, Loss: 1.1219
2026-03-17 00:48:03 | INFO | Episode 244/250 - Reward: 7.70, Length: 8, Loss: 1.2722
2026-03-17 00:48:04 | INFO | Episode 245/250 - Reward: 6.70, Length: 13, Loss: 0.9919
2026-03-17 00:48:05 | INFO | Episode 246/250 - Reward: 9.25, Length: 10, Loss: 1.4531
2026-03-17 00:48:06 | INFO | Episode 247/250 - Reward: 8.65, Length: 13, Loss: 1.0671
2026-03-17 00:48:07 | INFO | Episode 248/250 - Reward: 5.80, Length: 19, Loss: 1.0816
2026-03-17 00:48:08 | INFO | Episode 249/250 - Reward: 9.05, Length: 11, Loss: 1.1857
2026-03-17 00:48:09 | INFO | Episode 250/250 - Reward: 8.65, Length: 13, Loss: 0.9023
2026-03-17 00:48:09 | INFO | Episode 250/250 - Avg Reward: 7.92, Avg Length: 12.04, Avg Loss: 0.9417
