2026-03-17 01:36:32 | INFO | ============================================================
2026-03-17 01:36:32 | INFO | DEVICE / COMPUTE INFORMATION
2026-03-17 01:36:32 | INFO |   JAX backend       : GPU
2026-03-17 01:36:32 | INFO |   Platform          : gpu
2026-03-17 01:36:32 | INFO |   Num devices       : 1
2026-03-17 01:36:32 | INFO |   Device            : cuda:0
2026-03-17 01:36:32 | INFO |   GPU name          : NVIDIA GeForce RTX 5060 Laptop GPU
2026-03-17 01:36:32 | INFO | ============================================================
2026-03-17 01:36:32 | INFO | ✓ JAX GPU backend confirmed.
2026-03-17 01:36:33 | INFO | REINFORCE seed=6_gamma=0.9_lr=0.1
2026-03-17 01:36:36 | INFO | Episode 1/250 - Reward: -3.80, Length: 40, Loss: -0.5636
2026-03-17 01:36:37 | INFO | Episode 2/250 - Reward: -4.85, Length: 40, Loss: -0.5057
2026-03-17 01:36:38 | INFO | Episode 3/250 - Reward: -3.35, Length: 40, Loss: -0.5237
2026-03-17 01:36:38 | INFO | Episode 4/250 - Reward: -4.70, Length: 40, Loss: -0.5955
2026-03-17 01:36:38 | INFO | Episode 5/250 - Reward: -4.85, Length: 40, Loss: -0.5814
2026-03-17 01:36:39 | INFO | Episode 6/250 - Reward: -7.10, Length: 40, Loss: -0.5828
2026-03-17 01:36:39 | INFO | Episode 7/250 - Reward: -7.25, Length: 40, Loss: -0.5394
2026-03-17 01:36:40 | INFO | Episode 8/250 - Reward: -5.15, Length: 40, Loss: -0.5229
2026-03-17 01:36:40 | INFO | Episode 9/250 - Reward: -4.70, Length: 40, Loss: -0.5486
2026-03-17 01:36:41 | INFO | Episode 10/250 - Reward: -5.60, Length: 40, Loss: -0.5870
2026-03-17 01:36:41 | INFO | Episode 11/250 - Reward: -4.25, Length: 40, Loss: -0.5281
2026-03-17 01:36:42 | INFO | Episode 12/250 - Reward: -4.70, Length: 40, Loss: -0.5660
2026-03-17 01:36:42 | INFO | Episode 13/250 - Reward: -4.10, Length: 40, Loss: -0.5534
2026-03-17 01:36:43 | INFO | Episode 14/250 - Reward: -4.85, Length: 40, Loss: -0.5815
2026-03-17 01:36:43 | INFO | Episode 15/250 - Reward: -4.55, Length: 40, Loss: -0.4976
2026-03-17 01:36:44 | INFO | Episode 16/250 - Reward: -4.70, Length: 40, Loss: -0.5703
2026-03-17 01:36:44 | INFO | Episode 17/250 - Reward: -5.15, Length: 40, Loss: -0.5723
2026-03-17 01:36:44 | INFO | Episode 18/250 - Reward: 6.05, Length: 32, Loss: 0.3858
2026-03-17 01:36:45 | INFO | Episode 19/250 - Reward: -3.35, Length: 40, Loss: -0.5024
2026-03-17 01:36:45 | INFO | Episode 20/250 - Reward: 7.25, Length: 32, Loss: 0.6479
2026-03-17 01:36:46 | INFO | Episode 21/250 - Reward: 5.15, Length: 14, Loss: 1.3759
2026-03-17 01:36:46 | INFO | Episode 22/250 - Reward: -0.60, Length: 39, Loss: -0.0600
2026-03-17 01:36:47 | INFO | Episode 23/250 - Reward: -9.65, Length: 40, Loss: -0.4221
2026-03-17 01:36:47 | INFO | Episode 24/250 - Reward: -5.45, Length: 37, Loss: -0.1176
2026-03-17 01:36:48 | INFO | Episode 25/250 - Reward: -5.75, Length: 40, Loss: -0.5733
2026-03-17 01:36:48 | INFO | Episode 26/250 - Reward: 3.35, Length: 29, Loss: 0.1973
2026-03-17 01:36:49 | INFO | Episode 27/250 - Reward: -5.15, Length: 40, Loss: -0.5517
2026-03-17 01:36:49 | INFO | Episode 28/250 - Reward: -3.50, Length: 40, Loss: -0.5475
2026-03-17 01:36:50 | INFO | Episode 29/250 - Reward: 4.25, Length: 20, Loss: 0.7682
2026-03-17 01:36:50 | INFO | Episode 30/250 - Reward: 6.00, Length: 18, Loss: 0.9740
2026-03-17 01:36:51 | INFO | Episode 31/250 - Reward: 7.45, Length: 19, Loss: 1.0273
2026-03-17 01:36:51 | INFO | Episode 32/250 - Reward: 4.40, Length: 35, Loss: 0.1570
2026-03-17 01:36:52 | INFO | Episode 33/250 - Reward: 5.20, Length: 28, Loss: 0.3559
2026-03-17 01:36:52 | INFO | Episode 34/250 - Reward: 8.15, Length: 17, Loss: 1.1028
2026-03-17 01:36:53 | INFO | Episode 35/250 - Reward: 7.85, Length: 17, Loss: 1.1057
2026-03-17 01:36:53 | INFO | Episode 36/250 - Reward: 5.80, Length: 19, Loss: 0.5564
2026-03-17 01:36:54 | INFO | Episode 37/250 - Reward: -5.90, Length: 40, Loss: -0.2696
2026-03-17 01:36:54 | INFO | Episode 38/250 - Reward: 8.85, Length: 12, Loss: 1.6885
2026-03-17 01:36:55 | INFO | Episode 39/250 - Reward: 8.85, Length: 12, Loss: 1.3779
2026-03-17 01:36:55 | INFO | Episode 40/250 - Reward: 8.45, Length: 14, Loss: 1.0656
2026-03-17 01:36:56 | INFO | Episode 41/250 - Reward: 3.70, Length: 40, Loss: 0.1255
2026-03-17 01:36:56 | INFO | Episode 42/250 - Reward: 4.30, Length: 28, Loss: 0.3151
2026-03-17 01:36:57 | INFO | Episode 43/250 - Reward: 6.70, Length: 16, Loss: 1.4226
2026-03-17 01:36:57 | INFO | Episode 44/250 - Reward: 5.95, Length: 34, Loss: 0.1746
2026-03-17 01:36:58 | INFO | Episode 45/250 - Reward: 6.85, Length: 25, Loss: 0.5933
2026-03-17 01:36:58 | INFO | Episode 46/250 - Reward: -6.35, Length: 40, Loss: -0.5069
2026-03-17 01:36:59 | INFO | Episode 47/250 - Reward: 6.05, Length: 32, Loss: 0.2139
2026-03-17 01:36:59 | INFO | Episode 48/250 - Reward: 9.45, Length: 9, Loss: 1.5619
2026-03-17 01:37:00 | INFO | Episode 49/250 - Reward: 6.90, Length: 12, Loss: 1.3062
2026-03-17 01:37:00 | INFO | Episode 50/250 - Reward: 8.15, Length: 17, Loss: 1.0004
2026-03-17 01:37:00 | INFO | Episode 50/250 - Avg Reward: 0.51, Avg Length: 31.34, Avg Loss: 0.1306
2026-03-17 01:37:01 | INFO | Episode 51/250 - Reward: 8.35, Length: 16, Loss: 1.0045
2026-03-17 01:37:01 | INFO | Episode 52/250 - Reward: 7.85, Length: 23, Loss: 0.5447
2026-03-17 01:37:02 | INFO | Episode 53/250 - Reward: -6.95, Length: 40, Loss: -0.2403
2026-03-17 01:37:02 | INFO | Episode 54/250 - Reward: 7.25, Length: 20, Loss: 0.4152
2026-03-17 01:37:03 | INFO | Episode 55/250 - Reward: 5.25, Length: 36, Loss: 0.0619
2026-03-17 01:37:03 | INFO | Episode 56/250 - Reward: -7.55, Length: 40, Loss: -0.3444
2026-03-17 01:37:04 | INFO | Episode 57/250 - Reward: -7.25, Length: 40, Loss: -0.3956
2026-03-17 01:37:04 | INFO | Episode 58/250 - Reward: 9.25, Length: 10, Loss: 1.2965
2026-03-17 01:37:05 | INFO | Episode 59/250 - Reward: 7.55, Length: 23, Loss: 0.6554
2026-03-17 01:37:05 | INFO | Episode 60/250 - Reward: 8.45, Length: 14, Loss: 1.0215
2026-03-17 01:37:06 | INFO | Episode 61/250 - Reward: 9.25, Length: 10, Loss: 1.1717
2026-03-17 01:37:06 | INFO | Episode 62/250 - Reward: -7.55, Length: 40, Loss: -0.3034
2026-03-17 01:37:07 | INFO | Episode 63/250 - Reward: 8.05, Length: 16, Loss: 0.7855
2026-03-17 01:37:07 | INFO | Episode 64/250 - Reward: 7.95, Length: 18, Loss: 0.9019
2026-03-17 01:37:08 | INFO | Episode 65/250 - Reward: 7.85, Length: 20, Loss: 1.0740
2026-03-17 01:37:08 | INFO | Episode 66/250 - Reward: 8.85, Length: 12, Loss: 1.5848
2026-03-17 01:37:09 | INFO | Episode 67/250 - Reward: 8.55, Length: 18, Loss: 0.9081
2026-03-17 01:37:09 | INFO | Episode 68/250 - Reward: 8.05, Length: 22, Loss: 0.4796
2026-03-17 01:37:10 | INFO | Episode 69/250 - Reward: 6.65, Length: 26, Loss: 0.4281
2026-03-17 01:37:10 | INFO | Episode 70/250 - Reward: -6.80, Length: 40, Loss: -0.2945
2026-03-17 01:37:11 | INFO | Episode 71/250 - Reward: 9.15, Length: 12, Loss: 1.2595
2026-03-17 01:37:11 | INFO | Episode 72/250 - Reward: 9.65, Length: 8, Loss: 0.8553
2026-03-17 01:37:12 | INFO | Episode 73/250 - Reward: 9.25, Length: 10, Loss: 0.8726
2026-03-17 01:37:13 | INFO | Episode 74/250 - Reward: 8.95, Length: 16, Loss: 0.9019
2026-03-17 01:37:13 | INFO | Episode 75/250 - Reward: 9.25, Length: 10, Loss: 0.9666
2026-03-17 01:37:14 | INFO | Episode 76/250 - Reward: 9.25, Length: 10, Loss: 1.0031
2026-03-17 01:37:15 | INFO | Episode 77/250 - Reward: -6.65, Length: 40, Loss: -0.3029
2026-03-17 01:37:15 | INFO | Episode 78/250 - Reward: 9.65, Length: 8, Loss: 0.5817
2026-03-17 01:37:16 | INFO | Episode 79/250 - Reward: 9.25, Length: 10, Loss: 0.9510
2026-03-17 01:37:16 | INFO | Episode 80/250 - Reward: 8.45, Length: 14, Loss: 0.7966
2026-03-17 01:37:16 | INFO | Episode 81/250 - Reward: 9.25, Length: 10, Loss: 0.7750
2026-03-17 01:37:17 | INFO | Episode 82/250 - Reward: 9.45, Length: 9, Loss: 0.5954
2026-03-17 01:37:18 | INFO | Episode 83/250 - Reward: 8.65, Length: 16, Loss: 0.8399
2026-03-17 01:37:18 | INFO | Episode 84/250 - Reward: 9.65, Length: 8, Loss: 0.4320
2026-03-17 01:37:19 | INFO | Episode 85/250 - Reward: 6.35, Length: 26, Loss: 0.4069
2026-03-17 01:37:20 | INFO | Episode 86/250 - Reward: 6.95, Length: 23, Loss: 0.4317
2026-03-17 01:37:20 | INFO | Episode 87/250 - Reward: 8.55, Length: 15, Loss: 1.0805
2026-03-17 01:37:21 | INFO | Episode 88/250 - Reward: 9.65, Length: 8, Loss: 0.4207
2026-03-17 01:37:22 | INFO | Episode 89/250 - Reward: 9.25, Length: 10, Loss: 1.1417
2026-03-17 01:37:22 | INFO | Episode 90/250 - Reward: 8.45, Length: 17, Loss: 0.9278
2026-03-17 01:37:23 | INFO | Episode 91/250 - Reward: 9.65, Length: 8, Loss: 0.4180
2026-03-17 01:37:24 | INFO | Episode 92/250 - Reward: 9.05, Length: 11, Loss: 0.8772
2026-03-17 01:37:24 | INFO | Episode 93/250 - Reward: 9.65, Length: 8, Loss: 0.3717
2026-03-17 01:37:25 | INFO | Episode 94/250 - Reward: 8.05, Length: 16, Loss: 0.9238
2026-03-17 01:37:26 | INFO | Episode 95/250 - Reward: 9.35, Length: 11, Loss: 0.7726
2026-03-17 01:37:26 | INFO | Episode 96/250 - Reward: 9.45, Length: 9, Loss: 0.5243
2026-03-17 01:37:27 | INFO | Episode 97/250 - Reward: 9.05, Length: 11, Loss: 0.7444
2026-03-17 01:37:28 | INFO | Episode 98/250 - Reward: 9.45, Length: 9, Loss: 0.5026
2026-03-17 01:37:28 | INFO | Episode 99/250 - Reward: -6.95, Length: 40, Loss: -0.2383
2026-03-17 01:37:29 | INFO | Episode 100/250 - Reward: 9.65, Length: 8, Loss: 0.3101
2026-03-17 01:37:29 | INFO | Episode 100/250 - Avg Reward: 6.44, Avg Length: 17.90, Avg Loss: 0.6180
2026-03-17 01:37:30 | INFO | Episode 101/250 - Reward: 9.65, Length: 8, Loss: 0.2778
2026-03-17 01:37:30 | INFO | Episode 102/250 - Reward: 9.65, Length: 8, Loss: 0.2528
2026-03-17 01:37:31 | INFO | Episode 103/250 - Reward: 9.65, Length: 8, Loss: 0.2325
2026-03-17 01:37:32 | INFO | Episode 104/250 - Reward: 9.65, Length: 8, Loss: 0.2155
2026-03-17 01:37:32 | INFO | Episode 105/250 - Reward: 9.65, Length: 8, Loss: 0.2006
2026-03-17 01:37:33 | INFO | Episode 106/250 - Reward: 9.65, Length: 8, Loss: 0.1875
2026-03-17 01:37:33 | INFO | Episode 107/250 - Reward: 9.45, Length: 9, Loss: 0.4991
2026-03-17 01:37:34 | INFO | Episode 108/250 - Reward: 9.65, Length: 8, Loss: 0.1812
2026-03-17 01:37:35 | INFO | Episode 109/250 - Reward: 9.65, Length: 8, Loss: 0.1677
2026-03-17 01:37:36 | INFO | Episode 110/250 - Reward: 9.45, Length: 9, Loss: 0.5230
2026-03-17 01:37:36 | INFO | Episode 111/250 - Reward: 8.85, Length: 12, Loss: 0.8497
2026-03-17 01:37:37 | INFO | Episode 112/250 - Reward: 9.65, Length: 8, Loss: 0.2030
2026-03-17 01:37:38 | INFO | Episode 113/250 - Reward: 9.65, Length: 8, Loss: 0.1805
2026-03-17 01:37:38 | INFO | Episode 114/250 - Reward: 8.95, Length: 13, Loss: 1.0052
2026-03-17 01:37:39 | INFO | Episode 115/250 - Reward: 9.45, Length: 9, Loss: 0.4152
2026-03-17 01:37:40 | INFO | Episode 116/250 - Reward: 9.45, Length: 9, Loss: 1.5457
2026-03-17 01:37:40 | INFO | Episode 117/250 - Reward: 9.45, Length: 9, Loss: 0.4310
2026-03-17 01:37:41 | INFO | Episode 118/250 - Reward: 9.65, Length: 8, Loss: 0.2638
2026-03-17 01:37:42 | INFO | Episode 119/250 - Reward: 9.65, Length: 8, Loss: 0.2140
2026-03-17 01:37:42 | INFO | Episode 120/250 - Reward: 9.65, Length: 8, Loss: 0.1835
2026-03-17 01:37:43 | INFO | Episode 121/250 - Reward: 9.65, Length: 8, Loss: 0.1630
2026-03-17 01:37:44 | INFO | Episode 122/250 - Reward: 9.25, Length: 10, Loss: 0.6247
2026-03-17 01:37:44 | INFO | Episode 123/250 - Reward: 9.45, Length: 9, Loss: 0.4079
2026-03-17 01:37:45 | INFO | Episode 124/250 - Reward: 9.65, Length: 8, Loss: 0.1894
2026-03-17 01:37:46 | INFO | Episode 125/250 - Reward: 9.65, Length: 8, Loss: 0.1627
2026-03-17 01:37:46 | INFO | Episode 126/250 - Reward: 9.65, Length: 8, Loss: 0.1445
2026-03-17 01:37:47 | INFO | Episode 127/250 - Reward: 9.65, Length: 8, Loss: 0.1314
2026-03-17 01:37:47 | INFO | Episode 128/250 - Reward: 9.65, Length: 8, Loss: 0.1214
2026-03-17 01:37:47 | INFO | Episode 129/250 - Reward: 9.65, Length: 8, Loss: 0.1134
2026-03-17 01:37:48 | INFO | Episode 130/250 - Reward: 9.45, Length: 9, Loss: 0.5328
2026-03-17 01:37:49 | INFO | Episode 131/250 - Reward: 9.65, Length: 8, Loss: 0.1128
2026-03-17 01:37:49 | INFO | Episode 132/250 - Reward: 9.65, Length: 8, Loss: 0.1058
2026-03-17 01:37:50 | INFO | Episode 133/250 - Reward: 9.65, Length: 8, Loss: 0.1000
2026-03-17 01:37:51 | INFO | Episode 134/250 - Reward: 9.65, Length: 8, Loss: 0.0950
2026-03-17 01:37:51 | INFO | Episode 135/250 - Reward: 9.65, Length: 8, Loss: 0.0905
2026-03-17 01:37:52 | INFO | Episode 136/250 - Reward: 9.65, Length: 8, Loss: 0.0865
2026-03-17 01:37:52 | INFO | Episode 137/250 - Reward: 9.55, Length: 10, Loss: 0.7869
2026-03-17 01:37:53 | INFO | Episode 138/250 - Reward: 9.65, Length: 8, Loss: 0.0857
2026-03-17 01:37:54 | INFO | Episode 139/250 - Reward: 9.45, Length: 9, Loss: 0.5342
2026-03-17 01:37:54 | INFO | Episode 140/250 - Reward: 9.65, Length: 8, Loss: 0.0933
2026-03-17 01:37:55 | INFO | Episode 141/250 - Reward: 9.65, Length: 8, Loss: 0.0866
2026-03-17 01:37:56 | INFO | Episode 142/250 - Reward: 9.65, Length: 8, Loss: 0.0815
2026-03-17 01:37:56 | INFO | Episode 143/250 - Reward: 9.65, Length: 8, Loss: 0.0772
2026-03-17 01:37:57 | INFO | Episode 144/250 - Reward: 9.65, Length: 8, Loss: 0.0736
2026-03-17 01:37:58 | INFO | Episode 145/250 - Reward: 9.65, Length: 8, Loss: 0.0704
2026-03-17 01:37:58 | INFO | Episode 146/250 - Reward: 9.65, Length: 8, Loss: 0.0676
2026-03-17 01:37:59 | INFO | Episode 147/250 - Reward: 9.65, Length: 8, Loss: 0.0649
2026-03-17 01:38:00 | INFO | Episode 148/250 - Reward: 9.65, Length: 8, Loss: 0.0625
2026-03-17 01:38:00 | INFO | Episode 149/250 - Reward: 9.45, Length: 9, Loss: 0.5162
2026-03-17 01:38:01 | INFO | Episode 150/250 - Reward: 9.45, Length: 9, Loss: 0.3877
2026-03-17 01:38:01 | INFO | Episode 150/250 - Avg Reward: 9.57, Avg Length: 8.46, Avg Loss: 0.2840
2026-03-17 01:38:02 | INFO | Episode 151/250 - Reward: 9.65, Length: 8, Loss: 0.1143
2026-03-17 01:38:02 | INFO | Episode 152/250 - Reward: 9.65, Length: 8, Loss: 0.0898
2026-03-17 01:38:03 | INFO | Episode 153/250 - Reward: 9.65, Length: 8, Loss: 0.0765
2026-03-17 01:38:03 | INFO | Episode 154/250 - Reward: 9.65, Length: 8, Loss: 0.0684
2026-03-17 01:38:04 | INFO | Episode 155/250 - Reward: 9.65, Length: 8, Loss: 0.0628
2026-03-17 01:38:05 | INFO | Episode 156/250 - Reward: 9.45, Length: 9, Loss: 0.4572
2026-03-17 01:38:06 | INFO | Episode 157/250 - Reward: 9.65, Length: 8, Loss: 0.0881
2026-03-17 01:38:06 | INFO | Episode 158/250 - Reward: 9.65, Length: 8, Loss: 0.0735
2026-03-17 01:38:07 | INFO | Episode 159/250 - Reward: 9.65, Length: 8, Loss: 0.0648
2026-03-17 01:38:08 | INFO | Episode 160/250 - Reward: 9.65, Length: 8, Loss: 0.0590
2026-03-17 01:38:08 | INFO | Episode 161/250 - Reward: 9.45, Length: 9, Loss: 0.6898
2026-03-17 01:38:09 | INFO | Episode 162/250 - Reward: 9.65, Length: 8, Loss: 0.0559
2026-03-17 01:38:10 | INFO | Episode 163/250 - Reward: 9.45, Length: 9, Loss: 0.5750
2026-03-17 01:38:10 | INFO | Episode 164/250 - Reward: 9.65, Length: 8, Loss: 0.0673
2026-03-17 01:38:11 | INFO | Episode 165/250 - Reward: 9.65, Length: 8, Loss: 0.0628
2026-03-17 01:38:12 | INFO | Episode 166/250 - Reward: 9.65, Length: 8, Loss: 0.0592
2026-03-17 01:38:12 | INFO | Episode 167/250 - Reward: 9.65, Length: 8, Loss: 0.0561
2026-03-17 01:38:13 | INFO | Episode 168/250 - Reward: 9.65, Length: 8, Loss: 0.0535
2026-03-17 01:38:14 | INFO | Episode 169/250 - Reward: 9.65, Length: 8, Loss: 0.0512
2026-03-17 01:38:14 | INFO | Episode 170/250 - Reward: 9.65, Length: 8, Loss: 0.0492
2026-03-17 01:38:15 | INFO | Episode 171/250 - Reward: 9.65, Length: 8, Loss: 0.0474
2026-03-17 01:38:16 | INFO | Episode 172/250 - Reward: 9.65, Length: 8, Loss: 0.0458
2026-03-17 01:38:16 | INFO | Episode 173/250 - Reward: 9.65, Length: 8, Loss: 0.0443
2026-03-17 01:38:17 | INFO | Episode 174/250 - Reward: 9.45, Length: 9, Loss: 0.6071
2026-03-17 01:38:18 | INFO | Episode 175/250 - Reward: 9.25, Length: 10, Loss: 0.6652
2026-03-17 01:38:18 | INFO | Episode 176/250 - Reward: 9.65, Length: 8, Loss: 0.1384
2026-03-17 01:38:18 | INFO | Episode 177/250 - Reward: 9.65, Length: 8, Loss: 0.0931
2026-03-17 01:38:19 | INFO | Episode 178/250 - Reward: 9.65, Length: 8, Loss: 0.0728
2026-03-17 01:38:19 | INFO | Episode 179/250 - Reward: 9.65, Length: 8, Loss: 0.0616
2026-03-17 01:38:20 | INFO | Episode 180/250 - Reward: 9.65, Length: 8, Loss: 0.0548
2026-03-17 01:38:21 | INFO | Episode 181/250 - Reward: 9.45, Length: 9, Loss: 0.4494
2026-03-17 01:38:21 | INFO | Episode 182/250 - Reward: 9.65, Length: 8, Loss: 0.0838
2026-03-17 01:38:22 | INFO | Episode 183/250 - Reward: 9.65, Length: 8, Loss: 0.0667
2026-03-17 01:38:23 | INFO | Episode 184/250 - Reward: 9.65, Length: 8, Loss: 0.0571
2026-03-17 01:38:23 | INFO | Episode 185/250 - Reward: 9.65, Length: 8, Loss: 0.0510
2026-03-17 01:38:24 | INFO | Episode 186/250 - Reward: 9.65, Length: 8, Loss: 0.0468
2026-03-17 01:38:25 | INFO | Episode 187/250 - Reward: 9.45, Length: 9, Loss: 0.7250
2026-03-17 01:38:25 | INFO | Episode 188/250 - Reward: 9.65, Length: 8, Loss: 0.0449
2026-03-17 01:38:26 | INFO | Episode 189/250 - Reward: 9.65, Length: 8, Loss: 0.0435
2026-03-17 01:38:26 | INFO | Episode 190/250 - Reward: 9.45, Length: 9, Loss: 0.6047
2026-03-17 01:38:27 | INFO | Episode 191/250 - Reward: 9.65, Length: 8, Loss: 0.0554
2026-03-17 01:38:28 | INFO | Episode 192/250 - Reward: 9.25, Length: 10, Loss: 0.8114
2026-03-17 01:38:29 | INFO | Episode 193/250 - Reward: 9.45, Length: 9, Loss: 0.3965
2026-03-17 01:38:29 | INFO | Episode 194/250 - Reward: 9.65, Length: 8, Loss: 0.1215
2026-03-17 01:38:30 | INFO | Episode 195/250 - Reward: 9.45, Length: 9, Loss: 0.3945
2026-03-17 01:38:31 | INFO | Episode 196/250 - Reward: 9.45, Length: 9, Loss: 0.3693
2026-03-17 01:38:31 | INFO | Episode 197/250 - Reward: 9.45, Length: 9, Loss: 0.3573
2026-03-17 01:38:32 | INFO | Episode 198/250 - Reward: 9.65, Length: 8, Loss: 0.1580
2026-03-17 01:38:33 | INFO | Episode 199/250 - Reward: 9.45, Length: 9, Loss: 0.3701
2026-03-17 01:38:33 | INFO | Episode 200/250 - Reward: 9.45, Length: 9, Loss: 0.3567
2026-03-17 01:38:33 | INFO | Episode 200/250 - Avg Reward: 9.58, Avg Length: 8.34, Avg Loss: 0.2054
2026-03-17 01:38:34 | INFO | Episode 201/250 - Reward: 9.65, Length: 8, Loss: 0.1561
2026-03-17 01:38:35 | INFO | Episode 202/250 - Reward: 8.85, Length: 12, Loss: 0.6752
2026-03-17 01:38:35 | INFO | Episode 203/250 - Reward: 9.25, Length: 10, Loss: 0.9429
2026-03-17 01:38:36 | INFO | Episode 204/250 - Reward: 9.25, Length: 10, Loss: 0.4328
2026-03-17 01:38:37 | INFO | Episode 205/250 - Reward: 9.65, Length: 8, Loss: 0.2461
2026-03-17 01:38:37 | INFO | Episode 206/250 - Reward: 9.65, Length: 8, Loss: 0.1664
2026-03-17 01:38:38 | INFO | Episode 207/250 - Reward: 9.65, Length: 8, Loss: 0.1231
2026-03-17 01:38:39 | INFO | Episode 208/250 - Reward: 9.65, Length: 8, Loss: 0.0973
2026-03-17 01:38:39 | INFO | Episode 209/250 - Reward: 9.65, Length: 8, Loss: 0.0808
2026-03-17 01:38:40 | INFO | Episode 210/250 - Reward: 9.65, Length: 8, Loss: 0.0695
2026-03-17 01:38:40 | INFO | Episode 211/250 - Reward: 9.65, Length: 8, Loss: 0.0614
2026-03-17 01:38:41 | INFO | Episode 212/250 - Reward: 9.65, Length: 8, Loss: 0.0554
2026-03-17 01:38:41 | INFO | Episode 213/250 - Reward: 9.65, Length: 8, Loss: 0.0508
2026-03-17 01:38:42 | INFO | Episode 214/250 - Reward: 9.65, Length: 8, Loss: 0.0472
2026-03-17 01:38:42 | INFO | Episode 215/250 - Reward: 9.65, Length: 8, Loss: 0.0442
2026-03-17 01:38:43 | INFO | Episode 216/250 - Reward: 9.65, Length: 8, Loss: 0.0418
2026-03-17 01:38:43 | INFO | Episode 217/250 - Reward: 9.65, Length: 8, Loss: 0.0398
2026-03-17 01:38:44 | INFO | Episode 218/250 - Reward: 9.65, Length: 8, Loss: 0.0381
2026-03-17 01:38:44 | INFO | Episode 219/250 - Reward: 9.45, Length: 9, Loss: 0.5876
2026-03-17 01:38:45 | INFO | Episode 220/250 - Reward: 9.65, Length: 8, Loss: 0.0535
2026-03-17 01:38:45 | INFO | Episode 221/250 - Reward: 9.35, Length: 11, Loss: 1.0539
2026-03-17 01:38:46 | INFO | Episode 222/250 - Reward: 9.65, Length: 8, Loss: 0.0663
2026-03-17 01:38:46 | INFO | Episode 223/250 - Reward: 9.65, Length: 8, Loss: 0.0586
2026-03-17 01:38:47 | INFO | Episode 224/250 - Reward: 9.45, Length: 9, Loss: 0.7767
2026-03-17 01:38:47 | INFO | Episode 225/250 - Reward: 9.65, Length: 8, Loss: 0.0452
2026-03-17 01:38:48 | INFO | Episode 226/250 - Reward: 9.65, Length: 8, Loss: 0.0439
2026-03-17 01:38:48 | INFO | Episode 227/250 - Reward: 9.65, Length: 8, Loss: 0.0426
2026-03-17 01:38:49 | INFO | Episode 228/250 - Reward: 9.65, Length: 8, Loss: 0.0414
2026-03-17 01:38:49 | INFO | Episode 229/250 - Reward: 9.65, Length: 8, Loss: 0.0402
2026-03-17 01:38:50 | INFO | Episode 230/250 - Reward: 9.65, Length: 8, Loss: 0.0391
2026-03-17 01:38:49 | INFO | Episode 231/250 - Reward: 9.65, Length: 8, Loss: 0.0381
2026-03-17 01:38:50 | INFO | Episode 232/250 - Reward: 9.65, Length: 8, Loss: 0.0371
2026-03-17 01:38:50 | INFO | Episode 233/250 - Reward: 9.65, Length: 8, Loss: 0.0361
2026-03-17 01:38:51 | INFO | Episode 234/250 - Reward: 9.65, Length: 8, Loss: 0.0351
2026-03-17 01:38:51 | INFO | Episode 235/250 - Reward: 9.65, Length: 8, Loss: 0.0343
2026-03-17 01:38:52 | INFO | Episode 236/250 - Reward: 9.65, Length: 8, Loss: 0.0334
2026-03-17 01:38:52 | INFO | Episode 237/250 - Reward: 9.65, Length: 8, Loss: 0.0326
2026-03-17 01:38:53 | INFO | Episode 238/250 - Reward: 9.65, Length: 8, Loss: 0.0318
2026-03-17 01:38:53 | INFO | Episode 239/250 - Reward: 9.65, Length: 8, Loss: 0.0310
2026-03-17 01:38:54 | INFO | Episode 240/250 - Reward: 9.65, Length: 8, Loss: 0.0303
2026-03-17 01:38:54 | INFO | Episode 241/250 - Reward: 9.65, Length: 8, Loss: 0.0296
2026-03-17 01:38:55 | INFO | Episode 242/250 - Reward: 9.65, Length: 8, Loss: 0.0289
2026-03-17 01:38:55 | INFO | Episode 243/250 - Reward: 9.65, Length: 8, Loss: 0.0283
2026-03-17 01:38:56 | INFO | Episode 244/250 - Reward: 9.65, Length: 8, Loss: 0.0277
2026-03-17 01:38:56 | INFO | Episode 245/250 - Reward: 9.45, Length: 9, Loss: 0.6334
2026-03-17 01:38:57 | INFO | Episode 246/250 - Reward: 9.65, Length: 8, Loss: 0.0429
2026-03-17 01:38:57 | INFO | Episode 247/250 - Reward: 9.45, Length: 9, Loss: 0.4604
2026-03-17 01:38:58 | INFO | Episode 248/250 - Reward: 9.65, Length: 8, Loss: 0.0769
2026-03-17 01:38:58 | INFO | Episode 249/250 - Reward: 9.65, Length: 8, Loss: 0.0575
2026-03-17 01:38:59 | INFO | Episode 250/250 - Reward: 9.65, Length: 8, Loss: 0.0473
2026-03-17 01:38:59 | INFO | Episode 250/250 - Avg Reward: 9.60, Avg Length: 8.30, Avg Loss: 0.1598
