2026-03-17 01:49:31 | INFO | ============================================================
2026-03-17 01:49:31 | INFO | DEVICE / COMPUTE INFORMATION
2026-03-17 01:49:31 | INFO |   JAX backend       : GPU
2026-03-17 01:49:31 | INFO |   Platform          : gpu
2026-03-17 01:49:31 | INFO |   Num devices       : 1
2026-03-17 01:49:31 | INFO |   Device            : cuda:0
2026-03-17 01:49:31 | INFO |   GPU name          : NVIDIA GeForce RTX 5060 Laptop GPU
2026-03-17 01:49:31 | INFO | ============================================================
2026-03-17 01:49:31 | INFO | ✓ JAX GPU backend confirmed.
2026-03-17 01:49:31 | INFO | REINFORCE seed=6_gamma=0.99_lr=0.001
2026-03-17 01:49:35 | INFO | Episode 1/250 - Reward: -3.80, Length: 40, Loss: -0.4659
2026-03-17 01:49:36 | INFO | Episode 2/250 - Reward: -4.85, Length: 40, Loss: -0.4108
2026-03-17 01:49:36 | INFO | Episode 3/250 - Reward: -3.35, Length: 40, Loss: -0.4213
2026-03-17 01:49:37 | INFO | Episode 4/250 - Reward: -3.80, Length: 40, Loss: -0.4487
2026-03-17 01:49:37 | INFO | Episode 5/250 - Reward: -4.85, Length: 40, Loss: -0.4588
2026-03-17 01:49:38 | INFO | Episode 6/250 - Reward: -7.10, Length: 40, Loss: -0.5317
2026-03-17 01:49:38 | INFO | Episode 7/250 - Reward: -3.65, Length: 40, Loss: -0.4515
2026-03-17 01:49:39 | INFO | Episode 8/250 - Reward: -4.70, Length: 40, Loss: -0.5165
2026-03-17 01:49:39 | INFO | Episode 9/250 - Reward: -5.00, Length: 40, Loss: -0.4217
2026-03-17 01:49:40 | INFO | Episode 10/250 - Reward: -4.40, Length: 40, Loss: -0.4240
2026-03-17 01:49:40 | INFO | Episode 11/250 - Reward: -4.25, Length: 40, Loss: -0.4526
2026-03-17 01:49:41 | INFO | Episode 12/250 - Reward: -4.70, Length: 40, Loss: -0.4573
2026-03-17 01:49:41 | INFO | Episode 13/250 - Reward: -4.85, Length: 40, Loss: -0.4721
2026-03-17 01:49:41 | INFO | Episode 14/250 - Reward: -4.70, Length: 40, Loss: -0.4323
2026-03-17 01:49:42 | INFO | Episode 15/250 - Reward: -4.55, Length: 40, Loss: -0.4152
2026-03-17 01:49:42 | INFO | Episode 16/250 - Reward: -4.85, Length: 40, Loss: -0.4656
2026-03-17 01:49:43 | INFO | Episode 17/250 - Reward: -5.15, Length: 40, Loss: -0.4641
2026-03-17 01:49:43 | INFO | Episode 18/250 - Reward: -10.40, Length: 40, Loss: -0.5297
2026-03-17 01:49:44 | INFO | Episode 19/250 - Reward: -4.70, Length: 40, Loss: -0.4178
2026-03-17 01:49:44 | INFO | Episode 20/250 - Reward: 5.10, Length: 36, Loss: 0.8020
2026-03-17 01:49:45 | INFO | Episode 21/250 - Reward: 5.15, Length: 14, Loss: 2.0262
2026-03-17 01:49:45 | INFO | Episode 22/250 - Reward: -5.15, Length: 40, Loss: -0.5015
2026-03-17 01:49:46 | INFO | Episode 23/250 - Reward: -3.95, Length: 40, Loss: -0.4130
2026-03-17 01:49:46 | INFO | Episode 24/250 - Reward: -4.40, Length: 40, Loss: -0.3827
2026-03-17 01:49:47 | INFO | Episode 25/250 - Reward: 5.30, Length: 35, Loss: 0.8109
2026-03-17 01:49:47 | INFO | Episode 26/250 - Reward: 6.45, Length: 33, Loss: 0.9466
2026-03-17 01:49:48 | INFO | Episode 27/250 - Reward: -5.45, Length: 40, Loss: -0.4720
2026-03-17 01:49:48 | INFO | Episode 28/250 - Reward: -4.25, Length: 40, Loss: -0.4710
2026-03-17 01:49:48 | INFO | Episode 29/250 - Reward: -5.45, Length: 40, Loss: -0.4170
2026-03-17 01:49:49 | INFO | Episode 30/250 - Reward: -4.55, Length: 40, Loss: -0.4130
2026-03-17 01:49:50 | INFO | Episode 31/250 - Reward: -6.20, Length: 40, Loss: -0.4423
2026-03-17 01:49:50 | INFO | Episode 32/250 - Reward: -4.55, Length: 40, Loss: -0.4309
2026-03-17 01:49:51 | INFO | Episode 33/250 - Reward: -4.40, Length: 40, Loss: -0.4519
2026-03-17 01:49:52 | INFO | Episode 34/250 - Reward: -10.25, Length: 40, Loss: -0.5112
2026-03-17 01:49:52 | INFO | Episode 35/250 - Reward: -4.85, Length: 40, Loss: -0.4513
2026-03-17 01:49:53 | INFO | Episode 36/250 - Reward: -4.10, Length: 40, Loss: -0.4218
2026-03-17 01:49:54 | INFO | Episode 37/250 - Reward: -5.00, Length: 40, Loss: -0.4079
2026-03-17 01:49:54 | INFO | Episode 38/250 - Reward: -4.55, Length: 40, Loss: -0.4407
2026-03-17 01:49:55 | INFO | Episode 39/250 - Reward: -4.40, Length: 40, Loss: -0.4360
2026-03-17 01:49:56 | INFO | Episode 40/250 - Reward: -4.10, Length: 40, Loss: -0.4488
2026-03-17 01:49:56 | INFO | Episode 41/250 - Reward: -5.15, Length: 40, Loss: -0.4181
2026-03-17 01:49:57 | INFO | Episode 42/250 - Reward: -4.55, Length: 40, Loss: -0.4327
2026-03-17 01:49:58 | INFO | Episode 43/250 - Reward: -5.30, Length: 40, Loss: -0.4206
2026-03-17 01:49:58 | INFO | Episode 44/250 - Reward: -4.70, Length: 40, Loss: -0.5407
2026-03-17 01:49:59 | INFO | Episode 45/250 - Reward: -4.85, Length: 40, Loss: -0.4726
2026-03-17 01:50:00 | INFO | Episode 46/250 - Reward: -4.70, Length: 40, Loss: -0.4401
2026-03-17 01:50:00 | INFO | Episode 47/250 - Reward: -5.30, Length: 40, Loss: -0.5290
2026-03-17 01:50:01 | INFO | Episode 48/250 - Reward: -3.95, Length: 40, Loss: -0.4885
2026-03-17 01:50:02 | INFO | Episode 49/250 - Reward: -4.10, Length: 40, Loss: -0.4267
2026-03-17 01:50:02 | INFO | Episode 50/250 - Reward: -4.40, Length: 40, Loss: -0.4320
2026-03-17 01:50:02 | INFO | Episode 50/250 - Avg Reward: -4.09, Avg Length: 39.16, Avg Loss: -0.3237
2026-03-17 01:50:03 | INFO | Episode 51/250 - Reward: -3.95, Length: 40, Loss: -0.4304
2026-03-17 01:50:04 | INFO | Episode 52/250 - Reward: -9.65, Length: 40, Loss: -0.5534
2026-03-17 01:50:04 | INFO | Episode 53/250 - Reward: -3.50, Length: 40, Loss: -0.4407
2026-03-17 01:50:05 | INFO | Episode 54/250 - Reward: -3.65, Length: 40, Loss: -0.4259
2026-03-17 01:50:06 | INFO | Episode 55/250 - Reward: -7.55, Length: 40, Loss: -0.4127
2026-03-17 01:50:06 | INFO | Episode 56/250 - Reward: -6.80, Length: 40, Loss: -0.5522
2026-03-17 01:50:07 | INFO | Episode 57/250 - Reward: -6.05, Length: 40, Loss: -0.4567
2026-03-17 01:50:08 | INFO | Episode 58/250 - Reward: -4.55, Length: 40, Loss: -0.4328
2026-03-17 01:50:09 | INFO | Episode 59/250 - Reward: -6.05, Length: 40, Loss: -0.4709
2026-03-17 01:50:09 | INFO | Episode 60/250 - Reward: -5.00, Length: 40, Loss: -0.4518
2026-03-17 01:50:10 | INFO | Episode 61/250 - Reward: -4.25, Length: 40, Loss: -0.4516
2026-03-17 01:50:10 | INFO | Episode 62/250 - Reward: -4.85, Length: 40, Loss: -0.3915
2026-03-17 01:50:11 | INFO | Episode 63/250 - Reward: -4.10, Length: 40, Loss: -0.4297
2026-03-17 01:50:12 | INFO | Episode 64/250 - Reward: -4.85, Length: 40, Loss: -0.4284
2026-03-17 01:50:12 | INFO | Episode 65/250 - Reward: -4.55, Length: 40, Loss: -0.4103
2026-03-17 01:50:13 | INFO | Episode 66/250 - Reward: 6.05, Length: 32, Loss: 0.9455
2026-03-17 01:50:14 | INFO | Episode 67/250 - Reward: -3.65, Length: 40, Loss: -0.4333
2026-03-17 01:50:14 | INFO | Episode 68/250 - Reward: -5.15, Length: 40, Loss: -0.4241
2026-03-17 01:50:15 | INFO | Episode 69/250 - Reward: -5.00, Length: 40, Loss: -0.4807
2026-03-17 01:50:16 | INFO | Episode 70/250 - Reward: -3.95, Length: 40, Loss: -0.4231
2026-03-17 01:50:16 | INFO | Episode 71/250 - Reward: -3.95, Length: 40, Loss: -0.4557
2026-03-17 01:50:17 | INFO | Episode 72/250 - Reward: -4.70, Length: 40, Loss: -0.4344
2026-03-17 01:50:18 | INFO | Episode 73/250 - Reward: -4.85, Length: 40, Loss: -0.4791
2026-03-17 01:50:18 | INFO | Episode 74/250 - Reward: -4.85, Length: 40, Loss: -0.4603
2026-03-17 01:50:19 | INFO | Episode 75/250 - Reward: -4.40, Length: 40, Loss: -0.4954
2026-03-17 01:50:19 | INFO | Episode 76/250 - Reward: -3.65, Length: 40, Loss: -0.4325
2026-03-17 01:50:19 | INFO | Episode 77/250 - Reward: -4.85, Length: 40, Loss: -0.4327
2026-03-17 01:50:20 | INFO | Episode 78/250 - Reward: -3.95, Length: 40, Loss: -0.4380
2026-03-17 01:50:21 | INFO | Episode 79/250 - Reward: -3.50, Length: 40, Loss: -0.4051
2026-03-17 01:50:21 | INFO | Episode 80/250 - Reward: -9.95, Length: 40, Loss: -0.5955
2026-03-17 01:50:22 | INFO | Episode 81/250 - Reward: -5.00, Length: 40, Loss: -0.4294
2026-03-17 01:50:22 | INFO | Episode 82/250 - Reward: -3.95, Length: 40, Loss: -0.4492
2026-03-17 01:50:23 | INFO | Episode 83/250 - Reward: -4.70, Length: 40, Loss: -0.4001
2026-03-17 01:50:24 | INFO | Episode 84/250 - Reward: -5.30, Length: 40, Loss: -0.4418
2026-03-17 01:50:24 | INFO | Episode 85/250 - Reward: -4.70, Length: 40, Loss: -0.4375
2026-03-17 01:50:25 | INFO | Episode 86/250 - Reward: -5.60, Length: 40, Loss: -0.4484
2026-03-17 01:50:26 | INFO | Episode 87/250 - Reward: -4.55, Length: 40, Loss: -0.4153
2026-03-17 01:50:26 | INFO | Episode 88/250 - Reward: -4.85, Length: 40, Loss: -0.4413
2026-03-17 01:50:27 | INFO | Episode 89/250 - Reward: -5.60, Length: 40, Loss: -0.4697
2026-03-17 01:50:28 | INFO | Episode 90/250 - Reward: -5.00, Length: 40, Loss: -0.4297
2026-03-17 01:50:28 | INFO | Episode 91/250 - Reward: -4.55, Length: 40, Loss: -0.4810
2026-03-17 01:50:29 | INFO | Episode 92/250 - Reward: -5.90, Length: 40, Loss: -0.4077
2026-03-17 01:50:30 | INFO | Episode 93/250 - Reward: -3.95, Length: 40, Loss: -0.4097
2026-03-17 01:50:30 | INFO | Episode 94/250 - Reward: -3.20, Length: 40, Loss: -0.3807
2026-03-17 01:50:31 | INFO | Episode 95/250 - Reward: -15.20, Length: 40, Loss: -0.5840
2026-03-17 01:50:31 | INFO | Episode 96/250 - Reward: -3.80, Length: 40, Loss: -0.4131
2026-03-17 01:50:32 | INFO | Episode 97/250 - Reward: -4.40, Length: 40, Loss: -0.4584
2026-03-17 01:50:33 | INFO | Episode 98/250 - Reward: -4.25, Length: 40, Loss: -0.4021
2026-03-17 01:50:34 | INFO | Episode 99/250 - Reward: -4.25, Length: 40, Loss: -0.4285
2026-03-17 01:50:34 | INFO | Episode 100/250 - Reward: -5.00, Length: 40, Loss: -0.4224
2026-03-17 01:50:34 | INFO | Episode 100/250 - Avg Reward: -4.87, Avg Length: 39.84, Avg Loss: -0.4187
2026-03-17 01:50:35 | INFO | Episode 101/250 - Reward: -4.40, Length: 40, Loss: -0.4511
2026-03-17 01:50:36 | INFO | Episode 102/250 - Reward: -9.05, Length: 40, Loss: -0.5105
2026-03-17 01:50:36 | INFO | Episode 103/250 - Reward: -4.10, Length: 40, Loss: -0.4344
2026-03-17 01:50:37 | INFO | Episode 104/250 - Reward: -4.25, Length: 40, Loss: -0.4412
2026-03-17 01:50:38 | INFO | Episode 105/250 - Reward: -5.15, Length: 40, Loss: -0.3938
2026-03-17 01:50:38 | INFO | Episode 106/250 - Reward: -8.00, Length: 40, Loss: -0.4138
2026-03-17 01:50:39 | INFO | Episode 107/250 - Reward: 6.10, Length: 25, Loss: 1.2988
2026-03-17 01:50:39 | INFO | Episode 108/250 - Reward: -5.15, Length: 40, Loss: -0.4697
2026-03-17 01:50:40 | INFO | Episode 109/250 - Reward: -5.90, Length: 40, Loss: -0.4599
2026-03-17 01:50:41 | INFO | Episode 110/250 - Reward: -15.20, Length: 40, Loss: -0.5122
2026-03-17 01:50:41 | INFO | Episode 111/250 - Reward: -4.85, Length: 40, Loss: -0.4562
2026-03-17 01:50:42 | INFO | Episode 112/250 - Reward: -5.45, Length: 40, Loss: -0.4727
2026-03-17 01:50:43 | INFO | Episode 113/250 - Reward: -5.75, Length: 40, Loss: -0.6231
2026-03-17 01:50:43 | INFO | Episode 114/250 - Reward: -4.25, Length: 40, Loss: -0.4580
2026-03-17 01:50:44 | INFO | Episode 115/250 - Reward: -4.55, Length: 40, Loss: -0.4627
2026-03-17 01:50:45 | INFO | Episode 116/250 - Reward: -4.10, Length: 40, Loss: -0.4320
2026-03-17 01:50:45 | INFO | Episode 117/250 - Reward: -4.25, Length: 40, Loss: -0.4305
2026-03-17 01:50:46 | INFO | Episode 118/250 - Reward: 0.05, Length: 26, Loss: 0.6502
2026-03-17 01:50:47 | INFO | Episode 119/250 - Reward: 2.35, Length: 40, Loss: 0.4429
2026-03-17 01:50:47 | INFO | Episode 120/250 - Reward: -5.15, Length: 40, Loss: -0.4171
2026-03-17 01:50:48 | INFO | Episode 121/250 - Reward: -5.00, Length: 40, Loss: -0.4740
2026-03-17 01:50:49 | INFO | Episode 122/250 - Reward: -3.95, Length: 40, Loss: -0.4504
2026-03-17 01:50:49 | INFO | Episode 123/250 - Reward: -4.85, Length: 40, Loss: -0.4463
2026-03-17 01:50:50 | INFO | Episode 124/250 - Reward: -11.45, Length: 40, Loss: -0.4759
2026-03-17 01:50:51 | INFO | Episode 125/250 - Reward: -5.75, Length: 40, Loss: -0.5474
2026-03-17 01:50:51 | INFO | Episode 126/250 - Reward: -4.55, Length: 40, Loss: -0.4468
2026-03-17 01:50:51 | INFO | Episode 127/250 - Reward: -4.40, Length: 40, Loss: -0.4090
2026-03-17 01:50:52 | INFO | Episode 128/250 - Reward: 6.70, Length: 19, Loss: 1.6665
2026-03-17 01:50:52 | INFO | Episode 129/250 - Reward: -5.00, Length: 40, Loss: -0.4370
2026-03-17 01:50:53 | INFO | Episode 130/250 - Reward: -5.15, Length: 40, Loss: -0.4396
2026-03-17 01:50:54 | INFO | Episode 131/250 - Reward: -3.95, Length: 40, Loss: -0.4182
2026-03-17 01:50:54 | INFO | Episode 132/250 - Reward: 6.75, Length: 33, Loss: 0.9000
2026-03-17 01:50:55 | INFO | Episode 133/250 - Reward: -7.85, Length: 40, Loss: -0.4188
2026-03-17 01:50:56 | INFO | Episode 134/250 - Reward: -5.15, Length: 40, Loss: -0.4308
2026-03-17 01:50:56 | INFO | Episode 135/250 - Reward: -4.40, Length: 40, Loss: -0.4342
2026-03-17 01:50:57 | INFO | Episode 136/250 - Reward: 6.60, Length: 18, Loss: 1.8162
2026-03-17 01:50:58 | INFO | Episode 137/250 - Reward: -4.25, Length: 40, Loss: -0.4675
2026-03-17 01:50:58 | INFO | Episode 138/250 - Reward: -5.45, Length: 40, Loss: -0.4677
2026-03-17 01:50:59 | INFO | Episode 139/250 - Reward: -4.40, Length: 40, Loss: -0.5143
2026-03-17 01:50:59 | INFO | Episode 140/250 - Reward: 3.65, Length: 26, Loss: 1.1012
2026-03-17 01:51:00 | INFO | Episode 141/250 - Reward: -5.30, Length: 40, Loss: -0.4829
2026-03-17 01:51:01 | INFO | Episode 142/250 - Reward: -4.70, Length: 40, Loss: -0.4308
2026-03-17 01:51:01 | INFO | Episode 143/250 - Reward: -6.05, Length: 40, Loss: -0.4687
2026-03-17 01:51:02 | INFO | Episode 144/250 - Reward: -7.25, Length: 40, Loss: -0.4512
2026-03-17 01:51:03 | INFO | Episode 145/250 - Reward: -14.60, Length: 40, Loss: -0.4497
2026-03-17 01:51:03 | INFO | Episode 146/250 - Reward: -3.50, Length: 40, Loss: -0.4227
2026-03-17 01:51:04 | INFO | Episode 147/250 - Reward: -5.90, Length: 40, Loss: -0.4701
2026-03-17 01:51:05 | INFO | Episode 148/250 - Reward: -4.10, Length: 40, Loss: -0.4235
2026-03-17 01:51:05 | INFO | Episode 149/250 - Reward: -5.75, Length: 40, Loss: -0.3704
2026-03-17 01:51:06 | INFO | Episode 150/250 - Reward: -4.10, Length: 40, Loss: -0.4653
2026-03-17 01:51:06 | INFO | Episode 150/250 - Avg Reward: -4.28, Avg Length: 38.14, Avg Loss: -0.2335
2026-03-17 01:51:07 | INFO | Episode 151/250 - Reward: -4.55, Length: 40, Loss: -0.4661
2026-03-17 01:51:07 | INFO | Episode 152/250 - Reward: -4.25, Length: 40, Loss: -0.4191
2026-03-17 01:51:08 | INFO | Episode 153/250 - Reward: -5.90, Length: 40, Loss: -0.4292
2026-03-17 01:51:09 | INFO | Episode 154/250 - Reward: -4.70, Length: 40, Loss: -0.3972
2026-03-17 01:51:09 | INFO | Episode 155/250 - Reward: -3.35, Length: 40, Loss: -0.4391
2026-03-17 01:51:10 | INFO | Episode 156/250 - Reward: -6.35, Length: 40, Loss: -0.3698
2026-03-17 01:51:11 | INFO | Episode 157/250 - Reward: 1.40, Length: 32, Loss: 0.6502
2026-03-17 01:51:11 | INFO | Episode 158/250 - Reward: -3.20, Length: 40, Loss: -0.4198
2026-03-17 01:51:12 | INFO | Episode 159/250 - Reward: -5.15, Length: 40, Loss: -0.4085
2026-03-17 01:51:13 | INFO | Episode 160/250 - Reward: -7.40, Length: 40, Loss: -0.4402
2026-03-17 01:51:13 | INFO | Episode 161/250 - Reward: 5.70, Length: 27, Loss: 1.2122
2026-03-17 01:51:14 | INFO | Episode 162/250 - Reward: -4.70, Length: 40, Loss: -0.4770
2026-03-17 01:51:15 | INFO | Episode 163/250 - Reward: 4.70, Length: 38, Loss: 0.5948
2026-03-17 01:51:15 | INFO | Episode 164/250 - Reward: -5.45, Length: 40, Loss: -0.4619
2026-03-17 01:51:16 | INFO | Episode 165/250 - Reward: -4.25, Length: 40, Loss: -0.4171
2026-03-17 01:51:17 | INFO | Episode 166/250 - Reward: -5.00, Length: 40, Loss: -0.4634
2026-03-17 01:51:17 | INFO | Episode 167/250 - Reward: -8.75, Length: 40, Loss: -0.6163
2026-03-17 01:51:18 | INFO | Episode 168/250 - Reward: -4.85, Length: 40, Loss: -0.4094
2026-03-17 01:51:18 | INFO | Episode 169/250 - Reward: 3.25, Length: 31, Loss: 0.9074
2026-03-17 01:51:19 | INFO | Episode 170/250 - Reward: -4.55, Length: 40, Loss: -0.4133
2026-03-17 01:51:19 | INFO | Episode 171/250 - Reward: 8.25, Length: 21, Loss: 1.5446
2026-03-17 01:51:20 | INFO | Episode 172/250 - Reward: -4.10, Length: 40, Loss: -0.4438
2026-03-17 01:51:20 | INFO | Episode 173/250 - Reward: -3.65, Length: 40, Loss: -0.5054
2026-03-17 01:51:21 | INFO | Episode 174/250 - Reward: -4.25, Length: 40, Loss: -0.4896
2026-03-17 01:51:21 | INFO | Episode 175/250 - Reward: -4.70, Length: 40, Loss: -0.4228
2026-03-17 01:51:22 | INFO | Episode 176/250 - Reward: -4.10, Length: 40, Loss: -0.4457
2026-03-17 01:51:22 | INFO | Episode 177/250 - Reward: 0.90, Length: 36, Loss: 0.3659
2026-03-17 01:51:22 | INFO | Episode 178/250 - Reward: 7.65, Length: 27, Loss: 1.1913
2026-03-17 01:51:22 | INFO | Episode 179/250 - Reward: -3.20, Length: 40, Loss: -0.4096
2026-03-17 01:51:23 | INFO | Episode 180/250 - Reward: -4.25, Length: 40, Loss: -0.4279
2026-03-17 01:51:23 | INFO | Episode 181/250 - Reward: -3.65, Length: 40, Loss: -0.4319
2026-03-17 01:51:24 | INFO | Episode 182/250 - Reward: -4.55, Length: 40, Loss: -0.4678
2026-03-17 01:51:24 | INFO | Episode 183/250 - Reward: -3.80, Length: 40, Loss: -0.4341
2026-03-17 01:51:25 | INFO | Episode 184/250 - Reward: 8.95, Length: 13, Loss: 2.2875
2026-03-17 01:51:25 | INFO | Episode 185/250 - Reward: -3.80, Length: 40, Loss: -0.3923
2026-03-17 01:51:26 | INFO | Episode 186/250 - Reward: -5.45, Length: 40, Loss: -0.4194
2026-03-17 01:51:26 | INFO | Episode 187/250 - Reward: -5.45, Length: 40, Loss: -0.5330
2026-03-17 01:51:27 | INFO | Episode 188/250 - Reward: -3.80, Length: 40, Loss: -0.4847
2026-03-17 01:51:27 | INFO | Episode 189/250 - Reward: -4.70, Length: 40, Loss: -0.4266
2026-03-17 01:51:28 | INFO | Episode 190/250 - Reward: -4.85, Length: 40, Loss: -0.4579
2026-03-17 01:51:28 | INFO | Episode 191/250 - Reward: -4.85, Length: 40, Loss: -0.4673
2026-03-17 01:51:29 | INFO | Episode 192/250 - Reward: -4.85, Length: 40, Loss: -0.4833
2026-03-17 01:51:29 | INFO | Episode 193/250 - Reward: 6.00, Length: 18, Loss: 1.8901
2026-03-17 01:51:30 | INFO | Episode 194/250 - Reward: -6.05, Length: 40, Loss: -0.4376
2026-03-17 01:51:30 | INFO | Episode 195/250 - Reward: -4.25, Length: 40, Loss: -0.4047
2026-03-17 01:51:31 | INFO | Episode 196/250 - Reward: -11.75, Length: 40, Loss: -0.4502
2026-03-17 01:51:31 | INFO | Episode 197/250 - Reward: -4.25, Length: 40, Loss: -0.4420
2026-03-17 01:51:32 | INFO | Episode 198/250 - Reward: -4.40, Length: 40, Loss: -0.4472
2026-03-17 01:51:32 | INFO | Episode 199/250 - Reward: -5.15, Length: 40, Loss: -0.4654
2026-03-17 01:51:33 | INFO | Episode 200/250 - Reward: -7.70, Length: 40, Loss: -0.4652
2026-03-17 01:51:33 | INFO | Episode 200/250 - Avg Reward: -3.14, Avg Length: 37.66, Avg Loss: -0.1532
2026-03-17 01:51:33 | INFO | Episode 201/250 - Reward: -5.15, Length: 40, Loss: -0.4287
2026-03-17 01:51:34 | INFO | Episode 202/250 - Reward: -4.55, Length: 40, Loss: -0.4554
2026-03-17 01:51:34 | INFO | Episode 203/250 - Reward: 5.80, Length: 19, Loss: 1.6760
2026-03-17 01:51:35 | INFO | Episode 204/250 - Reward: -8.15, Length: 40, Loss: -0.5820
2026-03-17 01:51:35 | INFO | Episode 205/250 - Reward: -3.95, Length: 40, Loss: -0.4511
2026-03-17 01:51:36 | INFO | Episode 206/250 - Reward: -5.90, Length: 40, Loss: -0.4040
2026-03-17 01:51:36 | INFO | Episode 207/250 - Reward: -4.85, Length: 40, Loss: -0.4139
2026-03-17 01:51:37 | INFO | Episode 208/250 - Reward: -3.20, Length: 40, Loss: -0.5208
2026-03-17 01:51:37 | INFO | Episode 209/250 - Reward: -3.50, Length: 40, Loss: -0.4001
2026-03-17 01:51:38 | INFO | Episode 210/250 - Reward: -4.85, Length: 40, Loss: -0.4932
2026-03-17 01:51:38 | INFO | Episode 211/250 - Reward: -3.65, Length: 40, Loss: -0.3987
2026-03-17 01:51:39 | INFO | Episode 212/250 - Reward: 7.75, Length: 25, Loss: 1.4256
2026-03-17 01:51:39 | INFO | Episode 213/250 - Reward: -4.10, Length: 40, Loss: -0.4644
2026-03-17 01:51:40 | INFO | Episode 214/250 - Reward: -4.55, Length: 40, Loss: -0.4546
2026-03-17 01:51:40 | INFO | Episode 215/250 - Reward: -4.85, Length: 40, Loss: -0.4623
2026-03-17 01:51:41 | INFO | Episode 216/250 - Reward: -3.35, Length: 40, Loss: -0.5079
2026-03-17 01:51:41 | INFO | Episode 217/250 - Reward: -4.10, Length: 40, Loss: -0.4284
2026-03-17 01:51:42 | INFO | Episode 218/250 - Reward: -3.50, Length: 40, Loss: -0.3541
2026-03-17 01:51:42 | INFO | Episode 219/250 - Reward: -4.40, Length: 40, Loss: -0.4520
2026-03-17 01:51:43 | INFO | Episode 220/250 - Reward: -5.15, Length: 40, Loss: -0.4399
2026-03-17 01:51:43 | INFO | Episode 221/250 - Reward: 6.20, Length: 23, Loss: 1.4898
2026-03-17 01:51:44 | INFO | Episode 222/250 - Reward: 8.35, Length: 16, Loss: 1.9829
2026-03-17 01:51:44 | INFO | Episode 223/250 - Reward: -5.15, Length: 40, Loss: -0.4424
2026-03-17 01:51:45 | INFO | Episode 224/250 - Reward: -3.95, Length: 40, Loss: -0.4694
2026-03-17 01:51:45 | INFO | Episode 225/250 - Reward: 5.50, Length: 28, Loss: 1.1828
2026-03-17 01:51:46 | INFO | Episode 226/250 - Reward: -6.35, Length: 40, Loss: -0.3936
2026-03-17 01:51:46 | INFO | Episode 227/250 - Reward: -5.30, Length: 40, Loss: -0.4825
2026-03-17 01:51:47 | INFO | Episode 228/250 - Reward: -3.20, Length: 40, Loss: -0.4023
2026-03-17 01:51:47 | INFO | Episode 229/250 - Reward: -4.55, Length: 40, Loss: -0.4171
2026-03-17 01:51:48 | INFO | Episode 230/250 - Reward: -3.80, Length: 40, Loss: -0.3969
2026-03-17 01:51:48 | INFO | Episode 231/250 - Reward: -5.60, Length: 40, Loss: -0.4349
2026-03-17 01:51:49 | INFO | Episode 232/250 - Reward: -4.10, Length: 40, Loss: -0.4517
2026-03-17 01:51:50 | INFO | Episode 233/250 - Reward: -3.65, Length: 40, Loss: -0.4956
2026-03-17 01:51:50 | INFO | Episode 234/250 - Reward: -4.10, Length: 40, Loss: -0.4975
2026-03-17 01:51:50 | INFO | Episode 235/250 - Reward: -5.00, Length: 40, Loss: -0.4601
2026-03-17 01:51:51 | INFO | Episode 236/250 - Reward: -3.95, Length: 40, Loss: -0.3989
2026-03-17 01:51:51 | INFO | Episode 237/250 - Reward: -9.35, Length: 40, Loss: -0.5046
2026-03-17 01:51:52 | INFO | Episode 238/250 - Reward: -5.00, Length: 40, Loss: -0.4672
2026-03-17 01:51:52 | INFO | Episode 239/250 - Reward: 6.00, Length: 24, Loss: 1.3891
2026-03-17 01:51:53 | INFO | Episode 240/250 - Reward: -3.95, Length: 40, Loss: -0.4970
2026-03-17 01:51:53 | INFO | Episode 241/250 - Reward: -3.05, Length: 40, Loss: -0.4158
2026-03-17 01:51:53 | INFO | Episode 242/250 - Reward: -3.35, Length: 40, Loss: -0.4697
2026-03-17 01:51:54 | INFO | Episode 243/250 - Reward: -5.45, Length: 40, Loss: -0.4514
2026-03-17 01:51:54 | INFO | Episode 244/250 - Reward: 8.25, Length: 18, Loss: 1.7909
2026-03-17 01:51:55 | INFO | Episode 245/250 - Reward: -3.05, Length: 40, Loss: -0.4465
2026-03-17 01:51:55 | INFO | Episode 246/250 - Reward: -6.05, Length: 40, Loss: -0.4312
2026-03-17 01:51:56 | INFO | Episode 247/250 - Reward: -4.85, Length: 40, Loss: -0.4534
2026-03-17 01:51:56 | INFO | Episode 248/250 - Reward: -5.30, Length: 40, Loss: -0.4687
2026-03-17 01:51:56 | INFO | Episode 249/250 - Reward: -3.50, Length: 40, Loss: -0.3915
2026-03-17 01:51:57 | INFO | Episode 250/250 - Reward: -4.55, Length: 40, Loss: -0.4201
2026-03-17 01:51:57 | INFO | Episode 250/250 - Avg Reward: -3.00, Avg Length: 37.46, Avg Loss: -0.1667
