2026-03-17 01:46:53 | INFO | ============================================================
2026-03-17 01:46:53 | INFO | DEVICE / COMPUTE INFORMATION
2026-03-17 01:46:53 | INFO |   JAX backend       : GPU
2026-03-17 01:46:53 | INFO |   Platform          : gpu
2026-03-17 01:46:53 | INFO |   Num devices       : 1
2026-03-17 01:46:53 | INFO |   Device            : cuda:0
2026-03-17 01:46:53 | INFO |   GPU name          : NVIDIA GeForce RTX 5060 Laptop GPU
2026-03-17 01:46:53 | INFO | ============================================================
2026-03-17 01:46:53 | INFO | ✓ JAX GPU backend confirmed.
2026-03-17 01:46:54 | INFO | REINFORCE seed=6_gamma=0.99_lr=0.01
2026-03-17 01:46:57 | INFO | Episode 1/250 - Reward: -3.80, Length: 40, Loss: -0.4659
2026-03-17 01:46:58 | INFO | Episode 2/250 - Reward: -4.85, Length: 40, Loss: -0.4115
2026-03-17 01:46:58 | INFO | Episode 3/250 - Reward: -3.35, Length: 40, Loss: -0.4203
2026-03-17 01:46:59 | INFO | Episode 4/250 - Reward: -3.80, Length: 40, Loss: -0.4460
2026-03-17 01:46:59 | INFO | Episode 5/250 - Reward: -4.85, Length: 40, Loss: -0.4584
2026-03-17 01:47:00 | INFO | Episode 6/250 - Reward: -7.10, Length: 40, Loss: -0.5318
2026-03-17 01:47:00 | INFO | Episode 7/250 - Reward: -3.65, Length: 40, Loss: -0.4508
2026-03-17 01:47:01 | INFO | Episode 8/250 - Reward: -4.70, Length: 40, Loss: -0.5152
2026-03-17 01:47:01 | INFO | Episode 9/250 - Reward: -5.00, Length: 40, Loss: -0.4214
2026-03-17 01:47:02 | INFO | Episode 10/250 - Reward: -4.40, Length: 40, Loss: -0.4238
2026-03-17 01:47:02 | INFO | Episode 11/250 - Reward: -4.25, Length: 40, Loss: -0.4509
2026-03-17 01:47:03 | INFO | Episode 12/250 - Reward: -4.70, Length: 40, Loss: -0.4575
2026-03-17 01:47:03 | INFO | Episode 13/250 - Reward: -4.10, Length: 40, Loss: -0.4655
2026-03-17 01:47:04 | INFO | Episode 14/250 - Reward: -4.85, Length: 40, Loss: -0.4545
2026-03-17 01:47:04 | INFO | Episode 15/250 - Reward: -4.85, Length: 40, Loss: -0.4069
2026-03-17 01:47:05 | INFO | Episode 16/250 - Reward: -4.85, Length: 40, Loss: -0.4669
2026-03-17 01:47:05 | INFO | Episode 17/250 - Reward: -5.15, Length: 40, Loss: -0.4669
2026-03-17 01:47:06 | INFO | Episode 18/250 - Reward: -10.40, Length: 40, Loss: -0.5303
2026-03-17 01:47:06 | INFO | Episode 19/250 - Reward: -3.80, Length: 40, Loss: -0.4202
2026-03-17 01:47:07 | INFO | Episode 20/250 - Reward: 5.10, Length: 36, Loss: 0.8072
2026-03-17 01:47:08 | INFO | Episode 21/250 - Reward: 5.15, Length: 14, Loss: 2.0230
2026-03-17 01:47:08 | INFO | Episode 22/250 - Reward: -5.30, Length: 40, Loss: -0.5153
2026-03-17 01:47:09 | INFO | Episode 23/250 - Reward: -3.95, Length: 40, Loss: -0.4079
2026-03-17 01:47:09 | INFO | Episode 24/250 - Reward: -4.40, Length: 40, Loss: -0.3762
2026-03-17 01:47:10 | INFO | Episode 25/250 - Reward: 5.30, Length: 35, Loss: 0.8042
2026-03-17 01:47:10 | INFO | Episode 26/250 - Reward: 6.45, Length: 33, Loss: 0.9425
2026-03-17 01:47:11 | INFO | Episode 27/250 - Reward: -5.45, Length: 40, Loss: -0.4729
2026-03-17 01:47:11 | INFO | Episode 28/250 - Reward: -4.25, Length: 40, Loss: -0.4721
2026-03-17 01:47:12 | INFO | Episode 29/250 - Reward: -5.45, Length: 40, Loss: -0.4079
2026-03-17 01:47:11 | INFO | Episode 30/250 - Reward: -3.95, Length: 40, Loss: -0.4521
2026-03-17 01:47:12 | INFO | Episode 31/250 - Reward: -6.20, Length: 40, Loss: -0.4391
2026-03-17 01:47:12 | INFO | Episode 32/250 - Reward: -4.55, Length: 40, Loss: -0.4328
2026-03-17 01:47:13 | INFO | Episode 33/250 - Reward: -4.55, Length: 40, Loss: -0.4653
2026-03-17 01:47:13 | INFO | Episode 34/250 - Reward: -10.25, Length: 40, Loss: -0.5013
2026-03-17 01:47:14 | INFO | Episode 35/250 - Reward: -4.85, Length: 40, Loss: -0.4518
2026-03-17 01:47:15 | INFO | Episode 36/250 - Reward: -4.10, Length: 40, Loss: -0.4235
2026-03-17 01:47:15 | INFO | Episode 37/250 - Reward: -4.10, Length: 40, Loss: -0.4457
2026-03-17 01:47:16 | INFO | Episode 38/250 - Reward: -4.55, Length: 40, Loss: -0.4392
2026-03-17 01:47:17 | INFO | Episode 39/250 - Reward: -4.40, Length: 40, Loss: -0.4366
2026-03-17 01:47:17 | INFO | Episode 40/250 - Reward: -3.95, Length: 40, Loss: -0.4424
2026-03-17 01:47:18 | INFO | Episode 41/250 - Reward: -5.15, Length: 40, Loss: -0.4172
2026-03-17 01:47:19 | INFO | Episode 42/250 - Reward: -4.55, Length: 40, Loss: -0.4305
2026-03-17 01:47:19 | INFO | Episode 43/250 - Reward: -5.30, Length: 40, Loss: -0.4218
2026-03-17 01:47:20 | INFO | Episode 44/250 - Reward: -4.70, Length: 40, Loss: -0.5370
2026-03-17 01:47:21 | INFO | Episode 45/250 - Reward: -4.85, Length: 40, Loss: -0.4747
2026-03-17 01:47:21 | INFO | Episode 46/250 - Reward: -4.70, Length: 40, Loss: -0.4369
2026-03-17 01:47:22 | INFO | Episode 47/250 - Reward: -11.00, Length: 40, Loss: -0.6340
2026-03-17 01:47:23 | INFO | Episode 48/250 - Reward: -3.95, Length: 40, Loss: -0.4875
2026-03-17 01:47:23 | INFO | Episode 49/250 - Reward: -4.10, Length: 40, Loss: -0.4270
2026-03-17 01:47:24 | INFO | Episode 50/250 - Reward: -4.40, Length: 40, Loss: -0.4340
2026-03-17 01:47:24 | INFO | Episode 50/250 - Avg Reward: -4.15, Avg Length: 39.16, Avg Loss: -0.3274
2026-03-17 01:47:25 | INFO | Episode 51/250 - Reward: -3.95, Length: 40, Loss: -0.4332
2026-03-17 01:47:25 | INFO | Episode 52/250 - Reward: -9.65, Length: 40, Loss: -0.5549
2026-03-17 01:47:26 | INFO | Episode 53/250 - Reward: -3.80, Length: 40, Loss: -0.4859
2026-03-17 01:47:27 | INFO | Episode 54/250 - Reward: -3.65, Length: 40, Loss: -0.4205
2026-03-17 01:47:27 | INFO | Episode 55/250 - Reward: -0.85, Length: 35, Loss: 0.2415
2026-03-17 01:47:28 | INFO | Episode 56/250 - Reward: -7.10, Length: 40, Loss: -0.5484
2026-03-17 01:47:29 | INFO | Episode 57/250 - Reward: -6.05, Length: 40, Loss: -0.4525
2026-03-17 01:47:29 | INFO | Episode 58/250 - Reward: -4.55, Length: 40, Loss: -0.4341
2026-03-17 01:47:30 | INFO | Episode 59/250 - Reward: -4.25, Length: 40, Loss: -0.4595
2026-03-17 01:47:31 | INFO | Episode 60/250 - Reward: -5.00, Length: 40, Loss: -0.4533
2026-03-17 01:47:32 | INFO | Episode 61/250 - Reward: -4.25, Length: 40, Loss: -0.4545
2026-03-17 01:47:32 | INFO | Episode 62/250 - Reward: -4.85, Length: 40, Loss: -0.3863
2026-03-17 01:47:33 | INFO | Episode 63/250 - Reward: -4.10, Length: 40, Loss: -0.4302
2026-03-17 01:47:34 | INFO | Episode 64/250 - Reward: -4.55, Length: 40, Loss: -0.4317
2026-03-17 01:47:34 | INFO | Episode 65/250 - Reward: -4.55, Length: 40, Loss: -0.4165
2026-03-17 01:47:35 | INFO | Episode 66/250 - Reward: 6.05, Length: 32, Loss: 0.9401
2026-03-17 01:47:36 | INFO | Episode 67/250 - Reward: -3.35, Length: 40, Loss: -0.4242
2026-03-17 01:47:36 | INFO | Episode 68/250 - Reward: -5.30, Length: 40, Loss: -0.4414
2026-03-17 01:47:37 | INFO | Episode 69/250 - Reward: -4.40, Length: 40, Loss: -0.5157
2026-03-17 01:47:38 | INFO | Episode 70/250 - Reward: -3.95, Length: 40, Loss: -0.4264
2026-03-17 01:47:38 | INFO | Episode 71/250 - Reward: -3.95, Length: 40, Loss: -0.4521
2026-03-17 01:47:39 | INFO | Episode 72/250 - Reward: -4.10, Length: 40, Loss: -0.4320
2026-03-17 01:47:40 | INFO | Episode 73/250 - Reward: -4.55, Length: 40, Loss: -0.4663
2026-03-17 01:47:40 | INFO | Episode 74/250 - Reward: -7.85, Length: 40, Loss: -0.4751
2026-03-17 01:47:41 | INFO | Episode 75/250 - Reward: -4.10, Length: 40, Loss: -0.4758
2026-03-17 01:47:42 | INFO | Episode 76/250 - Reward: -3.65, Length: 40, Loss: -0.4349
2026-03-17 01:47:42 | INFO | Episode 77/250 - Reward: -4.85, Length: 40, Loss: -0.4343
2026-03-17 01:47:42 | INFO | Episode 78/250 - Reward: -3.95, Length: 40, Loss: -0.4257
2026-03-17 01:47:43 | INFO | Episode 79/250 - Reward: -3.50, Length: 40, Loss: -0.4162
2026-03-17 01:47:44 | INFO | Episode 80/250 - Reward: -9.95, Length: 40, Loss: -0.6003
2026-03-17 01:47:44 | INFO | Episode 81/250 - Reward: -5.45, Length: 40, Loss: -0.4760
2026-03-17 01:47:45 | INFO | Episode 82/250 - Reward: -4.40, Length: 40, Loss: -0.4960
2026-03-17 01:47:46 | INFO | Episode 83/250 - Reward: -4.70, Length: 40, Loss: -0.3923
2026-03-17 01:47:46 | INFO | Episode 84/250 - Reward: -5.15, Length: 40, Loss: -0.4108
2026-03-17 01:47:47 | INFO | Episode 85/250 - Reward: -4.70, Length: 40, Loss: -0.4412
2026-03-17 01:47:48 | INFO | Episode 86/250 - Reward: -5.60, Length: 40, Loss: -0.4447
2026-03-17 01:47:48 | INFO | Episode 87/250 - Reward: -4.55, Length: 40, Loss: -0.4104
2026-03-17 01:47:49 | INFO | Episode 88/250 - Reward: -4.85, Length: 40, Loss: -0.4474
2026-03-17 01:47:50 | INFO | Episode 89/250 - Reward: -5.60, Length: 40, Loss: -0.4753
2026-03-17 01:47:50 | INFO | Episode 90/250 - Reward: -5.00, Length: 40, Loss: -0.4353
2026-03-17 01:47:51 | INFO | Episode 91/250 - Reward: -4.40, Length: 40, Loss: -0.4879
2026-03-17 01:47:52 | INFO | Episode 92/250 - Reward: 7.65, Length: 24, Loss: 1.3935
2026-03-17 01:47:52 | INFO | Episode 93/250 - Reward: -5.75, Length: 40, Loss: -0.5708
2026-03-17 01:47:53 | INFO | Episode 94/250 - Reward: -3.35, Length: 40, Loss: -0.4296
2026-03-17 01:47:54 | INFO | Episode 95/250 - Reward: -5.60, Length: 40, Loss: -0.4803
2026-03-17 01:47:54 | INFO | Episode 96/250 - Reward: -3.80, Length: 40, Loss: -0.3921
2026-03-17 01:47:55 | INFO | Episode 97/250 - Reward: -3.95, Length: 40, Loss: -0.5165
2026-03-17 01:47:56 | INFO | Episode 98/250 - Reward: -4.40, Length: 40, Loss: -0.4404
2026-03-17 01:47:56 | INFO | Episode 99/250 - Reward: -4.25, Length: 40, Loss: -0.4144
2026-03-17 01:47:57 | INFO | Episode 100/250 - Reward: -5.00, Length: 40, Loss: -0.4336
2026-03-17 01:47:57 | INFO | Episode 100/250 - Avg Reward: -4.31, Avg Length: 39.42, Avg Loss: -0.3760
2026-03-17 01:47:58 | INFO | Episode 101/250 - Reward: -4.10, Length: 40, Loss: -0.4408
2026-03-17 01:47:58 | INFO | Episode 102/250 - Reward: -5.60, Length: 40, Loss: -0.4851
2026-03-17 01:47:59 | INFO | Episode 103/250 - Reward: -4.10, Length: 40, Loss: -0.4325
2026-03-17 01:48:00 | INFO | Episode 104/250 - Reward: -4.25, Length: 40, Loss: -0.4442
2026-03-17 01:48:00 | INFO | Episode 105/250 - Reward: -5.00, Length: 40, Loss: -0.3245
2026-03-17 01:48:01 | INFO | Episode 106/250 - Reward: -9.65, Length: 40, Loss: -0.4115
2026-03-17 01:48:02 | INFO | Episode 107/250 - Reward: 5.80, Length: 25, Loss: 1.2442
2026-03-17 01:48:02 | INFO | Episode 108/250 - Reward: -6.50, Length: 40, Loss: -0.5108
2026-03-17 01:48:03 | INFO | Episode 109/250 - Reward: -5.45, Length: 40, Loss: -0.4653
2026-03-17 01:48:04 | INFO | Episode 110/250 - Reward: -17.00, Length: 40, Loss: -0.5555
2026-03-17 01:48:04 | INFO | Episode 111/250 - Reward: -4.25, Length: 40, Loss: -0.4881
2026-03-17 01:48:05 | INFO | Episode 112/250 - Reward: -5.45, Length: 40, Loss: -0.4872
2026-03-17 01:48:06 | INFO | Episode 113/250 - Reward: -6.35, Length: 40, Loss: -0.5836
2026-03-17 01:48:06 | INFO | Episode 114/250 - Reward: -3.95, Length: 40, Loss: -0.4708
2026-03-17 01:48:07 | INFO | Episode 115/250 - Reward: -9.80, Length: 40, Loss: -0.4615
2026-03-17 01:48:08 | INFO | Episode 116/250 - Reward: -5.00, Length: 40, Loss: -0.4106
2026-03-17 01:48:08 | INFO | Episode 117/250 - Reward: -3.95, Length: 40, Loss: -0.4188
2026-03-17 01:48:09 | INFO | Episode 118/250 - Reward: 0.35, Length: 26, Loss: 0.6748
2026-03-17 01:48:10 | INFO | Episode 119/250 - Reward: 4.00, Length: 40, Loss: 0.5022
2026-03-17 01:48:11 | INFO | Episode 120/250 - Reward: -5.45, Length: 40, Loss: -0.3984
2026-03-17 01:48:11 | INFO | Episode 121/250 - Reward: -4.70, Length: 40, Loss: -0.4695
2026-03-17 01:48:12 | INFO | Episode 122/250 - Reward: -3.80, Length: 40, Loss: -0.4497
2026-03-17 01:48:13 | INFO | Episode 123/250 - Reward: -4.55, Length: 40, Loss: -0.4474
2026-03-17 01:48:13 | INFO | Episode 124/250 - Reward: 3.65, Length: 32, Loss: 0.7252
2026-03-17 01:48:14 | INFO | Episode 125/250 - Reward: -5.75, Length: 40, Loss: -0.5575
2026-03-17 01:48:14 | INFO | Episode 126/250 - Reward: -5.00, Length: 40, Loss: -0.4459
2026-03-17 01:48:14 | INFO | Episode 127/250 - Reward: -5.30, Length: 40, Loss: -0.3947
2026-03-17 01:48:15 | INFO | Episode 128/250 - Reward: 6.70, Length: 19, Loss: 1.5787
2026-03-17 01:48:16 | INFO | Episode 129/250 - Reward: -4.85, Length: 40, Loss: -0.4107
2026-03-17 01:48:16 | INFO | Episode 130/250 - Reward: -5.45, Length: 40, Loss: -0.4525
2026-03-17 01:48:17 | INFO | Episode 131/250 - Reward: -4.10, Length: 40, Loss: -0.4768
2026-03-17 01:48:18 | INFO | Episode 132/250 - Reward: 3.65, Length: 32, Loss: 0.7735
2026-03-17 01:48:18 | INFO | Episode 133/250 - Reward: -9.50, Length: 40, Loss: -0.4710
2026-03-17 01:48:19 | INFO | Episode 134/250 - Reward: -5.15, Length: 40, Loss: -0.4308
2026-03-17 01:48:20 | INFO | Episode 135/250 - Reward: -5.30, Length: 40, Loss: -0.4536
2026-03-17 01:48:20 | INFO | Episode 136/250 - Reward: 5.00, Length: 26, Loss: 1.1561
2026-03-17 01:48:21 | INFO | Episode 137/250 - Reward: -4.25, Length: 40, Loss: -0.4921
2026-03-17 01:48:22 | INFO | Episode 138/250 - Reward: -5.00, Length: 40, Loss: -0.4103
2026-03-17 01:48:22 | INFO | Episode 139/250 - Reward: -4.10, Length: 40, Loss: -0.4941
2026-03-17 01:48:23 | INFO | Episode 140/250 - Reward: 3.35, Length: 26, Loss: 1.0027
2026-03-17 01:48:24 | INFO | Episode 141/250 - Reward: -5.30, Length: 40, Loss: -0.4936
2026-03-17 01:48:24 | INFO | Episode 142/250 - Reward: -5.30, Length: 40, Loss: -0.4114
2026-03-17 01:48:25 | INFO | Episode 143/250 - Reward: -6.35, Length: 40, Loss: -0.4668
2026-03-17 01:48:26 | INFO | Episode 144/250 - Reward: 0.50, Length: 38, Loss: 0.3173
2026-03-17 01:48:26 | INFO | Episode 145/250 - Reward: 0.05, Length: 26, Loss: 0.5627
2026-03-17 01:48:27 | INFO | Episode 146/250 - Reward: -3.95, Length: 40, Loss: -0.3969
2026-03-17 01:48:28 | INFO | Episode 147/250 - Reward: -4.25, Length: 40, Loss: -0.4193
2026-03-17 01:48:28 | INFO | Episode 148/250 - Reward: -5.30, Length: 40, Loss: -0.3007
2026-03-17 01:48:29 | INFO | Episode 149/250 - Reward: -5.45, Length: 40, Loss: -0.3435
2026-03-17 01:48:30 | INFO | Episode 150/250 - Reward: -5.90, Length: 40, Loss: -0.5671
2026-03-17 01:48:30 | INFO | Episode 150/250 - Avg Reward: -3.83, Avg Length: 37.80, Avg Loss: -0.1902
2026-03-17 01:48:30 | INFO | Episode 151/250 - Reward: -6.20, Length: 40, Loss: -0.6391
2026-03-17 01:48:31 | INFO | Episode 152/250 - Reward: -5.45, Length: 40, Loss: -0.2980
2026-03-17 01:48:32 | INFO | Episode 153/250 - Reward: -5.60, Length: 40, Loss: -0.3856
2026-03-17 01:48:32 | INFO | Episode 154/250 - Reward: -4.70, Length: 40, Loss: -0.3831
2026-03-17 01:48:33 | INFO | Episode 155/250 - Reward: -3.35, Length: 40, Loss: -0.4015
2026-03-17 01:48:34 | INFO | Episode 156/250 - Reward: -7.40, Length: 40, Loss: -0.2743
2026-03-17 01:48:34 | INFO | Episode 157/250 - Reward: 5.30, Length: 29, Loss: 1.0525
2026-03-17 01:48:35 | INFO | Episode 158/250 - Reward: -3.50, Length: 40, Loss: -0.4848
2026-03-17 01:48:36 | INFO | Episode 159/250 - Reward: -5.30, Length: 40, Loss: -0.3479
2026-03-17 01:48:36 | INFO | Episode 160/250 - Reward: -7.55, Length: 40, Loss: -0.3846
2026-03-17 01:48:37 | INFO | Episode 161/250 - Reward: -5.75, Length: 40, Loss: -0.4635
2026-03-17 01:48:38 | INFO | Episode 162/250 - Reward: 4.70, Length: 38, Loss: 0.5962
2026-03-17 01:48:39 | INFO | Episode 163/250 - Reward: 4.40, Length: 38, Loss: 0.5858
2026-03-17 01:48:39 | INFO | Episode 164/250 - Reward: -4.40, Length: 40, Loss: -0.4499
2026-03-17 01:48:40 | INFO | Episode 165/250 - Reward: -4.25, Length: 40, Loss: -0.4048
2026-03-17 01:48:41 | INFO | Episode 166/250 - Reward: -5.00, Length: 40, Loss: -0.4571
2026-03-17 01:48:41 | INFO | Episode 167/250 - Reward: -8.15, Length: 40, Loss: -0.6567
2026-03-17 01:48:42 | INFO | Episode 168/250 - Reward: -5.15, Length: 40, Loss: -0.4870
2026-03-17 01:48:43 | INFO | Episode 169/250 - Reward: 7.35, Length: 27, Loss: 1.2037
2026-03-17 01:48:43 | INFO | Episode 170/250 - Reward: -4.55, Length: 40, Loss: -0.3815
2026-03-17 01:48:44 | INFO | Episode 171/250 - Reward: 8.25, Length: 21, Loss: 1.5174
2026-03-17 01:48:45 | INFO | Episode 172/250 - Reward: -4.10, Length: 40, Loss: -0.4409
2026-03-17 01:48:45 | INFO | Episode 173/250 - Reward: -3.95, Length: 40, Loss: -0.5153
2026-03-17 01:48:46 | INFO | Episode 174/250 - Reward: -4.70, Length: 40, Loss: -0.4700
2026-03-17 01:48:45 | INFO | Episode 175/250 - Reward: -5.00, Length: 40, Loss: -0.4554
2026-03-17 01:48:46 | INFO | Episode 176/250 - Reward: -3.95, Length: 40, Loss: -0.4316
2026-03-17 01:48:46 | INFO | Episode 177/250 - Reward: 6.65, Length: 32, Loss: 0.9336
2026-03-17 01:48:47 | INFO | Episode 178/250 - Reward: 7.05, Length: 27, Loss: 1.1438
2026-03-17 01:48:47 | INFO | Episode 179/250 - Reward: -3.50, Length: 40, Loss: -0.4219
2026-03-17 01:48:48 | INFO | Episode 180/250 - Reward: -3.65, Length: 40, Loss: -0.3935
2026-03-17 01:48:48 | INFO | Episode 181/250 - Reward: -3.05, Length: 40, Loss: -0.3363
2026-03-17 01:48:49 | INFO | Episode 182/250 - Reward: -3.95, Length: 40, Loss: -0.4906
2026-03-17 01:48:49 | INFO | Episode 183/250 - Reward: 3.95, Length: 23, Loss: 1.2299
2026-03-17 01:48:50 | INFO | Episode 184/250 - Reward: 8.95, Length: 13, Loss: 2.2017
2026-03-17 01:48:50 | INFO | Episode 185/250 - Reward: -4.10, Length: 40, Loss: -0.3503
2026-03-17 01:48:51 | INFO | Episode 186/250 - Reward: -5.75, Length: 40, Loss: -0.4044
2026-03-17 01:48:51 | INFO | Episode 187/250 - Reward: -8.15, Length: 40, Loss: -0.4418
2026-03-17 01:48:52 | INFO | Episode 188/250 - Reward: -5.30, Length: 40, Loss: -0.5768
2026-03-17 01:48:52 | INFO | Episode 189/250 - Reward: -4.70, Length: 40, Loss: -0.3961
2026-03-17 01:48:53 | INFO | Episode 190/250 - Reward: -4.70, Length: 40, Loss: -0.5765
2026-03-17 01:48:53 | INFO | Episode 191/250 - Reward: -4.40, Length: 40, Loss: -0.5338
2026-03-17 01:48:54 | INFO | Episode 192/250 - Reward: -4.85, Length: 40, Loss: -0.5020
2026-03-17 01:48:54 | INFO | Episode 193/250 - Reward: 8.75, Length: 17, Loss: 1.9219
2026-03-17 01:48:55 | INFO | Episode 194/250 - Reward: 5.10, Length: 27, Loss: 1.0972
2026-03-17 01:48:55 | INFO | Episode 195/250 - Reward: -5.15, Length: 40, Loss: -0.4821
2026-03-17 01:48:56 | INFO | Episode 196/250 - Reward: -1.65, Length: 33, Loss: 0.4330
2026-03-17 01:48:56 | INFO | Episode 197/250 - Reward: -4.70, Length: 40, Loss: -0.4894
2026-03-17 01:48:57 | INFO | Episode 198/250 - Reward: -4.10, Length: 40, Loss: -0.4622
2026-03-17 01:48:57 | INFO | Episode 199/250 - Reward: 2.85, Length: 39, Loss: 0.4755
2026-03-17 01:48:58 | INFO | Episode 200/250 - Reward: -7.70, Length: 40, Loss: -0.4972
2026-03-17 01:48:58 | INFO | Episode 200/250 - Avg Reward: -2.28, Avg Length: 36.88, Avg Loss: -0.0435
2026-03-17 01:48:58 | INFO | Episode 201/250 - Reward: 2.45, Length: 38, Loss: 0.4656
2026-03-17 01:48:59 | INFO | Episode 202/250 - Reward: -4.85, Length: 40, Loss: -0.4124
2026-03-17 01:49:00 | INFO | Episode 203/250 - Reward: 5.80, Length: 19, Loss: 1.6050
2026-03-17 01:49:00 | INFO | Episode 204/250 - Reward: 6.25, Length: 37, Loss: 0.7280
2026-03-17 01:49:01 | INFO | Episode 205/250 - Reward: -3.95, Length: 40, Loss: -0.4575
2026-03-17 01:49:01 | INFO | Episode 206/250 - Reward: -5.60, Length: 40, Loss: -0.3687
2026-03-17 01:49:02 | INFO | Episode 207/250 - Reward: -4.55, Length: 40, Loss: -0.3938
2026-03-17 01:49:02 | INFO | Episode 208/250 - Reward: -3.80, Length: 40, Loss: -0.5687
2026-03-17 01:49:03 | INFO | Episode 209/250 - Reward: -3.50, Length: 40, Loss: -0.4184
2026-03-17 01:49:03 | INFO | Episode 210/250 - Reward: -5.60, Length: 40, Loss: -0.4463
2026-03-17 01:49:04 | INFO | Episode 211/250 - Reward: -8.15, Length: 40, Loss: -0.3299
2026-03-17 01:49:04 | INFO | Episode 212/250 - Reward: -4.85, Length: 40, Loss: -0.4028
2026-03-17 01:49:05 | INFO | Episode 213/250 - Reward: -6.80, Length: 40, Loss: -0.3759
2026-03-17 01:49:05 | INFO | Episode 214/250 - Reward: -3.95, Length: 40, Loss: -0.3561
2026-03-17 01:49:06 | INFO | Episode 215/250 - Reward: -4.85, Length: 40, Loss: -0.3933
2026-03-17 01:49:06 | INFO | Episode 216/250 - Reward: -3.50, Length: 40, Loss: -0.4720
2026-03-17 01:49:07 | INFO | Episode 217/250 - Reward: -3.80, Length: 40, Loss: -0.3965
2026-03-17 01:49:07 | INFO | Episode 218/250 - Reward: 2.15, Length: 35, Loss: 0.5176
2026-03-17 01:49:08 | INFO | Episode 219/250 - Reward: 5.25, Length: 39, Loss: 0.5620
2026-03-17 01:49:08 | INFO | Episode 220/250 - Reward: -4.70, Length: 40, Loss: -0.4330
2026-03-17 01:49:09 | INFO | Episode 221/250 - Reward: -5.30, Length: 40, Loss: -0.3864
2026-03-17 01:49:10 | INFO | Episode 222/250 - Reward: 8.35, Length: 16, Loss: 1.9626
2026-03-17 01:49:10 | INFO | Episode 223/250 - Reward: -5.60, Length: 40, Loss: -0.3900
2026-03-17 01:49:11 | INFO | Episode 224/250 - Reward: -3.35, Length: 40, Loss: -0.4708
2026-03-17 01:49:11 | INFO | Episode 225/250 - Reward: 5.50, Length: 28, Loss: 1.1843
2026-03-17 01:49:12 | INFO | Episode 226/250 - Reward: -4.85, Length: 40, Loss: -0.3509
2026-03-17 01:49:12 | INFO | Episode 227/250 - Reward: -5.00, Length: 40, Loss: -0.4680
2026-03-17 01:49:13 | INFO | Episode 228/250 - Reward: -3.80, Length: 40, Loss: -0.3208
2026-03-17 01:49:13 | INFO | Episode 229/250 - Reward: -6.05, Length: 40, Loss: -0.4758
2026-03-17 01:49:14 | INFO | Episode 230/250 - Reward: -4.25, Length: 40, Loss: -0.4088
2026-03-17 01:49:14 | INFO | Episode 231/250 - Reward: -5.90, Length: 40, Loss: -0.3733
2026-03-17 01:49:15 | INFO | Episode 232/250 - Reward: -5.15, Length: 40, Loss: -0.4959
2026-03-17 01:49:15 | INFO | Episode 233/250 - Reward: -3.35, Length: 40, Loss: -0.5197
2026-03-17 01:49:16 | INFO | Episode 234/250 - Reward: -4.10, Length: 40, Loss: -0.5076
2026-03-17 01:49:16 | INFO | Episode 235/250 - Reward: -5.00, Length: 40, Loss: -0.4805
2026-03-17 01:49:17 | INFO | Episode 236/250 - Reward: -3.95, Length: 40, Loss: -0.4175
2026-03-17 01:49:16 | INFO | Episode 237/250 - Reward: -5.75, Length: 40, Loss: -0.3676
2026-03-17 01:49:17 | INFO | Episode 238/250 - Reward: -4.85, Length: 40, Loss: -0.4554
2026-03-17 01:49:17 | INFO | Episode 239/250 - Reward: 5.90, Length: 23, Loss: 1.2929
2026-03-17 01:49:18 | INFO | Episode 240/250 - Reward: -3.95, Length: 40, Loss: -0.5045
2026-03-17 01:49:18 | INFO | Episode 241/250 - Reward: -3.05, Length: 40, Loss: -0.4788
2026-03-17 01:49:19 | INFO | Episode 242/250 - Reward: -3.65, Length: 40, Loss: -0.5466
2026-03-17 01:49:19 | INFO | Episode 243/250 - Reward: -5.45, Length: 40, Loss: -0.4441
2026-03-17 01:49:20 | INFO | Episode 244/250 - Reward: -5.15, Length: 40, Loss: -0.4225
2026-03-17 01:49:20 | INFO | Episode 245/250 - Reward: -3.35, Length: 40, Loss: -0.4376
2026-03-17 01:49:21 | INFO | Episode 246/250 - Reward: -6.05, Length: 40, Loss: -0.4303
2026-03-17 01:49:21 | INFO | Episode 247/250 - Reward: 5.65, Length: 40, Loss: 0.5178
2026-03-17 01:49:22 | INFO | Episode 248/250 - Reward: -4.70, Length: 40, Loss: -0.4260
2026-03-17 01:49:22 | INFO | Episode 249/250 - Reward: -7.70, Length: 40, Loss: -0.5112
2026-03-17 01:49:23 | INFO | Episode 250/250 - Reward: -3.80, Length: 40, Loss: -0.3955
2026-03-17 01:49:23 | INFO | Episode 250/250 - Avg Reward: -2.96, Avg Length: 38.30, Avg Loss: -0.1775
