2026-03-17 01:44:15 | INFO | ============================================================
2026-03-17 01:44:15 | INFO | DEVICE / COMPUTE INFORMATION
2026-03-17 01:44:15 | INFO |   JAX backend       : GPU
2026-03-17 01:44:15 | INFO |   Platform          : gpu
2026-03-17 01:44:15 | INFO |   Num devices       : 1
2026-03-17 01:44:15 | INFO |   Device            : cuda:0
2026-03-17 01:44:15 | INFO |   GPU name          : NVIDIA GeForce RTX 5060 Laptop GPU
2026-03-17 01:44:15 | INFO | ============================================================
2026-03-17 01:44:15 | INFO | ✓ JAX GPU backend confirmed.
2026-03-17 01:44:16 | INFO | REINFORCE seed=6_gamma=0.99_lr=0.1
2026-03-17 01:44:20 | INFO | Episode 1/250 - Reward: -3.80, Length: 40, Loss: -0.4659
2026-03-17 01:44:20 | INFO | Episode 2/250 - Reward: -4.55, Length: 40, Loss: -0.4244
2026-03-17 01:44:21 | INFO | Episode 3/250 - Reward: -3.35, Length: 40, Loss: -0.4222
2026-03-17 01:44:21 | INFO | Episode 4/250 - Reward: -4.70, Length: 40, Loss: -0.4955
2026-03-17 01:44:22 | INFO | Episode 5/250 - Reward: -4.85, Length: 40, Loss: -0.4531
2026-03-17 01:44:22 | INFO | Episode 6/250 - Reward: -7.10, Length: 40, Loss: -0.5258
2026-03-17 01:44:23 | INFO | Episode 7/250 - Reward: -7.25, Length: 40, Loss: -0.5145
2026-03-17 01:44:23 | INFO | Episode 8/250 - Reward: -5.00, Length: 40, Loss: -0.4672
2026-03-17 01:44:24 | INFO | Episode 9/250 - Reward: -5.00, Length: 40, Loss: -0.4201
2026-03-17 01:44:24 | INFO | Episode 10/250 - Reward: -4.40, Length: 40, Loss: -0.4209
2026-03-17 01:44:25 | INFO | Episode 11/250 - Reward: -4.25, Length: 40, Loss: -0.4636
2026-03-17 01:44:25 | INFO | Episode 12/250 - Reward: -5.30, Length: 40, Loss: -0.4610
2026-03-17 01:44:26 | INFO | Episode 13/250 - Reward: -3.80, Length: 40, Loss: -0.4489
2026-03-17 01:44:26 | INFO | Episode 14/250 - Reward: -5.15, Length: 40, Loss: -0.4728
2026-03-17 01:44:27 | INFO | Episode 15/250 - Reward: -4.40, Length: 40, Loss: -0.3577
2026-03-17 01:44:27 | INFO | Episode 16/250 - Reward: -3.65, Length: 40, Loss: -0.4441
2026-03-17 01:44:28 | INFO | Episode 17/250 - Reward: -4.10, Length: 40, Loss: -0.4578
2026-03-17 01:44:28 | INFO | Episode 18/250 - Reward: -10.40, Length: 40, Loss: -0.5367
2026-03-17 01:44:29 | INFO | Episode 19/250 - Reward: -4.55, Length: 40, Loss: -0.4191
2026-03-17 01:44:30 | INFO | Episode 20/250 - Reward: 7.25, Length: 32, Loss: 1.0098
2026-03-17 01:44:30 | INFO | Episode 21/250 - Reward: 5.15, Length: 14, Loss: 1.9914
2026-03-17 01:44:31 | INFO | Episode 22/250 - Reward: -9.65, Length: 40, Loss: -0.5192
2026-03-17 01:44:31 | INFO | Episode 23/250 - Reward: -3.50, Length: 40, Loss: -0.3401
2026-03-17 01:44:32 | INFO | Episode 24/250 - Reward: -6.65, Length: 40, Loss: -0.3627
2026-03-17 01:44:32 | INFO | Episode 25/250 - Reward: -6.65, Length: 40, Loss: -0.5816
2026-03-17 01:44:33 | INFO | Episode 26/250 - Reward: 6.35, Length: 35, Loss: 0.8021
2026-03-17 01:44:33 | INFO | Episode 27/250 - Reward: 4.40, Length: 35, Loss: 0.7626
2026-03-17 01:44:34 | INFO | Episode 28/250 - Reward: -4.25, Length: 40, Loss: -0.5298
2026-03-17 01:44:34 | INFO | Episode 29/250 - Reward: -6.35, Length: 40, Loss: -0.3337
2026-03-17 01:44:35 | INFO | Episode 30/250 - Reward: 8.05, Length: 19, Loss: 1.6938
2026-03-17 01:44:34 | INFO | Episode 31/250 - Reward: 6.85, Length: 25, Loss: 1.2384
2026-03-17 01:44:35 | INFO | Episode 32/250 - Reward: -3.80, Length: 40, Loss: -0.5292
2026-03-17 01:44:36 | INFO | Episode 33/250 - Reward: -12.95, Length: 40, Loss: -0.5596
2026-03-17 01:44:36 | INFO | Episode 34/250 - Reward: -8.75, Length: 40, Loss: -0.4618
2026-03-17 01:44:37 | INFO | Episode 35/250 - Reward: 7.85, Length: 17, Loss: 1.7408
2026-03-17 01:44:37 | INFO | Episode 36/250 - Reward: 6.20, Length: 17, Loss: 1.6832
2026-03-17 01:44:38 | INFO | Episode 37/250 - Reward: -6.05, Length: 40, Loss: -0.3607
2026-03-17 01:44:38 | INFO | Episode 38/250 - Reward: 8.65, Length: 13, Loss: 1.9870
2026-03-17 01:44:39 | INFO | Episode 39/250 - Reward: 6.60, Length: 18, Loss: 1.5503
2026-03-17 01:44:39 | INFO | Episode 40/250 - Reward: 2.25, Length: 30, Loss: 0.6340
2026-03-17 01:44:40 | INFO | Episode 41/250 - Reward: -5.45, Length: 40, Loss: -0.3502
2026-03-17 01:44:40 | INFO | Episode 42/250 - Reward: -4.85, Length: 40, Loss: -0.3528
2026-03-17 01:44:41 | INFO | Episode 43/250 - Reward: 6.70, Length: 16, Loss: 1.7486
2026-03-17 01:44:41 | INFO | Episode 44/250 - Reward: 5.95, Length: 34, Loss: 0.7637
2026-03-17 01:44:42 | INFO | Episode 45/250 - Reward: 6.65, Length: 26, Loss: 1.1017
2026-03-17 01:44:42 | INFO | Episode 46/250 - Reward: -5.15, Length: 40, Loss: -0.4280
2026-03-17 01:44:43 | INFO | Episode 47/250 - Reward: 6.05, Length: 32, Loss: 0.8646
2026-03-17 01:44:44 | INFO | Episode 48/250 - Reward: 6.00, Length: 24, Loss: 1.2627
2026-03-17 01:44:44 | INFO | Episode 49/250 - Reward: -5.90, Length: 40, Loss: -0.3403
2026-03-17 01:44:45 | INFO | Episode 50/250 - Reward: -5.45, Length: 40, Loss: -0.4811
2026-03-17 01:44:45 | INFO | Episode 50/250 - Avg Reward: -1.80, Avg Length: 34.94, Avg Loss: 0.1126
2026-03-17 01:44:46 | INFO | Episode 51/250 - Reward: 8.35, Length: 16, Loss: 1.5708
2026-03-17 01:44:47 | INFO | Episode 52/250 - Reward: 5.20, Length: 28, Loss: 0.8897
2026-03-17 01:44:47 | INFO | Episode 53/250 - Reward: -5.00, Length: 40, Loss: -0.3600
2026-03-17 01:44:48 | INFO | Episode 54/250 - Reward: 8.85, Length: 12, Loss: 1.8739
2026-03-17 01:44:49 | INFO | Episode 55/250 - Reward: -5.45, Length: 40, Loss: -0.3847
2026-03-17 01:44:49 | INFO | Episode 56/250 - Reward: 3.70, Length: 40, Loss: 0.4456
2026-03-17 01:44:50 | INFO | Episode 57/250 - Reward: 8.05, Length: 19, Loss: 1.4944
2026-03-17 01:44:51 | INFO | Episode 58/250 - Reward: -6.05, Length: 40, Loss: -0.4775
2026-03-17 01:44:51 | INFO | Episode 59/250 - Reward: 7.25, Length: 23, Loss: 1.3447
2026-03-17 01:44:52 | INFO | Episode 60/250 - Reward: 7.75, Length: 19, Loss: 1.3413
2026-03-17 01:44:53 | INFO | Episode 61/250 - Reward: 8.45, Length: 14, Loss: 1.5778
2026-03-17 01:44:53 | INFO | Episode 62/250 - Reward: 8.95, Length: 13, Loss: 2.0333
2026-03-17 01:44:54 | INFO | Episode 63/250 - Reward: 8.05, Length: 16, Loss: 1.1193
2026-03-17 01:44:55 | INFO | Episode 64/250 - Reward: 8.05, Length: 16, Loss: 1.6882
2026-03-17 01:44:55 | INFO | Episode 65/250 - Reward: -4.70, Length: 40, Loss: -0.2497
2026-03-17 01:44:56 | INFO | Episode 66/250 - Reward: 7.95, Length: 21, Loss: 1.3881
2026-03-17 01:44:57 | INFO | Episode 67/250 - Reward: 7.05, Length: 30, Loss: 0.9857
2026-03-17 01:44:57 | INFO | Episode 68/250 - Reward: 7.55, Length: 23, Loss: 1.2485
2026-03-17 01:44:58 | INFO | Episode 69/250 - Reward: 7.25, Length: 26, Loss: 1.0715
2026-03-17 01:44:59 | INFO | Episode 70/250 - Reward: 4.25, Length: 17, Loss: 1.3774
2026-03-17 01:44:59 | INFO | Episode 71/250 - Reward: -5.15, Length: 40, Loss: -0.3910
2026-03-17 01:45:00 | INFO | Episode 72/250 - Reward: 9.65, Length: 8, Loss: 1.7447
2026-03-17 01:45:01 | INFO | Episode 73/250 - Reward: 6.30, Length: 18, Loss: 1.5182
2026-03-17 01:45:01 | INFO | Episode 74/250 - Reward: 8.45, Length: 20, Loss: 1.3050
2026-03-17 01:45:02 | INFO | Episode 75/250 - Reward: 9.05, Length: 11, Loss: 1.6130
2026-03-17 01:45:03 | INFO | Episode 76/250 - Reward: 8.75, Length: 14, Loss: 1.5951
2026-03-17 01:45:03 | INFO | Episode 77/250 - Reward: 5.35, Length: 31, Loss: 0.5728
2026-03-17 01:45:04 | INFO | Episode 78/250 - Reward: 8.75, Length: 14, Loss: 1.4176
2026-03-17 01:45:05 | INFO | Episode 79/250 - Reward: 9.25, Length: 10, Loss: 1.5915
2026-03-17 01:45:05 | INFO | Episode 80/250 - Reward: 8.45, Length: 14, Loss: 1.2007
2026-03-17 01:45:06 | INFO | Episode 81/250 - Reward: 8.45, Length: 14, Loss: 1.5664
2026-03-17 01:45:06 | INFO | Episode 82/250 - Reward: 8.15, Length: 17, Loss: 1.4952
2026-03-17 01:45:07 | INFO | Episode 83/250 - Reward: 5.35, Length: 13, Loss: 1.8187
2026-03-17 01:45:07 | INFO | Episode 84/250 - Reward: 8.85, Length: 12, Loss: 1.1796
2026-03-17 01:45:08 | INFO | Episode 85/250 - Reward: 7.15, Length: 28, Loss: 0.8564
2026-03-17 01:45:09 | INFO | Episode 86/250 - Reward: 6.25, Length: 28, Loss: 0.9701
2026-03-17 01:45:09 | INFO | Episode 87/250 - Reward: 7.55, Length: 20, Loss: 1.2188
2026-03-17 01:45:10 | INFO | Episode 88/250 - Reward: 7.55, Length: 23, Loss: 1.0159
2026-03-17 01:45:11 | INFO | Episode 89/250 - Reward: 7.65, Length: 21, Loss: 1.1954
2026-03-17 01:45:11 | INFO | Episode 90/250 - Reward: 6.75, Length: 27, Loss: 0.8395
2026-03-17 01:45:12 | INFO | Episode 91/250 - Reward: 7.75, Length: 19, Loss: 1.2726
2026-03-17 01:45:13 | INFO | Episode 92/250 - Reward: 6.95, Length: 23, Loss: 1.0627
2026-03-17 01:45:13 | INFO | Episode 93/250 - Reward: 9.45, Length: 9, Loss: 1.3626
2026-03-17 01:45:14 | INFO | Episode 94/250 - Reward: 7.55, Length: 20, Loss: 1.3211
2026-03-17 01:45:15 | INFO | Episode 95/250 - Reward: 8.95, Length: 13, Loss: 1.6165
2026-03-17 01:45:15 | INFO | Episode 96/250 - Reward: 8.75, Length: 14, Loss: 1.4215
2026-03-17 01:45:16 | INFO | Episode 97/250 - Reward: 8.75, Length: 14, Loss: 1.3290
2026-03-17 01:45:17 | INFO | Episode 98/250 - Reward: 9.25, Length: 10, Loss: 1.2088
2026-03-17 01:45:17 | INFO | Episode 99/250 - Reward: 5.60, Length: 20, Loss: 1.2153
2026-03-17 01:45:18 | INFO | Episode 100/250 - Reward: 7.40, Length: 11, Loss: 1.6369
2026-03-17 01:45:18 | INFO | Episode 100/250 - Avg Reward: 6.37, Avg Length: 20.58, Avg Loss: 1.1550
2026-03-17 01:45:19 | INFO | Episode 101/250 - Reward: 9.15, Length: 12, Loss: 1.6455
2026-03-17 01:45:20 | INFO | Episode 102/250 - Reward: 9.15, Length: 12, Loss: 1.4307
2026-03-17 01:45:20 | INFO | Episode 103/250 - Reward: 9.45, Length: 9, Loss: 1.0953
2026-03-17 01:45:21 | INFO | Episode 104/250 - Reward: 9.45, Length: 9, Loss: 1.4006
2026-03-17 01:45:21 | INFO | Episode 105/250 - Reward: 9.65, Length: 8, Loss: 0.7179
2026-03-17 01:45:22 | INFO | Episode 106/250 - Reward: 9.45, Length: 9, Loss: 0.8366
2026-03-17 01:45:23 | INFO | Episode 107/250 - Reward: 9.25, Length: 10, Loss: 1.0349
2026-03-17 01:45:23 | INFO | Episode 108/250 - Reward: -7.55, Length: 40, Loss: -0.3293
2026-03-17 01:45:24 | INFO | Episode 109/250 - Reward: 9.65, Length: 8, Loss: 0.5145
2026-03-17 01:45:25 | INFO | Episode 110/250 - Reward: 9.05, Length: 11, Loss: 0.9640
2026-03-17 01:45:25 | INFO | Episode 111/250 - Reward: 8.65, Length: 13, Loss: 1.2415
2026-03-17 01:45:26 | INFO | Episode 112/250 - Reward: 9.65, Length: 8, Loss: 0.5634
2026-03-17 01:45:27 | INFO | Episode 113/250 - Reward: 9.65, Length: 8, Loss: 0.4378
2026-03-17 01:45:27 | INFO | Episode 114/250 - Reward: 8.95, Length: 13, Loss: 1.2639
2026-03-17 01:45:28 | INFO | Episode 115/250 - Reward: 9.45, Length: 9, Loss: 0.5971
2026-03-17 01:45:29 | INFO | Episode 116/250 - Reward: 9.45, Length: 9, Loss: 1.0336
2026-03-17 01:45:29 | INFO | Episode 117/250 - Reward: 9.45, Length: 9, Loss: 0.5887
2026-03-17 01:45:30 | INFO | Episode 118/250 - Reward: 9.65, Length: 8, Loss: 0.3821
2026-03-17 01:45:31 | INFO | Episode 119/250 - Reward: 9.45, Length: 9, Loss: 1.3517
2026-03-17 01:45:32 | INFO | Episode 120/250 - Reward: 9.65, Length: 8, Loss: 0.3163
2026-03-17 01:45:32 | INFO | Episode 121/250 - Reward: 9.65, Length: 8, Loss: 0.2872
2026-03-17 01:45:33 | INFO | Episode 122/250 - Reward: 9.25, Length: 10, Loss: 0.7672
2026-03-17 01:45:34 | INFO | Episode 123/250 - Reward: 9.45, Length: 9, Loss: 0.7193
2026-03-17 01:45:34 | INFO | Episode 124/250 - Reward: 9.65, Length: 8, Loss: 0.2631
2026-03-17 01:45:35 | INFO | Episode 125/250 - Reward: 9.05, Length: 14, Loss: 1.2288
2026-03-17 01:45:36 | INFO | Episode 126/250 - Reward: 9.65, Length: 8, Loss: 0.2560
2026-03-17 01:45:36 | INFO | Episode 127/250 - Reward: 9.65, Length: 8, Loss: 0.2344
2026-03-17 01:45:37 | INFO | Episode 128/250 - Reward: 9.65, Length: 8, Loss: 0.2164
2026-03-17 01:45:37 | INFO | Episode 129/250 - Reward: 9.65, Length: 8, Loss: 0.2009
2026-03-17 01:45:37 | INFO | Episode 130/250 - Reward: 9.45, Length: 9, Loss: 0.5799
2026-03-17 01:45:38 | INFO | Episode 131/250 - Reward: 9.65, Length: 8, Loss: 0.2057
2026-03-17 01:45:39 | INFO | Episode 132/250 - Reward: 9.65, Length: 8, Loss: 0.1842
2026-03-17 01:45:39 | INFO | Episode 133/250 - Reward: 9.65, Length: 8, Loss: 0.1688
2026-03-17 01:45:40 | INFO | Episode 134/250 - Reward: 9.65, Length: 8, Loss: 0.1566
2026-03-17 01:45:41 | INFO | Episode 135/250 - Reward: 9.65, Length: 8, Loss: 0.1465
2026-03-17 01:45:41 | INFO | Episode 136/250 - Reward: 9.65, Length: 8, Loss: 0.1377
2026-03-17 01:45:42 | INFO | Episode 137/250 - Reward: 9.55, Length: 10, Loss: 0.8027
2026-03-17 01:45:43 | INFO | Episode 138/250 - Reward: 9.65, Length: 8, Loss: 0.1315
2026-03-17 01:45:43 | INFO | Episode 139/250 - Reward: 9.45, Length: 9, Loss: 0.6480
2026-03-17 01:45:44 | INFO | Episode 140/250 - Reward: 9.65, Length: 8, Loss: 0.1423
2026-03-17 01:45:45 | INFO | Episode 141/250 - Reward: 9.65, Length: 8, Loss: 0.1296
2026-03-17 01:45:45 | INFO | Episode 142/250 - Reward: 9.65, Length: 8, Loss: 0.1201
2026-03-17 01:45:46 | INFO | Episode 143/250 - Reward: 9.65, Length: 8, Loss: 0.1125
2026-03-17 01:45:47 | INFO | Episode 144/250 - Reward: 9.65, Length: 8, Loss: 0.1061
2026-03-17 01:45:47 | INFO | Episode 145/250 - Reward: 9.65, Length: 8, Loss: 0.1005
2026-03-17 01:45:48 | INFO | Episode 146/250 - Reward: 9.65, Length: 8, Loss: 0.0955
2026-03-17 01:45:49 | INFO | Episode 147/250 - Reward: 9.65, Length: 8, Loss: 0.0910
2026-03-17 01:45:49 | INFO | Episode 148/250 - Reward: 9.65, Length: 8, Loss: 0.0868
2026-03-17 01:45:50 | INFO | Episode 149/250 - Reward: 9.45, Length: 9, Loss: 0.6424
2026-03-17 01:45:51 | INFO | Episode 150/250 - Reward: 9.45, Length: 9, Loss: 0.4679
2026-03-17 01:45:51 | INFO | Episode 150/250 - Avg Reward: 9.16, Avg Length: 9.54, Avg Loss: 0.5303
2026-03-17 01:45:51 | INFO | Episode 151/250 - Reward: 9.65, Length: 8, Loss: 0.1592
2026-03-17 01:45:52 | INFO | Episode 152/250 - Reward: 9.65, Length: 8, Loss: 0.1213
2026-03-17 01:45:53 | INFO | Episode 153/250 - Reward: 9.65, Length: 8, Loss: 0.1020
2026-03-17 01:45:53 | INFO | Episode 154/250 - Reward: 9.65, Length: 8, Loss: 0.0904
2026-03-17 01:45:54 | INFO | Episode 155/250 - Reward: 9.65, Length: 8, Loss: 0.0826
2026-03-17 01:45:55 | INFO | Episode 156/250 - Reward: 9.45, Length: 9, Loss: 0.5720
2026-03-17 01:45:55 | INFO | Episode 157/250 - Reward: 9.65, Length: 8, Loss: 0.1187
2026-03-17 01:45:56 | INFO | Episode 158/250 - Reward: 9.65, Length: 8, Loss: 0.0968
2026-03-17 01:45:57 | INFO | Episode 159/250 - Reward: 9.65, Length: 8, Loss: 0.0842
2026-03-17 01:45:57 | INFO | Episode 160/250 - Reward: 9.65, Length: 8, Loss: 0.0761
2026-03-17 01:45:58 | INFO | Episode 161/250 - Reward: 9.45, Length: 9, Loss: 0.7506
2026-03-17 01:45:59 | INFO | Episode 162/250 - Reward: 9.65, Length: 8, Loss: 0.0718
2026-03-17 01:45:59 | INFO | Episode 163/250 - Reward: 9.45, Length: 9, Loss: 0.6244
2026-03-17 01:46:00 | INFO | Episode 164/250 - Reward: 9.65, Length: 8, Loss: 0.0845
2026-03-17 01:46:01 | INFO | Episode 165/250 - Reward: 9.65, Length: 8, Loss: 0.0785
2026-03-17 01:46:01 | INFO | Episode 166/250 - Reward: 9.65, Length: 8, Loss: 0.0737
2026-03-17 01:46:02 | INFO | Episode 167/250 - Reward: 9.65, Length: 8, Loss: 0.0697
2026-03-17 01:46:03 | INFO | Episode 168/250 - Reward: 9.65, Length: 8, Loss: 0.0662
2026-03-17 01:46:03 | INFO | Episode 169/250 - Reward: 9.65, Length: 8, Loss: 0.0632
2026-03-17 01:46:04 | INFO | Episode 170/250 - Reward: 9.65, Length: 8, Loss: 0.0605
2026-03-17 01:46:05 | INFO | Episode 171/250 - Reward: 9.65, Length: 8, Loss: 0.0581
2026-03-17 01:46:06 | INFO | Episode 172/250 - Reward: 9.65, Length: 8, Loss: 0.0559
2026-03-17 01:46:06 | INFO | Episode 173/250 - Reward: 9.65, Length: 8, Loss: 0.0539
2026-03-17 01:46:07 | INFO | Episode 174/250 - Reward: 9.45, Length: 9, Loss: 0.7653
2026-03-17 01:46:08 | INFO | Episode 175/250 - Reward: 9.25, Length: 10, Loss: 0.8105
2026-03-17 01:46:08 | INFO | Episode 176/250 - Reward: 9.65, Length: 8, Loss: 0.2146
2026-03-17 01:46:08 | INFO | Episode 177/250 - Reward: 9.65, Length: 8, Loss: 0.1273
2026-03-17 01:46:09 | INFO | Episode 178/250 - Reward: 9.65, Length: 8, Loss: 0.0938
2026-03-17 01:46:09 | INFO | Episode 179/250 - Reward: 9.65, Length: 8, Loss: 0.0771
2026-03-17 01:46:10 | INFO | Episode 180/250 - Reward: 9.65, Length: 8, Loss: 0.0675
2026-03-17 01:46:11 | INFO | Episode 181/250 - Reward: 9.45, Length: 9, Loss: 0.5595
2026-03-17 01:46:11 | INFO | Episode 182/250 - Reward: 9.65, Length: 8, Loss: 0.1113
2026-03-17 01:46:12 | INFO | Episode 183/250 - Reward: 9.65, Length: 8, Loss: 0.0844
2026-03-17 01:46:12 | INFO | Episode 184/250 - Reward: 9.65, Length: 8, Loss: 0.0704
2026-03-17 01:46:13 | INFO | Episode 185/250 - Reward: 9.65, Length: 8, Loss: 0.0620
2026-03-17 01:46:13 | INFO | Episode 186/250 - Reward: 9.65, Length: 8, Loss: 0.0564
2026-03-17 01:46:14 | INFO | Episode 187/250 - Reward: 9.45, Length: 9, Loss: 0.7988
2026-03-17 01:46:14 | INFO | Episode 188/250 - Reward: 9.65, Length: 8, Loss: 0.0538
2026-03-17 01:46:15 | INFO | Episode 189/250 - Reward: 9.65, Length: 8, Loss: 0.0520
2026-03-17 01:46:15 | INFO | Episode 190/250 - Reward: 9.45, Length: 9, Loss: 0.6609
2026-03-17 01:46:16 | INFO | Episode 191/250 - Reward: 9.65, Length: 8, Loss: 0.0657
2026-03-17 01:46:16 | INFO | Episode 192/250 - Reward: 9.25, Length: 10, Loss: 0.9046
2026-03-17 01:46:17 | INFO | Episode 193/250 - Reward: 9.45, Length: 9, Loss: 0.4225
2026-03-17 01:46:17 | INFO | Episode 194/250 - Reward: 9.65, Length: 8, Loss: 0.1442
2026-03-17 01:46:18 | INFO | Episode 195/250 - Reward: 9.45, Length: 9, Loss: 0.4227
2026-03-17 01:46:18 | INFO | Episode 196/250 - Reward: 9.45, Length: 9, Loss: 0.3953
2026-03-17 01:46:19 | INFO | Episode 197/250 - Reward: 9.45, Length: 9, Loss: 0.3822
2026-03-17 01:46:19 | INFO | Episode 198/250 - Reward: 9.65, Length: 8, Loss: 0.1821
2026-03-17 01:46:20 | INFO | Episode 199/250 - Reward: 9.25, Length: 10, Loss: 1.0772
2026-03-17 01:46:20 | INFO | Episode 200/250 - Reward: 9.45, Length: 9, Loss: 0.3841
2026-03-17 01:46:20 | INFO | Episode 200/250 - Avg Reward: 9.58, Avg Length: 8.36, Avg Loss: 0.2532
2026-03-17 01:46:21 | INFO | Episode 201/250 - Reward: 9.65, Length: 8, Loss: 0.2338
2026-03-17 01:46:21 | INFO | Episode 202/250 - Reward: 8.85, Length: 12, Loss: 0.7124
2026-03-17 01:46:22 | INFO | Episode 203/250 - Reward: 9.25, Length: 10, Loss: 1.1132
2026-03-17 01:46:22 | INFO | Episode 204/250 - Reward: 9.25, Length: 10, Loss: 0.4640
2026-03-17 01:46:23 | INFO | Episode 205/250 - Reward: 9.65, Length: 8, Loss: 0.2924
2026-03-17 01:46:24 | INFO | Episode 206/250 - Reward: 9.65, Length: 8, Loss: 0.1940
2026-03-17 01:46:24 | INFO | Episode 207/250 - Reward: 9.45, Length: 9, Loss: 0.9626
2026-03-17 01:46:25 | INFO | Episode 208/250 - Reward: 9.65, Length: 8, Loss: 0.2083
2026-03-17 01:46:25 | INFO | Episode 209/250 - Reward: 9.65, Length: 8, Loss: 0.1499
2026-03-17 01:46:26 | INFO | Episode 210/250 - Reward: 9.65, Length: 8, Loss: 0.1175
2026-03-17 01:46:26 | INFO | Episode 211/250 - Reward: 9.45, Length: 9, Loss: 0.4502
2026-03-17 01:46:27 | INFO | Episode 212/250 - Reward: 9.65, Length: 8, Loss: 0.1264
2026-03-17 01:46:27 | INFO | Episode 213/250 - Reward: 9.45, Length: 9, Loss: 0.4386
2026-03-17 01:46:28 | INFO | Episode 214/250 - Reward: 9.65, Length: 8, Loss: 0.1317
2026-03-17 01:46:28 | INFO | Episode 215/250 - Reward: 9.65, Length: 8, Loss: 0.1056
2026-03-17 01:46:29 | INFO | Episode 216/250 - Reward: 9.45, Length: 9, Loss: 0.4594
2026-03-17 01:46:29 | INFO | Episode 217/250 - Reward: 9.65, Length: 8, Loss: 0.1185
2026-03-17 01:46:30 | INFO | Episode 218/250 - Reward: 9.65, Length: 8, Loss: 0.0970
2026-03-17 01:46:30 | INFO | Episode 219/250 - Reward: 9.45, Length: 9, Loss: 0.4694
2026-03-17 01:46:31 | INFO | Episode 220/250 - Reward: 9.45, Length: 9, Loss: 0.4174
2026-03-17 01:46:31 | INFO | Episode 221/250 - Reward: 8.95, Length: 13, Loss: 1.5747
2026-03-17 01:46:32 | INFO | Episode 222/250 - Reward: 9.65, Length: 8, Loss: 0.2168
2026-03-17 01:46:32 | INFO | Episode 223/250 - Reward: 9.65, Length: 8, Loss: 0.1552
2026-03-17 01:46:33 | INFO | Episode 224/250 - Reward: 9.25, Length: 10, Loss: 1.1845
2026-03-17 01:46:33 | INFO | Episode 225/250 - Reward: 9.65, Length: 8, Loss: 0.1051
2026-03-17 01:46:34 | INFO | Episode 226/250 - Reward: 9.65, Length: 8, Loss: 0.0921
2026-03-17 01:46:34 | INFO | Episode 227/250 - Reward: 9.65, Length: 8, Loss: 0.0828
2026-03-17 01:46:35 | INFO | Episode 228/250 - Reward: 9.65, Length: 8, Loss: 0.0759
2026-03-17 01:46:36 | INFO | Episode 229/250 - Reward: 9.65, Length: 8, Loss: 0.0705
2026-03-17 01:46:36 | INFO | Episode 230/250 - Reward: 9.65, Length: 8, Loss: 0.0662
2026-03-17 01:46:37 | INFO | Episode 231/250 - Reward: 9.65, Length: 8, Loss: 0.0627
2026-03-17 01:46:37 | INFO | Episode 232/250 - Reward: 9.65, Length: 8, Loss: 0.0597
2026-03-17 01:46:38 | INFO | Episode 233/250 - Reward: 9.65, Length: 8, Loss: 0.0570
2026-03-17 01:46:38 | INFO | Episode 234/250 - Reward: 9.65, Length: 8, Loss: 0.0547
2026-03-17 01:46:39 | INFO | Episode 235/250 - Reward: 9.65, Length: 8, Loss: 0.0526
2026-03-17 01:46:39 | INFO | Episode 236/250 - Reward: 9.65, Length: 8, Loss: 0.0507
2026-03-17 01:46:40 | INFO | Episode 237/250 - Reward: 9.65, Length: 8, Loss: 0.0490
2026-03-17 01:46:40 | INFO | Episode 238/250 - Reward: 9.65, Length: 8, Loss: 0.0473
2026-03-17 01:46:40 | INFO | Episode 239/250 - Reward: 9.65, Length: 8, Loss: 0.0458
2026-03-17 01:46:40 | INFO | Episode 240/250 - Reward: 9.65, Length: 8, Loss: 0.0444
2026-03-17 01:46:41 | INFO | Episode 241/250 - Reward: 9.65, Length: 8, Loss: 0.0431
2026-03-17 01:46:41 | INFO | Episode 242/250 - Reward: 9.65, Length: 8, Loss: 0.0418
2026-03-17 01:46:42 | INFO | Episode 243/250 - Reward: 9.65, Length: 8, Loss: 0.0406
2026-03-17 01:46:42 | INFO | Episode 244/250 - Reward: 9.65, Length: 8, Loss: 0.0394
2026-03-17 01:46:43 | INFO | Episode 245/250 - Reward: 9.45, Length: 9, Loss: 0.7711
2026-03-17 01:46:43 | INFO | Episode 246/250 - Reward: 9.65, Length: 8, Loss: 0.0627
2026-03-17 01:46:44 | INFO | Episode 247/250 - Reward: 9.45, Length: 9, Loss: 0.5394
2026-03-17 01:46:44 | INFO | Episode 248/250 - Reward: 9.65, Length: 8, Loss: 0.1118
2026-03-17 01:46:45 | INFO | Episode 249/250 - Reward: 9.65, Length: 8, Loss: 0.0791
2026-03-17 01:46:45 | INFO | Episode 250/250 - Reward: 9.65, Length: 8, Loss: 0.0635
2026-03-17 01:46:45 | INFO | Episode 250/250 - Avg Reward: 9.56, Avg Length: 8.46, Avg Loss: 0.2640
