2026-03-17 01:41:39 | INFO | ============================================================
2026-03-17 01:41:39 | INFO | DEVICE / COMPUTE INFORMATION
2026-03-17 01:41:39 | INFO |   JAX backend       : GPU
2026-03-17 01:41:39 | INFO |   Platform          : gpu
2026-03-17 01:41:39 | INFO |   Num devices       : 1
2026-03-17 01:41:39 | INFO |   Device            : cuda:0
2026-03-17 01:41:39 | INFO |   GPU name          : NVIDIA GeForce RTX 5060 Laptop GPU
2026-03-17 01:41:39 | INFO | ============================================================
2026-03-17 01:41:39 | INFO | ✓ JAX GPU backend confirmed.
2026-03-17 01:41:40 | INFO | REINFORCE seed=6_gamma=0.9_lr=0.001
2026-03-17 01:41:43 | INFO | Episode 1/250 - Reward: -3.80, Length: 40, Loss: -0.5636
2026-03-17 01:41:44 | INFO | Episode 2/250 - Reward: -4.85, Length: 40, Loss: -0.5098
2026-03-17 01:41:44 | INFO | Episode 3/250 - Reward: -3.35, Length: 40, Loss: -0.5054
2026-03-17 01:41:45 | INFO | Episode 4/250 - Reward: -3.80, Length: 40, Loss: -0.5317
2026-03-17 01:41:45 | INFO | Episode 5/250 - Reward: -4.85, Length: 40, Loss: -0.5775
2026-03-17 01:41:46 | INFO | Episode 6/250 - Reward: -7.10, Length: 40, Loss: -0.5866
2026-03-17 01:41:46 | INFO | Episode 7/250 - Reward: -3.65, Length: 40, Loss: -0.5716
2026-03-17 01:41:47 | INFO | Episode 8/250 - Reward: -4.70, Length: 40, Loss: -0.6108
2026-03-17 01:41:47 | INFO | Episode 9/250 - Reward: -5.00, Length: 40, Loss: -0.5291
2026-03-17 01:41:48 | INFO | Episode 10/250 - Reward: -4.40, Length: 40, Loss: -0.5226
2026-03-17 01:41:48 | INFO | Episode 11/250 - Reward: -4.25, Length: 40, Loss: -0.5419
2026-03-17 01:41:49 | INFO | Episode 12/250 - Reward: -4.70, Length: 40, Loss: -0.5702
2026-03-17 01:41:49 | INFO | Episode 13/250 - Reward: -4.85, Length: 40, Loss: -0.5624
2026-03-17 01:41:50 | INFO | Episode 14/250 - Reward: -4.85, Length: 40, Loss: -0.5769
2026-03-17 01:41:50 | INFO | Episode 15/250 - Reward: -4.55, Length: 40, Loss: -0.4942
2026-03-17 01:41:51 | INFO | Episode 16/250 - Reward: -4.85, Length: 40, Loss: -0.5967
2026-03-17 01:41:51 | INFO | Episode 17/250 - Reward: -5.15, Length: 40, Loss: -0.5716
2026-03-17 01:41:52 | INFO | Episode 18/250 - Reward: -10.40, Length: 40, Loss: -0.5076
2026-03-17 01:41:52 | INFO | Episode 19/250 - Reward: -4.70, Length: 40, Loss: -0.5136
2026-03-17 01:41:53 | INFO | Episode 20/250 - Reward: 5.10, Length: 36, Loss: 0.3542
2026-03-17 01:41:53 | INFO | Episode 21/250 - Reward: 5.15, Length: 14, Loss: 1.4030
2026-03-17 01:41:54 | INFO | Episode 22/250 - Reward: -5.15, Length: 40, Loss: -0.5827
2026-03-17 01:41:54 | INFO | Episode 23/250 - Reward: -3.95, Length: 40, Loss: -0.5281
2026-03-17 01:41:55 | INFO | Episode 24/250 - Reward: -4.40, Length: 40, Loss: -0.4833
2026-03-17 01:41:55 | INFO | Episode 25/250 - Reward: 5.30, Length: 35, Loss: 0.3563
2026-03-17 01:41:56 | INFO | Episode 26/250 - Reward: 6.45, Length: 33, Loss: 0.4340
2026-03-17 01:41:56 | INFO | Episode 27/250 - Reward: -5.45, Length: 40, Loss: -0.5639
2026-03-17 01:41:57 | INFO | Episode 28/250 - Reward: -4.25, Length: 40, Loss: -0.6260
2026-03-17 01:41:57 | INFO | Episode 29/250 - Reward: -5.45, Length: 40, Loss: -0.4583
2026-03-17 01:41:58 | INFO | Episode 30/250 - Reward: -4.55, Length: 40, Loss: -0.5546
2026-03-17 01:41:57 | INFO | Episode 31/250 - Reward: -6.20, Length: 40, Loss: -0.5432
2026-03-17 01:41:58 | INFO | Episode 32/250 - Reward: -4.55, Length: 40, Loss: -0.5494
2026-03-17 01:41:58 | INFO | Episode 33/250 - Reward: -4.40, Length: 40, Loss: -0.5429
2026-03-17 01:41:59 | INFO | Episode 34/250 - Reward: -10.25, Length: 40, Loss: -0.4351
2026-03-17 01:41:59 | INFO | Episode 35/250 - Reward: -4.85, Length: 40, Loss: -0.5703
2026-03-17 01:42:00 | INFO | Episode 36/250 - Reward: -4.10, Length: 40, Loss: -0.4989
2026-03-17 01:42:00 | INFO | Episode 37/250 - Reward: -5.00, Length: 40, Loss: -0.3959
2026-03-17 01:42:01 | INFO | Episode 38/250 - Reward: -4.55, Length: 40, Loss: -0.5446
2026-03-17 01:42:01 | INFO | Episode 39/250 - Reward: -4.40, Length: 40, Loss: -0.5572
2026-03-17 01:42:02 | INFO | Episode 40/250 - Reward: -4.10, Length: 40, Loss: -0.5305
2026-03-17 01:42:02 | INFO | Episode 41/250 - Reward: -5.15, Length: 40, Loss: -0.5057
2026-03-17 01:42:03 | INFO | Episode 42/250 - Reward: -4.55, Length: 40, Loss: -0.5328
2026-03-17 01:42:04 | INFO | Episode 43/250 - Reward: -5.30, Length: 40, Loss: -0.5318
2026-03-17 01:42:04 | INFO | Episode 44/250 - Reward: -4.70, Length: 40, Loss: -0.6550
2026-03-17 01:42:05 | INFO | Episode 45/250 - Reward: -4.85, Length: 40, Loss: -0.6026
2026-03-17 01:42:05 | INFO | Episode 46/250 - Reward: -4.70, Length: 40, Loss: -0.5466
2026-03-17 01:42:06 | INFO | Episode 47/250 - Reward: -5.30, Length: 40, Loss: -0.4841
2026-03-17 01:42:06 | INFO | Episode 48/250 - Reward: -3.95, Length: 40, Loss: -0.6048
2026-03-17 01:42:07 | INFO | Episode 49/250 - Reward: -4.10, Length: 40, Loss: -0.5270
2026-03-17 01:42:07 | INFO | Episode 50/250 - Reward: -4.55, Length: 40, Loss: -0.5812
2026-03-17 01:42:07 | INFO | Episode 50/250 - Avg Reward: -4.09, Avg Length: 39.16, Avg Loss: -0.4487
2026-03-17 01:42:08 | INFO | Episode 51/250 - Reward: -3.95, Length: 40, Loss: -0.5283
2026-03-17 01:42:08 | INFO | Episode 52/250 - Reward: -9.65, Length: 40, Loss: -0.5665
2026-03-17 01:42:09 | INFO | Episode 53/250 - Reward: -3.50, Length: 40, Loss: -0.5529
2026-03-17 01:42:09 | INFO | Episode 54/250 - Reward: -3.65, Length: 40, Loss: -0.5386
2026-03-17 01:42:10 | INFO | Episode 55/250 - Reward: -7.55, Length: 40, Loss: -0.4070
2026-03-17 01:42:11 | INFO | Episode 56/250 - Reward: -6.80, Length: 40, Loss: -0.6312
2026-03-17 01:42:11 | INFO | Episode 57/250 - Reward: -6.05, Length: 40, Loss: -0.5235
2026-03-17 01:42:12 | INFO | Episode 58/250 - Reward: -4.55, Length: 40, Loss: -0.5255
2026-03-17 01:42:13 | INFO | Episode 59/250 - Reward: -6.05, Length: 40, Loss: -0.5882
2026-03-17 01:42:13 | INFO | Episode 60/250 - Reward: -5.00, Length: 40, Loss: -0.5491
2026-03-17 01:42:14 | INFO | Episode 61/250 - Reward: -4.25, Length: 40, Loss: -0.5703
2026-03-17 01:42:15 | INFO | Episode 62/250 - Reward: -4.85, Length: 40, Loss: -0.4726
2026-03-17 01:42:16 | INFO | Episode 63/250 - Reward: -4.10, Length: 40, Loss: -0.5436
2026-03-17 01:42:16 | INFO | Episode 64/250 - Reward: -4.85, Length: 40, Loss: -0.5361
2026-03-17 01:42:17 | INFO | Episode 65/250 - Reward: -4.55, Length: 40, Loss: -0.5027
2026-03-17 01:42:18 | INFO | Episode 66/250 - Reward: 6.05, Length: 32, Loss: 0.3899
2026-03-17 01:42:18 | INFO | Episode 67/250 - Reward: -3.65, Length: 40, Loss: -0.5266
2026-03-17 01:42:19 | INFO | Episode 68/250 - Reward: -5.15, Length: 40, Loss: -0.5012
2026-03-17 01:42:20 | INFO | Episode 69/250 - Reward: -5.00, Length: 40, Loss: -0.6022
2026-03-17 01:42:20 | INFO | Episode 70/250 - Reward: -3.95, Length: 40, Loss: -0.4892
2026-03-17 01:42:21 | INFO | Episode 71/250 - Reward: -3.95, Length: 40, Loss: -0.5278
2026-03-17 01:42:22 | INFO | Episode 72/250 - Reward: -4.70, Length: 40, Loss: -0.5604
2026-03-17 01:42:22 | INFO | Episode 73/250 - Reward: -4.85, Length: 40, Loss: -0.6102
2026-03-17 01:42:23 | INFO | Episode 74/250 - Reward: -4.85, Length: 40, Loss: -0.5908
2026-03-17 01:42:23 | INFO | Episode 75/250 - Reward: -4.40, Length: 40, Loss: -0.5898
2026-03-17 01:42:24 | INFO | Episode 76/250 - Reward: -3.65, Length: 40, Loss: -0.5329
2026-03-17 01:42:25 | INFO | Episode 77/250 - Reward: -4.85, Length: 40, Loss: -0.5591
2026-03-17 01:42:25 | INFO | Episode 78/250 - Reward: -3.95, Length: 40, Loss: -0.5476
2026-03-17 01:42:26 | INFO | Episode 79/250 - Reward: -3.50, Length: 40, Loss: -0.5066
2026-03-17 01:42:27 | INFO | Episode 80/250 - Reward: -9.95, Length: 40, Loss: -0.5925
2026-03-17 01:42:27 | INFO | Episode 81/250 - Reward: -5.00, Length: 40, Loss: -0.5310
2026-03-17 01:42:28 | INFO | Episode 82/250 - Reward: -3.95, Length: 40, Loss: -0.5350
2026-03-17 01:42:29 | INFO | Episode 83/250 - Reward: -4.70, Length: 40, Loss: -0.4975
2026-03-17 01:42:29 | INFO | Episode 84/250 - Reward: -5.30, Length: 40, Loss: -0.5607
2026-03-17 01:42:29 | INFO | Episode 85/250 - Reward: -4.70, Length: 40, Loss: -0.5578
2026-03-17 01:42:30 | INFO | Episode 86/250 - Reward: -5.60, Length: 40, Loss: -0.5763
2026-03-17 01:42:30 | INFO | Episode 87/250 - Reward: -4.55, Length: 40, Loss: -0.5199
2026-03-17 01:42:31 | INFO | Episode 88/250 - Reward: -4.85, Length: 40, Loss: -0.5459
2026-03-17 01:42:32 | INFO | Episode 89/250 - Reward: -5.60, Length: 40, Loss: -0.5983
2026-03-17 01:42:32 | INFO | Episode 90/250 - Reward: -5.00, Length: 40, Loss: -0.5376
2026-03-17 01:42:33 | INFO | Episode 91/250 - Reward: -4.55, Length: 40, Loss: -0.5573
2026-03-17 01:42:34 | INFO | Episode 92/250 - Reward: -5.90, Length: 40, Loss: -0.4372
2026-03-17 01:42:35 | INFO | Episode 93/250 - Reward: -3.95, Length: 40, Loss: -0.5035
2026-03-17 01:42:35 | INFO | Episode 94/250 - Reward: -3.20, Length: 40, Loss: -0.4601
2026-03-17 01:42:36 | INFO | Episode 95/250 - Reward: -15.20, Length: 40, Loss: -0.4306
2026-03-17 01:42:37 | INFO | Episode 96/250 - Reward: -3.80, Length: 40, Loss: -0.5521
2026-03-17 01:42:37 | INFO | Episode 97/250 - Reward: -4.40, Length: 40, Loss: -0.5741
2026-03-17 01:42:38 | INFO | Episode 98/250 - Reward: -4.25, Length: 40, Loss: -0.4855
2026-03-17 01:42:39 | INFO | Episode 99/250 - Reward: -4.25, Length: 40, Loss: -0.5711
2026-03-17 01:42:39 | INFO | Episode 100/250 - Reward: -5.00, Length: 40, Loss: -0.5207
2026-03-17 01:42:39 | INFO | Episode 100/250 - Avg Reward: -4.87, Avg Length: 39.84, Avg Loss: -0.5187
2026-03-17 01:42:40 | INFO | Episode 101/250 - Reward: -4.40, Length: 40, Loss: -0.5487
2026-03-17 01:42:40 | INFO | Episode 102/250 - Reward: -8.75, Length: 40, Loss: -0.4991
2026-03-17 01:42:41 | INFO | Episode 103/250 - Reward: -4.10, Length: 40, Loss: -0.5239
2026-03-17 01:42:42 | INFO | Episode 104/250 - Reward: -4.25, Length: 40, Loss: -0.5578
2026-03-17 01:42:42 | INFO | Episode 105/250 - Reward: -5.15, Length: 40, Loss: -0.5012
2026-03-17 01:42:43 | INFO | Episode 106/250 - Reward: -8.00, Length: 40, Loss: -0.4125
2026-03-17 01:42:44 | INFO | Episode 107/250 - Reward: 6.10, Length: 25, Loss: 0.8090
2026-03-17 01:42:44 | INFO | Episode 108/250 - Reward: -5.15, Length: 40, Loss: -0.5742
2026-03-17 01:42:45 | INFO | Episode 109/250 - Reward: -5.90, Length: 40, Loss: -0.4270
2026-03-17 01:42:46 | INFO | Episode 110/250 - Reward: -15.20, Length: 40, Loss: -0.4867
2026-03-17 01:42:46 | INFO | Episode 111/250 - Reward: -4.85, Length: 40, Loss: -0.5418
2026-03-17 01:42:47 | INFO | Episode 112/250 - Reward: -5.45, Length: 40, Loss: -0.5919
2026-03-17 01:42:48 | INFO | Episode 113/250 - Reward: -5.75, Length: 40, Loss: -0.6134
2026-03-17 01:42:48 | INFO | Episode 114/250 - Reward: -4.25, Length: 40, Loss: -0.5713
2026-03-17 01:42:49 | INFO | Episode 115/250 - Reward: -4.55, Length: 40, Loss: -0.5676
2026-03-17 01:42:50 | INFO | Episode 116/250 - Reward: -4.10, Length: 40, Loss: -0.4960
2026-03-17 01:42:50 | INFO | Episode 117/250 - Reward: -4.25, Length: 40, Loss: -0.5373
2026-03-17 01:42:51 | INFO | Episode 118/250 - Reward: 0.05, Length: 26, Loss: 0.1522
2026-03-17 01:42:52 | INFO | Episode 119/250 - Reward: 2.35, Length: 40, Loss: 0.1107
2026-03-17 01:42:52 | INFO | Episode 120/250 - Reward: -5.15, Length: 40, Loss: -0.5117
2026-03-17 01:42:53 | INFO | Episode 121/250 - Reward: -5.00, Length: 40, Loss: -0.5789
2026-03-17 01:42:54 | INFO | Episode 122/250 - Reward: -3.95, Length: 40, Loss: -0.5392
2026-03-17 01:42:54 | INFO | Episode 123/250 - Reward: -4.85, Length: 40, Loss: -0.5555
2026-03-17 01:42:55 | INFO | Episode 124/250 - Reward: -11.45, Length: 40, Loss: -0.4312
2026-03-17 01:42:56 | INFO | Episode 125/250 - Reward: -5.75, Length: 40, Loss: -0.5433
2026-03-17 01:42:56 | INFO | Episode 126/250 - Reward: -4.55, Length: 40, Loss: -0.5787
2026-03-17 01:42:57 | INFO | Episode 127/250 - Reward: -4.40, Length: 40, Loss: -0.5080
2026-03-17 01:42:58 | INFO | Episode 128/250 - Reward: 6.70, Length: 19, Loss: 1.2169
2026-03-17 01:42:59 | INFO | Episode 129/250 - Reward: -5.00, Length: 40, Loss: -0.5562
2026-03-17 01:42:59 | INFO | Episode 130/250 - Reward: -5.15, Length: 40, Loss: -0.5359
2026-03-17 01:43:00 | INFO | Episode 131/250 - Reward: -3.95, Length: 40, Loss: -0.5227
2026-03-17 01:43:01 | INFO | Episode 132/250 - Reward: 6.75, Length: 33, Loss: 0.4380
2026-03-17 01:43:00 | INFO | Episode 133/250 - Reward: -7.85, Length: 40, Loss: -0.4446
2026-03-17 01:43:01 | INFO | Episode 134/250 - Reward: -5.15, Length: 40, Loss: -0.5335
2026-03-17 01:43:02 | INFO | Episode 135/250 - Reward: -4.40, Length: 40, Loss: -0.4979
2026-03-17 01:43:02 | INFO | Episode 136/250 - Reward: 6.60, Length: 18, Loss: 1.4041
2026-03-17 01:43:03 | INFO | Episode 137/250 - Reward: -4.25, Length: 40, Loss: -0.5592
2026-03-17 01:43:04 | INFO | Episode 138/250 - Reward: -5.45, Length: 40, Loss: -0.5946
2026-03-17 01:43:04 | INFO | Episode 139/250 - Reward: -4.40, Length: 40, Loss: -0.6123
2026-03-17 01:43:05 | INFO | Episode 140/250 - Reward: 3.65, Length: 26, Loss: 0.4511
2026-03-17 01:43:06 | INFO | Episode 141/250 - Reward: -5.30, Length: 40, Loss: -0.5898
2026-03-17 01:43:07 | INFO | Episode 142/250 - Reward: -4.70, Length: 40, Loss: -0.5516
2026-03-17 01:43:07 | INFO | Episode 143/250 - Reward: -6.05, Length: 40, Loss: -0.5848
2026-03-17 01:43:08 | INFO | Episode 144/250 - Reward: -7.25, Length: 40, Loss: -0.4977
2026-03-17 01:43:09 | INFO | Episode 145/250 - Reward: -4.55, Length: 40, Loss: -0.5214
2026-03-17 01:43:09 | INFO | Episode 146/250 - Reward: -3.50, Length: 40, Loss: -0.5139
2026-03-17 01:43:10 | INFO | Episode 147/250 - Reward: -5.90, Length: 40, Loss: -0.6060
2026-03-17 01:43:11 | INFO | Episode 148/250 - Reward: -4.10, Length: 40, Loss: -0.5047
2026-03-17 01:43:11 | INFO | Episode 149/250 - Reward: -5.75, Length: 40, Loss: -0.4464
2026-03-17 01:43:12 | INFO | Episode 150/250 - Reward: -4.10, Length: 40, Loss: -0.5741
2026-03-17 01:43:12 | INFO | Episode 150/250 - Avg Reward: -4.08, Avg Length: 38.14, Avg Loss: -0.3672
2026-03-17 01:43:13 | INFO | Episode 151/250 - Reward: -4.55, Length: 40, Loss: -0.5580
2026-03-17 01:43:13 | INFO | Episode 152/250 - Reward: -4.25, Length: 40, Loss: -0.5075
2026-03-17 01:43:14 | INFO | Episode 153/250 - Reward: -5.90, Length: 40, Loss: -0.5499
2026-03-17 01:43:15 | INFO | Episode 154/250 - Reward: -4.70, Length: 40, Loss: -0.4908
2026-03-17 01:43:15 | INFO | Episode 155/250 - Reward: -3.35, Length: 40, Loss: -0.5322
2026-03-17 01:43:16 | INFO | Episode 156/250 - Reward: -6.35, Length: 40, Loss: -0.4469
2026-03-17 01:43:17 | INFO | Episode 157/250 - Reward: 1.40, Length: 32, Loss: 0.1845
2026-03-17 01:43:17 | INFO | Episode 158/250 - Reward: -3.20, Length: 40, Loss: -0.5526
2026-03-17 01:43:18 | INFO | Episode 159/250 - Reward: -5.15, Length: 40, Loss: -0.5065
2026-03-17 01:43:19 | INFO | Episode 160/250 - Reward: -7.40, Length: 40, Loss: -0.4311
2026-03-17 01:43:19 | INFO | Episode 161/250 - Reward: 5.70, Length: 27, Loss: 0.6403
2026-03-17 01:43:20 | INFO | Episode 162/250 - Reward: -4.70, Length: 40, Loss: -0.6045
2026-03-17 01:43:21 | INFO | Episode 163/250 - Reward: 4.70, Length: 38, Loss: 0.1816
2026-03-17 01:43:21 | INFO | Episode 164/250 - Reward: -5.45, Length: 40, Loss: -0.5632
2026-03-17 01:43:22 | INFO | Episode 165/250 - Reward: -4.25, Length: 40, Loss: -0.5292
2026-03-17 01:43:23 | INFO | Episode 166/250 - Reward: -5.00, Length: 40, Loss: -0.5598
2026-03-17 01:43:23 | INFO | Episode 167/250 - Reward: -8.75, Length: 40, Loss: -0.6121
2026-03-17 01:43:24 | INFO | Episode 168/250 - Reward: -4.85, Length: 40, Loss: -0.5044
2026-03-17 01:43:25 | INFO | Episode 169/250 - Reward: 3.25, Length: 31, Loss: 0.3629
2026-03-17 01:43:25 | INFO | Episode 170/250 - Reward: -4.55, Length: 40, Loss: -0.5303
2026-03-17 01:43:26 | INFO | Episode 171/250 - Reward: 8.25, Length: 21, Loss: 1.0506
2026-03-17 01:43:27 | INFO | Episode 172/250 - Reward: -4.10, Length: 40, Loss: -0.5468
2026-03-17 01:43:27 | INFO | Episode 173/250 - Reward: -3.65, Length: 40, Loss: -0.6064
2026-03-17 01:43:28 | INFO | Episode 174/250 - Reward: -4.25, Length: 40, Loss: -0.6008
2026-03-17 01:43:29 | INFO | Episode 175/250 - Reward: -4.70, Length: 40, Loss: -0.5124
2026-03-17 01:43:29 | INFO | Episode 176/250 - Reward: -4.10, Length: 40, Loss: -0.5346
2026-03-17 01:43:30 | INFO | Episode 177/250 - Reward: 0.90, Length: 36, Loss: 0.0521
2026-03-17 01:43:31 | INFO | Episode 178/250 - Reward: 7.65, Length: 27, Loss: 0.6450
2026-03-17 01:43:31 | INFO | Episode 179/250 - Reward: -3.20, Length: 40, Loss: -0.4820
2026-03-17 01:43:32 | INFO | Episode 180/250 - Reward: -4.25, Length: 40, Loss: -0.5816
2026-03-17 01:43:32 | INFO | Episode 181/250 - Reward: -3.35, Length: 40, Loss: -0.5966
2026-03-17 01:43:32 | INFO | Episode 182/250 - Reward: -4.55, Length: 40, Loss: -0.5889
2026-03-17 01:43:33 | INFO | Episode 183/250 - Reward: -3.80, Length: 40, Loss: -0.4988
2026-03-17 01:43:34 | INFO | Episode 184/250 - Reward: 8.95, Length: 13, Loss: 2.0023
2026-03-17 01:43:34 | INFO | Episode 185/250 - Reward: -3.80, Length: 40, Loss: -0.4567
2026-03-17 01:43:35 | INFO | Episode 186/250 - Reward: -5.45, Length: 40, Loss: -0.5131
2026-03-17 01:43:36 | INFO | Episode 187/250 - Reward: -5.45, Length: 40, Loss: -0.4746
2026-03-17 01:43:36 | INFO | Episode 188/250 - Reward: -3.80, Length: 40, Loss: -0.6065
2026-03-17 01:43:37 | INFO | Episode 189/250 - Reward: -4.70, Length: 40, Loss: -0.5397
2026-03-17 01:43:38 | INFO | Episode 190/250 - Reward: -4.85, Length: 40, Loss: -0.5520
2026-03-17 01:43:38 | INFO | Episode 191/250 - Reward: -4.85, Length: 40, Loss: -0.5747
2026-03-17 01:43:39 | INFO | Episode 192/250 - Reward: -4.85, Length: 40, Loss: -0.6019
2026-03-17 01:43:40 | INFO | Episode 193/250 - Reward: 6.00, Length: 18, Loss: 1.3616
2026-03-17 01:43:40 | INFO | Episode 194/250 - Reward: -6.05, Length: 40, Loss: -0.5723
2026-03-17 01:43:41 | INFO | Episode 195/250 - Reward: -3.95, Length: 40, Loss: -0.4862
2026-03-17 01:43:42 | INFO | Episode 196/250 - Reward: -11.75, Length: 40, Loss: -0.5010
2026-03-17 01:43:42 | INFO | Episode 197/250 - Reward: -4.25, Length: 40, Loss: -0.4871
2026-03-17 01:43:43 | INFO | Episode 198/250 - Reward: -4.40, Length: 40, Loss: -0.5181
2026-03-17 01:43:43 | INFO | Episode 199/250 - Reward: -5.30, Length: 40, Loss: -0.6096
2026-03-17 01:43:43 | INFO | Episode 200/250 - Reward: -7.70, Length: 40, Loss: -0.5131
2026-03-17 01:43:44 | INFO | Episode 200/250 - Avg Reward: -3.13, Avg Length: 37.66, Avg Loss: -0.3111
2026-03-17 01:43:44 | INFO | Episode 201/250 - Reward: -5.15, Length: 40, Loss: -0.5323
2026-03-17 01:43:44 | INFO | Episode 202/250 - Reward: -4.55, Length: 40, Loss: -0.5788
2026-03-17 01:43:45 | INFO | Episode 203/250 - Reward: 5.80, Length: 19, Loss: 1.1382
2026-03-17 01:43:45 | INFO | Episode 204/250 - Reward: -8.15, Length: 40, Loss: -0.5509
2026-03-17 01:43:46 | INFO | Episode 205/250 - Reward: -3.95, Length: 40, Loss: -0.5664
2026-03-17 01:43:46 | INFO | Episode 206/250 - Reward: -5.90, Length: 40, Loss: -0.5021
2026-03-17 01:43:47 | INFO | Episode 207/250 - Reward: -4.85, Length: 40, Loss: -0.5177
2026-03-17 01:43:48 | INFO | Episode 208/250 - Reward: -3.20, Length: 40, Loss: -0.6447
2026-03-17 01:43:48 | INFO | Episode 209/250 - Reward: -3.20, Length: 40, Loss: -0.5672
2026-03-17 01:43:49 | INFO | Episode 210/250 - Reward: -4.85, Length: 40, Loss: -0.6212
2026-03-17 01:43:49 | INFO | Episode 211/250 - Reward: -3.65, Length: 40, Loss: -0.5126
2026-03-17 01:43:50 | INFO | Episode 212/250 - Reward: 7.75, Length: 25, Loss: 0.9659
2026-03-17 01:43:50 | INFO | Episode 213/250 - Reward: -4.10, Length: 40, Loss: -0.5606
2026-03-17 01:43:51 | INFO | Episode 214/250 - Reward: -4.55, Length: 40, Loss: -0.5332
2026-03-17 01:43:51 | INFO | Episode 215/250 - Reward: -5.15, Length: 40, Loss: -0.5187
2026-03-17 01:43:52 | INFO | Episode 216/250 - Reward: -3.35, Length: 40, Loss: -0.5938
2026-03-17 01:43:52 | INFO | Episode 217/250 - Reward: -4.10, Length: 40, Loss: -0.5472
2026-03-17 01:43:53 | INFO | Episode 218/250 - Reward: -3.50, Length: 40, Loss: -0.4684
2026-03-17 01:43:53 | INFO | Episode 219/250 - Reward: -4.40, Length: 40, Loss: -0.5517
2026-03-17 01:43:54 | INFO | Episode 220/250 - Reward: -5.15, Length: 40, Loss: -0.5598
2026-03-17 01:43:54 | INFO | Episode 221/250 - Reward: 6.20, Length: 23, Loss: 0.9563
2026-03-17 01:43:55 | INFO | Episode 222/250 - Reward: 8.35, Length: 16, Loss: 1.6193
2026-03-17 01:43:55 | INFO | Episode 223/250 - Reward: -5.15, Length: 40, Loss: -0.5871
2026-03-17 01:43:56 | INFO | Episode 224/250 - Reward: -3.95, Length: 40, Loss: -0.6018
2026-03-17 01:43:56 | INFO | Episode 225/250 - Reward: 5.50, Length: 28, Loss: 0.6458
2026-03-17 01:43:57 | INFO | Episode 226/250 - Reward: -6.35, Length: 40, Loss: -0.4789
2026-03-17 01:43:57 | INFO | Episode 227/250 - Reward: -5.30, Length: 40, Loss: -0.5946
2026-03-17 01:43:58 | INFO | Episode 228/250 - Reward: -3.20, Length: 40, Loss: -0.5097
2026-03-17 01:43:58 | INFO | Episode 229/250 - Reward: -4.55, Length: 40, Loss: -0.4876
2026-03-17 01:43:59 | INFO | Episode 230/250 - Reward: -3.80, Length: 40, Loss: -0.4987
2026-03-17 01:43:59 | INFO | Episode 231/250 - Reward: -5.60, Length: 40, Loss: -0.5787
2026-03-17 01:44:00 | INFO | Episode 232/250 - Reward: -4.10, Length: 40, Loss: -0.5220
2026-03-17 01:44:00 | INFO | Episode 233/250 - Reward: -3.65, Length: 40, Loss: -0.6302
2026-03-17 01:44:01 | INFO | Episode 234/250 - Reward: -4.10, Length: 40, Loss: -0.6012
2026-03-17 01:44:01 | INFO | Episode 235/250 - Reward: -5.00, Length: 40, Loss: -0.5625
2026-03-17 01:44:02 | INFO | Episode 236/250 - Reward: -3.95, Length: 40, Loss: -0.5047
2026-03-17 01:44:02 | INFO | Episode 237/250 - Reward: -9.35, Length: 40, Loss: -0.4377
2026-03-17 01:44:03 | INFO | Episode 238/250 - Reward: -5.00, Length: 40, Loss: -0.5719
2026-03-17 01:44:03 | INFO | Episode 239/250 - Reward: 6.00, Length: 24, Loss: 0.8751
2026-03-17 01:44:03 | INFO | Episode 240/250 - Reward: -3.95, Length: 40, Loss: -0.6240
2026-03-17 01:44:03 | INFO | Episode 241/250 - Reward: -2.90, Length: 40, Loss: -0.5203
2026-03-17 01:44:04 | INFO | Episode 242/250 - Reward: -3.35, Length: 40, Loss: -0.5762
2026-03-17 01:44:04 | INFO | Episode 243/250 - Reward: -5.45, Length: 40, Loss: -0.5644
2026-03-17 01:44:05 | INFO | Episode 244/250 - Reward: 8.25, Length: 18, Loss: 1.3360
2026-03-17 01:44:05 | INFO | Episode 245/250 - Reward: -3.05, Length: 40, Loss: -0.5467
2026-03-17 01:44:06 | INFO | Episode 246/250 - Reward: -6.05, Length: 40, Loss: -0.5248
2026-03-17 01:44:06 | INFO | Episode 247/250 - Reward: -4.85, Length: 40, Loss: -0.5547
2026-03-17 01:44:07 | INFO | Episode 248/250 - Reward: -5.00, Length: 40, Loss: -0.6122
2026-03-17 01:44:07 | INFO | Episode 249/250 - Reward: -3.50, Length: 40, Loss: -0.4662
2026-03-17 01:44:08 | INFO | Episode 250/250 - Reward: -10.40, Length: 40, Loss: -0.5258
2026-03-17 01:44:08 | INFO | Episode 250/250 - Avg Reward: -3.11, Avg Length: 37.46, Avg Loss: -0.3215
