2026-03-17 02:02:52 | INFO | ============================================================
2026-03-17 02:02:52 | INFO | DEVICE / COMPUTE INFORMATION
2026-03-17 02:02:52 | INFO |   JAX backend       : GPU
2026-03-17 02:02:52 | INFO |   Platform          : gpu
2026-03-17 02:02:52 | INFO |   Num devices       : 1
2026-03-17 02:02:52 | INFO |   Device            : cuda:0
2026-03-17 02:02:52 | INFO |   GPU name          : NVIDIA GeForce RTX 5060 Laptop GPU
2026-03-17 02:02:52 | INFO | ============================================================
2026-03-17 02:02:52 | INFO | ✓ JAX GPU backend confirmed.
2026-03-17 02:02:53 | INFO | REINFORCE seed=7_gamma=0.99_lr=0.01
2026-03-17 02:02:59 | INFO | Episode 1/250 - Reward: -4.25, Length: 40, Loss: -0.4242
2026-03-17 02:02:59 | INFO | Episode 2/250 - Reward: -5.00, Length: 40, Loss: -0.4468
2026-03-17 02:03:00 | INFO | Episode 3/250 - Reward: -6.35, Length: 40, Loss: -0.4452
2026-03-17 02:03:01 | INFO | Episode 4/250 - Reward: -4.85, Length: 40, Loss: -0.4466
2026-03-17 02:03:01 | INFO | Episode 5/250 - Reward: -4.25, Length: 40, Loss: -0.4476
2026-03-17 02:03:02 | INFO | Episode 6/250 - Reward: -5.60, Length: 40, Loss: -0.4420
2026-03-17 02:03:03 | INFO | Episode 7/250 - Reward: -4.55, Length: 40, Loss: -0.4422
2026-03-17 02:03:03 | INFO | Episode 8/250 - Reward: -5.15, Length: 40, Loss: -0.4497
2026-03-17 02:03:04 | INFO | Episode 9/250 - Reward: -4.85, Length: 40, Loss: -0.4271
2026-03-17 02:03:05 | INFO | Episode 10/250 - Reward: -4.85, Length: 40, Loss: -0.4525
2026-03-17 02:03:05 | INFO | Episode 11/250 - Reward: -4.25, Length: 40, Loss: -0.4024
2026-03-17 02:03:06 | INFO | Episode 12/250 - Reward: -3.95, Length: 40, Loss: -0.4551
2026-03-17 02:03:07 | INFO | Episode 13/250 - Reward: -5.45, Length: 40, Loss: -0.4385
2026-03-17 02:03:08 | INFO | Episode 14/250 - Reward: -4.25, Length: 40, Loss: -0.4892
2026-03-17 02:03:08 | INFO | Episode 15/250 - Reward: -4.85, Length: 40, Loss: -0.4136
2026-03-17 02:03:09 | INFO | Episode 16/250 - Reward: -5.30, Length: 40, Loss: -0.4464
2026-03-17 02:03:09 | INFO | Episode 17/250 - Reward: -4.55, Length: 40, Loss: -0.4318
2026-03-17 02:03:10 | INFO | Episode 18/250 - Reward: -4.85, Length: 40, Loss: -0.4901
2026-03-17 02:03:11 | INFO | Episode 19/250 - Reward: -5.60, Length: 40, Loss: -0.4160
2026-03-17 02:03:12 | INFO | Episode 20/250 - Reward: -5.45, Length: 40, Loss: -0.4759
2026-03-17 02:03:12 | INFO | Episode 21/250 - Reward: -4.70, Length: 40, Loss: -0.4011
2026-03-17 02:03:13 | INFO | Episode 22/250 - Reward: -4.40, Length: 40, Loss: -0.4880
2026-03-17 02:03:14 | INFO | Episode 23/250 - Reward: -4.55, Length: 40, Loss: -0.4336
2026-03-17 02:03:14 | INFO | Episode 24/250 - Reward: -5.30, Length: 40, Loss: -0.4208
2026-03-17 02:03:15 | INFO | Episode 25/250 - Reward: -5.60, Length: 40, Loss: -0.3498
2026-03-17 02:03:16 | INFO | Episode 26/250 - Reward: -5.15, Length: 40, Loss: -0.3390
2026-03-17 02:03:17 | INFO | Episode 27/250 - Reward: -4.10, Length: 40, Loss: -0.4802
2026-03-17 02:03:17 | INFO | Episode 28/250 - Reward: 3.40, Length: 40, Loss: 0.5325
2026-03-17 02:03:18 | INFO | Episode 29/250 - Reward: -5.00, Length: 40, Loss: -0.4382
2026-03-17 02:03:19 | INFO | Episode 30/250 - Reward: -4.55, Length: 40, Loss: -0.3985
2026-03-17 02:03:20 | INFO | Episode 31/250 - Reward: -5.30, Length: 40, Loss: -0.3353
2026-03-17 02:03:20 | INFO | Episode 32/250 - Reward: -4.25, Length: 40, Loss: -0.3764
2026-03-17 02:03:21 | INFO | Episode 33/250 - Reward: -4.85, Length: 40, Loss: -0.4427
2026-03-17 02:03:22 | INFO | Episode 34/250 - Reward: -5.45, Length: 40, Loss: -0.4489
2026-03-17 02:03:23 | INFO | Episode 35/250 - Reward: -6.80, Length: 40, Loss: -0.5391
2026-03-17 02:03:23 | INFO | Episode 36/250 - Reward: -5.00, Length: 40, Loss: -0.3794
2026-03-17 02:03:23 | INFO | Episode 37/250 - Reward: -5.00, Length: 40, Loss: -0.4674
2026-03-17 02:03:24 | INFO | Episode 38/250 - Reward: -4.70, Length: 40, Loss: -0.3964
2026-03-17 02:03:25 | INFO | Episode 39/250 - Reward: -5.00, Length: 40, Loss: -0.4333
2026-03-17 02:03:26 | INFO | Episode 40/250 - Reward: -4.70, Length: 40, Loss: -0.3716
2026-03-17 02:03:26 | INFO | Episode 41/250 - Reward: 8.65, Length: 16, Loss: 2.0878
2026-03-17 02:03:27 | INFO | Episode 42/250 - Reward: -5.15, Length: 40, Loss: -0.4368
2026-03-17 02:03:28 | INFO | Episode 43/250 - Reward: -3.80, Length: 40, Loss: -0.4349
2026-03-17 02:03:29 | INFO | Episode 44/250 - Reward: -4.10, Length: 40, Loss: -0.5256
2026-03-17 02:03:29 | INFO | Episode 45/250 - Reward: -8.90, Length: 40, Loss: -0.5426
2026-03-17 02:03:30 | INFO | Episode 46/250 - Reward: -5.00, Length: 40, Loss: -0.4026
2026-03-17 02:03:31 | INFO | Episode 47/250 - Reward: 8.25, Length: 21, Loss: 1.7587
2026-03-17 02:03:32 | INFO | Episode 48/250 - Reward: -4.70, Length: 40, Loss: -0.3957
2026-03-17 02:03:33 | INFO | Episode 49/250 - Reward: -8.30, Length: 40, Loss: -0.6355
2026-03-17 02:03:34 | INFO | Episode 50/250 - Reward: -5.75, Length: 40, Loss: -0.4207
2026-03-17 02:03:34 | INFO | Episode 50/250 - Avg Reward: -4.36, Avg Length: 39.14, Avg Loss: -0.3248
2026-03-17 02:03:35 | INFO | Episode 51/250 - Reward: -6.35, Length: 40, Loss: -0.5597
2026-03-17 02:03:36 | INFO | Episode 52/250 - Reward: -4.10, Length: 40, Loss: -0.4731
2026-03-17 02:03:36 | INFO | Episode 53/250 - Reward: -4.70, Length: 40, Loss: -0.4600
2026-03-17 02:03:37 | INFO | Episode 54/250 - Reward: -14.45, Length: 40, Loss: -0.5665
2026-03-17 02:03:38 | INFO | Episode 55/250 - Reward: -5.00, Length: 40, Loss: -0.4769
2026-03-17 02:03:39 | INFO | Episode 56/250 - Reward: -5.00, Length: 40, Loss: -0.4533
2026-03-17 02:03:39 | INFO | Episode 57/250 - Reward: -4.40, Length: 40, Loss: -0.4806
2026-03-17 02:03:40 | INFO | Episode 58/250 - Reward: -6.20, Length: 40, Loss: -0.4663
2026-03-17 02:03:41 | INFO | Episode 59/250 - Reward: -4.40, Length: 40, Loss: -0.4943
2026-03-17 02:03:41 | INFO | Episode 60/250 - Reward: -5.60, Length: 40, Loss: -0.4550
2026-03-17 02:03:42 | INFO | Episode 61/250 - Reward: -5.30, Length: 40, Loss: -0.4509
2026-03-17 02:03:43 | INFO | Episode 62/250 - Reward: 3.55, Length: 25, Loss: 1.1520
2026-03-17 02:03:43 | INFO | Episode 63/250 - Reward: -4.55, Length: 40, Loss: -0.4777
2026-03-17 02:03:44 | INFO | Episode 64/250 - Reward: 1.20, Length: 30, Loss: 0.6476
2026-03-17 02:03:44 | INFO | Episode 65/250 - Reward: -7.85, Length: 40, Loss: -0.6037
2026-03-17 02:03:45 | INFO | Episode 66/250 - Reward: -4.10, Length: 40, Loss: -0.4348
2026-03-17 02:03:46 | INFO | Episode 67/250 - Reward: -5.75, Length: 40, Loss: -0.4161
2026-03-17 02:03:46 | INFO | Episode 68/250 - Reward: -5.00, Length: 40, Loss: -0.3766
2026-03-17 02:03:47 | INFO | Episode 69/250 - Reward: -4.70, Length: 40, Loss: -0.4104
2026-03-17 02:03:48 | INFO | Episode 70/250 - Reward: -4.70, Length: 40, Loss: -0.4436
2026-03-17 02:03:48 | INFO | Episode 71/250 - Reward: -5.90, Length: 40, Loss: -0.4733
2026-03-17 02:03:49 | INFO | Episode 72/250 - Reward: -4.40, Length: 40, Loss: -0.3677
2026-03-17 02:03:50 | INFO | Episode 73/250 - Reward: 8.85, Length: 15, Loss: 2.1210
2026-03-17 02:03:50 | INFO | Episode 74/250 - Reward: -5.15, Length: 40, Loss: -0.4100
2026-03-17 02:03:51 | INFO | Episode 75/250 - Reward: -4.55, Length: 40, Loss: -0.4136
2026-03-17 02:03:51 | INFO | Episode 76/250 - Reward: -4.85, Length: 40, Loss: -0.5016
2026-03-17 02:03:52 | INFO | Episode 77/250 - Reward: -4.55, Length: 40, Loss: -0.4575
2026-03-17 02:03:53 | INFO | Episode 78/250 - Reward: -4.10, Length: 40, Loss: -0.5009
2026-03-17 02:03:53 | INFO | Episode 79/250 - Reward: -5.30, Length: 40, Loss: -0.4649
2026-03-17 02:03:54 | INFO | Episode 80/250 - Reward: -7.85, Length: 40, Loss: -0.4755
2026-03-17 02:03:55 | INFO | Episode 81/250 - Reward: -4.40, Length: 40, Loss: -0.4407
2026-03-17 02:03:55 | INFO | Episode 82/250 - Reward: -4.85, Length: 40, Loss: -0.4014
2026-03-17 02:03:56 | INFO | Episode 83/250 - Reward: -4.25, Length: 40, Loss: -0.4755
2026-03-17 02:03:56 | INFO | Episode 84/250 - Reward: 8.25, Length: 24, Loss: 1.4348
2026-03-17 02:03:57 | INFO | Episode 85/250 - Reward: 8.45, Length: 14, Loss: 2.2709
2026-03-17 02:03:58 | INFO | Episode 86/250 - Reward: -4.55, Length: 40, Loss: -0.4656
2026-03-17 02:03:58 | INFO | Episode 87/250 - Reward: -8.90, Length: 40, Loss: -0.4715
2026-03-17 02:03:59 | INFO | Episode 88/250 - Reward: -6.35, Length: 40, Loss: -0.5910
2026-03-17 02:03:59 | INFO | Episode 89/250 - Reward: 4.80, Length: 36, Loss: 0.7039
2026-03-17 02:04:00 | INFO | Episode 90/250 - Reward: -7.10, Length: 40, Loss: -0.5575
2026-03-17 02:04:01 | INFO | Episode 91/250 - Reward: -4.40, Length: 40, Loss: -0.4009
2026-03-17 02:04:01 | INFO | Episode 92/250 - Reward: 1.75, Length: 40, Loss: 0.3111
2026-03-17 02:04:02 | INFO | Episode 93/250 - Reward: -3.95, Length: 40, Loss: -0.4230
2026-03-17 02:04:03 | INFO | Episode 94/250 - Reward: 7.35, Length: 27, Loss: 1.1933
2026-03-17 02:04:03 | INFO | Episode 95/250 - Reward: 7.75, Length: 22, Loss: 1.4971
2026-03-17 02:04:04 | INFO | Episode 96/250 - Reward: -5.15, Length: 40, Loss: -0.5016
2026-03-17 02:04:05 | INFO | Episode 97/250 - Reward: -5.30, Length: 40, Loss: -0.4152
2026-03-17 02:04:05 | INFO | Episode 98/250 - Reward: 5.40, Length: 27, Loss: 1.1695
2026-03-17 02:04:06 | INFO | Episode 99/250 - Reward: 6.35, Length: 38, Loss: 0.6403
2026-03-17 02:04:07 | INFO | Episode 100/250 - Reward: -4.85, Length: 40, Loss: -0.4688
2026-03-17 02:04:07 | INFO | Episode 100/250 - Avg Reward: -2.98, Avg Length: 37.16, Avg Loss: -0.1007
2026-03-17 02:04:07 | INFO | Episode 101/250 - Reward: -5.75, Length: 40, Loss: -0.3843
2026-03-17 02:04:08 | INFO | Episode 102/250 - Reward: -5.45, Length: 40, Loss: -0.4113
2026-03-17 02:04:09 | INFO | Episode 103/250 - Reward: -8.15, Length: 40, Loss: -0.3697
2026-03-17 02:04:10 | INFO | Episode 104/250 - Reward: -4.40, Length: 40, Loss: -0.4671
2026-03-17 02:04:11 | INFO | Episode 105/250 - Reward: -4.25, Length: 40, Loss: -0.4642
2026-03-17 02:04:12 | INFO | Episode 106/250 - Reward: -5.15, Length: 40, Loss: -0.4814
2026-03-17 02:04:12 | INFO | Episode 107/250 - Reward: -5.00, Length: 40, Loss: -0.4509
2026-03-17 02:04:13 | INFO | Episode 108/250 - Reward: -4.40, Length: 40, Loss: -0.4882
2026-03-17 02:04:14 | INFO | Episode 109/250 - Reward: 8.25, Length: 21, Loss: 1.5123
2026-03-17 02:04:15 | INFO | Episode 110/250 - Reward: -4.85, Length: 40, Loss: -0.4327
2026-03-17 02:04:16 | INFO | Episode 111/250 - Reward: 6.95, Length: 32, Loss: 0.9692
2026-03-17 02:04:17 | INFO | Episode 112/250 - Reward: -4.40, Length: 40, Loss: -0.4262
2026-03-17 02:04:17 | INFO | Episode 113/250 - Reward: -3.65, Length: 40, Loss: -0.4406
2026-03-17 02:04:18 | INFO | Episode 114/250 - Reward: 0.70, Length: 34, Loss: 0.4382
2026-03-17 02:04:19 | INFO | Episode 115/250 - Reward: 6.95, Length: 23, Loss: 1.4435
2026-03-17 02:04:19 | INFO | Episode 116/250 - Reward: -4.25, Length: 40, Loss: -0.4341
2026-03-17 02:04:20 | INFO | Episode 117/250 - Reward: -4.25, Length: 40, Loss: -0.4357
2026-03-17 02:04:21 | INFO | Episode 118/250 - Reward: -6.50, Length: 40, Loss: -0.4037
2026-03-17 02:04:22 | INFO | Episode 119/250 - Reward: 8.55, Length: 15, Loss: 2.0307
2026-03-17 02:04:22 | INFO | Episode 120/250 - Reward: 6.75, Length: 36, Loss: 0.7083
2026-03-17 02:04:23 | INFO | Episode 121/250 - Reward: -4.25, Length: 40, Loss: -0.4432
2026-03-17 02:04:24 | INFO | Episode 122/250 - Reward: -7.10, Length: 40, Loss: -0.5718
2026-03-17 02:04:25 | INFO | Episode 123/250 - Reward: -4.70, Length: 40, Loss: -0.4635
2026-03-17 02:04:26 | INFO | Episode 124/250 - Reward: -13.40, Length: 40, Loss: -0.3856
2026-03-17 02:04:26 | INFO | Episode 125/250 - Reward: -6.05, Length: 40, Loss: -0.4173
2026-03-17 02:04:26 | INFO | Episode 126/250 - Reward: -5.30, Length: 40, Loss: -0.4067
2026-03-17 02:04:27 | INFO | Episode 127/250 - Reward: 1.70, Length: 26, Loss: 0.8391
2026-03-17 02:04:27 | INFO | Episode 128/250 - Reward: -5.45, Length: 40, Loss: -0.4011
2026-03-17 02:04:28 | INFO | Episode 129/250 - Reward: -5.30, Length: 40, Loss: -0.4332
2026-03-17 02:04:29 | INFO | Episode 130/250 - Reward: -7.85, Length: 40, Loss: -0.5631
2026-03-17 02:04:30 | INFO | Episode 131/250 - Reward: 6.55, Length: 34, Loss: 0.8180
2026-03-17 02:04:30 | INFO | Episode 132/250 - Reward: -6.20, Length: 40, Loss: -0.4536
2026-03-17 02:04:31 | INFO | Episode 133/250 - Reward: -4.40, Length: 40, Loss: -0.4085
2026-03-17 02:04:32 | INFO | Episode 134/250 - Reward: -6.20, Length: 40, Loss: -0.5574
2026-03-17 02:04:32 | INFO | Episode 135/250 - Reward: -4.40, Length: 40, Loss: -0.5097
2026-03-17 02:04:33 | INFO | Episode 136/250 - Reward: -5.00, Length: 40, Loss: -0.4358
2026-03-17 02:04:34 | INFO | Episode 137/250 - Reward: -4.40, Length: 40, Loss: -0.4427
2026-03-17 02:04:34 | INFO | Episode 138/250 - Reward: -4.10, Length: 40, Loss: -0.3829
2026-03-17 02:04:35 | INFO | Episode 139/250 - Reward: 4.80, Length: 39, Loss: 0.5578
2026-03-17 02:04:36 | INFO | Episode 140/250 - Reward: -4.55, Length: 40, Loss: -0.4571
2026-03-17 02:04:36 | INFO | Episode 141/250 - Reward: 3.55, Length: 28, Loss: 0.9440
2026-03-17 02:04:37 | INFO | Episode 142/250 - Reward: -3.65, Length: 40, Loss: -0.5326
2026-03-17 02:04:38 | INFO | Episode 143/250 - Reward: -4.40, Length: 40, Loss: -0.4533
2026-03-17 02:04:38 | INFO | Episode 144/250 - Reward: -5.60, Length: 40, Loss: -0.5282
2026-03-17 02:04:39 | INFO | Episode 145/250 - Reward: -4.25, Length: 40, Loss: -0.4174
2026-03-17 02:04:40 | INFO | Episode 146/250 - Reward: -4.55, Length: 40, Loss: -0.3809
2026-03-17 02:04:41 | INFO | Episode 147/250 - Reward: 6.40, Length: 19, Loss: 1.7064
2026-03-17 02:04:41 | INFO | Episode 148/250 - Reward: -9.50, Length: 40, Loss: -0.5277
2026-03-17 02:04:42 | INFO | Episode 149/250 - Reward: -4.25, Length: 40, Loss: -0.4721
2026-03-17 02:04:43 | INFO | Episode 150/250 - Reward: -3.80, Length: 40, Loss: -0.3890
2026-03-17 02:04:43 | INFO | Episode 150/250 - Avg Reward: -2.96, Avg Length: 37.34, Avg Loss: -0.1111
2026-03-17 02:04:44 | INFO | Episode 151/250 - Reward: 8.35, Length: 16, Loss: 1.8959
2026-03-17 02:04:45 | INFO | Episode 152/250 - Reward: -5.00, Length: 40, Loss: -0.4988
2026-03-17 02:04:46 | INFO | Episode 153/250 - Reward: 8.05, Length: 19, Loss: 1.6014
2026-03-17 02:04:47 | INFO | Episode 154/250 - Reward: -4.85, Length: 40, Loss: -0.5117
2026-03-17 02:04:47 | INFO | Episode 155/250 - Reward: -8.45, Length: 40, Loss: -0.5905
2026-03-17 02:04:48 | INFO | Episode 156/250 - Reward: -4.55, Length: 40, Loss: -0.4014
2026-03-17 02:04:49 | INFO | Episode 157/250 - Reward: -4.40, Length: 40, Loss: -0.4975
2026-03-17 02:04:50 | INFO | Episode 158/250 - Reward: -6.35, Length: 40, Loss: -0.6342
2026-03-17 02:04:50 | INFO | Episode 159/250 - Reward: -4.85, Length: 40, Loss: -0.3887
2026-03-17 02:04:51 | INFO | Episode 160/250 - Reward: 5.40, Length: 27, Loss: 1.0828
2026-03-17 02:04:52 | INFO | Episode 161/250 - Reward: -3.95, Length: 40, Loss: -0.5175
2026-03-17 02:04:53 | INFO | Episode 162/250 - Reward: 8.85, Length: 15, Loss: 1.9937
2026-03-17 02:04:53 | INFO | Episode 163/250 - Reward: -5.30, Length: 40, Loss: -0.4698
2026-03-17 02:04:54 | INFO | Episode 164/250 - Reward: 8.55, Length: 24, Loss: 1.3202
2026-03-17 02:04:55 | INFO | Episode 165/250 - Reward: -5.45, Length: 40, Loss: -0.4550
2026-03-17 02:04:55 | INFO | Episode 166/250 - Reward: 3.15, Length: 27, Loss: 0.9245
2026-03-17 02:04:56 | INFO | Episode 167/250 - Reward: 8.95, Length: 16, Loss: 1.8074
2026-03-17 02:04:57 | INFO | Episode 168/250 - Reward: -6.35, Length: 40, Loss: -0.3473
2026-03-17 02:04:57 | INFO | Episode 169/250 - Reward: 8.35, Length: 19, Loss: 1.6535
2026-03-17 02:04:57 | INFO | Episode 170/250 - Reward: -3.20, Length: 40, Loss: -0.3868
2026-03-17 02:04:58 | INFO | Episode 171/250 - Reward: -4.85, Length: 40, Loss: -0.4645
2026-03-17 02:04:59 | INFO | Episode 172/250 - Reward: -4.25, Length: 40, Loss: -0.4854
2026-03-17 02:04:59 | INFO | Episode 173/250 - Reward: 4.90, Length: 28, Loss: 1.0594
2026-03-17 02:05:00 | INFO | Episode 174/250 - Reward: -4.10, Length: 40, Loss: -0.5002
2026-03-17 02:05:01 | INFO | Episode 175/250 - Reward: -4.55, Length: 40, Loss: -0.4851
2026-03-17 02:05:01 | INFO | Episode 176/250 - Reward: 6.15, Length: 33, Loss: 0.8504
2026-03-17 02:05:02 | INFO | Episode 177/250 - Reward: -5.45, Length: 40, Loss: -0.3428
2026-03-17 02:05:03 | INFO | Episode 178/250 - Reward: 6.20, Length: 20, Loss: 1.5097
2026-03-17 02:05:03 | INFO | Episode 179/250 - Reward: -6.80, Length: 40, Loss: -0.4158
2026-03-17 02:05:04 | INFO | Episode 180/250 - Reward: 5.80, Length: 25, Loss: 1.2666
2026-03-17 02:05:05 | INFO | Episode 181/250 - Reward: -5.15, Length: 40, Loss: -0.5291
2026-03-17 02:05:06 | INFO | Episode 182/250 - Reward: -5.15, Length: 40, Loss: -0.3821
2026-03-17 02:05:06 | INFO | Episode 183/250 - Reward: -5.45, Length: 40, Loss: -0.4428
2026-03-17 02:05:07 | INFO | Episode 184/250 - Reward: 7.20, Length: 12, Loss: 2.2312
2026-03-17 02:05:08 | INFO | Episode 185/250 - Reward: 4.90, Length: 25, Loss: 1.1601
2026-03-17 02:05:08 | INFO | Episode 186/250 - Reward: 7.45, Length: 34, Loss: 0.8476
2026-03-17 02:05:09 | INFO | Episode 187/250 - Reward: -8.30, Length: 40, Loss: -0.6295
2026-03-17 02:05:10 | INFO | Episode 188/250 - Reward: -8.75, Length: 40, Loss: -0.3350
2026-03-17 02:05:10 | INFO | Episode 189/250 - Reward: -6.05, Length: 40, Loss: -0.5945
2026-03-17 02:05:11 | INFO | Episode 190/250 - Reward: 4.15, Length: 25, Loss: 1.1815
2026-03-17 02:05:11 | INFO | Episode 191/250 - Reward: 8.75, Length: 14, Loss: 1.7614
2026-03-17 02:05:12 | INFO | Episode 192/250 - Reward: 5.20, Length: 34, Loss: 0.7934
2026-03-17 02:05:12 | INFO | Episode 193/250 - Reward: -5.15, Length: 40, Loss: -0.4249
2026-03-17 02:05:13 | INFO | Episode 194/250 - Reward: -3.65, Length: 31, Loss: 0.0463
2026-03-17 02:05:13 | INFO | Episode 195/250 - Reward: 8.25, Length: 18, Loss: 1.6133
2026-03-17 02:05:14 | INFO | Episode 196/250 - Reward: -4.40, Length: 40, Loss: -0.5031
2026-03-17 02:05:14 | INFO | Episode 197/250 - Reward: -5.60, Length: 40, Loss: -0.4165
2026-03-17 02:05:15 | INFO | Episode 198/250 - Reward: 6.60, Length: 18, Loss: 1.7241
2026-03-17 02:05:15 | INFO | Episode 199/250 - Reward: -8.60, Length: 40, Loss: -0.5218
2026-03-17 02:05:16 | INFO | Episode 200/250 - Reward: 9.05, Length: 11, Loss: 1.9224
2026-03-17 02:05:16 | INFO | Episode 200/250 - Avg Reward: -0.29, Avg Length: 32.22, Avg Loss: 0.3415
2026-03-17 02:05:16 | INFO | Episode 201/250 - Reward: 1.90, Length: 25, Loss: 0.8676
2026-03-17 02:05:17 | INFO | Episode 202/250 - Reward: -4.70, Length: 40, Loss: -0.5077
2026-03-17 02:05:17 | INFO | Episode 203/250 - Reward: 8.45, Length: 17, Loss: 1.5557
2026-03-17 02:05:18 | INFO | Episode 204/250 - Reward: 4.70, Length: 32, Loss: 0.8049
2026-03-17 02:05:18 | INFO | Episode 205/250 - Reward: -5.75, Length: 40, Loss: -0.2967
2026-03-17 02:05:19 | INFO | Episode 206/250 - Reward: -5.60, Length: 40, Loss: -0.4373
2026-03-17 02:05:19 | INFO | Episode 207/250 - Reward: -5.15, Length: 40, Loss: -0.5079
2026-03-17 02:05:20 | INFO | Episode 208/250 - Reward: 8.85, Length: 12, Loss: 1.7928
2026-03-17 02:05:20 | INFO | Episode 209/250 - Reward: 9.15, Length: 12, Loss: 1.9878
2026-03-17 02:05:21 | INFO | Episode 210/250 - Reward: -6.65, Length: 40, Loss: -0.2688
2026-03-17 02:05:21 | INFO | Episode 211/250 - Reward: -4.55, Length: 40, Loss: -0.4270
2026-03-17 02:05:22 | INFO | Episode 212/250 - Reward: 6.00, Length: 24, Loss: 1.1343
2026-03-17 02:05:22 | INFO | Episode 213/250 - Reward: 4.55, Length: 17, Loss: 1.5708
2026-03-17 02:05:23 | INFO | Episode 214/250 - Reward: 2.10, Length: 21, Loss: 1.1020
2026-03-17 02:05:23 | INFO | Episode 215/250 - Reward: -5.90, Length: 40, Loss: -0.3284
2026-03-17 02:05:24 | INFO | Episode 216/250 - Reward: 6.85, Length: 25, Loss: 1.1162
2026-03-17 02:05:24 | INFO | Episode 217/250 - Reward: 7.75, Length: 22, Loss: 1.2069
2026-03-17 02:05:25 | INFO | Episode 218/250 - Reward: 5.15, Length: 38, Loss: 0.6185
2026-03-17 02:05:25 | INFO | Episode 219/250 - Reward: -6.95, Length: 40, Loss: -0.5399
2026-03-17 02:05:26 | INFO | Episode 220/250 - Reward: 7.75, Length: 22, Loss: 1.3970
2026-03-17 02:05:26 | INFO | Episode 221/250 - Reward: -4.85, Length: 40, Loss: -0.5498
2026-03-17 02:05:27 | INFO | Episode 222/250 - Reward: -5.45, Length: 40, Loss: -0.4714
2026-03-17 02:05:28 | INFO | Episode 223/250 - Reward: 7.00, Length: 13, Loss: 1.8322
2026-03-17 02:05:28 | INFO | Episode 224/250 - Reward: 0.05, Length: 26, Loss: 0.6929
2026-03-17 02:05:28 | INFO | Episode 225/250 - Reward: 7.45, Length: 25, Loss: 1.1450
2026-03-17 02:05:29 | INFO | Episode 226/250 - Reward: -6.05, Length: 40, Loss: -0.4374
2026-03-17 02:05:29 | INFO | Episode 227/250 - Reward: 8.05, Length: 22, Loss: 1.4340
2026-03-17 02:05:29 | INFO | Episode 228/250 - Reward: -4.70, Length: 40, Loss: -0.4853
2026-03-17 02:05:30 | INFO | Episode 229/250 - Reward: 7.40, Length: 11, Loss: 2.0642
2026-03-17 02:05:30 | INFO | Episode 230/250 - Reward: 5.05, Length: 34, Loss: 0.7288
2026-03-17 02:05:31 | INFO | Episode 231/250 - Reward: -6.05, Length: 40, Loss: -0.4382
2026-03-17 02:05:31 | INFO | Episode 232/250 - Reward: 4.10, Length: 35, Loss: 0.7299
2026-03-17 02:05:32 | INFO | Episode 233/250 - Reward: 9.35, Length: 11, Loss: 2.2106
2026-03-17 02:05:32 | INFO | Episode 234/250 - Reward: -10.10, Length: 40, Loss: -0.5266
2026-03-17 02:05:33 | INFO | Episode 235/250 - Reward: -5.90, Length: 40, Loss: -0.6718
2026-03-17 02:05:33 | INFO | Episode 236/250 - Reward: 8.25, Length: 15, Loss: 1.5294
2026-03-17 02:05:34 | INFO | Episode 237/250 - Reward: 9.05, Length: 11, Loss: 2.3682
2026-03-17 02:05:34 | INFO | Episode 238/250 - Reward: -5.45, Length: 40, Loss: -0.3453
2026-03-17 02:05:35 | INFO | Episode 239/250 - Reward: 7.65, Length: 21, Loss: 1.3618
2026-03-17 02:05:35 | INFO | Episode 240/250 - Reward: 6.80, Length: 14, Loss: 1.9739
2026-03-17 02:05:36 | INFO | Episode 241/250 - Reward: 1.50, Length: 33, Loss: 0.5540
2026-03-17 02:05:36 | INFO | Episode 242/250 - Reward: -5.30, Length: 40, Loss: -0.4284
2026-03-17 02:05:37 | INFO | Episode 243/250 - Reward: -6.05, Length: 40, Loss: -0.4831
2026-03-17 02:05:37 | INFO | Episode 244/250 - Reward: 8.35, Length: 16, Loss: 1.5904
2026-03-17 02:05:38 | INFO | Episode 245/250 - Reward: -6.50, Length: 40, Loss: -0.3691
2026-03-17 02:05:39 | INFO | Episode 246/250 - Reward: -0.20, Length: 40, Loss: 0.1867
2026-03-17 02:05:39 | INFO | Episode 247/250 - Reward: -5.00, Length: 40, Loss: -0.3667
2026-03-17 02:05:40 | INFO | Episode 248/250 - Reward: 3.95, Length: 23, Loss: 1.1838
2026-03-17 02:05:40 | INFO | Episode 249/250 - Reward: 9.15, Length: 12, Loss: 1.9501
2026-03-17 02:05:41 | INFO | Episode 250/250 - Reward: 8.45, Length: 14, Loss: 1.7085
2026-03-17 02:05:41 | INFO | Episode 250/250 - Avg Reward: 1.36, Avg Length: 28.86, Avg Loss: 0.6302
