2026-03-17 01:52:05 | INFO | ============================================================
2026-03-17 01:52:05 | INFO | DEVICE / COMPUTE INFORMATION
2026-03-17 01:52:05 | INFO |   JAX backend       : GPU
2026-03-17 01:52:05 | INFO |   Platform          : gpu
2026-03-17 01:52:05 | INFO |   Num devices       : 1
2026-03-17 01:52:05 | INFO |   Device            : cuda:0
2026-03-17 01:52:05 | INFO |   GPU name          : NVIDIA GeForce RTX 5060 Laptop GPU
2026-03-17 01:52:05 | INFO | ============================================================
2026-03-17 01:52:05 | INFO | ✓ JAX GPU backend confirmed.
2026-03-17 01:52:06 | INFO | REINFORCE seed=7_gamma=0.9_lr=0.1
2026-03-17 01:52:09 | INFO | Episode 1/250 - Reward: -4.25, Length: 40, Loss: -0.5708
2026-03-17 01:52:10 | INFO | Episode 2/250 - Reward: -4.40, Length: 40, Loss: -0.5350
2026-03-17 01:52:10 | INFO | Episode 3/250 - Reward: -6.65, Length: 40, Loss: -0.5365
2026-03-17 01:52:11 | INFO | Episode 4/250 - Reward: -4.85, Length: 40, Loss: -0.5378
2026-03-17 01:52:11 | INFO | Episode 5/250 - Reward: -4.25, Length: 40, Loss: -0.5292
2026-03-17 01:52:12 | INFO | Episode 6/250 - Reward: -5.60, Length: 40, Loss: -0.4098
2026-03-17 01:52:12 | INFO | Episode 7/250 - Reward: -4.55, Length: 40, Loss: -0.5857
2026-03-17 01:52:13 | INFO | Episode 8/250 - Reward: -5.15, Length: 40, Loss: -0.5699
2026-03-17 01:52:13 | INFO | Episode 9/250 - Reward: 6.25, Length: 40, Loss: 0.1965
2026-03-17 01:52:14 | INFO | Episode 10/250 - Reward: -4.85, Length: 40, Loss: -0.6031
2026-03-17 01:52:14 | INFO | Episode 11/250 - Reward: 7.15, Length: 28, Loss: 0.6826
2026-03-17 01:52:15 | INFO | Episode 12/250 - Reward: 7.95, Length: 21, Loss: 1.0084
2026-03-17 01:52:15 | INFO | Episode 13/250 - Reward: 4.20, Length: 33, Loss: 0.2044
2026-03-17 01:52:16 | INFO | Episode 14/250 - Reward: -4.10, Length: 40, Loss: -0.5379
2026-03-17 01:52:16 | INFO | Episode 15/250 - Reward: 5.50, Length: 28, Loss: 0.4581
2026-03-17 01:52:17 | INFO | Episode 16/250 - Reward: 4.90, Length: 34, Loss: 0.2291
2026-03-17 01:52:17 | INFO | Episode 17/250 - Reward: -5.45, Length: 40, Loss: -0.4801
2026-03-17 01:52:18 | INFO | Episode 18/250 - Reward: -6.20, Length: 40, Loss: -0.5773
2026-03-17 01:52:18 | INFO | Episode 19/250 - Reward: 8.25, Length: 21, Loss: 0.9537
2026-03-17 01:52:19 | INFO | Episode 20/250 - Reward: -4.85, Length: 40, Loss: -0.5819
2026-03-17 01:52:20 | INFO | Episode 21/250 - Reward: 7.95, Length: 21, Loss: 1.0785
2026-03-17 01:52:20 | INFO | Episode 22/250 - Reward: 9.05, Length: 11, Loss: 1.7713
2026-03-17 01:52:21 | INFO | Episode 23/250 - Reward: 8.45, Length: 14, Loss: 1.1864
2026-03-17 01:52:22 | INFO | Episode 24/250 - Reward: -6.20, Length: 40, Loss: -0.1591
2026-03-17 01:52:22 | INFO | Episode 25/250 - Reward: 9.65, Length: 8, Loss: 1.8926
2026-03-17 01:52:23 | INFO | Episode 26/250 - Reward: 6.85, Length: 31, Loss: 0.3027
2026-03-17 01:52:24 | INFO | Episode 27/250 - Reward: 4.15, Length: 40, Loss: 0.1216
2026-03-17 01:52:24 | INFO | Episode 28/250 - Reward: 5.00, Length: 23, Loss: 0.8299
2026-03-17 01:52:25 | INFO | Episode 29/250 - Reward: 9.45, Length: 9, Loss: 1.5949
2026-03-17 01:52:25 | INFO | Episode 30/250 - Reward: 6.90, Length: 12, Loss: 1.4350
2026-03-17 01:52:25 | INFO | Episode 31/250 - Reward: 6.15, Length: 30, Loss: 0.2013
2026-03-17 01:52:26 | INFO | Episode 32/250 - Reward: 8.95, Length: 13, Loss: 1.3563
2026-03-17 01:52:27 | INFO | Episode 33/250 - Reward: 5.05, Length: 34, Loss: 0.1583
2026-03-17 01:52:27 | INFO | Episode 34/250 - Reward: 8.65, Length: 16, Loss: 1.4889
2026-03-17 01:52:28 | INFO | Episode 35/250 - Reward: -8.00, Length: 40, Loss: -0.5458
2026-03-17 01:52:28 | INFO | Episode 36/250 - Reward: 7.40, Length: 11, Loss: 1.3829
2026-03-17 01:52:29 | INFO | Episode 37/250 - Reward: 7.85, Length: 20, Loss: 0.9463
2026-03-17 01:52:30 | INFO | Episode 38/250 - Reward: 8.25, Length: 15, Loss: 1.5265
2026-03-17 01:52:30 | INFO | Episode 39/250 - Reward: 7.40, Length: 11, Loss: 1.7448
2026-03-17 01:52:31 | INFO | Episode 40/250 - Reward: 6.40, Length: 16, Loss: 0.8236
2026-03-17 01:52:32 | INFO | Episode 41/250 - Reward: 8.45, Length: 14, Loss: 1.1474
2026-03-17 01:52:32 | INFO | Episode 42/250 - Reward: 8.45, Length: 14, Loss: 1.2594
2026-03-17 01:52:33 | INFO | Episode 43/250 - Reward: 9.15, Length: 12, Loss: 1.4601
2026-03-17 01:52:34 | INFO | Episode 44/250 - Reward: 8.95, Length: 13, Loss: 1.1604
2026-03-17 01:52:34 | INFO | Episode 45/250 - Reward: 5.40, Length: 24, Loss: 0.5997
2026-03-17 01:52:35 | INFO | Episode 46/250 - Reward: 8.95, Length: 13, Loss: 1.6956
2026-03-17 01:52:36 | INFO | Episode 47/250 - Reward: 8.75, Length: 14, Loss: 1.1113
2026-03-17 01:52:36 | INFO | Episode 48/250 - Reward: -5.75, Length: 40, Loss: -0.4360
2026-03-17 01:52:37 | INFO | Episode 49/250 - Reward: 9.25, Length: 10, Loss: 1.2090
2026-03-17 01:52:38 | INFO | Episode 50/250 - Reward: 7.50, Length: 9, Loss: 1.3678
2026-03-17 01:52:38 | INFO | Episode 50/250 - Avg Reward: 3.35, Avg Length: 26.06, Avg Loss: 0.5278
2026-03-17 01:52:39 | INFO | Episode 51/250 - Reward: 7.50, Length: 9, Loss: 1.2763
2026-03-17 01:52:39 | INFO | Episode 52/250 - Reward: 9.25, Length: 10, Loss: 1.4134
2026-03-17 01:52:40 | INFO | Episode 53/250 - Reward: 3.65, Length: 23, Loss: 0.8190
2026-03-17 01:52:41 | INFO | Episode 54/250 - Reward: 8.15, Length: 17, Loss: 0.9914
2026-03-17 01:52:41 | INFO | Episode 55/250 - Reward: 7.85, Length: 17, Loss: 0.7800
2026-03-17 01:52:42 | INFO | Episode 56/250 - Reward: 8.75, Length: 14, Loss: 1.5742
2026-03-17 01:52:43 | INFO | Episode 57/250 - Reward: 8.35, Length: 16, Loss: 1.0091
2026-03-17 01:52:43 | INFO | Episode 58/250 - Reward: 8.85, Length: 12, Loss: 1.2026
2026-03-17 01:52:44 | INFO | Episode 59/250 - Reward: 9.65, Length: 8, Loss: 1.1654
2026-03-17 01:52:45 | INFO | Episode 60/250 - Reward: 8.25, Length: 15, Loss: 1.1688
2026-03-17 01:52:45 | INFO | Episode 61/250 - Reward: 9.15, Length: 12, Loss: 1.7115
2026-03-17 01:52:46 | INFO | Episode 62/250 - Reward: 9.25, Length: 10, Loss: 1.6643
2026-03-17 01:52:47 | INFO | Episode 63/250 - Reward: 8.55, Length: 15, Loss: 1.6655
2026-03-17 01:52:47 | INFO | Episode 64/250 - Reward: 9.25, Length: 10, Loss: 1.5554
2026-03-17 01:52:48 | INFO | Episode 65/250 - Reward: 8.25, Length: 15, Loss: 0.7515
2026-03-17 01:52:48 | INFO | Episode 66/250 - Reward: 9.15, Length: 12, Loss: 1.4095
2026-03-17 01:52:49 | INFO | Episode 67/250 - Reward: 7.60, Length: 10, Loss: 2.0063
2026-03-17 01:52:50 | INFO | Episode 68/250 - Reward: 4.85, Length: 14, Loss: 1.0100
2026-03-17 01:52:50 | INFO | Episode 69/250 - Reward: 9.25, Length: 10, Loss: 1.9120
2026-03-17 01:52:51 | INFO | Episode 70/250 - Reward: 9.35, Length: 11, Loss: 1.6667
2026-03-17 01:52:52 | INFO | Episode 71/250 - Reward: 5.05, Length: 16, Loss: 1.1274
2026-03-17 01:52:52 | INFO | Episode 72/250 - Reward: 6.30, Length: 18, Loss: 1.1016
2026-03-17 01:52:53 | INFO | Episode 73/250 - Reward: 7.75, Length: 19, Loss: 0.8058
2026-03-17 01:52:54 | INFO | Episode 74/250 - Reward: -6.65, Length: 40, Loss: -0.4057
2026-03-17 01:52:54 | INFO | Episode 75/250 - Reward: 7.75, Length: 19, Loss: 0.8887
2026-03-17 01:52:55 | INFO | Episode 76/250 - Reward: 9.35, Length: 11, Loss: 1.7688
2026-03-17 01:52:56 | INFO | Episode 77/250 - Reward: 7.10, Length: 14, Loss: 1.5085
2026-03-17 01:52:56 | INFO | Episode 78/250 - Reward: 8.65, Length: 16, Loss: 1.4316
2026-03-17 01:52:56 | INFO | Episode 79/250 - Reward: 9.05, Length: 17, Loss: 1.2569
2026-03-17 01:52:57 | INFO | Episode 80/250 - Reward: 7.95, Length: 24, Loss: 0.7671
2026-03-17 01:52:57 | INFO | Episode 81/250 - Reward: 8.25, Length: 15, Loss: 1.2972
2026-03-17 01:52:58 | INFO | Episode 82/250 - Reward: 8.45, Length: 17, Loss: 1.0328
2026-03-17 01:52:59 | INFO | Episode 83/250 - Reward: 9.25, Length: 10, Loss: 1.1913
2026-03-17 01:52:59 | INFO | Episode 84/250 - Reward: 6.30, Length: 15, Loss: 0.8790
2026-03-17 01:53:00 | INFO | Episode 85/250 - Reward: 9.35, Length: 11, Loss: 1.6833
2026-03-17 01:53:01 | INFO | Episode 86/250 - Reward: 9.45, Length: 9, Loss: 1.3548
2026-03-17 01:53:01 | INFO | Episode 87/250 - Reward: 8.85, Length: 15, Loss: 1.3912
2026-03-17 01:53:02 | INFO | Episode 88/250 - Reward: -7.25, Length: 40, Loss: -0.1940
2026-03-17 01:53:02 | INFO | Episode 89/250 - Reward: 7.65, Length: 21, Loss: 0.6359
2026-03-17 01:53:03 | INFO | Episode 90/250 - Reward: 8.75, Length: 14, Loss: 1.2724
2026-03-17 01:53:04 | INFO | Episode 91/250 - Reward: 6.80, Length: 14, Loss: 1.2131
2026-03-17 01:53:05 | INFO | Episode 92/250 - Reward: 9.25, Length: 10, Loss: 1.4651
2026-03-17 01:53:05 | INFO | Episode 93/250 - Reward: 8.55, Length: 15, Loss: 1.4119
2026-03-17 01:53:06 | INFO | Episode 94/250 - Reward: 8.15, Length: 20, Loss: 0.8788
2026-03-17 01:53:07 | INFO | Episode 95/250 - Reward: 8.75, Length: 14, Loss: 1.0471
2026-03-17 01:53:07 | INFO | Episode 96/250 - Reward: 8.85, Length: 12, Loss: 1.3220
2026-03-17 01:53:08 | INFO | Episode 97/250 - Reward: 9.65, Length: 8, Loss: 1.4612
2026-03-17 01:53:09 | INFO | Episode 98/250 - Reward: 7.50, Length: 9, Loss: 1.3234
2026-03-17 01:53:09 | INFO | Episode 99/250 - Reward: 9.45, Length: 9, Loss: 1.0123
2026-03-17 01:53:10 | INFO | Episode 100/250 - Reward: 9.65, Length: 8, Loss: 0.8653
2026-03-17 01:53:10 | INFO | Episode 100/250 - Avg Reward: 7.66, Avg Length: 14.80, Avg Loss: 1.1910
2026-03-17 01:53:11 | INFO | Episode 101/250 - Reward: 3.85, Length: 19, Loss: 0.3451
2026-03-17 01:53:11 | INFO | Episode 102/250 - Reward: 5.70, Length: 18, Loss: 0.4609
2026-03-17 01:53:12 | INFO | Episode 103/250 - Reward: 9.05, Length: 11, Loss: 1.3317
2026-03-17 01:53:13 | INFO | Episode 104/250 - Reward: 9.45, Length: 9, Loss: 0.9828
2026-03-17 01:53:13 | INFO | Episode 105/250 - Reward: 9.45, Length: 9, Loss: 1.4311
2026-03-17 01:53:14 | INFO | Episode 106/250 - Reward: 9.55, Length: 10, Loss: 1.6885
2026-03-17 01:53:15 | INFO | Episode 107/250 - Reward: 9.25, Length: 10, Loss: 1.3419
2026-03-17 01:53:15 | INFO | Episode 108/250 - Reward: 7.70, Length: 8, Loss: 1.3858
2026-03-17 01:53:16 | INFO | Episode 109/250 - Reward: 9.15, Length: 12, Loss: 1.4077
2026-03-17 01:53:17 | INFO | Episode 110/250 - Reward: 8.85, Length: 12, Loss: 1.1021
2026-03-17 01:53:17 | INFO | Episode 111/250 - Reward: 7.60, Length: 10, Loss: 1.3877
2026-03-17 01:53:18 | INFO | Episode 112/250 - Reward: 9.65, Length: 8, Loss: 0.9056
2026-03-17 01:53:19 | INFO | Episode 113/250 - Reward: 9.65, Length: 8, Loss: 1.0313
2026-03-17 01:53:19 | INFO | Episode 114/250 - Reward: 9.65, Length: 8, Loss: 0.6330
2026-03-17 01:53:20 | INFO | Episode 115/250 - Reward: 9.65, Length: 8, Loss: 0.7571
2026-03-17 01:53:21 | INFO | Episode 116/250 - Reward: 7.50, Length: 9, Loss: 1.4141
2026-03-17 01:53:21 | INFO | Episode 117/250 - Reward: 9.45, Length: 9, Loss: 0.9986
2026-03-17 01:53:22 | INFO | Episode 118/250 - Reward: 8.65, Length: 13, Loss: 0.8946
2026-03-17 01:53:23 | INFO | Episode 119/250 - Reward: 9.25, Length: 10, Loss: 1.1935
2026-03-17 01:53:23 | INFO | Episode 120/250 - Reward: 9.45, Length: 9, Loss: 1.5797
2026-03-17 01:53:24 | INFO | Episode 121/250 - Reward: 9.45, Length: 9, Loss: 1.2329
2026-03-17 01:53:25 | INFO | Episode 122/250 - Reward: 9.65, Length: 8, Loss: 0.8213
2026-03-17 01:53:25 | INFO | Episode 123/250 - Reward: 9.25, Length: 10, Loss: 1.0123
2026-03-17 01:53:26 | INFO | Episode 124/250 - Reward: 8.85, Length: 12, Loss: 0.9566
2026-03-17 01:53:27 | INFO | Episode 125/250 - Reward: 8.95, Length: 13, Loss: 1.8444
2026-03-17 01:53:28 | INFO | Episode 126/250 - Reward: 9.45, Length: 9, Loss: 1.3005
2026-03-17 01:53:27 | INFO | Episode 127/250 - Reward: 4.50, Length: 24, Loss: 0.3285
2026-03-17 01:53:28 | INFO | Episode 128/250 - Reward: -7.25, Length: 40, Loss: -0.3994
2026-03-17 01:53:29 | INFO | Episode 129/250 - Reward: 9.65, Length: 8, Loss: 1.2066
2026-03-17 01:53:29 | INFO | Episode 130/250 - Reward: 9.45, Length: 9, Loss: 1.2531
2026-03-17 01:53:30 | INFO | Episode 131/250 - Reward: 9.45, Length: 9, Loss: 0.9178
2026-03-17 01:53:31 | INFO | Episode 132/250 - Reward: 9.65, Length: 8, Loss: 1.1532
2026-03-17 01:53:31 | INFO | Episode 133/250 - Reward: 7.70, Length: 8, Loss: 1.2099
2026-03-17 01:53:32 | INFO | Episode 134/250 - Reward: 9.45, Length: 9, Loss: 0.9884
2026-03-17 01:53:33 | INFO | Episode 135/250 - Reward: 5.50, Length: 19, Loss: 0.4003
2026-03-17 01:53:33 | INFO | Episode 136/250 - Reward: 9.65, Length: 8, Loss: 0.8211
2026-03-17 01:53:34 | INFO | Episode 137/250 - Reward: 9.45, Length: 9, Loss: 1.1001
2026-03-17 01:53:35 | INFO | Episode 138/250 - Reward: 8.65, Length: 13, Loss: 0.7479
2026-03-17 01:53:35 | INFO | Episode 139/250 - Reward: 9.05, Length: 11, Loss: 1.2691
2026-03-17 01:53:36 | INFO | Episode 140/250 - Reward: 9.45, Length: 9, Loss: 0.6607
2026-03-17 01:53:37 | INFO | Episode 141/250 - Reward: 9.65, Length: 8, Loss: 0.7378
2026-03-17 01:53:37 | INFO | Episode 142/250 - Reward: 9.65, Length: 8, Loss: 0.9668
2026-03-17 01:53:38 | INFO | Episode 143/250 - Reward: 9.45, Length: 9, Loss: 1.6687
2026-03-17 01:53:39 | INFO | Episode 144/250 - Reward: 0.60, Length: 27, Loss: 0.1412
2026-03-17 01:53:39 | INFO | Episode 145/250 - Reward: 9.55, Length: 10, Loss: 1.0227
2026-03-17 01:53:40 | INFO | Episode 146/250 - Reward: 6.70, Length: 13, Loss: 0.8186
2026-03-17 01:53:41 | INFO | Episode 147/250 - Reward: 9.45, Length: 9, Loss: 1.1291
2026-03-17 01:53:41 | INFO | Episode 148/250 - Reward: 8.95, Length: 13, Loss: 1.3062
2026-03-17 01:53:42 | INFO | Episode 149/250 - Reward: 7.25, Length: 23, Loss: 0.5043
2026-03-17 01:53:43 | INFO | Episode 150/250 - Reward: 7.55, Length: 20, Loss: 0.6883
2026-03-17 01:53:43 | INFO | Episode 150/250 - Avg Reward: 8.22, Avg Length: 11.90, Avg Loss: 1.0016
2026-03-17 01:53:43 | INFO | Episode 151/250 - Reward: 7.45, Length: 19, Loss: 0.7275
2026-03-17 01:53:44 | INFO | Episode 152/250 - Reward: 8.25, Length: 15, Loss: 0.7525
2026-03-17 01:53:45 | INFO | Episode 153/250 - Reward: 6.95, Length: 23, Loss: 0.5155
2026-03-17 01:53:45 | INFO | Episode 154/250 - Reward: 8.45, Length: 14, Loss: 0.9478
2026-03-17 01:53:46 | INFO | Episode 155/250 - Reward: 8.65, Length: 13, Loss: 0.9019
2026-03-17 01:53:46 | INFO | Episode 156/250 - Reward: 9.45, Length: 9, Loss: 1.0858
2026-03-17 01:53:47 | INFO | Episode 157/250 - Reward: 9.65, Length: 8, Loss: 1.1665
2026-03-17 01:53:48 | INFO | Episode 158/250 - Reward: 7.50, Length: 9, Loss: 1.5900
2026-03-17 01:53:48 | INFO | Episode 159/250 - Reward: 9.45, Length: 9, Loss: 1.0669
2026-03-17 01:53:49 | INFO | Episode 160/250 - Reward: 9.15, Length: 12, Loss: 1.4102
2026-03-17 01:53:49 | INFO | Episode 161/250 - Reward: 8.05, Length: 16, Loss: 0.8823
2026-03-17 01:53:50 | INFO | Episode 162/250 - Reward: 8.45, Length: 14, Loss: 0.9272
2026-03-17 01:53:51 | INFO | Episode 163/250 - Reward: 7.70, Length: 8, Loss: 1.6360
2026-03-17 01:53:51 | INFO | Episode 164/250 - Reward: 7.10, Length: 11, Loss: 0.9070
2026-03-17 01:53:52 | INFO | Episode 165/250 - Reward: 9.65, Length: 8, Loss: 1.0518
2026-03-17 01:53:52 | INFO | Episode 166/250 - Reward: 9.45, Length: 9, Loss: 0.9005
2026-03-17 01:53:53 | INFO | Episode 167/250 - Reward: 9.45, Length: 9, Loss: 1.2637
2026-03-17 01:53:53 | INFO | Episode 168/250 - Reward: 9.05, Length: 11, Loss: 1.0681
2026-03-17 01:53:54 | INFO | Episode 169/250 - Reward: 8.65, Length: 13, Loss: 1.0286
2026-03-17 01:53:54 | INFO | Episode 170/250 - Reward: 7.85, Length: 17, Loss: 0.7098
2026-03-17 01:53:55 | INFO | Episode 171/250 - Reward: 6.45, Length: 24, Loss: 0.3949
2026-03-17 01:53:55 | INFO | Episode 172/250 - Reward: 5.45, Length: 29, Loss: 0.2235
2026-03-17 01:53:56 | INFO | Episode 173/250 - Reward: 7.55, Length: 20, Loss: 0.8746
2026-03-17 01:53:56 | INFO | Episode 174/250 - Reward: 6.65, Length: 23, Loss: 0.6595
2026-03-17 01:53:57 | INFO | Episode 175/250 - Reward: -7.55, Length: 40, Loss: -0.2704
2026-03-17 01:53:57 | INFO | Episode 176/250 - Reward: 8.45, Length: 14, Loss: 0.7975
2026-03-17 01:53:58 | INFO | Episode 177/250 - Reward: 9.05, Length: 11, Loss: 0.8798
2026-03-17 01:53:58 | INFO | Episode 178/250 - Reward: 9.35, Length: 11, Loss: 1.8006
2026-03-17 01:53:59 | INFO | Episode 179/250 - Reward: 9.65, Length: 8, Loss: 0.9882
2026-03-17 01:53:59 | INFO | Episode 180/250 - Reward: 9.45, Length: 9, Loss: 0.9606
2026-03-17 01:53:59 | INFO | Episode 181/250 - Reward: 9.65, Length: 8, Loss: 0.7250
2026-03-17 01:53:59 | INFO | Episode 182/250 - Reward: 9.45, Length: 9, Loss: 1.1829
2026-03-17 01:54:00 | INFO | Episode 183/250 - Reward: 7.00, Length: 13, Loss: 1.0261
2026-03-17 01:54:00 | INFO | Episode 184/250 - Reward: 7.70, Length: 8, Loss: 1.3338
2026-03-17 01:54:01 | INFO | Episode 185/250 - Reward: 9.45, Length: 9, Loss: 0.9970
2026-03-17 01:54:01 | INFO | Episode 186/250 - Reward: 9.25, Length: 10, Loss: 0.9559
2026-03-17 01:54:02 | INFO | Episode 187/250 - Reward: 9.45, Length: 9, Loss: 0.8196
2026-03-17 01:54:02 | INFO | Episode 188/250 - Reward: 9.45, Length: 9, Loss: 0.8749
2026-03-17 01:54:03 | INFO | Episode 189/250 - Reward: 8.55, Length: 15, Loss: 1.4075
2026-03-17 01:54:03 | INFO | Episode 190/250 - Reward: 9.65, Length: 8, Loss: 0.9951
2026-03-17 01:54:04 | INFO | Episode 191/250 - Reward: 6.30, Length: 15, Loss: 0.7644
2026-03-17 01:54:04 | INFO | Episode 192/250 - Reward: 9.45, Length: 9, Loss: 1.8946
2026-03-17 01:54:05 | INFO | Episode 193/250 - Reward: 9.05, Length: 11, Loss: 1.1327
2026-03-17 01:54:05 | INFO | Episode 194/250 - Reward: 9.05, Length: 11, Loss: 1.6038
2026-03-17 01:54:06 | INFO | Episode 195/250 - Reward: 9.25, Length: 10, Loss: 1.0462
2026-03-17 01:54:06 | INFO | Episode 196/250 - Reward: 9.05, Length: 11, Loss: 1.1468
2026-03-17 01:54:07 | INFO | Episode 197/250 - Reward: 9.65, Length: 8, Loss: 1.0836
2026-03-17 01:54:07 | INFO | Episode 198/250 - Reward: 5.65, Length: 10, Loss: 1.7070
2026-03-17 01:54:08 | INFO | Episode 199/250 - Reward: 7.50, Length: 9, Loss: 1.2763
2026-03-17 01:54:08 | INFO | Episode 200/250 - Reward: 4.50, Length: 27, Loss: 0.6154
2026-03-17 01:54:08 | INFO | Episode 200/250 - Avg Reward: 8.08, Avg Length: 13.10, Avg Loss: 1.0087
2026-03-17 01:54:09 | INFO | Episode 201/250 - Reward: 9.15, Length: 12, Loss: 1.7348
2026-03-17 01:54:09 | INFO | Episode 202/250 - Reward: 7.10, Length: 11, Loss: 1.2642
2026-03-17 01:54:10 | INFO | Episode 203/250 - Reward: 8.45, Length: 14, Loss: 0.9581
2026-03-17 01:54:10 | INFO | Episode 204/250 - Reward: 9.45, Length: 9, Loss: 1.4274
2026-03-17 01:54:11 | INFO | Episode 205/250 - Reward: 9.25, Length: 10, Loss: 1.2283
2026-03-17 01:54:11 | INFO | Episode 206/250 - Reward: 9.65, Length: 8, Loss: 1.1454
2026-03-17 01:54:12 | INFO | Episode 207/250 - Reward: 7.50, Length: 9, Loss: 1.1900
2026-03-17 01:54:12 | INFO | Episode 208/250 - Reward: 7.10, Length: 11, Loss: 0.9646
2026-03-17 01:54:13 | INFO | Episode 209/250 - Reward: 9.25, Length: 10, Loss: 1.3524
2026-03-17 01:54:13 | INFO | Episode 210/250 - Reward: 9.65, Length: 8, Loss: 1.3244
2026-03-17 01:54:14 | INFO | Episode 211/250 - Reward: 6.90, Length: 12, Loss: 1.0568
2026-03-17 01:54:14 | INFO | Episode 212/250 - Reward: -6.95, Length: 40, Loss: -0.1153
2026-03-17 01:54:15 | INFO | Episode 213/250 - Reward: 7.25, Length: 20, Loss: 0.7811
2026-03-17 01:54:15 | INFO | Episode 214/250 - Reward: 9.25, Length: 10, Loss: 1.1712
2026-03-17 01:54:16 | INFO | Episode 215/250 - Reward: 9.45, Length: 9, Loss: 1.1582
2026-03-17 01:54:17 | INFO | Episode 216/250 - Reward: 6.70, Length: 13, Loss: 0.9427
2026-03-17 01:54:17 | INFO | Episode 217/250 - Reward: 7.50, Length: 9, Loss: 1.1594
2026-03-17 01:54:18 | INFO | Episode 218/250 - Reward: 7.70, Length: 8, Loss: 1.3136
2026-03-17 01:54:18 | INFO | Episode 219/250 - Reward: -7.55, Length: 40, Loss: -0.3274
2026-03-17 01:54:19 | INFO | Episode 220/250 - Reward: 9.45, Length: 9, Loss: 1.0966
2026-03-17 01:54:19 | INFO | Episode 221/250 - Reward: 9.25, Length: 10, Loss: 1.3212
2026-03-17 01:54:20 | INFO | Episode 222/250 - Reward: 9.45, Length: 9, Loss: 1.1290
2026-03-17 01:54:20 | INFO | Episode 223/250 - Reward: 9.45, Length: 9, Loss: 1.0815
2026-03-17 01:54:21 | INFO | Episode 224/250 - Reward: 9.45, Length: 9, Loss: 1.2255
2026-03-17 01:54:21 | INFO | Episode 225/250 - Reward: 9.25, Length: 10, Loss: 1.5981
2026-03-17 01:54:22 | INFO | Episode 226/250 - Reward: 7.30, Length: 10, Loss: 1.2424
2026-03-17 01:54:22 | INFO | Episode 227/250 - Reward: 9.45, Length: 9, Loss: 1.1609
2026-03-17 01:54:23 | INFO | Episode 228/250 - Reward: 9.65, Length: 8, Loss: 1.0295
2026-03-17 01:54:23 | INFO | Episode 229/250 - Reward: 7.30, Length: 10, Loss: 0.9860
2026-03-17 01:54:24 | INFO | Episode 230/250 - Reward: 9.45, Length: 9, Loss: 1.0998
2026-03-17 01:54:24 | INFO | Episode 231/250 - Reward: 9.45, Length: 9, Loss: 1.0630
2026-03-17 01:54:25 | INFO | Episode 232/250 - Reward: 6.95, Length: 23, Loss: 0.2705
2026-03-17 01:54:25 | INFO | Episode 233/250 - Reward: 7.70, Length: 8, Loss: 1.3020
2026-03-17 01:54:26 | INFO | Episode 234/250 - Reward: 0.15, Length: 39, Loss: 0.2305
2026-03-17 01:54:26 | INFO | Episode 235/250 - Reward: 9.25, Length: 10, Loss: 0.9770
2026-03-17 01:54:27 | INFO | Episode 236/250 - Reward: 8.85, Length: 12, Loss: 1.2825
2026-03-17 01:54:27 | INFO | Episode 237/250 - Reward: 7.65, Length: 18, Loss: 0.6954
2026-03-17 01:54:28 | INFO | Episode 238/250 - Reward: 8.45, Length: 14, Loss: 0.9403
2026-03-17 01:54:28 | INFO | Episode 239/250 - Reward: 8.85, Length: 12, Loss: 0.9804
2026-03-17 01:54:29 | INFO | Episode 240/250 - Reward: 7.70, Length: 8, Loss: 1.1402
2026-03-17 01:54:29 | INFO | Episode 241/250 - Reward: 9.45, Length: 9, Loss: 1.0577
2026-03-17 01:54:30 | INFO | Episode 242/250 - Reward: 9.45, Length: 9, Loss: 1.0179
2026-03-17 01:54:30 | INFO | Episode 243/250 - Reward: 9.45, Length: 9, Loss: 1.2837
2026-03-17 01:54:30 | INFO | Episode 244/250 - Reward: 9.45, Length: 9, Loss: 1.2111
2026-03-17 01:54:31 | INFO | Episode 245/250 - Reward: 9.25, Length: 10, Loss: 1.0224
2026-03-17 01:54:31 | INFO | Episode 246/250 - Reward: 9.25, Length: 10, Loss: 1.2013
2026-03-17 01:54:32 | INFO | Episode 247/250 - Reward: 9.05, Length: 11, Loss: 1.0300
2026-03-17 01:54:32 | INFO | Episode 248/250 - Reward: 9.25, Length: 10, Loss: 1.0197
2026-03-17 01:54:33 | INFO | Episode 249/250 - Reward: 9.45, Length: 9, Loss: 1.0329
2026-03-17 01:54:33 | INFO | Episode 250/250 - Reward: 9.25, Length: 10, Loss: 1.1201
2026-03-17 01:54:33 | INFO | Episode 250/250 - Avg Reward: 7.89, Avg Length: 12.28, Avg Loss: 1.0516
