2026-03-17 02:05:49 | INFO | ============================================================
2026-03-17 02:05:49 | INFO | DEVICE / COMPUTE INFORMATION
2026-03-17 02:05:49 | INFO |   JAX backend       : GPU
2026-03-17 02:05:49 | INFO |   Platform          : gpu
2026-03-17 02:05:49 | INFO |   Num devices       : 1
2026-03-17 02:05:49 | INFO |   Device            : cuda:0
2026-03-17 02:05:49 | INFO |   GPU name          : NVIDIA GeForce RTX 5060 Laptop GPU
2026-03-17 02:05:49 | INFO | ============================================================
2026-03-17 02:05:49 | INFO | ✓ JAX GPU backend confirmed.
2026-03-17 02:05:50 | INFO | REINFORCE seed=7_gamma=0.99_lr=0.001
2026-03-17 02:05:54 | INFO | Episode 1/250 - Reward: -4.25, Length: 40, Loss: -0.4242
2026-03-17 02:05:55 | INFO | Episode 2/250 - Reward: -5.00, Length: 40, Loss: -0.4471
2026-03-17 02:05:55 | INFO | Episode 3/250 - Reward: -6.35, Length: 40, Loss: -0.4456
2026-03-17 02:05:56 | INFO | Episode 4/250 - Reward: -4.85, Length: 40, Loss: -0.4467
2026-03-17 02:05:57 | INFO | Episode 5/250 - Reward: -4.25, Length: 40, Loss: -0.4469
2026-03-17 02:05:57 | INFO | Episode 6/250 - Reward: -5.60, Length: 40, Loss: -0.4420
2026-03-17 02:05:58 | INFO | Episode 7/250 - Reward: -4.55, Length: 40, Loss: -0.4421
2026-03-17 02:05:58 | INFO | Episode 8/250 - Reward: -5.15, Length: 40, Loss: -0.4515
2026-03-17 02:05:59 | INFO | Episode 9/250 - Reward: -4.55, Length: 40, Loss: -0.4353
2026-03-17 02:06:00 | INFO | Episode 10/250 - Reward: -4.85, Length: 40, Loss: -0.4517
2026-03-17 02:06:00 | INFO | Episode 11/250 - Reward: -4.25, Length: 40, Loss: -0.4048
2026-03-17 02:06:00 | INFO | Episode 12/250 - Reward: -3.95, Length: 40, Loss: -0.4543
2026-03-17 02:06:00 | INFO | Episode 13/250 - Reward: -5.45, Length: 40, Loss: -0.4394
2026-03-17 02:06:01 | INFO | Episode 14/250 - Reward: -4.25, Length: 40, Loss: -0.4880
2026-03-17 02:06:01 | INFO | Episode 15/250 - Reward: -4.85, Length: 40, Loss: -0.4154
2026-03-17 02:06:02 | INFO | Episode 16/250 - Reward: -5.30, Length: 40, Loss: -0.4462
2026-03-17 02:06:03 | INFO | Episode 17/250 - Reward: -4.55, Length: 40, Loss: -0.4328
2026-03-17 02:06:03 | INFO | Episode 18/250 - Reward: -4.85, Length: 40, Loss: -0.4886
2026-03-17 02:06:04 | INFO | Episode 19/250 - Reward: -5.30, Length: 40, Loss: -0.4070
2026-03-17 02:06:04 | INFO | Episode 20/250 - Reward: -5.45, Length: 40, Loss: -0.4743
2026-03-17 02:06:05 | INFO | Episode 21/250 - Reward: -4.70, Length: 40, Loss: -0.4019
2026-03-17 02:06:06 | INFO | Episode 22/250 - Reward: -4.40, Length: 40, Loss: -0.4879
2026-03-17 02:06:07 | INFO | Episode 23/250 - Reward: -4.55, Length: 40, Loss: -0.4558
2026-03-17 02:06:08 | INFO | Episode 24/250 - Reward: -5.30, Length: 40, Loss: -0.4325
2026-03-17 02:06:08 | INFO | Episode 25/250 - Reward: -5.60, Length: 40, Loss: -0.3517
2026-03-17 02:06:09 | INFO | Episode 26/250 - Reward: -5.15, Length: 40, Loss: -0.3400
2026-03-17 02:06:10 | INFO | Episode 27/250 - Reward: -4.10, Length: 40, Loss: -0.4808
2026-03-17 02:06:11 | INFO | Episode 28/250 - Reward: 3.40, Length: 40, Loss: 0.5381
2026-03-17 02:06:12 | INFO | Episode 29/250 - Reward: -5.00, Length: 40, Loss: -0.4364
2026-03-17 02:06:12 | INFO | Episode 30/250 - Reward: -4.85, Length: 40, Loss: -0.3981
2026-03-17 02:06:13 | INFO | Episode 31/250 - Reward: -5.00, Length: 40, Loss: -0.3481
2026-03-17 02:06:14 | INFO | Episode 32/250 - Reward: -4.25, Length: 40, Loss: -0.3745
2026-03-17 02:06:15 | INFO | Episode 33/250 - Reward: -5.00, Length: 40, Loss: -0.4659
2026-03-17 02:06:15 | INFO | Episode 34/250 - Reward: -5.45, Length: 40, Loss: -0.4445
2026-03-17 02:06:16 | INFO | Episode 35/250 - Reward: -5.15, Length: 40, Loss: -0.4179
2026-03-17 02:06:17 | INFO | Episode 36/250 - Reward: -4.70, Length: 40, Loss: -0.3807
2026-03-17 02:06:18 | INFO | Episode 37/250 - Reward: -5.00, Length: 40, Loss: -0.4741
2026-03-17 02:06:19 | INFO | Episode 38/250 - Reward: -5.00, Length: 40, Loss: -0.3615
2026-03-17 02:06:19 | INFO | Episode 39/250 - Reward: -5.00, Length: 40, Loss: -0.4290
2026-03-17 02:06:20 | INFO | Episode 40/250 - Reward: -4.70, Length: 40, Loss: -0.3680
2026-03-17 02:06:21 | INFO | Episode 41/250 - Reward: -11.00, Length: 40, Loss: -0.4330
2026-03-17 02:06:22 | INFO | Episode 42/250 - Reward: -5.45, Length: 40, Loss: -0.4065
2026-03-17 02:06:23 | INFO | Episode 43/250 - Reward: -4.40, Length: 40, Loss: -0.4572
2026-03-17 02:06:23 | INFO | Episode 44/250 - Reward: -3.95, Length: 40, Loss: -0.5357
2026-03-17 02:06:24 | INFO | Episode 45/250 - Reward: -8.90, Length: 40, Loss: -0.5469
2026-03-17 02:06:25 | INFO | Episode 46/250 - Reward: -5.30, Length: 40, Loss: -0.3665
2026-03-17 02:06:26 | INFO | Episode 47/250 - Reward: -5.45, Length: 40, Loss: -0.4867
2026-03-17 02:06:26 | INFO | Episode 48/250 - Reward: -4.70, Length: 40, Loss: -0.4003
2026-03-17 02:06:27 | INFO | Episode 49/250 - Reward: -5.45, Length: 40, Loss: -0.3454
2026-03-17 02:06:28 | INFO | Episode 50/250 - Reward: -5.75, Length: 40, Loss: -0.4068
2026-03-17 02:06:28 | INFO | Episode 50/250 - Avg Reward: -4.95, Avg Length: 40.00, Avg Loss: -0.4116
2026-03-17 02:06:29 | INFO | Episode 51/250 - Reward: -4.85, Length: 40, Loss: -0.3712
2026-03-17 02:06:30 | INFO | Episode 52/250 - Reward: -5.30, Length: 40, Loss: -0.4484
2026-03-17 02:06:30 | INFO | Episode 53/250 - Reward: -5.00, Length: 40, Loss: -0.4415
2026-03-17 02:06:31 | INFO | Episode 54/250 - Reward: -4.85, Length: 40, Loss: -0.4101
2026-03-17 02:06:32 | INFO | Episode 55/250 - Reward: -5.00, Length: 40, Loss: -0.4590
2026-03-17 02:06:32 | INFO | Episode 56/250 - Reward: -5.15, Length: 40, Loss: -0.4871
2026-03-17 02:06:33 | INFO | Episode 57/250 - Reward: -4.40, Length: 40, Loss: -0.4792
2026-03-17 02:06:33 | INFO | Episode 58/250 - Reward: -5.75, Length: 40, Loss: -0.4407
2026-03-17 02:06:34 | INFO | Episode 59/250 - Reward: -5.30, Length: 40, Loss: -0.5103
2026-03-17 02:06:35 | INFO | Episode 60/250 - Reward: -5.00, Length: 40, Loss: -0.4105
2026-03-17 02:06:36 | INFO | Episode 61/250 - Reward: -5.30, Length: 40, Loss: -0.4383
2026-03-17 02:06:36 | INFO | Episode 62/250 - Reward: 5.20, Length: 25, Loss: 1.3113
2026-03-17 02:06:37 | INFO | Episode 63/250 - Reward: -4.55, Length: 40, Loss: -0.4712
2026-03-17 02:06:38 | INFO | Episode 64/250 - Reward: -7.10, Length: 40, Loss: -0.4430
2026-03-17 02:06:39 | INFO | Episode 65/250 - Reward: -7.70, Length: 40, Loss: -0.5894
2026-03-17 02:06:39 | INFO | Episode 66/250 - Reward: -4.70, Length: 40, Loss: -0.4414
2026-03-17 02:06:40 | INFO | Episode 67/250 - Reward: -5.75, Length: 40, Loss: -0.4089
2026-03-17 02:06:41 | INFO | Episode 68/250 - Reward: -4.55, Length: 40, Loss: -0.3400
2026-03-17 02:06:42 | INFO | Episode 69/250 - Reward: -4.55, Length: 40, Loss: -0.3754
2026-03-17 02:06:43 | INFO | Episode 70/250 - Reward: -5.00, Length: 40, Loss: -0.4161
2026-03-17 02:06:43 | INFO | Episode 71/250 - Reward: -5.90, Length: 40, Loss: -0.4793
2026-03-17 02:06:44 | INFO | Episode 72/250 - Reward: -4.85, Length: 40, Loss: -0.3487
2026-03-17 02:06:45 | INFO | Episode 73/250 - Reward: -8.60, Length: 40, Loss: -0.4024
2026-03-17 02:06:46 | INFO | Episode 74/250 - Reward: -4.70, Length: 40, Loss: -0.3707
2026-03-17 02:06:47 | INFO | Episode 75/250 - Reward: -4.55, Length: 40, Loss: -0.3846
2026-03-17 02:06:48 | INFO | Episode 76/250 - Reward: -4.55, Length: 40, Loss: -0.4814
2026-03-17 02:06:48 | INFO | Episode 77/250 - Reward: -5.30, Length: 40, Loss: -0.4215
2026-03-17 02:06:49 | INFO | Episode 78/250 - Reward: -5.00, Length: 40, Loss: -0.4678
2026-03-17 02:06:50 | INFO | Episode 79/250 - Reward: -5.30, Length: 40, Loss: -0.4757
2026-03-17 02:06:51 | INFO | Episode 80/250 - Reward: -4.85, Length: 40, Loss: -0.4951
2026-03-17 02:06:52 | INFO | Episode 81/250 - Reward: -5.00, Length: 40, Loss: -0.3886
2026-03-17 02:06:52 | INFO | Episode 82/250 - Reward: -4.85, Length: 40, Loss: -0.3462
2026-03-17 02:06:53 | INFO | Episode 83/250 - Reward: -3.95, Length: 40, Loss: -0.4738
2026-03-17 02:06:54 | INFO | Episode 84/250 - Reward: 6.25, Length: 40, Loss: 0.5805
2026-03-17 02:06:55 | INFO | Episode 85/250 - Reward: -4.85, Length: 40, Loss: -0.4458
2026-03-17 02:06:56 | INFO | Episode 86/250 - Reward: -4.55, Length: 40, Loss: -0.4582
2026-03-17 02:06:57 | INFO | Episode 87/250 - Reward: -4.85, Length: 40, Loss: -0.4913
2026-03-17 02:06:58 | INFO | Episode 88/250 - Reward: -4.40, Length: 40, Loss: -0.4381
2026-03-17 02:06:59 | INFO | Episode 89/250 - Reward: -7.25, Length: 40, Loss: -0.6250
2026-03-17 02:07:00 | INFO | Episode 90/250 - Reward: -5.15, Length: 40, Loss: -0.4863
2026-03-17 02:07:01 | INFO | Episode 91/250 - Reward: -5.30, Length: 40, Loss: -0.3029
2026-03-17 02:07:02 | INFO | Episode 92/250 - Reward: -5.45, Length: 40, Loss: -0.4751
2026-03-17 02:07:02 | INFO | Episode 93/250 - Reward: -4.25, Length: 40, Loss: -0.4247
2026-03-17 02:07:03 | INFO | Episode 94/250 - Reward: 7.95, Length: 27, Loss: 1.2351
2026-03-17 02:07:03 | INFO | Episode 95/250 - Reward: -5.60, Length: 40, Loss: -0.4106
2026-03-17 02:07:04 | INFO | Episode 96/250 - Reward: -4.55, Length: 40, Loss: -0.4429
2026-03-17 02:07:04 | INFO | Episode 97/250 - Reward: -5.30, Length: 40, Loss: -0.4162
2026-03-17 02:07:05 | INFO | Episode 98/250 - Reward: -5.45, Length: 40, Loss: -0.3972
2026-03-17 02:07:06 | INFO | Episode 99/250 - Reward: -4.55, Length: 40, Loss: -0.5109
2026-03-17 02:07:07 | INFO | Episode 100/250 - Reward: -4.85, Length: 40, Loss: -0.4799
2026-03-17 02:07:07 | INFO | Episode 100/250 - Avg Reward: -4.48, Avg Length: 39.44, Avg Loss: -0.3519
2026-03-17 02:07:08 | INFO | Episode 101/250 - Reward: -4.70, Length: 40, Loss: -0.4149
2026-03-17 02:07:09 | INFO | Episode 102/250 - Reward: -5.75, Length: 40, Loss: -0.4147
2026-03-17 02:07:10 | INFO | Episode 103/250 - Reward: -4.40, Length: 40, Loss: -0.4388
2026-03-17 02:07:11 | INFO | Episode 104/250 - Reward: -5.30, Length: 40, Loss: -0.4049
2026-03-17 02:07:12 | INFO | Episode 105/250 - Reward: -4.55, Length: 40, Loss: -0.4478
2026-03-17 02:07:12 | INFO | Episode 106/250 - Reward: -5.75, Length: 40, Loss: -0.4139
2026-03-17 02:07:13 | INFO | Episode 107/250 - Reward: -4.10, Length: 40, Loss: -0.4911
2026-03-17 02:07:14 | INFO | Episode 108/250 - Reward: -4.55, Length: 40, Loss: -0.4072
2026-03-17 02:07:15 | INFO | Episode 109/250 - Reward: -5.90, Length: 40, Loss: -0.4385
2026-03-17 02:07:15 | INFO | Episode 110/250 - Reward: -5.60, Length: 40, Loss: -0.5643
2026-03-17 02:07:16 | INFO | Episode 111/250 - Reward: 6.65, Length: 32, Loss: 0.9843
2026-03-17 02:07:17 | INFO | Episode 112/250 - Reward: -5.30, Length: 40, Loss: -0.3228
2026-03-17 02:07:17 | INFO | Episode 113/250 - Reward: -5.15, Length: 40, Loss: -0.4259
2026-03-17 02:07:18 | INFO | Episode 114/250 - Reward: 4.70, Length: 35, Loss: 0.7602
2026-03-17 02:07:19 | INFO | Episode 115/250 - Reward: 6.95, Length: 23, Loss: 1.4414
2026-03-17 02:07:20 | INFO | Episode 116/250 - Reward: -4.55, Length: 40, Loss: -0.4181
2026-03-17 02:07:20 | INFO | Episode 117/250 - Reward: -4.85, Length: 40, Loss: -0.4895
2026-03-17 02:07:21 | INFO | Episode 118/250 - Reward: -5.75, Length: 40, Loss: -0.4547
2026-03-17 02:07:22 | INFO | Episode 119/250 - Reward: -7.70, Length: 40, Loss: -0.4121
2026-03-17 02:07:22 | INFO | Episode 120/250 - Reward: 6.95, Length: 29, Loss: 1.1134
2026-03-17 02:07:23 | INFO | Episode 121/250 - Reward: -3.80, Length: 40, Loss: -0.5354
2026-03-17 02:07:24 | INFO | Episode 122/250 - Reward: -5.90, Length: 40, Loss: -0.4435
2026-03-17 02:07:25 | INFO | Episode 123/250 - Reward: -5.30, Length: 40, Loss: -0.4485
2026-03-17 02:07:25 | INFO | Episode 124/250 - Reward: -4.40, Length: 40, Loss: -0.5085
2026-03-17 02:07:26 | INFO | Episode 125/250 - Reward: 3.85, Length: 28, Loss: 1.0214
2026-03-17 02:07:27 | INFO | Episode 126/250 - Reward: -5.75, Length: 40, Loss: -0.4289
2026-03-17 02:07:28 | INFO | Episode 127/250 - Reward: -5.00, Length: 40, Loss: -0.4534
2026-03-17 02:07:28 | INFO | Episode 128/250 - Reward: -4.55, Length: 40, Loss: -0.4768
2026-03-17 02:07:29 | INFO | Episode 129/250 - Reward: -5.90, Length: 40, Loss: -0.3897
2026-03-17 02:07:30 | INFO | Episode 130/250 - Reward: -4.70, Length: 40, Loss: -0.3882
2026-03-17 02:07:30 | INFO | Episode 131/250 - Reward: -4.10, Length: 40, Loss: -0.4421
2026-03-17 02:07:31 | INFO | Episode 132/250 - Reward: -4.40, Length: 40, Loss: -0.4355
2026-03-17 02:07:32 | INFO | Episode 133/250 - Reward: -5.75, Length: 40, Loss: -0.4112
2026-03-17 02:07:33 | INFO | Episode 134/250 - Reward: -4.85, Length: 40, Loss: -0.3992
2026-03-17 02:07:33 | INFO | Episode 135/250 - Reward: -4.85, Length: 40, Loss: -0.4243
2026-03-17 02:07:34 | INFO | Episode 136/250 - Reward: -5.30, Length: 40, Loss: -0.4662
2026-03-17 02:07:34 | INFO | Episode 137/250 - Reward: -5.00, Length: 40, Loss: -0.4126
2026-03-17 02:07:35 | INFO | Episode 138/250 - Reward: -5.15, Length: 40, Loss: -0.3315
2026-03-17 02:07:35 | INFO | Episode 139/250 - Reward: -5.45, Length: 40, Loss: -0.4820
2026-03-17 02:07:36 | INFO | Episode 140/250 - Reward: -5.15, Length: 40, Loss: -0.4251
2026-03-17 02:07:37 | INFO | Episode 141/250 - Reward: -5.00, Length: 40, Loss: -0.4671
2026-03-17 02:07:38 | INFO | Episode 142/250 - Reward: -4.55, Length: 40, Loss: -0.4117
2026-03-17 02:07:38 | INFO | Episode 143/250 - Reward: -4.40, Length: 40, Loss: -0.3575
2026-03-17 02:07:39 | INFO | Episode 144/250 - Reward: -4.40, Length: 40, Loss: -0.4014
2026-03-17 02:07:40 | INFO | Episode 145/250 - Reward: -4.55, Length: 40, Loss: -0.3901
2026-03-17 02:07:40 | INFO | Episode 146/250 - Reward: -5.00, Length: 40, Loss: -0.4344
2026-03-17 02:07:41 | INFO | Episode 147/250 - Reward: -4.85, Length: 40, Loss: -0.4945
2026-03-17 02:07:42 | INFO | Episode 148/250 - Reward: -4.55, Length: 40, Loss: -0.4406
2026-03-17 02:07:43 | INFO | Episode 149/250 - Reward: -4.25, Length: 40, Loss: -0.4227
2026-03-17 02:07:43 | INFO | Episode 150/250 - Reward: -4.40, Length: 40, Loss: -0.3865
2026-03-17 02:07:43 | INFO | Episode 150/250 - Avg Reward: -3.92, Avg Length: 38.94, Avg Loss: -0.2830
2026-03-17 02:07:44 | INFO | Episode 151/250 - Reward: -7.40, Length: 40, Loss: -0.3835
2026-03-17 02:07:45 | INFO | Episode 152/250 - Reward: -5.75, Length: 40, Loss: -0.4466
2026-03-17 02:07:46 | INFO | Episode 153/250 - Reward: -10.40, Length: 40, Loss: -0.5909
2026-03-17 02:07:47 | INFO | Episode 154/250 - Reward: -4.40, Length: 40, Loss: -0.4562
2026-03-17 02:07:48 | INFO | Episode 155/250 - Reward: -4.55, Length: 40, Loss: -0.4440
2026-03-17 02:07:48 | INFO | Episode 156/250 - Reward: -5.15, Length: 40, Loss: -0.3863
2026-03-17 02:07:49 | INFO | Episode 157/250 - Reward: -5.15, Length: 40, Loss: -0.4865
2026-03-17 02:07:50 | INFO | Episode 158/250 - Reward: -5.15, Length: 40, Loss: -0.4766
2026-03-17 02:07:50 | INFO | Episode 159/250 - Reward: -4.85, Length: 40, Loss: -0.3547
2026-03-17 02:07:51 | INFO | Episode 160/250 - Reward: -5.15, Length: 40, Loss: -0.4293
2026-03-17 02:07:52 | INFO | Episode 161/250 - Reward: -5.45, Length: 40, Loss: -0.5243
2026-03-17 02:07:52 | INFO | Episode 162/250 - Reward: -4.55, Length: 40, Loss: -0.4861
2026-03-17 02:07:53 | INFO | Episode 163/250 - Reward: -5.60, Length: 40, Loss: -0.4170
2026-03-17 02:07:54 | INFO | Episode 164/250 - Reward: -8.00, Length: 40, Loss: -0.6254
2026-03-17 02:07:54 | INFO | Episode 165/250 - Reward: -5.30, Length: 40, Loss: -0.4376
2026-03-17 02:07:55 | INFO | Episode 166/250 - Reward: -14.30, Length: 40, Loss: -0.4293
2026-03-17 02:07:55 | INFO | Episode 167/250 - Reward: -4.25, Length: 40, Loss: -0.5025
2026-03-17 02:07:56 | INFO | Episode 168/250 - Reward: -4.55, Length: 40, Loss: -0.5524
2026-03-17 02:07:57 | INFO | Episode 169/250 - Reward: -5.15, Length: 40, Loss: -0.4671
2026-03-17 02:07:57 | INFO | Episode 170/250 - Reward: -4.10, Length: 40, Loss: -0.4284
2026-03-17 02:07:58 | INFO | Episode 171/250 - Reward: 5.95, Length: 34, Loss: 0.8078
2026-03-17 02:07:58 | INFO | Episode 172/250 - Reward: -5.00, Length: 40, Loss: -0.4379
2026-03-17 02:07:59 | INFO | Episode 173/250 - Reward: -5.15, Length: 40, Loss: -0.4514
2026-03-17 02:08:00 | INFO | Episode 174/250 - Reward: -5.30, Length: 40, Loss: -0.3388
2026-03-17 02:08:00 | INFO | Episode 175/250 - Reward: -4.55, Length: 40, Loss: -0.4747
2026-03-17 02:08:01 | INFO | Episode 176/250 - Reward: 7.05, Length: 27, Loss: 1.2279
2026-03-17 02:08:02 | INFO | Episode 177/250 - Reward: -5.15, Length: 40, Loss: -0.3864
2026-03-17 02:08:02 | INFO | Episode 178/250 - Reward: -4.55, Length: 40, Loss: -0.4705
2026-03-17 02:08:03 | INFO | Episode 179/250 - Reward: -5.45, Length: 40, Loss: -0.4394
2026-03-17 02:08:03 | INFO | Episode 180/250 - Reward: -7.25, Length: 40, Loss: -0.5497
2026-03-17 02:08:04 | INFO | Episode 181/250 - Reward: -4.55, Length: 40, Loss: -0.3702
2026-03-17 02:08:05 | INFO | Episode 182/250 - Reward: -6.20, Length: 40, Loss: -0.4580
2026-03-17 02:08:05 | INFO | Episode 183/250 - Reward: -5.45, Length: 40, Loss: -0.4516
2026-03-17 02:08:06 | INFO | Episode 184/250 - Reward: 7.85, Length: 17, Loss: 1.9972
2026-03-17 02:08:06 | INFO | Episode 185/250 - Reward: -5.30, Length: 40, Loss: -0.3753
2026-03-17 02:08:07 | INFO | Episode 186/250 - Reward: -5.30, Length: 40, Loss: -0.4479
2026-03-17 02:08:07 | INFO | Episode 187/250 - Reward: -4.40, Length: 40, Loss: -0.4413
2026-03-17 02:08:08 | INFO | Episode 188/250 - Reward: -3.95, Length: 40, Loss: -0.4741
2026-03-17 02:08:08 | INFO | Episode 189/250 - Reward: -4.70, Length: 40, Loss: -0.4383
2026-03-17 02:08:09 | INFO | Episode 190/250 - Reward: -4.55, Length: 40, Loss: -0.4683
2026-03-17 02:08:10 | INFO | Episode 191/250 - Reward: -3.95, Length: 40, Loss: -0.4837
2026-03-17 02:08:11 | INFO | Episode 192/250 - Reward: -4.70, Length: 40, Loss: -0.3453
2026-03-17 02:08:11 | INFO | Episode 193/250 - Reward: -5.90, Length: 40, Loss: -0.4543
2026-03-17 02:08:12 | INFO | Episode 194/250 - Reward: -4.70, Length: 40, Loss: -0.4858
2026-03-17 02:08:13 | INFO | Episode 195/250 - Reward: -4.70, Length: 40, Loss: -0.4538
2026-03-17 02:08:13 | INFO | Episode 196/250 - Reward: -4.85, Length: 40, Loss: -0.4762
2026-03-17 02:08:14 | INFO | Episode 197/250 - Reward: 4.70, Length: 29, Loss: 0.9217
2026-03-17 02:08:15 | INFO | Episode 198/250 - Reward: -4.10, Length: 40, Loss: -0.4296
2026-03-17 02:08:15 | INFO | Episode 199/250 - Reward: -5.90, Length: 40, Loss: -0.4660
2026-03-17 02:08:16 | INFO | Episode 200/250 - Reward: -5.15, Length: 40, Loss: -0.4187
2026-03-17 02:08:16 | INFO | Episode 200/250 - Avg Reward: -4.49, Avg Length: 38.94, Avg Loss: -0.3171
2026-03-17 02:08:17 | INFO | Episode 201/250 - Reward: -6.05, Length: 40, Loss: -0.3741
2026-03-17 02:08:17 | INFO | Episode 202/250 - Reward: -4.70, Length: 40, Loss: -0.4837
2026-03-17 02:08:18 | INFO | Episode 203/250 - Reward: -5.75, Length: 40, Loss: -0.3558
2026-03-17 02:08:19 | INFO | Episode 204/250 - Reward: -8.60, Length: 40, Loss: -0.4695
2026-03-17 02:08:19 | INFO | Episode 205/250 - Reward: -5.45, Length: 40, Loss: -0.4449
2026-03-17 02:08:20 | INFO | Episode 206/250 - Reward: 3.15, Length: 30, Loss: 0.9384
2026-03-17 02:08:20 | INFO | Episode 207/250 - Reward: -5.15, Length: 40, Loss: -0.4145
2026-03-17 02:08:21 | INFO | Episode 208/250 - Reward: 5.45, Length: 11, Loss: 2.6126
2026-03-17 02:08:22 | INFO | Episode 209/250 - Reward: -4.25, Length: 40, Loss: -0.3918
2026-03-17 02:08:22 | INFO | Episode 210/250 - Reward: 5.50, Length: 22, Loss: 1.4584
2026-03-17 02:08:23 | INFO | Episode 211/250 - Reward: -5.45, Length: 40, Loss: -0.4249
2026-03-17 02:08:24 | INFO | Episode 212/250 - Reward: -4.85, Length: 40, Loss: -0.4656
2026-03-17 02:08:24 | INFO | Episode 213/250 - Reward: -4.40, Length: 40, Loss: -0.3862
2026-03-17 02:08:25 | INFO | Episode 214/250 - Reward: -5.15, Length: 40, Loss: -0.4357
2026-03-17 02:08:26 | INFO | Episode 215/250 - Reward: -5.60, Length: 40, Loss: -0.4336
2026-03-17 02:08:26 | INFO | Episode 216/250 - Reward: -4.70, Length: 40, Loss: -0.4391
2026-03-17 02:08:27 | INFO | Episode 217/250 - Reward: 5.60, Length: 26, Loss: 1.2849
2026-03-17 02:08:28 | INFO | Episode 218/250 - Reward: -5.00, Length: 40, Loss: -0.3647
2026-03-17 02:08:28 | INFO | Episode 219/250 - Reward: -9.80, Length: 40, Loss: -0.5965
2026-03-17 02:08:29 | INFO | Episode 220/250 - Reward: -6.35, Length: 40, Loss: -0.5948
2026-03-17 02:08:29 | INFO | Episode 221/250 - Reward: -5.60, Length: 40, Loss: -0.4629
2026-03-17 02:08:30 | INFO | Episode 222/250 - Reward: -4.40, Length: 40, Loss: -0.3810
2026-03-17 02:08:31 | INFO | Episode 223/250 - Reward: -3.95, Length: 40, Loss: -0.3767
2026-03-17 02:08:31 | INFO | Episode 224/250 - Reward: -4.85, Length: 40, Loss: -0.3406
2026-03-17 02:08:32 | INFO | Episode 225/250 - Reward: -7.25, Length: 40, Loss: -0.6225
2026-03-17 02:08:33 | INFO | Episode 226/250 - Reward: -4.70, Length: 40, Loss: -0.4437
2026-03-17 02:08:33 | INFO | Episode 227/250 - Reward: 6.35, Length: 32, Loss: 0.9537
2026-03-17 02:08:34 | INFO | Episode 228/250 - Reward: -4.40, Length: 40, Loss: -0.4143
2026-03-17 02:08:34 | INFO | Episode 229/250 - Reward: -4.55, Length: 40, Loss: -0.4544
2026-03-17 02:08:35 | INFO | Episode 230/250 - Reward: -5.15, Length: 40, Loss: -0.3640
2026-03-17 02:08:35 | INFO | Episode 231/250 - Reward: -4.55, Length: 40, Loss: -0.4483
2026-03-17 02:08:36 | INFO | Episode 232/250 - Reward: -10.70, Length: 40, Loss: -0.5838
2026-03-17 02:08:36 | INFO | Episode 233/250 - Reward: -6.05, Length: 40, Loss: -0.4698
2026-03-17 02:08:37 | INFO | Episode 234/250 - Reward: -4.40, Length: 40, Loss: -0.3684
2026-03-17 02:08:37 | INFO | Episode 235/250 - Reward: -5.15, Length: 40, Loss: -0.4431
2026-03-17 02:08:37 | INFO | Episode 236/250 - Reward: -5.15, Length: 40, Loss: -0.4460
2026-03-17 02:08:37 | INFO | Episode 237/250 - Reward: -5.75, Length: 40, Loss: -0.4163
2026-03-17 02:08:38 | INFO | Episode 238/250 - Reward: -5.00, Length: 40, Loss: -0.4668
2026-03-17 02:08:38 | INFO | Episode 239/250 - Reward: -5.00, Length: 40, Loss: -0.4213
2026-03-17 02:08:39 | INFO | Episode 240/250 - Reward: -9.65, Length: 40, Loss: -0.4761
2026-03-17 02:08:39 | INFO | Episode 241/250 - Reward: -4.55, Length: 40, Loss: -0.4032
2026-03-17 02:08:40 | INFO | Episode 242/250 - Reward: -4.55, Length: 40, Loss: -0.4407
2026-03-17 02:08:40 | INFO | Episode 243/250 - Reward: -4.85, Length: 40, Loss: -0.4153
2026-03-17 02:08:41 | INFO | Episode 244/250 - Reward: 5.60, Length: 23, Loss: 1.4921
2026-03-17 02:08:41 | INFO | Episode 245/250 - Reward: -5.15, Length: 40, Loss: -0.4052
2026-03-17 02:08:42 | INFO | Episode 246/250 - Reward: -6.05, Length: 40, Loss: -0.4735
2026-03-17 02:08:42 | INFO | Episode 247/250 - Reward: -5.15, Length: 40, Loss: -0.4281
2026-03-17 02:08:43 | INFO | Episode 248/250 - Reward: -5.00, Length: 40, Loss: -0.3854
2026-03-17 02:08:43 | INFO | Episode 249/250 - Reward: -5.90, Length: 40, Loss: -0.4381
2026-03-17 02:08:44 | INFO | Episode 250/250 - Reward: -6.95, Length: 40, Loss: -0.5585
2026-03-17 02:08:44 | INFO | Episode 250/250 - Avg Reward: -4.28, Avg Length: 38.08, Avg Loss: -0.2137
