2026-03-17 02:00:10 | INFO | ============================================================
2026-03-17 02:00:10 | INFO | DEVICE / COMPUTE INFORMATION
2026-03-17 02:00:10 | INFO |   JAX backend       : GPU
2026-03-17 02:00:10 | INFO |   Platform          : gpu
2026-03-17 02:00:10 | INFO |   Num devices       : 1
2026-03-17 02:00:10 | INFO |   Device            : cuda:0
2026-03-17 02:00:10 | INFO |   GPU name          : NVIDIA GeForce RTX 5060 Laptop GPU
2026-03-17 02:00:10 | INFO | ============================================================
2026-03-17 02:00:10 | INFO | ✓ JAX GPU backend confirmed.
2026-03-17 02:00:11 | INFO | REINFORCE seed=7_gamma=0.99_lr=0.1
2026-03-17 02:00:15 | INFO | Episode 1/250 - Reward: -4.25, Length: 40, Loss: -0.4242
2026-03-17 02:00:16 | INFO | Episode 2/250 - Reward: -5.00, Length: 40, Loss: -0.4441
2026-03-17 02:00:16 | INFO | Episode 3/250 - Reward: -6.35, Length: 40, Loss: -0.3936
2026-03-17 02:00:17 | INFO | Episode 4/250 - Reward: -4.85, Length: 40, Loss: -0.4471
2026-03-17 02:00:18 | INFO | Episode 5/250 - Reward: -4.25, Length: 40, Loss: -0.4575
2026-03-17 02:00:19 | INFO | Episode 6/250 - Reward: 2.75, Length: 38, Loss: 0.5502
2026-03-17 02:00:19 | INFO | Episode 7/250 - Reward: -4.25, Length: 40, Loss: -0.4124
2026-03-17 02:00:20 | INFO | Episode 8/250 - Reward: -5.15, Length: 40, Loss: -0.4479
2026-03-17 02:00:21 | INFO | Episode 9/250 - Reward: 5.95, Length: 40, Loss: 0.5846
2026-03-17 02:00:21 | INFO | Episode 10/250 - Reward: -4.85, Length: 40, Loss: -0.4876
2026-03-17 02:00:22 | INFO | Episode 11/250 - Reward: 7.15, Length: 28, Loss: 1.1504
2026-03-17 02:00:23 | INFO | Episode 12/250 - Reward: 5.00, Length: 29, Loss: 1.0070
2026-03-17 02:00:23 | INFO | Episode 13/250 - Reward: -4.55, Length: 40, Loss: -0.4673
2026-03-17 02:00:24 | INFO | Episode 14/250 - Reward: -5.90, Length: 40, Loss: -0.4835
2026-03-17 02:00:25 | INFO | Episode 15/250 - Reward: 6.10, Length: 28, Loss: 1.1191
2026-03-17 02:00:25 | INFO | Episode 16/250 - Reward: -3.95, Length: 40, Loss: -0.4600
2026-03-17 02:00:26 | INFO | Episode 17/250 - Reward: -5.75, Length: 40, Loss: -0.2944
2026-03-17 02:00:27 | INFO | Episode 18/250 - Reward: -4.10, Length: 40, Loss: -0.4468
2026-03-17 02:00:28 | INFO | Episode 19/250 - Reward: 4.90, Length: 37, Loss: 0.6265
2026-03-17 02:00:28 | INFO | Episode 20/250 - Reward: -11.60, Length: 40, Loss: -0.5901
2026-03-17 02:00:29 | INFO | Episode 21/250 - Reward: 5.90, Length: 23, Loss: 1.3037
2026-03-17 02:00:30 | INFO | Episode 22/250 - Reward: 9.05, Length: 11, Loss: 2.1353
2026-03-17 02:00:30 | INFO | Episode 23/250 - Reward: 8.45, Length: 14, Loss: 1.3275
2026-03-17 02:00:31 | INFO | Episode 24/250 - Reward: -6.20, Length: 40, Loss: -0.2326
2026-03-17 02:00:32 | INFO | Episode 25/250 - Reward: 8.05, Length: 16, Loss: 1.0100
2026-03-17 02:00:32 | INFO | Episode 26/250 - Reward: 5.00, Length: 23, Loss: 0.8578
2026-03-17 02:00:33 | INFO | Episode 27/250 - Reward: 5.45, Length: 32, Loss: 0.6182
2026-03-17 02:00:34 | INFO | Episode 28/250 - Reward: 4.65, Length: 33, Loss: 0.2674
2026-03-17 02:00:35 | INFO | Episode 29/250 - Reward: 5.15, Length: 32, Loss: 0.4887
2026-03-17 02:00:35 | INFO | Episode 30/250 - Reward: 5.20, Length: 22, Loss: 0.8220
2026-03-17 02:00:36 | INFO | Episode 31/250 - Reward: 6.85, Length: 28, Loss: 1.0860
2026-03-17 02:00:37 | INFO | Episode 32/250 - Reward: 6.75, Length: 24, Loss: 0.7341
2026-03-17 02:00:37 | INFO | Episode 33/250 - Reward: 2.50, Length: 37, Loss: 0.2421
2026-03-17 02:00:38 | INFO | Episode 34/250 - Reward: 7.05, Length: 27, Loss: 1.1397
2026-03-17 02:00:39 | INFO | Episode 35/250 - Reward: 8.75, Length: 14, Loss: 1.8785
2026-03-17 02:00:39 | INFO | Episode 36/250 - Reward: 6.55, Length: 25, Loss: 1.0733
2026-03-17 02:00:40 | INFO | Episode 37/250 - Reward: 6.85, Length: 28, Loss: 1.0134
2026-03-17 02:00:41 | INFO | Episode 38/250 - Reward: 6.10, Length: 19, Loss: 1.5834
2026-03-17 02:00:41 | INFO | Episode 39/250 - Reward: 5.70, Length: 18, Loss: 1.0297
2026-03-17 02:00:42 | INFO | Episode 40/250 - Reward: 6.40, Length: 16, Loss: 1.1698
2026-03-17 02:00:43 | INFO | Episode 41/250 - Reward: 8.85, Length: 12, Loss: 1.5629
2026-03-17 02:00:43 | INFO | Episode 42/250 - Reward: 6.40, Length: 16, Loss: 1.3923
2026-03-17 02:00:44 | INFO | Episode 43/250 - Reward: 9.15, Length: 12, Loss: 1.6499
2026-03-17 02:00:45 | INFO | Episode 44/250 - Reward: 8.95, Length: 13, Loss: 1.5042
2026-03-17 02:00:45 | INFO | Episode 45/250 - Reward: 9.45, Length: 9, Loss: 1.3172
2026-03-17 02:00:46 | INFO | Episode 46/250 - Reward: 8.95, Length: 13, Loss: 2.1026
2026-03-17 02:00:47 | INFO | Episode 47/250 - Reward: 8.75, Length: 14, Loss: 1.7584
2026-03-17 02:00:46 | INFO | Episode 48/250 - Reward: 8.95, Length: 13, Loss: 1.3170
2026-03-17 02:00:47 | INFO | Episode 49/250 - Reward: 6.75, Length: 24, Loss: 0.6009
2026-03-17 02:00:48 | INFO | Episode 50/250 - Reward: 6.40, Length: 16, Loss: 1.2154
2026-03-17 02:00:48 | INFO | Episode 50/250 - Avg Reward: 3.08, Avg Length: 27.68, Avg Loss: 0.6550
2026-03-17 02:00:49 | INFO | Episode 51/250 - Reward: 6.45, Length: 24, Loss: 0.5673
2026-03-17 02:00:49 | INFO | Episode 52/250 - Reward: 4.85, Length: 32, Loss: 0.4320
2026-03-17 02:00:50 | INFO | Episode 53/250 - Reward: 6.25, Length: 28, Loss: 0.8581
2026-03-17 02:00:51 | INFO | Episode 54/250 - Reward: 4.45, Length: 34, Loss: 0.3075
2026-03-17 02:00:51 | INFO | Episode 55/250 - Reward: 7.35, Length: 21, Loss: 0.8654
2026-03-17 02:00:52 | INFO | Episode 56/250 - Reward: 8.75, Length: 14, Loss: 1.9551
2026-03-17 02:00:53 | INFO | Episode 57/250 - Reward: 8.35, Length: 16, Loss: 1.4040
2026-03-17 02:00:53 | INFO | Episode 58/250 - Reward: 8.85, Length: 12, Loss: 1.7593
2026-03-17 02:00:54 | INFO | Episode 59/250 - Reward: 9.65, Length: 8, Loss: 1.3559
2026-03-17 02:00:55 | INFO | Episode 60/250 - Reward: 7.70, Length: 8, Loss: 1.6393
2026-03-17 02:00:55 | INFO | Episode 61/250 - Reward: 9.25, Length: 10, Loss: 1.5922
2026-03-17 02:00:56 | INFO | Episode 62/250 - Reward: 7.00, Length: 13, Loss: 2.0327
2026-03-17 02:00:57 | INFO | Episode 63/250 - Reward: 4.00, Length: 34, Loss: 0.6441
2026-03-17 02:00:57 | INFO | Episode 64/250 - Reward: 9.25, Length: 10, Loss: 1.6997
2026-03-17 02:00:58 | INFO | Episode 65/250 - Reward: 8.25, Length: 15, Loss: 1.3634
2026-03-17 02:00:59 | INFO | Episode 66/250 - Reward: 7.10, Length: 11, Loss: 1.4195
2026-03-17 02:00:59 | INFO | Episode 67/250 - Reward: 5.70, Length: 18, Loss: 0.7299
2026-03-17 02:01:00 | INFO | Episode 68/250 - Reward: 4.20, Length: 27, Loss: 0.5981
2026-03-17 02:01:01 | INFO | Episode 69/250 - Reward: 7.50, Length: 9, Loss: 1.8846
2026-03-17 02:01:01 | INFO | Episode 70/250 - Reward: 9.45, Length: 9, Loss: 1.3126
2026-03-17 02:01:02 | INFO | Episode 71/250 - Reward: 9.45, Length: 9, Loss: 1.2606
2026-03-17 02:01:03 | INFO | Episode 72/250 - Reward: 8.25, Length: 15, Loss: 1.3136
2026-03-17 02:01:03 | INFO | Episode 73/250 - Reward: 7.45, Length: 19, Loss: 0.7861
2026-03-17 02:01:04 | INFO | Episode 74/250 - Reward: 6.15, Length: 30, Loss: 0.5787
2026-03-17 02:01:05 | INFO | Episode 75/250 - Reward: 7.05, Length: 21, Loss: 0.6352
2026-03-17 02:01:05 | INFO | Episode 76/250 - Reward: 8.65, Length: 13, Loss: 1.0279
2026-03-17 02:01:06 | INFO | Episode 77/250 - Reward: 8.35, Length: 16, Loss: 1.2596
2026-03-17 02:01:07 | INFO | Episode 78/250 - Reward: 7.25, Length: 20, Loss: 0.8509
2026-03-17 02:01:08 | INFO | Episode 79/250 - Reward: -7.55, Length: 40, Loss: -0.3840
2026-03-17 02:01:08 | INFO | Episode 80/250 - Reward: 6.25, Length: 25, Loss: 0.5501
2026-03-17 02:01:09 | INFO | Episode 81/250 - Reward: 6.85, Length: 22, Loss: 0.6840
2026-03-17 02:01:10 | INFO | Episode 82/250 - Reward: 7.75, Length: 19, Loss: 1.1315
2026-03-17 02:01:10 | INFO | Episode 83/250 - Reward: 5.45, Length: 29, Loss: 0.4577
2026-03-17 02:01:11 | INFO | Episode 84/250 - Reward: 9.05, Length: 11, Loss: 1.2490
2026-03-17 02:01:12 | INFO | Episode 85/250 - Reward: 8.55, Length: 15, Loss: 1.3078
2026-03-17 02:01:12 | INFO | Episode 86/250 - Reward: 9.25, Length: 10, Loss: 1.0788
2026-03-17 02:01:13 | INFO | Episode 87/250 - Reward: 8.85, Length: 12, Loss: 1.3412
2026-03-17 02:01:14 | INFO | Episode 88/250 - Reward: -6.80, Length: 40, Loss: -0.0809
2026-03-17 02:01:14 | INFO | Episode 89/250 - Reward: 5.75, Length: 29, Loss: 0.5350
2026-03-17 02:01:15 | INFO | Episode 90/250 - Reward: 7.85, Length: 17, Loss: 0.7871
2026-03-17 02:01:16 | INFO | Episode 91/250 - Reward: 6.95, Length: 23, Loss: 0.7328
2026-03-17 02:01:16 | INFO | Episode 92/250 - Reward: 8.05, Length: 16, Loss: 1.0848
2026-03-17 02:01:17 | INFO | Episode 93/250 - Reward: 7.45, Length: 19, Loss: 1.0327
2026-03-17 02:01:18 | INFO | Episode 94/250 - Reward: 7.15, Length: 22, Loss: 0.8890
2026-03-17 02:01:18 | INFO | Episode 95/250 - Reward: 6.65, Length: 23, Loss: 0.5771
2026-03-17 02:01:18 | INFO | Episode 96/250 - Reward: 6.65, Length: 23, Loss: 0.5441
2026-03-17 02:01:19 | INFO | Episode 97/250 - Reward: 8.85, Length: 12, Loss: 1.2632
2026-03-17 02:01:20 | INFO | Episode 98/250 - Reward: 9.05, Length: 11, Loss: 1.2024
2026-03-17 02:01:20 | INFO | Episode 99/250 - Reward: 8.45, Length: 14, Loss: 0.9303
2026-03-17 02:01:21 | INFO | Episode 100/250 - Reward: 8.05, Length: 16, Loss: 0.8441
2026-03-17 02:01:21 | INFO | Episode 100/250 - Avg Reward: 6.91, Avg Length: 18.88, Avg Loss: 0.9978
2026-03-17 02:01:21 | INFO | Episode 101/250 - Reward: 8.45, Length: 14, Loss: 0.9727
2026-03-17 02:01:22 | INFO | Episode 102/250 - Reward: 8.65, Length: 13, Loss: 1.3384
2026-03-17 02:01:23 | INFO | Episode 103/250 - Reward: 8.85, Length: 12, Loss: 1.1546
2026-03-17 02:01:23 | INFO | Episode 104/250 - Reward: 8.25, Length: 15, Loss: 0.9126
2026-03-17 02:01:24 | INFO | Episode 105/250 - Reward: 6.60, Length: 15, Loss: 1.6040
2026-03-17 02:01:25 | INFO | Episode 106/250 - Reward: 9.15, Length: 12, Loss: 1.8051
2026-03-17 02:01:25 | INFO | Episode 107/250 - Reward: -7.55, Length: 40, Loss: -0.3719
2026-03-17 02:01:26 | INFO | Episode 108/250 - Reward: 9.05, Length: 11, Loss: 1.1247
2026-03-17 02:01:27 | INFO | Episode 109/250 - Reward: 8.45, Length: 14, Loss: 1.0628
2026-03-17 02:01:27 | INFO | Episode 110/250 - Reward: 6.95, Length: 23, Loss: 0.9034
2026-03-17 02:01:28 | INFO | Episode 111/250 - Reward: 8.65, Length: 13, Loss: 0.9371
2026-03-17 02:01:29 | INFO | Episode 112/250 - Reward: 8.45, Length: 14, Loss: 0.9001
2026-03-17 02:01:29 | INFO | Episode 113/250 - Reward: 9.05, Length: 11, Loss: 1.0440
2026-03-17 02:01:30 | INFO | Episode 114/250 - Reward: 9.65, Length: 8, Loss: 0.8735
2026-03-17 02:01:31 | INFO | Episode 115/250 - Reward: 9.65, Length: 8, Loss: 0.8864
2026-03-17 02:01:31 | INFO | Episode 116/250 - Reward: -12.05, Length: 40, Loss: -0.1226
2026-03-17 02:01:32 | INFO | Episode 117/250 - Reward: 8.65, Length: 13, Loss: 0.9316
2026-03-17 02:01:33 | INFO | Episode 118/250 - Reward: 3.85, Length: 37, Loss: 0.2632
2026-03-17 02:01:34 | INFO | Episode 119/250 - Reward: 9.25, Length: 10, Loss: 1.2484
2026-03-17 02:01:34 | INFO | Episode 120/250 - Reward: 9.45, Length: 9, Loss: 1.4364
2026-03-17 02:01:35 | INFO | Episode 121/250 - Reward: 9.45, Length: 9, Loss: 1.4417
2026-03-17 02:01:36 | INFO | Episode 122/250 - Reward: -8.45, Length: 40, Loss: -0.1616
2026-03-17 02:01:37 | INFO | Episode 123/250 - Reward: 9.25, Length: 10, Loss: 1.7927
2026-03-17 02:01:37 | INFO | Episode 124/250 - Reward: 7.65, Length: 18, Loss: 0.8132
2026-03-17 02:01:38 | INFO | Episode 125/250 - Reward: 7.65, Length: 18, Loss: 1.1562
2026-03-17 02:01:39 | INFO | Episode 126/250 - Reward: 9.05, Length: 11, Loss: 1.1382
2026-03-17 02:01:39 | INFO | Episode 127/250 - Reward: 9.65, Length: 8, Loss: 1.1069
2026-03-17 02:01:40 | INFO | Episode 128/250 - Reward: -7.25, Length: 40, Loss: -0.4575
2026-03-17 02:01:41 | INFO | Episode 129/250 - Reward: 9.65, Length: 8, Loss: 1.3021
2026-03-17 02:01:41 | INFO | Episode 130/250 - Reward: 9.45, Length: 9, Loss: 1.2418
2026-03-17 02:01:42 | INFO | Episode 131/250 - Reward: 9.45, Length: 9, Loss: 0.8581
2026-03-17 02:01:43 | INFO | Episode 132/250 - Reward: 9.65, Length: 8, Loss: 1.3024
2026-03-17 02:01:43 | INFO | Episode 133/250 - Reward: 9.45, Length: 9, Loss: 1.1761
2026-03-17 02:01:44 | INFO | Episode 134/250 - Reward: 4.90, Length: 22, Loss: 0.3616
2026-03-17 02:01:45 | INFO | Episode 135/250 - Reward: 4.90, Length: 22, Loss: 0.3473
2026-03-17 02:01:45 | INFO | Episode 136/250 - Reward: 9.65, Length: 8, Loss: 0.9389
2026-03-17 02:01:46 | INFO | Episode 137/250 - Reward: 9.45, Length: 9, Loss: 0.9849
2026-03-17 02:01:47 | INFO | Episode 138/250 - Reward: 8.65, Length: 13, Loss: 0.7846
2026-03-17 02:01:47 | INFO | Episode 139/250 - Reward: 3.95, Length: 38, Loss: 0.3021
2026-03-17 02:01:48 | INFO | Episode 140/250 - Reward: 8.65, Length: 13, Loss: 0.9608
2026-03-17 02:01:49 | INFO | Episode 141/250 - Reward: 7.05, Length: 21, Loss: 1.1019
2026-03-17 02:01:50 | INFO | Episode 142/250 - Reward: 9.35, Length: 11, Loss: 2.0209
2026-03-17 02:01:49 | INFO | Episode 143/250 - Reward: 9.45, Length: 9, Loss: 1.8068
2026-03-17 02:01:50 | INFO | Episode 144/250 - Reward: 0.60, Length: 27, Loss: 0.3571
2026-03-17 02:01:51 | INFO | Episode 145/250 - Reward: 9.25, Length: 13, Loss: 1.8332
2026-03-17 02:01:52 | INFO | Episode 146/250 - Reward: 7.60, Length: 10, Loss: 1.6913
2026-03-17 02:01:52 | INFO | Episode 147/250 - Reward: 9.55, Length: 10, Loss: 1.2797
2026-03-17 02:01:53 | INFO | Episode 148/250 - Reward: 9.35, Length: 11, Loss: 2.0023
2026-03-17 02:01:53 | INFO | Episode 149/250 - Reward: 7.30, Length: 13, Loss: 1.9471
2026-03-17 02:01:54 | INFO | Episode 150/250 - Reward: 6.10, Length: 19, Loss: 0.8365
2026-03-17 02:01:54 | INFO | Episode 150/250 - Avg Reward: 6.84, Avg Length: 15.96, Avg Loss: 1.0234
2026-03-17 02:01:54 | INFO | Episode 151/250 - Reward: 8.85, Length: 12, Loss: 1.6647
2026-03-17 02:01:55 | INFO | Episode 152/250 - Reward: 8.35, Length: 16, Loss: 1.0342
2026-03-17 02:01:55 | INFO | Episode 153/250 - Reward: 7.75, Length: 19, Loss: 1.0565
2026-03-17 02:01:56 | INFO | Episode 154/250 - Reward: 8.45, Length: 14, Loss: 1.2855
2026-03-17 02:01:56 | INFO | Episode 155/250 - Reward: 7.35, Length: 21, Loss: 0.8789
2026-03-17 02:01:57 | INFO | Episode 156/250 - Reward: 8.15, Length: 17, Loss: 1.2038
2026-03-17 02:01:57 | INFO | Episode 157/250 - Reward: 9.15, Length: 12, Loss: 1.8529
2026-03-17 02:01:58 | INFO | Episode 158/250 - Reward: 7.75, Length: 19, Loss: 1.2471
2026-03-17 02:01:58 | INFO | Episode 159/250 - Reward: 7.85, Length: 17, Loss: 0.9723
2026-03-17 02:01:59 | INFO | Episode 160/250 - Reward: 6.05, Length: 26, Loss: 0.6442
2026-03-17 02:01:59 | INFO | Episode 161/250 - Reward: 3.95, Length: 38, Loss: 0.3459
2026-03-17 02:02:00 | INFO | Episode 162/250 - Reward: 8.45, Length: 14, Loss: 0.9973
2026-03-17 02:02:00 | INFO | Episode 163/250 - Reward: 9.45, Length: 9, Loss: 1.5099
2026-03-17 02:02:01 | INFO | Episode 164/250 - Reward: 7.10, Length: 11, Loss: 1.0975
2026-03-17 02:02:02 | INFO | Episode 165/250 - Reward: 9.65, Length: 8, Loss: 1.1410
2026-03-17 02:02:02 | INFO | Episode 166/250 - Reward: 9.45, Length: 9, Loss: 1.0716
2026-03-17 02:02:03 | INFO | Episode 167/250 - Reward: 9.45, Length: 9, Loss: 1.2070
2026-03-17 02:02:03 | INFO | Episode 168/250 - Reward: 9.05, Length: 11, Loss: 1.1824
2026-03-17 02:02:04 | INFO | Episode 169/250 - Reward: 8.45, Length: 14, Loss: 1.0662
2026-03-17 02:02:04 | INFO | Episode 170/250 - Reward: 7.85, Length: 17, Loss: 1.1364
2026-03-17 02:02:05 | INFO | Episode 171/250 - Reward: 8.25, Length: 15, Loss: 0.9920
2026-03-17 02:02:05 | INFO | Episode 172/250 - Reward: 6.85, Length: 22, Loss: 0.7456
2026-03-17 02:02:06 | INFO | Episode 173/250 - Reward: 8.85, Length: 12, Loss: 1.6218
2026-03-17 02:02:06 | INFO | Episode 174/250 - Reward: 8.85, Length: 12, Loss: 1.1883
2026-03-17 02:02:07 | INFO | Episode 175/250 - Reward: -7.55, Length: 40, Loss: -0.3737
2026-03-17 02:02:07 | INFO | Episode 176/250 - Reward: 7.85, Length: 17, Loss: 0.9290
2026-03-17 02:02:08 | INFO | Episode 177/250 - Reward: 5.15, Length: 32, Loss: 0.3676
2026-03-17 02:02:08 | INFO | Episode 178/250 - Reward: 9.25, Length: 10, Loss: 1.1744
2026-03-17 02:02:09 | INFO | Episode 179/250 - Reward: 9.65, Length: 8, Loss: 1.2301
2026-03-17 02:02:09 | INFO | Episode 180/250 - Reward: 5.50, Length: 19, Loss: 0.5779
2026-03-17 02:02:10 | INFO | Episode 181/250 - Reward: 9.45, Length: 9, Loss: 1.0868
2026-03-17 02:02:10 | INFO | Episode 182/250 - Reward: 9.05, Length: 11, Loss: 1.2801
2026-03-17 02:02:11 | INFO | Episode 183/250 - Reward: -6.50, Length: 40, Loss: -0.4122
2026-03-17 02:02:11 | INFO | Episode 184/250 - Reward: 5.90, Length: 17, Loss: 0.6349
2026-03-17 02:02:12 | INFO | Episode 185/250 - Reward: 9.45, Length: 9, Loss: 1.5443
2026-03-17 02:02:12 | INFO | Episode 186/250 - Reward: 8.85, Length: 12, Loss: 0.9244
2026-03-17 02:02:13 | INFO | Episode 187/250 - Reward: 9.45, Length: 9, Loss: 0.9940
2026-03-17 02:02:14 | INFO | Episode 188/250 - Reward: 9.45, Length: 9, Loss: 0.8925
2026-03-17 02:02:14 | INFO | Episode 189/250 - Reward: 8.55, Length: 15, Loss: 1.3322
2026-03-17 02:02:15 | INFO | Episode 190/250 - Reward: 6.60, Length: 15, Loss: 1.3503
2026-03-17 02:02:15 | INFO | Episode 191/250 - Reward: 8.05, Length: 16, Loss: 0.7632
2026-03-17 02:02:16 | INFO | Episode 192/250 - Reward: 8.25, Length: 15, Loss: 0.7533
2026-03-17 02:02:16 | INFO | Episode 193/250 - Reward: 9.05, Length: 11, Loss: 1.8506
2026-03-17 02:02:17 | INFO | Episode 194/250 - Reward: 9.05, Length: 11, Loss: 1.7342
2026-03-17 02:02:17 | INFO | Episode 195/250 - Reward: 9.45, Length: 9, Loss: 0.9196
2026-03-17 02:02:18 | INFO | Episode 196/250 - Reward: 7.50, Length: 9, Loss: 1.2029
2026-03-17 02:02:18 | INFO | Episode 197/250 - Reward: 9.25, Length: 10, Loss: 1.2322
2026-03-17 02:02:19 | INFO | Episode 198/250 - Reward: 8.45, Length: 14, Loss: 1.3532
2026-03-17 02:02:19 | INFO | Episode 199/250 - Reward: 7.30, Length: 10, Loss: 1.7500
2026-03-17 02:02:20 | INFO | Episode 200/250 - Reward: 9.45, Length: 9, Loss: 0.9333
2026-03-17 02:02:20 | INFO | Episode 200/250 - Avg Reward: 7.62, Avg Length: 15.20, Avg Loss: 1.0634
2026-03-17 02:02:20 | INFO | Episode 201/250 - Reward: 8.05, Length: 16, Loss: 1.3164
2026-03-17 02:02:21 | INFO | Episode 202/250 - Reward: 8.25, Length: 15, Loss: 1.1817
2026-03-17 02:02:20 | INFO | Episode 203/250 - Reward: 8.25, Length: 15, Loss: 0.8095
2026-03-17 02:02:21 | INFO | Episode 204/250 - Reward: 9.05, Length: 11, Loss: 1.0669
2026-03-17 02:02:21 | INFO | Episode 205/250 - Reward: 8.65, Length: 13, Loss: 1.0709
2026-03-17 02:02:22 | INFO | Episode 206/250 - Reward: 9.25, Length: 10, Loss: 1.1070
2026-03-17 02:02:22 | INFO | Episode 207/250 - Reward: 9.45, Length: 9, Loss: 0.9875
2026-03-17 02:02:23 | INFO | Episode 208/250 - Reward: 9.65, Length: 8, Loss: 0.7065
2026-03-17 02:02:23 | INFO | Episode 209/250 - Reward: 9.25, Length: 10, Loss: 1.2445
2026-03-17 02:02:24 | INFO | Episode 210/250 - Reward: 9.05, Length: 11, Loss: 0.8675
2026-03-17 02:02:24 | INFO | Episode 211/250 - Reward: 7.70, Length: 8, Loss: 1.6482
2026-03-17 02:02:25 | INFO | Episode 212/250 - Reward: -6.95, Length: 40, Loss: 0.0234
2026-03-17 02:02:26 | INFO | Episode 213/250 - Reward: 7.25, Length: 20, Loss: 1.1578
2026-03-17 02:02:26 | INFO | Episode 214/250 - Reward: 9.65, Length: 8, Loss: 1.1428
2026-03-17 02:02:27 | INFO | Episode 215/250 - Reward: 9.65, Length: 8, Loss: 0.8683
2026-03-17 02:02:27 | INFO | Episode 216/250 - Reward: 6.70, Length: 13, Loss: 1.1491
2026-03-17 02:02:28 | INFO | Episode 217/250 - Reward: 7.50, Length: 9, Loss: 1.2907
2026-03-17 02:02:28 | INFO | Episode 218/250 - Reward: 7.70, Length: 8, Loss: 1.3974
2026-03-17 02:02:29 | INFO | Episode 219/250 - Reward: -7.55, Length: 40, Loss: -0.3152
2026-03-17 02:02:29 | INFO | Episode 220/250 - Reward: 9.45, Length: 9, Loss: 1.0768
2026-03-17 02:02:30 | INFO | Episode 221/250 - Reward: 9.25, Length: 10, Loss: 1.6914
2026-03-17 02:02:30 | INFO | Episode 222/250 - Reward: 9.45, Length: 9, Loss: 1.1777
2026-03-17 02:02:31 | INFO | Episode 223/250 - Reward: 9.45, Length: 9, Loss: 1.0671
2026-03-17 02:02:31 | INFO | Episode 224/250 - Reward: 9.45, Length: 9, Loss: 1.2888
2026-03-17 02:02:32 | INFO | Episode 225/250 - Reward: 9.25, Length: 10, Loss: 1.8410
2026-03-17 02:02:32 | INFO | Episode 226/250 - Reward: 7.30, Length: 10, Loss: 1.0258
2026-03-17 02:02:33 | INFO | Episode 227/250 - Reward: 9.45, Length: 9, Loss: 1.1510
2026-03-17 02:02:33 | INFO | Episode 228/250 - Reward: 9.65, Length: 8, Loss: 1.1907
2026-03-17 02:02:34 | INFO | Episode 229/250 - Reward: 7.30, Length: 10, Loss: 0.9342
2026-03-17 02:02:34 | INFO | Episode 230/250 - Reward: 9.45, Length: 9, Loss: 1.1054
2026-03-17 02:02:35 | INFO | Episode 231/250 - Reward: 9.45, Length: 9, Loss: 1.0473
2026-03-17 02:02:35 | INFO | Episode 232/250 - Reward: 6.95, Length: 23, Loss: 0.4472
2026-03-17 02:02:36 | INFO | Episode 233/250 - Reward: 7.70, Length: 8, Loss: 1.2806
2026-03-17 02:02:36 | INFO | Episode 234/250 - Reward: -8.60, Length: 40, Loss: -0.1477
2026-03-17 02:02:37 | INFO | Episode 235/250 - Reward: 9.25, Length: 10, Loss: 1.2197
2026-03-17 02:02:38 | INFO | Episode 236/250 - Reward: 9.25, Length: 10, Loss: 1.2299
2026-03-17 02:02:38 | INFO | Episode 237/250 - Reward: 8.05, Length: 16, Loss: 1.0751
2026-03-17 02:02:39 | INFO | Episode 238/250 - Reward: 8.65, Length: 13, Loss: 0.9813
2026-03-17 02:02:39 | INFO | Episode 239/250 - Reward: 8.85, Length: 12, Loss: 0.9440
2026-03-17 02:02:40 | INFO | Episode 240/250 - Reward: 7.70, Length: 8, Loss: 1.2885
2026-03-17 02:02:40 | INFO | Episode 241/250 - Reward: 9.45, Length: 9, Loss: 1.0825
2026-03-17 02:02:41 | INFO | Episode 242/250 - Reward: 9.45, Length: 9, Loss: 0.9587
2026-03-17 02:02:41 | INFO | Episode 243/250 - Reward: 9.45, Length: 9, Loss: 1.3785
2026-03-17 02:02:41 | INFO | Episode 244/250 - Reward: 9.45, Length: 9, Loss: 1.1652
2026-03-17 02:02:42 | INFO | Episode 245/250 - Reward: 9.25, Length: 10, Loss: 1.0021
2026-03-17 02:02:42 | INFO | Episode 246/250 - Reward: 9.25, Length: 10, Loss: 1.2641
2026-03-17 02:02:43 | INFO | Episode 247/250 - Reward: 9.05, Length: 11, Loss: 1.0061
2026-03-17 02:02:43 | INFO | Episode 248/250 - Reward: 9.05, Length: 11, Loss: 0.9711
2026-03-17 02:02:44 | INFO | Episode 249/250 - Reward: 9.45, Length: 9, Loss: 1.0835
2026-03-17 02:02:44 | INFO | Episode 250/250 - Reward: 9.25, Length: 10, Loss: 1.1073
2026-03-17 02:02:44 | INFO | Episode 250/250 - Avg Reward: 7.81, Avg Length: 12.40, Avg Loss: 1.0531
