2026-03-17 01:57:23 | INFO | ============================================================
2026-03-17 01:57:23 | INFO | DEVICE / COMPUTE INFORMATION
2026-03-17 01:57:23 | INFO |   JAX backend       : GPU
2026-03-17 01:57:23 | INFO |   Platform          : gpu
2026-03-17 01:57:23 | INFO |   Num devices       : 1
2026-03-17 01:57:23 | INFO |   Device            : cuda:0
2026-03-17 01:57:23 | INFO |   GPU name          : NVIDIA GeForce RTX 5060 Laptop GPU
2026-03-17 01:57:23 | INFO | ============================================================
2026-03-17 01:57:23 | INFO | ✓ JAX GPU backend confirmed.
2026-03-17 01:57:24 | INFO | REINFORCE seed=7_gamma=0.9_lr=0.001
2026-03-17 01:57:29 | INFO | Episode 1/250 - Reward: -4.25, Length: 40, Loss: -0.5708
2026-03-17 01:57:30 | INFO | Episode 2/250 - Reward: -5.00, Length: 40, Loss: -0.5831
2026-03-17 01:57:31 | INFO | Episode 3/250 - Reward: -6.35, Length: 40, Loss: -0.5653
2026-03-17 01:57:31 | INFO | Episode 4/250 - Reward: -4.85, Length: 40, Loss: -0.5359
2026-03-17 01:57:32 | INFO | Episode 5/250 - Reward: -4.25, Length: 40, Loss: -0.5277
2026-03-17 01:57:33 | INFO | Episode 6/250 - Reward: -5.60, Length: 40, Loss: -0.4232
2026-03-17 01:57:33 | INFO | Episode 7/250 - Reward: -4.55, Length: 40, Loss: -0.5781
2026-03-17 01:57:34 | INFO | Episode 8/250 - Reward: -5.15, Length: 40, Loss: -0.5516
2026-03-17 01:57:35 | INFO | Episode 9/250 - Reward: -4.55, Length: 40, Loss: -0.5507
2026-03-17 01:57:36 | INFO | Episode 10/250 - Reward: -4.85, Length: 40, Loss: -0.5491
2026-03-17 01:57:36 | INFO | Episode 11/250 - Reward: -4.25, Length: 40, Loss: -0.5086
2026-03-17 01:57:37 | INFO | Episode 12/250 - Reward: -3.95, Length: 40, Loss: -0.5175
2026-03-17 01:57:38 | INFO | Episode 13/250 - Reward: -5.45, Length: 40, Loss: -0.5119
2026-03-17 01:57:39 | INFO | Episode 14/250 - Reward: -4.25, Length: 40, Loss: -0.6071
2026-03-17 01:57:38 | INFO | Episode 15/250 - Reward: -4.85, Length: 40, Loss: -0.5320
2026-03-17 01:57:39 | INFO | Episode 16/250 - Reward: -5.30, Length: 40, Loss: -0.5768
2026-03-17 01:57:40 | INFO | Episode 17/250 - Reward: -4.55, Length: 40, Loss: -0.5472
2026-03-17 01:57:40 | INFO | Episode 18/250 - Reward: -4.85, Length: 40, Loss: -0.6113
2026-03-17 01:57:41 | INFO | Episode 19/250 - Reward: -5.30, Length: 40, Loss: -0.5029
2026-03-17 01:57:42 | INFO | Episode 20/250 - Reward: -5.45, Length: 40, Loss: -0.5696
2026-03-17 01:57:43 | INFO | Episode 21/250 - Reward: -4.10, Length: 40, Loss: -0.5127
2026-03-17 01:57:43 | INFO | Episode 22/250 - Reward: -4.40, Length: 40, Loss: -0.5509
2026-03-17 01:57:44 | INFO | Episode 23/250 - Reward: -4.55, Length: 40, Loss: -0.5811
2026-03-17 01:57:45 | INFO | Episode 24/250 - Reward: -5.30, Length: 40, Loss: -0.5480
2026-03-17 01:57:45 | INFO | Episode 25/250 - Reward: -5.60, Length: 40, Loss: -0.4427
2026-03-17 01:57:46 | INFO | Episode 26/250 - Reward: -5.45, Length: 40, Loss: -0.4958
2026-03-17 01:57:47 | INFO | Episode 27/250 - Reward: -4.10, Length: 40, Loss: -0.5579
2026-03-17 01:57:47 | INFO | Episode 28/250 - Reward: 3.40, Length: 40, Loss: 0.1867
2026-03-17 01:57:48 | INFO | Episode 29/250 - Reward: -5.00, Length: 40, Loss: -0.5254
2026-03-17 01:57:49 | INFO | Episode 30/250 - Reward: -4.85, Length: 40, Loss: -0.4884
2026-03-17 01:57:49 | INFO | Episode 31/250 - Reward: -5.00, Length: 40, Loss: -0.4600
2026-03-17 01:57:50 | INFO | Episode 32/250 - Reward: -4.25, Length: 40, Loss: -0.4752
2026-03-17 01:57:51 | INFO | Episode 33/250 - Reward: -5.00, Length: 40, Loss: -0.5904
2026-03-17 01:57:51 | INFO | Episode 34/250 - Reward: -5.45, Length: 40, Loss: -0.5605
2026-03-17 01:57:52 | INFO | Episode 35/250 - Reward: -5.15, Length: 40, Loss: -0.5344
2026-03-17 01:57:53 | INFO | Episode 36/250 - Reward: -4.70, Length: 40, Loss: -0.4965
2026-03-17 01:57:53 | INFO | Episode 37/250 - Reward: -5.00, Length: 40, Loss: -0.5414
2026-03-17 01:57:54 | INFO | Episode 38/250 - Reward: -5.00, Length: 40, Loss: -0.4485
2026-03-17 01:57:55 | INFO | Episode 39/250 - Reward: -4.70, Length: 40, Loss: -0.4900
2026-03-17 01:57:55 | INFO | Episode 40/250 - Reward: -4.70, Length: 40, Loss: -0.4697
2026-03-17 01:57:56 | INFO | Episode 41/250 - Reward: 8.65, Length: 16, Loss: 1.8193
2026-03-17 01:57:57 | INFO | Episode 42/250 - Reward: -5.45, Length: 40, Loss: -0.5221
2026-03-17 01:57:58 | INFO | Episode 43/250 - Reward: -4.40, Length: 40, Loss: -0.5563
2026-03-17 01:57:58 | INFO | Episode 44/250 - Reward: -3.95, Length: 40, Loss: -0.6511
2026-03-17 01:57:59 | INFO | Episode 45/250 - Reward: -8.90, Length: 40, Loss: -0.6156
2026-03-17 01:58:00 | INFO | Episode 46/250 - Reward: -5.30, Length: 40, Loss: -0.4965
2026-03-17 01:58:00 | INFO | Episode 47/250 - Reward: -5.45, Length: 40, Loss: -0.5210
2026-03-17 01:58:01 | INFO | Episode 48/250 - Reward: -4.70, Length: 40, Loss: -0.4885
2026-03-17 01:58:02 | INFO | Episode 49/250 - Reward: -5.45, Length: 40, Loss: -0.4823
2026-03-17 01:58:02 | INFO | Episode 50/250 - Reward: -5.75, Length: 40, Loss: -0.4915
2026-03-17 01:58:03 | INFO | Episode 50/250 - Avg Reward: -4.54, Avg Length: 39.52, Avg Loss: -0.4702
2026-03-17 01:58:03 | INFO | Episode 51/250 - Reward: -4.85, Length: 40, Loss: -0.4765
2026-03-17 01:58:04 | INFO | Episode 52/250 - Reward: -5.00, Length: 40, Loss: -0.5382
2026-03-17 01:58:05 | INFO | Episode 53/250 - Reward: -4.70, Length: 40, Loss: -0.5603
2026-03-17 01:58:05 | INFO | Episode 54/250 - Reward: -4.85, Length: 40, Loss: -0.5449
2026-03-17 01:58:06 | INFO | Episode 55/250 - Reward: -5.00, Length: 40, Loss: -0.5787
2026-03-17 01:58:07 | INFO | Episode 56/250 - Reward: -5.00, Length: 40, Loss: -0.5639
2026-03-17 01:58:08 | INFO | Episode 57/250 - Reward: -4.40, Length: 40, Loss: -0.6006
2026-03-17 01:58:08 | INFO | Episode 58/250 - Reward: -5.75, Length: 40, Loss: -0.5420
2026-03-17 01:58:09 | INFO | Episode 59/250 - Reward: -5.30, Length: 40, Loss: -0.6022
2026-03-17 01:58:10 | INFO | Episode 60/250 - Reward: -5.00, Length: 40, Loss: -0.5316
2026-03-17 01:58:10 | INFO | Episode 61/250 - Reward: -5.30, Length: 40, Loss: -0.5476
2026-03-17 01:58:10 | INFO | Episode 62/250 - Reward: 5.20, Length: 25, Loss: 0.7527
2026-03-17 01:58:11 | INFO | Episode 63/250 - Reward: -4.55, Length: 40, Loss: -0.6017
2026-03-17 01:58:12 | INFO | Episode 64/250 - Reward: -7.10, Length: 40, Loss: -0.4717
2026-03-17 01:58:12 | INFO | Episode 65/250 - Reward: -7.70, Length: 40, Loss: -0.4745
2026-03-17 01:58:13 | INFO | Episode 66/250 - Reward: -4.40, Length: 40, Loss: -0.5694
2026-03-17 01:58:14 | INFO | Episode 67/250 - Reward: -5.75, Length: 40, Loss: -0.5387
2026-03-17 01:58:14 | INFO | Episode 68/250 - Reward: -4.55, Length: 40, Loss: -0.4349
2026-03-17 01:58:15 | INFO | Episode 69/250 - Reward: -4.55, Length: 40, Loss: -0.4938
2026-03-17 01:58:16 | INFO | Episode 70/250 - Reward: -5.00, Length: 40, Loss: -0.5114
2026-03-17 01:58:16 | INFO | Episode 71/250 - Reward: -5.90, Length: 40, Loss: -0.4893
2026-03-17 01:58:17 | INFO | Episode 72/250 - Reward: -4.85, Length: 40, Loss: -0.4268
2026-03-17 01:58:18 | INFO | Episode 73/250 - Reward: -8.60, Length: 40, Loss: -0.4101
2026-03-17 01:58:18 | INFO | Episode 74/250 - Reward: -4.70, Length: 40, Loss: -0.4777
2026-03-17 01:58:19 | INFO | Episode 75/250 - Reward: -4.55, Length: 40, Loss: -0.5070
2026-03-17 01:58:20 | INFO | Episode 76/250 - Reward: -4.55, Length: 40, Loss: -0.5730
2026-03-17 01:58:20 | INFO | Episode 77/250 - Reward: -5.30, Length: 40, Loss: -0.5092
2026-03-17 01:58:21 | INFO | Episode 78/250 - Reward: -5.00, Length: 40, Loss: -0.4541
2026-03-17 01:58:22 | INFO | Episode 79/250 - Reward: -5.30, Length: 40, Loss: -0.5767
2026-03-17 01:58:23 | INFO | Episode 80/250 - Reward: -4.85, Length: 40, Loss: -0.6021
2026-03-17 01:58:24 | INFO | Episode 81/250 - Reward: -4.70, Length: 40, Loss: -0.5218
2026-03-17 01:58:24 | INFO | Episode 82/250 - Reward: -4.85, Length: 40, Loss: -0.4651
2026-03-17 01:58:25 | INFO | Episode 83/250 - Reward: -4.25, Length: 40, Loss: -0.5647
2026-03-17 01:58:26 | INFO | Episode 84/250 - Reward: 6.25, Length: 40, Loss: 0.1703
2026-03-17 01:58:26 | INFO | Episode 85/250 - Reward: -4.85, Length: 40, Loss: -0.5213
2026-03-17 01:58:27 | INFO | Episode 86/250 - Reward: -4.55, Length: 40, Loss: -0.5100
2026-03-17 01:58:28 | INFO | Episode 87/250 - Reward: -4.85, Length: 40, Loss: -0.5539
2026-03-17 01:58:29 | INFO | Episode 88/250 - Reward: -4.40, Length: 40, Loss: -0.5015
2026-03-17 01:58:29 | INFO | Episode 89/250 - Reward: -7.25, Length: 40, Loss: -0.4429
2026-03-17 01:58:30 | INFO | Episode 90/250 - Reward: -5.15, Length: 40, Loss: -0.5798
2026-03-17 01:58:31 | INFO | Episode 91/250 - Reward: -5.30, Length: 40, Loss: -0.4060
2026-03-17 01:58:31 | INFO | Episode 92/250 - Reward: -5.45, Length: 40, Loss: -0.5363
2026-03-17 01:58:32 | INFO | Episode 93/250 - Reward: -4.25, Length: 40, Loss: -0.5042
2026-03-17 01:58:33 | INFO | Episode 94/250 - Reward: 7.65, Length: 27, Loss: 0.6833
2026-03-17 01:58:33 | INFO | Episode 95/250 - Reward: -5.30, Length: 40, Loss: -0.5372
2026-03-17 01:58:34 | INFO | Episode 96/250 - Reward: -4.85, Length: 40, Loss: -0.6276
2026-03-17 01:58:35 | INFO | Episode 97/250 - Reward: -5.30, Length: 40, Loss: -0.5049
2026-03-17 01:58:35 | INFO | Episode 98/250 - Reward: -5.15, Length: 40, Loss: -0.5377
2026-03-17 01:58:36 | INFO | Episode 99/250 - Reward: -4.55, Length: 40, Loss: -0.6060
2026-03-17 01:58:37 | INFO | Episode 100/250 - Reward: -4.85, Length: 40, Loss: -0.5919
2026-03-17 01:58:37 | INFO | Episode 100/250 - Avg Reward: -4.46, Avg Length: 39.44, Avg Loss: -0.4623
2026-03-17 01:58:38 | INFO | Episode 101/250 - Reward: -4.70, Length: 40, Loss: -0.5140
2026-03-17 01:58:39 | INFO | Episode 102/250 - Reward: -5.75, Length: 40, Loss: -0.4907
2026-03-17 01:58:39 | INFO | Episode 103/250 - Reward: -4.40, Length: 40, Loss: -0.5317
2026-03-17 01:58:40 | INFO | Episode 104/250 - Reward: -5.00, Length: 40, Loss: -0.4514
2026-03-17 01:58:41 | INFO | Episode 105/250 - Reward: -4.55, Length: 40, Loss: -0.5233
2026-03-17 01:58:41 | INFO | Episode 106/250 - Reward: -5.45, Length: 40, Loss: -0.5260
2026-03-17 01:58:41 | INFO | Episode 107/250 - Reward: -4.70, Length: 40, Loss: -0.5967
2026-03-17 01:58:42 | INFO | Episode 108/250 - Reward: -4.55, Length: 40, Loss: -0.4738
2026-03-17 01:58:42 | INFO | Episode 109/250 - Reward: -5.60, Length: 40, Loss: -0.4435
2026-03-17 01:58:43 | INFO | Episode 110/250 - Reward: -5.60, Length: 40, Loss: -0.6383
2026-03-17 01:58:44 | INFO | Episode 111/250 - Reward: 6.65, Length: 32, Loss: 0.5179
2026-03-17 01:58:44 | INFO | Episode 112/250 - Reward: -5.30, Length: 40, Loss: -0.4202
2026-03-17 01:58:45 | INFO | Episode 113/250 - Reward: -5.45, Length: 40, Loss: -0.5598
2026-03-17 01:58:46 | INFO | Episode 114/250 - Reward: 4.70, Length: 35, Loss: 0.2938
2026-03-17 01:58:46 | INFO | Episode 115/250 - Reward: 6.95, Length: 23, Loss: 0.9829
2026-03-17 01:58:47 | INFO | Episode 116/250 - Reward: -4.55, Length: 40, Loss: -0.5281
2026-03-17 01:58:48 | INFO | Episode 117/250 - Reward: -4.55, Length: 40, Loss: -0.6126
2026-03-17 01:58:49 | INFO | Episode 118/250 - Reward: -5.75, Length: 40, Loss: -0.5562
2026-03-17 01:58:49 | INFO | Episode 119/250 - Reward: -7.70, Length: 40, Loss: -0.3964
2026-03-17 01:58:50 | INFO | Episode 120/250 - Reward: 6.95, Length: 29, Loss: 0.6228
2026-03-17 01:58:51 | INFO | Episode 121/250 - Reward: -3.80, Length: 40, Loss: -0.6581
2026-03-17 01:58:51 | INFO | Episode 122/250 - Reward: -5.90, Length: 40, Loss: -0.5457
2026-03-17 01:58:52 | INFO | Episode 123/250 - Reward: -5.30, Length: 40, Loss: -0.5385
2026-03-17 01:58:53 | INFO | Episode 124/250 - Reward: -4.25, Length: 40, Loss: -0.5477
2026-03-17 01:58:53 | INFO | Episode 125/250 - Reward: 3.85, Length: 28, Loss: 0.3841
2026-03-17 01:58:54 | INFO | Episode 126/250 - Reward: -5.75, Length: 40, Loss: -0.5582
2026-03-17 01:58:55 | INFO | Episode 127/250 - Reward: -5.00, Length: 40, Loss: -0.5729
2026-03-17 01:58:56 | INFO | Episode 128/250 - Reward: -4.55, Length: 40, Loss: -0.5686
2026-03-17 01:58:56 | INFO | Episode 129/250 - Reward: -5.60, Length: 40, Loss: -0.5519
2026-03-17 01:58:57 | INFO | Episode 130/250 - Reward: -4.70, Length: 40, Loss: -0.4838
2026-03-17 01:58:58 | INFO | Episode 131/250 - Reward: -4.10, Length: 40, Loss: -0.5173
2026-03-17 01:58:58 | INFO | Episode 132/250 - Reward: -6.50, Length: 40, Loss: -0.5092
2026-03-17 01:58:59 | INFO | Episode 133/250 - Reward: -5.45, Length: 40, Loss: -0.4635
2026-03-17 01:59:00 | INFO | Episode 134/250 - Reward: -4.85, Length: 40, Loss: -0.5085
2026-03-17 01:59:00 | INFO | Episode 135/250 - Reward: -4.85, Length: 40, Loss: -0.5154
2026-03-17 01:59:01 | INFO | Episode 136/250 - Reward: -5.30, Length: 40, Loss: -0.5442
2026-03-17 01:59:02 | INFO | Episode 137/250 - Reward: -5.00, Length: 40, Loss: -0.5039
2026-03-17 01:59:03 | INFO | Episode 138/250 - Reward: -4.85, Length: 40, Loss: -0.4725
2026-03-17 01:59:03 | INFO | Episode 139/250 - Reward: -4.10, Length: 40, Loss: -0.4733
2026-03-17 01:59:04 | INFO | Episode 140/250 - Reward: -5.15, Length: 40, Loss: -0.5378
2026-03-17 01:59:05 | INFO | Episode 141/250 - Reward: -5.00, Length: 40, Loss: -0.5456
2026-03-17 01:59:05 | INFO | Episode 142/250 - Reward: -4.55, Length: 40, Loss: -0.4666
2026-03-17 01:59:06 | INFO | Episode 143/250 - Reward: -4.40, Length: 40, Loss: -0.4442
2026-03-17 01:59:07 | INFO | Episode 144/250 - Reward: -4.10, Length: 40, Loss: -0.5483
2026-03-17 01:59:08 | INFO | Episode 145/250 - Reward: -4.55, Length: 40, Loss: -0.4451
2026-03-17 01:59:08 | INFO | Episode 146/250 - Reward: -5.00, Length: 40, Loss: -0.5321
2026-03-17 01:59:09 | INFO | Episode 147/250 - Reward: -4.85, Length: 40, Loss: -0.5867
2026-03-17 01:59:10 | INFO | Episode 148/250 - Reward: -4.85, Length: 40, Loss: -0.5619
2026-03-17 01:59:10 | INFO | Episode 149/250 - Reward: -4.25, Length: 40, Loss: -0.5531
2026-03-17 01:59:11 | INFO | Episode 150/250 - Reward: -4.40, Length: 40, Loss: -0.4666
2026-03-17 01:59:11 | INFO | Episode 150/250 - Avg Reward: -3.91, Avg Length: 38.94, Avg Loss: -0.4136
2026-03-17 01:59:12 | INFO | Episode 151/250 - Reward: -7.40, Length: 40, Loss: -0.3823
2026-03-17 01:59:12 | INFO | Episode 152/250 - Reward: -5.75, Length: 40, Loss: -0.5534
2026-03-17 01:59:12 | INFO | Episode 153/250 - Reward: -4.25, Length: 40, Loss: -0.4634
2026-03-17 01:59:13 | INFO | Episode 154/250 - Reward: -4.40, Length: 40, Loss: -0.5441
2026-03-17 01:59:13 | INFO | Episode 155/250 - Reward: -4.55, Length: 40, Loss: -0.5280
2026-03-17 01:59:14 | INFO | Episode 156/250 - Reward: -5.15, Length: 40, Loss: -0.4960
2026-03-17 01:59:14 | INFO | Episode 157/250 - Reward: -5.15, Length: 40, Loss: -0.6027
2026-03-17 01:59:15 | INFO | Episode 158/250 - Reward: -5.15, Length: 40, Loss: -0.5779
2026-03-17 01:59:15 | INFO | Episode 159/250 - Reward: -4.85, Length: 40, Loss: -0.4514
2026-03-17 01:59:16 | INFO | Episode 160/250 - Reward: -4.85, Length: 40, Loss: -0.5196
2026-03-17 01:59:16 | INFO | Episode 161/250 - Reward: -5.45, Length: 40, Loss: -0.6358
2026-03-17 01:59:17 | INFO | Episode 162/250 - Reward: -4.55, Length: 40, Loss: -0.5863
2026-03-17 01:59:17 | INFO | Episode 163/250 - Reward: -5.60, Length: 40, Loss: -0.5429
2026-03-17 01:59:18 | INFO | Episode 164/250 - Reward: -8.00, Length: 40, Loss: -0.4879
2026-03-17 01:59:18 | INFO | Episode 165/250 - Reward: -5.30, Length: 40, Loss: -0.5693
2026-03-17 01:59:19 | INFO | Episode 166/250 - Reward: -14.30, Length: 40, Loss: -0.3331
2026-03-17 01:59:19 | INFO | Episode 167/250 - Reward: 5.00, Length: 35, Loss: 0.2607
2026-03-17 01:59:20 | INFO | Episode 168/250 - Reward: -4.55, Length: 40, Loss: -0.6737
2026-03-17 01:59:20 | INFO | Episode 169/250 - Reward: -5.15, Length: 40, Loss: -0.5520
2026-03-17 01:59:21 | INFO | Episode 170/250 - Reward: -3.80, Length: 40, Loss: -0.5253
2026-03-17 01:59:21 | INFO | Episode 171/250 - Reward: 5.95, Length: 34, Loss: 0.3399
2026-03-17 01:59:22 | INFO | Episode 172/250 - Reward: -5.00, Length: 40, Loss: -0.5037
2026-03-17 01:59:22 | INFO | Episode 173/250 - Reward: -5.15, Length: 40, Loss: -0.5528
2026-03-17 01:59:23 | INFO | Episode 174/250 - Reward: -5.15, Length: 40, Loss: -0.5449
2026-03-17 01:59:23 | INFO | Episode 175/250 - Reward: -4.85, Length: 40, Loss: -0.6195
2026-03-17 01:59:24 | INFO | Episode 176/250 - Reward: 7.05, Length: 27, Loss: 0.7243
2026-03-17 01:59:24 | INFO | Episode 177/250 - Reward: -5.15, Length: 40, Loss: -0.4893
2026-03-17 01:59:25 | INFO | Episode 178/250 - Reward: -4.55, Length: 40, Loss: -0.5574
2026-03-17 01:59:25 | INFO | Episode 179/250 - Reward: -5.45, Length: 40, Loss: -0.5719
2026-03-17 01:59:26 | INFO | Episode 180/250 - Reward: -4.40, Length: 40, Loss: -0.4962
2026-03-17 01:59:26 | INFO | Episode 181/250 - Reward: -4.55, Length: 40, Loss: -0.4573
2026-03-17 01:59:27 | INFO | Episode 182/250 - Reward: -5.90, Length: 40, Loss: -0.5930
2026-03-17 01:59:28 | INFO | Episode 183/250 - Reward: -5.45, Length: 40, Loss: -0.5651
2026-03-17 01:59:28 | INFO | Episode 184/250 - Reward: 7.85, Length: 17, Loss: 1.5668
2026-03-17 01:59:29 | INFO | Episode 185/250 - Reward: -5.30, Length: 40, Loss: -0.4829
2026-03-17 01:59:29 | INFO | Episode 186/250 - Reward: -5.30, Length: 40, Loss: -0.5779
2026-03-17 01:59:30 | INFO | Episode 187/250 - Reward: -4.40, Length: 40, Loss: -0.5429
2026-03-17 01:59:30 | INFO | Episode 188/250 - Reward: -3.95, Length: 40, Loss: -0.5312
2026-03-17 01:59:31 | INFO | Episode 189/250 - Reward: -4.70, Length: 40, Loss: -0.5499
2026-03-17 01:59:31 | INFO | Episode 190/250 - Reward: -4.55, Length: 40, Loss: -0.5961
2026-03-17 01:59:32 | INFO | Episode 191/250 - Reward: -3.65, Length: 40, Loss: -0.5179
2026-03-17 01:59:32 | INFO | Episode 192/250 - Reward: -4.70, Length: 40, Loss: -0.3825
2026-03-17 01:59:33 | INFO | Episode 193/250 - Reward: -5.90, Length: 40, Loss: -0.5670
2026-03-17 01:59:33 | INFO | Episode 194/250 - Reward: -4.70, Length: 40, Loss: -0.5972
2026-03-17 01:59:34 | INFO | Episode 195/250 - Reward: -4.70, Length: 40, Loss: -0.5824
2026-03-17 01:59:34 | INFO | Episode 196/250 - Reward: -4.70, Length: 40, Loss: -0.5195
2026-03-17 01:59:35 | INFO | Episode 197/250 - Reward: 4.70, Length: 29, Loss: 0.3908
2026-03-17 01:59:35 | INFO | Episode 198/250 - Reward: -4.10, Length: 40, Loss: -0.5217
2026-03-17 01:59:36 | INFO | Episode 199/250 - Reward: -5.90, Length: 40, Loss: -0.5676
2026-03-17 01:59:37 | INFO | Episode 200/250 - Reward: -5.15, Length: 40, Loss: -0.5120
2026-03-17 01:59:37 | INFO | Episode 200/250 - Avg Reward: -4.10, Avg Length: 38.84, Avg Loss: -0.4148
2026-03-17 01:59:37 | INFO | Episode 201/250 - Reward: -6.05, Length: 40, Loss: -0.4996
2026-03-17 01:59:38 | INFO | Episode 202/250 - Reward: -4.70, Length: 40, Loss: -0.5771
2026-03-17 01:59:38 | INFO | Episode 203/250 - Reward: -5.45, Length: 40, Loss: -0.5012
2026-03-17 01:59:39 | INFO | Episode 204/250 - Reward: -8.60, Length: 40, Loss: -0.4741
2026-03-17 01:59:39 | INFO | Episode 205/250 - Reward: -5.75, Length: 40, Loss: -0.5716
2026-03-17 01:59:40 | INFO | Episode 206/250 - Reward: 3.15, Length: 30, Loss: 0.3476
2026-03-17 01:59:40 | INFO | Episode 207/250 - Reward: -5.15, Length: 40, Loss: -0.5395
2026-03-17 01:59:41 | INFO | Episode 208/250 - Reward: 5.45, Length: 11, Loss: 2.0268
2026-03-17 01:59:41 | INFO | Episode 209/250 - Reward: -4.25, Length: 40, Loss: -0.4720
2026-03-17 01:59:42 | INFO | Episode 210/250 - Reward: 5.50, Length: 22, Loss: 0.9580
2026-03-17 01:59:42 | INFO | Episode 211/250 - Reward: -5.45, Length: 40, Loss: -0.5384
2026-03-17 01:59:43 | INFO | Episode 212/250 - Reward: -5.00, Length: 40, Loss: -0.5448
2026-03-17 01:59:43 | INFO | Episode 213/250 - Reward: -4.40, Length: 40, Loss: -0.4955
2026-03-17 01:59:44 | INFO | Episode 214/250 - Reward: -5.15, Length: 40, Loss: -0.5803
2026-03-17 01:59:44 | INFO | Episode 215/250 - Reward: -5.60, Length: 40, Loss: -0.5423
2026-03-17 01:59:44 | INFO | Episode 216/250 - Reward: -4.55, Length: 40, Loss: -0.5149
2026-03-17 01:59:45 | INFO | Episode 217/250 - Reward: 5.60, Length: 26, Loss: 0.6896
2026-03-17 01:59:45 | INFO | Episode 218/250 - Reward: -5.75, Length: 40, Loss: -0.5219
2026-03-17 01:59:46 | INFO | Episode 219/250 - Reward: -9.80, Length: 40, Loss: -0.4767
2026-03-17 01:59:46 | INFO | Episode 220/250 - Reward: -6.35, Length: 40, Loss: -0.5910
2026-03-17 01:59:47 | INFO | Episode 221/250 - Reward: -5.45, Length: 40, Loss: -0.5822
2026-03-17 01:59:47 | INFO | Episode 222/250 - Reward: -4.40, Length: 40, Loss: -0.4647
2026-03-17 01:59:48 | INFO | Episode 223/250 - Reward: -3.95, Length: 40, Loss: -0.4539
2026-03-17 01:59:48 | INFO | Episode 224/250 - Reward: -4.10, Length: 40, Loss: -0.4010
2026-03-17 01:59:49 | INFO | Episode 225/250 - Reward: -7.25, Length: 40, Loss: -0.4462
2026-03-17 01:59:49 | INFO | Episode 226/250 - Reward: -4.40, Length: 40, Loss: -0.5499
2026-03-17 01:59:50 | INFO | Episode 227/250 - Reward: -5.15, Length: 40, Loss: -0.5816
2026-03-17 01:59:50 | INFO | Episode 228/250 - Reward: -4.10, Length: 40, Loss: -0.5464
2026-03-17 01:59:51 | INFO | Episode 229/250 - Reward: -4.55, Length: 40, Loss: -0.5911
2026-03-17 01:59:51 | INFO | Episode 230/250 - Reward: -5.15, Length: 40, Loss: -0.4899
2026-03-17 01:59:52 | INFO | Episode 231/250 - Reward: -4.55, Length: 40, Loss: -0.5250
2026-03-17 01:59:52 | INFO | Episode 232/250 - Reward: -10.70, Length: 40, Loss: -0.4962
2026-03-17 01:59:53 | INFO | Episode 233/250 - Reward: -5.15, Length: 40, Loss: -0.5267
2026-03-17 01:59:53 | INFO | Episode 234/250 - Reward: -5.15, Length: 40, Loss: -0.5359
2026-03-17 01:59:54 | INFO | Episode 235/250 - Reward: -5.30, Length: 40, Loss: -0.5324
2026-03-17 01:59:54 | INFO | Episode 236/250 - Reward: -5.15, Length: 40, Loss: -0.5758
2026-03-17 01:59:55 | INFO | Episode 237/250 - Reward: -5.75, Length: 40, Loss: -0.5300
2026-03-17 01:59:55 | INFO | Episode 238/250 - Reward: -5.00, Length: 40, Loss: -0.5841
2026-03-17 01:59:56 | INFO | Episode 239/250 - Reward: -4.40, Length: 40, Loss: -0.5153
2026-03-17 01:59:56 | INFO | Episode 240/250 - Reward: -9.65, Length: 40, Loss: -0.4503
2026-03-17 01:59:57 | INFO | Episode 241/250 - Reward: -4.55, Length: 40, Loss: -0.5320
2026-03-17 01:59:58 | INFO | Episode 242/250 - Reward: -4.55, Length: 40, Loss: -0.5683
2026-03-17 01:59:58 | INFO | Episode 243/250 - Reward: -4.85, Length: 40, Loss: -0.5228
2026-03-17 01:59:59 | INFO | Episode 244/250 - Reward: 5.60, Length: 23, Loss: 0.8682
2026-03-17 01:59:59 | INFO | Episode 245/250 - Reward: -4.25, Length: 40, Loss: -0.4024
2026-03-17 02:00:00 | INFO | Episode 246/250 - Reward: -5.15, Length: 40, Loss: -0.6009
2026-03-17 02:00:00 | INFO | Episode 247/250 - Reward: -5.15, Length: 40, Loss: -0.5412
2026-03-17 02:00:01 | INFO | Episode 248/250 - Reward: -5.00, Length: 40, Loss: -0.4827
2026-03-17 02:00:01 | INFO | Episode 249/250 - Reward: -5.90, Length: 40, Loss: -0.4585
2026-03-17 02:00:02 | INFO | Episode 250/250 - Reward: -6.65, Length: 40, Loss: -0.5602
2026-03-17 02:00:02 | INFO | Episode 250/250 - Avg Reward: -4.44, Avg Length: 38.24, Avg Loss: -0.3720
