2026-03-17 02:18:55 | INFO | ============================================================
2026-03-17 02:18:55 | INFO | DEVICE / COMPUTE INFORMATION
2026-03-17 02:18:55 | INFO |   JAX backend       : GPU
2026-03-17 02:18:55 | INFO |   Platform          : gpu
2026-03-17 02:18:55 | INFO |   Num devices       : 1
2026-03-17 02:18:55 | INFO |   Device            : cuda:0
2026-03-17 02:18:55 | INFO |   GPU name          : NVIDIA GeForce RTX 5060 Laptop GPU
2026-03-17 02:18:55 | INFO | ============================================================
2026-03-17 02:18:55 | INFO | ✓ JAX GPU backend confirmed.
2026-03-17 02:18:56 | INFO | REINFORCE seed=8_gamma=0.99_lr=0.01
2026-03-17 02:18:59 | INFO | Episode 1/250 - Reward: -6.65, Length: 40, Loss: -0.4749
2026-03-17 02:19:00 | INFO | Episode 2/250 - Reward: -5.60, Length: 40, Loss: -0.4651
2026-03-17 02:19:00 | INFO | Episode 3/250 - Reward: 8.95, Length: 16, Loss: 1.8939
2026-03-17 02:19:01 | INFO | Episode 4/250 - Reward: 6.05, Length: 38, Loss: 0.6337
2026-03-17 02:19:01 | INFO | Episode 5/250 - Reward: -4.25, Length: 40, Loss: -0.4600
2026-03-17 02:19:02 | INFO | Episode 6/250 - Reward: -6.50, Length: 40, Loss: -0.6166
2026-03-17 02:19:02 | INFO | Episode 7/250 - Reward: -11.60, Length: 40, Loss: -0.5946
2026-03-17 02:19:03 | INFO | Episode 8/250 - Reward: -4.55, Length: 40, Loss: -0.4096
2026-03-17 02:19:03 | INFO | Episode 9/250 - Reward: 1.95, Length: 39, Loss: 0.3843
2026-03-17 02:19:04 | INFO | Episode 10/250 - Reward: 8.75, Length: 14, Loss: 1.9651
2026-03-17 02:19:04 | INFO | Episode 11/250 - Reward: 8.65, Length: 19, Loss: 1.6175
2026-03-17 02:19:05 | INFO | Episode 12/250 - Reward: -3.95, Length: 40, Loss: -0.4364
2026-03-17 02:19:04 | INFO | Episode 13/250 - Reward: -4.70, Length: 40, Loss: -0.4647
2026-03-17 02:19:05 | INFO | Episode 14/250 - Reward: 6.95, Length: 32, Loss: 0.9367
2026-03-17 02:19:05 | INFO | Episode 15/250 - Reward: -4.85, Length: 40, Loss: -0.4857
2026-03-17 02:19:06 | INFO | Episode 16/250 - Reward: -4.55, Length: 40, Loss: -0.4648
2026-03-17 02:19:06 | INFO | Episode 17/250 - Reward: 7.45, Length: 22, Loss: 1.4653
2026-03-17 02:19:07 | INFO | Episode 18/250 - Reward: -5.60, Length: 40, Loss: -0.4602
2026-03-17 02:19:07 | INFO | Episode 19/250 - Reward: 9.35, Length: 11, Loss: 2.4012
2026-03-17 02:19:08 | INFO | Episode 20/250 - Reward: -3.35, Length: 40, Loss: -0.4239
2026-03-17 02:19:08 | INFO | Episode 21/250 - Reward: -5.15, Length: 40, Loss: -0.5152
2026-03-17 02:19:09 | INFO | Episode 22/250 - Reward: -5.00, Length: 40, Loss: -0.4600
2026-03-17 02:19:09 | INFO | Episode 23/250 - Reward: -6.35, Length: 40, Loss: -0.4458
2026-03-17 02:19:10 | INFO | Episode 24/250 - Reward: -13.70, Length: 40, Loss: -0.4055
2026-03-17 02:19:10 | INFO | Episode 25/250 - Reward: 7.35, Length: 24, Loss: 1.2803
2026-03-17 02:19:11 | INFO | Episode 26/250 - Reward: 7.55, Length: 23, Loss: 1.3497
2026-03-17 02:19:11 | INFO | Episode 27/250 - Reward: 4.70, Length: 26, Loss: 1.1003
2026-03-17 02:19:12 | INFO | Episode 28/250 - Reward: 8.05, Length: 16, Loss: 1.7829
2026-03-17 02:19:12 | INFO | Episode 29/250 - Reward: -4.25, Length: 40, Loss: -0.4897
2026-03-17 02:19:13 | INFO | Episode 30/250 - Reward: -5.15, Length: 40, Loss: -0.4788
2026-03-17 02:19:13 | INFO | Episode 31/250 - Reward: 2.55, Length: 36, Loss: 0.4978
2026-03-17 02:19:14 | INFO | Episode 32/250 - Reward: 4.10, Length: 35, Loss: 0.6745
2026-03-17 02:19:14 | INFO | Episode 33/250 - Reward: 6.15, Length: 30, Loss: 1.0028
2026-03-17 02:19:15 | INFO | Episode 34/250 - Reward: 3.05, Length: 32, Loss: 0.7025
2026-03-17 02:19:15 | INFO | Episode 35/250 - Reward: -5.00, Length: 40, Loss: -0.4084
2026-03-17 02:19:16 | INFO | Episode 36/250 - Reward: 7.10, Length: 14, Loss: 1.8976
2026-03-17 02:19:16 | INFO | Episode 37/250 - Reward: 8.85, Length: 12, Loss: 2.0373
2026-03-17 02:19:17 | INFO | Episode 38/250 - Reward: 6.70, Length: 16, Loss: 1.7279
2026-03-17 02:19:17 | INFO | Episode 39/250 - Reward: 8.65, Length: 19, Loss: 1.5662
2026-03-17 02:19:18 | INFO | Episode 40/250 - Reward: 6.70, Length: 16, Loss: 1.7138
2026-03-17 02:19:18 | INFO | Episode 41/250 - Reward: 8.25, Length: 18, Loss: 1.4734
2026-03-17 02:19:19 | INFO | Episode 42/250 - Reward: -4.40, Length: 40, Loss: -0.4515
2026-03-17 02:19:19 | INFO | Episode 43/250 - Reward: 9.05, Length: 11, Loss: 1.9216
2026-03-17 02:19:20 | INFO | Episode 44/250 - Reward: 5.20, Length: 28, Loss: 0.9676
2026-03-17 02:19:20 | INFO | Episode 45/250 - Reward: -7.85, Length: 40, Loss: -0.5836
2026-03-17 02:19:21 | INFO | Episode 46/250 - Reward: -3.95, Length: 40, Loss: -0.4512
2026-03-17 02:19:21 | INFO | Episode 47/250 - Reward: 8.65, Length: 13, Loss: 1.8045
2026-03-17 02:19:21 | INFO | Episode 48/250 - Reward: 5.95, Length: 34, Loss: 0.6976
2026-03-17 02:19:22 | INFO | Episode 49/250 - Reward: -5.90, Length: 40, Loss: -0.4673
2026-03-17 02:19:23 | INFO | Episode 50/250 - Reward: -4.70, Length: 40, Loss: -0.3924
2026-03-17 02:19:23 | INFO | Episode 50/250 - Avg Reward: 0.78, Avg Length: 31.08, Avg Loss: 0.4838
2026-03-17 02:19:23 | INFO | Episode 51/250 - Reward: 6.80, Length: 14, Loss: 1.9564
2026-03-17 02:19:24 | INFO | Episode 52/250 - Reward: 2.95, Length: 34, Loss: 0.6009
2026-03-17 02:19:24 | INFO | Episode 53/250 - Reward: 5.80, Length: 22, Loss: 1.1986
2026-03-17 02:19:25 | INFO | Episode 54/250 - Reward: -5.15, Length: 40, Loss: -0.4233
2026-03-17 02:19:25 | INFO | Episode 55/250 - Reward: -4.55, Length: 40, Loss: -0.4402
2026-03-17 02:19:26 | INFO | Episode 56/250 - Reward: 4.65, Length: 18, Loss: 1.4579
2026-03-17 02:19:26 | INFO | Episode 57/250 - Reward: 5.50, Length: 28, Loss: 1.0280
2026-03-17 02:19:27 | INFO | Episode 58/250 - Reward: 6.65, Length: 29, Loss: 0.9028
2026-03-17 02:19:27 | INFO | Episode 59/250 - Reward: 6.10, Length: 19, Loss: 1.4395
2026-03-17 02:19:27 | INFO | Episode 60/250 - Reward: 3.65, Length: 23, Loss: 1.0780
2026-03-17 02:19:28 | INFO | Episode 61/250 - Reward: 2.75, Length: 29, Loss: 0.7951
2026-03-17 02:19:29 | INFO | Episode 62/250 - Reward: 1.20, Length: 36, Loss: 0.4027
2026-03-17 02:19:29 | INFO | Episode 63/250 - Reward: 6.70, Length: 16, Loss: 1.7746
2026-03-17 02:19:30 | INFO | Episode 64/250 - Reward: 6.90, Length: 15, Loss: 1.7282
2026-03-17 02:19:30 | INFO | Episode 65/250 - Reward: -5.00, Length: 40, Loss: -0.4310
2026-03-17 02:19:31 | INFO | Episode 66/250 - Reward: -4.40, Length: 40, Loss: -0.4419
2026-03-17 02:19:32 | INFO | Episode 67/250 - Reward: 4.35, Length: 18, Loss: 1.3609
2026-03-17 02:19:32 | INFO | Episode 68/250 - Reward: 7.55, Length: 20, Loss: 1.2263
2026-03-17 02:19:33 | INFO | Episode 69/250 - Reward: -4.55, Length: 40, Loss: -0.4541
2026-03-17 02:19:34 | INFO | Episode 70/250 - Reward: 8.75, Length: 17, Loss: 1.5793
2026-03-17 02:19:34 | INFO | Episode 71/250 - Reward: 7.05, Length: 27, Loss: 1.0518
2026-03-17 02:19:35 | INFO | Episode 72/250 - Reward: 8.05, Length: 19, Loss: 1.3706
2026-03-17 02:19:36 | INFO | Episode 73/250 - Reward: 7.65, Length: 24, Loss: 1.1699
2026-03-17 02:19:35 | INFO | Episode 74/250 - Reward: -4.70, Length: 40, Loss: -0.3767
2026-03-17 02:19:36 | INFO | Episode 75/250 - Reward: -6.05, Length: 40, Loss: -0.4151
2026-03-17 02:19:37 | INFO | Episode 76/250 - Reward: 8.65, Length: 16, Loss: 1.6044
2026-03-17 02:19:37 | INFO | Episode 77/250 - Reward: -5.15, Length: 40, Loss: -0.5355
2026-03-17 02:19:38 | INFO | Episode 78/250 - Reward: 8.55, Length: 15, Loss: 1.6262
2026-03-17 02:19:39 | INFO | Episode 79/250 - Reward: 2.70, Length: 18, Loss: 1.3988
2026-03-17 02:19:39 | INFO | Episode 80/250 - Reward: 8.45, Length: 20, Loss: 1.6053
2026-03-17 02:19:40 | INFO | Episode 81/250 - Reward: 7.15, Length: 25, Loss: 1.0735
2026-03-17 02:19:40 | INFO | Episode 82/250 - Reward: -4.40, Length: 40, Loss: -0.4110
2026-03-17 02:19:41 | INFO | Episode 83/250 - Reward: 8.75, Length: 17, Loss: 1.7733
2026-03-17 02:19:42 | INFO | Episode 84/250 - Reward: -5.15, Length: 40, Loss: -0.4041
2026-03-17 02:19:42 | INFO | Episode 85/250 - Reward: 8.05, Length: 25, Loss: 1.2704
2026-03-17 02:19:43 | INFO | Episode 86/250 - Reward: 3.10, Length: 40, Loss: 0.3101
2026-03-17 02:19:44 | INFO | Episode 87/250 - Reward: 7.35, Length: 24, Loss: 1.1423
2026-03-17 02:19:44 | INFO | Episode 88/250 - Reward: 7.95, Length: 24, Loss: 1.4103
2026-03-17 02:19:45 | INFO | Episode 89/250 - Reward: 8.65, Length: 13, Loss: 1.7630
2026-03-17 02:19:46 | INFO | Episode 90/250 - Reward: 7.55, Length: 20, Loss: 1.4338
2026-03-17 02:19:46 | INFO | Episode 91/250 - Reward: 8.25, Length: 15, Loss: 1.3239
2026-03-17 02:19:47 | INFO | Episode 92/250 - Reward: 7.35, Length: 27, Loss: 1.1742
2026-03-17 02:19:47 | INFO | Episode 93/250 - Reward: -5.30, Length: 40, Loss: -0.4207
2026-03-17 02:19:48 | INFO | Episode 94/250 - Reward: 4.20, Length: 39, Loss: 0.4452
2026-03-17 02:19:49 | INFO | Episode 95/250 - Reward: 7.55, Length: 20, Loss: 1.2995
2026-03-17 02:19:50 | INFO | Episode 96/250 - Reward: 9.15, Length: 12, Loss: 1.7771
2026-03-17 02:19:50 | INFO | Episode 97/250 - Reward: 9.05, Length: 11, Loss: 1.8963
2026-03-17 02:19:51 | INFO | Episode 98/250 - Reward: 8.45, Length: 17, Loss: 1.6266
2026-03-17 02:19:51 | INFO | Episode 99/250 - Reward: 2.00, Length: 26, Loss: 0.8202
2026-03-17 02:19:52 | INFO | Episode 100/250 - Reward: 7.20, Length: 12, Loss: 1.7360
2026-03-17 02:19:52 | INFO | Episode 100/250 - Avg Reward: 3.97, Avg Length: 25.68, Avg Loss: 0.9176
2026-03-17 02:19:53 | INFO | Episode 101/250 - Reward: 9.05, Length: 14, Loss: 1.7331
2026-03-17 02:19:53 | INFO | Episode 102/250 - Reward: 4.65, Length: 15, Loss: 1.6017
2026-03-17 02:19:54 | INFO | Episode 103/250 - Reward: 8.45, Length: 17, Loss: 1.3587
2026-03-17 02:19:55 | INFO | Episode 104/250 - Reward: 8.75, Length: 14, Loss: 1.8717
2026-03-17 02:19:55 | INFO | Episode 105/250 - Reward: 6.70, Length: 16, Loss: 1.5622
2026-03-17 02:19:56 | INFO | Episode 106/250 - Reward: -5.75, Length: 40, Loss: -0.4955
2026-03-17 02:19:56 | INFO | Episode 107/250 - Reward: 8.55, Length: 21, Loss: 1.4448
2026-03-17 02:19:57 | INFO | Episode 108/250 - Reward: 8.55, Length: 15, Loss: 1.6042
2026-03-17 02:19:58 | INFO | Episode 109/250 - Reward: 9.45, Length: 12, Loss: 2.0158
2026-03-17 02:19:58 | INFO | Episode 110/250 - Reward: 8.25, Length: 15, Loss: 1.4313
2026-03-17 02:19:59 | INFO | Episode 111/250 - Reward: -5.90, Length: 40, Loss: -0.4161
2026-03-17 02:20:00 | INFO | Episode 112/250 - Reward: -6.80, Length: 40, Loss: -0.5154
2026-03-17 02:20:00 | INFO | Episode 113/250 - Reward: 7.15, Length: 34, Loss: 0.7363
2026-03-17 02:20:01 | INFO | Episode 114/250 - Reward: 5.25, Length: 12, Loss: 1.8726
2026-03-17 02:20:01 | INFO | Episode 115/250 - Reward: 9.15, Length: 12, Loss: 1.9186
2026-03-17 02:20:02 | INFO | Episode 116/250 - Reward: -7.25, Length: 40, Loss: -0.4371
2026-03-17 02:20:03 | INFO | Episode 117/250 - Reward: 6.50, Length: 17, Loss: 1.5099
2026-03-17 02:20:03 | INFO | Episode 118/250 - Reward: 8.75, Length: 14, Loss: 1.7997
2026-03-17 02:20:04 | INFO | Episode 119/250 - Reward: 3.35, Length: 29, Loss: 0.9020
2026-03-17 02:20:05 | INFO | Episode 120/250 - Reward: 7.75, Length: 22, Loss: 1.4353
2026-03-17 02:20:05 | INFO | Episode 121/250 - Reward: 8.35, Length: 16, Loss: 1.6199
2026-03-17 02:20:06 | INFO | Episode 122/250 - Reward: 5.80, Length: 19, Loss: 1.3080
2026-03-17 02:20:07 | INFO | Episode 123/250 - Reward: 8.45, Length: 14, Loss: 1.5759
2026-03-17 02:20:07 | INFO | Episode 124/250 - Reward: 4.25, Length: 23, Loss: 1.2389
2026-03-17 02:20:07 | INFO | Episode 125/250 - Reward: 6.50, Length: 14, Loss: 1.3364
2026-03-17 02:20:08 | INFO | Episode 126/250 - Reward: -5.75, Length: 40, Loss: -0.3876
2026-03-17 02:20:08 | INFO | Episode 127/250 - Reward: 6.50, Length: 20, Loss: 1.6052
2026-03-17 02:20:09 | INFO | Episode 128/250 - Reward: 8.35, Length: 19, Loss: 1.6267
2026-03-17 02:20:10 | INFO | Episode 129/250 - Reward: 7.65, Length: 18, Loss: 1.4042
2026-03-17 02:20:10 | INFO | Episode 130/250 - Reward: 7.75, Length: 19, Loss: 1.3595
2026-03-17 02:20:11 | INFO | Episode 131/250 - Reward: 9.45, Length: 12, Loss: 1.8729
2026-03-17 02:20:11 | INFO | Episode 132/250 - Reward: 9.65, Length: 8, Loss: 1.7935
2026-03-17 02:20:12 | INFO | Episode 133/250 - Reward: 9.65, Length: 8, Loss: 1.6748
2026-03-17 02:20:13 | INFO | Episode 134/250 - Reward: -5.75, Length: 40, Loss: -0.4548
2026-03-17 02:20:13 | INFO | Episode 135/250 - Reward: 8.25, Length: 18, Loss: 1.5410
2026-03-17 02:20:14 | INFO | Episode 136/250 - Reward: -6.95, Length: 40, Loss: -0.3462
2026-03-17 02:20:15 | INFO | Episode 137/250 - Reward: 3.80, Length: 38, Loss: 0.4892
2026-03-17 02:20:15 | INFO | Episode 138/250 - Reward: 8.65, Length: 13, Loss: 1.5043
2026-03-17 02:20:16 | INFO | Episode 139/250 - Reward: 7.15, Length: 25, Loss: 1.0473
2026-03-17 02:20:17 | INFO | Episode 140/250 - Reward: 7.30, Length: 13, Loss: 1.7295
2026-03-17 02:20:17 | INFO | Episode 141/250 - Reward: 7.35, Length: 24, Loss: 1.3097
2026-03-17 02:20:18 | INFO | Episode 142/250 - Reward: 6.80, Length: 14, Loss: 1.8823
2026-03-17 02:20:18 | INFO | Episode 143/250 - Reward: 8.65, Length: 13, Loss: 1.6091
2026-03-17 02:20:19 | INFO | Episode 144/250 - Reward: 8.25, Length: 15, Loss: 1.6976
2026-03-17 02:20:20 | INFO | Episode 145/250 - Reward: 8.15, Length: 17, Loss: 1.4673
2026-03-17 02:20:20 | INFO | Episode 146/250 - Reward: 8.15, Length: 17, Loss: 1.3630
2026-03-17 02:20:21 | INFO | Episode 147/250 - Reward: 6.40, Length: 19, Loss: 1.4835
2026-03-17 02:20:22 | INFO | Episode 148/250 - Reward: -5.45, Length: 40, Loss: -0.4435
2026-03-17 02:20:22 | INFO | Episode 149/250 - Reward: 9.05, Length: 11, Loss: 1.8269
2026-03-17 02:20:23 | INFO | Episode 150/250 - Reward: 8.85, Length: 12, Loss: 2.1567
2026-03-17 02:20:23 | INFO | Episode 150/250 - Avg Reward: 5.40, Avg Length: 20.76, Avg Loss: 1.2165
2026-03-17 02:20:23 | INFO | Episode 151/250 - Reward: 4.45, Length: 19, Loss: 1.4882
2026-03-17 02:20:24 | INFO | Episode 152/250 - Reward: 8.95, Length: 16, Loss: 1.7548
2026-03-17 02:20:25 | INFO | Episode 153/250 - Reward: 8.85, Length: 12, Loss: 1.4067
2026-03-17 02:20:25 | INFO | Episode 154/250 - Reward: 8.35, Length: 16, Loss: 1.5693
2026-03-17 02:20:26 | INFO | Episode 155/250 - Reward: 4.75, Length: 40, Loss: 0.5144
2026-03-17 02:20:26 | INFO | Episode 156/250 - Reward: -6.05, Length: 40, Loss: -0.4872
2026-03-17 02:20:27 | INFO | Episode 157/250 - Reward: 8.75, Length: 14, Loss: 1.5999
2026-03-17 02:20:28 | INFO | Episode 158/250 - Reward: 7.95, Length: 18, Loss: 1.4331
2026-03-17 02:20:28 | INFO | Episode 159/250 - Reward: 9.45, Length: 9, Loss: 1.7579
2026-03-17 02:20:29 | INFO | Episode 160/250 - Reward: 8.85, Length: 12, Loss: 1.6305
2026-03-17 02:20:30 | INFO | Episode 161/250 - Reward: 8.35, Length: 19, Loss: 1.5696
2026-03-17 02:20:30 | INFO | Episode 162/250 - Reward: 9.35, Length: 11, Loss: 1.9598
2026-03-17 02:20:31 | INFO | Episode 163/250 - Reward: 8.45, Length: 14, Loss: 1.3767
2026-03-17 02:20:32 | INFO | Episode 164/250 - Reward: 8.95, Length: 13, Loss: 1.7549
2026-03-17 02:20:32 | INFO | Episode 165/250 - Reward: 2.70, Length: 18, Loss: 1.1034
2026-03-17 02:20:33 | INFO | Episode 166/250 - Reward: 9.55, Length: 10, Loss: 1.6800
2026-03-17 02:20:34 | INFO | Episode 167/250 - Reward: 9.45, Length: 12, Loss: 1.7769
2026-03-17 02:20:34 | INFO | Episode 168/250 - Reward: 6.60, Length: 15, Loss: 1.4068
2026-03-17 02:20:35 | INFO | Episode 169/250 - Reward: 8.65, Length: 16, Loss: 1.5082
2026-03-17 02:20:35 | INFO | Episode 170/250 - Reward: 8.25, Length: 18, Loss: 1.3826
2026-03-17 02:20:36 | INFO | Episode 171/250 - Reward: 9.65, Length: 8, Loss: 1.5441
2026-03-17 02:20:37 | INFO | Episode 172/250 - Reward: -6.95, Length: 40, Loss: -0.3622
2026-03-17 02:20:37 | INFO | Episode 173/250 - Reward: 8.85, Length: 12, Loss: 1.5707
2026-03-17 02:20:38 | INFO | Episode 174/250 - Reward: 6.70, Length: 16, Loss: 1.6126
2026-03-17 02:20:39 | INFO | Episode 175/250 - Reward: 8.05, Length: 16, Loss: 1.2780
2026-03-17 02:20:38 | INFO | Episode 176/250 - Reward: 8.65, Length: 13, Loss: 1.3024
2026-03-17 02:20:39 | INFO | Episode 177/250 - Reward: -10.85, Length: 40, Loss: -0.4824
2026-03-17 02:20:40 | INFO | Episode 178/250 - Reward: 8.55, Length: 21, Loss: 1.5225
2026-03-17 02:20:40 | INFO | Episode 179/250 - Reward: 7.45, Length: 22, Loss: 1.2370
2026-03-17 02:20:41 | INFO | Episode 180/250 - Reward: 9.25, Length: 10, Loss: 1.3406
2026-03-17 02:20:42 | INFO | Episode 181/250 - Reward: 9.15, Length: 12, Loss: 1.8657
2026-03-17 02:20:42 | INFO | Episode 182/250 - Reward: 7.15, Length: 22, Loss: 1.0990
2026-03-17 02:20:43 | INFO | Episode 183/250 - Reward: 5.40, Length: 24, Loss: 1.1281
2026-03-17 02:20:43 | INFO | Episode 184/250 - Reward: 8.55, Length: 15, Loss: 1.3168
2026-03-17 02:20:44 | INFO | Episode 185/250 - Reward: 7.10, Length: 14, Loss: 1.8581
2026-03-17 02:20:45 | INFO | Episode 186/250 - Reward: 4.30, Length: 28, Loss: 0.8484
2026-03-17 02:20:45 | INFO | Episode 187/250 - Reward: 8.55, Length: 15, Loss: 1.6027
2026-03-17 02:20:46 | INFO | Episode 188/250 - Reward: 8.55, Length: 15, Loss: 1.5472
2026-03-17 02:20:47 | INFO | Episode 189/250 - Reward: 6.90, Length: 12, Loss: 1.7758
2026-03-17 02:20:47 | INFO | Episode 190/250 - Reward: 8.15, Length: 20, Loss: 1.5228
2026-03-17 02:20:48 | INFO | Episode 191/250 - Reward: 8.15, Length: 17, Loss: 1.5577
2026-03-17 02:20:48 | INFO | Episode 192/250 - Reward: 8.25, Length: 18, Loss: 1.4314
2026-03-17 02:20:49 | INFO | Episode 193/250 - Reward: 8.75, Length: 17, Loss: 1.7016
2026-03-17 02:20:50 | INFO | Episode 194/250 - Reward: -6.20, Length: 40, Loss: -0.3751
2026-03-17 02:20:50 | INFO | Episode 195/250 - Reward: 8.65, Length: 13, Loss: 1.8057
2026-03-17 02:20:51 | INFO | Episode 196/250 - Reward: 5.05, Length: 13, Loss: 1.5379
2026-03-17 02:20:52 | INFO | Episode 197/250 - Reward: 8.95, Length: 13, Loss: 1.6646
2026-03-17 02:20:52 | INFO | Episode 198/250 - Reward: 8.55, Length: 18, Loss: 1.5393
2026-03-17 02:20:53 | INFO | Episode 199/250 - Reward: 9.45, Length: 9, Loss: 1.7386
2026-03-17 02:20:53 | INFO | Episode 200/250 - Reward: 6.60, Length: 15, Loss: 1.4115
2026-03-17 02:20:53 | INFO | Episode 200/250 - Avg Reward: 6.68, Avg Length: 17.80, Avg Loss: 1.3466
2026-03-17 02:20:54 | INFO | Episode 201/250 - Reward: 9.05, Length: 11, Loss: 1.7583
2026-03-17 02:20:55 | INFO | Episode 202/250 - Reward: 8.95, Length: 13, Loss: 1.6176
2026-03-17 02:20:55 | INFO | Episode 203/250 - Reward: 7.75, Length: 22, Loss: 1.1761
2026-03-17 02:20:56 | INFO | Episode 204/250 - Reward: 8.65, Length: 16, Loss: 1.4747
2026-03-17 02:20:57 | INFO | Episode 205/250 - Reward: 8.95, Length: 13, Loss: 1.7526
2026-03-17 02:20:57 | INFO | Episode 206/250 - Reward: 5.25, Length: 36, Loss: 0.5154
2026-03-17 02:20:58 | INFO | Episode 207/250 - Reward: 6.95, Length: 23, Loss: 1.1440
2026-03-17 02:20:59 | INFO | Episode 208/250 - Reward: 9.05, Length: 11, Loss: 1.5859
2026-03-17 02:20:59 | INFO | Episode 209/250 - Reward: 7.50, Length: 9, Loss: 1.7801
2026-03-17 02:21:00 | INFO | Episode 210/250 - Reward: 9.05, Length: 11, Loss: 1.4884
2026-03-17 02:21:00 | INFO | Episode 211/250 - Reward: 6.80, Length: 14, Loss: 1.7669
2026-03-17 02:21:01 | INFO | Episode 212/250 - Reward: 7.35, Length: 24, Loss: 1.1376
2026-03-17 02:21:01 | INFO | Episode 213/250 - Reward: 8.95, Length: 13, Loss: 1.4934
2026-03-17 02:21:02 | INFO | Episode 214/250 - Reward: 9.05, Length: 11, Loss: 1.6558
2026-03-17 02:21:02 | INFO | Episode 215/250 - Reward: 9.45, Length: 9, Loss: 1.5433
2026-03-17 02:21:03 | INFO | Episode 216/250 - Reward: 7.00, Length: 13, Loss: 1.5465
2026-03-17 02:21:03 | INFO | Episode 217/250 - Reward: 7.50, Length: 9, Loss: 1.9414
2026-03-17 02:21:04 | INFO | Episode 218/250 - Reward: 7.55, Length: 20, Loss: 1.1652
2026-03-17 02:21:04 | INFO | Episode 219/250 - Reward: 8.75, Length: 14, Loss: 1.5503
2026-03-17 02:21:05 | INFO | Episode 220/250 - Reward: 9.05, Length: 11, Loss: 1.7821
2026-03-17 02:21:05 | INFO | Episode 221/250 - Reward: 8.85, Length: 12, Loss: 1.2275
2026-03-17 02:21:06 | INFO | Episode 222/250 - Reward: -6.65, Length: 40, Loss: -0.5681
2026-03-17 02:21:06 | INFO | Episode 223/250 - Reward: 7.30, Length: 10, Loss: 1.5600
2026-03-17 02:21:07 | INFO | Episode 224/250 - Reward: 9.25, Length: 10, Loss: 1.5272
2026-03-17 02:21:07 | INFO | Episode 225/250 - Reward: 7.75, Length: 22, Loss: 1.2589
2026-03-17 02:21:08 | INFO | Episode 226/250 - Reward: 9.25, Length: 10, Loss: 1.5529
2026-03-17 02:21:08 | INFO | Episode 227/250 - Reward: 8.15, Length: 17, Loss: 1.2534
2026-03-17 02:21:09 | INFO | Episode 228/250 - Reward: 8.45, Length: 14, Loss: 1.4403
2026-03-17 02:21:09 | INFO | Episode 229/250 - Reward: 8.95, Length: 13, Loss: 1.5645
2026-03-17 02:21:10 | INFO | Episode 230/250 - Reward: -6.95, Length: 40, Loss: -0.3198
2026-03-17 02:21:10 | INFO | Episode 231/250 - Reward: -6.65, Length: 40, Loss: -0.5861
2026-03-17 02:21:10 | INFO | Episode 232/250 - Reward: 9.35, Length: 11, Loss: 1.7190
2026-03-17 02:21:10 | INFO | Episode 233/250 - Reward: 8.55, Length: 15, Loss: 1.2231
2026-03-17 02:21:11 | INFO | Episode 234/250 - Reward: 9.05, Length: 11, Loss: 1.3245
2026-03-17 02:21:11 | INFO | Episode 235/250 - Reward: 8.35, Length: 16, Loss: 1.2518
2026-03-17 02:21:12 | INFO | Episode 236/250 - Reward: 6.20, Length: 17, Loss: 1.1721
2026-03-17 02:21:12 | INFO | Episode 237/250 - Reward: 8.45, Length: 14, Loss: 1.3680
2026-03-17 02:21:13 | INFO | Episode 238/250 - Reward: 9.05, Length: 11, Loss: 1.4065
2026-03-17 02:21:13 | INFO | Episode 239/250 - Reward: 8.95, Length: 13, Loss: 1.6786
2026-03-17 02:21:14 | INFO | Episode 240/250 - Reward: 7.00, Length: 13, Loss: 1.7993
2026-03-17 02:21:14 | INFO | Episode 241/250 - Reward: 9.05, Length: 11, Loss: 1.3518
2026-03-17 02:21:15 | INFO | Episode 242/250 - Reward: 5.80, Length: 19, Loss: 0.9431
2026-03-17 02:21:15 | INFO | Episode 243/250 - Reward: 8.65, Length: 13, Loss: 1.3393
2026-03-17 02:21:16 | INFO | Episode 244/250 - Reward: 7.35, Length: 21, Loss: 1.0190
2026-03-17 02:21:16 | INFO | Episode 245/250 - Reward: 8.75, Length: 14, Loss: 1.5488
2026-03-17 02:21:17 | INFO | Episode 246/250 - Reward: 7.35, Length: 21, Loss: 0.9981
2026-03-17 02:21:17 | INFO | Episode 247/250 - Reward: 6.10, Length: 22, Loss: 1.5469
2026-03-17 02:21:18 | INFO | Episode 248/250 - Reward: 8.15, Length: 17, Loss: 1.3582
2026-03-17 02:21:18 | INFO | Episode 249/250 - Reward: 8.85, Length: 12, Loss: 1.4152
2026-03-17 02:21:19 | INFO | Episode 250/250 - Reward: 8.25, Length: 18, Loss: 1.5245
2026-03-17 02:21:19 | INFO | Episode 250/250 - Avg Reward: 7.27, Avg Length: 16.40, Avg Loss: 1.3155
