2026-03-17 02:13:56 | INFO | ============================================================
2026-03-17 02:13:56 | INFO | DEVICE / COMPUTE INFORMATION
2026-03-17 02:13:56 | INFO |   JAX backend       : GPU
2026-03-17 02:13:56 | INFO |   Platform          : gpu
2026-03-17 02:13:56 | INFO |   Num devices       : 1
2026-03-17 02:13:56 | INFO |   Device            : cuda:0
2026-03-17 02:13:56 | INFO |   GPU name          : NVIDIA GeForce RTX 5060 Laptop GPU
2026-03-17 02:13:56 | INFO | ============================================================
2026-03-17 02:13:56 | INFO | ✓ JAX GPU backend confirmed.
2026-03-17 02:13:57 | INFO | REINFORCE seed=8_gamma=0.9_lr=0.001
2026-03-17 02:14:00 | INFO | Episode 1/250 - Reward: -6.65, Length: 40, Loss: -0.5918
2026-03-17 02:14:01 | INFO | Episode 2/250 - Reward: -5.60, Length: 40, Loss: -0.5742
2026-03-17 02:14:01 | INFO | Episode 3/250 - Reward: 8.95, Length: 16, Loss: 1.5674
2026-03-17 02:14:02 | INFO | Episode 4/250 - Reward: 6.05, Length: 38, Loss: 0.1692
2026-03-17 02:14:02 | INFO | Episode 5/250 - Reward: -4.25, Length: 40, Loss: -0.5663
2026-03-17 02:14:03 | INFO | Episode 6/250 - Reward: -6.50, Length: 40, Loss: -0.5643
2026-03-17 02:14:03 | INFO | Episode 7/250 - Reward: -4.55, Length: 40, Loss: -0.5168
2026-03-17 02:14:04 | INFO | Episode 8/250 - Reward: -4.55, Length: 40, Loss: -0.4999
2026-03-17 02:14:04 | INFO | Episode 9/250 - Reward: -11.90, Length: 40, Loss: -0.4466
2026-03-17 02:14:05 | INFO | Episode 10/250 - Reward: 8.75, Length: 14, Loss: 1.7143
2026-03-17 02:14:05 | INFO | Episode 11/250 - Reward: 8.15, Length: 23, Loss: 0.9441
2026-03-17 02:14:06 | INFO | Episode 12/250 - Reward: -3.80, Length: 40, Loss: -0.5528
2026-03-17 02:14:06 | INFO | Episode 13/250 - Reward: -5.00, Length: 40, Loss: -0.5949
2026-03-17 02:14:07 | INFO | Episode 14/250 - Reward: -6.35, Length: 40, Loss: -0.6023
2026-03-17 02:14:07 | INFO | Episode 15/250 - Reward: -6.35, Length: 40, Loss: -0.5774
2026-03-17 02:14:08 | INFO | Episode 16/250 - Reward: -4.55, Length: 40, Loss: -0.5891
2026-03-17 02:14:08 | INFO | Episode 17/250 - Reward: 7.45, Length: 22, Loss: 0.9590
2026-03-17 02:14:09 | INFO | Episode 18/250 - Reward: -5.30, Length: 40, Loss: -0.5603
2026-03-17 02:14:09 | INFO | Episode 19/250 - Reward: 7.10, Length: 14, Loss: 1.7735
2026-03-17 02:14:10 | INFO | Episode 20/250 - Reward: -3.65, Length: 40, Loss: -0.5601
2026-03-17 02:14:10 | INFO | Episode 21/250 - Reward: -5.15, Length: 40, Loss: -0.6193
2026-03-17 02:14:11 | INFO | Episode 22/250 - Reward: -5.00, Length: 40, Loss: -0.5401
2026-03-17 02:14:11 | INFO | Episode 23/250 - Reward: 7.05, Length: 24, Loss: 0.7603
2026-03-17 02:14:12 | INFO | Episode 24/250 - Reward: -4.55, Length: 40, Loss: -0.5189
2026-03-17 02:14:12 | INFO | Episode 25/250 - Reward: 7.65, Length: 24, Loss: 0.8454
2026-03-17 02:14:12 | INFO | Episode 26/250 - Reward: 7.95, Length: 24, Loss: 0.8198
2026-03-17 02:14:13 | INFO | Episode 27/250 - Reward: 4.70, Length: 26, Loss: 0.4917
2026-03-17 02:14:13 | INFO | Episode 28/250 - Reward: 8.05, Length: 16, Loss: 1.4550
2026-03-17 02:14:14 | INFO | Episode 29/250 - Reward: -4.55, Length: 40, Loss: -0.5662
2026-03-17 02:14:14 | INFO | Episode 30/250 - Reward: -4.70, Length: 40, Loss: -0.5379
2026-03-17 02:14:15 | INFO | Episode 31/250 - Reward: 2.55, Length: 36, Loss: 0.0999
2026-03-17 02:14:15 | INFO | Episode 32/250 - Reward: 4.10, Length: 35, Loss: 0.1990
2026-03-17 02:14:16 | INFO | Episode 33/250 - Reward: -6.50, Length: 40, Loss: -0.4889
2026-03-17 02:14:16 | INFO | Episode 34/250 - Reward: 1.30, Length: 34, Loss: 0.0910
2026-03-17 02:14:17 | INFO | Episode 35/250 - Reward: -4.70, Length: 40, Loss: -0.4985
2026-03-17 02:14:17 | INFO | Episode 36/250 - Reward: 7.10, Length: 14, Loss: 1.6285
2026-03-17 02:14:18 | INFO | Episode 37/250 - Reward: -4.10, Length: 40, Loss: -0.6198
2026-03-17 02:14:18 | INFO | Episode 38/250 - Reward: -5.90, Length: 40, Loss: -0.3509
2026-03-17 02:14:19 | INFO | Episode 39/250 - Reward: 6.70, Length: 19, Loss: 1.1457
2026-03-17 02:14:19 | INFO | Episode 40/250 - Reward: -3.65, Length: 40, Loss: -0.5575
2026-03-17 02:14:20 | INFO | Episode 41/250 - Reward: -11.30, Length: 40, Loss: -0.5264
2026-03-17 02:14:20 | INFO | Episode 42/250 - Reward: -4.10, Length: 40, Loss: -0.6219
2026-03-17 02:14:21 | INFO | Episode 43/250 - Reward: 9.05, Length: 11, Loss: 2.0710
2026-03-17 02:14:21 | INFO | Episode 44/250 - Reward: 5.75, Length: 32, Loss: 0.3120
2026-03-17 02:14:22 | INFO | Episode 45/250 - Reward: -4.25, Length: 40, Loss: -0.5225
2026-03-17 02:14:22 | INFO | Episode 46/250 - Reward: -4.10, Length: 40, Loss: -0.5383
2026-03-17 02:14:22 | INFO | Episode 47/250 - Reward: 3.55, Length: 25, Loss: 0.4159
2026-03-17 02:14:22 | INFO | Episode 48/250 - Reward: 5.30, Length: 26, Loss: 0.5830
2026-03-17 02:14:23 | INFO | Episode 49/250 - Reward: -6.05, Length: 40, Loss: -0.5701
2026-03-17 02:14:23 | INFO | Episode 50/250 - Reward: -5.45, Length: 40, Loss: -0.5841
2026-03-17 02:14:23 | INFO | Episode 50/250 - Avg Reward: -0.72, Avg Length: 33.46, Avg Loss: 0.0318
2026-03-17 02:14:24 | INFO | Episode 51/250 - Reward: 2.55, Length: 39, Loss: 0.0715
2026-03-17 02:14:24 | INFO | Episode 52/250 - Reward: -5.00, Length: 40, Loss: -0.5195
2026-03-17 02:14:25 | INFO | Episode 53/250 - Reward: -5.15, Length: 40, Loss: -0.5049
2026-03-17 02:14:25 | INFO | Episode 54/250 - Reward: -5.00, Length: 40, Loss: -0.5384
2026-03-17 02:14:26 | INFO | Episode 55/250 - Reward: -4.70, Length: 40, Loss: -0.5618
2026-03-17 02:14:26 | INFO | Episode 56/250 - Reward: 8.35, Length: 19, Loss: 1.2130
2026-03-17 02:14:27 | INFO | Episode 57/250 - Reward: -7.55, Length: 40, Loss: -0.4766
2026-03-17 02:14:27 | INFO | Episode 58/250 - Reward: -1.35, Length: 39, Loss: -0.0194
2026-03-17 02:14:28 | INFO | Episode 59/250 - Reward: -4.40, Length: 40, Loss: -0.5304
2026-03-17 02:14:28 | INFO | Episode 60/250 - Reward: 7.45, Length: 28, Loss: 0.6149
2026-03-17 02:14:29 | INFO | Episode 61/250 - Reward: 3.75, Length: 27, Loss: 0.4230
2026-03-17 02:14:29 | INFO | Episode 62/250 - Reward: -5.15, Length: 40, Loss: -0.5825
2026-03-17 02:14:30 | INFO | Episode 63/250 - Reward: 5.70, Length: 24, Loss: 0.6351
2026-03-17 02:14:30 | INFO | Episode 64/250 - Reward: -4.70, Length: 40, Loss: -0.6002
2026-03-17 02:14:31 | INFO | Episode 65/250 - Reward: -5.00, Length: 40, Loss: -0.5284
2026-03-17 02:14:31 | INFO | Episode 66/250 - Reward: -4.40, Length: 40, Loss: -0.5347
2026-03-17 02:14:32 | INFO | Episode 67/250 - Reward: 7.75, Length: 25, Loss: 0.7100
2026-03-17 02:14:33 | INFO | Episode 68/250 - Reward: 6.45, Length: 36, Loss: 0.2015
2026-03-17 02:14:33 | INFO | Episode 69/250 - Reward: -3.80, Length: 40, Loss: -0.5386
2026-03-17 02:14:34 | INFO | Episode 70/250 - Reward: 2.95, Length: 31, Loss: 0.2517
2026-03-17 02:14:34 | INFO | Episode 71/250 - Reward: -4.85, Length: 40, Loss: -0.6181
2026-03-17 02:14:35 | INFO | Episode 72/250 - Reward: -1.45, Length: 38, Loss: -0.0326
2026-03-17 02:14:36 | INFO | Episode 73/250 - Reward: -3.95, Length: 40, Loss: -0.5514
2026-03-17 02:14:36 | INFO | Episode 74/250 - Reward: -4.55, Length: 40, Loss: -0.5137
2026-03-17 02:14:37 | INFO | Episode 75/250 - Reward: -5.30, Length: 40, Loss: -0.4787
2026-03-17 02:14:38 | INFO | Episode 76/250 - Reward: 8.25, Length: 18, Loss: 1.3025
2026-03-17 02:14:39 | INFO | Episode 77/250 - Reward: -6.95, Length: 40, Loss: -0.4516
2026-03-17 02:14:39 | INFO | Episode 78/250 - Reward: -9.95, Length: 40, Loss: -0.3430
2026-03-17 02:14:40 | INFO | Episode 79/250 - Reward: 1.45, Length: 40, Loss: 0.0514
2026-03-17 02:14:40 | INFO | Episode 80/250 - Reward: 8.05, Length: 22, Loss: 0.9926
2026-03-17 02:14:41 | INFO | Episode 81/250 - Reward: -4.85, Length: 40, Loss: -0.5813
2026-03-17 02:14:42 | INFO | Episode 82/250 - Reward: -4.25, Length: 40, Loss: -0.4945
2026-03-17 02:14:42 | INFO | Episode 83/250 - Reward: -5.45, Length: 40, Loss: -0.5762
2026-03-17 02:14:43 | INFO | Episode 84/250 - Reward: -4.25, Length: 40, Loss: -0.4940
2026-03-17 02:14:43 | INFO | Episode 85/250 - Reward: -4.85, Length: 40, Loss: -0.5045
2026-03-17 02:14:44 | INFO | Episode 86/250 - Reward: -5.30, Length: 40, Loss: -0.5382
2026-03-17 02:14:45 | INFO | Episode 87/250 - Reward: -6.50, Length: 40, Loss: -0.4751
2026-03-17 02:14:45 | INFO | Episode 88/250 - Reward: 5.50, Length: 25, Loss: 0.6297
2026-03-17 02:14:46 | INFO | Episode 89/250 - Reward: -4.40, Length: 40, Loss: -0.5730
2026-03-17 02:14:47 | INFO | Episode 90/250 - Reward: 1.95, Length: 33, Loss: 0.1372
2026-03-17 02:14:47 | INFO | Episode 91/250 - Reward: -5.60, Length: 40, Loss: -0.5111
2026-03-17 02:14:48 | INFO | Episode 92/250 - Reward: -5.45, Length: 40, Loss: -0.5166
2026-03-17 02:14:48 | INFO | Episode 93/250 - Reward: 3.95, Length: 23, Loss: 0.6087
2026-03-17 02:14:49 | INFO | Episode 94/250 - Reward: -4.55, Length: 40, Loss: -0.5596
2026-03-17 02:14:50 | INFO | Episode 95/250 - Reward: 4.90, Length: 31, Loss: 0.3330
2026-03-17 02:14:50 | INFO | Episode 96/250 - Reward: 7.10, Length: 14, Loss: 1.6599
2026-03-17 02:14:51 | INFO | Episode 97/250 - Reward: -4.25, Length: 40, Loss: -0.5964
2026-03-17 02:14:51 | INFO | Episode 98/250 - Reward: 4.00, Length: 40, Loss: 0.0640
2026-03-17 02:14:52 | INFO | Episode 99/250 - Reward: -5.90, Length: 40, Loss: -0.5380
2026-03-17 02:14:53 | INFO | Episode 100/250 - Reward: 7.00, Length: 13, Loss: 1.7680
2026-03-17 02:14:53 | INFO | Episode 100/250 - Avg Reward: -1.23, Avg Length: 35.30, Avg Loss: -0.0843
2026-03-17 02:14:53 | INFO | Episode 101/250 - Reward: -5.00, Length: 40, Loss: -0.5208
2026-03-17 02:14:53 | INFO | Episode 102/250 - Reward: -4.40, Length: 40, Loss: -0.5896
2026-03-17 02:14:54 | INFO | Episode 103/250 - Reward: -5.45, Length: 40, Loss: -0.4964
2026-03-17 02:14:54 | INFO | Episode 104/250 - Reward: -4.85, Length: 40, Loss: -0.4254
2026-03-17 02:14:55 | INFO | Episode 105/250 - Reward: -5.15, Length: 40, Loss: -0.5183
2026-03-17 02:14:56 | INFO | Episode 106/250 - Reward: -5.45, Length: 40, Loss: -0.5930
2026-03-17 02:14:56 | INFO | Episode 107/250 - Reward: 6.20, Length: 23, Loss: 0.8313
2026-03-17 02:14:57 | INFO | Episode 108/250 - Reward: -6.05, Length: 40, Loss: -0.6215
2026-03-17 02:14:57 | INFO | Episode 109/250 - Reward: 4.50, Length: 36, Loss: 0.1923
2026-03-17 02:14:58 | INFO | Episode 110/250 - Reward: -5.00, Length: 40, Loss: -0.5110
2026-03-17 02:14:59 | INFO | Episode 111/250 - Reward: -4.85, Length: 40, Loss: -0.5885
2026-03-17 02:14:59 | INFO | Episode 112/250 - Reward: -5.90, Length: 40, Loss: -0.4995
2026-03-17 02:15:00 | INFO | Episode 113/250 - Reward: 5.45, Length: 35, Loss: 0.2219
2026-03-17 02:15:01 | INFO | Episode 114/250 - Reward: -5.75, Length: 40, Loss: -0.5552
2026-03-17 02:15:01 | INFO | Episode 115/250 - Reward: -4.25, Length: 40, Loss: -0.5284
2026-03-17 02:15:02 | INFO | Episode 116/250 - Reward: 6.75, Length: 33, Loss: 0.2763
2026-03-17 02:15:02 | INFO | Episode 117/250 - Reward: 0.30, Length: 36, Loss: 0.0549
2026-03-17 02:15:03 | INFO | Episode 118/250 - Reward: -11.00, Length: 40, Loss: -0.3602
2026-03-17 02:15:04 | INFO | Episode 119/250 - Reward: -5.75, Length: 40, Loss: -0.5431
2026-03-17 02:15:04 | INFO | Episode 120/250 - Reward: -4.55, Length: 40, Loss: -0.5919
2026-03-17 02:15:05 | INFO | Episode 121/250 - Reward: -5.45, Length: 40, Loss: -0.6095
2026-03-17 02:15:05 | INFO | Episode 122/250 - Reward: -5.60, Length: 40, Loss: -0.6023
2026-03-17 02:15:06 | INFO | Episode 123/250 - Reward: -9.95, Length: 40, Loss: -0.4112
2026-03-17 02:15:07 | INFO | Episode 124/250 - Reward: -3.20, Length: 40, Loss: -0.5318
2026-03-17 02:15:07 | INFO | Episode 125/250 - Reward: -4.40, Length: 40, Loss: -0.4709
2026-03-17 02:15:08 | INFO | Episode 126/250 - Reward: -4.85, Length: 40, Loss: -0.5042
2026-03-17 02:15:09 | INFO | Episode 127/250 - Reward: -4.25, Length: 40, Loss: -0.5896
2026-03-17 02:15:09 | INFO | Episode 128/250 - Reward: -4.40, Length: 40, Loss: -0.4518
2026-03-17 02:15:10 | INFO | Episode 129/250 - Reward: -5.00, Length: 40, Loss: -0.6120
2026-03-17 02:15:11 | INFO | Episode 130/250 - Reward: -3.65, Length: 40, Loss: -0.5271
2026-03-17 02:15:11 | INFO | Episode 131/250 - Reward: 6.00, Length: 24, Loss: 0.7813
2026-03-17 02:15:12 | INFO | Episode 132/250 - Reward: -4.40, Length: 40, Loss: -0.5665
2026-03-17 02:15:12 | INFO | Episode 133/250 - Reward: 2.45, Length: 35, Loss: 0.1229
2026-03-17 02:15:13 | INFO | Episode 134/250 - Reward: -4.25, Length: 40, Loss: -0.5944
2026-03-17 02:15:14 | INFO | Episode 135/250 - Reward: -4.70, Length: 40, Loss: -0.5089
2026-03-17 02:15:14 | INFO | Episode 136/250 - Reward: -14.75, Length: 40, Loss: -0.3949
2026-03-17 02:15:15 | INFO | Episode 137/250 - Reward: -5.60, Length: 40, Loss: -0.5367
2026-03-17 02:15:16 | INFO | Episode 138/250 - Reward: 9.05, Length: 14, Loss: 1.6869
2026-03-17 02:15:16 | INFO | Episode 139/250 - Reward: -4.55, Length: 40, Loss: -0.4294
2026-03-17 02:15:17 | INFO | Episode 140/250 - Reward: -10.10, Length: 40, Loss: -0.4694
2026-03-17 02:15:18 | INFO | Episode 141/250 - Reward: -5.45, Length: 40, Loss: -0.6311
2026-03-17 02:15:18 | INFO | Episode 142/250 - Reward: 6.25, Length: 37, Loss: 0.1786
2026-03-17 02:15:19 | INFO | Episode 143/250 - Reward: 5.40, Length: 33, Loss: 0.3237
2026-03-17 02:15:20 | INFO | Episode 144/250 - Reward: -6.50, Length: 40, Loss: -0.5169
2026-03-17 02:15:20 | INFO | Episode 145/250 - Reward: -5.90, Length: 40, Loss: -0.5707
2026-03-17 02:15:21 | INFO | Episode 146/250 - Reward: 5.60, Length: 26, Loss: 0.5626
2026-03-17 02:15:21 | INFO | Episode 147/250 - Reward: -4.10, Length: 40, Loss: -0.5718
2026-03-17 02:15:22 | INFO | Episode 148/250 - Reward: -4.85, Length: 40, Loss: -0.5547
2026-03-17 02:15:23 | INFO | Episode 149/250 - Reward: -10.25, Length: 40, Loss: -0.3623
2026-03-17 02:15:23 | INFO | Episode 150/250 - Reward: 7.45, Length: 28, Loss: 0.5716
2026-03-17 02:15:23 | INFO | Episode 150/250 - Avg Reward: -3.08, Avg Length: 37.60, Avg Loss: -0.2831
2026-03-17 02:15:24 | INFO | Episode 151/250 - Reward: 4.90, Length: 31, Loss: 0.2917
2026-03-17 02:15:25 | INFO | Episode 152/250 - Reward: -6.05, Length: 40, Loss: -0.4854
2026-03-17 02:15:25 | INFO | Episode 153/250 - Reward: 8.25, Length: 15, Loss: 1.4277
2026-03-17 02:15:25 | INFO | Episode 154/250 - Reward: 5.80, Length: 22, Loss: 0.8308
2026-03-17 02:15:25 | INFO | Episode 155/250 - Reward: -6.35, Length: 40, Loss: -0.5533
2026-03-17 02:15:26 | INFO | Episode 156/250 - Reward: -5.15, Length: 40, Loss: -0.6168
2026-03-17 02:15:27 | INFO | Episode 157/250 - Reward: -4.10, Length: 40, Loss: -0.5571
2026-03-17 02:15:27 | INFO | Episode 158/250 - Reward: 7.85, Length: 23, Loss: 0.8138
2026-03-17 02:15:28 | INFO | Episode 159/250 - Reward: 6.50, Length: 23, Loss: 0.8473
2026-03-17 02:15:29 | INFO | Episode 160/250 - Reward: -8.60, Length: 40, Loss: -0.4258
2026-03-17 02:15:29 | INFO | Episode 161/250 - Reward: -4.70, Length: 40, Loss: -0.4941
2026-03-17 02:15:30 | INFO | Episode 162/250 - Reward: 6.80, Length: 14, Loss: 1.6002
2026-03-17 02:15:30 | INFO | Episode 163/250 - Reward: -5.45, Length: 40, Loss: -0.6123
2026-03-17 02:15:31 | INFO | Episode 164/250 - Reward: -4.70, Length: 40, Loss: -0.5361
2026-03-17 02:15:32 | INFO | Episode 165/250 - Reward: -5.15, Length: 40, Loss: -0.5315
2026-03-17 02:15:32 | INFO | Episode 166/250 - Reward: 6.55, Length: 34, Loss: 0.3035
2026-03-17 02:15:33 | INFO | Episode 167/250 - Reward: 7.30, Length: 16, Loss: 1.4476
2026-03-17 02:15:34 | INFO | Episode 168/250 - Reward: -4.10, Length: 40, Loss: -0.5732
2026-03-17 02:15:34 | INFO | Episode 169/250 - Reward: 1.30, Length: 34, Loss: 0.0636
2026-03-17 02:15:35 | INFO | Episode 170/250 - Reward: 5.70, Length: 24, Loss: 0.6623
2026-03-17 02:15:36 | INFO | Episode 171/250 - Reward: -5.00, Length: 40, Loss: -0.5315
2026-03-17 02:15:36 | INFO | Episode 172/250 - Reward: -5.75, Length: 40, Loss: -0.5531
2026-03-17 02:15:37 | INFO | Episode 173/250 - Reward: 8.05, Length: 19, Loss: 1.1431
2026-03-17 02:15:37 | INFO | Episode 174/250 - Reward: -5.00, Length: 40, Loss: -0.5156
2026-03-17 02:15:38 | INFO | Episode 175/250 - Reward: 5.10, Length: 27, Loss: 0.5418
2026-03-17 02:15:39 | INFO | Episode 176/250 - Reward: 8.65, Length: 16, Loss: 1.4591
2026-03-17 02:15:39 | INFO | Episode 177/250 - Reward: -6.50, Length: 40, Loss: -0.4965
2026-03-17 02:15:40 | INFO | Episode 178/250 - Reward: -5.75, Length: 40, Loss: -0.6204
2026-03-17 02:15:41 | INFO | Episode 179/250 - Reward: -4.10, Length: 40, Loss: -0.5269
2026-03-17 02:15:41 | INFO | Episode 180/250 - Reward: -4.55, Length: 40, Loss: -0.5436
2026-03-17 02:15:42 | INFO | Episode 181/250 - Reward: 5.60, Length: 29, Loss: 0.4618
2026-03-17 02:15:43 | INFO | Episode 182/250 - Reward: 7.45, Length: 22, Loss: 0.8308
2026-03-17 02:15:43 | INFO | Episode 183/250 - Reward: 5.70, Length: 24, Loss: 0.6804
2026-03-17 02:15:44 | INFO | Episode 184/250 - Reward: 6.50, Length: 20, Loss: 1.0092
2026-03-17 02:15:45 | INFO | Episode 185/250 - Reward: 8.65, Length: 19, Loss: 1.3261
2026-03-17 02:15:45 | INFO | Episode 186/250 - Reward: -8.90, Length: 40, Loss: -0.5549
2026-03-17 02:15:46 | INFO | Episode 187/250 - Reward: -4.70, Length: 40, Loss: -0.5751
2026-03-17 02:15:46 | INFO | Episode 188/250 - Reward: 4.50, Length: 39, Loss: 0.0842
2026-03-17 02:15:47 | INFO | Episode 189/250 - Reward: 7.85, Length: 23, Loss: 0.8416
2026-03-17 02:15:48 | INFO | Episode 190/250 - Reward: 3.95, Length: 26, Loss: 0.4764
2026-03-17 02:15:48 | INFO | Episode 191/250 - Reward: -5.00, Length: 40, Loss: -0.5987
2026-03-17 02:15:49 | INFO | Episode 192/250 - Reward: 6.10, Length: 25, Loss: 0.6342
2026-03-17 02:15:50 | INFO | Episode 193/250 - Reward: -6.20, Length: 40, Loss: -0.4914
2026-03-17 02:15:50 | INFO | Episode 194/250 - Reward: -5.15, Length: 40, Loss: -0.5628
2026-03-17 02:15:51 | INFO | Episode 195/250 - Reward: 6.95, Length: 29, Loss: 0.4772
2026-03-17 02:15:51 | INFO | Episode 196/250 - Reward: -3.80, Length: 40, Loss: -0.4841
2026-03-17 02:15:52 | INFO | Episode 197/250 - Reward: -4.55, Length: 40, Loss: -0.5504
2026-03-17 02:15:53 | INFO | Episode 198/250 - Reward: -4.40, Length: 40, Loss: -0.5645
2026-03-17 02:15:53 | INFO | Episode 199/250 - Reward: -4.55, Length: 40, Loss: -0.6485
2026-03-17 02:15:54 | INFO | Episode 200/250 - Reward: -8.90, Length: 40, Loss: -0.5834
2026-03-17 02:15:54 | INFO | Episode 200/250 - Avg Reward: -0.02, Avg Length: 32.68, Avg Loss: 0.0693
2026-03-17 02:15:54 | INFO | Episode 201/250 - Reward: 6.65, Length: 35, Loss: 0.2845
2026-03-17 02:15:55 | INFO | Episode 202/250 - Reward: 1.70, Length: 26, Loss: 0.2474
2026-03-17 02:15:56 | INFO | Episode 203/250 - Reward: 8.05, Length: 22, Loss: 0.9088
2026-03-17 02:15:56 | INFO | Episode 204/250 - Reward: 8.65, Length: 16, Loss: 1.3958
2026-03-17 02:15:56 | INFO | Episode 205/250 - Reward: -5.15, Length: 40, Loss: -0.6004
2026-03-17 02:15:57 | INFO | Episode 206/250 - Reward: 5.25, Length: 33, Loss: 0.2375
2026-03-17 02:15:57 | INFO | Episode 207/250 - Reward: 6.15, Length: 33, Loss: 0.2677
2026-03-17 02:15:58 | INFO | Episode 208/250 - Reward: -2.80, Length: 38, Loss: -0.0595
2026-03-17 02:15:58 | INFO | Episode 209/250 - Reward: 8.05, Length: 16, Loss: 1.3272
2026-03-17 02:15:59 | INFO | Episode 210/250 - Reward: -5.15, Length: 40, Loss: -0.5924
2026-03-17 02:15:59 | INFO | Episode 211/250 - Reward: -5.90, Length: 40, Loss: -0.5646
2026-03-17 02:16:00 | INFO | Episode 212/250 - Reward: -3.95, Length: 40, Loss: -0.5136
2026-03-17 02:16:00 | INFO | Episode 213/250 - Reward: -4.85, Length: 40, Loss: -0.5055
2026-03-17 02:16:01 | INFO | Episode 214/250 - Reward: 1.75, Length: 37, Loss: 0.0983
2026-03-17 02:16:01 | INFO | Episode 215/250 - Reward: -2.90, Length: 37, Loss: -0.0356
2026-03-17 02:16:01 | INFO | Episode 216/250 - Reward: 7.95, Length: 21, Loss: 0.9528
2026-03-17 02:16:02 | INFO | Episode 217/250 - Reward: -4.70, Length: 40, Loss: -0.5646
2026-03-17 02:16:02 | INFO | Episode 218/250 - Reward: -5.60, Length: 40, Loss: -0.5293
2026-03-17 02:16:03 | INFO | Episode 219/250 - Reward: 5.80, Length: 22, Loss: 0.8392
2026-03-17 02:16:03 | INFO | Episode 220/250 - Reward: -5.60, Length: 40, Loss: -0.5871
2026-03-17 02:16:04 | INFO | Episode 221/250 - Reward: 8.25, Length: 24, Loss: 0.8380
2026-03-17 02:16:04 | INFO | Episode 222/250 - Reward: 4.20, Length: 30, Loss: 0.3162
2026-03-17 02:16:05 | INFO | Episode 223/250 - Reward: 8.75, Length: 14, Loss: 1.5802
2026-03-17 02:16:05 | INFO | Episode 224/250 - Reward: 7.65, Length: 21, Loss: 0.9432
2026-03-17 02:16:06 | INFO | Episode 225/250 - Reward: -5.45, Length: 40, Loss: -0.5636
2026-03-17 02:16:06 | INFO | Episode 226/250 - Reward: 8.15, Length: 17, Loss: 1.4419
2026-03-17 02:16:07 | INFO | Episode 227/250 - Reward: 6.10, Length: 25, Loss: 0.6351
2026-03-17 02:16:07 | INFO | Episode 228/250 - Reward: -5.00, Length: 40, Loss: -0.5252
2026-03-17 02:16:08 | INFO | Episode 229/250 - Reward: 8.75, Length: 14, Loss: 1.6376
2026-03-17 02:16:08 | INFO | Episode 230/250 - Reward: -6.50, Length: 40, Loss: -0.4561
2026-03-17 02:16:09 | INFO | Episode 231/250 - Reward: 3.15, Length: 36, Loss: 0.1224
2026-03-17 02:16:09 | INFO | Episode 232/250 - Reward: 5.40, Length: 27, Loss: 0.4480
2026-03-17 02:16:10 | INFO | Episode 233/250 - Reward: -3.95, Length: 40, Loss: -0.4601
2026-03-17 02:16:10 | INFO | Episode 234/250 - Reward: -5.45, Length: 40, Loss: -0.5951
2026-03-17 02:16:11 | INFO | Episode 235/250 - Reward: 2.20, Length: 25, Loss: 0.3153
2026-03-17 02:16:11 | INFO | Episode 236/250 - Reward: 4.20, Length: 39, Loss: 0.0607
2026-03-17 02:16:12 | INFO | Episode 237/250 - Reward: 6.85, Length: 34, Loss: 0.2617
2026-03-17 02:16:12 | INFO | Episode 238/250 - Reward: 8.95, Length: 13, Loss: 1.7493
2026-03-17 02:16:13 | INFO | Episode 239/250 - Reward: -5.45, Length: 40, Loss: -0.6513
2026-03-17 02:16:13 | INFO | Episode 240/250 - Reward: -9.80, Length: 40, Loss: -0.3969
2026-03-17 02:16:13 | INFO | Episode 241/250 - Reward: -8.00, Length: 40, Loss: -0.4668
2026-03-17 02:16:14 | INFO | Episode 242/250 - Reward: -4.70, Length: 40, Loss: -0.5592
2026-03-17 02:16:14 | INFO | Episode 243/250 - Reward: 6.70, Length: 19, Loss: 1.1231
2026-03-17 02:16:15 | INFO | Episode 244/250 - Reward: -6.80, Length: 40, Loss: -0.4196
2026-03-17 02:16:15 | INFO | Episode 245/250 - Reward: 7.75, Length: 28, Loss: 0.5311
2026-03-17 02:16:16 | INFO | Episode 246/250 - Reward: 6.10, Length: 19, Loss: 1.0256
2026-03-17 02:16:16 | INFO | Episode 247/250 - Reward: -4.55, Length: 40, Loss: -0.5095
2026-03-17 02:16:17 | INFO | Episode 248/250 - Reward: -4.85, Length: 40, Loss: -0.5288
2026-03-17 02:16:17 | INFO | Episode 249/250 - Reward: -5.15, Length: 40, Loss: -0.5202
2026-03-17 02:16:18 | INFO | Episode 250/250 - Reward: -5.75, Length: 40, Loss: -0.5026
2026-03-17 02:16:18 | INFO | Episode 250/250 - Avg Reward: 0.70, Avg Length: 32.02, Avg Loss: 0.1576
