2026-03-17 02:21:26 | INFO | ============================================================
2026-03-17 02:21:26 | INFO | DEVICE / COMPUTE INFORMATION
2026-03-17 02:21:26 | INFO |   JAX backend       : GPU
2026-03-17 02:21:26 | INFO |   Platform          : gpu
2026-03-17 02:21:26 | INFO |   Num devices       : 1
2026-03-17 02:21:26 | INFO |   Device            : cuda:0
2026-03-17 02:21:26 | INFO |   GPU name          : NVIDIA GeForce RTX 5060 Laptop GPU
2026-03-17 02:21:26 | INFO | ============================================================
2026-03-17 02:21:26 | INFO | ✓ JAX GPU backend confirmed.
2026-03-17 02:21:27 | INFO | REINFORCE seed=8_gamma=0.99_lr=0.001
2026-03-17 02:21:30 | INFO | Episode 1/250 - Reward: -6.65, Length: 40, Loss: -0.4749
2026-03-17 02:21:31 | INFO | Episode 2/250 - Reward: -5.60, Length: 40, Loss: -0.4656
2026-03-17 02:21:31 | INFO | Episode 3/250 - Reward: 8.95, Length: 16, Loss: 1.8945
2026-03-17 02:21:32 | INFO | Episode 4/250 - Reward: 6.05, Length: 38, Loss: 0.6381
2026-03-17 02:21:32 | INFO | Episode 5/250 - Reward: -4.25, Length: 40, Loss: -0.4550
2026-03-17 02:21:33 | INFO | Episode 6/250 - Reward: -6.50, Length: 40, Loss: -0.6137
2026-03-17 02:21:33 | INFO | Episode 7/250 - Reward: -4.55, Length: 40, Loss: -0.4134
2026-03-17 02:21:34 | INFO | Episode 8/250 - Reward: -4.55, Length: 40, Loss: -0.4070
2026-03-17 02:21:34 | INFO | Episode 9/250 - Reward: -11.90, Length: 40, Loss: -0.6003
2026-03-17 02:21:35 | INFO | Episode 10/250 - Reward: 8.75, Length: 14, Loss: 2.0094
2026-03-17 02:21:35 | INFO | Episode 11/250 - Reward: 8.15, Length: 23, Loss: 1.3915
2026-03-17 02:21:36 | INFO | Episode 12/250 - Reward: -3.80, Length: 40, Loss: -0.4467
2026-03-17 02:21:36 | INFO | Episode 13/250 - Reward: -5.00, Length: 40, Loss: -0.4765
2026-03-17 02:21:37 | INFO | Episode 14/250 - Reward: -6.35, Length: 40, Loss: -0.4994
2026-03-17 02:21:37 | INFO | Episode 15/250 - Reward: -6.35, Length: 40, Loss: -0.4528
2026-03-17 02:21:38 | INFO | Episode 16/250 - Reward: -4.55, Length: 40, Loss: -0.4662
2026-03-17 02:21:39 | INFO | Episode 17/250 - Reward: 7.45, Length: 22, Loss: 1.4757
2026-03-17 02:21:39 | INFO | Episode 18/250 - Reward: -5.30, Length: 40, Loss: -0.4552
2026-03-17 02:21:40 | INFO | Episode 19/250 - Reward: 7.10, Length: 14, Loss: 2.1872
2026-03-17 02:21:40 | INFO | Episode 20/250 - Reward: -3.65, Length: 40, Loss: -0.4390
2026-03-17 02:21:41 | INFO | Episode 21/250 - Reward: -5.15, Length: 40, Loss: -0.4831
2026-03-17 02:21:41 | INFO | Episode 22/250 - Reward: -5.00, Length: 40, Loss: -0.4328
2026-03-17 02:21:42 | INFO | Episode 23/250 - Reward: 7.05, Length: 24, Loss: 1.3041
2026-03-17 02:21:41 | INFO | Episode 24/250 - Reward: -4.55, Length: 40, Loss: -0.4341
2026-03-17 02:21:42 | INFO | Episode 25/250 - Reward: 7.65, Length: 24, Loss: 1.3630
2026-03-17 02:21:42 | INFO | Episode 26/250 - Reward: 7.95, Length: 24, Loss: 1.3231
2026-03-17 02:21:43 | INFO | Episode 27/250 - Reward: 4.70, Length: 26, Loss: 1.1410
2026-03-17 02:21:43 | INFO | Episode 28/250 - Reward: 8.05, Length: 16, Loss: 1.8596
2026-03-17 02:21:44 | INFO | Episode 29/250 - Reward: -4.55, Length: 40, Loss: -0.4464
2026-03-17 02:21:44 | INFO | Episode 30/250 - Reward: -4.70, Length: 40, Loss: -0.4535
2026-03-17 02:21:45 | INFO | Episode 31/250 - Reward: 5.85, Length: 33, Loss: 0.8804
2026-03-17 02:21:45 | INFO | Episode 32/250 - Reward: 4.10, Length: 35, Loss: 0.7179
2026-03-17 02:21:46 | INFO | Episode 33/250 - Reward: -6.50, Length: 40, Loss: -0.4663
2026-03-17 02:21:46 | INFO | Episode 34/250 - Reward: -9.65, Length: 40, Loss: -0.4654
2026-03-17 02:21:47 | INFO | Episode 35/250 - Reward: -4.70, Length: 40, Loss: -0.4651
2026-03-17 02:21:47 | INFO | Episode 36/250 - Reward: 7.10, Length: 14, Loss: 2.0312
2026-03-17 02:21:48 | INFO | Episode 37/250 - Reward: -4.10, Length: 40, Loss: -0.4933
2026-03-17 02:21:48 | INFO | Episode 38/250 - Reward: -5.90, Length: 40, Loss: -0.3095
2026-03-17 02:21:49 | INFO | Episode 39/250 - Reward: 6.70, Length: 19, Loss: 1.6391
2026-03-17 02:21:49 | INFO | Episode 40/250 - Reward: -3.65, Length: 40, Loss: -0.4451
2026-03-17 02:21:50 | INFO | Episode 41/250 - Reward: -11.30, Length: 40, Loss: -0.5632
2026-03-17 02:21:50 | INFO | Episode 42/250 - Reward: -5.00, Length: 40, Loss: -0.4254
2026-03-17 02:21:51 | INFO | Episode 43/250 - Reward: 9.05, Length: 11, Loss: 2.2739
2026-03-17 02:21:51 | INFO | Episode 44/250 - Reward: 5.75, Length: 32, Loss: 0.9028
2026-03-17 02:21:52 | INFO | Episode 45/250 - Reward: -4.25, Length: 40, Loss: -0.4361
2026-03-17 02:21:52 | INFO | Episode 46/250 - Reward: -4.10, Length: 40, Loss: -0.4301
2026-03-17 02:21:53 | INFO | Episode 47/250 - Reward: 3.55, Length: 25, Loss: 1.0892
2026-03-17 02:21:53 | INFO | Episode 48/250 - Reward: 7.65, Length: 24, Loss: 1.2726
2026-03-17 02:21:54 | INFO | Episode 49/250 - Reward: -6.35, Length: 40, Loss: -0.6205
2026-03-17 02:21:54 | INFO | Episode 50/250 - Reward: -5.45, Length: 40, Loss: -0.4639
2026-03-17 02:21:54 | INFO | Episode 50/250 - Avg Reward: -0.85, Avg Length: 33.48, Avg Loss: 0.2579
2026-03-17 02:21:55 | INFO | Episode 51/250 - Reward: -5.90, Length: 40, Loss: -0.3613
2026-03-17 02:21:55 | INFO | Episode 52/250 - Reward: -5.00, Length: 40, Loss: -0.4221
2026-03-17 02:21:56 | INFO | Episode 53/250 - Reward: -5.15, Length: 40, Loss: -0.4179
2026-03-17 02:21:56 | INFO | Episode 54/250 - Reward: -5.00, Length: 40, Loss: -0.4412
2026-03-17 02:21:57 | INFO | Episode 55/250 - Reward: -4.70, Length: 40, Loss: -0.4690
2026-03-17 02:21:57 | INFO | Episode 56/250 - Reward: 8.25, Length: 21, Loss: 1.5273
2026-03-17 02:21:58 | INFO | Episode 57/250 - Reward: -7.55, Length: 40, Loss: -0.5347
2026-03-17 02:21:58 | INFO | Episode 58/250 - Reward: -1.35, Length: 39, Loss: 0.1337
2026-03-17 02:21:59 | INFO | Episode 59/250 - Reward: -4.40, Length: 40, Loss: -0.4260
2026-03-17 02:21:59 | INFO | Episode 60/250 - Reward: -4.10, Length: 40, Loss: -0.3931
2026-03-17 02:22:00 | INFO | Episode 61/250 - Reward: 3.75, Length: 27, Loss: 1.0331
2026-03-17 02:22:00 | INFO | Episode 62/250 - Reward: -5.15, Length: 40, Loss: -0.4623
2026-03-17 02:22:01 | INFO | Episode 63/250 - Reward: 5.70, Length: 24, Loss: 1.2863
2026-03-17 02:22:01 | INFO | Episode 64/250 - Reward: -4.70, Length: 40, Loss: -0.4633
2026-03-17 02:22:02 | INFO | Episode 65/250 - Reward: -5.00, Length: 40, Loss: -0.4458
2026-03-17 02:22:02 | INFO | Episode 66/250 - Reward: -4.40, Length: 40, Loss: -0.4369
2026-03-17 02:22:03 | INFO | Episode 67/250 - Reward: 7.75, Length: 25, Loss: 1.2374
2026-03-17 02:22:04 | INFO | Episode 68/250 - Reward: 6.45, Length: 36, Loss: 0.7163
2026-03-17 02:22:05 | INFO | Episode 69/250 - Reward: -3.80, Length: 40, Loss: -0.4465
2026-03-17 02:22:05 | INFO | Episode 70/250 - Reward: 2.95, Length: 31, Loss: 0.8190
2026-03-17 02:22:06 | INFO | Episode 71/250 - Reward: -5.75, Length: 40, Loss: -0.4912
2026-03-17 02:22:06 | INFO | Episode 72/250 - Reward: -1.45, Length: 38, Loss: 0.1423
2026-03-17 02:22:07 | INFO | Episode 73/250 - Reward: -3.95, Length: 40, Loss: -0.4355
2026-03-17 02:22:08 | INFO | Episode 74/250 - Reward: -4.55, Length: 40, Loss: -0.4247
2026-03-17 02:22:09 | INFO | Episode 75/250 - Reward: -5.30, Length: 40, Loss: -0.4024
2026-03-17 02:22:09 | INFO | Episode 76/250 - Reward: 7.45, Length: 25, Loss: 1.2890
2026-03-17 02:22:10 | INFO | Episode 77/250 - Reward: -5.30, Length: 40, Loss: -0.4783
2026-03-17 02:22:11 | INFO | Episode 78/250 - Reward: -9.65, Length: 40, Loss: -0.3554
2026-03-17 02:22:11 | INFO | Episode 79/250 - Reward: 1.45, Length: 40, Loss: 0.3640
2026-03-17 02:22:12 | INFO | Episode 80/250 - Reward: 7.75, Length: 25, Loss: 1.3452
2026-03-17 02:22:13 | INFO | Episode 81/250 - Reward: -4.85, Length: 40, Loss: -0.4883
2026-03-17 02:22:12 | INFO | Episode 82/250 - Reward: -4.25, Length: 40, Loss: -0.4161
2026-03-17 02:22:13 | INFO | Episode 83/250 - Reward: -5.45, Length: 40, Loss: -0.4730
2026-03-17 02:22:14 | INFO | Episode 84/250 - Reward: -4.25, Length: 40, Loss: -0.4257
2026-03-17 02:22:15 | INFO | Episode 85/250 - Reward: -4.85, Length: 40, Loss: -0.4332
2026-03-17 02:22:15 | INFO | Episode 86/250 - Reward: -5.00, Length: 40, Loss: -0.4468
2026-03-17 02:22:16 | INFO | Episode 87/250 - Reward: -6.50, Length: 40, Loss: -0.4489
2026-03-17 02:22:17 | INFO | Episode 88/250 - Reward: 7.25, Length: 26, Loss: 1.2228
2026-03-17 02:22:17 | INFO | Episode 89/250 - Reward: -4.40, Length: 40, Loss: -0.4753
2026-03-17 02:22:18 | INFO | Episode 90/250 - Reward: 1.95, Length: 33, Loss: 0.5856
2026-03-17 02:22:18 | INFO | Episode 91/250 - Reward: -5.60, Length: 40, Loss: -0.4141
2026-03-17 02:22:19 | INFO | Episode 92/250 - Reward: -5.45, Length: 40, Loss: -0.4198
2026-03-17 02:22:20 | INFO | Episode 93/250 - Reward: 3.65, Length: 23, Loss: 1.3122
2026-03-17 02:22:20 | INFO | Episode 94/250 - Reward: -4.55, Length: 40, Loss: -0.4531
2026-03-17 02:22:21 | INFO | Episode 95/250 - Reward: -4.85, Length: 40, Loss: -0.4508
2026-03-17 02:22:22 | INFO | Episode 96/250 - Reward: 7.10, Length: 14, Loss: 1.9947
2026-03-17 02:22:22 | INFO | Episode 97/250 - Reward: -4.25, Length: 40, Loss: -0.4905
2026-03-17 02:22:23 | INFO | Episode 98/250 - Reward: 6.35, Length: 38, Loss: 0.6837
2026-03-17 02:22:24 | INFO | Episode 99/250 - Reward: -5.90, Length: 40, Loss: -0.5920
2026-03-17 02:22:24 | INFO | Episode 100/250 - Reward: 7.00, Length: 13, Loss: 2.1441
2026-03-17 02:22:24 | INFO | Episode 100/250 - Avg Reward: -1.75, Avg Length: 35.96, Avg Loss: 0.0620
2026-03-17 02:22:25 | INFO | Episode 101/250 - Reward: -5.00, Length: 40, Loss: -0.4424
2026-03-17 02:22:26 | INFO | Episode 102/250 - Reward: -4.40, Length: 40, Loss: -0.4738
2026-03-17 02:22:26 | INFO | Episode 103/250 - Reward: -5.45, Length: 40, Loss: -0.4145
2026-03-17 02:22:27 | INFO | Episode 104/250 - Reward: -4.85, Length: 40, Loss: -0.3777
2026-03-17 02:22:27 | INFO | Episode 105/250 - Reward: -5.15, Length: 40, Loss: -0.4254
2026-03-17 02:22:28 | INFO | Episode 106/250 - Reward: -5.45, Length: 40, Loss: -0.5091
2026-03-17 02:22:29 | INFO | Episode 107/250 - Reward: 6.20, Length: 23, Loss: 1.3939
2026-03-17 02:22:29 | INFO | Episode 108/250 - Reward: -4.10, Length: 40, Loss: -0.4489
2026-03-17 02:22:30 | INFO | Episode 109/250 - Reward: 4.50, Length: 36, Loss: 0.6757
2026-03-17 02:22:31 | INFO | Episode 110/250 - Reward: -5.00, Length: 40, Loss: -0.4143
2026-03-17 02:22:31 | INFO | Episode 111/250 - Reward: -4.85, Length: 40, Loss: -0.4810
2026-03-17 02:22:32 | INFO | Episode 112/250 - Reward: -5.90, Length: 40, Loss: -0.5074
2026-03-17 02:22:33 | INFO | Episode 113/250 - Reward: 5.45, Length: 35, Loss: 0.7723
2026-03-17 02:22:33 | INFO | Episode 114/250 - Reward: -5.75, Length: 40, Loss: -0.4632
2026-03-17 02:22:34 | INFO | Episode 115/250 - Reward: -4.25, Length: 40, Loss: -0.4525
2026-03-17 02:22:35 | INFO | Episode 116/250 - Reward: 6.75, Length: 33, Loss: 0.8283
2026-03-17 02:22:35 | INFO | Episode 117/250 - Reward: 0.30, Length: 36, Loss: 0.4061
2026-03-17 02:22:36 | INFO | Episode 118/250 - Reward: -11.00, Length: 40, Loss: -0.4011
2026-03-17 02:22:37 | INFO | Episode 119/250 - Reward: -5.15, Length: 40, Loss: -0.4526
2026-03-17 02:22:37 | INFO | Episode 120/250 - Reward: -4.55, Length: 40, Loss: -0.4793
2026-03-17 02:22:38 | INFO | Episode 121/250 - Reward: -3.65, Length: 40, Loss: -0.4008
2026-03-17 02:22:39 | INFO | Episode 122/250 - Reward: -5.60, Length: 40, Loss: -0.4871
2026-03-17 02:22:39 | INFO | Episode 123/250 - Reward: -8.30, Length: 40, Loss: -0.4125
2026-03-17 02:22:40 | INFO | Episode 124/250 - Reward: -3.50, Length: 40, Loss: -0.4323
2026-03-17 02:22:41 | INFO | Episode 125/250 - Reward: -4.40, Length: 40, Loss: -0.3982
2026-03-17 02:22:41 | INFO | Episode 126/250 - Reward: -4.85, Length: 40, Loss: -0.4187
2026-03-17 02:22:42 | INFO | Episode 127/250 - Reward: -4.25, Length: 40, Loss: -0.4777
2026-03-17 02:22:43 | INFO | Episode 128/250 - Reward: -4.40, Length: 40, Loss: -0.3646
2026-03-17 02:22:43 | INFO | Episode 129/250 - Reward: -5.00, Length: 40, Loss: -0.4549
2026-03-17 02:22:44 | INFO | Episode 130/250 - Reward: -3.65, Length: 40, Loss: -0.4320
2026-03-17 02:22:44 | INFO | Episode 131/250 - Reward: 6.00, Length: 24, Loss: 1.3275
2026-03-17 02:22:44 | INFO | Episode 132/250 - Reward: -4.40, Length: 40, Loss: -0.4583
2026-03-17 02:22:45 | INFO | Episode 133/250 - Reward: 2.45, Length: 35, Loss: 0.5472
2026-03-17 02:22:46 | INFO | Episode 134/250 - Reward: -4.25, Length: 40, Loss: -0.4890
2026-03-17 02:22:46 | INFO | Episode 135/250 - Reward: -4.70, Length: 40, Loss: -0.4518
2026-03-17 02:22:47 | INFO | Episode 136/250 - Reward: -14.75, Length: 40, Loss: -0.3668
2026-03-17 02:22:48 | INFO | Episode 137/250 - Reward: -5.60, Length: 40, Loss: -0.4563
2026-03-17 02:22:48 | INFO | Episode 138/250 - Reward: 9.05, Length: 14, Loss: 1.9835
2026-03-17 02:22:49 | INFO | Episode 139/250 - Reward: -4.55, Length: 40, Loss: -0.3494
2026-03-17 02:22:50 | INFO | Episode 140/250 - Reward: -10.10, Length: 40, Loss: -0.5646
2026-03-17 02:22:50 | INFO | Episode 141/250 - Reward: -5.45, Length: 40, Loss: -0.5157
2026-03-17 02:22:51 | INFO | Episode 142/250 - Reward: 6.25, Length: 37, Loss: 0.6862
2026-03-17 02:22:52 | INFO | Episode 143/250 - Reward: 5.40, Length: 33, Loss: 0.8368
2026-03-17 02:22:52 | INFO | Episode 144/250 - Reward: -6.50, Length: 40, Loss: -0.5446
2026-03-17 02:22:53 | INFO | Episode 145/250 - Reward: -5.90, Length: 40, Loss: -0.5828
2026-03-17 02:22:53 | INFO | Episode 146/250 - Reward: 5.60, Length: 26, Loss: 1.1891
2026-03-17 02:22:54 | INFO | Episode 147/250 - Reward: -4.10, Length: 40, Loss: -0.4508
2026-03-17 02:22:55 | INFO | Episode 148/250 - Reward: -4.85, Length: 40, Loss: -0.4567
2026-03-17 02:22:55 | INFO | Episode 149/250 - Reward: -6.05, Length: 40, Loss: -0.4084
2026-03-17 02:22:56 | INFO | Episode 150/250 - Reward: 7.45, Length: 28, Loss: 1.1504
2026-03-17 02:22:56 | INFO | Episode 150/250 - Avg Reward: -2.88, Avg Length: 37.60, Avg Loss: -0.1064
2026-03-17 02:22:57 | INFO | Episode 151/250 - Reward: 4.90, Length: 31, Loss: 0.9049
2026-03-17 02:22:57 | INFO | Episode 152/250 - Reward: -6.05, Length: 40, Loss: -0.4465
2026-03-17 02:22:58 | INFO | Episode 153/250 - Reward: 8.25, Length: 15, Loss: 1.7981
2026-03-17 02:22:59 | INFO | Episode 154/250 - Reward: 1.30, Length: 28, Loss: 0.6864
2026-03-17 02:22:59 | INFO | Episode 155/250 - Reward: -6.35, Length: 40, Loss: -0.4572
2026-03-17 02:23:00 | INFO | Episode 156/250 - Reward: -5.45, Length: 40, Loss: -0.4853
2026-03-17 02:23:01 | INFO | Episode 157/250 - Reward: -4.10, Length: 40, Loss: -0.4464
2026-03-17 02:23:01 | INFO | Episode 158/250 - Reward: 7.85, Length: 26, Loss: 1.1935
2026-03-17 02:23:02 | INFO | Episode 159/250 - Reward: 6.50, Length: 23, Loss: 1.4058
2026-03-17 02:23:03 | INFO | Episode 160/250 - Reward: -8.60, Length: 40, Loss: -0.4628
2026-03-17 02:23:03 | INFO | Episode 161/250 - Reward: -4.70, Length: 40, Loss: -0.4167
2026-03-17 02:23:04 | INFO | Episode 162/250 - Reward: 6.80, Length: 14, Loss: 2.0143
2026-03-17 02:23:04 | INFO | Episode 163/250 - Reward: -6.35, Length: 40, Loss: -0.4514
2026-03-17 02:23:05 | INFO | Episode 164/250 - Reward: -4.40, Length: 40, Loss: -0.4260
2026-03-17 02:23:06 | INFO | Episode 165/250 - Reward: -5.60, Length: 40, Loss: -0.5151
2026-03-17 02:23:06 | INFO | Episode 166/250 - Reward: -6.20, Length: 40, Loss: -0.5998
2026-03-17 02:23:07 | INFO | Episode 167/250 - Reward: 7.30, Length: 16, Loss: 1.8812
2026-03-17 02:23:08 | INFO | Episode 168/250 - Reward: -14.00, Length: 40, Loss: -0.3577
2026-03-17 02:23:08 | INFO | Episode 169/250 - Reward: 1.30, Length: 34, Loss: 0.4354
2026-03-17 02:23:09 | INFO | Episode 170/250 - Reward: 5.70, Length: 24, Loss: 1.2141
2026-03-17 02:23:10 | INFO | Episode 171/250 - Reward: -5.15, Length: 40, Loss: -0.4535
2026-03-17 02:23:10 | INFO | Episode 172/250 - Reward: 7.05, Length: 30, Loss: 1.0230
2026-03-17 02:23:11 | INFO | Episode 173/250 - Reward: 8.05, Length: 19, Loss: 1.6011
2026-03-17 02:23:12 | INFO | Episode 174/250 - Reward: -5.00, Length: 40, Loss: -0.4340
2026-03-17 02:23:12 | INFO | Episode 175/250 - Reward: 5.10, Length: 27, Loss: 1.1022
2026-03-17 02:23:13 | INFO | Episode 176/250 - Reward: 8.65, Length: 16, Loss: 1.8597
2026-03-17 02:23:14 | INFO | Episode 177/250 - Reward: -6.20, Length: 40, Loss: -0.4441
2026-03-17 02:23:14 | INFO | Episode 178/250 - Reward: -5.75, Length: 40, Loss: -0.5253
2026-03-17 02:23:15 | INFO | Episode 179/250 - Reward: -3.95, Length: 40, Loss: -0.4542
2026-03-17 02:23:16 | INFO | Episode 180/250 - Reward: -4.55, Length: 40, Loss: -0.4281
2026-03-17 02:23:15 | INFO | Episode 181/250 - Reward: 7.35, Length: 30, Loss: 1.0453
2026-03-17 02:23:16 | INFO | Episode 182/250 - Reward: 7.45, Length: 22, Loss: 1.3982
2026-03-17 02:23:17 | INFO | Episode 183/250 - Reward: 5.70, Length: 24, Loss: 1.3258
2026-03-17 02:23:17 | INFO | Episode 184/250 - Reward: 6.50, Length: 20, Loss: 1.5460
2026-03-17 02:23:18 | INFO | Episode 185/250 - Reward: 8.45, Length: 20, Loss: 1.6518
2026-03-17 02:23:19 | INFO | Episode 186/250 - Reward: -8.90, Length: 40, Loss: -0.5931
2026-03-17 02:23:19 | INFO | Episode 187/250 - Reward: -5.45, Length: 40, Loss: -0.4928
2026-03-17 02:23:20 | INFO | Episode 188/250 - Reward: 4.50, Length: 39, Loss: 0.5194
2026-03-17 02:23:20 | INFO | Episode 189/250 - Reward: 7.55, Length: 23, Loss: 1.3730
2026-03-17 02:23:21 | INFO | Episode 190/250 - Reward: -9.50, Length: 40, Loss: -0.3992
2026-03-17 02:23:22 | INFO | Episode 191/250 - Reward: -5.00, Length: 40, Loss: -0.4695
2026-03-17 02:23:22 | INFO | Episode 192/250 - Reward: 6.10, Length: 25, Loss: 1.2612
2026-03-17 02:23:23 | INFO | Episode 193/250 - Reward: -6.20, Length: 40, Loss: -0.5888
2026-03-17 02:23:24 | INFO | Episode 194/250 - Reward: -5.15, Length: 40, Loss: -0.4499
2026-03-17 02:23:24 | INFO | Episode 195/250 - Reward: 7.15, Length: 28, Loss: 1.0908
2026-03-17 02:23:25 | INFO | Episode 196/250 - Reward: -3.80, Length: 40, Loss: -0.4045
2026-03-17 02:23:26 | INFO | Episode 197/250 - Reward: -4.55, Length: 40, Loss: -0.4713
2026-03-17 02:23:26 | INFO | Episode 198/250 - Reward: -4.40, Length: 40, Loss: -0.4280
2026-03-17 02:23:27 | INFO | Episode 199/250 - Reward: -4.55, Length: 40, Loss: -0.5219
2026-03-17 02:23:28 | INFO | Episode 200/250 - Reward: -8.90, Length: 40, Loss: -0.6248
2026-03-17 02:23:28 | INFO | Episode 200/250 - Avg Reward: -0.59, Avg Length: 33.08, Avg Loss: 0.3017
2026-03-17 02:23:28 | INFO | Episode 201/250 - Reward: -7.85, Length: 40, Loss: -0.6163
2026-03-17 02:23:29 | INFO | Episode 202/250 - Reward: 1.70, Length: 26, Loss: 0.8668
2026-03-17 02:23:29 | INFO | Episode 203/250 - Reward: 5.70, Length: 27, Loss: 1.1216
2026-03-17 02:23:30 | INFO | Episode 204/250 - Reward: 8.65, Length: 16, Loss: 1.8218
2026-03-17 02:23:31 | INFO | Episode 205/250 - Reward: -5.15, Length: 40, Loss: -0.4825
2026-03-17 02:23:32 | INFO | Episode 206/250 - Reward: 5.25, Length: 33, Loss: 0.8147
2026-03-17 02:23:32 | INFO | Episode 207/250 - Reward: 6.15, Length: 33, Loss: 0.8280
2026-03-17 02:23:33 | INFO | Episode 208/250 - Reward: -2.80, Length: 38, Loss: 0.1071
2026-03-17 02:23:33 | INFO | Episode 209/250 - Reward: 8.05, Length: 16, Loss: 1.7672
2026-03-17 02:23:34 | INFO | Episode 210/250 - Reward: -4.85, Length: 40, Loss: -0.4757
2026-03-17 02:23:34 | INFO | Episode 211/250 - Reward: -5.90, Length: 40, Loss: -0.5773
2026-03-17 02:23:35 | INFO | Episode 212/250 - Reward: -3.65, Length: 40, Loss: -0.4196
2026-03-17 02:23:35 | INFO | Episode 213/250 - Reward: -5.00, Length: 40, Loss: -0.4464
2026-03-17 02:23:36 | INFO | Episode 214/250 - Reward: -4.40, Length: 40, Loss: -0.3170
2026-03-17 02:23:36 | INFO | Episode 215/250 - Reward: -2.90, Length: 37, Loss: 0.2424
2026-03-17 02:23:37 | INFO | Episode 216/250 - Reward: 7.95, Length: 21, Loss: 1.3966
2026-03-17 02:23:37 | INFO | Episode 217/250 - Reward: -4.70, Length: 40, Loss: -0.4801
2026-03-17 02:23:38 | INFO | Episode 218/250 - Reward: -5.60, Length: 40, Loss: -0.4614
2026-03-17 02:23:38 | INFO | Episode 219/250 - Reward: 5.80, Length: 22, Loss: 1.4955
2026-03-17 02:23:39 | INFO | Episode 220/250 - Reward: -5.60, Length: 40, Loss: -0.4645
2026-03-17 02:23:39 | INFO | Episode 221/250 - Reward: 8.25, Length: 24, Loss: 1.3367
2026-03-17 02:23:40 | INFO | Episode 222/250 - Reward: 1.35, Length: 39, Loss: 0.3523
2026-03-17 02:23:40 | INFO | Episode 223/250 - Reward: 8.95, Length: 13, Loss: 2.0662
2026-03-17 02:23:41 | INFO | Episode 224/250 - Reward: 5.40, Length: 24, Loss: 1.2700
2026-03-17 02:23:41 | INFO | Episode 225/250 - Reward: -5.30, Length: 40, Loss: -0.4574
2026-03-17 02:23:42 | INFO | Episode 226/250 - Reward: -5.45, Length: 40, Loss: -0.4121
2026-03-17 02:23:42 | INFO | Episode 227/250 - Reward: -3.95, Length: 40, Loss: -0.4281
2026-03-17 02:23:43 | INFO | Episode 228/250 - Reward: -4.10, Length: 40, Loss: -0.4642
2026-03-17 02:23:43 | INFO | Episode 229/250 - Reward: 6.70, Length: 16, Loss: 1.7957
2026-03-17 02:23:44 | INFO | Episode 230/250 - Reward: -6.50, Length: 40, Loss: -0.3845
2026-03-17 02:23:44 | INFO | Episode 231/250 - Reward: -0.45, Length: 36, Loss: 0.1757
2026-03-17 02:23:45 | INFO | Episode 232/250 - Reward: 5.20, Length: 28, Loss: 0.9974
2026-03-17 02:23:45 | INFO | Episode 233/250 - Reward: -3.95, Length: 40, Loss: -0.3855
2026-03-17 02:23:46 | INFO | Episode 234/250 - Reward: -5.45, Length: 40, Loss: -0.4817
2026-03-17 02:23:46 | INFO | Episode 235/250 - Reward: -7.10, Length: 40, Loss: -0.4364
2026-03-17 02:23:47 | INFO | Episode 236/250 - Reward: 4.20, Length: 39, Loss: 0.4908
2026-03-17 02:23:46 | INFO | Episode 237/250 - Reward: 6.85, Length: 34, Loss: 0.7990
2026-03-17 02:23:47 | INFO | Episode 238/250 - Reward: 8.95, Length: 13, Loss: 2.1015
2026-03-17 02:23:47 | INFO | Episode 239/250 - Reward: -5.45, Length: 40, Loss: -0.5148
2026-03-17 02:23:48 | INFO | Episode 240/250 - Reward: -3.65, Length: 40, Loss: -0.3988
2026-03-17 02:23:48 | INFO | Episode 241/250 - Reward: -8.00, Length: 40, Loss: -0.6323
2026-03-17 02:23:49 | INFO | Episode 242/250 - Reward: -4.85, Length: 40, Loss: -0.4877
2026-03-17 02:23:49 | INFO | Episode 243/250 - Reward: 6.30, Length: 24, Loss: 1.3105
2026-03-17 02:23:50 | INFO | Episode 244/250 - Reward: 7.85, Length: 23, Loss: 1.3700
2026-03-17 02:23:50 | INFO | Episode 245/250 - Reward: 7.75, Length: 28, Loss: 1.1328
2026-03-17 02:23:51 | INFO | Episode 246/250 - Reward: 1.10, Length: 32, Loss: 0.5356
2026-03-17 02:23:51 | INFO | Episode 247/250 - Reward: -4.85, Length: 40, Loss: -0.4545
2026-03-17 02:23:52 | INFO | Episode 248/250 - Reward: -4.85, Length: 40, Loss: -0.4374
2026-03-17 02:23:53 | INFO | Episode 249/250 - Reward: -4.85, Length: 40, Loss: -0.4269
2026-03-17 02:23:53 | INFO | Episode 250/250 - Reward: -5.90, Length: 40, Loss: -0.4380
2026-03-17 02:23:53 | INFO | Episode 250/250 - Avg Reward: -0.30, Avg Length: 33.64, Avg Loss: 0.2843
