2026-03-17 02:16:25 | INFO | ============================================================
2026-03-17 02:16:25 | INFO | DEVICE / COMPUTE INFORMATION
2026-03-17 02:16:25 | INFO |   JAX backend       : GPU
2026-03-17 02:16:25 | INFO |   Platform          : gpu
2026-03-17 02:16:25 | INFO |   Num devices       : 1
2026-03-17 02:16:25 | INFO |   Device            : cuda:0
2026-03-17 02:16:25 | INFO |   GPU name          : NVIDIA GeForce RTX 5060 Laptop GPU
2026-03-17 02:16:25 | INFO | ============================================================
2026-03-17 02:16:25 | INFO | ✓ JAX GPU backend confirmed.
2026-03-17 02:16:26 | INFO | REINFORCE seed=8_gamma=0.99_lr=0.1
2026-03-17 02:16:29 | INFO | Episode 1/250 - Reward: -6.65, Length: 40, Loss: -0.4749
2026-03-17 02:16:29 | INFO | Episode 2/250 - Reward: -6.20, Length: 40, Loss: -0.4646
2026-03-17 02:16:29 | INFO | Episode 3/250 - Reward: 8.95, Length: 16, Loss: 1.9084
2026-03-17 02:16:30 | INFO | Episode 4/250 - Reward: 7.35, Length: 33, Loss: 0.8801
2026-03-17 02:16:31 | INFO | Episode 5/250 - Reward: 7.85, Length: 23, Loss: 1.4297
2026-03-17 02:16:31 | INFO | Episode 6/250 - Reward: 2.55, Length: 33, Loss: 0.6754
2026-03-17 02:16:32 | INFO | Episode 7/250 - Reward: 7.95, Length: 24, Loss: 1.2672
2026-03-17 02:16:32 | INFO | Episode 8/250 - Reward: -5.15, Length: 40, Loss: -0.5045
2026-03-17 02:16:33 | INFO | Episode 9/250 - Reward: 7.55, Length: 23, Loss: 1.4001
2026-03-17 02:16:33 | INFO | Episode 10/250 - Reward: 8.45, Length: 14, Loss: 1.5781
2026-03-17 02:16:33 | INFO | Episode 11/250 - Reward: 8.25, Length: 15, Loss: 1.1163
2026-03-17 02:16:34 | INFO | Episode 12/250 - Reward: 5.35, Length: 37, Loss: 0.3801
2026-03-17 02:16:35 | INFO | Episode 13/250 - Reward: 7.20, Length: 12, Loss: 1.8937
2026-03-17 02:16:35 | INFO | Episode 14/250 - Reward: 9.65, Length: 8, Loss: 1.4605
2026-03-17 02:16:36 | INFO | Episode 15/250 - Reward: -6.65, Length: 40, Loss: -0.4791
2026-03-17 02:16:36 | INFO | Episode 16/250 - Reward: 8.95, Length: 13, Loss: 1.9980
2026-03-17 02:16:37 | INFO | Episode 17/250 - Reward: 9.35, Length: 11, Loss: 1.6300
2026-03-17 02:16:37 | INFO | Episode 18/250 - Reward: -6.95, Length: 40, Loss: -0.4103
2026-03-17 02:16:38 | INFO | Episode 19/250 - Reward: 6.50, Length: 14, Loss: 0.9958
2026-03-17 02:16:38 | INFO | Episode 20/250 - Reward: 8.95, Length: 13, Loss: 1.6749
2026-03-17 02:16:39 | INFO | Episode 21/250 - Reward: 6.50, Length: 14, Loss: 1.2534
2026-03-17 02:16:39 | INFO | Episode 22/250 - Reward: 9.25, Length: 13, Loss: 1.5933
2026-03-17 02:16:40 | INFO | Episode 23/250 - Reward: 5.40, Length: 21, Loss: 0.7864
2026-03-17 02:16:40 | INFO | Episode 24/250 - Reward: 5.90, Length: 20, Loss: 0.7630
2026-03-17 02:16:41 | INFO | Episode 25/250 - Reward: 9.35, Length: 11, Loss: 1.8481
2026-03-17 02:16:41 | INFO | Episode 26/250 - Reward: 9.25, Length: 10, Loss: 1.1612
2026-03-17 02:16:41 | INFO | Episode 27/250 - Reward: 8.65, Length: 13, Loss: 0.8757
2026-03-17 02:16:42 | INFO | Episode 28/250 - Reward: 9.65, Length: 8, Loss: 1.1754
2026-03-17 02:16:42 | INFO | Episode 29/250 - Reward: 2.15, Length: 29, Loss: 0.4124
2026-03-17 02:16:43 | INFO | Episode 30/250 - Reward: 9.45, Length: 9, Loss: 1.6751
2026-03-17 02:16:43 | INFO | Episode 31/250 - Reward: 8.85, Length: 15, Loss: 1.7901
2026-03-17 02:16:44 | INFO | Episode 32/250 - Reward: 9.45, Length: 12, Loss: 1.8070
2026-03-17 02:16:44 | INFO | Episode 33/250 - Reward: -9.95, Length: 40, Loss: -0.4800
2026-03-17 02:16:45 | INFO | Episode 34/250 - Reward: 7.30, Length: 10, Loss: 1.6379
2026-03-17 02:16:45 | INFO | Episode 35/250 - Reward: 9.65, Length: 8, Loss: 1.2028
2026-03-17 02:16:46 | INFO | Episode 36/250 - Reward: 9.25, Length: 10, Loss: 1.3205
2026-03-17 02:16:46 | INFO | Episode 37/250 - Reward: 8.05, Length: 16, Loss: 0.6681
2026-03-17 02:16:47 | INFO | Episode 38/250 - Reward: 8.55, Length: 15, Loss: 1.1501
2026-03-17 02:16:47 | INFO | Episode 39/250 - Reward: 8.05, Length: 16, Loss: 0.8782
2026-03-17 02:16:48 | INFO | Episode 40/250 - Reward: 6.05, Length: 26, Loss: 0.4384
2026-03-17 02:16:48 | INFO | Episode 41/250 - Reward: 7.05, Length: 21, Loss: 0.7816
2026-03-17 02:16:49 | INFO | Episode 42/250 - Reward: 8.85, Length: 12, Loss: 1.9521
2026-03-17 02:16:49 | INFO | Episode 43/250 - Reward: 7.70, Length: 8, Loss: 1.4786
2026-03-17 02:16:50 | INFO | Episode 44/250 - Reward: 7.50, Length: 9, Loss: 1.9472
2026-03-17 02:16:50 | INFO | Episode 45/250 - Reward: 8.35, Length: 19, Loss: 1.4092
2026-03-17 02:16:51 | INFO | Episode 46/250 - Reward: 7.30, Length: 10, Loss: 1.7960
2026-03-17 02:16:51 | INFO | Episode 47/250 - Reward: 9.25, Length: 10, Loss: 1.2983
2026-03-17 02:16:52 | INFO | Episode 48/250 - Reward: 6.25, Length: 25, Loss: 0.5026
2026-03-17 02:16:52 | INFO | Episode 49/250 - Reward: 6.20, Length: 17, Loss: 1.1434
2026-03-17 02:16:53 | INFO | Episode 50/250 - Reward: 6.95, Length: 23, Loss: 0.8023
2026-03-17 02:16:53 | INFO | Episode 50/250 - Avg Reward: 5.99, Avg Length: 19.18, Avg Loss: 1.0605
2026-03-17 02:16:53 | INFO | Episode 51/250 - Reward: 8.85, Length: 12, Loss: 1.0607
2026-03-17 02:16:54 | INFO | Episode 52/250 - Reward: 8.85, Length: 12, Loss: 1.0515
2026-03-17 02:16:54 | INFO | Episode 53/250 - Reward: 7.45, Length: 19, Loss: 0.6663
2026-03-17 02:16:55 | INFO | Episode 54/250 - Reward: 6.45, Length: 24, Loss: 0.6805
2026-03-17 02:16:55 | INFO | Episode 55/250 - Reward: 4.85, Length: 32, Loss: 0.3585
2026-03-17 02:16:56 | INFO | Episode 56/250 - Reward: 7.45, Length: 19, Loss: 0.6667
2026-03-17 02:16:56 | INFO | Episode 57/250 - Reward: 6.65, Length: 23, Loss: 0.5836
2026-03-17 02:16:57 | INFO | Episode 58/250 - Reward: 8.45, Length: 14, Loss: 1.0606
2026-03-17 02:16:57 | INFO | Episode 59/250 - Reward: 9.05, Length: 11, Loss: 1.1500
2026-03-17 02:16:58 | INFO | Episode 60/250 - Reward: 9.45, Length: 9, Loss: 1.0289
2026-03-17 02:16:58 | INFO | Episode 61/250 - Reward: 7.30, Length: 10, Loss: 1.1951
2026-03-17 02:16:59 | INFO | Episode 62/250 - Reward: 6.70, Length: 13, Loss: 1.0480
2026-03-17 02:16:59 | INFO | Episode 63/250 - Reward: 6.50, Length: 14, Loss: 0.9002
2026-03-17 02:16:59 | INFO | Episode 64/250 - Reward: 9.15, Length: 12, Loss: 1.5769
2026-03-17 02:17:00 | INFO | Episode 65/250 - Reward: 8.95, Length: 13, Loss: 1.8443
2026-03-17 02:17:00 | INFO | Episode 66/250 - Reward: 6.80, Length: 14, Loss: 1.6600
2026-03-17 02:17:01 | INFO | Episode 67/250 - Reward: 8.65, Length: 13, Loss: 1.4507
2026-03-17 02:17:01 | INFO | Episode 68/250 - Reward: 9.45, Length: 9, Loss: 1.4146
2026-03-17 02:17:01 | INFO | Episode 69/250 - Reward: 2.65, Length: 28, Loss: 0.3883
2026-03-17 02:17:02 | INFO | Episode 70/250 - Reward: 9.65, Length: 8, Loss: 0.8706
2026-03-17 02:17:02 | INFO | Episode 71/250 - Reward: 1.90, Length: 40, Loss: 0.1142
2026-03-17 02:17:03 | INFO | Episode 72/250 - Reward: 9.45, Length: 9, Loss: 1.3456
2026-03-17 02:17:03 | INFO | Episode 73/250 - Reward: 9.25, Length: 10, Loss: 0.8998
2026-03-17 02:17:04 | INFO | Episode 74/250 - Reward: 9.65, Length: 8, Loss: 0.8014
2026-03-17 02:17:05 | INFO | Episode 75/250 - Reward: 4.50, Length: 24, Loss: 0.2983
2026-03-17 02:17:05 | INFO | Episode 76/250 - Reward: 7.10, Length: 11, Loss: 0.9491
2026-03-17 02:17:06 | INFO | Episode 77/250 - Reward: 9.65, Length: 8, Loss: 0.6518
2026-03-17 02:17:07 | INFO | Episode 78/250 - Reward: 9.45, Length: 9, Loss: 1.2977
2026-03-17 02:17:07 | INFO | Episode 79/250 - Reward: 9.45, Length: 9, Loss: 1.1263
2026-03-17 02:17:08 | INFO | Episode 80/250 - Reward: 9.55, Length: 10, Loss: 1.7626
2026-03-17 02:17:09 | INFO | Episode 81/250 - Reward: 9.45, Length: 9, Loss: 1.4348
2026-03-17 02:17:09 | INFO | Episode 82/250 - Reward: 9.05, Length: 11, Loss: 1.8000
2026-03-17 02:17:10 | INFO | Episode 83/250 - Reward: 9.25, Length: 10, Loss: 1.5259
2026-03-17 02:17:11 | INFO | Episode 84/250 - Reward: 4.30, Length: 28, Loss: 0.7462
2026-03-17 02:17:11 | INFO | Episode 85/250 - Reward: 8.65, Length: 13, Loss: 1.4268
2026-03-17 02:17:12 | INFO | Episode 86/250 - Reward: 9.05, Length: 11, Loss: 1.3810
2026-03-17 02:17:13 | INFO | Episode 87/250 - Reward: 9.45, Length: 9, Loss: 1.0343
2026-03-17 02:17:13 | INFO | Episode 88/250 - Reward: 9.45, Length: 9, Loss: 1.4671
2026-03-17 02:17:14 | INFO | Episode 89/250 - Reward: 8.85, Length: 12, Loss: 1.1919
2026-03-17 02:17:14 | INFO | Episode 90/250 - Reward: 7.25, Length: 20, Loss: 1.4433
2026-03-17 02:17:15 | INFO | Episode 91/250 - Reward: 7.65, Length: 18, Loss: 0.7714
2026-03-17 02:17:16 | INFO | Episode 92/250 - Reward: 5.65, Length: 28, Loss: 0.4258
2026-03-17 02:17:16 | INFO | Episode 93/250 - Reward: 9.25, Length: 10, Loss: 1.4851
2026-03-17 02:17:17 | INFO | Episode 94/250 - Reward: 9.25, Length: 10, Loss: 1.3302
2026-03-17 02:17:18 | INFO | Episode 95/250 - Reward: 9.35, Length: 11, Loss: 1.4939
2026-03-17 02:17:18 | INFO | Episode 96/250 - Reward: 7.30, Length: 10, Loss: 1.2014
2026-03-17 02:17:19 | INFO | Episode 97/250 - Reward: 9.25, Length: 10, Loss: 1.8407
2026-03-17 02:17:20 | INFO | Episode 98/250 - Reward: -9.80, Length: 40, Loss: -0.4009
2026-03-17 02:17:20 | INFO | Episode 99/250 - Reward: -8.60, Length: 40, Loss: -0.2865
2026-03-17 02:17:21 | INFO | Episode 100/250 - Reward: 9.45, Length: 9, Loss: 1.2132
2026-03-17 02:17:21 | INFO | Episode 100/250 - Avg Reward: 7.34, Avg Length: 15.30, Avg Loss: 1.0486
2026-03-17 02:17:21 | INFO | Episode 101/250 - Reward: 9.25, Length: 10, Loss: 1.2890
2026-03-17 02:17:22 | INFO | Episode 102/250 - Reward: 9.65, Length: 8, Loss: 0.8568
2026-03-17 02:17:23 | INFO | Episode 103/250 - Reward: 5.10, Length: 21, Loss: 0.3577
2026-03-17 02:17:23 | INFO | Episode 104/250 - Reward: 6.10, Length: 16, Loss: 0.8819
2026-03-17 02:17:24 | INFO | Episode 105/250 - Reward: -0.15, Length: 39, Loss: -0.0406
2026-03-17 02:17:25 | INFO | Episode 106/250 - Reward: 7.30, Length: 10, Loss: 1.1901
2026-03-17 02:17:25 | INFO | Episode 107/250 - Reward: 9.65, Length: 8, Loss: 0.8819
2026-03-17 02:17:26 | INFO | Episode 108/250 - Reward: 9.65, Length: 8, Loss: 0.6094
2026-03-17 02:17:27 | INFO | Episode 109/250 - Reward: 7.30, Length: 10, Loss: 1.0510
2026-03-17 02:17:27 | INFO | Episode 110/250 - Reward: 7.50, Length: 9, Loss: 1.1583
2026-03-17 02:17:28 | INFO | Episode 111/250 - Reward: 6.30, Length: 15, Loss: 0.6700
2026-03-17 02:17:28 | INFO | Episode 112/250 - Reward: 9.45, Length: 9, Loss: 1.3774
2026-03-17 02:17:29 | INFO | Episode 113/250 - Reward: 8.45, Length: 14, Loss: 1.4856
2026-03-17 02:17:30 | INFO | Episode 114/250 - Reward: 7.50, Length: 9, Loss: 1.3453
2026-03-17 02:17:30 | INFO | Episode 115/250 - Reward: 9.65, Length: 8, Loss: 0.9397
2026-03-17 02:17:30 | INFO | Episode 116/250 - Reward: 9.65, Length: 8, Loss: 1.0063
2026-03-17 02:17:31 | INFO | Episode 117/250 - Reward: 6.90, Length: 12, Loss: 0.7561
2026-03-17 02:17:31 | INFO | Episode 118/250 - Reward: 9.15, Length: 12, Loss: 2.0353
2026-03-17 02:17:32 | INFO | Episode 119/250 - Reward: 9.65, Length: 8, Loss: 0.7453
2026-03-17 02:17:33 | INFO | Episode 120/250 - Reward: 7.60, Length: 10, Loss: 2.3189
2026-03-17 02:17:34 | INFO | Episode 121/250 - Reward: 9.05, Length: 11, Loss: 2.0060
2026-03-17 02:17:34 | INFO | Episode 122/250 - Reward: 9.25, Length: 10, Loss: 1.6898
2026-03-17 02:17:35 | INFO | Episode 123/250 - Reward: 9.05, Length: 11, Loss: 0.9959
2026-03-17 02:17:35 | INFO | Episode 124/250 - Reward: 1.35, Length: 33, Loss: 0.4443
2026-03-17 02:17:36 | INFO | Episode 125/250 - Reward: 9.65, Length: 8, Loss: 0.9194
2026-03-17 02:17:37 | INFO | Episode 126/250 - Reward: 9.25, Length: 10, Loss: 1.0953
2026-03-17 02:17:37 | INFO | Episode 127/250 - Reward: 6.90, Length: 12, Loss: 1.0366
2026-03-17 02:17:38 | INFO | Episode 128/250 - Reward: 9.65, Length: 8, Loss: 0.6451
2026-03-17 02:17:39 | INFO | Episode 129/250 - Reward: 9.25, Length: 10, Loss: 0.8344
2026-03-17 02:17:39 | INFO | Episode 130/250 - Reward: 9.65, Length: 8, Loss: 0.9038
2026-03-17 02:17:40 | INFO | Episode 131/250 - Reward: 9.25, Length: 10, Loss: 1.0886
2026-03-17 02:17:41 | INFO | Episode 132/250 - Reward: 5.10, Length: 21, Loss: 0.3668
2026-03-17 02:17:41 | INFO | Episode 133/250 - Reward: 4.05, Length: 18, Loss: 0.9796
2026-03-17 02:17:42 | INFO | Episode 134/250 - Reward: 7.70, Length: 8, Loss: 1.3869
2026-03-17 02:17:43 | INFO | Episode 135/250 - Reward: 9.45, Length: 9, Loss: 1.0633
2026-03-17 02:17:43 | INFO | Episode 136/250 - Reward: 9.25, Length: 10, Loss: 1.1170
2026-03-17 02:17:44 | INFO | Episode 137/250 - Reward: 8.65, Length: 13, Loss: 1.0964
2026-03-17 02:17:44 | INFO | Episode 138/250 - Reward: 8.45, Length: 14, Loss: 0.8367
2026-03-17 02:17:45 | INFO | Episode 139/250 - Reward: 8.65, Length: 13, Loss: 1.3501
2026-03-17 02:17:46 | INFO | Episode 140/250 - Reward: 7.45, Length: 19, Loss: 0.8037
2026-03-17 02:17:46 | INFO | Episode 141/250 - Reward: 5.65, Length: 28, Loss: 0.4226
2026-03-17 02:17:47 | INFO | Episode 142/250 - Reward: 3.65, Length: 38, Loss: 0.3542
2026-03-17 02:17:48 | INFO | Episode 143/250 - Reward: 7.65, Length: 18, Loss: 0.9139
2026-03-17 02:17:48 | INFO | Episode 144/250 - Reward: 8.25, Length: 15, Loss: 1.1855
2026-03-17 02:17:49 | INFO | Episode 145/250 - Reward: 7.05, Length: 21, Loss: 0.6028
2026-03-17 02:17:49 | INFO | Episode 146/250 - Reward: 8.05, Length: 16, Loss: 0.7915
2026-03-17 02:17:50 | INFO | Episode 147/250 - Reward: 8.05, Length: 16, Loss: 1.0105
2026-03-17 02:17:51 | INFO | Episode 148/250 - Reward: 9.05, Length: 11, Loss: 1.0225
2026-03-17 02:17:51 | INFO | Episode 149/250 - Reward: 9.65, Length: 8, Loss: 0.7767
2026-03-17 02:17:52 | INFO | Episode 150/250 - Reward: 9.55, Length: 10, Loss: 1.6562
2026-03-17 02:17:52 | INFO | Episode 150/250 - Avg Reward: 7.87, Avg Length: 13.62, Avg Loss: 1.0062
2026-03-17 02:17:53 | INFO | Episode 151/250 - Reward: 5.80, Length: 19, Loss: 0.8502
2026-03-17 02:17:53 | INFO | Episode 152/250 - Reward: 9.05, Length: 11, Loss: 1.4289
2026-03-17 02:17:54 | INFO | Episode 153/250 - Reward: 8.85, Length: 12, Loss: 1.0666
2026-03-17 02:17:55 | INFO | Episode 154/250 - Reward: 8.45, Length: 14, Loss: 0.8165
2026-03-17 02:17:55 | INFO | Episode 155/250 - Reward: 7.65, Length: 18, Loss: 0.8638
2026-03-17 02:17:56 | INFO | Episode 156/250 - Reward: 9.05, Length: 11, Loss: 1.1844
2026-03-17 02:17:57 | INFO | Episode 157/250 - Reward: 9.45, Length: 9, Loss: 0.8598
2026-03-17 02:17:57 | INFO | Episode 158/250 - Reward: 9.65, Length: 8, Loss: 0.5146
2026-03-17 02:17:58 | INFO | Episode 159/250 - Reward: 9.45, Length: 9, Loss: 0.8220
2026-03-17 02:17:58 | INFO | Episode 160/250 - Reward: 8.85, Length: 12, Loss: 0.6467
2026-03-17 02:17:59 | INFO | Episode 161/250 - Reward: 8.05, Length: 16, Loss: 0.6198
2026-03-17 02:18:00 | INFO | Episode 162/250 - Reward: 7.65, Length: 18, Loss: 0.5456
2026-03-17 02:18:01 | INFO | Episode 163/250 - Reward: 7.45, Length: 19, Loss: 0.4642
2026-03-17 02:18:01 | INFO | Episode 164/250 - Reward: 7.25, Length: 20, Loss: 0.6635
2026-03-17 02:18:02 | INFO | Episode 165/250 - Reward: 8.45, Length: 14, Loss: 0.7003
2026-03-17 02:18:02 | INFO | Episode 166/250 - Reward: 8.85, Length: 12, Loss: 0.9937
2026-03-17 02:18:02 | INFO | Episode 167/250 - Reward: 9.15, Length: 12, Loss: 1.1648
2026-03-17 02:18:03 | INFO | Episode 168/250 - Reward: 8.85, Length: 12, Loss: 0.6252
2026-03-17 02:18:03 | INFO | Episode 169/250 - Reward: 8.25, Length: 15, Loss: 0.7634
2026-03-17 02:18:04 | INFO | Episode 170/250 - Reward: 4.95, Length: 33, Loss: 0.5283
2026-03-17 02:18:05 | INFO | Episode 171/250 - Reward: 7.25, Length: 20, Loss: 0.4459
2026-03-17 02:18:05 | INFO | Episode 172/250 - Reward: 8.05, Length: 16, Loss: 0.4876
2026-03-17 02:18:06 | INFO | Episode 173/250 - Reward: 8.05, Length: 16, Loss: 0.5336
2026-03-17 02:18:07 | INFO | Episode 174/250 - Reward: 8.45, Length: 14, Loss: 0.7893
2026-03-17 02:18:07 | INFO | Episode 175/250 - Reward: 7.65, Length: 18, Loss: 0.5234
2026-03-17 02:18:08 | INFO | Episode 176/250 - Reward: 7.05, Length: 21, Loss: 0.4806
2026-03-17 02:18:09 | INFO | Episode 177/250 - Reward: 9.05, Length: 11, Loss: 1.9981
2026-03-17 02:18:09 | INFO | Episode 178/250 - Reward: 9.05, Length: 11, Loss: 1.3756
2026-03-17 02:18:10 | INFO | Episode 179/250 - Reward: 9.25, Length: 10, Loss: 0.7786
2026-03-17 02:18:11 | INFO | Episode 180/250 - Reward: 9.45, Length: 9, Loss: 0.8974
2026-03-17 02:18:11 | INFO | Episode 181/250 - Reward: 9.45, Length: 9, Loss: 0.8732
2026-03-17 02:18:12 | INFO | Episode 182/250 - Reward: 9.65, Length: 8, Loss: 0.4831
2026-03-17 02:18:13 | INFO | Episode 183/250 - Reward: 9.65, Length: 8, Loss: 1.0040
2026-03-17 02:18:13 | INFO | Episode 184/250 - Reward: 9.65, Length: 8, Loss: 0.9665
2026-03-17 02:18:14 | INFO | Episode 185/250 - Reward: 9.65, Length: 8, Loss: 0.4540
2026-03-17 02:18:14 | INFO | Episode 186/250 - Reward: 9.65, Length: 8, Loss: 0.3757
2026-03-17 02:18:15 | INFO | Episode 187/250 - Reward: -7.25, Length: 40, Loss: -0.1360
2026-03-17 02:18:16 | INFO | Episode 188/250 - Reward: 9.05, Length: 11, Loss: 1.5895
2026-03-17 02:18:16 | INFO | Episode 189/250 - Reward: 9.45, Length: 9, Loss: 2.0661
2026-03-17 02:18:17 | INFO | Episode 190/250 - Reward: 3.85, Length: 19, Loss: 1.0920
2026-03-17 02:18:18 | INFO | Episode 191/250 - Reward: 6.50, Length: 14, Loss: 0.6323
2026-03-17 02:18:18 | INFO | Episode 192/250 - Reward: 6.90, Length: 12, Loss: 1.2496
2026-03-17 02:18:19 | INFO | Episode 193/250 - Reward: 9.65, Length: 8, Loss: 0.5592
2026-03-17 02:18:19 | INFO | Episode 194/250 - Reward: 9.25, Length: 10, Loss: 1.6971
2026-03-17 02:18:20 | INFO | Episode 195/250 - Reward: 8.65, Length: 13, Loss: 1.2500
2026-03-17 02:18:21 | INFO | Episode 196/250 - Reward: 8.65, Length: 13, Loss: 1.0304
2026-03-17 02:18:21 | INFO | Episode 197/250 - Reward: 9.25, Length: 10, Loss: 1.5311
2026-03-17 02:18:22 | INFO | Episode 198/250 - Reward: 8.85, Length: 12, Loss: 1.0811
2026-03-17 02:18:23 | INFO | Episode 199/250 - Reward: 9.45, Length: 9, Loss: 1.0934
2026-03-17 02:18:23 | INFO | Episode 200/250 - Reward: 9.65, Length: 8, Loss: 0.6292
2026-03-17 02:18:23 | INFO | Episode 200/250 - Avg Reward: 8.16, Avg Length: 13.54, Avg Loss: 0.8791
2026-03-17 02:18:24 | INFO | Episode 201/250 - Reward: 9.65, Length: 8, Loss: 0.5084
2026-03-17 02:18:24 | INFO | Episode 202/250 - Reward: 9.45, Length: 9, Loss: 0.8753
2026-03-17 02:18:25 | INFO | Episode 203/250 - Reward: 8.05, Length: 16, Loss: 1.3035
2026-03-17 02:18:26 | INFO | Episode 204/250 - Reward: 7.65, Length: 18, Loss: 0.6724
2026-03-17 02:18:26 | INFO | Episode 205/250 - Reward: 7.65, Length: 18, Loss: 0.6632
2026-03-17 02:18:27 | INFO | Episode 206/250 - Reward: 9.25, Length: 10, Loss: 1.1392
2026-03-17 02:18:27 | INFO | Episode 207/250 - Reward: 9.45, Length: 9, Loss: 0.9048
2026-03-17 02:18:28 | INFO | Episode 208/250 - Reward: 9.65, Length: 8, Loss: 0.5295
2026-03-17 02:18:28 | INFO | Episode 209/250 - Reward: 9.65, Length: 8, Loss: 0.4093
2026-03-17 02:18:29 | INFO | Episode 210/250 - Reward: 9.65, Length: 8, Loss: 0.3412
2026-03-17 02:18:29 | INFO | Episode 211/250 - Reward: 9.65, Length: 8, Loss: 1.0574
2026-03-17 02:18:30 | INFO | Episode 212/250 - Reward: -8.90, Length: 40, Loss: -0.1844
2026-03-17 02:18:30 | INFO | Episode 213/250 - Reward: 9.45, Length: 9, Loss: 1.4799
2026-03-17 02:18:31 | INFO | Episode 214/250 - Reward: 9.05, Length: 11, Loss: 1.5798
2026-03-17 02:18:31 | INFO | Episode 215/250 - Reward: 9.05, Length: 11, Loss: 0.9892
2026-03-17 02:18:32 | INFO | Episode 216/250 - Reward: 7.55, Length: 20, Loss: 1.0967
2026-03-17 02:18:32 | INFO | Episode 217/250 - Reward: 9.05, Length: 11, Loss: 1.2442
2026-03-17 02:18:33 | INFO | Episode 218/250 - Reward: 9.25, Length: 10, Loss: 0.9489
2026-03-17 02:18:33 | INFO | Episode 219/250 - Reward: 9.55, Length: 10, Loss: 1.8650
2026-03-17 02:18:33 | INFO | Episode 220/250 - Reward: 6.30, Length: 15, Loss: 0.5636
2026-03-17 02:18:33 | INFO | Episode 221/250 - Reward: 9.65, Length: 8, Loss: 0.5525
2026-03-17 02:18:34 | INFO | Episode 222/250 - Reward: 6.50, Length: 14, Loss: 1.0740
2026-03-17 02:18:34 | INFO | Episode 223/250 - Reward: 7.30, Length: 10, Loss: 1.3444
2026-03-17 02:18:35 | INFO | Episode 224/250 - Reward: 7.70, Length: 8, Loss: 1.4058
2026-03-17 02:18:35 | INFO | Episode 225/250 - Reward: 9.45, Length: 9, Loss: 1.0319
2026-03-17 02:18:36 | INFO | Episode 226/250 - Reward: 9.05, Length: 11, Loss: 1.3025
2026-03-17 02:18:36 | INFO | Episode 227/250 - Reward: 9.05, Length: 11, Loss: 0.9214
2026-03-17 02:18:37 | INFO | Episode 228/250 - Reward: 7.50, Length: 9, Loss: 2.3263
2026-03-17 02:18:37 | INFO | Episode 229/250 - Reward: 9.45, Length: 9, Loss: 1.1181
2026-03-17 02:18:38 | INFO | Episode 230/250 - Reward: 9.45, Length: 9, Loss: 1.4671
2026-03-17 02:18:38 | INFO | Episode 231/250 - Reward: 7.10, Length: 11, Loss: 1.1859
2026-03-17 02:18:39 | INFO | Episode 232/250 - Reward: 9.45, Length: 9, Loss: 1.1404
2026-03-17 02:18:39 | INFO | Episode 233/250 - Reward: 8.55, Length: 15, Loss: 0.9035
2026-03-17 02:18:40 | INFO | Episode 234/250 - Reward: 9.05, Length: 11, Loss: 1.0915
2026-03-17 02:18:40 | INFO | Episode 235/250 - Reward: 8.05, Length: 16, Loss: 0.8432
2026-03-17 02:18:41 | INFO | Episode 236/250 - Reward: 8.45, Length: 14, Loss: 1.0444
2026-03-17 02:18:41 | INFO | Episode 237/250 - Reward: 8.45, Length: 14, Loss: 1.1041
2026-03-17 02:18:42 | INFO | Episode 238/250 - Reward: 8.85, Length: 12, Loss: 0.9753
2026-03-17 02:18:42 | INFO | Episode 239/250 - Reward: 8.85, Length: 12, Loss: 1.1683
2026-03-17 02:18:43 | INFO | Episode 240/250 - Reward: 7.50, Length: 9, Loss: 2.1113
2026-03-17 02:18:43 | INFO | Episode 241/250 - Reward: 9.65, Length: 8, Loss: 1.1409
2026-03-17 02:18:44 | INFO | Episode 242/250 - Reward: 8.85, Length: 12, Loss: 1.3151
2026-03-17 02:18:44 | INFO | Episode 243/250 - Reward: 8.05, Length: 16, Loss: 0.8361
2026-03-17 02:18:45 | INFO | Episode 244/250 - Reward: 6.85, Length: 22, Loss: 0.6568
2026-03-17 02:18:45 | INFO | Episode 245/250 - Reward: 8.35, Length: 16, Loss: 1.3707
2026-03-17 02:18:46 | INFO | Episode 246/250 - Reward: 7.65, Length: 18, Loss: 0.7098
2026-03-17 02:18:46 | INFO | Episode 247/250 - Reward: 8.65, Length: 13, Loss: 1.5515
2026-03-17 02:18:47 | INFO | Episode 248/250 - Reward: 8.65, Length: 13, Loss: 1.0979
2026-03-17 02:18:47 | INFO | Episode 249/250 - Reward: 8.85, Length: 12, Loss: 0.9931
2026-03-17 02:18:48 | INFO | Episode 250/250 - Reward: 8.85, Length: 12, Loss: 1.6007
2026-03-17 02:18:48 | INFO | Episode 250/250 - Avg Reward: 8.28, Avg Length: 12.40, Avg Loss: 1.0674
