2026-03-17 02:08:51 | INFO | ============================================================
2026-03-17 02:08:51 | INFO | DEVICE / COMPUTE INFORMATION
2026-03-17 02:08:51 | INFO |   JAX backend       : GPU
2026-03-17 02:08:51 | INFO |   Platform          : gpu
2026-03-17 02:08:51 | INFO |   Num devices       : 1
2026-03-17 02:08:51 | INFO |   Device            : cuda:0
2026-03-17 02:08:51 | INFO |   GPU name          : NVIDIA GeForce RTX 5060 Laptop GPU
2026-03-17 02:08:51 | INFO | ============================================================
2026-03-17 02:08:51 | INFO | ✓ JAX GPU backend confirmed.
2026-03-17 02:08:52 | INFO | REINFORCE seed=8_gamma=0.9_lr=0.1
2026-03-17 02:08:55 | INFO | Episode 1/250 - Reward: -6.65, Length: 40, Loss: -0.5918
2026-03-17 02:08:56 | INFO | Episode 2/250 - Reward: -6.50, Length: 40, Loss: -0.4745
2026-03-17 02:08:56 | INFO | Episode 3/250 - Reward: -5.90, Length: 40, Loss: -0.4184
2026-03-17 02:08:57 | INFO | Episode 4/250 - Reward: -6.35, Length: 40, Loss: -0.5967
2026-03-17 02:08:57 | INFO | Episode 5/250 - Reward: -5.30, Length: 40, Loss: -0.5731
2026-03-17 02:08:58 | INFO | Episode 6/250 - Reward: -6.05, Length: 40, Loss: -0.6001
2026-03-17 02:08:58 | INFO | Episode 7/250 - Reward: -11.30, Length: 40, Loss: -0.4890
2026-03-17 02:08:59 | INFO | Episode 8/250 - Reward: -4.70, Length: 40, Loss: -0.5465
2026-03-17 02:08:59 | INFO | Episode 9/250 - Reward: -5.30, Length: 40, Loss: -0.5323
2026-03-17 02:09:00 | INFO | Episode 10/250 - Reward: 8.45, Length: 17, Loss: 1.4314
2026-03-17 02:09:00 | INFO | Episode 11/250 - Reward: 8.55, Length: 15, Loss: 1.3550
2026-03-17 02:09:01 | INFO | Episode 12/250 - Reward: 3.90, Length: 36, Loss: 0.2149
2026-03-17 02:09:01 | INFO | Episode 13/250 - Reward: 6.70, Length: 13, Loss: 1.4275
2026-03-17 02:09:02 | INFO | Episode 14/250 - Reward: 5.90, Length: 20, Loss: 0.8924
2026-03-17 02:09:02 | INFO | Episode 15/250 - Reward: -5.75, Length: 40, Loss: -0.6009
2026-03-17 02:09:03 | INFO | Episode 16/250 - Reward: -5.45, Length: 40, Loss: -0.4179
2026-03-17 02:09:03 | INFO | Episode 17/250 - Reward: -6.50, Length: 40, Loss: -0.4474
2026-03-17 02:09:04 | INFO | Episode 18/250 - Reward: -6.05, Length: 40, Loss: -0.5882
2026-03-17 02:09:04 | INFO | Episode 19/250 - Reward: 6.50, Length: 14, Loss: 0.9665
2026-03-17 02:09:05 | INFO | Episode 20/250 - Reward: -7.25, Length: 40, Loss: -0.2644
2026-03-17 02:09:05 | INFO | Episode 21/250 - Reward: 7.10, Length: 11, Loss: 1.3962
2026-03-17 02:09:06 | INFO | Episode 22/250 - Reward: -5.00, Length: 40, Loss: -0.5826
2026-03-17 02:09:06 | INFO | Episode 23/250 - Reward: 7.65, Length: 21, Loss: 0.8295
2026-03-17 02:09:07 | INFO | Episode 24/250 - Reward: 7.00, Length: 13, Loss: 1.3989
2026-03-17 02:09:07 | INFO | Episode 25/250 - Reward: 7.75, Length: 19, Loss: 0.6937
2026-03-17 02:09:08 | INFO | Episode 26/250 - Reward: 9.05, Length: 11, Loss: 1.2800
2026-03-17 02:09:09 | INFO | Episode 27/250 - Reward: 8.95, Length: 13, Loss: 1.1846
2026-03-17 02:09:08 | INFO | Episode 28/250 - Reward: 7.50, Length: 9, Loss: 1.5116
2026-03-17 02:09:09 | INFO | Episode 29/250 - Reward: 8.95, Length: 13, Loss: 1.1505
2026-03-17 02:09:09 | INFO | Episode 30/250 - Reward: 5.05, Length: 13, Loss: 1.2582
2026-03-17 02:09:10 | INFO | Episode 31/250 - Reward: 7.95, Length: 21, Loss: 0.8134
2026-03-17 02:09:10 | INFO | Episode 32/250 - Reward: 8.95, Length: 13, Loss: 1.4704
2026-03-17 02:09:11 | INFO | Episode 33/250 - Reward: -5.75, Length: 40, Loss: -0.2158
2026-03-17 02:09:11 | INFO | Episode 34/250 - Reward: 8.65, Length: 13, Loss: 1.3381
2026-03-17 02:09:12 | INFO | Episode 35/250 - Reward: 9.25, Length: 10, Loss: 1.2437
2026-03-17 02:09:12 | INFO | Episode 36/250 - Reward: 9.25, Length: 10, Loss: 1.3080
2026-03-17 02:09:13 | INFO | Episode 37/250 - Reward: 8.45, Length: 14, Loss: 0.9548
2026-03-17 02:09:13 | INFO | Episode 38/250 - Reward: 8.55, Length: 15, Loss: 1.1873
2026-03-17 02:09:14 | INFO | Episode 39/250 - Reward: 8.45, Length: 14, Loss: 0.9621
2026-03-17 02:09:14 | INFO | Episode 40/250 - Reward: 8.85, Length: 12, Loss: 1.0769
2026-03-17 02:09:15 | INFO | Episode 41/250 - Reward: 8.75, Length: 14, Loss: 1.6094
2026-03-17 02:09:15 | INFO | Episode 42/250 - Reward: 8.65, Length: 13, Loss: 1.5106
2026-03-17 02:09:16 | INFO | Episode 43/250 - Reward: 7.70, Length: 8, Loss: 1.3863
2026-03-17 02:09:16 | INFO | Episode 44/250 - Reward: 9.25, Length: 10, Loss: 1.3797
2026-03-17 02:09:17 | INFO | Episode 45/250 - Reward: 7.65, Length: 30, Loss: 0.5647
2026-03-17 02:09:17 | INFO | Episode 46/250 - Reward: 7.30, Length: 10, Loss: 1.4478
2026-03-17 02:09:18 | INFO | Episode 47/250 - Reward: 9.05, Length: 11, Loss: 1.1480
2026-03-17 02:09:18 | INFO | Episode 48/250 - Reward: 8.25, Length: 15, Loss: 0.8252
2026-03-17 02:09:19 | INFO | Episode 49/250 - Reward: 8.45, Length: 14, Loss: 0.8804
2026-03-17 02:09:19 | INFO | Episode 50/250 - Reward: 7.15, Length: 22, Loss: 0.4847
2026-03-17 02:09:19 | INFO | Episode 50/250 - Avg Reward: 3.39, Avg Length: 22.94, Avg Loss: 0.6128
2026-03-17 02:09:20 | INFO | Episode 51/250 - Reward: 9.05, Length: 11, Loss: 1.2686
2026-03-17 02:09:20 | INFO | Episode 52/250 - Reward: 8.65, Length: 13, Loss: 1.0110
2026-03-17 02:09:21 | INFO | Episode 53/250 - Reward: 9.05, Length: 11, Loss: 1.2628
2026-03-17 02:09:21 | INFO | Episode 54/250 - Reward: 8.85, Length: 12, Loss: 1.0267
2026-03-17 02:09:22 | INFO | Episode 55/250 - Reward: -7.25, Length: 40, Loss: -0.2246
2026-03-17 02:09:22 | INFO | Episode 56/250 - Reward: 7.50, Length: 9, Loss: 1.7328
2026-03-17 02:09:23 | INFO | Episode 57/250 - Reward: 8.85, Length: 12, Loss: 0.9490
2026-03-17 02:09:23 | INFO | Episode 58/250 - Reward: 7.70, Length: 8, Loss: 1.4418
2026-03-17 02:09:24 | INFO | Episode 59/250 - Reward: 9.65, Length: 8, Loss: 0.9233
2026-03-17 02:09:24 | INFO | Episode 60/250 - Reward: 7.30, Length: 10, Loss: 1.2522
2026-03-17 02:09:25 | INFO | Episode 61/250 - Reward: 7.30, Length: 10, Loss: 1.1145
2026-03-17 02:09:25 | INFO | Episode 62/250 - Reward: 7.10, Length: 11, Loss: 1.0730
2026-03-17 02:09:26 | INFO | Episode 63/250 - Reward: 6.80, Length: 14, Loss: 0.8286
2026-03-17 02:09:26 | INFO | Episode 64/250 - Reward: 8.75, Length: 14, Loss: 1.2518
2026-03-17 02:09:27 | INFO | Episode 65/250 - Reward: 9.05, Length: 11, Loss: 1.2947
2026-03-17 02:09:27 | INFO | Episode 66/250 - Reward: -7.25, Length: 40, Loss: -0.4889
2026-03-17 02:09:28 | INFO | Episode 67/250 - Reward: 8.85, Length: 12, Loss: 1.6783
2026-03-17 02:09:28 | INFO | Episode 68/250 - Reward: 9.25, Length: 10, Loss: 1.4642
2026-03-17 02:09:29 | INFO | Episode 69/250 - Reward: 5.50, Length: 19, Loss: 0.3339
2026-03-17 02:09:29 | INFO | Episode 70/250 - Reward: 9.65, Length: 8, Loss: 1.0005
2026-03-17 02:09:30 | INFO | Episode 71/250 - Reward: 7.10, Length: 11, Loss: 0.9410
2026-03-17 02:09:30 | INFO | Episode 72/250 - Reward: 9.25, Length: 10, Loss: 1.4453
2026-03-17 02:09:31 | INFO | Episode 73/250 - Reward: 7.25, Length: 20, Loss: 0.6014
2026-03-17 02:09:31 | INFO | Episode 74/250 - Reward: 9.65, Length: 8, Loss: 1.2809
2026-03-17 02:09:32 | INFO | Episode 75/250 - Reward: -7.55, Length: 40, Loss: -0.3246
2026-03-17 02:09:32 | INFO | Episode 76/250 - Reward: 8.65, Length: 13, Loss: 0.9025
2026-03-17 02:09:33 | INFO | Episode 77/250 - Reward: 6.10, Length: 16, Loss: 0.5300
2026-03-17 02:09:33 | INFO | Episode 78/250 - Reward: 8.95, Length: 13, Loss: 0.8383
2026-03-17 02:09:34 | INFO | Episode 79/250 - Reward: -7.25, Length: 40, Loss: -0.2973
2026-03-17 02:09:34 | INFO | Episode 80/250 - Reward: 4.65, Length: 36, Loss: 0.0265
2026-03-17 02:09:35 | INFO | Episode 81/250 - Reward: 9.05, Length: 11, Loss: 1.3931
2026-03-17 02:09:35 | INFO | Episode 82/250 - Reward: 9.05, Length: 11, Loss: 1.2515
2026-03-17 02:09:36 | INFO | Episode 83/250 - Reward: 4.40, Length: 26, Loss: 0.1581
2026-03-17 02:09:36 | INFO | Episode 84/250 - Reward: 9.45, Length: 9, Loss: 1.1662
2026-03-17 02:09:37 | INFO | Episode 85/250 - Reward: 8.95, Length: 13, Loss: 1.0310
2026-03-17 02:09:38 | INFO | Episode 86/250 - Reward: -6.95, Length: 40, Loss: -0.4666
2026-03-17 02:09:39 | INFO | Episode 87/250 - Reward: 9.45, Length: 9, Loss: 0.9726
2026-03-17 02:09:39 | INFO | Episode 88/250 - Reward: 9.45, Length: 9, Loss: 1.2410
2026-03-17 02:09:40 | INFO | Episode 89/250 - Reward: 8.85, Length: 12, Loss: 0.9606
2026-03-17 02:09:40 | INFO | Episode 90/250 - Reward: 8.85, Length: 12, Loss: 1.7194
2026-03-17 02:09:40 | INFO | Episode 91/250 - Reward: 9.45, Length: 9, Loss: 1.5186
2026-03-17 02:09:41 | INFO | Episode 92/250 - Reward: 9.05, Length: 11, Loss: 0.9540
2026-03-17 02:09:42 | INFO | Episode 93/250 - Reward: 9.45, Length: 9, Loss: 0.9231
2026-03-17 02:09:42 | INFO | Episode 94/250 - Reward: 9.45, Length: 9, Loss: 1.2865
2026-03-17 02:09:43 | INFO | Episode 95/250 - Reward: 9.45, Length: 9, Loss: 0.9348
2026-03-17 02:09:44 | INFO | Episode 96/250 - Reward: 9.65, Length: 8, Loss: 1.0185
2026-03-17 02:09:44 | INFO | Episode 97/250 - Reward: 9.25, Length: 10, Loss: 1.5302
2026-03-17 02:09:45 | INFO | Episode 98/250 - Reward: -9.80, Length: 40, Loss: -0.5276
2026-03-17 02:09:46 | INFO | Episode 99/250 - Reward: -8.90, Length: 40, Loss: -0.1248
2026-03-17 02:09:46 | INFO | Episode 100/250 - Reward: 9.45, Length: 9, Loss: 1.0694
2026-03-17 02:09:46 | INFO | Episode 100/250 - Avg Reward: 6.16, Avg Length: 15.92, Avg Loss: 0.8830
2026-03-17 02:09:47 | INFO | Episode 101/250 - Reward: 9.25, Length: 10, Loss: 1.2502
2026-03-17 02:09:47 | INFO | Episode 102/250 - Reward: 9.65, Length: 8, Loss: 0.9314
2026-03-17 02:09:48 | INFO | Episode 103/250 - Reward: 5.10, Length: 21, Loss: 0.4239
2026-03-17 02:09:49 | INFO | Episode 104/250 - Reward: 6.10, Length: 16, Loss: 0.5428
2026-03-17 02:09:49 | INFO | Episode 105/250 - Reward: 4.65, Length: 15, Loss: 1.1855
2026-03-17 02:09:50 | INFO | Episode 106/250 - Reward: 9.65, Length: 8, Loss: 0.7277
2026-03-17 02:09:51 | INFO | Episode 107/250 - Reward: 9.65, Length: 8, Loss: 0.7971
2026-03-17 02:09:51 | INFO | Episode 108/250 - Reward: 9.65, Length: 8, Loss: 0.5375
2026-03-17 02:09:52 | INFO | Episode 109/250 - Reward: 7.30, Length: 10, Loss: 1.2570
2026-03-17 02:09:53 | INFO | Episode 110/250 - Reward: 9.65, Length: 8, Loss: 0.5539
2026-03-17 02:09:53 | INFO | Episode 111/250 - Reward: 9.65, Length: 8, Loss: 0.9444
2026-03-17 02:09:54 | INFO | Episode 112/250 - Reward: 9.25, Length: 10, Loss: 0.8217
2026-03-17 02:09:55 | INFO | Episode 113/250 - Reward: 5.05, Length: 13, Loss: 1.9035
2026-03-17 02:09:55 | INFO | Episode 114/250 - Reward: 8.85, Length: 12, Loss: 1.1923
2026-03-17 02:09:56 | INFO | Episode 115/250 - Reward: 7.85, Length: 17, Loss: 0.7222
2026-03-17 02:09:57 | INFO | Episode 116/250 - Reward: 9.65, Length: 8, Loss: 1.6689
2026-03-17 02:09:57 | INFO | Episode 117/250 - Reward: -8.45, Length: 40, Loss: 0.1108
2026-03-17 02:09:58 | INFO | Episode 118/250 - Reward: 6.40, Length: 16, Loss: 0.6799
2026-03-17 02:09:59 | INFO | Episode 119/250 - Reward: 6.50, Length: 14, Loss: 0.6690
2026-03-17 02:09:59 | INFO | Episode 120/250 - Reward: 6.00, Length: 18, Loss: 0.8645
2026-03-17 02:10:00 | INFO | Episode 121/250 - Reward: 9.45, Length: 9, Loss: 1.2120
2026-03-17 02:10:01 | INFO | Episode 122/250 - Reward: 6.70, Length: 13, Loss: 0.8920
2026-03-17 02:10:01 | INFO | Episode 123/250 - Reward: 8.45, Length: 14, Loss: 1.3456
2026-03-17 02:10:02 | INFO | Episode 124/250 - Reward: 8.05, Length: 16, Loss: 0.8085
2026-03-17 02:10:02 | INFO | Episode 125/250 - Reward: 9.65, Length: 8, Loss: 1.4159
2026-03-17 02:10:03 | INFO | Episode 126/250 - Reward: 7.30, Length: 10, Loss: 1.3036
2026-03-17 02:10:04 | INFO | Episode 127/250 - Reward: 6.90, Length: 12, Loss: 0.8038
2026-03-17 02:10:04 | INFO | Episode 128/250 - Reward: 7.30, Length: 10, Loss: 1.1245
2026-03-17 02:10:05 | INFO | Episode 129/250 - Reward: 9.45, Length: 9, Loss: 1.2235
2026-03-17 02:10:06 | INFO | Episode 130/250 - Reward: 9.65, Length: 8, Loss: 0.9248
2026-03-17 02:10:06 | INFO | Episode 131/250 - Reward: 9.25, Length: 10, Loss: 0.9089
2026-03-17 02:10:07 | INFO | Episode 132/250 - Reward: 9.65, Length: 8, Loss: 1.0275
2026-03-17 02:10:08 | INFO | Episode 133/250 - Reward: 9.65, Length: 8, Loss: 0.8175
2026-03-17 02:10:08 | INFO | Episode 134/250 - Reward: 7.70, Length: 8, Loss: 1.4730
2026-03-17 02:10:09 | INFO | Episode 135/250 - Reward: 7.70, Length: 8, Loss: 1.4938
2026-03-17 02:10:10 | INFO | Episode 136/250 - Reward: 7.30, Length: 10, Loss: 1.3693
2026-03-17 02:10:10 | INFO | Episode 137/250 - Reward: -7.55, Length: 40, Loss: -0.3761
2026-03-17 02:10:11 | INFO | Episode 138/250 - Reward: 8.65, Length: 13, Loss: 0.9758
2026-03-17 02:10:11 | INFO | Episode 139/250 - Reward: 8.65, Length: 13, Loss: 1.1327
2026-03-17 02:10:11 | INFO | Episode 140/250 - Reward: -7.55, Length: 40, Loss: -0.2639
2026-03-17 02:10:12 | INFO | Episode 141/250 - Reward: 9.05, Length: 11, Loss: 1.2199
2026-03-17 02:10:13 | INFO | Episode 142/250 - Reward: 9.45, Length: 9, Loss: 1.2291
2026-03-17 02:10:13 | INFO | Episode 143/250 - Reward: 6.30, Length: 15, Loss: 0.5041
2026-03-17 02:10:14 | INFO | Episode 144/250 - Reward: 2.90, Length: 32, Loss: -0.0223
2026-03-17 02:10:15 | INFO | Episode 145/250 - Reward: 9.25, Length: 10, Loss: 1.0092
2026-03-17 02:10:15 | INFO | Episode 146/250 - Reward: 7.50, Length: 9, Loss: 1.2367
2026-03-17 02:10:16 | INFO | Episode 147/250 - Reward: 9.25, Length: 10, Loss: 1.2021
2026-03-17 02:10:17 | INFO | Episode 148/250 - Reward: 9.25, Length: 10, Loss: 1.0238
2026-03-17 02:10:17 | INFO | Episode 149/250 - Reward: 9.65, Length: 8, Loss: 0.8365
2026-03-17 02:10:18 | INFO | Episode 150/250 - Reward: 9.25, Length: 10, Loss: 1.0635
2026-03-17 02:10:18 | INFO | Episode 150/250 - Avg Reward: 7.19, Avg Length: 13.18, Avg Loss: 0.9340
2026-03-17 02:10:19 | INFO | Episode 151/250 - Reward: 8.95, Length: 13, Loss: 1.7370
2026-03-17 02:10:19 | INFO | Episode 152/250 - Reward: 9.05, Length: 11, Loss: 1.3828
2026-03-17 02:10:20 | INFO | Episode 153/250 - Reward: 8.85, Length: 12, Loss: 1.0816
2026-03-17 02:10:20 | INFO | Episode 154/250 - Reward: 8.45, Length: 14, Loss: 0.9072
2026-03-17 02:10:21 | INFO | Episode 155/250 - Reward: 9.05, Length: 11, Loss: 0.9943
2026-03-17 02:10:22 | INFO | Episode 156/250 - Reward: 7.70, Length: 8, Loss: 1.2041
2026-03-17 02:10:23 | INFO | Episode 157/250 - Reward: 9.65, Length: 8, Loss: 0.6464
2026-03-17 02:10:23 | INFO | Episode 158/250 - Reward: 9.65, Length: 8, Loss: 0.5459
2026-03-17 02:10:24 | INFO | Episode 159/250 - Reward: 9.45, Length: 9, Loss: 0.8192
2026-03-17 02:10:24 | INFO | Episode 160/250 - Reward: 8.85, Length: 12, Loss: 0.6627
2026-03-17 02:10:25 | INFO | Episode 161/250 - Reward: 9.05, Length: 11, Loss: 0.6468
2026-03-17 02:10:26 | INFO | Episode 162/250 - Reward: 9.25, Length: 10, Loss: 1.1322
2026-03-17 02:10:27 | INFO | Episode 163/250 - Reward: 7.85, Length: 17, Loss: 0.7902
2026-03-17 02:10:27 | INFO | Episode 164/250 - Reward: 7.25, Length: 20, Loss: 0.5622
2026-03-17 02:10:28 | INFO | Episode 165/250 - Reward: 4.35, Length: 18, Loss: 0.8890
2026-03-17 02:10:29 | INFO | Episode 166/250 - Reward: 9.25, Length: 10, Loss: 0.6969
2026-03-17 02:10:29 | INFO | Episode 167/250 - Reward: 9.15, Length: 12, Loss: 0.7913
2026-03-17 02:10:30 | INFO | Episode 168/250 - Reward: 8.85, Length: 12, Loss: 0.6244
2026-03-17 02:10:30 | INFO | Episode 169/250 - Reward: 9.65, Length: 8, Loss: 0.5997
2026-03-17 02:10:31 | INFO | Episode 170/250 - Reward: 5.65, Length: 10, Loss: 2.4889
2026-03-17 02:10:32 | INFO | Episode 171/250 - Reward: 9.65, Length: 8, Loss: 0.7575
2026-03-17 02:10:32 | INFO | Episode 172/250 - Reward: 9.65, Length: 8, Loss: 0.4588
2026-03-17 02:10:33 | INFO | Episode 173/250 - Reward: 9.65, Length: 8, Loss: 0.3849
2026-03-17 02:10:34 | INFO | Episode 174/250 - Reward: 9.45, Length: 9, Loss: 0.6261
2026-03-17 02:10:35 | INFO | Episode 175/250 - Reward: 7.65, Length: 18, Loss: 0.5712
2026-03-17 02:10:35 | INFO | Episode 176/250 - Reward: 7.05, Length: 21, Loss: 0.5516
2026-03-17 02:10:36 | INFO | Episode 177/250 - Reward: 9.45, Length: 9, Loss: 1.8810
2026-03-17 02:10:36 | INFO | Episode 178/250 - Reward: 9.45, Length: 9, Loss: 1.3425
2026-03-17 02:10:37 | INFO | Episode 179/250 - Reward: 9.65, Length: 8, Loss: 0.4027
2026-03-17 02:10:38 | INFO | Episode 180/250 - Reward: 9.65, Length: 8, Loss: 0.3445
2026-03-17 02:10:39 | INFO | Episode 181/250 - Reward: 9.65, Length: 8, Loss: 0.3026
2026-03-17 02:10:39 | INFO | Episode 182/250 - Reward: 9.65, Length: 8, Loss: 0.2706
2026-03-17 02:10:40 | INFO | Episode 183/250 - Reward: 9.65, Length: 8, Loss: 1.1745
2026-03-17 02:10:40 | INFO | Episode 184/250 - Reward: 9.65, Length: 8, Loss: 1.0810
2026-03-17 02:10:41 | INFO | Episode 185/250 - Reward: 9.65, Length: 8, Loss: 0.3344
2026-03-17 02:10:42 | INFO | Episode 186/250 - Reward: 9.65, Length: 8, Loss: 0.2938
2026-03-17 02:10:42 | INFO | Episode 187/250 - Reward: -7.25, Length: 40, Loss: -0.1299
2026-03-17 02:10:42 | INFO | Episode 188/250 - Reward: 9.05, Length: 11, Loss: 1.9694
2026-03-17 02:10:43 | INFO | Episode 189/250 - Reward: 9.45, Length: 9, Loss: 1.7742
2026-03-17 02:10:43 | INFO | Episode 190/250 - Reward: 9.65, Length: 8, Loss: 0.6279
2026-03-17 02:10:44 | INFO | Episode 191/250 - Reward: 6.50, Length: 14, Loss: 0.7824
2026-03-17 02:10:45 | INFO | Episode 192/250 - Reward: 9.45, Length: 9, Loss: 1.0911
2026-03-17 02:10:45 | INFO | Episode 193/250 - Reward: 9.65, Length: 8, Loss: 0.3828
2026-03-17 02:10:46 | INFO | Episode 194/250 - Reward: 9.65, Length: 8, Loss: 1.0984
2026-03-17 02:10:47 | INFO | Episode 195/250 - Reward: 9.45, Length: 9, Loss: 1.0846
2026-03-17 02:10:47 | INFO | Episode 196/250 - Reward: 9.65, Length: 8, Loss: 0.4879
2026-03-17 02:10:48 | INFO | Episode 197/250 - Reward: 6.10, Length: 16, Loss: 0.6905
2026-03-17 02:10:49 | INFO | Episode 198/250 - Reward: 9.65, Length: 8, Loss: 0.6948
2026-03-17 02:10:49 | INFO | Episode 199/250 - Reward: -8.90, Length: 40, Loss: -0.0838
2026-03-17 02:10:50 | INFO | Episode 200/250 - Reward: 9.65, Length: 8, Loss: 0.3555
2026-03-17 02:10:50 | INFO | Episode 200/250 - Avg Reward: 8.22, Avg Length: 11.68, Avg Loss: 0.8161
2026-03-17 02:10:51 | INFO | Episode 201/250 - Reward: 9.65, Length: 8, Loss: 0.3071
2026-03-17 02:10:51 | INFO | Episode 202/250 - Reward: 9.65, Length: 8, Loss: 0.2712
2026-03-17 02:10:52 | INFO | Episode 203/250 - Reward: 9.45, Length: 9, Loss: 0.7516
2026-03-17 02:10:52 | INFO | Episode 204/250 - Reward: 9.65, Length: 8, Loss: 0.2417
2026-03-17 02:10:53 | INFO | Episode 205/250 - Reward: 9.65, Length: 8, Loss: 0.2185
2026-03-17 02:10:54 | INFO | Episode 206/250 - Reward: 9.65, Length: 8, Loss: 0.1996
2026-03-17 02:10:54 | INFO | Episode 207/250 - Reward: 9.65, Length: 8, Loss: 0.1838
2026-03-17 02:10:55 | INFO | Episode 208/250 - Reward: 9.65, Length: 8, Loss: 0.1704
2026-03-17 02:10:56 | INFO | Episode 209/250 - Reward: 9.65, Length: 8, Loss: 0.1588
2026-03-17 02:10:56 | INFO | Episode 210/250 - Reward: 9.65, Length: 8, Loss: 0.1486
2026-03-17 02:10:57 | INFO | Episode 211/250 - Reward: 9.45, Length: 9, Loss: 0.9574
2026-03-17 02:10:58 | INFO | Episode 212/250 - Reward: 9.45, Length: 9, Loss: 0.8283
2026-03-17 02:10:58 | INFO | Episode 213/250 - Reward: 9.65, Length: 8, Loss: 0.1726
2026-03-17 02:10:59 | INFO | Episode 214/250 - Reward: 9.65, Length: 8, Loss: 0.1600
2026-03-17 02:11:00 | INFO | Episode 215/250 - Reward: 9.65, Length: 8, Loss: 0.1482
2026-03-17 02:11:00 | INFO | Episode 216/250 - Reward: 9.65, Length: 8, Loss: 0.1387
2026-03-17 02:11:01 | INFO | Episode 217/250 - Reward: 9.65, Length: 8, Loss: 0.1299
2026-03-17 02:11:02 | INFO | Episode 218/250 - Reward: 9.65, Length: 8, Loss: 0.1225
2026-03-17 02:11:02 | INFO | Episode 219/250 - Reward: 9.35, Length: 11, Loss: 1.4805
2026-03-17 02:11:03 | INFO | Episode 220/250 - Reward: 8.85, Length: 12, Loss: 0.5259
2026-03-17 02:11:04 | INFO | Episode 221/250 - Reward: 9.65, Length: 8, Loss: 0.1241
2026-03-17 02:11:04 | INFO | Episode 222/250 - Reward: 9.65, Length: 8, Loss: 0.8385
2026-03-17 02:11:05 | INFO | Episode 223/250 - Reward: -8.90, Length: 40, Loss: -0.0664
2026-03-17 02:11:05 | INFO | Episode 224/250 - Reward: 9.65, Length: 8, Loss: 0.1304
2026-03-17 02:11:06 | INFO | Episode 225/250 - Reward: 9.65, Length: 8, Loss: 0.1228
2026-03-17 02:11:06 | INFO | Episode 226/250 - Reward: 9.45, Length: 9, Loss: 0.9903
2026-03-17 02:11:07 | INFO | Episode 227/250 - Reward: 5.55, Length: 30, Loss: 0.5253
2026-03-17 02:11:07 | INFO | Episode 228/250 - Reward: 9.05, Length: 11, Loss: 1.1288
2026-03-17 02:11:08 | INFO | Episode 229/250 - Reward: 9.25, Length: 10, Loss: 0.4893
2026-03-17 02:11:08 | INFO | Episode 230/250 - Reward: 9.45, Length: 9, Loss: 0.5389
2026-03-17 02:11:09 | INFO | Episode 231/250 - Reward: -8.75, Length: 40, Loss: -0.2422
2026-03-17 02:11:09 | INFO | Episode 232/250 - Reward: 9.65, Length: 8, Loss: 0.1625
2026-03-17 02:11:10 | INFO | Episode 233/250 - Reward: 9.65, Length: 8, Loss: 0.1476
2026-03-17 02:11:10 | INFO | Episode 234/250 - Reward: 9.65, Length: 8, Loss: 0.1363
2026-03-17 02:11:11 | INFO | Episode 235/250 - Reward: 9.65, Length: 8, Loss: 0.1268
2026-03-17 02:11:11 | INFO | Episode 236/250 - Reward: 9.65, Length: 8, Loss: 0.1187
2026-03-17 02:11:12 | INFO | Episode 237/250 - Reward: 9.45, Length: 9, Loss: 0.7857
2026-03-17 02:11:12 | INFO | Episode 238/250 - Reward: 9.65, Length: 8, Loss: 0.1168
2026-03-17 02:11:13 | INFO | Episode 239/250 - Reward: 9.45, Length: 9, Loss: 0.5165
2026-03-17 02:11:13 | INFO | Episode 240/250 - Reward: 9.65, Length: 8, Loss: 0.8954
2026-03-17 02:11:14 | INFO | Episode 241/250 - Reward: -8.90, Length: 40, Loss: -0.1214
2026-03-17 02:11:14 | INFO | Episode 242/250 - Reward: -8.90, Length: 40, Loss: -0.0159
2026-03-17 02:11:14 | INFO | Episode 243/250 - Reward: -8.90, Length: 40, Loss: -0.0166
2026-03-17 02:11:14 | INFO | Episode 244/250 - Reward: -8.90, Length: 40, Loss: -0.0175
2026-03-17 02:11:15 | INFO | Episode 245/250 - Reward: -8.45, Length: 40, Loss: -0.1393
2026-03-17 02:11:15 | INFO | Episode 246/250 - Reward: -8.90, Length: 40, Loss: -0.0202
2026-03-17 02:11:16 | INFO | Episode 247/250 - Reward: -8.90, Length: 40, Loss: -0.1505
2026-03-17 02:11:16 | INFO | Episode 248/250 - Reward: -8.75, Length: 40, Loss: 0.0920
2026-03-17 02:11:17 | INFO | Episode 249/250 - Reward: 6.50, Length: 14, Loss: 1.4806
2026-03-17 02:11:18 | INFO | Episode 250/250 - Reward: -8.90, Length: 40, Loss: -0.0221
2026-03-17 02:11:18 | INFO | Episode 250/250 - Avg Reward: 5.37, Avg Length: 15.98, Avg Loss: 0.3194
