2026-03-17 02:29:00 | INFO | ============================================================
2026-03-17 02:29:00 | INFO | DEVICE / COMPUTE INFORMATION
2026-03-17 02:29:00 | INFO |   JAX backend       : GPU
2026-03-17 02:29:00 | INFO |   Platform          : gpu
2026-03-17 02:29:00 | INFO |   Num devices       : 1
2026-03-17 02:29:00 | INFO |   Device            : cuda:0
2026-03-17 02:29:00 | INFO |   GPU name          : NVIDIA GeForce RTX 5060 Laptop GPU
2026-03-17 02:29:00 | INFO | ============================================================
2026-03-17 02:29:00 | INFO | ✓ JAX GPU backend confirmed.
2026-03-17 02:29:00 | INFO | REINFORCE seed=9_gamma=0.9_lr=0.001
2026-03-17 02:29:03 | INFO | Episode 1/250 - Reward: -7.85, Length: 40, Loss: -0.4282
2026-03-17 02:29:03 | INFO | Episode 2/250 - Reward: -4.40, Length: 40, Loss: -0.4331
2026-03-17 02:29:04 | INFO | Episode 3/250 - Reward: -4.40, Length: 40, Loss: -0.4607
2026-03-17 02:29:04 | INFO | Episode 4/250 - Reward: -5.75, Length: 40, Loss: -0.5648
2026-03-17 02:29:05 | INFO | Episode 5/250 - Reward: -4.70, Length: 40, Loss: -0.4499
2026-03-17 02:29:05 | INFO | Episode 6/250 - Reward: -5.75, Length: 40, Loss: -0.5636
2026-03-17 02:29:06 | INFO | Episode 7/250 - Reward: -5.30, Length: 40, Loss: -0.5116
2026-03-17 02:29:06 | INFO | Episode 8/250 - Reward: -5.15, Length: 40, Loss: -0.4208
2026-03-17 02:29:07 | INFO | Episode 9/250 - Reward: -4.85, Length: 40, Loss: -0.5437
2026-03-17 02:29:07 | INFO | Episode 10/250 - Reward: -6.65, Length: 40, Loss: -0.5260
2026-03-17 02:29:08 | INFO | Episode 11/250 - Reward: -5.00, Length: 40, Loss: -0.5827
2026-03-17 02:29:08 | INFO | Episode 12/250 - Reward: -5.30, Length: 40, Loss: -0.5761
2026-03-17 02:29:09 | INFO | Episode 13/250 - Reward: 5.85, Length: 39, Loss: 0.2083
2026-03-17 02:29:09 | INFO | Episode 14/250 - Reward: -4.40, Length: 40, Loss: -0.4617
2026-03-17 02:29:10 | INFO | Episode 15/250 - Reward: -4.70, Length: 40, Loss: -0.5159
2026-03-17 02:29:11 | INFO | Episode 16/250 - Reward: 6.85, Length: 31, Loss: 0.4815
2026-03-17 02:29:11 | INFO | Episode 17/250 - Reward: -6.95, Length: 40, Loss: -0.6297
2026-03-17 02:29:11 | INFO | Episode 18/250 - Reward: -3.95, Length: 40, Loss: -0.5490
2026-03-17 02:29:12 | INFO | Episode 19/250 - Reward: -4.55, Length: 40, Loss: -0.5418
2026-03-17 02:29:13 | INFO | Episode 20/250 - Reward: -5.30, Length: 40, Loss: -0.5578
2026-03-17 02:29:13 | INFO | Episode 21/250 - Reward: -3.95, Length: 40, Loss: -0.5413
2026-03-17 02:29:14 | INFO | Episode 22/250 - Reward: -5.15, Length: 40, Loss: -0.5788
2026-03-17 02:29:14 | INFO | Episode 23/250 - Reward: -4.40, Length: 40, Loss: -0.5261
2026-03-17 02:29:15 | INFO | Episode 24/250 - Reward: -4.40, Length: 40, Loss: -0.5445
2026-03-17 02:29:15 | INFO | Episode 25/250 - Reward: -5.45, Length: 40, Loss: -0.5128
2026-03-17 02:29:16 | INFO | Episode 26/250 - Reward: 3.80, Length: 38, Loss: 0.2212
2026-03-17 02:29:16 | INFO | Episode 27/250 - Reward: -4.40, Length: 40, Loss: -0.4710
2026-03-17 02:29:17 | INFO | Episode 28/250 - Reward: 7.45, Length: 22, Loss: 1.0026
2026-03-17 02:29:17 | INFO | Episode 29/250 - Reward: -4.55, Length: 40, Loss: -0.5212
2026-03-17 02:29:18 | INFO | Episode 30/250 - Reward: -4.25, Length: 40, Loss: -0.5293
2026-03-17 02:29:18 | INFO | Episode 31/250 - Reward: -4.40, Length: 40, Loss: -0.4808
2026-03-17 02:29:19 | INFO | Episode 32/250 - Reward: -4.70, Length: 40, Loss: -0.5540
2026-03-17 02:29:19 | INFO | Episode 33/250 - Reward: -5.90, Length: 40, Loss: -0.5254
2026-03-17 02:29:20 | INFO | Episode 34/250 - Reward: -4.85, Length: 40, Loss: -0.5229
2026-03-17 02:29:20 | INFO | Episode 35/250 - Reward: -4.85, Length: 40, Loss: -0.5753
2026-03-17 02:29:21 | INFO | Episode 36/250 - Reward: -4.85, Length: 40, Loss: -0.5100
2026-03-17 02:29:21 | INFO | Episode 37/250 - Reward: 6.20, Length: 23, Loss: 0.9889
2026-03-17 02:29:22 | INFO | Episode 38/250 - Reward: -5.15, Length: 40, Loss: -0.5738
2026-03-17 02:29:22 | INFO | Episode 39/250 - Reward: -3.95, Length: 40, Loss: -0.5567
2026-03-17 02:29:23 | INFO | Episode 40/250 - Reward: -3.65, Length: 40, Loss: -0.4711
2026-03-17 02:29:23 | INFO | Episode 41/250 - Reward: -5.30, Length: 40, Loss: -0.4538
2026-03-17 02:29:24 | INFO | Episode 42/250 - Reward: -5.45, Length: 40, Loss: -0.5069
2026-03-17 02:29:24 | INFO | Episode 43/250 - Reward: -7.85, Length: 40, Loss: -0.4439
2026-03-17 02:29:25 | INFO | Episode 44/250 - Reward: -5.45, Length: 40, Loss: -0.5860
2026-03-17 02:29:25 | INFO | Episode 45/250 - Reward: -7.40, Length: 40, Loss: -0.5399
2026-03-17 02:29:26 | INFO | Episode 46/250 - Reward: -5.15, Length: 40, Loss: -0.4989
2026-03-17 02:29:26 | INFO | Episode 47/250 - Reward: -4.25, Length: 40, Loss: -0.5671
2026-03-17 02:29:27 | INFO | Episode 48/250 - Reward: -4.85, Length: 40, Loss: -0.5630
2026-03-17 02:29:27 | INFO | Episode 49/250 - Reward: -5.15, Length: 40, Loss: -0.5452
2026-03-17 02:29:28 | INFO | Episode 50/250 - Reward: -3.80, Length: 40, Loss: -0.5316
2026-03-17 02:29:28 | INFO | Episode 50/250 - Avg Reward: -3.97, Avg Length: 39.06, Avg Loss: -0.4129
2026-03-17 02:29:28 | INFO | Episode 51/250 - Reward: -5.45, Length: 40, Loss: -0.5301
2026-03-17 02:29:29 | INFO | Episode 52/250 - Reward: -3.50, Length: 40, Loss: -0.4465
2026-03-17 02:29:29 | INFO | Episode 53/250 - Reward: -3.65, Length: 40, Loss: -0.5865
2026-03-17 02:29:30 | INFO | Episode 54/250 - Reward: -5.30, Length: 40, Loss: -0.5888
2026-03-17 02:29:30 | INFO | Episode 55/250 - Reward: 6.05, Length: 38, Loss: 0.3299
2026-03-17 02:29:31 | INFO | Episode 56/250 - Reward: -4.55, Length: 40, Loss: -0.5638
2026-03-17 02:29:31 | INFO | Episode 57/250 - Reward: -5.75, Length: 40, Loss: -0.4931
2026-03-17 02:29:32 | INFO | Episode 58/250 - Reward: -4.85, Length: 40, Loss: -0.5208
2026-03-17 02:29:31 | INFO | Episode 59/250 - Reward: -6.65, Length: 40, Loss: -0.6164
2026-03-17 02:29:32 | INFO | Episode 60/250 - Reward: -5.00, Length: 40, Loss: -0.5516
2026-03-17 02:29:32 | INFO | Episode 61/250 - Reward: -4.85, Length: 40, Loss: -0.5869
2026-03-17 02:29:33 | INFO | Episode 62/250 - Reward: -4.85, Length: 40, Loss: -0.5315
2026-03-17 02:29:33 | INFO | Episode 63/250 - Reward: -4.25, Length: 40, Loss: -0.5655
2026-03-17 02:29:34 | INFO | Episode 64/250 - Reward: -4.55, Length: 40, Loss: -0.5732
2026-03-17 02:29:34 | INFO | Episode 65/250 - Reward: -4.10, Length: 40, Loss: -0.5333
2026-03-17 02:29:35 | INFO | Episode 66/250 - Reward: -5.60, Length: 40, Loss: -0.4813
2026-03-17 02:29:35 | INFO | Episode 67/250 - Reward: -3.35, Length: 40, Loss: -0.5700
2026-03-17 02:29:36 | INFO | Episode 68/250 - Reward: -5.75, Length: 40, Loss: -0.5780
2026-03-17 02:29:36 | INFO | Episode 69/250 - Reward: -8.60, Length: 40, Loss: -0.5249
2026-03-17 02:29:37 | INFO | Episode 70/250 - Reward: -6.35, Length: 40, Loss: -0.4474
2026-03-17 02:29:38 | INFO | Episode 71/250 - Reward: -5.75, Length: 40, Loss: -0.5614
2026-03-17 02:29:38 | INFO | Episode 72/250 - Reward: 8.95, Length: 13, Loss: 2.3243
2026-03-17 02:29:39 | INFO | Episode 73/250 - Reward: -4.40, Length: 40, Loss: -0.5126
2026-03-17 02:29:40 | INFO | Episode 74/250 - Reward: -4.25, Length: 40, Loss: -0.5197
2026-03-17 02:29:40 | INFO | Episode 75/250 - Reward: -5.15, Length: 40, Loss: -0.5242
2026-03-17 02:29:41 | INFO | Episode 76/250 - Reward: -3.95, Length: 40, Loss: -0.4468
2026-03-17 02:29:42 | INFO | Episode 77/250 - Reward: -5.30, Length: 40, Loss: -0.5640
2026-03-17 02:29:42 | INFO | Episode 78/250 - Reward: -4.25, Length: 40, Loss: -0.5023
2026-03-17 02:29:43 | INFO | Episode 79/250 - Reward: -5.60, Length: 40, Loss: -0.5567
2026-03-17 02:29:44 | INFO | Episode 80/250 - Reward: -3.50, Length: 40, Loss: -0.5509
2026-03-17 02:29:44 | INFO | Episode 81/250 - Reward: -4.25, Length: 40, Loss: -0.5964
2026-03-17 02:29:45 | INFO | Episode 82/250 - Reward: -5.75, Length: 40, Loss: -0.4952
2026-03-17 02:29:46 | INFO | Episode 83/250 - Reward: -4.25, Length: 40, Loss: -0.5089
2026-03-17 02:29:46 | INFO | Episode 84/250 - Reward: -4.85, Length: 40, Loss: -0.5600
2026-03-17 02:29:47 | INFO | Episode 85/250 - Reward: 6.65, Length: 35, Loss: 0.4130
2026-03-17 02:29:48 | INFO | Episode 86/250 - Reward: -4.10, Length: 40, Loss: -0.5872
2026-03-17 02:29:48 | INFO | Episode 87/250 - Reward: -5.00, Length: 40, Loss: -0.5778
2026-03-17 02:29:49 | INFO | Episode 88/250 - Reward: -4.85, Length: 40, Loss: -0.6005
2026-03-17 02:29:50 | INFO | Episode 89/250 - Reward: -5.60, Length: 40, Loss: -0.5250
2026-03-17 02:29:50 | INFO | Episode 90/250 - Reward: -5.00, Length: 40, Loss: -0.5836
2026-03-17 02:29:51 | INFO | Episode 91/250 - Reward: -5.15, Length: 40, Loss: -0.5125
2026-03-17 02:29:51 | INFO | Episode 92/250 - Reward: -5.00, Length: 40, Loss: -0.5217
2026-03-17 02:29:52 | INFO | Episode 93/250 - Reward: -11.00, Length: 40, Loss: -0.5162
2026-03-17 02:29:53 | INFO | Episode 94/250 - Reward: -4.55, Length: 40, Loss: -0.5348
2026-03-17 02:29:53 | INFO | Episode 95/250 - Reward: -5.45, Length: 40, Loss: -0.5888
2026-03-17 02:29:54 | INFO | Episode 96/250 - Reward: -5.00, Length: 40, Loss: -0.6051
2026-03-17 02:29:55 | INFO | Episode 97/250 - Reward: -5.45, Length: 40, Loss: -0.5502
2026-03-17 02:29:55 | INFO | Episode 98/250 - Reward: -4.55, Length: 40, Loss: -0.5194
2026-03-17 02:29:56 | INFO | Episode 99/250 - Reward: -3.80, Length: 40, Loss: -0.5198
2026-03-17 02:29:57 | INFO | Episode 100/250 - Reward: -5.60, Length: 40, Loss: -0.5576
2026-03-17 02:29:57 | INFO | Episode 100/250 - Avg Reward: -4.33, Avg Length: 39.32, Avg Loss: -0.4484
2026-03-17 02:29:57 | INFO | Episode 101/250 - Reward: -4.10, Length: 40, Loss: -0.6042
2026-03-17 02:29:58 | INFO | Episode 102/250 - Reward: -6.05, Length: 40, Loss: -0.5671
2026-03-17 02:29:59 | INFO | Episode 103/250 - Reward: -4.55, Length: 40, Loss: -0.5780
2026-03-17 02:29:59 | INFO | Episode 104/250 - Reward: -6.05, Length: 40, Loss: -0.4932
2026-03-17 02:30:00 | INFO | Episode 105/250 - Reward: -3.95, Length: 40, Loss: -0.5525
2026-03-17 02:30:01 | INFO | Episode 106/250 - Reward: -4.85, Length: 40, Loss: -0.5921
2026-03-17 02:30:01 | INFO | Episode 107/250 - Reward: -5.15, Length: 40, Loss: -0.5261
2026-03-17 02:30:02 | INFO | Episode 108/250 - Reward: -5.30, Length: 40, Loss: -0.5613
2026-03-17 02:30:02 | INFO | Episode 109/250 - Reward: -4.55, Length: 40, Loss: -0.5799
2026-03-17 02:30:03 | INFO | Episode 110/250 - Reward: -4.70, Length: 40, Loss: -0.5054
2026-03-17 02:30:03 | INFO | Episode 111/250 - Reward: -4.10, Length: 40, Loss: -0.4994
2026-03-17 02:30:04 | INFO | Episode 112/250 - Reward: -4.40, Length: 40, Loss: -0.4574
2026-03-17 02:30:04 | INFO | Episode 113/250 - Reward: -6.05, Length: 40, Loss: -0.4897
2026-03-17 02:30:05 | INFO | Episode 114/250 - Reward: -3.95, Length: 40, Loss: -0.5079
2026-03-17 02:30:06 | INFO | Episode 115/250 - Reward: -5.60, Length: 40, Loss: -0.5387
2026-03-17 02:30:06 | INFO | Episode 116/250 - Reward: -5.30, Length: 40, Loss: -0.5346
2026-03-17 02:30:07 | INFO | Episode 117/250 - Reward: 6.35, Length: 32, Loss: 0.5368
2026-03-17 02:30:08 | INFO | Episode 118/250 - Reward: -4.85, Length: 40, Loss: -0.5041
2026-03-17 02:30:08 | INFO | Episode 119/250 - Reward: -4.40, Length: 40, Loss: -0.4995
2026-03-17 02:30:09 | INFO | Episode 120/250 - Reward: -6.80, Length: 40, Loss: -0.4120
2026-03-17 02:30:10 | INFO | Episode 121/250 - Reward: -4.25, Length: 40, Loss: -0.4600
2026-03-17 02:30:10 | INFO | Episode 122/250 - Reward: 5.60, Length: 23, Loss: 0.8525
2026-03-17 02:30:11 | INFO | Episode 123/250 - Reward: -4.40, Length: 40, Loss: -0.5339
2026-03-17 02:30:12 | INFO | Episode 124/250 - Reward: -4.40, Length: 40, Loss: -0.5514
2026-03-17 02:30:12 | INFO | Episode 125/250 - Reward: -4.40, Length: 40, Loss: -0.5343
2026-03-17 02:30:13 | INFO | Episode 126/250 - Reward: -5.15, Length: 40, Loss: -0.4750
2026-03-17 02:30:14 | INFO | Episode 127/250 - Reward: -4.55, Length: 40, Loss: -0.5910
2026-03-17 02:30:14 | INFO | Episode 128/250 - Reward: -4.40, Length: 40, Loss: -0.4858
2026-03-17 02:30:15 | INFO | Episode 129/250 - Reward: -4.25, Length: 40, Loss: -0.5122
2026-03-17 02:30:16 | INFO | Episode 130/250 - Reward: -9.05, Length: 40, Loss: -0.4239
2026-03-17 02:30:16 | INFO | Episode 131/250 - Reward: -5.15, Length: 40, Loss: -0.4900
2026-03-17 02:30:17 | INFO | Episode 132/250 - Reward: 6.55, Length: 31, Loss: 0.5480
2026-03-17 02:30:18 | INFO | Episode 133/250 - Reward: -5.15, Length: 40, Loss: -0.5943
2026-03-17 02:30:18 | INFO | Episode 134/250 - Reward: -5.00, Length: 40, Loss: -0.5264
2026-03-17 02:30:19 | INFO | Episode 135/250 - Reward: 5.10, Length: 33, Loss: 0.3938
2026-03-17 02:30:19 | INFO | Episode 136/250 - Reward: -4.70, Length: 40, Loss: -0.5676
2026-03-17 02:30:20 | INFO | Episode 137/250 - Reward: -4.40, Length: 40, Loss: -0.5035
2026-03-17 02:30:21 | INFO | Episode 138/250 - Reward: -5.30, Length: 40, Loss: -0.5767
2026-03-17 02:30:21 | INFO | Episode 139/250 - Reward: -4.70, Length: 40, Loss: -0.5421
2026-03-17 02:30:22 | INFO | Episode 140/250 - Reward: 4.10, Length: 38, Loss: 0.2191
2026-03-17 02:30:23 | INFO | Episode 141/250 - Reward: -5.00, Length: 40, Loss: -0.5849
2026-03-17 02:30:23 | INFO | Episode 142/250 - Reward: -11.30, Length: 40, Loss: -0.3801
2026-03-17 02:30:24 | INFO | Episode 143/250 - Reward: -5.75, Length: 40, Loss: -0.5107
2026-03-17 02:30:25 | INFO | Episode 144/250 - Reward: -3.80, Length: 40, Loss: -0.5079
2026-03-17 02:30:25 | INFO | Episode 145/250 - Reward: -13.70, Length: 40, Loss: -0.4948
2026-03-17 02:30:26 | INFO | Episode 146/250 - Reward: -4.10, Length: 40, Loss: -0.4629
2026-03-17 02:30:27 | INFO | Episode 147/250 - Reward: -4.85, Length: 40, Loss: -0.5382
2026-03-17 02:30:27 | INFO | Episode 148/250 - Reward: 1.55, Length: 38, Loss: 0.1031
2026-03-17 02:30:28 | INFO | Episode 149/250 - Reward: -5.00, Length: 40, Loss: -0.5314
2026-03-17 02:30:29 | INFO | Episode 150/250 - Reward: -13.40, Length: 40, Loss: -0.4671
2026-03-17 02:30:29 | INFO | Episode 150/250 - Avg Reward: -4.23, Avg Length: 39.10, Avg Loss: -0.4039
2026-03-17 02:30:29 | INFO | Episode 151/250 - Reward: -5.30, Length: 40, Loss: -0.5038
2026-03-17 02:30:30 | INFO | Episode 152/250 - Reward: -4.85, Length: 40, Loss: -0.5962
2026-03-17 02:30:30 | INFO | Episode 153/250 - Reward: -5.15, Length: 40, Loss: -0.5619
2026-03-17 02:30:31 | INFO | Episode 154/250 - Reward: -4.85, Length: 40, Loss: -0.4004
2026-03-17 02:30:32 | INFO | Episode 155/250 - Reward: -4.85, Length: 40, Loss: -0.4903
2026-03-17 02:30:32 | INFO | Episode 156/250 - Reward: -4.10, Length: 40, Loss: -0.5325
2026-03-17 02:30:33 | INFO | Episode 157/250 - Reward: -4.40, Length: 40, Loss: -0.5537
2026-03-17 02:30:34 | INFO | Episode 158/250 - Reward: -4.55, Length: 40, Loss: -0.5165
2026-03-17 02:30:34 | INFO | Episode 159/250 - Reward: -5.00, Length: 40, Loss: -0.5282
2026-03-17 02:30:35 | INFO | Episode 160/250 - Reward: -4.70, Length: 40, Loss: -0.5584
2026-03-17 02:30:35 | INFO | Episode 161/250 - Reward: -5.75, Length: 40, Loss: -0.5569
2026-03-17 02:30:35 | INFO | Episode 162/250 - Reward: -8.15, Length: 40, Loss: -0.5075
2026-03-17 02:30:36 | INFO | Episode 163/250 - Reward: 4.45, Length: 40, Loss: 0.1209
2026-03-17 02:30:37 | INFO | Episode 164/250 - Reward: -4.85, Length: 40, Loss: -0.5234
2026-03-17 02:30:37 | INFO | Episode 165/250 - Reward: -6.95, Length: 40, Loss: -0.5933
2026-03-17 02:30:38 | INFO | Episode 166/250 - Reward: -5.00, Length: 40, Loss: -0.5459
2026-03-17 02:30:39 | INFO | Episode 167/250 - Reward: -4.70, Length: 40, Loss: -0.5713
2026-03-17 02:30:39 | INFO | Episode 168/250 - Reward: -3.80, Length: 40, Loss: -0.5580
2026-03-17 02:30:40 | INFO | Episode 169/250 - Reward: -5.45, Length: 40, Loss: -0.4705
2026-03-17 02:30:41 | INFO | Episode 170/250 - Reward: -4.55, Length: 40, Loss: -0.4841
2026-03-17 02:30:41 | INFO | Episode 171/250 - Reward: -4.70, Length: 40, Loss: -0.5458
2026-03-17 02:30:42 | INFO | Episode 172/250 - Reward: -4.85, Length: 40, Loss: -0.5627
2026-03-17 02:30:43 | INFO | Episode 173/250 - Reward: -4.10, Length: 40, Loss: -0.4887
2026-03-17 02:30:43 | INFO | Episode 174/250 - Reward: -5.00, Length: 40, Loss: -0.5325
2026-03-17 02:30:44 | INFO | Episode 175/250 - Reward: -4.70, Length: 40, Loss: -0.5781
2026-03-17 02:30:45 | INFO | Episode 176/250 - Reward: -5.15, Length: 40, Loss: -0.6069
2026-03-17 02:30:45 | INFO | Episode 177/250 - Reward: -5.30, Length: 40, Loss: -0.5496
2026-03-17 02:30:46 | INFO | Episode 178/250 - Reward: -5.30, Length: 40, Loss: -0.5369
2026-03-17 02:30:46 | INFO | Episode 179/250 - Reward: -4.85, Length: 40, Loss: -0.5035
2026-03-17 02:30:47 | INFO | Episode 180/250 - Reward: -4.85, Length: 40, Loss: -0.4538
2026-03-17 02:30:48 | INFO | Episode 181/250 - Reward: -3.95, Length: 40, Loss: -0.4799
2026-03-17 02:30:48 | INFO | Episode 182/250 - Reward: -4.55, Length: 40, Loss: -0.5107
2026-03-17 02:30:49 | INFO | Episode 183/250 - Reward: -4.55, Length: 40, Loss: -0.5674
2026-03-17 02:30:50 | INFO | Episode 184/250 - Reward: -4.25, Length: 40, Loss: -0.5535
2026-03-17 02:30:50 | INFO | Episode 185/250 - Reward: -4.70, Length: 40, Loss: -0.5728
2026-03-17 02:30:51 | INFO | Episode 186/250 - Reward: -5.90, Length: 40, Loss: -0.5183
2026-03-17 02:30:52 | INFO | Episode 187/250 - Reward: -3.95, Length: 40, Loss: -0.5536
2026-03-17 02:30:52 | INFO | Episode 188/250 - Reward: -5.30, Length: 40, Loss: -0.5146
2026-03-17 02:30:53 | INFO | Episode 189/250 - Reward: -4.40, Length: 40, Loss: -0.5019
2026-03-17 02:30:54 | INFO | Episode 190/250 - Reward: -4.85, Length: 40, Loss: -0.5546
2026-03-17 02:30:54 | INFO | Episode 191/250 - Reward: -4.85, Length: 40, Loss: -0.5190
2026-03-17 02:30:55 | INFO | Episode 192/250 - Reward: -4.85, Length: 40, Loss: -0.5264
2026-03-17 02:30:56 | INFO | Episode 193/250 - Reward: -5.30, Length: 40, Loss: -0.5585
2026-03-17 02:30:56 | INFO | Episode 194/250 - Reward: -3.65, Length: 40, Loss: -0.4705
2026-03-17 02:30:57 | INFO | Episode 195/250 - Reward: -4.70, Length: 40, Loss: -0.6201
2026-03-17 02:30:58 | INFO | Episode 196/250 - Reward: -6.50, Length: 40, Loss: -0.6263
2026-03-17 02:30:58 | INFO | Episode 197/250 - Reward: -5.60, Length: 40, Loss: -0.5482
2026-03-17 02:30:59 | INFO | Episode 198/250 - Reward: -5.00, Length: 40, Loss: -0.4641
2026-03-17 02:31:00 | INFO | Episode 199/250 - Reward: -4.70, Length: 40, Loss: -0.5345
2026-03-17 02:31:00 | INFO | Episode 200/250 - Reward: -3.95, Length: 40, Loss: -0.5195
2026-03-17 02:31:00 | INFO | Episode 200/250 - Avg Reward: -4.74, Avg Length: 40.00, Avg Loss: -0.5201
2026-03-17 02:31:01 | INFO | Episode 201/250 - Reward: -5.00, Length: 40, Loss: -0.5749
2026-03-17 02:31:02 | INFO | Episode 202/250 - Reward: 8.75, Length: 14, Loss: 2.1540
2026-03-17 02:31:02 | INFO | Episode 203/250 - Reward: -3.65, Length: 40, Loss: -0.5446
2026-03-17 02:31:03 | INFO | Episode 204/250 - Reward: -5.00, Length: 40, Loss: -0.5131
2026-03-17 02:31:04 | INFO | Episode 205/250 - Reward: 5.30, Length: 29, Loss: 0.5421
2026-03-17 02:31:04 | INFO | Episode 206/250 - Reward: -5.75, Length: 40, Loss: -0.5395
2026-03-17 02:31:05 | INFO | Episode 207/250 - Reward: -5.45, Length: 40, Loss: -0.5370
2026-03-17 02:31:06 | INFO | Episode 208/250 - Reward: -4.85, Length: 40, Loss: -0.5840
2026-03-17 02:31:06 | INFO | Episode 209/250 - Reward: -4.70, Length: 40, Loss: -0.5999
2026-03-17 02:31:06 | INFO | Episode 210/250 - Reward: -3.95, Length: 40, Loss: -0.5290
2026-03-17 02:31:07 | INFO | Episode 211/250 - Reward: -5.15, Length: 40, Loss: -0.5739
2026-03-17 02:31:07 | INFO | Episode 212/250 - Reward: 4.90, Length: 28, Loss: 0.6338
2026-03-17 02:31:08 | INFO | Episode 213/250 - Reward: -5.60, Length: 40, Loss: -0.5892
2026-03-17 02:31:09 | INFO | Episode 214/250 - Reward: 8.95, Length: 13, Loss: 2.0609
2026-03-17 02:31:10 | INFO | Episode 215/250 - Reward: -4.70, Length: 40, Loss: -0.5395
2026-03-17 02:31:10 | INFO | Episode 216/250 - Reward: -5.45, Length: 40, Loss: -0.5930
2026-03-17 02:31:11 | INFO | Episode 217/250 - Reward: 2.85, Length: 39, Loss: 0.1283
2026-03-17 02:31:12 | INFO | Episode 218/250 - Reward: -6.20, Length: 40, Loss: -0.5740
2026-03-17 02:31:12 | INFO | Episode 219/250 - Reward: -4.40, Length: 40, Loss: -0.5167
2026-03-17 02:31:13 | INFO | Episode 220/250 - Reward: 2.25, Length: 39, Loss: 0.1550
2026-03-17 02:31:13 | INFO | Episode 221/250 - Reward: -5.75, Length: 40, Loss: -0.3939
2026-03-17 02:31:14 | INFO | Episode 222/250 - Reward: -5.60, Length: 40, Loss: -0.5155
2026-03-17 02:31:14 | INFO | Episode 223/250 - Reward: -4.70, Length: 40, Loss: -0.6097
2026-03-17 02:31:15 | INFO | Episode 224/250 - Reward: -3.95, Length: 40, Loss: -0.5453
2026-03-17 02:31:15 | INFO | Episode 225/250 - Reward: -4.25, Length: 40, Loss: -0.5879
2026-03-17 02:31:16 | INFO | Episode 226/250 - Reward: -4.85, Length: 40, Loss: -0.6158
2026-03-17 02:31:16 | INFO | Episode 227/250 - Reward: -3.80, Length: 40, Loss: -0.5185
2026-03-17 02:31:17 | INFO | Episode 228/250 - Reward: -8.00, Length: 40, Loss: -0.4793
2026-03-17 02:31:17 | INFO | Episode 229/250 - Reward: -5.30, Length: 40, Loss: -0.5074
2026-03-17 02:31:18 | INFO | Episode 230/250 - Reward: -5.45, Length: 40, Loss: -0.5661
2026-03-17 02:31:18 | INFO | Episode 231/250 - Reward: -3.80, Length: 40, Loss: -0.5161
2026-03-17 02:31:19 | INFO | Episode 232/250 - Reward: 4.50, Length: 33, Loss: 0.3522
2026-03-17 02:31:19 | INFO | Episode 233/250 - Reward: -6.65, Length: 40, Loss: -0.6588
2026-03-17 02:31:20 | INFO | Episode 234/250 - Reward: -5.00, Length: 40, Loss: -0.4515
2026-03-17 02:31:20 | INFO | Episode 235/250 - Reward: -9.35, Length: 40, Loss: -0.3395
2026-03-17 02:31:21 | INFO | Episode 236/250 - Reward: -4.85, Length: 40, Loss: -0.5445
2026-03-17 02:31:21 | INFO | Episode 237/250 - Reward: 3.50, Length: 38, Loss: 0.1268
2026-03-17 02:31:22 | INFO | Episode 238/250 - Reward: -5.45, Length: 40, Loss: -0.5911
2026-03-17 02:31:22 | INFO | Episode 239/250 - Reward: -5.15, Length: 40, Loss: -0.5636
2026-03-17 02:31:23 | INFO | Episode 240/250 - Reward: -9.65, Length: 40, Loss: -0.3810
2026-03-17 02:31:23 | INFO | Episode 241/250 - Reward: -5.15, Length: 40, Loss: -0.5384
2026-03-17 02:31:24 | INFO | Episode 242/250 - Reward: -4.70, Length: 40, Loss: -0.5077
2026-03-17 02:31:24 | INFO | Episode 243/250 - Reward: -5.60, Length: 40, Loss: -0.5678
2026-03-17 02:31:25 | INFO | Episode 244/250 - Reward: -6.05, Length: 40, Loss: -0.4620
2026-03-17 02:31:25 | INFO | Episode 245/250 - Reward: 6.10, Length: 19, Loss: 1.2975
2026-03-17 02:31:26 | INFO | Episode 246/250 - Reward: -5.45, Length: 40, Loss: -0.5322
2026-03-17 02:31:26 | INFO | Episode 247/250 - Reward: -4.85, Length: 40, Loss: -0.6157
2026-03-17 02:31:27 | INFO | Episode 248/250 - Reward: -5.00, Length: 40, Loss: -0.4484
2026-03-17 02:31:27 | INFO | Episode 249/250 - Reward: -4.25, Length: 40, Loss: -0.4941
2026-03-17 02:31:28 | INFO | Episode 250/250 - Reward: -4.10, Length: 40, Loss: -0.5740
2026-03-17 02:31:28 | INFO | Episode 250/250 - Avg Reward: -3.39, Avg Length: 37.84, Avg Loss: -0.2897
