2026-03-17 02:34:08 | INFO | ============================================================
2026-03-17 02:34:08 | INFO | DEVICE / COMPUTE INFORMATION
2026-03-17 02:34:08 | INFO |   JAX backend       : GPU
2026-03-17 02:34:08 | INFO |   Platform          : gpu
2026-03-17 02:34:08 | INFO |   Num devices       : 1
2026-03-17 02:34:08 | INFO |   Device            : cuda:0
2026-03-17 02:34:08 | INFO |   GPU name          : NVIDIA GeForce RTX 5060 Laptop GPU
2026-03-17 02:34:08 | INFO | ============================================================
2026-03-17 02:34:08 | INFO | ✓ JAX GPU backend confirmed.
2026-03-17 02:34:09 | INFO | REINFORCE seed=9_gamma=0.99_lr=0.01
2026-03-17 02:34:12 | INFO | Episode 1/250 - Reward: -7.85, Length: 40, Loss: -0.4280
2026-03-17 02:34:13 | INFO | Episode 2/250 - Reward: -4.40, Length: 40, Loss: -0.3597
2026-03-17 02:34:13 | INFO | Episode 3/250 - Reward: -4.40, Length: 40, Loss: -0.3769
2026-03-17 02:34:14 | INFO | Episode 4/250 - Reward: -5.75, Length: 40, Loss: -0.4614
2026-03-17 02:34:14 | INFO | Episode 5/250 - Reward: 3.60, Length: 36, Loss: 0.6807
2026-03-17 02:34:14 | INFO | Episode 6/250 - Reward: -5.75, Length: 40, Loss: -0.4452
2026-03-17 02:34:14 | INFO | Episode 7/250 - Reward: -5.00, Length: 40, Loss: -0.3798
2026-03-17 02:34:15 | INFO | Episode 8/250 - Reward: -5.15, Length: 40, Loss: -0.3856
2026-03-17 02:34:15 | INFO | Episode 9/250 - Reward: -4.85, Length: 40, Loss: -0.4859
2026-03-17 02:34:16 | INFO | Episode 10/250 - Reward: -6.95, Length: 40, Loss: -0.4867
2026-03-17 02:34:16 | INFO | Episode 11/250 - Reward: -5.00, Length: 40, Loss: -0.4411
2026-03-17 02:34:17 | INFO | Episode 12/250 - Reward: -5.30, Length: 40, Loss: -0.4566
2026-03-17 02:34:17 | INFO | Episode 13/250 - Reward: 5.85, Length: 39, Loss: 0.6275
2026-03-17 02:34:18 | INFO | Episode 14/250 - Reward: -4.40, Length: 40, Loss: -0.3912
2026-03-17 02:34:18 | INFO | Episode 15/250 - Reward: -4.70, Length: 40, Loss: -0.4089
2026-03-17 02:34:19 | INFO | Episode 16/250 - Reward: -6.05, Length: 40, Loss: -0.5419
2026-03-17 02:34:19 | INFO | Episode 17/250 - Reward: -6.65, Length: 40, Loss: -0.5698
2026-03-17 02:34:20 | INFO | Episode 18/250 - Reward: -3.95, Length: 40, Loss: -0.4640
2026-03-17 02:34:20 | INFO | Episode 19/250 - Reward: -4.55, Length: 40, Loss: -0.4517
2026-03-17 02:34:21 | INFO | Episode 20/250 - Reward: -5.30, Length: 40, Loss: -0.4523
2026-03-17 02:34:21 | INFO | Episode 21/250 - Reward: -3.95, Length: 40, Loss: -0.4467
2026-03-17 02:34:22 | INFO | Episode 22/250 - Reward: -4.85, Length: 40, Loss: -0.4680
2026-03-17 02:34:22 | INFO | Episode 23/250 - Reward: -4.40, Length: 40, Loss: -0.4069
2026-03-17 02:34:23 | INFO | Episode 24/250 - Reward: -4.40, Length: 40, Loss: -0.4441
2026-03-17 02:34:23 | INFO | Episode 25/250 - Reward: -5.45, Length: 40, Loss: -0.4133
2026-03-17 02:34:24 | INFO | Episode 26/250 - Reward: 6.05, Length: 35, Loss: 0.8191
2026-03-17 02:34:24 | INFO | Episode 27/250 - Reward: -4.40, Length: 40, Loss: -0.3987
2026-03-17 02:34:25 | INFO | Episode 28/250 - Reward: 7.45, Length: 22, Loss: 1.5165
2026-03-17 02:34:25 | INFO | Episode 29/250 - Reward: -4.40, Length: 40, Loss: -0.4232
2026-03-17 02:34:26 | INFO | Episode 30/250 - Reward: -4.25, Length: 40, Loss: -0.4231
2026-03-17 02:34:26 | INFO | Episode 31/250 - Reward: -4.25, Length: 40, Loss: -0.4419
2026-03-17 02:34:26 | INFO | Episode 32/250 - Reward: -4.70, Length: 40, Loss: -0.4420
2026-03-17 02:34:27 | INFO | Episode 33/250 - Reward: -6.20, Length: 40, Loss: -0.4714
2026-03-17 02:34:27 | INFO | Episode 34/250 - Reward: -4.10, Length: 40, Loss: -0.4373
2026-03-17 02:34:28 | INFO | Episode 35/250 - Reward: -4.85, Length: 40, Loss: -0.4590
2026-03-17 02:34:28 | INFO | Episode 36/250 - Reward: -4.85, Length: 40, Loss: -0.4147
2026-03-17 02:34:29 | INFO | Episode 37/250 - Reward: 6.20, Length: 23, Loss: 1.4863
2026-03-17 02:34:29 | INFO | Episode 38/250 - Reward: -5.15, Length: 40, Loss: -0.4773
2026-03-17 02:34:30 | INFO | Episode 39/250 - Reward: -3.95, Length: 40, Loss: -0.4547
2026-03-17 02:34:30 | INFO | Episode 40/250 - Reward: -4.85, Length: 40, Loss: -0.4866
2026-03-17 02:34:31 | INFO | Episode 41/250 - Reward: -5.15, Length: 40, Loss: -0.3613
2026-03-17 02:34:31 | INFO | Episode 42/250 - Reward: -5.30, Length: 40, Loss: -0.4153
2026-03-17 02:34:32 | INFO | Episode 43/250 - Reward: -7.85, Length: 40, Loss: -0.4305
2026-03-17 02:34:32 | INFO | Episode 44/250 - Reward: -5.45, Length: 40, Loss: -0.4637
2026-03-17 02:34:33 | INFO | Episode 45/250 - Reward: -7.40, Length: 40, Loss: -0.5066
2026-03-17 02:34:33 | INFO | Episode 46/250 - Reward: -5.15, Length: 40, Loss: -0.4040
2026-03-17 02:34:34 | INFO | Episode 47/250 - Reward: -5.60, Length: 40, Loss: -0.4467
2026-03-17 02:34:34 | INFO | Episode 48/250 - Reward: -4.25, Length: 40, Loss: -0.4569
2026-03-17 02:34:35 | INFO | Episode 49/250 - Reward: -10.10, Length: 40, Loss: -0.4610
2026-03-17 02:34:35 | INFO | Episode 50/250 - Reward: -3.95, Length: 40, Loss: -0.4707
2026-03-17 02:34:36 | INFO | Episode 50/250 - Avg Reward: -4.12, Avg Length: 39.10, Avg Loss: -0.2956
2026-03-17 02:34:36 | INFO | Episode 51/250 - Reward: -5.30, Length: 40, Loss: -0.4088
2026-03-17 02:34:37 | INFO | Episode 52/250 - Reward: -3.50, Length: 40, Loss: -0.3825
2026-03-17 02:34:37 | INFO | Episode 53/250 - Reward: -3.65, Length: 40, Loss: -0.4640
2026-03-17 02:34:38 | INFO | Episode 54/250 - Reward: -5.30, Length: 40, Loss: -0.4704
2026-03-17 02:34:38 | INFO | Episode 55/250 - Reward: 6.05, Length: 38, Loss: 0.7071
2026-03-17 02:34:39 | INFO | Episode 56/250 - Reward: -3.95, Length: 40, Loss: -0.4131
2026-03-17 02:34:39 | INFO | Episode 57/250 - Reward: -5.75, Length: 40, Loss: -0.3701
2026-03-17 02:34:40 | INFO | Episode 58/250 - Reward: -4.85, Length: 40, Loss: -0.4587
2026-03-17 02:34:40 | INFO | Episode 59/250 - Reward: -6.65, Length: 40, Loss: -0.4989
2026-03-17 02:34:41 | INFO | Episode 60/250 - Reward: -5.00, Length: 40, Loss: -0.4171
2026-03-17 02:34:41 | INFO | Episode 61/250 - Reward: -4.85, Length: 40, Loss: -0.4690
2026-03-17 02:34:42 | INFO | Episode 62/250 - Reward: -4.55, Length: 40, Loss: -0.4368
2026-03-17 02:34:42 | INFO | Episode 63/250 - Reward: -4.25, Length: 40, Loss: -0.4473
2026-03-17 02:34:42 | INFO | Episode 64/250 - Reward: -4.10, Length: 40, Loss: -0.4548
2026-03-17 02:34:43 | INFO | Episode 65/250 - Reward: -4.10, Length: 40, Loss: -0.4400
2026-03-17 02:34:43 | INFO | Episode 66/250 - Reward: 7.15, Length: 31, Loss: 1.0334
2026-03-17 02:34:44 | INFO | Episode 67/250 - Reward: -3.35, Length: 40, Loss: -0.4486
2026-03-17 02:34:44 | INFO | Episode 68/250 - Reward: -5.75, Length: 40, Loss: -0.4497
2026-03-17 02:34:45 | INFO | Episode 69/250 - Reward: -8.60, Length: 40, Loss: -0.4735
2026-03-17 02:34:45 | INFO | Episode 70/250 - Reward: -6.35, Length: 40, Loss: -0.4086
2026-03-17 02:34:46 | INFO | Episode 71/250 - Reward: -4.70, Length: 40, Loss: -0.3608
2026-03-17 02:34:46 | INFO | Episode 72/250 - Reward: 8.95, Length: 13, Loss: 2.4284
2026-03-17 02:34:46 | INFO | Episode 73/250 - Reward: -4.40, Length: 40, Loss: -0.4038
2026-03-17 02:34:47 | INFO | Episode 74/250 - Reward: -3.65, Length: 40, Loss: -0.3837
2026-03-17 02:34:47 | INFO | Episode 75/250 - Reward: -4.85, Length: 40, Loss: -0.4278
2026-03-17 02:34:47 | INFO | Episode 76/250 - Reward: -5.15, Length: 40, Loss: -0.4318
2026-03-17 02:34:48 | INFO | Episode 77/250 - Reward: -5.30, Length: 40, Loss: -0.4421
2026-03-17 02:34:48 | INFO | Episode 78/250 - Reward: -4.25, Length: 40, Loss: -0.4449
2026-03-17 02:34:49 | INFO | Episode 79/250 - Reward: -5.75, Length: 40, Loss: -0.4595
2026-03-17 02:34:49 | INFO | Episode 80/250 - Reward: -3.80, Length: 40, Loss: -0.3909
2026-03-17 02:34:50 | INFO | Episode 81/250 - Reward: -6.95, Length: 40, Loss: -0.5537
2026-03-17 02:34:51 | INFO | Episode 82/250 - Reward: -5.45, Length: 40, Loss: -0.3967
2026-03-17 02:34:51 | INFO | Episode 83/250 - Reward: -3.95, Length: 40, Loss: -0.3945
2026-03-17 02:34:52 | INFO | Episode 84/250 - Reward: -4.55, Length: 40, Loss: -0.4530
2026-03-17 02:34:53 | INFO | Episode 85/250 - Reward: 6.55, Length: 34, Loss: 0.8998
2026-03-17 02:34:53 | INFO | Episode 86/250 - Reward: -4.10, Length: 40, Loss: -0.4382
2026-03-17 02:34:54 | INFO | Episode 87/250 - Reward: -4.70, Length: 40, Loss: -0.4454
2026-03-17 02:34:55 | INFO | Episode 88/250 - Reward: -5.15, Length: 40, Loss: -0.4877
2026-03-17 02:34:55 | INFO | Episode 89/250 - Reward: -6.65, Length: 40, Loss: -0.5049
2026-03-17 02:34:56 | INFO | Episode 90/250 - Reward: -4.70, Length: 40, Loss: -0.4374
2026-03-17 02:34:57 | INFO | Episode 91/250 - Reward: -6.05, Length: 40, Loss: -0.4583
2026-03-17 02:34:57 | INFO | Episode 92/250 - Reward: -5.00, Length: 40, Loss: -0.4147
2026-03-17 02:34:58 | INFO | Episode 93/250 - Reward: -11.00, Length: 40, Loss: -0.6296
2026-03-17 02:34:59 | INFO | Episode 94/250 - Reward: -4.40, Length: 40, Loss: -0.4641
2026-03-17 02:34:59 | INFO | Episode 95/250 - Reward: -5.45, Length: 40, Loss: -0.4974
2026-03-17 02:35:00 | INFO | Episode 96/250 - Reward: -5.00, Length: 40, Loss: -0.4927
2026-03-17 02:35:00 | INFO | Episode 97/250 - Reward: -5.45, Length: 40, Loss: -0.4154
2026-03-17 02:35:01 | INFO | Episode 98/250 - Reward: -4.55, Length: 40, Loss: -0.4380
2026-03-17 02:35:02 | INFO | Episode 99/250 - Reward: -3.50, Length: 40, Loss: -0.4370
2026-03-17 02:35:02 | INFO | Episode 100/250 - Reward: -5.60, Length: 40, Loss: -0.4627
2026-03-17 02:35:02 | INFO | Episode 100/250 - Avg Reward: -4.10, Avg Length: 39.12, Avg Loss: -0.3082
2026-03-17 02:35:03 | INFO | Episode 101/250 - Reward: -4.40, Length: 40, Loss: -0.5017
2026-03-17 02:35:04 | INFO | Episode 102/250 - Reward: 6.10, Length: 25, Loss: 1.3164
2026-03-17 02:35:04 | INFO | Episode 103/250 - Reward: -4.55, Length: 40, Loss: -0.4751
2026-03-17 02:35:05 | INFO | Episode 104/250 - Reward: -5.15, Length: 40, Loss: -0.3987
2026-03-17 02:35:06 | INFO | Episode 105/250 - Reward: -3.95, Length: 40, Loss: -0.4170
2026-03-17 02:35:06 | INFO | Episode 106/250 - Reward: -6.05, Length: 40, Loss: -0.4663
2026-03-17 02:35:07 | INFO | Episode 107/250 - Reward: -4.85, Length: 40, Loss: -0.4499
2026-03-17 02:35:07 | INFO | Episode 108/250 - Reward: -5.30, Length: 40, Loss: -0.4511
2026-03-17 02:35:08 | INFO | Episode 109/250 - Reward: -4.55, Length: 40, Loss: -0.4753
2026-03-17 02:35:09 | INFO | Episode 110/250 - Reward: -5.45, Length: 40, Loss: -0.4677
2026-03-17 02:35:09 | INFO | Episode 111/250 - Reward: -4.10, Length: 40, Loss: -0.3897
2026-03-17 02:35:10 | INFO | Episode 112/250 - Reward: -4.40, Length: 40, Loss: -0.3783
2026-03-17 02:35:11 | INFO | Episode 113/250 - Reward: -6.05, Length: 40, Loss: -0.4718
2026-03-17 02:35:11 | INFO | Episode 114/250 - Reward: -3.95, Length: 40, Loss: -0.3877
2026-03-17 02:35:12 | INFO | Episode 115/250 - Reward: -5.90, Length: 40, Loss: -0.4366
2026-03-17 02:35:13 | INFO | Episode 116/250 - Reward: -5.00, Length: 40, Loss: -0.4219
2026-03-17 02:35:13 | INFO | Episode 117/250 - Reward: 6.85, Length: 31, Loss: 1.0426
2026-03-17 02:35:14 | INFO | Episode 118/250 - Reward: -13.40, Length: 40, Loss: -0.3578
2026-03-17 02:35:15 | INFO | Episode 119/250 - Reward: -4.55, Length: 40, Loss: -0.4447
2026-03-17 02:35:15 | INFO | Episode 120/250 - Reward: -9.05, Length: 40, Loss: -0.4557
2026-03-17 02:35:16 | INFO | Episode 121/250 - Reward: -3.65, Length: 40, Loss: -0.3832
2026-03-17 02:35:17 | INFO | Episode 122/250 - Reward: 5.60, Length: 23, Loss: 1.4321
2026-03-17 02:35:17 | INFO | Episode 123/250 - Reward: -4.70, Length: 40, Loss: -0.4139
2026-03-17 02:35:17 | INFO | Episode 124/250 - Reward: -4.55, Length: 40, Loss: -0.4613
2026-03-17 02:35:18 | INFO | Episode 125/250 - Reward: -5.00, Length: 40, Loss: -0.4353
2026-03-17 02:35:18 | INFO | Episode 126/250 - Reward: -4.85, Length: 40, Loss: -0.4230
2026-03-17 02:35:19 | INFO | Episode 127/250 - Reward: -4.40, Length: 40, Loss: -0.4478
2026-03-17 02:35:19 | INFO | Episode 128/250 - Reward: -4.40, Length: 40, Loss: -0.4380
2026-03-17 02:35:20 | INFO | Episode 129/250 - Reward: -5.60, Length: 40, Loss: -0.4013
2026-03-17 02:35:21 | INFO | Episode 130/250 - Reward: -5.45, Length: 40, Loss: -0.3888
2026-03-17 02:35:21 | INFO | Episode 131/250 - Reward: -5.75, Length: 40, Loss: -0.4241
2026-03-17 02:35:22 | INFO | Episode 132/250 - Reward: 6.55, Length: 31, Loss: 1.0349
2026-03-17 02:35:23 | INFO | Episode 133/250 - Reward: -5.45, Length: 40, Loss: -0.4490
2026-03-17 02:35:23 | INFO | Episode 134/250 - Reward: -4.10, Length: 40, Loss: -0.4216
2026-03-17 02:35:24 | INFO | Episode 135/250 - Reward: 5.10, Length: 33, Loss: 0.8909
2026-03-17 02:35:24 | INFO | Episode 136/250 - Reward: -13.85, Length: 40, Loss: -0.4982
2026-03-17 02:35:25 | INFO | Episode 137/250 - Reward: -5.75, Length: 40, Loss: -0.4288
2026-03-17 02:35:26 | INFO | Episode 138/250 - Reward: -5.60, Length: 40, Loss: -0.4501
2026-03-17 02:35:26 | INFO | Episode 139/250 - Reward: -4.40, Length: 40, Loss: -0.4455
2026-03-17 02:35:27 | INFO | Episode 140/250 - Reward: 4.10, Length: 38, Loss: 0.5958
2026-03-17 02:35:28 | INFO | Episode 141/250 - Reward: -5.00, Length: 40, Loss: -0.4610
2026-03-17 02:35:28 | INFO | Episode 142/250 - Reward: 8.05, Length: 22, Loss: 1.5748
2026-03-17 02:35:29 | INFO | Episode 143/250 - Reward: 3.45, Length: 27, Loss: 1.0433
2026-03-17 02:35:30 | INFO | Episode 144/250 - Reward: -5.00, Length: 40, Loss: -0.5337
2026-03-17 02:35:30 | INFO | Episode 145/250 - Reward: -13.70, Length: 40, Loss: -0.4824
2026-03-17 02:35:31 | INFO | Episode 146/250 - Reward: -4.10, Length: 40, Loss: -0.3891
2026-03-17 02:35:31 | INFO | Episode 147/250 - Reward: -4.85, Length: 40, Loss: -0.4184
2026-03-17 02:35:32 | INFO | Episode 148/250 - Reward: 1.55, Length: 38, Loss: 0.4316
2026-03-17 02:35:33 | INFO | Episode 149/250 - Reward: -4.70, Length: 40, Loss: -0.4471
2026-03-17 02:35:33 | INFO | Episode 150/250 - Reward: -13.70, Length: 40, Loss: -0.5348
2026-03-17 02:35:33 | INFO | Episode 150/250 - Avg Reward: -3.84, Avg Length: 38.16, Avg Loss: -0.1732
2026-03-17 02:35:34 | INFO | Episode 151/250 - Reward: -5.00, Length: 40, Loss: -0.4403
2026-03-17 02:35:35 | INFO | Episode 152/250 - Reward: -4.55, Length: 40, Loss: -0.4980
2026-03-17 02:35:35 | INFO | Episode 153/250 - Reward: -6.80, Length: 40, Loss: -0.4064
2026-03-17 02:35:36 | INFO | Episode 154/250 - Reward: -4.10, Length: 40, Loss: -0.4145
2026-03-17 02:35:36 | INFO | Episode 155/250 - Reward: -4.85, Length: 40, Loss: -0.4157
2026-03-17 02:35:37 | INFO | Episode 156/250 - Reward: -5.75, Length: 40, Loss: -0.4139
2026-03-17 02:35:38 | INFO | Episode 157/250 - Reward: -4.40, Length: 40, Loss: -0.4436
2026-03-17 02:35:38 | INFO | Episode 158/250 - Reward: -4.70, Length: 40, Loss: -0.4386
2026-03-17 02:35:39 | INFO | Episode 159/250 - Reward: -4.85, Length: 40, Loss: -0.4153
2026-03-17 02:35:40 | INFO | Episode 160/250 - Reward: -4.85, Length: 40, Loss: -0.4823
2026-03-17 02:35:40 | INFO | Episode 161/250 - Reward: -5.75, Length: 40, Loss: -0.4289
2026-03-17 02:35:41 | INFO | Episode 162/250 - Reward: -6.05, Length: 40, Loss: -0.4928
2026-03-17 02:35:42 | INFO | Episode 163/250 - Reward: 2.80, Length: 40, Loss: 0.4171
2026-03-17 02:35:42 | INFO | Episode 164/250 - Reward: -4.85, Length: 40, Loss: -0.4008
2026-03-17 02:35:43 | INFO | Episode 165/250 - Reward: 2.35, Length: 37, Loss: 0.5300
2026-03-17 02:35:44 | INFO | Episode 166/250 - Reward: 5.40, Length: 30, Loss: 1.0429
2026-03-17 02:35:44 | INFO | Episode 167/250 - Reward: -4.70, Length: 40, Loss: -0.4962
2026-03-17 02:35:45 | INFO | Episode 168/250 - Reward: -3.50, Length: 40, Loss: -0.4777
2026-03-17 02:35:46 | INFO | Episode 169/250 - Reward: -5.45, Length: 40, Loss: -0.3547
2026-03-17 02:35:46 | INFO | Episode 170/250 - Reward: -4.55, Length: 40, Loss: -0.3948
2026-03-17 02:35:47 | INFO | Episode 171/250 - Reward: -4.55, Length: 40, Loss: -0.4334
2026-03-17 02:35:47 | INFO | Episode 172/250 - Reward: 6.30, Length: 24, Loss: 1.3709
2026-03-17 02:35:48 | INFO | Episode 173/250 - Reward: -3.95, Length: 40, Loss: -0.4086
2026-03-17 02:35:49 | INFO | Episode 174/250 - Reward: -5.45, Length: 40, Loss: -0.4998
2026-03-17 02:35:48 | INFO | Episode 175/250 - Reward: -8.00, Length: 40, Loss: -0.4918
2026-03-17 02:35:49 | INFO | Episode 176/250 - Reward: -4.55, Length: 40, Loss: -0.4093
2026-03-17 02:35:50 | INFO | Episode 177/250 - Reward: -5.60, Length: 40, Loss: -0.4798
2026-03-17 02:35:50 | INFO | Episode 178/250 - Reward: -4.55, Length: 40, Loss: -0.4658
2026-03-17 02:35:51 | INFO | Episode 179/250 - Reward: -3.50, Length: 40, Loss: -0.4493
2026-03-17 02:35:52 | INFO | Episode 180/250 - Reward: -3.95, Length: 40, Loss: -0.3917
2026-03-17 02:35:52 | INFO | Episode 181/250 - Reward: -3.50, Length: 40, Loss: -0.4602
2026-03-17 02:35:53 | INFO | Episode 182/250 - Reward: -3.95, Length: 40, Loss: -0.4353
2026-03-17 02:35:54 | INFO | Episode 183/250 - Reward: -3.80, Length: 40, Loss: -0.4448
2026-03-17 02:35:54 | INFO | Episode 184/250 - Reward: 5.05, Length: 40, Loss: 0.5287
2026-03-17 02:35:55 | INFO | Episode 185/250 - Reward: -4.70, Length: 40, Loss: -0.4355
2026-03-17 02:35:55 | INFO | Episode 186/250 - Reward: -4.55, Length: 40, Loss: -0.4564
2026-03-17 02:35:56 | INFO | Episode 187/250 - Reward: -6.95, Length: 40, Loss: -0.6350
2026-03-17 02:35:57 | INFO | Episode 188/250 - Reward: -5.15, Length: 40, Loss: -0.4343
2026-03-17 02:35:57 | INFO | Episode 189/250 - Reward: -3.95, Length: 40, Loss: -0.4073
2026-03-17 02:35:58 | INFO | Episode 190/250 - Reward: -5.00, Length: 40, Loss: -0.4674
2026-03-17 02:35:59 | INFO | Episode 191/250 - Reward: -4.85, Length: 40, Loss: -0.4225
2026-03-17 02:35:59 | INFO | Episode 192/250 - Reward: -5.15, Length: 40, Loss: -0.4664
2026-03-17 02:36:00 | INFO | Episode 193/250 - Reward: -5.30, Length: 40, Loss: -0.4717
2026-03-17 02:36:00 | INFO | Episode 194/250 - Reward: -3.95, Length: 40, Loss: -0.4381
2026-03-17 02:36:01 | INFO | Episode 195/250 - Reward: -4.55, Length: 40, Loss: -0.4565
2026-03-17 02:36:02 | INFO | Episode 196/250 - Reward: -8.15, Length: 40, Loss: -0.5475
2026-03-17 02:36:02 | INFO | Episode 197/250 - Reward: 7.35, Length: 24, Loss: 1.3780
2026-03-17 02:36:03 | INFO | Episode 198/250 - Reward: 7.45, Length: 22, Loss: 1.4650
2026-03-17 02:36:04 | INFO | Episode 199/250 - Reward: -4.70, Length: 40, Loss: -0.4290
2026-03-17 02:36:04 | INFO | Episode 200/250 - Reward: -4.25, Length: 40, Loss: -0.4454
2026-03-17 02:36:04 | INFO | Episode 200/250 - Avg Reward: -3.49, Avg Length: 38.74, Avg Loss: -0.2513
2026-03-17 02:36:05 | INFO | Episode 201/250 - Reward: -5.00, Length: 40, Loss: -0.4032
2026-03-17 02:36:06 | INFO | Episode 202/250 - Reward: 8.65, Length: 13, Loss: 2.1861
2026-03-17 02:36:06 | INFO | Episode 203/250 - Reward: -3.65, Length: 40, Loss: -0.4383
2026-03-17 02:36:07 | INFO | Episode 204/250 - Reward: -0.10, Length: 38, Loss: 0.2714
2026-03-17 02:36:08 | INFO | Episode 205/250 - Reward: 3.55, Length: 25, Loss: 1.1568
2026-03-17 02:36:08 | INFO | Episode 206/250 - Reward: -7.70, Length: 40, Loss: -0.5165
2026-03-17 02:36:09 | INFO | Episode 207/250 - Reward: -5.45, Length: 40, Loss: -0.4183
2026-03-17 02:36:10 | INFO | Episode 208/250 - Reward: -5.15, Length: 40, Loss: -0.4640
2026-03-17 02:36:10 | INFO | Episode 209/250 - Reward: -4.55, Length: 40, Loss: -0.4533
2026-03-17 02:36:11 | INFO | Episode 210/250 - Reward: 1.90, Length: 25, Loss: 0.9322
2026-03-17 02:36:12 | INFO | Episode 211/250 - Reward: -5.15, Length: 40, Loss: -0.4515
2026-03-17 02:36:12 | INFO | Episode 212/250 - Reward: 6.95, Length: 26, Loss: 1.2016
2026-03-17 02:36:13 | INFO | Episode 213/250 - Reward: -6.95, Length: 40, Loss: -0.4918
2026-03-17 02:36:14 | INFO | Episode 214/250 - Reward: 5.50, Length: 22, Loss: 1.3977
2026-03-17 02:36:14 | INFO | Episode 215/250 - Reward: -4.85, Length: 40, Loss: -0.4213
2026-03-17 02:36:15 | INFO | Episode 216/250 - Reward: -3.95, Length: 40, Loss: -0.4244
2026-03-17 02:36:16 | INFO | Episode 217/250 - Reward: 1.60, Length: 31, Loss: 0.6575
2026-03-17 02:36:16 | INFO | Episode 218/250 - Reward: 5.65, Length: 37, Loss: 0.6739
2026-03-17 02:36:17 | INFO | Episode 219/250 - Reward: -4.55, Length: 40, Loss: -0.4289
2026-03-17 02:36:17 | INFO | Episode 220/250 - Reward: 3.70, Length: 40, Loss: 0.4412
2026-03-17 02:36:18 | INFO | Episode 221/250 - Reward: -3.60, Length: 39, Loss: 0.0098
2026-03-17 02:36:19 | INFO | Episode 222/250 - Reward: -5.30, Length: 40, Loss: -0.4574
2026-03-17 02:36:19 | INFO | Episode 223/250 - Reward: -4.25, Length: 40, Loss: -0.5057
2026-03-17 02:36:20 | INFO | Episode 224/250 - Reward: -3.20, Length: 40, Loss: -0.4692
2026-03-17 02:36:20 | INFO | Episode 225/250 - Reward: -6.20, Length: 40, Loss: -0.3652
2026-03-17 02:36:21 | INFO | Episode 226/250 - Reward: 1.75, Length: 37, Loss: 0.5106
2026-03-17 02:36:21 | INFO | Episode 227/250 - Reward: -5.90, Length: 40, Loss: -0.5510
2026-03-17 02:36:22 | INFO | Episode 228/250 - Reward: -8.45, Length: 40, Loss: -0.4225
2026-03-17 02:36:22 | INFO | Episode 229/250 - Reward: 3.60, Length: 36, Loss: 0.5761
2026-03-17 02:36:23 | INFO | Episode 230/250 - Reward: -5.00, Length: 40, Loss: -0.5010
2026-03-17 02:36:24 | INFO | Episode 231/250 - Reward: 1.00, Length: 34, Loss: 0.4895
2026-03-17 02:36:24 | INFO | Episode 232/250 - Reward: -4.40, Length: 40, Loss: -0.4312
2026-03-17 02:36:25 | INFO | Episode 233/250 - Reward: -5.90, Length: 40, Loss: -0.4156
2026-03-17 02:36:25 | INFO | Episode 234/250 - Reward: -3.80, Length: 40, Loss: -0.4852
2026-03-17 02:36:26 | INFO | Episode 235/250 - Reward: 6.80, Length: 17, Loss: 1.7658
2026-03-17 02:36:26 | INFO | Episode 236/250 - Reward: -3.10, Length: 38, Loss: 0.0090
2026-03-17 02:36:27 | INFO | Episode 237/250 - Reward: 1.85, Length: 38, Loss: 0.4731
2026-03-17 02:36:27 | INFO | Episode 238/250 - Reward: -0.80, Length: 40, Loss: 0.1888
2026-03-17 02:36:28 | INFO | Episode 239/250 - Reward: -4.70, Length: 40, Loss: -0.4553
2026-03-17 02:36:28 | INFO | Episode 240/250 - Reward: 6.10, Length: 19, Loss: 1.6720
2026-03-17 02:36:29 | INFO | Episode 241/250 - Reward: 1.95, Length: 39, Loss: 0.3754
2026-03-17 02:36:29 | INFO | Episode 242/250 - Reward: -7.70, Length: 40, Loss: -0.4805
2026-03-17 02:36:30 | INFO | Episode 243/250 - Reward: -5.30, Length: 40, Loss: -0.4081
2026-03-17 02:36:30 | INFO | Episode 244/250 - Reward: -11.30, Length: 40, Loss: -0.2663
2026-03-17 02:36:31 | INFO | Episode 245/250 - Reward: 8.25, Length: 15, Loss: 1.8614
2026-03-17 02:36:31 | INFO | Episode 246/250 - Reward: 6.40, Length: 19, Loss: 1.6523
2026-03-17 02:36:32 | INFO | Episode 247/250 - Reward: -5.45, Length: 40, Loss: -0.4641
2026-03-17 02:36:32 | INFO | Episode 248/250 - Reward: -5.45, Length: 40, Loss: -0.4784
2026-03-17 02:36:33 | INFO | Episode 249/250 - Reward: -5.00, Length: 40, Loss: -0.3277
2026-03-17 02:36:33 | INFO | Episode 250/250 - Reward: -4.25, Length: 40, Loss: -0.4708
2026-03-17 02:36:33 | INFO | Episode 250/250 - Avg Reward: -1.82, Avg Length: 35.76, Avg Loss: 0.1127
