2026-03-17 02:44:17 | INFO | ============================================================
2026-03-17 02:44:17 | INFO | DEVICE / COMPUTE INFORMATION
2026-03-17 02:44:17 | INFO |   JAX backend       : GPU
2026-03-17 02:44:17 | INFO |   Platform          : gpu
2026-03-17 02:44:17 | INFO |   Num devices       : 1
2026-03-17 02:44:17 | INFO |   Device            : cuda:0
2026-03-17 02:44:17 | INFO |   GPU name          : NVIDIA GeForce RTX 5060 Laptop GPU
2026-03-17 02:44:17 | INFO | ============================================================
2026-03-17 02:44:17 | INFO | ✓ JAX GPU backend confirmed.
2026-03-17 02:44:18 | INFO | REINFORCE seed=0_gamma=0.9_lr=0.001
2026-03-17 02:44:22 | INFO | Episode 1/250 - Reward: -8.15, Length: 40, Loss: -0.4334
2026-03-17 02:44:22 | INFO | Episode 2/250 - Reward: -6.05, Length: 40, Loss: -0.5352
2026-03-17 02:44:22 | INFO | Episode 3/250 - Reward: 0.60, Length: 36, Loss: 0.1245
2026-03-17 02:44:23 | INFO | Episode 4/250 - Reward: -10.10, Length: 40, Loss: -0.4915
2026-03-17 02:44:23 | INFO | Episode 5/250 - Reward: -4.85, Length: 40, Loss: -0.6539
2026-03-17 02:44:24 | INFO | Episode 6/250 - Reward: -0.25, Length: 32, Loss: 0.0382
2026-03-17 02:44:24 | INFO | Episode 7/250 - Reward: -5.15, Length: 40, Loss: -0.5663
2026-03-17 02:44:25 | INFO | Episode 8/250 - Reward: -5.00, Length: 40, Loss: -0.5280
2026-03-17 02:44:25 | INFO | Episode 9/250 - Reward: -4.40, Length: 40, Loss: -0.5575
2026-03-17 02:44:26 | INFO | Episode 10/250 - Reward: -6.05, Length: 40, Loss: -0.4914
2026-03-17 02:44:26 | INFO | Episode 11/250 - Reward: -4.40, Length: 40, Loss: -0.5864
2026-03-17 02:44:27 | INFO | Episode 12/250 - Reward: -4.85, Length: 40, Loss: -0.6132
2026-03-17 02:44:27 | INFO | Episode 13/250 - Reward: 4.40, Length: 32, Loss: 0.3140
2026-03-17 02:44:28 | INFO | Episode 14/250 - Reward: -3.95, Length: 40, Loss: -0.4212
2026-03-17 02:44:28 | INFO | Episode 15/250 - Reward: -4.55, Length: 40, Loss: -0.4896
2026-03-17 02:44:29 | INFO | Episode 16/250 - Reward: -5.75, Length: 40, Loss: -0.5764
2026-03-17 02:44:29 | INFO | Episode 17/250 - Reward: -5.60, Length: 40, Loss: -0.5651
2026-03-17 02:44:30 | INFO | Episode 18/250 - Reward: -7.85, Length: 40, Loss: -0.4002
2026-03-17 02:44:30 | INFO | Episode 19/250 - Reward: 6.10, Length: 25, Loss: 0.7974
2026-03-17 02:44:31 | INFO | Episode 20/250 - Reward: -5.60, Length: 40, Loss: -0.4877
2026-03-17 02:44:31 | INFO | Episode 21/250 - Reward: 4.65, Length: 36, Loss: 0.2279
2026-03-17 02:44:32 | INFO | Episode 22/250 - Reward: -12.80, Length: 40, Loss: -0.4167
2026-03-17 02:44:32 | INFO | Episode 23/250 - Reward: -4.25, Length: 40, Loss: -0.5527
2026-03-17 02:44:33 | INFO | Episode 24/250 - Reward: -4.25, Length: 40, Loss: -0.5964
2026-03-17 02:44:33 | INFO | Episode 25/250 - Reward: -3.50, Length: 40, Loss: -0.5520
2026-03-17 02:44:34 | INFO | Episode 26/250 - Reward: -4.55, Length: 40, Loss: -0.5479
2026-03-17 02:44:34 | INFO | Episode 27/250 - Reward: -5.75, Length: 40, Loss: -0.5264
2026-03-17 02:44:35 | INFO | Episode 28/250 - Reward: -5.00, Length: 40, Loss: -0.4373
2026-03-17 02:44:35 | INFO | Episode 29/250 - Reward: -4.10, Length: 40, Loss: -0.5301
2026-03-17 02:44:36 | INFO | Episode 30/250 - Reward: 6.45, Length: 36, Loss: 0.3056
2026-03-17 02:44:36 | INFO | Episode 31/250 - Reward: -3.35, Length: 40, Loss: -0.5383
2026-03-17 02:44:37 | INFO | Episode 32/250 - Reward: -5.90, Length: 40, Loss: -0.5567
2026-03-17 02:44:37 | INFO | Episode 33/250 - Reward: -3.80, Length: 40, Loss: -0.5781
2026-03-17 02:44:38 | INFO | Episode 34/250 - Reward: -4.10, Length: 40, Loss: -0.5575
2026-03-17 02:44:38 | INFO | Episode 35/250 - Reward: -5.90, Length: 40, Loss: -0.5404
2026-03-17 02:44:39 | INFO | Episode 36/250 - Reward: 7.25, Length: 23, Loss: 0.9995
2026-03-17 02:44:39 | INFO | Episode 37/250 - Reward: -5.60, Length: 40, Loss: -0.4376
2026-03-17 02:44:40 | INFO | Episode 38/250 - Reward: -4.10, Length: 40, Loss: -0.5748
2026-03-17 02:44:40 | INFO | Episode 39/250 - Reward: 7.05, Length: 27, Loss: 0.6499
2026-03-17 02:44:41 | INFO | Episode 40/250 - Reward: -5.45, Length: 40, Loss: -0.5695
2026-03-17 02:44:41 | INFO | Episode 41/250 - Reward: -4.40, Length: 40, Loss: -0.6055
2026-03-17 02:44:42 | INFO | Episode 42/250 - Reward: -5.15, Length: 40, Loss: -0.5940
2026-03-17 02:44:42 | INFO | Episode 43/250 - Reward: -5.75, Length: 40, Loss: -0.6641
2026-03-17 02:44:42 | INFO | Episode 44/250 - Reward: -4.85, Length: 40, Loss: -0.5293
2026-03-17 02:44:42 | INFO | Episode 45/250 - Reward: -5.30, Length: 40, Loss: -0.5600
2026-03-17 02:44:43 | INFO | Episode 46/250 - Reward: -5.60, Length: 40, Loss: -0.6154
2026-03-17 02:44:43 | INFO | Episode 47/250 - Reward: -4.55, Length: 40, Loss: -0.6331
2026-03-17 02:44:44 | INFO | Episode 48/250 - Reward: 6.45, Length: 33, Loss: 0.3777
2026-03-17 02:44:44 | INFO | Episode 49/250 - Reward: -5.30, Length: 40, Loss: -0.4832
2026-03-17 02:44:45 | INFO | Episode 50/250 - Reward: -5.60, Length: 40, Loss: -0.5971
2026-03-17 02:44:45 | INFO | Episode 50/250 - Avg Reward: -3.57, Avg Length: 38.40, Avg Loss: -0.3671
2026-03-17 02:44:45 | INFO | Episode 51/250 - Reward: -4.85, Length: 40, Loss: -0.5003
2026-03-17 02:44:46 | INFO | Episode 52/250 - Reward: -4.55, Length: 40, Loss: -0.4530
2026-03-17 02:44:46 | INFO | Episode 53/250 - Reward: 5.20, Length: 28, Loss: 0.5296
2026-03-17 02:44:47 | INFO | Episode 54/250 - Reward: -5.45, Length: 40, Loss: -0.3947
2026-03-17 02:44:47 | INFO | Episode 55/250 - Reward: -3.80, Length: 40, Loss: -0.6033
2026-03-17 02:44:48 | INFO | Episode 56/250 - Reward: 3.45, Length: 30, Loss: 0.3545
2026-03-17 02:44:48 | INFO | Episode 57/250 - Reward: -4.70, Length: 40, Loss: -0.4340
2026-03-17 02:44:49 | INFO | Episode 58/250 - Reward: -5.60, Length: 40, Loss: -0.5488
2026-03-17 02:44:49 | INFO | Episode 59/250 - Reward: -6.95, Length: 40, Loss: -0.5052
2026-03-17 02:44:50 | INFO | Episode 60/250 - Reward: -4.55, Length: 40, Loss: -0.5174
2026-03-17 02:44:50 | INFO | Episode 61/250 - Reward: -4.70, Length: 40, Loss: -0.5452
2026-03-17 02:44:51 | INFO | Episode 62/250 - Reward: -4.55, Length: 40, Loss: -0.5289
2026-03-17 02:44:51 | INFO | Episode 63/250 - Reward: -3.95, Length: 40, Loss: -0.5532
2026-03-17 02:44:52 | INFO | Episode 64/250 - Reward: -5.30, Length: 40, Loss: -0.4152
2026-03-17 02:44:52 | INFO | Episode 65/250 - Reward: -5.45, Length: 40, Loss: -0.5562
2026-03-17 02:44:53 | INFO | Episode 66/250 - Reward: -2.75, Length: 40, Loss: -0.5370
2026-03-17 02:44:53 | INFO | Episode 67/250 - Reward: -5.45, Length: 40, Loss: -0.5165
2026-03-17 02:44:54 | INFO | Episode 68/250 - Reward: -7.85, Length: 40, Loss: -0.4907
2026-03-17 02:44:54 | INFO | Episode 69/250 - Reward: -5.15, Length: 40, Loss: -0.5918
2026-03-17 02:44:55 | INFO | Episode 70/250 - Reward: -17.00, Length: 40, Loss: -0.4220
2026-03-17 02:44:55 | INFO | Episode 71/250 - Reward: -5.45, Length: 40, Loss: -0.5188
2026-03-17 02:44:56 | INFO | Episode 72/250 - Reward: -5.45, Length: 40, Loss: -0.5758
2026-03-17 02:44:56 | INFO | Episode 73/250 - Reward: 2.90, Length: 20, Loss: 0.5919
2026-03-17 02:44:57 | INFO | Episode 74/250 - Reward: 6.45, Length: 33, Loss: 0.3921
2026-03-17 02:44:57 | INFO | Episode 75/250 - Reward: -4.10, Length: 40, Loss: -0.4942
2026-03-17 02:44:58 | INFO | Episode 76/250 - Reward: -9.35, Length: 40, Loss: -0.4785
2026-03-17 02:44:58 | INFO | Episode 77/250 - Reward: -3.65, Length: 40, Loss: -0.4735
2026-03-17 02:44:59 | INFO | Episode 78/250 - Reward: -5.15, Length: 40, Loss: -0.5165
2026-03-17 02:44:59 | INFO | Episode 79/250 - Reward: -5.60, Length: 40, Loss: -0.5699
2026-03-17 02:45:00 | INFO | Episode 80/250 - Reward: -4.25, Length: 40, Loss: -0.5103
2026-03-17 02:45:00 | INFO | Episode 81/250 - Reward: -6.20, Length: 40, Loss: -0.6033
2026-03-17 02:45:01 | INFO | Episode 82/250 - Reward: -5.60, Length: 40, Loss: -0.4964
2026-03-17 02:45:01 | INFO | Episode 83/250 - Reward: -4.10, Length: 40, Loss: -0.5795
2026-03-17 02:45:02 | INFO | Episode 84/250 - Reward: -5.15, Length: 40, Loss: -0.5647
2026-03-17 02:45:02 | INFO | Episode 85/250 - Reward: -5.15, Length: 40, Loss: -0.5788
2026-03-17 02:45:03 | INFO | Episode 86/250 - Reward: -5.90, Length: 40, Loss: -0.5118
2026-03-17 02:45:04 | INFO | Episode 87/250 - Reward: -5.45, Length: 40, Loss: -0.5864
2026-03-17 02:45:04 | INFO | Episode 88/250 - Reward: -3.95, Length: 40, Loss: -0.5117
2026-03-17 02:45:05 | INFO | Episode 89/250 - Reward: -5.45, Length: 40, Loss: -0.5452
2026-03-17 02:45:05 | INFO | Episode 90/250 - Reward: -4.70, Length: 40, Loss: -0.5963
2026-03-17 02:45:06 | INFO | Episode 91/250 - Reward: -4.85, Length: 40, Loss: -0.5179
2026-03-17 02:45:07 | INFO | Episode 92/250 - Reward: -3.50, Length: 40, Loss: -0.6230
2026-03-17 02:45:07 | INFO | Episode 93/250 - Reward: -5.60, Length: 40, Loss: -0.6185
2026-03-17 02:45:08 | INFO | Episode 94/250 - Reward: -4.55, Length: 40, Loss: -0.5712
2026-03-17 02:45:09 | INFO | Episode 95/250 - Reward: -4.85, Length: 40, Loss: -0.5709
2026-03-17 02:45:09 | INFO | Episode 96/250 - Reward: -4.55, Length: 40, Loss: -0.5588
2026-03-17 02:45:10 | INFO | Episode 97/250 - Reward: -7.55, Length: 40, Loss: -0.4811
2026-03-17 02:45:11 | INFO | Episode 98/250 - Reward: -3.05, Length: 40, Loss: -0.4573
2026-03-17 02:45:11 | INFO | Episode 99/250 - Reward: -4.70, Length: 40, Loss: -0.5491
2026-03-17 02:45:12 | INFO | Episode 100/250 - Reward: -3.35, Length: 40, Loss: -0.5628
2026-03-17 02:45:12 | INFO | Episode 100/250 - Avg Reward: -4.52, Avg Length: 39.02, Avg Loss: -0.4493
2026-03-17 02:45:13 | INFO | Episode 101/250 - Reward: -4.55, Length: 40, Loss: -0.5010
2026-03-17 02:45:13 | INFO | Episode 102/250 - Reward: -5.00, Length: 40, Loss: -0.5478
2026-03-17 02:45:13 | INFO | Episode 103/250 - Reward: -7.55, Length: 40, Loss: -0.4230
2026-03-17 02:45:14 | INFO | Episode 104/250 - Reward: -3.80, Length: 40, Loss: -0.5905
2026-03-17 02:45:14 | INFO | Episode 105/250 - Reward: -4.10, Length: 40, Loss: -0.5550
2026-03-17 02:45:15 | INFO | Episode 106/250 - Reward: -3.20, Length: 40, Loss: -0.5425
2026-03-17 02:45:16 | INFO | Episode 107/250 - Reward: -5.15, Length: 40, Loss: -0.6242
2026-03-17 02:45:16 | INFO | Episode 108/250 - Reward: -4.10, Length: 40, Loss: -0.5222
2026-03-17 02:45:17 | INFO | Episode 109/250 - Reward: 7.15, Length: 25, Loss: 0.8247
2026-03-17 02:45:18 | INFO | Episode 110/250 - Reward: -6.95, Length: 40, Loss: -0.6620
2026-03-17 02:45:18 | INFO | Episode 111/250 - Reward: -4.85, Length: 40, Loss: -0.5530
2026-03-17 02:45:19 | INFO | Episode 112/250 - Reward: -4.70, Length: 40, Loss: -0.4884
2026-03-17 02:45:19 | INFO | Episode 113/250 - Reward: -5.45, Length: 40, Loss: -0.5351
2026-03-17 02:45:20 | INFO | Episode 114/250 - Reward: -3.65, Length: 40, Loss: -0.5282
2026-03-17 02:45:21 | INFO | Episode 115/250 - Reward: -3.05, Length: 40, Loss: -0.4857
2026-03-17 02:45:21 | INFO | Episode 116/250 - Reward: 4.70, Length: 29, Loss: 0.4833
2026-03-17 02:45:22 | INFO | Episode 117/250 - Reward: -4.85, Length: 40, Loss: -0.5153
2026-03-17 02:45:23 | INFO | Episode 118/250 - Reward: -5.30, Length: 40, Loss: -0.5336
2026-03-17 02:45:23 | INFO | Episode 119/250 - Reward: -3.65, Length: 40, Loss: -0.5243
2026-03-17 02:45:24 | INFO | Episode 120/250 - Reward: -4.55, Length: 40, Loss: -0.5584
2026-03-17 02:45:25 | INFO | Episode 121/250 - Reward: -4.40, Length: 40, Loss: -0.5852
2026-03-17 02:45:25 | INFO | Episode 122/250 - Reward: -4.25, Length: 40, Loss: -0.4567
2026-03-17 02:45:26 | INFO | Episode 123/250 - Reward: -4.40, Length: 40, Loss: -0.5349
2026-03-17 02:45:27 | INFO | Episode 124/250 - Reward: -5.45, Length: 40, Loss: -0.5932
2026-03-17 02:45:27 | INFO | Episode 125/250 - Reward: -11.60, Length: 40, Loss: -0.3970
2026-03-17 02:45:28 | INFO | Episode 126/250 - Reward: -4.40, Length: 40, Loss: -0.5751
2026-03-17 02:45:29 | INFO | Episode 127/250 - Reward: -5.15, Length: 40, Loss: -0.5401
2026-03-17 02:45:29 | INFO | Episode 128/250 - Reward: -7.55, Length: 40, Loss: -0.4499
2026-03-17 02:45:30 | INFO | Episode 129/250 - Reward: -4.40, Length: 40, Loss: -0.5191
2026-03-17 02:45:31 | INFO | Episode 130/250 - Reward: 4.60, Length: 37, Loss: 0.2248
2026-03-17 02:45:31 | INFO | Episode 131/250 - Reward: 1.60, Length: 31, Loss: 0.1820
2026-03-17 02:45:32 | INFO | Episode 132/250 - Reward: -4.25, Length: 40, Loss: -0.5411
2026-03-17 02:45:33 | INFO | Episode 133/250 - Reward: -6.05, Length: 40, Loss: -0.6254
2026-03-17 02:45:33 | INFO | Episode 134/250 - Reward: -7.85, Length: 40, Loss: -0.4877
2026-03-17 02:45:34 | INFO | Episode 135/250 - Reward: -6.95, Length: 40, Loss: -0.5397
2026-03-17 02:45:34 | INFO | Episode 136/250 - Reward: -5.15, Length: 40, Loss: -0.5746
2026-03-17 02:45:35 | INFO | Episode 137/250 - Reward: -3.95, Length: 40, Loss: -0.5082
2026-03-17 02:45:36 | INFO | Episode 138/250 - Reward: -3.50, Length: 40, Loss: -0.5455
2026-03-17 02:45:36 | INFO | Episode 139/250 - Reward: -3.80, Length: 40, Loss: -0.5354
2026-03-17 02:45:37 | INFO | Episode 140/250 - Reward: -5.30, Length: 40, Loss: -0.5555
2026-03-17 02:45:38 | INFO | Episode 141/250 - Reward: 5.85, Length: 39, Loss: 0.2171
2026-03-17 02:45:38 | INFO | Episode 142/250 - Reward: 5.00, Length: 38, Loss: 0.2484
2026-03-17 02:45:39 | INFO | Episode 143/250 - Reward: -3.95, Length: 40, Loss: -0.6014
2026-03-17 02:45:39 | INFO | Episode 144/250 - Reward: -11.90, Length: 40, Loss: -0.3433
2026-03-17 02:45:40 | INFO | Episode 145/250 - Reward: -4.70, Length: 40, Loss: -0.5712
2026-03-17 02:45:41 | INFO | Episode 146/250 - Reward: -4.40, Length: 40, Loss: -0.5110
2026-03-17 02:45:41 | INFO | Episode 147/250 - Reward: -3.80, Length: 40, Loss: -0.5597
2026-03-17 02:45:42 | INFO | Episode 148/250 - Reward: -5.30, Length: 40, Loss: -0.5813
2026-03-17 02:45:43 | INFO | Episode 149/250 - Reward: -6.80, Length: 40, Loss: -0.5714
2026-03-17 02:45:43 | INFO | Episode 150/250 - Reward: -5.30, Length: 40, Loss: -0.5138
2026-03-17 02:45:43 | INFO | Episode 150/250 - Avg Reward: -4.00, Avg Length: 39.18, Avg Loss: -0.4265
2026-03-17 02:45:44 | INFO | Episode 151/250 - Reward: -5.15, Length: 40, Loss: -0.5593
2026-03-17 02:45:45 | INFO | Episode 152/250 - Reward: -3.65, Length: 40, Loss: -0.5441
2026-03-17 02:45:44 | INFO | Episode 153/250 - Reward: -5.60, Length: 40, Loss: -0.5771
2026-03-17 02:45:45 | INFO | Episode 154/250 - Reward: -4.85, Length: 40, Loss: -0.4231
2026-03-17 02:45:46 | INFO | Episode 155/250 - Reward: -5.45, Length: 40, Loss: -0.4952
2026-03-17 02:45:46 | INFO | Episode 156/250 - Reward: -6.20, Length: 40, Loss: -0.5828
2026-03-17 02:45:47 | INFO | Episode 157/250 - Reward: -6.20, Length: 40, Loss: -0.5498
2026-03-17 02:45:47 | INFO | Episode 158/250 - Reward: -7.55, Length: 40, Loss: -0.5299
2026-03-17 02:45:48 | INFO | Episode 159/250 - Reward: -6.05, Length: 40, Loss: -0.5473
2026-03-17 02:45:49 | INFO | Episode 160/250 - Reward: -3.50, Length: 40, Loss: -0.5743
2026-03-17 02:45:49 | INFO | Episode 161/250 - Reward: -4.55, Length: 40, Loss: -0.5717
2026-03-17 02:45:50 | INFO | Episode 162/250 - Reward: -4.25, Length: 40, Loss: -0.5050
2026-03-17 02:45:51 | INFO | Episode 163/250 - Reward: -3.80, Length: 40, Loss: -0.5325
2026-03-17 02:45:51 | INFO | Episode 164/250 - Reward: 7.55, Length: 23, Loss: 0.9495
2026-03-17 02:45:52 | INFO | Episode 165/250 - Reward: -4.85, Length: 40, Loss: -0.5840
2026-03-17 02:45:52 | INFO | Episode 166/250 - Reward: -11.45, Length: 40, Loss: -0.4590
2026-03-17 02:45:53 | INFO | Episode 167/250 - Reward: -5.60, Length: 40, Loss: -0.4643
2026-03-17 02:45:54 | INFO | Episode 168/250 - Reward: -4.25, Length: 40, Loss: -0.5727
2026-03-17 02:45:54 | INFO | Episode 169/250 - Reward: -8.75, Length: 40, Loss: -0.4069
2026-03-17 02:45:55 | INFO | Episode 170/250 - Reward: -4.70, Length: 40, Loss: -0.5421
2026-03-17 02:45:56 | INFO | Episode 171/250 - Reward: -5.15, Length: 40, Loss: -0.5045
2026-03-17 02:45:56 | INFO | Episode 172/250 - Reward: 8.45, Length: 17, Loss: 1.6102
2026-03-17 02:45:57 | INFO | Episode 173/250 - Reward: 5.75, Length: 35, Loss: 0.2651
2026-03-17 02:45:58 | INFO | Episode 174/250 - Reward: -4.10, Length: 40, Loss: -0.5074
2026-03-17 02:45:58 | INFO | Episode 175/250 - Reward: -5.75, Length: 40, Loss: -0.4656
2026-03-17 02:45:59 | INFO | Episode 176/250 - Reward: -3.80, Length: 40, Loss: -0.5451
2026-03-17 02:46:00 | INFO | Episode 177/250 - Reward: -8.15, Length: 40, Loss: -0.4024
2026-03-17 02:46:00 | INFO | Episode 178/250 - Reward: -3.95, Length: 40, Loss: -0.5768
2026-03-17 02:46:01 | INFO | Episode 179/250 - Reward: -4.40, Length: 40, Loss: -0.5446
2026-03-17 02:46:01 | INFO | Episode 180/250 - Reward: -5.45, Length: 40, Loss: -0.4961
2026-03-17 02:46:02 | INFO | Episode 181/250 - Reward: -5.45, Length: 40, Loss: -0.4840
2026-03-17 02:46:03 | INFO | Episode 182/250 - Reward: -8.75, Length: 40, Loss: -0.5628
2026-03-17 02:46:03 | INFO | Episode 183/250 - Reward: -6.20, Length: 40, Loss: -0.5265
2026-03-17 02:46:04 | INFO | Episode 184/250 - Reward: -5.60, Length: 40, Loss: -0.4996
2026-03-17 02:46:05 | INFO | Episode 185/250 - Reward: -3.65, Length: 40, Loss: -0.5385
2026-03-17 02:46:05 | INFO | Episode 186/250 - Reward: 3.15, Length: 39, Loss: 0.1574
2026-03-17 02:46:06 | INFO | Episode 187/250 - Reward: -4.70, Length: 40, Loss: -0.6033
2026-03-17 02:46:07 | INFO | Episode 188/250 - Reward: -5.15, Length: 40, Loss: -0.5383
2026-03-17 02:46:07 | INFO | Episode 189/250 - Reward: -5.90, Length: 40, Loss: -0.6061
2026-03-17 02:46:08 | INFO | Episode 190/250 - Reward: -3.80, Length: 40, Loss: -0.5959
2026-03-17 02:46:09 | INFO | Episode 191/250 - Reward: -5.00, Length: 40, Loss: -0.5750
2026-03-17 02:46:09 | INFO | Episode 192/250 - Reward: -10.10, Length: 40, Loss: -0.4512
2026-03-17 02:46:10 | INFO | Episode 193/250 - Reward: -4.10, Length: 40, Loss: -0.4750
2026-03-17 02:46:11 | INFO | Episode 194/250 - Reward: -3.50, Length: 40, Loss: -0.5289
2026-03-17 02:46:11 | INFO | Episode 195/250 - Reward: -5.15, Length: 40, Loss: -0.5260
2026-03-17 02:46:12 | INFO | Episode 196/250 - Reward: -3.95, Length: 40, Loss: -0.5420
2026-03-17 02:46:13 | INFO | Episode 197/250 - Reward: 6.35, Length: 32, Loss: 0.4228
2026-03-17 02:46:13 | INFO | Episode 198/250 - Reward: -5.00, Length: 40, Loss: -0.5832
2026-03-17 02:46:14 | INFO | Episode 199/250 - Reward: -4.25, Length: 40, Loss: -0.5511
2026-03-17 02:46:15 | INFO | Episode 200/250 - Reward: -6.50, Length: 40, Loss: -0.4377
2026-03-17 02:46:15 | INFO | Episode 200/250 - Avg Reward: -4.25, Avg Length: 38.92, Avg Loss: -0.4057
2026-03-17 02:46:15 | INFO | Episode 201/250 - Reward: -4.25, Length: 40, Loss: -0.5644
2026-03-17 02:46:16 | INFO | Episode 202/250 - Reward: 4.15, Length: 28, Loss: 0.4704
2026-03-17 02:46:16 | INFO | Episode 203/250 - Reward: -6.35, Length: 40, Loss: -0.4426
2026-03-17 02:46:16 | INFO | Episode 204/250 - Reward: -5.00, Length: 40, Loss: -0.5789
2026-03-17 02:46:17 | INFO | Episode 205/250 - Reward: -5.45, Length: 40, Loss: -0.5316
2026-03-17 02:46:18 | INFO | Episode 206/250 - Reward: -4.85, Length: 40, Loss: -0.5111
2026-03-17 02:46:18 | INFO | Episode 207/250 - Reward: -4.70, Length: 40, Loss: -0.5127
2026-03-17 02:46:19 | INFO | Episode 208/250 - Reward: -4.70, Length: 40, Loss: -0.5376
2026-03-17 02:46:20 | INFO | Episode 209/250 - Reward: -8.60, Length: 40, Loss: -0.4699
2026-03-17 02:46:20 | INFO | Episode 210/250 - Reward: -4.40, Length: 40, Loss: -0.5324
2026-03-17 02:46:21 | INFO | Episode 211/250 - Reward: -4.25, Length: 40, Loss: -0.5248
2026-03-17 02:46:21 | INFO | Episode 212/250 - Reward: -3.95, Length: 40, Loss: -0.5774
2026-03-17 02:46:22 | INFO | Episode 213/250 - Reward: -4.40, Length: 40, Loss: -0.6120
2026-03-17 02:46:23 | INFO | Episode 214/250 - Reward: -4.40, Length: 40, Loss: -0.4694
2026-03-17 02:46:23 | INFO | Episode 215/250 - Reward: -4.25, Length: 40, Loss: -0.4955
2026-03-17 02:46:24 | INFO | Episode 216/250 - Reward: -4.10, Length: 40, Loss: -0.5857
2026-03-17 02:46:25 | INFO | Episode 217/250 - Reward: -4.55, Length: 40, Loss: -0.5867
2026-03-17 02:46:25 | INFO | Episode 218/250 - Reward: -4.70, Length: 40, Loss: -0.5544
2026-03-17 02:46:26 | INFO | Episode 219/250 - Reward: -4.25, Length: 40, Loss: -0.5768
2026-03-17 02:46:27 | INFO | Episode 220/250 - Reward: -8.60, Length: 40, Loss: -0.5119
2026-03-17 02:46:27 | INFO | Episode 221/250 - Reward: -9.50, Length: 40, Loss: -0.4281
2026-03-17 02:46:28 | INFO | Episode 222/250 - Reward: -5.45, Length: 40, Loss: -0.5875
2026-03-17 02:46:28 | INFO | Episode 223/250 - Reward: -5.75, Length: 40, Loss: -0.4525
2026-03-17 02:46:29 | INFO | Episode 224/250 - Reward: -4.10, Length: 40, Loss: -0.5913
2026-03-17 02:46:29 | INFO | Episode 225/250 - Reward: -4.55, Length: 40, Loss: -0.5361
2026-03-17 02:46:30 | INFO | Episode 226/250 - Reward: 7.65, Length: 27, Loss: 0.7576
2026-03-17 02:46:30 | INFO | Episode 227/250 - Reward: -3.35, Length: 40, Loss: -0.4936
2026-03-17 02:46:31 | INFO | Episode 228/250 - Reward: 5.85, Length: 36, Loss: 0.3071
2026-03-17 02:46:31 | INFO | Episode 229/250 - Reward: 7.45, Length: 25, Loss: 0.7945
2026-03-17 02:46:32 | INFO | Episode 230/250 - Reward: -4.85, Length: 40, Loss: -0.6108
2026-03-17 02:46:32 | INFO | Episode 231/250 - Reward: -5.30, Length: 40, Loss: -0.4030
2026-03-17 02:46:33 | INFO | Episode 232/250 - Reward: -3.80, Length: 40, Loss: -0.5428
2026-03-17 02:46:33 | INFO | Episode 233/250 - Reward: 3.95, Length: 29, Loss: 0.4323
2026-03-17 02:46:34 | INFO | Episode 234/250 - Reward: -3.95, Length: 40, Loss: -0.5221
2026-03-17 02:46:34 | INFO | Episode 235/250 - Reward: -3.95, Length: 40, Loss: -0.5659
2026-03-17 02:46:35 | INFO | Episode 236/250 - Reward: -3.65, Length: 40, Loss: -0.5359
2026-03-17 02:46:35 | INFO | Episode 237/250 - Reward: -4.25, Length: 40, Loss: -0.5872
2026-03-17 02:46:36 | INFO | Episode 238/250 - Reward: -4.10, Length: 40, Loss: -0.4250
2026-03-17 02:46:36 | INFO | Episode 239/250 - Reward: -3.65, Length: 40, Loss: -0.5222
2026-03-17 02:46:37 | INFO | Episode 240/250 - Reward: -3.35, Length: 40, Loss: -0.5932
2026-03-17 02:46:37 | INFO | Episode 241/250 - Reward: -6.05, Length: 40, Loss: -0.4836
2026-03-17 02:46:38 | INFO | Episode 242/250 - Reward: -5.45, Length: 40, Loss: -0.5859
2026-03-17 02:46:38 | INFO | Episode 243/250 - Reward: -4.70, Length: 40, Loss: -0.5007
2026-03-17 02:46:39 | INFO | Episode 244/250 - Reward: 4.50, Length: 39, Loss: 0.1925
2026-03-17 02:46:39 | INFO | Episode 245/250 - Reward: -4.10, Length: 40, Loss: -0.5556
2026-03-17 02:46:40 | INFO | Episode 246/250 - Reward: -3.80, Length: 40, Loss: -0.4810
2026-03-17 02:46:40 | INFO | Episode 247/250 - Reward: -3.80, Length: 40, Loss: -0.6099
2026-03-17 02:46:41 | INFO | Episode 248/250 - Reward: 4.60, Length: 40, Loss: 0.1645
2026-03-17 02:46:41 | INFO | Episode 249/250 - Reward: 3.55, Length: 28, Loss: 0.3730
2026-03-17 02:46:42 | INFO | Episode 250/250 - Reward: -5.45, Length: 40, Loss: -0.6063
2026-03-17 02:46:42 | INFO | Episode 250/250 - Avg Reward: -3.22, Avg Length: 38.64, Avg Loss: -0.3781
