2026-03-17 02:31:35 | INFO | ============================================================
2026-03-17 02:31:35 | INFO | DEVICE / COMPUTE INFORMATION
2026-03-17 02:31:35 | INFO |   JAX backend       : GPU
2026-03-17 02:31:35 | INFO |   Platform          : gpu
2026-03-17 02:31:35 | INFO |   Num devices       : 1
2026-03-17 02:31:35 | INFO |   Device            : cuda:0
2026-03-17 02:31:35 | INFO |   GPU name          : NVIDIA GeForce RTX 5060 Laptop GPU
2026-03-17 02:31:35 | INFO | ============================================================
2026-03-17 02:31:35 | INFO | ✓ JAX GPU backend confirmed.
2026-03-17 02:31:36 | INFO | REINFORCE seed=9_gamma=0.99_lr=0.1
2026-03-17 02:31:39 | INFO | Episode 1/250 - Reward: -7.85, Length: 40, Loss: -0.4280
2026-03-17 02:31:40 | INFO | Episode 2/250 - Reward: -4.70, Length: 40, Loss: -0.3882
2026-03-17 02:31:40 | INFO | Episode 3/250 - Reward: -3.65, Length: 40, Loss: -0.4082
2026-03-17 02:31:41 | INFO | Episode 4/250 - Reward: -5.75, Length: 40, Loss: -0.4608
2026-03-17 02:31:41 | INFO | Episode 5/250 - Reward: -6.65, Length: 40, Loss: -0.5052
2026-03-17 02:31:42 | INFO | Episode 6/250 - Reward: -5.45, Length: 40, Loss: -0.4450
2026-03-17 02:31:42 | INFO | Episode 7/250 - Reward: -5.15, Length: 40, Loss: -0.4599
2026-03-17 02:31:43 | INFO | Episode 8/250 - Reward: -3.65, Length: 40, Loss: -0.3821
2026-03-17 02:31:43 | INFO | Episode 9/250 - Reward: -4.85, Length: 40, Loss: -0.4308
2026-03-17 02:31:44 | INFO | Episode 10/250 - Reward: -8.75, Length: 40, Loss: -0.4958
2026-03-17 02:31:44 | INFO | Episode 11/250 - Reward: -5.60, Length: 40, Loss: -0.4689
2026-03-17 02:31:45 | INFO | Episode 12/250 - Reward: -5.00, Length: 40, Loss: -0.4537
2026-03-17 02:31:45 | INFO | Episode 13/250 - Reward: 5.85, Length: 39, Loss: 0.6233
2026-03-17 02:31:46 | INFO | Episode 14/250 - Reward: -4.55, Length: 40, Loss: -0.4213
2026-03-17 02:31:46 | INFO | Episode 15/250 - Reward: -4.85, Length: 40, Loss: -0.4705
2026-03-17 02:31:47 | INFO | Episode 16/250 - Reward: -6.05, Length: 40, Loss: -0.4930
2026-03-17 02:31:47 | INFO | Episode 17/250 - Reward: -7.55, Length: 40, Loss: -0.5662
2026-03-17 02:31:48 | INFO | Episode 18/250 - Reward: -3.95, Length: 40, Loss: -0.4392
2026-03-17 02:31:48 | INFO | Episode 19/250 - Reward: 7.25, Length: 23, Loss: 1.4314
2026-03-17 02:31:49 | INFO | Episode 20/250 - Reward: -5.30, Length: 40, Loss: -0.4738
2026-03-17 02:31:49 | INFO | Episode 21/250 - Reward: -3.95, Length: 40, Loss: -0.4494
2026-03-17 02:31:50 | INFO | Episode 22/250 - Reward: -4.10, Length: 40, Loss: -0.4699
2026-03-17 02:31:50 | INFO | Episode 23/250 - Reward: 5.50, Length: 28, Loss: 1.1085
2026-03-17 02:31:51 | INFO | Episode 24/250 - Reward: -4.40, Length: 40, Loss: -0.4236
2026-03-17 02:31:51 | INFO | Episode 25/250 - Reward: -5.15, Length: 40, Loss: -0.3906
2026-03-17 02:31:52 | INFO | Episode 26/250 - Reward: -8.15, Length: 40, Loss: -0.4424
2026-03-17 02:31:52 | INFO | Episode 27/250 - Reward: -5.00, Length: 40, Loss: -0.3393
2026-03-17 02:31:53 | INFO | Episode 28/250 - Reward: 7.45, Length: 22, Loss: 1.4653
2026-03-17 02:31:53 | INFO | Episode 29/250 - Reward: -7.40, Length: 40, Loss: -0.4539
2026-03-17 02:31:54 | INFO | Episode 30/250 - Reward: -4.10, Length: 40, Loss: -0.4679
2026-03-17 02:31:54 | INFO | Episode 31/250 - Reward: -3.95, Length: 40, Loss: -0.4414
2026-03-17 02:31:55 | INFO | Episode 32/250 - Reward: -4.40, Length: 40, Loss: -0.4099
2026-03-17 02:31:55 | INFO | Episode 33/250 - Reward: -5.00, Length: 40, Loss: -0.5244
2026-03-17 02:31:56 | INFO | Episode 34/250 - Reward: -5.15, Length: 40, Loss: -0.4503
2026-03-17 02:31:56 | INFO | Episode 35/250 - Reward: -4.55, Length: 40, Loss: -0.4420
2026-03-17 02:31:57 | INFO | Episode 36/250 - Reward: 7.45, Length: 25, Loss: 1.3034
2026-03-17 02:31:57 | INFO | Episode 37/250 - Reward: 5.90, Length: 23, Loss: 1.3665
2026-03-17 02:31:58 | INFO | Episode 38/250 - Reward: -5.45, Length: 40, Loss: -0.5209
2026-03-17 02:31:58 | INFO | Episode 39/250 - Reward: 0.60, Length: 33, Loss: 0.4627
2026-03-17 02:31:58 | INFO | Episode 40/250 - Reward: 3.00, Length: 18, Loss: 1.4169
2026-03-17 02:31:59 | INFO | Episode 41/250 - Reward: 5.50, Length: 25, Loss: 1.1924
2026-03-17 02:31:59 | INFO | Episode 42/250 - Reward: 8.45, Length: 17, Loss: 1.6497
2026-03-17 02:32:00 | INFO | Episode 43/250 - Reward: 7.35, Length: 24, Loss: 1.2188
2026-03-17 02:32:00 | INFO | Episode 44/250 - Reward: 7.15, Length: 25, Loss: 1.1822
2026-03-17 02:32:01 | INFO | Episode 45/250 - Reward: 4.00, Length: 37, Loss: 0.5799
2026-03-17 02:32:01 | INFO | Episode 46/250 - Reward: 8.65, Length: 16, Loss: 1.7832
2026-03-17 02:32:02 | INFO | Episode 47/250 - Reward: 5.70, Length: 21, Loss: 1.2863
2026-03-17 02:32:02 | INFO | Episode 48/250 - Reward: -5.15, Length: 40, Loss: -0.3394
2026-03-17 02:32:03 | INFO | Episode 49/250 - Reward: 2.15, Length: 35, Loss: 0.5769
2026-03-17 02:32:03 | INFO | Episode 50/250 - Reward: 6.75, Length: 24, Loss: 1.2300
2026-03-17 02:32:04 | INFO | Episode 50/250 - Avg Reward: -1.53, Avg Length: 35.10, Avg Loss: 0.1024
2026-03-17 02:32:04 | INFO | Episode 51/250 - Reward: 7.95, Length: 21, Loss: 1.3911
2026-03-17 02:32:04 | INFO | Episode 52/250 - Reward: -4.85, Length: 40, Loss: -0.2992
2026-03-17 02:32:05 | INFO | Episode 53/250 - Reward: -6.95, Length: 40, Loss: -0.3090
2026-03-17 02:32:05 | INFO | Episode 54/250 - Reward: -5.75, Length: 40, Loss: -0.3006
2026-03-17 02:32:06 | INFO | Episode 55/250 - Reward: -7.55, Length: 40, Loss: -0.5833
2026-03-17 02:32:06 | INFO | Episode 56/250 - Reward: 5.40, Length: 30, Loss: 0.9274
2026-03-17 02:32:07 | INFO | Episode 57/250 - Reward: -6.95, Length: 40, Loss: -0.4342
2026-03-17 02:32:07 | INFO | Episode 58/250 - Reward: -6.65, Length: 40, Loss: -0.3957
2026-03-17 02:32:08 | INFO | Episode 59/250 - Reward: -6.65, Length: 40, Loss: -0.4994
2026-03-17 02:32:08 | INFO | Episode 60/250 - Reward: -3.80, Length: 40, Loss: -0.4189
2026-03-17 02:32:09 | INFO | Episode 61/250 - Reward: 5.80, Length: 19, Loss: 1.3177
2026-03-17 02:32:09 | INFO | Episode 62/250 - Reward: 8.85, Length: 15, Loss: 1.6514
2026-03-17 02:32:09 | INFO | Episode 63/250 - Reward: 7.75, Length: 19, Loss: 1.3539
2026-03-17 02:32:10 | INFO | Episode 64/250 - Reward: 6.65, Length: 26, Loss: 0.9038
2026-03-17 02:32:10 | INFO | Episode 65/250 - Reward: -6.05, Length: 40, Loss: -0.4313
2026-03-17 02:32:11 | INFO | Episode 66/250 - Reward: 5.40, Length: 24, Loss: 0.9752
2026-03-17 02:32:11 | INFO | Episode 67/250 - Reward: -6.95, Length: 40, Loss: -0.3230
2026-03-17 02:32:12 | INFO | Episode 68/250 - Reward: 5.05, Length: 34, Loss: 0.4945
2026-03-17 02:32:12 | INFO | Episode 69/250 - Reward: 6.60, Length: 15, Loss: 1.7380
2026-03-17 02:32:13 | INFO | Episode 70/250 - Reward: 9.15, Length: 12, Loss: 1.9437
2026-03-17 02:32:13 | INFO | Episode 71/250 - Reward: -5.45, Length: 40, Loss: -0.4947
2026-03-17 02:32:14 | INFO | Episode 72/250 - Reward: 8.85, Length: 12, Loss: 1.4214
2026-03-17 02:32:14 | INFO | Episode 73/250 - Reward: -6.20, Length: 40, Loss: -0.2744
2026-03-17 02:32:14 | INFO | Episode 74/250 - Reward: 5.75, Length: 32, Loss: 0.7839
2026-03-17 02:32:15 | INFO | Episode 75/250 - Reward: 8.85, Length: 12, Loss: 1.6123
2026-03-17 02:32:16 | INFO | Episode 76/250 - Reward: 7.05, Length: 30, Loss: 0.9986
2026-03-17 02:32:16 | INFO | Episode 77/250 - Reward: 6.15, Length: 30, Loss: 0.7985
2026-03-17 02:32:17 | INFO | Episode 78/250 - Reward: 8.35, Length: 16, Loss: 1.3843
2026-03-17 02:32:18 | INFO | Episode 79/250 - Reward: -7.25, Length: 40, Loss: -0.2315
2026-03-17 02:32:18 | INFO | Episode 80/250 - Reward: 7.75, Length: 22, Loss: 1.3375
2026-03-17 02:32:19 | INFO | Episode 81/250 - Reward: 6.20, Length: 20, Loss: 1.4152
2026-03-17 02:32:20 | INFO | Episode 82/250 - Reward: -7.25, Length: 40, Loss: -0.4050
2026-03-17 02:32:20 | INFO | Episode 83/250 - Reward: 8.15, Length: 20, Loss: 1.3322
2026-03-17 02:32:21 | INFO | Episode 84/250 - Reward: 8.25, Length: 18, Loss: 1.4664
2026-03-17 02:32:21 | INFO | Episode 85/250 - Reward: -7.10, Length: 40, Loss: -0.2772
2026-03-17 02:32:22 | INFO | Episode 86/250 - Reward: 9.25, Length: 10, Loss: 1.9403
2026-03-17 02:32:23 | INFO | Episode 87/250 - Reward: 8.15, Length: 17, Loss: 1.4569
2026-03-17 02:32:23 | INFO | Episode 88/250 - Reward: 8.25, Length: 15, Loss: 1.4875
2026-03-17 02:32:24 | INFO | Episode 89/250 - Reward: 8.45, Length: 14, Loss: 1.4313
2026-03-17 02:32:25 | INFO | Episode 90/250 - Reward: 8.25, Length: 15, Loss: 1.1923
2026-03-17 02:32:25 | INFO | Episode 91/250 - Reward: 6.80, Length: 14, Loss: 1.7317
2026-03-17 02:32:26 | INFO | Episode 92/250 - Reward: 6.25, Length: 31, Loss: 0.7763
2026-03-17 02:32:27 | INFO | Episode 93/250 - Reward: 8.05, Length: 19, Loss: 1.3884
2026-03-17 02:32:27 | INFO | Episode 94/250 - Reward: 8.15, Length: 17, Loss: 1.2947
2026-03-17 02:32:28 | INFO | Episode 95/250 - Reward: 7.05, Length: 24, Loss: 1.1696
2026-03-17 02:32:29 | INFO | Episode 96/250 - Reward: 8.75, Length: 14, Loss: 1.4859
2026-03-17 02:32:29 | INFO | Episode 97/250 - Reward: 9.25, Length: 10, Loss: 1.2942
2026-03-17 02:32:30 | INFO | Episode 98/250 - Reward: 7.05, Length: 30, Loss: 0.8579
2026-03-17 02:32:31 | INFO | Episode 99/250 - Reward: 9.25, Length: 10, Loss: 1.2535
2026-03-17 02:32:31 | INFO | Episode 100/250 - Reward: 7.85, Length: 20, Loss: 1.1750
2026-03-17 02:32:31 | INFO | Episode 100/250 - Avg Reward: 3.39, Avg Length: 25.74, Avg Loss: 0.7901
2026-03-17 02:32:32 | INFO | Episode 101/250 - Reward: 7.85, Length: 20, Loss: 1.2450
2026-03-17 02:32:32 | INFO | Episode 102/250 - Reward: 9.05, Length: 11, Loss: 1.1515
2026-03-17 02:32:33 | INFO | Episode 103/250 - Reward: -7.40, Length: 40, Loss: -0.1698
2026-03-17 02:32:34 | INFO | Episode 104/250 - Reward: 7.05, Length: 24, Loss: 1.0430
2026-03-17 02:32:34 | INFO | Episode 105/250 - Reward: 7.95, Length: 18, Loss: 1.2535
2026-03-17 02:32:35 | INFO | Episode 106/250 - Reward: 6.25, Length: 28, Loss: 0.7569
2026-03-17 02:32:36 | INFO | Episode 107/250 - Reward: 7.15, Length: 25, Loss: 1.0935
2026-03-17 02:32:36 | INFO | Episode 108/250 - Reward: 8.35, Length: 16, Loss: 1.3323
2026-03-17 02:32:37 | INFO | Episode 109/250 - Reward: 6.85, Length: 25, Loss: 1.0292
2026-03-17 02:32:38 | INFO | Episode 110/250 - Reward: -6.20, Length: 40, Loss: 0.1388
2026-03-17 02:32:38 | INFO | Episode 111/250 - Reward: 8.65, Length: 13, Loss: 1.0992
2026-03-17 02:32:39 | INFO | Episode 112/250 - Reward: 9.25, Length: 10, Loss: 1.5019
2026-03-17 02:32:40 | INFO | Episode 113/250 - Reward: 8.55, Length: 15, Loss: 1.2774
2026-03-17 02:32:40 | INFO | Episode 114/250 - Reward: 8.35, Length: 16, Loss: 1.7672
2026-03-17 02:32:40 | INFO | Episode 115/250 - Reward: 6.45, Length: 24, Loss: 0.5704
2026-03-17 02:32:41 | INFO | Episode 116/250 - Reward: 9.15, Length: 12, Loss: 1.3674
2026-03-17 02:32:41 | INFO | Episode 117/250 - Reward: 9.45, Length: 9, Loss: 1.6581
2026-03-17 02:32:42 | INFO | Episode 118/250 - Reward: 6.55, Length: 25, Loss: 0.7673
2026-03-17 02:32:42 | INFO | Episode 119/250 - Reward: 5.80, Length: 25, Loss: 1.2241
2026-03-17 02:32:43 | INFO | Episode 120/250 - Reward: 7.95, Length: 18, Loss: 1.3101
2026-03-17 02:32:44 | INFO | Episode 121/250 - Reward: 9.45, Length: 9, Loss: 1.1889
2026-03-17 02:32:44 | INFO | Episode 122/250 - Reward: 9.45, Length: 9, Loss: 1.0061
2026-03-17 02:32:45 | INFO | Episode 123/250 - Reward: 8.45, Length: 17, Loss: 1.2974
2026-03-17 02:32:46 | INFO | Episode 124/250 - Reward: 9.35, Length: 11, Loss: 1.5868
2026-03-17 02:32:46 | INFO | Episode 125/250 - Reward: -7.55, Length: 40, Loss: -0.1738
2026-03-17 02:32:47 | INFO | Episode 126/250 - Reward: 9.65, Length: 8, Loss: 0.8541
2026-03-17 02:32:48 | INFO | Episode 127/250 - Reward: 9.15, Length: 12, Loss: 1.2302
2026-03-17 02:32:48 | INFO | Episode 128/250 - Reward: -7.55, Length: 40, Loss: -0.2342
2026-03-17 02:32:49 | INFO | Episode 129/250 - Reward: 9.05, Length: 11, Loss: 1.1110
2026-03-17 02:32:50 | INFO | Episode 130/250 - Reward: 9.45, Length: 9, Loss: 0.8679
2026-03-17 02:32:50 | INFO | Episode 131/250 - Reward: 8.55, Length: 15, Loss: 1.2275
2026-03-17 02:32:51 | INFO | Episode 132/250 - Reward: 9.65, Length: 8, Loss: 0.5645
2026-03-17 02:32:51 | INFO | Episode 133/250 - Reward: 9.05, Length: 11, Loss: 0.9375
2026-03-17 02:32:52 | INFO | Episode 134/250 - Reward: 9.65, Length: 8, Loss: 0.4594
2026-03-17 02:32:53 | INFO | Episode 135/250 - Reward: 5.95, Length: 28, Loss: 0.6076
2026-03-17 02:32:53 | INFO | Episode 136/250 - Reward: 9.25, Length: 10, Loss: 1.4153
2026-03-17 02:32:54 | INFO | Episode 137/250 - Reward: 8.65, Length: 16, Loss: 1.2002
2026-03-17 02:32:55 | INFO | Episode 138/250 - Reward: 9.45, Length: 9, Loss: 0.7958
2026-03-17 02:32:55 | INFO | Episode 139/250 - Reward: 9.25, Length: 10, Loss: 1.4287
2026-03-17 02:32:56 | INFO | Episode 140/250 - Reward: 9.25, Length: 13, Loss: 2.0593
2026-03-17 02:32:56 | INFO | Episode 141/250 - Reward: 9.25, Length: 10, Loss: 0.9115
2026-03-17 02:32:57 | INFO | Episode 142/250 - Reward: 9.45, Length: 9, Loss: 0.7010
2026-03-17 02:32:58 | INFO | Episode 143/250 - Reward: 9.45, Length: 9, Loss: 0.9560
2026-03-17 02:32:58 | INFO | Episode 144/250 - Reward: 9.65, Length: 8, Loss: 0.5498
2026-03-17 02:32:59 | INFO | Episode 145/250 - Reward: 9.45, Length: 9, Loss: 0.7728
2026-03-17 02:33:00 | INFO | Episode 146/250 - Reward: 9.25, Length: 10, Loss: 0.9582
2026-03-17 02:33:00 | INFO | Episode 147/250 - Reward: 9.15, Length: 12, Loss: 1.0517
2026-03-17 02:33:01 | INFO | Episode 148/250 - Reward: 8.05, Length: 16, Loss: 1.1144
2026-03-17 02:33:02 | INFO | Episode 149/250 - Reward: 7.85, Length: 20, Loss: 1.1225
2026-03-17 02:33:02 | INFO | Episode 150/250 - Reward: 8.05, Length: 16, Loss: 1.0858
2026-03-17 02:33:02 | INFO | Episode 150/250 - Avg Reward: 7.28, Avg Length: 16.54, Avg Loss: 1.0014
2026-03-17 02:33:03 | INFO | Episode 151/250 - Reward: 8.05, Length: 16, Loss: 0.9848
2026-03-17 02:33:03 | INFO | Episode 152/250 - Reward: 6.55, Length: 25, Loss: 1.0018
2026-03-17 02:33:04 | INFO | Episode 153/250 - Reward: 7.85, Length: 17, Loss: 0.8141
2026-03-17 02:33:05 | INFO | Episode 154/250 - Reward: 6.35, Length: 26, Loss: 0.7764
2026-03-17 02:33:05 | INFO | Episode 155/250 - Reward: 8.35, Length: 16, Loss: 1.0618
2026-03-17 02:33:06 | INFO | Episode 156/250 - Reward: 8.55, Length: 15, Loss: 1.2727
2026-03-17 02:33:07 | INFO | Episode 157/250 - Reward: 8.95, Length: 13, Loss: 1.3727
2026-03-17 02:33:07 | INFO | Episode 158/250 - Reward: 8.65, Length: 13, Loss: 0.8485
2026-03-17 02:33:08 | INFO | Episode 159/250 - Reward: 8.85, Length: 12, Loss: 1.2567
2026-03-17 02:33:09 | INFO | Episode 160/250 - Reward: 6.20, Length: 17, Loss: 1.3613
2026-03-17 02:33:09 | INFO | Episode 161/250 - Reward: 9.25, Length: 10, Loss: 1.0834
2026-03-17 02:33:10 | INFO | Episode 162/250 - Reward: 8.65, Length: 13, Loss: 0.9829
2026-03-17 02:33:11 | INFO | Episode 163/250 - Reward: 8.05, Length: 16, Loss: 1.1345
2026-03-17 02:33:11 | INFO | Episode 164/250 - Reward: 8.85, Length: 12, Loss: 0.9734
2026-03-17 02:33:11 | INFO | Episode 165/250 - Reward: 8.85, Length: 12, Loss: 0.9534
2026-03-17 02:33:12 | INFO | Episode 166/250 - Reward: 9.35, Length: 11, Loss: 1.2129
2026-03-17 02:33:12 | INFO | Episode 167/250 - Reward: 9.45, Length: 9, Loss: 0.6898
2026-03-17 02:33:13 | INFO | Episode 168/250 - Reward: 9.65, Length: 8, Loss: 0.4686
2026-03-17 02:33:14 | INFO | Episode 169/250 - Reward: 8.65, Length: 13, Loss: 1.2625
2026-03-17 02:33:14 | INFO | Episode 170/250 - Reward: 9.45, Length: 9, Loss: 0.6629
2026-03-17 02:33:15 | INFO | Episode 171/250 - Reward: 9.65, Length: 8, Loss: 0.4489
2026-03-17 02:33:15 | INFO | Episode 172/250 - Reward: 9.65, Length: 8, Loss: 0.3518
2026-03-17 02:33:16 | INFO | Episode 173/250 - Reward: 9.15, Length: 12, Loss: 1.5232
2026-03-17 02:33:17 | INFO | Episode 174/250 - Reward: 9.25, Length: 10, Loss: 1.0144
2026-03-17 02:33:17 | INFO | Episode 175/250 - Reward: 9.65, Length: 8, Loss: 0.3154
2026-03-17 02:33:18 | INFO | Episode 176/250 - Reward: 9.65, Length: 8, Loss: 0.2805
2026-03-17 02:33:19 | INFO | Episode 177/250 - Reward: 9.45, Length: 9, Loss: 0.6629
2026-03-17 02:33:19 | INFO | Episode 178/250 - Reward: 9.25, Length: 10, Loss: 1.1964
2026-03-17 02:33:20 | INFO | Episode 179/250 - Reward: 9.45, Length: 9, Loss: 0.6463
2026-03-17 02:33:21 | INFO | Episode 180/250 - Reward: 9.65, Length: 8, Loss: 0.2508
2026-03-17 02:33:21 | INFO | Episode 181/250 - Reward: 9.65, Length: 8, Loss: 0.2307
2026-03-17 02:33:22 | INFO | Episode 182/250 - Reward: 9.35, Length: 11, Loss: 1.0728
2026-03-17 02:33:23 | INFO | Episode 183/250 - Reward: 9.65, Length: 8, Loss: 0.2318
2026-03-17 02:33:23 | INFO | Episode 184/250 - Reward: 9.65, Length: 8, Loss: 0.2098
2026-03-17 02:33:24 | INFO | Episode 185/250 - Reward: 9.05, Length: 11, Loss: 1.0089
2026-03-17 02:33:24 | INFO | Episode 186/250 - Reward: 9.65, Length: 8, Loss: 0.2073
2026-03-17 02:33:25 | INFO | Episode 187/250 - Reward: 9.65, Length: 8, Loss: 0.1932
2026-03-17 02:33:26 | INFO | Episode 188/250 - Reward: 9.65, Length: 8, Loss: 0.1806
2026-03-17 02:33:26 | INFO | Episode 189/250 - Reward: 9.65, Length: 8, Loss: 0.1693
2026-03-17 02:33:27 | INFO | Episode 190/250 - Reward: 9.45, Length: 9, Loss: 0.5511
2026-03-17 02:33:28 | INFO | Episode 191/250 - Reward: 9.45, Length: 9, Loss: 0.8910
2026-03-17 02:33:28 | INFO | Episode 192/250 - Reward: 9.65, Length: 8, Loss: 0.1690
2026-03-17 02:33:29 | INFO | Episode 193/250 - Reward: 9.65, Length: 8, Loss: 0.1571
2026-03-17 02:33:30 | INFO | Episode 194/250 - Reward: 9.65, Length: 8, Loss: 0.1469
2026-03-17 02:33:30 | INFO | Episode 195/250 - Reward: 9.25, Length: 10, Loss: 0.9008
2026-03-17 02:33:31 | INFO | Episode 196/250 - Reward: 9.65, Length: 8, Loss: 0.1494
2026-03-17 02:33:32 | INFO | Episode 197/250 - Reward: 9.45, Length: 9, Loss: 0.5975
2026-03-17 02:33:32 | INFO | Episode 198/250 - Reward: -7.55, Length: 40, Loss: -0.2219
2026-03-17 02:33:33 | INFO | Episode 199/250 - Reward: 9.65, Length: 8, Loss: 0.1530
2026-03-17 02:33:33 | INFO | Episode 200/250 - Reward: 9.65, Length: 8, Loss: 0.1402
2026-03-17 02:33:33 | INFO | Episode 200/250 - Avg Reward: 8.74, Avg Length: 11.52, Avg Loss: 0.6801
2026-03-17 02:33:34 | INFO | Episode 201/250 - Reward: 9.65, Length: 8, Loss: 0.1303
2026-03-17 02:33:35 | INFO | Episode 202/250 - Reward: 9.65, Length: 8, Loss: 0.1222
2026-03-17 02:33:35 | INFO | Episode 203/250 - Reward: 9.45, Length: 9, Loss: 0.6034
2026-03-17 02:33:36 | INFO | Episode 204/250 - Reward: 9.65, Length: 8, Loss: 0.1223
2026-03-17 02:33:37 | INFO | Episode 205/250 - Reward: 9.65, Length: 8, Loss: 0.1155
2026-03-17 02:33:37 | INFO | Episode 206/250 - Reward: 9.65, Length: 8, Loss: 0.1094
2026-03-17 02:33:38 | INFO | Episode 207/250 - Reward: 9.45, Length: 9, Loss: 0.5558
2026-03-17 02:33:39 | INFO | Episode 208/250 - Reward: 9.25, Length: 10, Loss: 0.7430
2026-03-17 02:33:39 | INFO | Episode 209/250 - Reward: 9.65, Length: 8, Loss: 0.1663
2026-03-17 02:33:40 | INFO | Episode 210/250 - Reward: 9.65, Length: 8, Loss: 0.1432
2026-03-17 02:33:41 | INFO | Episode 211/250 - Reward: 9.65, Length: 8, Loss: 0.1269
2026-03-17 02:33:41 | INFO | Episode 212/250 - Reward: 9.65, Length: 8, Loss: 0.1148
2026-03-17 02:33:42 | INFO | Episode 213/250 - Reward: 9.65, Length: 8, Loss: 0.1056
2026-03-17 02:33:43 | INFO | Episode 214/250 - Reward: 9.25, Length: 10, Loss: 0.7992
2026-03-17 02:33:42 | INFO | Episode 215/250 - Reward: 9.45, Length: 9, Loss: 0.4236
2026-03-17 02:33:43 | INFO | Episode 216/250 - Reward: 9.55, Length: 10, Loss: 1.7528
2026-03-17 02:33:44 | INFO | Episode 217/250 - Reward: 9.45, Length: 9, Loss: 0.4175
2026-03-17 02:33:44 | INFO | Episode 218/250 - Reward: 9.65, Length: 8, Loss: 0.1919
2026-03-17 02:33:45 | INFO | Episode 219/250 - Reward: 9.45, Length: 9, Loss: 0.4241
2026-03-17 02:33:45 | INFO | Episode 220/250 - Reward: 9.25, Length: 10, Loss: 0.5686
2026-03-17 02:33:46 | INFO | Episode 221/250 - Reward: 9.45, Length: 9, Loss: 0.3958
2026-03-17 02:33:47 | INFO | Episode 222/250 - Reward: 9.45, Length: 9, Loss: 1.3690
2026-03-17 02:33:47 | INFO | Episode 223/250 - Reward: 9.25, Length: 10, Loss: 1.0565
2026-03-17 02:33:48 | INFO | Episode 224/250 - Reward: 9.25, Length: 10, Loss: 0.5515
2026-03-17 02:33:48 | INFO | Episode 225/250 - Reward: 8.65, Length: 13, Loss: 0.9654
2026-03-17 02:33:49 | INFO | Episode 226/250 - Reward: 8.25, Length: 15, Loss: 0.8854
2026-03-17 02:33:49 | INFO | Episode 227/250 - Reward: 9.45, Length: 9, Loss: 0.5024
2026-03-17 02:33:50 | INFO | Episode 228/250 - Reward: 9.65, Length: 8, Loss: 0.3450
2026-03-17 02:33:50 | INFO | Episode 229/250 - Reward: 9.65, Length: 8, Loss: 0.2397
2026-03-17 02:33:50 | INFO | Episode 230/250 - Reward: 9.65, Length: 8, Loss: 0.1856
2026-03-17 02:33:51 | INFO | Episode 231/250 - Reward: 9.65, Length: 8, Loss: 0.1529
2026-03-17 02:33:51 | INFO | Episode 232/250 - Reward: 9.45, Length: 9, Loss: 1.2728
2026-03-17 02:33:52 | INFO | Episode 233/250 - Reward: 9.65, Length: 8, Loss: 0.1157
2026-03-17 02:33:52 | INFO | Episode 234/250 - Reward: 9.65, Length: 8, Loss: 0.1076
2026-03-17 02:33:53 | INFO | Episode 235/250 - Reward: 9.25, Length: 10, Loss: 0.8276
2026-03-17 02:33:53 | INFO | Episode 236/250 - Reward: 9.65, Length: 8, Loss: 0.1441
2026-03-17 02:33:54 | INFO | Episode 237/250 - Reward: 9.65, Length: 8, Loss: 0.1264
2026-03-17 02:33:54 | INFO | Episode 238/250 - Reward: 9.65, Length: 8, Loss: 0.1136
2026-03-17 02:33:55 | INFO | Episode 239/250 - Reward: 9.65, Length: 8, Loss: 0.1038
2026-03-17 02:33:55 | INFO | Episode 240/250 - Reward: 9.65, Length: 8, Loss: 0.0961
2026-03-17 02:33:56 | INFO | Episode 241/250 - Reward: 9.45, Length: 9, Loss: 1.1427
2026-03-17 02:33:56 | INFO | Episode 242/250 - Reward: 9.65, Length: 8, Loss: 0.0902
2026-03-17 02:33:57 | INFO | Episode 243/250 - Reward: 9.65, Length: 8, Loss: 0.0861
2026-03-17 02:33:57 | INFO | Episode 244/250 - Reward: 9.65, Length: 8, Loss: 0.0824
2026-03-17 02:33:58 | INFO | Episode 245/250 - Reward: 9.55, Length: 10, Loss: 0.8960
2026-03-17 02:33:58 | INFO | Episode 246/250 - Reward: 9.05, Length: 11, Loss: 1.4699
2026-03-17 02:33:59 | INFO | Episode 247/250 - Reward: 9.65, Length: 8, Loss: 0.1153
2026-03-17 02:33:59 | INFO | Episode 248/250 - Reward: 9.65, Length: 8, Loss: 0.1056
2026-03-17 02:34:00 | INFO | Episode 249/250 - Reward: 9.05, Length: 11, Loss: 1.9554
2026-03-17 02:34:00 | INFO | Episode 250/250 - Reward: 8.85, Length: 12, Loss: 1.5901
2026-03-17 02:34:00 | INFO | Episode 250/250 - Avg Reward: 9.47, Avg Length: 8.96, Avg Loss: 0.4965
