2026-03-17 02:36:41 | INFO | ============================================================
2026-03-17 02:36:41 | INFO | DEVICE / COMPUTE INFORMATION
2026-03-17 02:36:41 | INFO |   JAX backend       : GPU
2026-03-17 02:36:41 | INFO |   Platform          : gpu
2026-03-17 02:36:41 | INFO |   Num devices       : 1
2026-03-17 02:36:41 | INFO |   Device            : cuda:0
2026-03-17 02:36:41 | INFO |   GPU name          : NVIDIA GeForce RTX 5060 Laptop GPU
2026-03-17 02:36:41 | INFO | ============================================================
2026-03-17 02:36:41 | INFO | ✓ JAX GPU backend confirmed.
2026-03-17 02:36:42 | INFO | REINFORCE seed=9_gamma=0.99_lr=0.001
2026-03-17 02:36:45 | INFO | Episode 1/250 - Reward: -7.85, Length: 40, Loss: -0.4280
2026-03-17 02:36:46 | INFO | Episode 2/250 - Reward: -4.40, Length: 40, Loss: -0.3592
2026-03-17 02:36:46 | INFO | Episode 3/250 - Reward: -4.40, Length: 40, Loss: -0.3763
2026-03-17 02:36:46 | INFO | Episode 4/250 - Reward: -5.75, Length: 40, Loss: -0.4617
2026-03-17 02:36:47 | INFO | Episode 5/250 - Reward: -4.70, Length: 40, Loss: -0.3630
2026-03-17 02:36:47 | INFO | Episode 6/250 - Reward: -5.75, Length: 40, Loss: -0.4444
2026-03-17 02:36:48 | INFO | Episode 7/250 - Reward: -5.00, Length: 40, Loss: -0.3773
2026-03-17 02:36:48 | INFO | Episode 8/250 - Reward: -5.15, Length: 40, Loss: -0.3678
2026-03-17 02:36:49 | INFO | Episode 9/250 - Reward: -4.85, Length: 40, Loss: -0.4891
2026-03-17 02:36:49 | INFO | Episode 10/250 - Reward: -6.65, Length: 40, Loss: -0.4946
2026-03-17 02:36:50 | INFO | Episode 11/250 - Reward: -5.00, Length: 40, Loss: -0.4380
2026-03-17 02:36:50 | INFO | Episode 12/250 - Reward: -5.30, Length: 40, Loss: -0.4628
2026-03-17 02:36:51 | INFO | Episode 13/250 - Reward: 5.85, Length: 39, Loss: 0.6291
2026-03-17 02:36:51 | INFO | Episode 14/250 - Reward: -4.40, Length: 40, Loss: -0.3910
2026-03-17 02:36:51 | INFO | Episode 15/250 - Reward: -4.70, Length: 40, Loss: -0.4079
2026-03-17 02:36:51 | INFO | Episode 16/250 - Reward: 6.85, Length: 31, Loss: 1.0378
2026-03-17 02:36:52 | INFO | Episode 17/250 - Reward: -6.95, Length: 40, Loss: -0.5546
2026-03-17 02:36:52 | INFO | Episode 18/250 - Reward: -3.95, Length: 40, Loss: -0.4565
2026-03-17 02:36:53 | INFO | Episode 19/250 - Reward: -4.55, Length: 40, Loss: -0.4552
2026-03-17 02:36:53 | INFO | Episode 20/250 - Reward: -5.30, Length: 40, Loss: -0.4524
2026-03-17 02:36:54 | INFO | Episode 21/250 - Reward: -3.95, Length: 40, Loss: -0.4477
2026-03-17 02:36:54 | INFO | Episode 22/250 - Reward: -5.15, Length: 40, Loss: -0.4746
2026-03-17 02:36:55 | INFO | Episode 23/250 - Reward: -4.40, Length: 40, Loss: -0.4055
2026-03-17 02:36:55 | INFO | Episode 24/250 - Reward: -4.40, Length: 40, Loss: -0.4481
2026-03-17 02:36:56 | INFO | Episode 25/250 - Reward: -5.45, Length: 40, Loss: -0.4113
2026-03-17 02:36:56 | INFO | Episode 26/250 - Reward: 3.80, Length: 38, Loss: 0.6380
2026-03-17 02:36:57 | INFO | Episode 27/250 - Reward: -4.40, Length: 40, Loss: -0.4064
2026-03-17 02:36:57 | INFO | Episode 28/250 - Reward: 7.45, Length: 22, Loss: 1.5226
2026-03-17 02:36:58 | INFO | Episode 29/250 - Reward: -4.55, Length: 40, Loss: -0.4339
2026-03-17 02:36:58 | INFO | Episode 30/250 - Reward: -4.25, Length: 40, Loss: -0.4284
2026-03-17 02:36:59 | INFO | Episode 31/250 - Reward: -4.40, Length: 40, Loss: -0.4112
2026-03-17 02:36:59 | INFO | Episode 32/250 - Reward: -4.70, Length: 40, Loss: -0.4386
2026-03-17 02:37:00 | INFO | Episode 33/250 - Reward: -5.90, Length: 40, Loss: -0.4802
2026-03-17 02:37:00 | INFO | Episode 34/250 - Reward: -4.85, Length: 40, Loss: -0.4278
2026-03-17 02:37:00 | INFO | Episode 35/250 - Reward: -4.85, Length: 40, Loss: -0.4593
2026-03-17 02:37:01 | INFO | Episode 36/250 - Reward: -4.85, Length: 40, Loss: -0.4096
2026-03-17 02:37:01 | INFO | Episode 37/250 - Reward: 6.20, Length: 23, Loss: 1.4992
2026-03-17 02:37:02 | INFO | Episode 38/250 - Reward: -5.15, Length: 40, Loss: -0.4792
2026-03-17 02:37:02 | INFO | Episode 39/250 - Reward: -3.95, Length: 40, Loss: -0.4724
2026-03-17 02:37:03 | INFO | Episode 40/250 - Reward: -5.15, Length: 40, Loss: -0.4732
2026-03-17 02:37:03 | INFO | Episode 41/250 - Reward: -5.30, Length: 40, Loss: -0.3622
2026-03-17 02:37:04 | INFO | Episode 42/250 - Reward: -5.45, Length: 40, Loss: -0.4194
2026-03-17 02:37:04 | INFO | Episode 43/250 - Reward: -7.85, Length: 40, Loss: -0.4506
2026-03-17 02:37:05 | INFO | Episode 44/250 - Reward: -5.45, Length: 40, Loss: -0.4784
2026-03-17 02:37:05 | INFO | Episode 45/250 - Reward: -7.40, Length: 40, Loss: -0.4968
2026-03-17 02:37:06 | INFO | Episode 46/250 - Reward: -5.15, Length: 40, Loss: -0.4000
2026-03-17 02:37:06 | INFO | Episode 47/250 - Reward: -4.25, Length: 40, Loss: -0.5001
2026-03-17 02:37:07 | INFO | Episode 48/250 - Reward: -4.85, Length: 40, Loss: -0.4567
2026-03-17 02:37:07 | INFO | Episode 49/250 - Reward: -5.15, Length: 40, Loss: -0.4396
2026-03-17 02:37:08 | INFO | Episode 50/250 - Reward: -3.80, Length: 40, Loss: -0.4562
2026-03-17 02:37:08 | INFO | Episode 50/250 - Avg Reward: -3.99, Avg Length: 39.06, Avg Loss: -0.2884
2026-03-17 02:37:08 | INFO | Episode 51/250 - Reward: -5.30, Length: 40, Loss: -0.4187
2026-03-17 02:37:09 | INFO | Episode 52/250 - Reward: -3.50, Length: 40, Loss: -0.3804
2026-03-17 02:37:09 | INFO | Episode 53/250 - Reward: -3.65, Length: 40, Loss: -0.4707
2026-03-17 02:37:10 | INFO | Episode 54/250 - Reward: -5.30, Length: 40, Loss: -0.4756
2026-03-17 02:37:10 | INFO | Episode 55/250 - Reward: 6.05, Length: 38, Loss: 0.7219
2026-03-17 02:37:11 | INFO | Episode 56/250 - Reward: -4.55, Length: 40, Loss: -0.4688
2026-03-17 02:37:11 | INFO | Episode 57/250 - Reward: -5.75, Length: 40, Loss: -0.3813
2026-03-17 02:37:12 | INFO | Episode 58/250 - Reward: -4.85, Length: 40, Loss: -0.4400
2026-03-17 02:37:12 | INFO | Episode 59/250 - Reward: -6.65, Length: 40, Loss: -0.4905
2026-03-17 02:37:13 | INFO | Episode 60/250 - Reward: -5.00, Length: 40, Loss: -0.4220
2026-03-17 02:37:13 | INFO | Episode 61/250 - Reward: -4.85, Length: 40, Loss: -0.4591
2026-03-17 02:37:14 | INFO | Episode 62/250 - Reward: -4.85, Length: 40, Loss: -0.4390
2026-03-17 02:37:14 | INFO | Episode 63/250 - Reward: -3.95, Length: 40, Loss: -0.4638
2026-03-17 02:37:15 | INFO | Episode 64/250 - Reward: -4.55, Length: 40, Loss: -0.4672
2026-03-17 02:37:15 | INFO | Episode 65/250 - Reward: -4.10, Length: 40, Loss: -0.4375
2026-03-17 02:37:15 | INFO | Episode 66/250 - Reward: -5.60, Length: 40, Loss: -0.4383
2026-03-17 02:37:16 | INFO | Episode 67/250 - Reward: -3.65, Length: 40, Loss: -0.4935
2026-03-17 02:37:16 | INFO | Episode 68/250 - Reward: -5.75, Length: 40, Loss: -0.4506
2026-03-17 02:37:17 | INFO | Episode 69/250 - Reward: -8.60, Length: 40, Loss: -0.4888
2026-03-17 02:37:17 | INFO | Episode 70/250 - Reward: -6.35, Length: 40, Loss: -0.4026
2026-03-17 02:37:18 | INFO | Episode 71/250 - Reward: -5.75, Length: 40, Loss: -0.4390
2026-03-17 02:37:18 | INFO | Episode 72/250 - Reward: 8.95, Length: 13, Loss: 2.4914
2026-03-17 02:37:19 | INFO | Episode 73/250 - Reward: -4.70, Length: 40, Loss: -0.3880
2026-03-17 02:37:19 | INFO | Episode 74/250 - Reward: -4.25, Length: 40, Loss: -0.4112
2026-03-17 02:37:20 | INFO | Episode 75/250 - Reward: -5.15, Length: 40, Loss: -0.4252
2026-03-17 02:37:20 | INFO | Episode 76/250 - Reward: -3.95, Length: 40, Loss: -0.3514
2026-03-17 02:37:21 | INFO | Episode 77/250 - Reward: -5.30, Length: 40, Loss: -0.4405
2026-03-17 02:37:21 | INFO | Episode 78/250 - Reward: -4.25, Length: 40, Loss: -0.4316
2026-03-17 02:37:22 | INFO | Episode 79/250 - Reward: -4.70, Length: 40, Loss: -0.4502
2026-03-17 02:37:22 | INFO | Episode 80/250 - Reward: -3.50, Length: 40, Loss: -0.4165
2026-03-17 02:37:23 | INFO | Episode 81/250 - Reward: -4.25, Length: 40, Loss: -0.4766
2026-03-17 02:37:22 | INFO | Episode 82/250 - Reward: -5.75, Length: 40, Loss: -0.3932
2026-03-17 02:37:23 | INFO | Episode 83/250 - Reward: -4.25, Length: 40, Loss: -0.4078
2026-03-17 02:37:23 | INFO | Episode 84/250 - Reward: -4.85, Length: 40, Loss: -0.4645
2026-03-17 02:37:24 | INFO | Episode 85/250 - Reward: 6.65, Length: 35, Loss: 0.8736
2026-03-17 02:37:24 | INFO | Episode 86/250 - Reward: -4.10, Length: 40, Loss: -0.4478
2026-03-17 02:37:25 | INFO | Episode 87/250 - Reward: -5.00, Length: 40, Loss: -0.4488
2026-03-17 02:37:25 | INFO | Episode 88/250 - Reward: -4.85, Length: 40, Loss: -0.4972
2026-03-17 02:37:26 | INFO | Episode 89/250 - Reward: -5.60, Length: 40, Loss: -0.4352
2026-03-17 02:37:26 | INFO | Episode 90/250 - Reward: -5.30, Length: 40, Loss: -0.4478
2026-03-17 02:37:27 | INFO | Episode 91/250 - Reward: -5.15, Length: 40, Loss: -0.4312
2026-03-17 02:37:27 | INFO | Episode 92/250 - Reward: -5.00, Length: 40, Loss: -0.4141
2026-03-17 02:37:28 | INFO | Episode 93/250 - Reward: -11.00, Length: 40, Loss: -0.6309
2026-03-17 02:37:29 | INFO | Episode 94/250 - Reward: -4.55, Length: 40, Loss: -0.4619
2026-03-17 02:37:29 | INFO | Episode 95/250 - Reward: -5.45, Length: 40, Loss: -0.4860
2026-03-17 02:37:30 | INFO | Episode 96/250 - Reward: -5.00, Length: 40, Loss: -0.4944
2026-03-17 02:37:31 | INFO | Episode 97/250 - Reward: -5.45, Length: 40, Loss: -0.4193
2026-03-17 02:37:31 | INFO | Episode 98/250 - Reward: -4.55, Length: 40, Loss: -0.4297
2026-03-17 02:37:32 | INFO | Episode 99/250 - Reward: -3.80, Length: 40, Loss: -0.4289
2026-03-17 02:37:32 | INFO | Episode 100/250 - Reward: -5.60, Length: 40, Loss: -0.4730
2026-03-17 02:37:32 | INFO | Episode 100/250 - Avg Reward: -4.32, Avg Length: 39.32, Avg Loss: -0.3369
2026-03-17 02:37:33 | INFO | Episode 101/250 - Reward: -4.10, Length: 40, Loss: -0.5149
2026-03-17 02:37:34 | INFO | Episode 102/250 - Reward: -6.05, Length: 40, Loss: -0.4551
2026-03-17 02:37:34 | INFO | Episode 103/250 - Reward: -4.55, Length: 40, Loss: -0.4869
2026-03-17 02:37:35 | INFO | Episode 104/250 - Reward: -6.05, Length: 40, Loss: -0.3905
2026-03-17 02:37:36 | INFO | Episode 105/250 - Reward: -4.25, Length: 40, Loss: -0.4210
2026-03-17 02:37:36 | INFO | Episode 106/250 - Reward: -4.85, Length: 40, Loss: -0.4580
2026-03-17 02:37:37 | INFO | Episode 107/250 - Reward: -5.15, Length: 40, Loss: -0.4366
2026-03-17 02:37:37 | INFO | Episode 108/250 - Reward: -5.30, Length: 40, Loss: -0.4374
2026-03-17 02:37:38 | INFO | Episode 109/250 - Reward: -4.55, Length: 40, Loss: -0.4987
2026-03-17 02:37:39 | INFO | Episode 110/250 - Reward: -4.70, Length: 40, Loss: -0.4226
2026-03-17 02:37:39 | INFO | Episode 111/250 - Reward: -4.40, Length: 40, Loss: -0.3888
2026-03-17 02:37:40 | INFO | Episode 112/250 - Reward: -4.10, Length: 40, Loss: -0.3710
2026-03-17 02:37:41 | INFO | Episode 113/250 - Reward: -6.05, Length: 40, Loss: -0.4765
2026-03-17 02:37:41 | INFO | Episode 114/250 - Reward: -3.95, Length: 40, Loss: -0.4018
2026-03-17 02:37:42 | INFO | Episode 115/250 - Reward: -5.60, Length: 40, Loss: -0.4307
2026-03-17 02:37:43 | INFO | Episode 116/250 - Reward: -5.30, Length: 40, Loss: -0.4187
2026-03-17 02:37:43 | INFO | Episode 117/250 - Reward: 6.35, Length: 32, Loss: 1.0237
2026-03-17 02:37:44 | INFO | Episode 118/250 - Reward: -4.85, Length: 40, Loss: -0.4143
2026-03-17 02:37:45 | INFO | Episode 119/250 - Reward: -4.40, Length: 40, Loss: -0.4212
2026-03-17 02:37:45 | INFO | Episode 120/250 - Reward: -7.25, Length: 40, Loss: -0.4513
2026-03-17 02:37:46 | INFO | Episode 121/250 - Reward: -4.25, Length: 40, Loss: -0.3831
2026-03-17 02:37:46 | INFO | Episode 122/250 - Reward: 5.60, Length: 23, Loss: 1.4605
2026-03-17 02:37:47 | INFO | Episode 123/250 - Reward: -4.40, Length: 40, Loss: -0.4180
2026-03-17 02:37:48 | INFO | Episode 124/250 - Reward: -4.40, Length: 40, Loss: -0.4604
2026-03-17 02:37:48 | INFO | Episode 125/250 - Reward: -4.40, Length: 40, Loss: -0.4300
2026-03-17 02:37:49 | INFO | Episode 126/250 - Reward: -5.15, Length: 40, Loss: -0.3948
2026-03-17 02:37:50 | INFO | Episode 127/250 - Reward: -4.55, Length: 40, Loss: -0.4934
2026-03-17 02:37:50 | INFO | Episode 128/250 - Reward: -4.40, Length: 40, Loss: -0.4003
2026-03-17 02:37:51 | INFO | Episode 129/250 - Reward: -4.25, Length: 40, Loss: -0.4191
2026-03-17 02:37:51 | INFO | Episode 130/250 - Reward: -9.05, Length: 40, Loss: -0.4250
2026-03-17 02:37:52 | INFO | Episode 131/250 - Reward: -5.15, Length: 40, Loss: -0.4083
2026-03-17 02:37:53 | INFO | Episode 132/250 - Reward: 6.55, Length: 31, Loss: 1.0689
2026-03-17 02:37:53 | INFO | Episode 133/250 - Reward: -5.15, Length: 40, Loss: -0.4559
2026-03-17 02:37:54 | INFO | Episode 134/250 - Reward: -5.00, Length: 40, Loss: -0.4406
2026-03-17 02:37:54 | INFO | Episode 135/250 - Reward: 5.10, Length: 33, Loss: 0.9082
2026-03-17 02:37:54 | INFO | Episode 136/250 - Reward: -5.00, Length: 40, Loss: -0.4777
2026-03-17 02:37:55 | INFO | Episode 137/250 - Reward: -4.40, Length: 40, Loss: -0.4253
2026-03-17 02:37:55 | INFO | Episode 138/250 - Reward: -8.15, Length: 40, Loss: -0.5671
2026-03-17 02:37:56 | INFO | Episode 139/250 - Reward: -4.70, Length: 40, Loss: -0.4331
2026-03-17 02:37:57 | INFO | Episode 140/250 - Reward: 4.10, Length: 38, Loss: 0.6265
2026-03-17 02:37:57 | INFO | Episode 141/250 - Reward: -5.00, Length: 40, Loss: -0.4748
2026-03-17 02:37:58 | INFO | Episode 142/250 - Reward: -4.25, Length: 40, Loss: -0.4427
2026-03-17 02:37:59 | INFO | Episode 143/250 - Reward: -5.45, Length: 40, Loss: -0.4262
2026-03-17 02:37:59 | INFO | Episode 144/250 - Reward: -4.55, Length: 40, Loss: -0.4331
2026-03-17 02:38:00 | INFO | Episode 145/250 - Reward: -13.70, Length: 40, Loss: -0.5020
2026-03-17 02:38:00 | INFO | Episode 146/250 - Reward: -4.10, Length: 40, Loss: -0.3858
2026-03-17 02:38:01 | INFO | Episode 147/250 - Reward: -4.85, Length: 40, Loss: -0.4174
2026-03-17 02:38:02 | INFO | Episode 148/250 - Reward: -6.80, Length: 40, Loss: -0.5061
2026-03-17 02:38:02 | INFO | Episode 149/250 - Reward: -5.00, Length: 40, Loss: -0.4121
2026-03-17 02:38:03 | INFO | Episode 150/250 - Reward: -3.65, Length: 40, Loss: -0.4514
2026-03-17 02:38:03 | INFO | Episode 150/250 - Avg Reward: -4.15, Avg Length: 39.14, Avg Loss: -0.2938
2026-03-17 02:38:04 | INFO | Episode 151/250 - Reward: -5.00, Length: 40, Loss: -0.4014
2026-03-17 02:38:04 | INFO | Episode 152/250 - Reward: -4.85, Length: 40, Loss: -0.4679
2026-03-17 02:38:05 | INFO | Episode 153/250 - Reward: -5.15, Length: 40, Loss: -0.4399
2026-03-17 02:38:05 | INFO | Episode 154/250 - Reward: -4.85, Length: 40, Loss: -0.3355
2026-03-17 02:38:06 | INFO | Episode 155/250 - Reward: -4.85, Length: 40, Loss: -0.4048
2026-03-17 02:38:07 | INFO | Episode 156/250 - Reward: -4.10, Length: 40, Loss: -0.4395
2026-03-17 02:38:07 | INFO | Episode 157/250 - Reward: -4.40, Length: 40, Loss: -0.4448
2026-03-17 02:38:08 | INFO | Episode 158/250 - Reward: -4.55, Length: 40, Loss: -0.4377
2026-03-17 02:38:09 | INFO | Episode 159/250 - Reward: -5.00, Length: 40, Loss: -0.4202
2026-03-17 02:38:09 | INFO | Episode 160/250 - Reward: -4.70, Length: 40, Loss: -0.4706
2026-03-17 02:38:10 | INFO | Episode 161/250 - Reward: -5.75, Length: 40, Loss: -0.4380
2026-03-17 02:38:11 | INFO | Episode 162/250 - Reward: -8.00, Length: 40, Loss: -0.5094
2026-03-17 02:38:11 | INFO | Episode 163/250 - Reward: 4.45, Length: 40, Loss: 0.5113
2026-03-17 02:38:12 | INFO | Episode 164/250 - Reward: -4.85, Length: 40, Loss: -0.4180
2026-03-17 02:38:12 | INFO | Episode 165/250 - Reward: -6.95, Length: 40, Loss: -0.5020
2026-03-17 02:38:13 | INFO | Episode 166/250 - Reward: -5.00, Length: 40, Loss: -0.4582
2026-03-17 02:38:14 | INFO | Episode 167/250 - Reward: -4.70, Length: 40, Loss: -0.4692
2026-03-17 02:38:14 | INFO | Episode 168/250 - Reward: -3.80, Length: 40, Loss: -0.4458
2026-03-17 02:38:15 | INFO | Episode 169/250 - Reward: -5.45, Length: 40, Loss: -0.4051
2026-03-17 02:38:16 | INFO | Episode 170/250 - Reward: -4.85, Length: 40, Loss: -0.3490
2026-03-17 02:38:16 | INFO | Episode 171/250 - Reward: -4.70, Length: 40, Loss: -0.4319
2026-03-17 02:38:17 | INFO | Episode 172/250 - Reward: -4.85, Length: 40, Loss: -0.4543
2026-03-17 02:38:17 | INFO | Episode 173/250 - Reward: -4.10, Length: 40, Loss: -0.3956
2026-03-17 02:38:18 | INFO | Episode 174/250 - Reward: -5.00, Length: 40, Loss: -0.4433
2026-03-17 02:38:19 | INFO | Episode 175/250 - Reward: -4.70, Length: 40, Loss: -0.4746
2026-03-17 02:38:19 | INFO | Episode 176/250 - Reward: -5.15, Length: 40, Loss: -0.4838
2026-03-17 02:38:20 | INFO | Episode 177/250 - Reward: -5.30, Length: 40, Loss: -0.4273
2026-03-17 02:38:21 | INFO | Episode 178/250 - Reward: -5.30, Length: 40, Loss: -0.4690
2026-03-17 02:38:21 | INFO | Episode 179/250 - Reward: -4.85, Length: 40, Loss: -0.4187
2026-03-17 02:38:22 | INFO | Episode 180/250 - Reward: -4.85, Length: 40, Loss: -0.3862
2026-03-17 02:38:22 | INFO | Episode 181/250 - Reward: -3.95, Length: 40, Loss: -0.4050
2026-03-17 02:38:23 | INFO | Episode 182/250 - Reward: -4.55, Length: 40, Loss: -0.4005
2026-03-17 02:38:24 | INFO | Episode 183/250 - Reward: -4.55, Length: 40, Loss: -0.4648
2026-03-17 02:38:24 | INFO | Episode 184/250 - Reward: -4.25, Length: 40, Loss: -0.4480
2026-03-17 02:38:25 | INFO | Episode 185/250 - Reward: -4.70, Length: 40, Loss: -0.4509
2026-03-17 02:38:25 | INFO | Episode 186/250 - Reward: -6.20, Length: 40, Loss: -0.5157
2026-03-17 02:38:25 | INFO | Episode 187/250 - Reward: -3.95, Length: 40, Loss: -0.4716
2026-03-17 02:38:26 | INFO | Episode 188/250 - Reward: -5.30, Length: 40, Loss: -0.3874
2026-03-17 02:38:26 | INFO | Episode 189/250 - Reward: -4.40, Length: 40, Loss: -0.4207
2026-03-17 02:38:27 | INFO | Episode 190/250 - Reward: -4.85, Length: 40, Loss: -0.4566
2026-03-17 02:38:28 | INFO | Episode 191/250 - Reward: -4.85, Length: 40, Loss: -0.4253
2026-03-17 02:38:28 | INFO | Episode 192/250 - Reward: -4.85, Length: 40, Loss: -0.4124
2026-03-17 02:38:29 | INFO | Episode 193/250 - Reward: -5.30, Length: 40, Loss: -0.4495
2026-03-17 02:38:30 | INFO | Episode 194/250 - Reward: -3.65, Length: 40, Loss: -0.3881
2026-03-17 02:38:30 | INFO | Episode 195/250 - Reward: -4.70, Length: 40, Loss: -0.4974
2026-03-17 02:38:31 | INFO | Episode 196/250 - Reward: -6.50, Length: 40, Loss: -0.5625
2026-03-17 02:38:31 | INFO | Episode 197/250 - Reward: -5.60, Length: 40, Loss: -0.4629
2026-03-17 02:38:32 | INFO | Episode 198/250 - Reward: -5.30, Length: 40, Loss: -0.3940
2026-03-17 02:38:33 | INFO | Episode 199/250 - Reward: -4.70, Length: 40, Loss: -0.4578
2026-03-17 02:38:33 | INFO | Episode 200/250 - Reward: -4.25, Length: 40, Loss: -0.4268
2026-03-17 02:38:33 | INFO | Episode 200/250 - Avg Reward: -4.75, Avg Length: 40.00, Avg Loss: -0.4206
2026-03-17 02:38:34 | INFO | Episode 201/250 - Reward: -5.00, Length: 40, Loss: -0.4906
2026-03-17 02:38:34 | INFO | Episode 202/250 - Reward: 8.75, Length: 14, Loss: 2.3840
2026-03-17 02:38:35 | INFO | Episode 203/250 - Reward: -3.65, Length: 40, Loss: -0.4772
2026-03-17 02:38:36 | INFO | Episode 204/250 - Reward: -5.00, Length: 40, Loss: -0.4108
2026-03-17 02:38:36 | INFO | Episode 205/250 - Reward: 5.30, Length: 29, Loss: 1.1253
2026-03-17 02:38:37 | INFO | Episode 206/250 - Reward: -4.10, Length: 40, Loss: -0.5040
2026-03-17 02:38:38 | INFO | Episode 207/250 - Reward: -5.45, Length: 40, Loss: -0.4137
2026-03-17 02:38:38 | INFO | Episode 208/250 - Reward: -4.85, Length: 40, Loss: -0.4417
2026-03-17 02:38:39 | INFO | Episode 209/250 - Reward: -4.70, Length: 40, Loss: -0.4994
2026-03-17 02:38:40 | INFO | Episode 210/250 - Reward: -3.95, Length: 40, Loss: -0.4583
2026-03-17 02:38:40 | INFO | Episode 211/250 - Reward: -5.15, Length: 40, Loss: -0.4939
2026-03-17 02:38:41 | INFO | Episode 212/250 - Reward: 4.90, Length: 28, Loss: 1.1586
2026-03-17 02:38:42 | INFO | Episode 213/250 - Reward: -5.60, Length: 40, Loss: -0.4625
2026-03-17 02:38:42 | INFO | Episode 214/250 - Reward: 8.95, Length: 13, Loss: 2.3594
2026-03-17 02:38:43 | INFO | Episode 215/250 - Reward: -4.70, Length: 40, Loss: -0.4132
2026-03-17 02:38:43 | INFO | Episode 216/250 - Reward: -5.45, Length: 40, Loss: -0.4583
2026-03-17 02:38:44 | INFO | Episode 217/250 - Reward: -4.10, Length: 40, Loss: -0.4382
2026-03-17 02:38:45 | INFO | Episode 218/250 - Reward: -6.20, Length: 40, Loss: -0.4944
2026-03-17 02:38:45 | INFO | Episode 219/250 - Reward: -4.40, Length: 40, Loss: -0.4307
2026-03-17 02:38:46 | INFO | Episode 220/250 - Reward: 2.25, Length: 39, Loss: 0.4864
2026-03-17 02:38:47 | INFO | Episode 221/250 - Reward: -5.75, Length: 40, Loss: -0.3535
2026-03-17 02:38:47 | INFO | Episode 222/250 - Reward: -5.60, Length: 40, Loss: -0.4314
2026-03-17 02:38:48 | INFO | Episode 223/250 - Reward: -4.70, Length: 40, Loss: -0.5097
2026-03-17 02:38:48 | INFO | Episode 224/250 - Reward: -4.25, Length: 40, Loss: -0.4421
2026-03-17 02:38:49 | INFO | Episode 225/250 - Reward: -3.95, Length: 40, Loss: -0.4967
2026-03-17 02:38:50 | INFO | Episode 226/250 - Reward: -4.85, Length: 40, Loss: -0.4944
2026-03-17 02:38:50 | INFO | Episode 227/250 - Reward: -4.40, Length: 40, Loss: -0.3984
2026-03-17 02:38:51 | INFO | Episode 228/250 - Reward: -8.00, Length: 40, Loss: -0.4712
2026-03-17 02:38:52 | INFO | Episode 229/250 - Reward: -5.30, Length: 40, Loss: -0.4251
2026-03-17 02:38:52 | INFO | Episode 230/250 - Reward: -5.60, Length: 40, Loss: -0.4928
2026-03-17 02:38:53 | INFO | Episode 231/250 - Reward: -3.80, Length: 40, Loss: -0.4188
2026-03-17 02:38:53 | INFO | Episode 232/250 - Reward: 4.50, Length: 33, Loss: 0.8882
2026-03-17 02:38:54 | INFO | Episode 233/250 - Reward: -6.65, Length: 40, Loss: -0.5587
2026-03-17 02:38:55 | INFO | Episode 234/250 - Reward: -5.00, Length: 40, Loss: -0.3578
2026-03-17 02:38:55 | INFO | Episode 235/250 - Reward: -9.35, Length: 40, Loss: -0.3259
2026-03-17 02:38:56 | INFO | Episode 236/250 - Reward: -4.85, Length: 40, Loss: -0.4388
2026-03-17 02:38:57 | INFO | Episode 237/250 - Reward: 3.50, Length: 38, Loss: 0.5076
2026-03-17 02:38:56 | INFO | Episode 238/250 - Reward: -5.45, Length: 40, Loss: -0.5010
2026-03-17 02:38:57 | INFO | Episode 239/250 - Reward: -5.15, Length: 40, Loss: -0.4169
2026-03-17 02:38:57 | INFO | Episode 240/250 - Reward: -4.55, Length: 40, Loss: -0.4708
2026-03-17 02:38:58 | INFO | Episode 241/250 - Reward: -5.15, Length: 40, Loss: -0.4332
2026-03-17 02:38:59 | INFO | Episode 242/250 - Reward: -4.70, Length: 40, Loss: -0.4024
2026-03-17 02:38:59 | INFO | Episode 243/250 - Reward: -5.60, Length: 40, Loss: -0.4462
2026-03-17 02:39:00 | INFO | Episode 244/250 - Reward: -6.05, Length: 40, Loss: -0.4393
2026-03-17 02:39:00 | INFO | Episode 245/250 - Reward: 6.10, Length: 19, Loss: 1.7665
2026-03-17 02:39:01 | INFO | Episode 246/250 - Reward: -4.85, Length: 40, Loss: -0.4597
2026-03-17 02:39:01 | INFO | Episode 247/250 - Reward: -4.85, Length: 40, Loss: -0.5002
2026-03-17 02:39:02 | INFO | Episode 248/250 - Reward: -5.15, Length: 40, Loss: -0.4186
2026-03-17 02:39:02 | INFO | Episode 249/250 - Reward: -4.40, Length: 40, Loss: -0.3867
2026-03-17 02:39:03 | INFO | Episode 250/250 - Reward: -4.10, Length: 40, Loss: -0.4935
2026-03-17 02:39:03 | INFO | Episode 250/250 - Avg Reward: -3.40, Avg Length: 37.86, Avg Loss: -0.1639
