2026-03-17 02:24:00 | INFO | ============================================================
2026-03-17 02:24:00 | INFO | DEVICE / COMPUTE INFORMATION
2026-03-17 02:24:00 | INFO |   JAX backend       : GPU
2026-03-17 02:24:00 | INFO |   Platform          : gpu
2026-03-17 02:24:00 | INFO |   Num devices       : 1
2026-03-17 02:24:00 | INFO |   Device            : cuda:0
2026-03-17 02:24:00 | INFO |   GPU name          : NVIDIA GeForce RTX 5060 Laptop GPU
2026-03-17 02:24:00 | INFO | ============================================================
2026-03-17 02:24:00 | INFO | ✓ JAX GPU backend confirmed.
2026-03-17 02:24:01 | INFO | REINFORCE seed=9_gamma=0.9_lr=0.1
2026-03-17 02:24:05 | INFO | Episode 1/250 - Reward: -7.85, Length: 40, Loss: -0.4282
2026-03-17 02:24:05 | INFO | Episode 2/250 - Reward: -5.30, Length: 40, Loss: -0.4379
2026-03-17 02:24:06 | INFO | Episode 3/250 - Reward: -3.80, Length: 40, Loss: -0.5297
2026-03-17 02:24:06 | INFO | Episode 4/250 - Reward: -5.90, Length: 40, Loss: -0.5884
2026-03-17 02:24:07 | INFO | Episode 5/250 - Reward: -5.15, Length: 40, Loss: -0.5098
2026-03-17 02:24:07 | INFO | Episode 6/250 - Reward: -5.45, Length: 40, Loss: -0.5711
2026-03-17 02:24:08 | INFO | Episode 7/250 - Reward: -4.55, Length: 40, Loss: -0.5984
2026-03-17 02:24:08 | INFO | Episode 8/250 - Reward: -3.65, Length: 40, Loss: -0.4949
2026-03-17 02:24:09 | INFO | Episode 9/250 - Reward: -4.25, Length: 40, Loss: -0.5230
2026-03-17 02:24:09 | INFO | Episode 10/250 - Reward: 6.35, Length: 29, Loss: 0.5285
2026-03-17 02:24:10 | INFO | Episode 11/250 - Reward: -4.70, Length: 40, Loss: -0.5779
2026-03-17 02:24:10 | INFO | Episode 12/250 - Reward: 7.15, Length: 34, Loss: 0.4046
2026-03-17 02:24:10 | INFO | Episode 13/250 - Reward: 6.05, Length: 38, Loss: 0.2002
2026-03-17 02:24:11 | INFO | Episode 14/250 - Reward: 6.05, Length: 32, Loss: 0.2953
2026-03-17 02:24:11 | INFO | Episode 15/250 - Reward: 7.10, Length: 11, Loss: 1.9737
2026-03-17 02:24:12 | INFO | Episode 16/250 - Reward: 6.55, Length: 25, Loss: 0.6592
2026-03-17 02:24:12 | INFO | Episode 17/250 - Reward: 8.25, Length: 21, Loss: 0.9630
2026-03-17 02:24:13 | INFO | Episode 18/250 - Reward: 5.45, Length: 38, Loss: -0.0491
2026-03-17 02:24:13 | INFO | Episode 19/250 - Reward: 5.40, Length: 24, Loss: 0.2863
2026-03-17 02:24:14 | INFO | Episode 20/250 - Reward: 6.95, Length: 26, Loss: 0.3671
2026-03-17 02:24:14 | INFO | Episode 21/250 - Reward: 4.80, Length: 30, Loss: 0.2544
2026-03-17 02:24:15 | INFO | Episode 22/250 - Reward: -7.25, Length: 40, Loss: -0.4770
2026-03-17 02:24:15 | INFO | Episode 23/250 - Reward: 7.75, Length: 25, Loss: 0.6806
2026-03-17 02:24:16 | INFO | Episode 24/250 - Reward: 7.75, Length: 19, Loss: 0.8817
2026-03-17 02:24:16 | INFO | Episode 25/250 - Reward: 8.15, Length: 20, Loss: 0.9064
2026-03-17 02:24:17 | INFO | Episode 26/250 - Reward: 5.50, Length: 22, Loss: 0.7058
2026-03-17 02:24:17 | INFO | Episode 27/250 - Reward: -6.65, Length: 40, Loss: -0.4689
2026-03-17 02:24:18 | INFO | Episode 28/250 - Reward: 7.85, Length: 20, Loss: 0.9736
2026-03-17 02:24:18 | INFO | Episode 29/250 - Reward: 6.05, Length: 32, Loss: 0.2829
2026-03-17 02:24:18 | INFO | Episode 30/250 - Reward: -4.40, Length: 40, Loss: -0.6129
2026-03-17 02:24:18 | INFO | Episode 31/250 - Reward: 5.55, Length: 36, Loss: 0.0247
2026-03-17 02:24:19 | INFO | Episode 32/250 - Reward: -4.85, Length: 40, Loss: -0.5984
2026-03-17 02:24:19 | INFO | Episode 33/250 - Reward: -6.50, Length: 40, Loss: -0.4914
2026-03-17 02:24:20 | INFO | Episode 34/250 - Reward: -6.05, Length: 40, Loss: -0.5102
2026-03-17 02:24:20 | INFO | Episode 35/250 - Reward: -6.80, Length: 40, Loss: -0.6177
2026-03-17 02:24:21 | INFO | Episode 36/250 - Reward: 7.45, Length: 25, Loss: 0.5319
2026-03-17 02:24:21 | INFO | Episode 37/250 - Reward: 8.75, Length: 14, Loss: 1.4887
2026-03-17 02:24:22 | INFO | Episode 38/250 - Reward: 7.95, Length: 21, Loss: 0.8681
2026-03-17 02:24:22 | INFO | Episode 39/250 - Reward: 7.75, Length: 19, Loss: 0.8013
2026-03-17 02:24:23 | INFO | Episode 40/250 - Reward: 9.05, Length: 11, Loss: 1.4683
2026-03-17 02:24:23 | INFO | Episode 41/250 - Reward: 7.85, Length: 20, Loss: 0.8110
2026-03-17 02:24:23 | INFO | Episode 42/250 - Reward: 8.45, Length: 17, Loss: 1.1059
2026-03-17 02:24:24 | INFO | Episode 43/250 - Reward: 6.95, Length: 23, Loss: 0.6714
2026-03-17 02:24:24 | INFO | Episode 44/250 - Reward: 6.80, Length: 14, Loss: 1.3817
2026-03-17 02:24:25 | INFO | Episode 45/250 - Reward: 6.25, Length: 28, Loss: 0.2901
2026-03-17 02:24:25 | INFO | Episode 46/250 - Reward: 6.60, Length: 15, Loss: 1.3062
2026-03-17 02:24:26 | INFO | Episode 47/250 - Reward: 6.20, Length: 17, Loss: 1.0445
2026-03-17 02:24:26 | INFO | Episode 48/250 - Reward: -6.05, Length: 40, Loss: -0.1883
2026-03-17 02:24:27 | INFO | Episode 49/250 - Reward: 3.85, Length: 40, Loss: 0.0913
2026-03-17 02:24:27 | INFO | Episode 50/250 - Reward: 6.75, Length: 24, Loss: 0.6033
2026-03-17 02:24:27 | INFO | Episode 50/250 - Avg Reward: 2.40, Avg Length: 29.80, Avg Loss: 0.2716
2026-03-17 02:24:28 | INFO | Episode 51/250 - Reward: 7.95, Length: 18, Loss: 0.8304
2026-03-17 02:24:28 | INFO | Episode 52/250 - Reward: -7.55, Length: 40, Loss: -0.4035
2026-03-17 02:24:29 | INFO | Episode 53/250 - Reward: -6.65, Length: 40, Loss: -0.2943
2026-03-17 02:24:29 | INFO | Episode 54/250 - Reward: -7.25, Length: 40, Loss: -0.4242
2026-03-17 02:24:30 | INFO | Episode 55/250 - Reward: -7.25, Length: 40, Loss: -0.4984
2026-03-17 02:24:30 | INFO | Episode 56/250 - Reward: 6.90, Length: 12, Loss: 1.0382
2026-03-17 02:24:31 | INFO | Episode 57/250 - Reward: 7.65, Length: 18, Loss: 0.9142
2026-03-17 02:24:31 | INFO | Episode 58/250 - Reward: -7.55, Length: 40, Loss: -0.4948
2026-03-17 02:24:32 | INFO | Episode 59/250 - Reward: 9.05, Length: 11, Loss: 2.0622
2026-03-17 02:24:32 | INFO | Episode 60/250 - Reward: 6.70, Length: 16, Loss: 0.8546
2026-03-17 02:24:33 | INFO | Episode 61/250 - Reward: 8.25, Length: 15, Loss: 1.0844
2026-03-17 02:24:33 | INFO | Episode 62/250 - Reward: 8.75, Length: 14, Loss: 1.1891
2026-03-17 02:24:34 | INFO | Episode 63/250 - Reward: 5.90, Length: 17, Loss: 0.4248
2026-03-17 02:24:34 | INFO | Episode 64/250 - Reward: 5.65, Length: 28, Loss: 0.2759
2026-03-17 02:24:35 | INFO | Episode 65/250 - Reward: -7.55, Length: 40, Loss: -0.2941
2026-03-17 02:24:35 | INFO | Episode 66/250 - Reward: 8.45, Length: 14, Loss: 0.9875
2026-03-17 02:24:35 | INFO | Episode 67/250 - Reward: 8.15, Length: 17, Loss: 0.8820
2026-03-17 02:24:36 | INFO | Episode 68/250 - Reward: 8.95, Length: 13, Loss: 1.2807
2026-03-17 02:24:37 | INFO | Episode 69/250 - Reward: 8.85, Length: 12, Loss: 1.3838
2026-03-17 02:24:37 | INFO | Episode 70/250 - Reward: 8.45, Length: 14, Loss: 1.1921
2026-03-17 02:24:38 | INFO | Episode 71/250 - Reward: 9.25, Length: 10, Loss: 1.7746
2026-03-17 02:24:39 | INFO | Episode 72/250 - Reward: -7.25, Length: 40, Loss: -0.2738
2026-03-17 02:24:39 | INFO | Episode 73/250 - Reward: 4.35, Length: 39, Loss: 0.0315
2026-03-17 02:24:40 | INFO | Episode 74/250 - Reward: -7.25, Length: 40, Loss: -0.3417
2026-03-17 02:24:40 | INFO | Episode 75/250 - Reward: 8.85, Length: 12, Loss: 1.4385
2026-03-17 02:24:41 | INFO | Episode 76/250 - Reward: 8.65, Length: 16, Loss: 1.3327
2026-03-17 02:24:42 | INFO | Episode 77/250 - Reward: 9.05, Length: 11, Loss: 1.6445
2026-03-17 02:24:42 | INFO | Episode 78/250 - Reward: 7.85, Length: 17, Loss: 0.7484
2026-03-17 02:24:43 | INFO | Episode 79/250 - Reward: -7.25, Length: 40, Loss: -0.3191
2026-03-17 02:24:43 | INFO | Episode 80/250 - Reward: 7.95, Length: 21, Loss: 0.9516
2026-03-17 02:24:44 | INFO | Episode 81/250 - Reward: 9.45, Length: 9, Loss: 1.2315
2026-03-17 02:24:45 | INFO | Episode 82/250 - Reward: 9.45, Length: 12, Loss: 1.1216
2026-03-17 02:24:45 | INFO | Episode 83/250 - Reward: 8.15, Length: 20, Loss: 0.8212
2026-03-17 02:24:46 | INFO | Episode 84/250 - Reward: 8.25, Length: 18, Loss: 0.7964
2026-03-17 02:24:47 | INFO | Episode 85/250 - Reward: -6.50, Length: 40, Loss: -0.2634
2026-03-17 02:24:47 | INFO | Episode 86/250 - Reward: 9.25, Length: 10, Loss: 1.2040
2026-03-17 02:24:48 | INFO | Episode 87/250 - Reward: 9.05, Length: 11, Loss: 1.3107
2026-03-17 02:24:49 | INFO | Episode 88/250 - Reward: 8.25, Length: 15, Loss: 1.1577
2026-03-17 02:24:49 | INFO | Episode 89/250 - Reward: 9.25, Length: 10, Loss: 1.4017
2026-03-17 02:24:50 | INFO | Episode 90/250 - Reward: 8.65, Length: 13, Loss: 1.1096
2026-03-17 02:24:50 | INFO | Episode 91/250 - Reward: 9.05, Length: 11, Loss: 1.3876
2026-03-17 02:24:50 | INFO | Episode 92/250 - Reward: 8.45, Length: 17, Loss: 0.9476
2026-03-17 02:24:51 | INFO | Episode 93/250 - Reward: 8.45, Length: 14, Loss: 1.1693
2026-03-17 02:24:51 | INFO | Episode 94/250 - Reward: 8.35, Length: 16, Loss: 0.8785
2026-03-17 02:24:52 | INFO | Episode 95/250 - Reward: 7.55, Length: 20, Loss: 0.6070
2026-03-17 02:24:53 | INFO | Episode 96/250 - Reward: 9.65, Length: 8, Loss: 0.7692
2026-03-17 02:24:53 | INFO | Episode 97/250 - Reward: 9.25, Length: 10, Loss: 1.1292
2026-03-17 02:24:54 | INFO | Episode 98/250 - Reward: 9.45, Length: 9, Loss: 0.7698
2026-03-17 02:24:54 | INFO | Episode 99/250 - Reward: 9.45, Length: 9, Loss: 0.6870
2026-03-17 02:24:55 | INFO | Episode 100/250 - Reward: 9.35, Length: 11, Loss: 0.8655
2026-03-17 02:24:55 | INFO | Episode 100/250 - Avg Reward: 5.25, Avg Length: 19.76, Avg Loss: 0.7616
2026-03-17 02:24:56 | INFO | Episode 101/250 - Reward: 8.85, Length: 12, Loss: 1.1330
2026-03-17 02:24:56 | INFO | Episode 102/250 - Reward: 9.55, Length: 10, Loss: 0.7928
2026-03-17 02:24:57 | INFO | Episode 103/250 - Reward: -7.55, Length: 40, Loss: -0.2698
2026-03-17 02:24:57 | INFO | Episode 104/250 - Reward: 8.75, Length: 14, Loss: 0.8245
2026-03-17 02:24:58 | INFO | Episode 105/250 - Reward: 9.45, Length: 9, Loss: 0.6518
2026-03-17 02:24:59 | INFO | Episode 106/250 - Reward: 9.55, Length: 10, Loss: 1.1367
2026-03-17 02:24:59 | INFO | Episode 107/250 - Reward: 8.85, Length: 15, Loss: 0.9111
2026-03-17 02:25:00 | INFO | Episode 108/250 - Reward: 9.45, Length: 9, Loss: 0.8095
2026-03-17 02:25:01 | INFO | Episode 109/250 - Reward: 9.45, Length: 9, Loss: 1.3979
2026-03-17 02:25:01 | INFO | Episode 110/250 - Reward: -7.55, Length: 40, Loss: -0.2120
2026-03-17 02:25:02 | INFO | Episode 111/250 - Reward: 9.65, Length: 8, Loss: 0.4140
2026-03-17 02:25:02 | INFO | Episode 112/250 - Reward: 9.45, Length: 9, Loss: 0.5851
2026-03-17 02:25:03 | INFO | Episode 113/250 - Reward: 9.15, Length: 12, Loss: 0.9690
2026-03-17 02:25:04 | INFO | Episode 114/250 - Reward: -7.55, Length: 40, Loss: -0.2827
2026-03-17 02:25:04 | INFO | Episode 115/250 - Reward: 9.35, Length: 11, Loss: 0.7884
2026-03-17 02:25:05 | INFO | Episode 116/250 - Reward: 9.65, Length: 8, Loss: 0.3416
2026-03-17 02:25:05 | INFO | Episode 117/250 - Reward: 9.65, Length: 8, Loss: 0.3069
2026-03-17 02:25:06 | INFO | Episode 118/250 - Reward: 9.65, Length: 8, Loss: 0.2791
2026-03-17 02:25:07 | INFO | Episode 119/250 - Reward: 9.65, Length: 8, Loss: 0.2558
2026-03-17 02:25:07 | INFO | Episode 120/250 - Reward: 9.45, Length: 9, Loss: 0.5192
2026-03-17 02:25:08 | INFO | Episode 121/250 - Reward: 9.65, Length: 8, Loss: 0.2353
2026-03-17 02:25:09 | INFO | Episode 122/250 - Reward: 9.45, Length: 9, Loss: 0.9512
2026-03-17 02:25:09 | INFO | Episode 123/250 - Reward: 8.35, Length: 16, Loss: 0.8249
2026-03-17 02:25:10 | INFO | Episode 124/250 - Reward: 9.65, Length: 8, Loss: 0.2730
2026-03-17 02:25:10 | INFO | Episode 125/250 - Reward: 9.65, Length: 8, Loss: 0.2397
2026-03-17 02:25:11 | INFO | Episode 126/250 - Reward: 9.65, Length: 8, Loss: 0.2155
2026-03-17 02:25:12 | INFO | Episode 127/250 - Reward: 9.15, Length: 12, Loss: 0.9068
2026-03-17 02:25:12 | INFO | Episode 128/250 - Reward: -7.55, Length: 40, Loss: -0.2455
2026-03-17 02:25:13 | INFO | Episode 129/250 - Reward: 9.65, Length: 8, Loss: 0.1937
2026-03-17 02:25:14 | INFO | Episode 130/250 - Reward: 9.65, Length: 8, Loss: 0.1812
2026-03-17 02:25:14 | INFO | Episode 131/250 - Reward: 9.65, Length: 8, Loss: 0.1700
2026-03-17 02:25:15 | INFO | Episode 132/250 - Reward: 9.65, Length: 8, Loss: 0.1597
2026-03-17 02:25:15 | INFO | Episode 133/250 - Reward: 9.05, Length: 11, Loss: 0.8734
2026-03-17 02:25:16 | INFO | Episode 134/250 - Reward: 9.65, Length: 8, Loss: 0.1658
2026-03-17 02:25:17 | INFO | Episode 135/250 - Reward: 9.65, Length: 8, Loss: 0.1554
2026-03-17 02:25:17 | INFO | Episode 136/250 - Reward: 9.65, Length: 8, Loss: 0.1463
2026-03-17 02:25:18 | INFO | Episode 137/250 - Reward: 9.65, Length: 8, Loss: 0.1380
2026-03-17 02:25:18 | INFO | Episode 138/250 - Reward: 9.65, Length: 8, Loss: 0.1305
2026-03-17 02:25:19 | INFO | Episode 139/250 - Reward: 9.45, Length: 9, Loss: 0.4991
2026-03-17 02:25:20 | INFO | Episode 140/250 - Reward: -7.25, Length: 40, Loss: -0.3131
2026-03-17 02:25:20 | INFO | Episode 141/250 - Reward: 9.45, Length: 9, Loss: 0.5725
2026-03-17 02:25:21 | INFO | Episode 142/250 - Reward: 9.45, Length: 9, Loss: 0.5091
2026-03-17 02:25:21 | INFO | Episode 143/250 - Reward: 9.65, Length: 8, Loss: 0.1368
2026-03-17 02:25:21 | INFO | Episode 144/250 - Reward: 9.65, Length: 8, Loss: 0.1277
2026-03-17 02:25:22 | INFO | Episode 145/250 - Reward: 9.65, Length: 8, Loss: 0.1201
2026-03-17 02:25:23 | INFO | Episode 146/250 - Reward: 9.65, Length: 8, Loss: 0.1134
2026-03-17 02:25:23 | INFO | Episode 147/250 - Reward: 9.65, Length: 8, Loss: 0.1075
2026-03-17 02:25:24 | INFO | Episode 148/250 - Reward: 9.65, Length: 8, Loss: 0.1021
2026-03-17 02:25:24 | INFO | Episode 149/250 - Reward: 9.65, Length: 8, Loss: 0.0973
2026-03-17 02:25:25 | INFO | Episode 150/250 - Reward: 9.45, Length: 9, Loss: 0.5170
2026-03-17 02:25:25 | INFO | Episode 150/250 - Avg Reward: 7.78, Avg Length: 12.26, Avg Loss: 0.3931
2026-03-17 02:25:26 | INFO | Episode 151/250 - Reward: 9.45, Length: 9, Loss: 0.4129
2026-03-17 02:25:26 | INFO | Episode 152/250 - Reward: 9.65, Length: 8, Loss: 0.1257
2026-03-17 02:25:27 | INFO | Episode 153/250 - Reward: 9.65, Length: 8, Loss: 0.1097
2026-03-17 02:25:27 | INFO | Episode 154/250 - Reward: 9.45, Length: 9, Loss: 0.4002
2026-03-17 02:25:28 | INFO | Episode 155/250 - Reward: 9.65, Length: 8, Loss: 0.1240
2026-03-17 02:25:29 | INFO | Episode 156/250 - Reward: 9.45, Length: 9, Loss: 0.3718
2026-03-17 02:25:29 | INFO | Episode 157/250 - Reward: 9.45, Length: 9, Loss: 0.3339
2026-03-17 02:25:30 | INFO | Episode 158/250 - Reward: 9.65, Length: 8, Loss: 0.1549
2026-03-17 02:25:30 | INFO | Episode 159/250 - Reward: 9.05, Length: 11, Loss: 1.4598
2026-03-17 02:25:31 | INFO | Episode 160/250 - Reward: 9.25, Length: 10, Loss: 0.4630
2026-03-17 02:25:32 | INFO | Episode 161/250 - Reward: 9.65, Length: 8, Loss: 0.1976
2026-03-17 02:25:32 | INFO | Episode 162/250 - Reward: 9.45, Length: 9, Loss: 1.9824
2026-03-17 02:25:33 | INFO | Episode 163/250 - Reward: 9.45, Length: 9, Loss: 0.5524
2026-03-17 02:25:34 | INFO | Episode 164/250 - Reward: 9.45, Length: 9, Loss: 0.4835
2026-03-17 02:25:34 | INFO | Episode 165/250 - Reward: 9.65, Length: 8, Loss: 0.1403
2026-03-17 02:25:35 | INFO | Episode 166/250 - Reward: 9.45, Length: 9, Loss: 0.4117
2026-03-17 02:25:35 | INFO | Episode 167/250 - Reward: 9.45, Length: 9, Loss: 0.3631
2026-03-17 02:25:36 | INFO | Episode 168/250 - Reward: 9.65, Length: 8, Loss: 0.1642
2026-03-17 02:25:37 | INFO | Episode 169/250 - Reward: 9.45, Length: 9, Loss: 0.3581
2026-03-17 02:25:37 | INFO | Episode 170/250 - Reward: 9.45, Length: 9, Loss: 0.6834
2026-03-17 02:25:38 | INFO | Episode 171/250 - Reward: 9.65, Length: 8, Loss: 0.1333
2026-03-17 02:25:39 | INFO | Episode 172/250 - Reward: 9.25, Length: 10, Loss: 0.5738
2026-03-17 02:25:39 | INFO | Episode 173/250 - Reward: 9.35, Length: 11, Loss: 0.7653
2026-03-17 02:25:40 | INFO | Episode 174/250 - Reward: 9.65, Length: 8, Loss: 0.1911
2026-03-17 02:25:40 | INFO | Episode 175/250 - Reward: 9.25, Length: 10, Loss: 0.4563
2026-03-17 02:25:41 | INFO | Episode 176/250 - Reward: 9.05, Length: 11, Loss: 1.0534
2026-03-17 02:25:42 | INFO | Episode 177/250 - Reward: 9.25, Length: 10, Loss: 0.3975
2026-03-17 02:25:42 | INFO | Episode 178/250 - Reward: 9.25, Length: 10, Loss: 0.9813
2026-03-17 02:25:43 | INFO | Episode 179/250 - Reward: 9.45, Length: 9, Loss: 0.3299
2026-03-17 02:25:44 | INFO | Episode 180/250 - Reward: 9.65, Length: 8, Loss: 0.2091
2026-03-17 02:25:44 | INFO | Episode 181/250 - Reward: 9.65, Length: 8, Loss: 0.1609
2026-03-17 02:25:45 | INFO | Episode 182/250 - Reward: 9.15, Length: 12, Loss: 0.7510
2026-03-17 02:25:45 | INFO | Episode 183/250 - Reward: 9.65, Length: 8, Loss: 0.1702
2026-03-17 02:25:46 | INFO | Episode 184/250 - Reward: 9.65, Length: 8, Loss: 0.1391
2026-03-17 02:25:47 | INFO | Episode 185/250 - Reward: 9.25, Length: 10, Loss: 0.7827
2026-03-17 02:25:47 | INFO | Episode 186/250 - Reward: 9.65, Length: 8, Loss: 0.1247
2026-03-17 02:25:48 | INFO | Episode 187/250 - Reward: 9.65, Length: 8, Loss: 0.1139
2026-03-17 02:25:49 | INFO | Episode 188/250 - Reward: 9.65, Length: 8, Loss: 0.1058
2026-03-17 02:25:49 | INFO | Episode 189/250 - Reward: 9.65, Length: 8, Loss: 0.0992
2026-03-17 02:25:50 | INFO | Episode 190/250 - Reward: 9.45, Length: 9, Loss: 0.5914
2026-03-17 02:25:50 | INFO | Episode 191/250 - Reward: 9.65, Length: 8, Loss: 0.0982
2026-03-17 02:25:51 | INFO | Episode 192/250 - Reward: 9.65, Length: 8, Loss: 0.0932
2026-03-17 02:25:52 | INFO | Episode 193/250 - Reward: 9.65, Length: 8, Loss: 0.0888
2026-03-17 02:25:52 | INFO | Episode 194/250 - Reward: 9.65, Length: 8, Loss: 0.0847
2026-03-17 02:25:52 | INFO | Episode 195/250 - Reward: 9.45, Length: 9, Loss: 0.5073
2026-03-17 02:25:53 | INFO | Episode 196/250 - Reward: 9.65, Length: 8, Loss: 0.0919
2026-03-17 02:25:53 | INFO | Episode 197/250 - Reward: 9.45, Length: 9, Loss: 0.4218
2026-03-17 02:25:54 | INFO | Episode 198/250 - Reward: -7.55, Length: 40, Loss: -0.3033
2026-03-17 02:25:54 | INFO | Episode 199/250 - Reward: 9.65, Length: 8, Loss: 0.0908
2026-03-17 02:25:55 | INFO | Episode 200/250 - Reward: 9.65, Length: 8, Loss: 0.0836
2026-03-17 02:25:55 | INFO | Episode 200/250 - Avg Reward: 9.16, Avg Length: 9.44, Avg Loss: 0.3736
2026-03-17 02:25:56 | INFO | Episode 201/250 - Reward: 9.65, Length: 8, Loss: 0.0780
2026-03-17 02:25:56 | INFO | Episode 202/250 - Reward: 9.65, Length: 8, Loss: 0.0735
2026-03-17 02:25:57 | INFO | Episode 203/250 - Reward: 9.45, Length: 9, Loss: 0.6324
2026-03-17 02:25:58 | INFO | Episode 204/250 - Reward: 9.65, Length: 8, Loss: 0.0746
2026-03-17 02:25:58 | INFO | Episode 205/250 - Reward: 9.65, Length: 8, Loss: 0.0713
2026-03-17 02:25:59 | INFO | Episode 206/250 - Reward: 9.65, Length: 8, Loss: 0.0683
2026-03-17 02:26:00 | INFO | Episode 207/250 - Reward: 9.45, Length: 9, Loss: 0.5665
2026-03-17 02:26:00 | INFO | Episode 208/250 - Reward: 9.25, Length: 10, Loss: 0.7527
2026-03-17 02:26:01 | INFO | Episode 209/250 - Reward: 9.65, Length: 8, Loss: 0.1202
2026-03-17 02:26:02 | INFO | Episode 210/250 - Reward: 9.65, Length: 8, Loss: 0.1023
2026-03-17 02:26:02 | INFO | Episode 211/250 - Reward: 9.65, Length: 8, Loss: 0.0901
2026-03-17 02:26:03 | INFO | Episode 212/250 - Reward: 9.65, Length: 8, Loss: 0.0812
2026-03-17 02:26:04 | INFO | Episode 213/250 - Reward: 9.65, Length: 8, Loss: 0.0746
2026-03-17 02:26:04 | INFO | Episode 214/250 - Reward: 9.25, Length: 10, Loss: 0.7777
2026-03-17 02:26:05 | INFO | Episode 215/250 - Reward: 9.65, Length: 8, Loss: 0.1105
2026-03-17 02:26:05 | INFO | Episode 216/250 - Reward: 9.65, Length: 8, Loss: 0.0945
2026-03-17 02:26:06 | INFO | Episode 217/250 - Reward: 9.45, Length: 9, Loss: 0.4529
2026-03-17 02:26:06 | INFO | Episode 218/250 - Reward: 9.65, Length: 8, Loss: 0.1051
2026-03-17 02:26:07 | INFO | Episode 219/250 - Reward: 9.65, Length: 8, Loss: 0.0903
2026-03-17 02:26:07 | INFO | Episode 220/250 - Reward: 9.65, Length: 8, Loss: 0.0799
2026-03-17 02:26:08 | INFO | Episode 221/250 - Reward: 9.65, Length: 8, Loss: 0.0723
2026-03-17 02:26:08 | INFO | Episode 222/250 - Reward: 9.45, Length: 9, Loss: 1.7644
2026-03-17 02:26:09 | INFO | Episode 223/250 - Reward: 9.45, Length: 9, Loss: 1.5526
2026-03-17 02:26:09 | INFO | Episode 224/250 - Reward: 9.65, Length: 8, Loss: 0.5319
2026-03-17 02:26:10 | INFO | Episode 225/250 - Reward: 9.25, Length: 10, Loss: 0.8399
2026-03-17 02:26:10 | INFO | Episode 226/250 - Reward: 9.65, Length: 8, Loss: 0.1137
2026-03-17 02:26:11 | INFO | Episode 227/250 - Reward: 9.65, Length: 8, Loss: 0.0986
2026-03-17 02:26:11 | INFO | Episode 228/250 - Reward: 9.65, Length: 8, Loss: 0.0888
2026-03-17 02:26:11 | INFO | Episode 229/250 - Reward: 9.65, Length: 8, Loss: 0.0817
2026-03-17 02:26:12 | INFO | Episode 230/250 - Reward: 9.65, Length: 8, Loss: 0.0762
2026-03-17 02:26:12 | INFO | Episode 231/250 - Reward: 9.65, Length: 8, Loss: 0.0717
2026-03-17 02:26:13 | INFO | Episode 232/250 - Reward: 9.45, Length: 9, Loss: 0.9986
2026-03-17 02:26:13 | INFO | Episode 233/250 - Reward: 9.65, Length: 8, Loss: 0.0684
2026-03-17 02:26:14 | INFO | Episode 234/250 - Reward: 9.65, Length: 8, Loss: 0.0656
2026-03-17 02:26:14 | INFO | Episode 235/250 - Reward: 9.65, Length: 8, Loss: 0.0629
2026-03-17 02:26:15 | INFO | Episode 236/250 - Reward: 9.65, Length: 8, Loss: 0.0605
2026-03-17 02:26:15 | INFO | Episode 237/250 - Reward: 9.65, Length: 8, Loss: 0.0581
2026-03-17 02:26:16 | INFO | Episode 238/250 - Reward: 9.65, Length: 8, Loss: 0.0560
2026-03-17 02:26:16 | INFO | Episode 239/250 - Reward: 9.65, Length: 8, Loss: 0.0540
2026-03-17 02:26:17 | INFO | Episode 240/250 - Reward: 9.55, Length: 10, Loss: 0.7429
2026-03-17 02:26:17 | INFO | Episode 241/250 - Reward: 9.45, Length: 9, Loss: 0.8922
2026-03-17 02:26:18 | INFO | Episode 242/250 - Reward: 9.65, Length: 8, Loss: 0.0586
2026-03-17 02:26:18 | INFO | Episode 243/250 - Reward: 9.65, Length: 8, Loss: 0.0560
2026-03-17 02:26:19 | INFO | Episode 244/250 - Reward: 9.65, Length: 8, Loss: 0.0537
2026-03-17 02:26:19 | INFO | Episode 245/250 - Reward: 9.55, Length: 10, Loss: 0.8199
2026-03-17 02:26:20 | INFO | Episode 246/250 - Reward: 9.45, Length: 9, Loss: 0.8410
2026-03-17 02:26:20 | INFO | Episode 247/250 - Reward: 9.65, Length: 8, Loss: 0.0573
2026-03-17 02:26:21 | INFO | Episode 248/250 - Reward: 9.65, Length: 8, Loss: 0.0551
2026-03-17 02:26:21 | INFO | Episode 249/250 - Reward: 9.65, Length: 8, Loss: 0.0531
2026-03-17 02:26:22 | INFO | Episode 250/250 - Reward: 9.65, Length: 8, Loss: 0.0513
2026-03-17 02:26:22 | INFO | Episode 250/250 - Avg Reward: 9.59, Avg Length: 8.36, Avg Loss: 0.2979
