2026-03-17 03:23:24 | INFO | ============================================================
2026-03-17 03:23:24 | INFO | DEVICE / COMPUTE INFORMATION
2026-03-17 03:23:24 | INFO |   JAX backend       : GPU
2026-03-17 03:23:24 | INFO |   Platform          : gpu
2026-03-17 03:23:24 | INFO |   Num devices       : 1
2026-03-17 03:23:24 | INFO |   Device            : cuda:0
2026-03-17 03:23:24 | INFO |   GPU name          : NVIDIA GeForce RTX 5060 Laptop GPU
2026-03-17 03:23:24 | INFO | ============================================================
2026-03-17 03:23:24 | INFO | ✓ JAX GPU backend confirmed.
2026-03-17 03:23:25 | INFO | DQN seed=1_gamma=0.99_lr=0.001
2026-03-17 03:23:26 | INFO | Episode    1 - Reward: 6.450, Length: 36, Loss: 0.0000, Epsilon: 0.991
2026-03-17 03:23:27 | INFO | Episode    2 - Reward: -4.850, Length: 40, Loss: 0.0000, Epsilon: 0.982
2026-03-17 03:23:30 | INFO | Episode    3 - Reward: -5.000, Length: 40, Loss: 0.0339, Epsilon: 0.973
2026-03-17 03:23:31 | INFO | Episode    4 - Reward: -4.400, Length: 40, Loss: 1.6309, Epsilon: 0.964
2026-03-17 03:23:32 | INFO | Episode    5 - Reward: -5.000, Length: 40, Loss: 0.8195, Epsilon: 0.955
2026-03-17 03:23:33 | INFO | Episode    6 - Reward: 8.150, Length: 20, Loss: 1.6088, Epsilon: 0.946
2026-03-17 03:23:34 | INFO | Episode    7 - Reward: -5.600, Length: 40, Loss: 0.8118, Epsilon: 0.937
2026-03-17 03:23:35 | INFO | Episode    8 - Reward: -5.600, Length: 40, Loss: 0.8112, Epsilon: 0.928
2026-03-17 03:23:35 | INFO | Episode    9 - Reward: 4.600, Length: 37, Loss: 0.8379, Epsilon: 0.919
2026-03-17 03:23:36 | INFO | Episode   10 - Reward: -4.550, Length: 40, Loss: 0.8011, Epsilon: 0.910
2026-03-17 03:23:37 | INFO | Episode   11 - Reward: -6.950, Length: 40, Loss: 0.0154, Epsilon: 0.901
2026-03-17 03:23:38 | INFO | Episode   12 - Reward: -6.650, Length: 40, Loss: 1.6315, Epsilon: 0.892
2026-03-17 03:23:39 | INFO | Episode   13 - Reward: -4.700, Length: 40, Loss: 0.8571, Epsilon: 0.883
2026-03-17 03:23:40 | INFO | Episode   14 - Reward: -5.750, Length: 40, Loss: 0.0133, Epsilon: 0.874
2026-03-17 03:23:41 | INFO | Episode   15 - Reward: 4.900, Length: 34, Loss: 0.0406, Epsilon: 0.865
2026-03-17 03:23:42 | INFO | Episode   16 - Reward: -4.700, Length: 40, Loss: 0.0734, Epsilon: 0.856
2026-03-17 03:23:42 | INFO | Episode   17 - Reward: -5.150, Length: 40, Loss: 1.6557, Epsilon: 0.847
2026-03-17 03:23:43 | INFO | Episode   18 - Reward: -4.400, Length: 40, Loss: 0.7934, Epsilon: 0.838
2026-03-17 03:23:44 | INFO | Episode   19 - Reward: -5.450, Length: 40, Loss: 0.0715, Epsilon: 0.829
2026-03-17 03:23:45 | INFO | Episode   20 - Reward: -8.450, Length: 40, Loss: 0.8631, Epsilon: 0.820
2026-03-17 03:23:46 | INFO | Episode   21 - Reward: -7.400, Length: 40, Loss: 0.8213, Epsilon: 0.811
2026-03-17 03:23:47 | INFO | Episode   22 - Reward: -3.500, Length: 40, Loss: 0.0114, Epsilon: 0.802
2026-03-17 03:23:48 | INFO | Episode   23 - Reward: -7.700, Length: 40, Loss: 0.0403, Epsilon: 0.793
2026-03-17 03:23:48 | INFO | Episode   24 - Reward: 3.850, Length: 25, Loss: 0.8961, Epsilon: 0.784
2026-03-17 03:23:49 | INFO | Episode   25 - Reward: -5.900, Length: 40, Loss: 0.0097, Epsilon: 0.775
2026-03-17 03:23:50 | INFO | Episode   26 - Reward: -3.350, Length: 40, Loss: 0.0092, Epsilon: 0.766
2026-03-17 03:23:51 | INFO | Episode   27 - Reward: -4.400, Length: 40, Loss: 0.0382, Epsilon: 0.757
2026-03-17 03:23:52 | INFO | Episode   28 - Reward: -2.600, Length: 40, Loss: 0.0952, Epsilon: 0.748
2026-03-17 03:23:53 | INFO | Episode   29 - Reward: -6.500, Length: 40, Loss: 0.7891, Epsilon: 0.739
2026-03-17 03:23:53 | INFO | Episode   30 - Reward: -5.150, Length: 40, Loss: 0.0737, Epsilon: 0.730
2026-03-17 03:23:54 | INFO | Episode   31 - Reward: 4.650, Length: 24, Loss: 0.0408, Epsilon: 0.721
2026-03-17 03:23:55 | INFO | Episode   32 - Reward: -6.050, Length: 40, Loss: 0.0398, Epsilon: 0.712
2026-03-17 03:23:56 | INFO | Episode   33 - Reward: -5.300, Length: 40, Loss: 0.8019, Epsilon: 0.703
2026-03-17 03:23:57 | INFO | Episode   34 - Reward: -3.650, Length: 40, Loss: 0.0120, Epsilon: 0.694
2026-03-17 03:23:58 | INFO | Episode   35 - Reward: -3.650, Length: 40, Loss: 0.0652, Epsilon: 0.685
2026-03-17 03:23:59 | INFO | Episode   36 - Reward: -3.350, Length: 40, Loss: 0.8898, Epsilon: 0.676
2026-03-17 03:24:00 | INFO | Episode   37 - Reward: -5.750, Length: 40, Loss: 0.8299, Epsilon: 0.667
2026-03-17 03:24:01 | INFO | Episode   38 - Reward: -3.050, Length: 40, Loss: 0.0659, Epsilon: 0.658
2026-03-17 03:24:02 | INFO | Episode   39 - Reward: -5.300, Length: 40, Loss: 0.0691, Epsilon: 0.649
2026-03-17 03:24:03 | INFO | Episode   40 - Reward: -6.050, Length: 40, Loss: 1.5822, Epsilon: 0.640
2026-03-17 03:24:04 | INFO | Episode   41 - Reward: -2.750, Length: 40, Loss: 0.8867, Epsilon: 0.631
2026-03-17 03:24:05 | INFO | Episode   42 - Reward: -4.550, Length: 40, Loss: 0.0399, Epsilon: 0.622
2026-03-17 03:24:07 | INFO | Episode   43 - Reward: -6.650, Length: 40, Loss: 0.7921, Epsilon: 0.613
2026-03-17 03:24:08 | INFO | Episode   44 - Reward: -7.850, Length: 40, Loss: 0.0091, Epsilon: 0.604
2026-03-17 03:24:09 | INFO | Episode   45 - Reward: -2.750, Length: 40, Loss: 0.0392, Epsilon: 0.595
2026-03-17 03:24:10 | INFO | Episode   46 - Reward: -3.050, Length: 40, Loss: 0.7927, Epsilon: 0.586
2026-03-17 03:24:11 | INFO | Episode   47 - Reward: -11.150, Length: 40, Loss: 0.0679, Epsilon: 0.577
2026-03-17 03:24:12 | INFO | Episode   48 - Reward: -3.350, Length: 40, Loss: 1.5815, Epsilon: 0.568
2026-03-17 03:24:13 | INFO | Episode   49 - Reward: -4.850, Length: 40, Loss: 0.0680, Epsilon: 0.559
2026-03-17 03:24:14 | INFO | Episode   50 - Reward: -8.750, Length: 40, Loss: 0.8917, Epsilon: 0.550
2026-03-17 03:24:31 | INFO | [Episode   50] eps=0.550  avg_reward=  -3.979  avg_length= 38.72  avg_loss=  0.5144  eval_success=0.000
2026-03-17 03:24:32 | INFO | Episode   51 - Reward: -3.950, Length: 40, Loss: 0.0377, Epsilon: 0.541
2026-03-17 03:24:33 | INFO | Episode   52 - Reward: -3.350, Length: 40, Loss: 0.0387, Epsilon: 0.532
2026-03-17 03:24:34 | INFO | Episode   53 - Reward: -6.650, Length: 40, Loss: 0.8931, Epsilon: 0.523
2026-03-17 03:24:35 | INFO | Episode   54 - Reward: -9.350, Length: 40, Loss: 0.0388, Epsilon: 0.514
2026-03-17 03:24:36 | INFO | Episode   55 - Reward: -10.850, Length: 40, Loss: 1.6703, Epsilon: 0.505
2026-03-17 03:24:37 | INFO | Episode   56 - Reward: -2.900, Length: 40, Loss: 0.8294, Epsilon: 0.496
2026-03-17 03:24:38 | INFO | Episode   57 - Reward: -3.050, Length: 40, Loss: 0.1033, Epsilon: 0.487
2026-03-17 03:24:39 | INFO | Episode   58 - Reward: -2.450, Length: 40, Loss: 0.1253, Epsilon: 0.478
2026-03-17 03:24:41 | INFO | Episode   59 - Reward: -5.750, Length: 40, Loss: 0.0714, Epsilon: 0.469
2026-03-17 03:24:42 | INFO | Episode   60 - Reward: -2.450, Length: 40, Loss: 0.8584, Epsilon: 0.460
2026-03-17 03:24:43 | INFO | Episode   61 - Reward: -5.600, Length: 40, Loss: 0.8520, Epsilon: 0.451
2026-03-17 03:24:44 | INFO | Episode   62 - Reward: -5.900, Length: 40, Loss: 0.0959, Epsilon: 0.442
2026-03-17 03:24:45 | INFO | Episode   63 - Reward: -3.350, Length: 40, Loss: 0.0148, Epsilon: 0.433
2026-03-17 03:24:46 | INFO | Episode   64 - Reward: -6.500, Length: 40, Loss: 0.0402, Epsilon: 0.424
2026-03-17 03:24:47 | INFO | Episode   65 - Reward: -6.500, Length: 40, Loss: 1.5873, Epsilon: 0.415
2026-03-17 03:24:48 | INFO | Episode   66 - Reward: -8.900, Length: 40, Loss: 0.0100, Epsilon: 0.406
2026-03-17 03:24:49 | INFO | Episode   67 - Reward: -4.550, Length: 40, Loss: 0.0997, Epsilon: 0.397
2026-03-17 03:24:51 | INFO | Episode   68 - Reward: -6.500, Length: 40, Loss: 0.0433, Epsilon: 0.388
2026-03-17 03:24:52 | INFO | Episode   69 - Reward: -7.400, Length: 40, Loss: 0.8839, Epsilon: 0.379
2026-03-17 03:24:53 | INFO | Episode   70 - Reward: -6.500, Length: 40, Loss: 0.8595, Epsilon: 0.370
2026-03-17 03:24:54 | INFO | Episode   71 - Reward: -12.500, Length: 40, Loss: 0.1012, Epsilon: 0.361
2026-03-17 03:24:55 | INFO | Episode   72 - Reward: -5.450, Length: 40, Loss: 0.1609, Epsilon: 0.352
2026-03-17 03:24:56 | INFO | Episode   73 - Reward: -7.400, Length: 40, Loss: 0.1268, Epsilon: 0.343
2026-03-17 03:24:57 | INFO | Episode   74 - Reward: -6.950, Length: 40, Loss: 0.8890, Epsilon: 0.334
2026-03-17 03:24:58 | INFO | Episode   75 - Reward: -5.900, Length: 40, Loss: 0.0434, Epsilon: 0.325
2026-03-17 03:24:58 | INFO | Episode   76 - Reward: -2.600, Length: 40, Loss: 0.0696, Epsilon: 0.316
2026-03-17 03:24:59 | INFO | Episode   77 - Reward: -3.050, Length: 40, Loss: 0.0985, Epsilon: 0.307
2026-03-17 03:25:01 | INFO | Episode   78 - Reward: -2.750, Length: 40, Loss: 0.8290, Epsilon: 0.298
2026-03-17 03:25:02 | INFO | Episode   79 - Reward: -2.450, Length: 40, Loss: 0.1272, Epsilon: 0.289
2026-03-17 03:25:03 | INFO | Episode   80 - Reward: -2.750, Length: 40, Loss: 0.0399, Epsilon: 0.280
2026-03-17 03:25:04 | INFO | Episode   81 - Reward: -2.750, Length: 40, Loss: 0.0374, Epsilon: 0.271
2026-03-17 03:25:05 | INFO | Episode   82 - Reward: -2.450, Length: 40, Loss: 0.1007, Epsilon: 0.262
2026-03-17 03:25:06 | INFO | Episode   83 - Reward: -2.450, Length: 40, Loss: 0.0124, Epsilon: 0.253
2026-03-17 03:25:07 | INFO | Episode   84 - Reward: -2.450, Length: 40, Loss: 0.1284, Epsilon: 0.244
2026-03-17 03:25:08 | INFO | Episode   85 - Reward: -2.750, Length: 40, Loss: 0.0393, Epsilon: 0.235
2026-03-17 03:25:09 | INFO | Episode   86 - Reward: -2.000, Length: 40, Loss: 0.1337, Epsilon: 0.226
2026-03-17 03:25:10 | INFO | Episode   87 - Reward: -2.000, Length: 40, Loss: 0.0379, Epsilon: 0.217
2026-03-17 03:25:12 | INFO | Episode   88 - Reward: -2.300, Length: 40, Loss: 0.0668, Epsilon: 0.208
2026-03-17 03:25:13 | INFO | Episode   89 - Reward: -2.450, Length: 40, Loss: 0.0673, Epsilon: 0.199
2026-03-17 03:25:14 | INFO | Episode   90 - Reward: -3.500, Length: 40, Loss: 0.0396, Epsilon: 0.190
2026-03-17 03:25:15 | INFO | Episode   91 - Reward: -4.850, Length: 40, Loss: 0.0104, Epsilon: 0.181
2026-03-17 03:25:16 | INFO | Episode   92 - Reward: -2.600, Length: 40, Loss: 0.0141, Epsilon: 0.172
2026-03-17 03:25:17 | INFO | Episode   93 - Reward: -2.450, Length: 40, Loss: 0.0970, Epsilon: 0.163
2026-03-17 03:25:18 | INFO | Episode   94 - Reward: -2.600, Length: 40, Loss: 0.0987, Epsilon: 0.154
2026-03-17 03:25:19 | INFO | Episode   95 - Reward: -2.000, Length: 40, Loss: 0.0419, Epsilon: 0.145
2026-03-17 03:25:20 | INFO | Episode   96 - Reward: -2.150, Length: 40, Loss: 0.0135, Epsilon: 0.136
2026-03-17 03:25:21 | INFO | Episode   97 - Reward: -2.300, Length: 40, Loss: 0.0433, Epsilon: 0.127
2026-03-17 03:25:23 | INFO | Episode   98 - Reward: -4.400, Length: 40, Loss: 0.0100, Epsilon: 0.118
2026-03-17 03:25:24 | INFO | Episode   99 - Reward: -3.950, Length: 40, Loss: 0.1278, Epsilon: 0.109
2026-03-17 03:25:25 | INFO | Episode  100 - Reward: -3.500, Length: 40, Loss: 0.0657, Epsilon: 0.100
2026-03-17 03:25:40 | INFO | [Episode  100] eps=0.100  avg_reward=  -4.403  avg_length= 40.00  avg_loss=  0.2565  eval_success=0.000
2026-03-17 03:25:41 | INFO | Episode  101 - Reward: -4.550, Length: 40, Loss: 0.0395, Epsilon: 0.100
2026-03-17 03:25:42 | INFO | Episode  102 - Reward: -7.550, Length: 40, Loss: 0.1013, Epsilon: 0.100
2026-03-17 03:25:43 | INFO | Episode  103 - Reward: -7.550, Length: 40, Loss: 0.0709, Epsilon: 0.100
2026-03-17 03:25:44 | INFO | Episode  104 - Reward: -7.850, Length: 40, Loss: 0.0690, Epsilon: 0.100
2026-03-17 03:25:45 | INFO | Episode  105 - Reward: -7.850, Length: 40, Loss: 0.0418, Epsilon: 0.100
2026-03-17 03:25:46 | INFO | Episode  106 - Reward: -7.400, Length: 40, Loss: 0.0982, Epsilon: 0.100
2026-03-17 03:25:47 | INFO | Episode  107 - Reward: -6.500, Length: 40, Loss: 0.0390, Epsilon: 0.100
2026-03-17 03:25:49 | INFO | Episode  108 - Reward: -5.750, Length: 40, Loss: 0.0724, Epsilon: 0.100
2026-03-17 03:25:50 | INFO | Episode  109 - Reward: -5.900, Length: 40, Loss: 0.1518, Epsilon: 0.100
2026-03-17 03:25:51 | INFO | Episode  110 - Reward: -2.450, Length: 40, Loss: 0.0417, Epsilon: 0.100
2026-03-17 03:25:52 | INFO | Episode  111 - Reward: -2.150, Length: 40, Loss: 0.1004, Epsilon: 0.100
2026-03-17 03:25:53 | INFO | Episode  112 - Reward: -4.550, Length: 40, Loss: 0.1045, Epsilon: 0.100
2026-03-17 03:25:54 | INFO | Episode  113 - Reward: -7.100, Length: 40, Loss: 0.0978, Epsilon: 0.100
2026-03-17 03:25:55 | INFO | Episode  114 - Reward: -6.050, Length: 40, Loss: 0.0136, Epsilon: 0.100
2026-03-17 03:25:56 | INFO | Episode  115 - Reward: -2.150, Length: 40, Loss: 0.0121, Epsilon: 0.100
2026-03-17 03:25:57 | INFO | Episode  116 - Reward: -2.450, Length: 40, Loss: 0.0142, Epsilon: 0.100
2026-03-17 03:25:58 | INFO | Episode  117 - Reward: -7.850, Length: 40, Loss: 0.0124, Epsilon: 0.100
2026-03-17 03:25:59 | INFO | Episode  118 - Reward: -7.700, Length: 40, Loss: 0.0731, Epsilon: 0.100
2026-03-17 03:26:00 | INFO | Episode  119 - Reward: -7.850, Length: 40, Loss: 0.0149, Epsilon: 0.100
2026-03-17 03:26:01 | INFO | Episode  120 - Reward: -5.000, Length: 40, Loss: 0.0135, Epsilon: 0.100
2026-03-17 03:26:02 | INFO | Episode  121 - Reward: -5.750, Length: 40, Loss: 0.0151, Epsilon: 0.100
2026-03-17 03:26:03 | INFO | Episode  122 - Reward: -7.850, Length: 40, Loss: 0.0159, Epsilon: 0.100
2026-03-17 03:26:04 | INFO | Episode  123 - Reward: -7.550, Length: 40, Loss: 0.0175, Epsilon: 0.100
2026-03-17 03:26:05 | INFO | Episode  124 - Reward: -7.850, Length: 40, Loss: 0.0431, Epsilon: 0.100
2026-03-17 03:26:06 | INFO | Episode  125 - Reward: -5.000, Length: 40, Loss: 0.0726, Epsilon: 0.100
2026-03-17 03:26:07 | INFO | Episode  126 - Reward: -7.700, Length: 40, Loss: 0.0169, Epsilon: 0.100
2026-03-17 03:26:08 | INFO | Episode  127 - Reward: -7.250, Length: 40, Loss: 0.0161, Epsilon: 0.100
2026-03-17 03:26:09 | INFO | Episode  128 - Reward: -6.950, Length: 40, Loss: 0.0443, Epsilon: 0.100
2026-03-17 03:26:10 | INFO | Episode  129 - Reward: -7.700, Length: 40, Loss: 0.0183, Epsilon: 0.100
2026-03-17 03:26:12 | INFO | Episode  130 - Reward: -7.550, Length: 40, Loss: 0.0723, Epsilon: 0.100
2026-03-17 03:26:13 | INFO | Episode  131 - Reward: -7.550, Length: 40, Loss: 0.0165, Epsilon: 0.100
2026-03-17 03:26:14 | INFO | Episode  132 - Reward: -7.250, Length: 40, Loss: 0.0165, Epsilon: 0.100
2026-03-17 03:26:15 | INFO | Episode  133 - Reward: -7.250, Length: 40, Loss: 0.0197, Epsilon: 0.100
2026-03-17 03:26:16 | INFO | Episode  134 - Reward: -7.250, Length: 40, Loss: 0.0452, Epsilon: 0.100
2026-03-17 03:26:17 | INFO | Episode  135 - Reward: -7.850, Length: 40, Loss: 0.0177, Epsilon: 0.100
2026-03-17 03:26:18 | INFO | Episode  136 - Reward: -7.250, Length: 40, Loss: 0.0203, Epsilon: 0.100
2026-03-17 03:26:19 | INFO | Episode  137 - Reward: -7.250, Length: 40, Loss: 0.0180, Epsilon: 0.100
2026-03-17 03:26:20 | INFO | Episode  138 - Reward: -7.850, Length: 40, Loss: 0.0168, Epsilon: 0.100
2026-03-17 03:26:22 | INFO | Episode  139 - Reward: -7.250, Length: 40, Loss: 0.0197, Epsilon: 0.100
2026-03-17 03:26:23 | INFO | Episode  140 - Reward: -7.250, Length: 40, Loss: 0.0171, Epsilon: 0.100
2026-03-17 03:26:24 | INFO | Episode  141 - Reward: -7.550, Length: 40, Loss: 0.0199, Epsilon: 0.100
2026-03-17 03:26:25 | INFO | Episode  142 - Reward: -7.550, Length: 40, Loss: 0.0202, Epsilon: 0.100
2026-03-17 03:26:26 | INFO | Episode  143 - Reward: -7.550, Length: 40, Loss: 0.0222, Epsilon: 0.100
2026-03-17 03:26:27 | INFO | Episode  144 - Reward: -7.850, Length: 40, Loss: 0.0212, Epsilon: 0.100
2026-03-17 03:26:28 | INFO | Episode  145 - Reward: -7.850, Length: 40, Loss: 0.0214, Epsilon: 0.100
2026-03-17 03:26:28 | INFO | Episode  146 - Reward: -7.850, Length: 40, Loss: 0.0201, Epsilon: 0.100
2026-03-17 03:26:29 | INFO | Episode  147 - Reward: -3.050, Length: 40, Loss: 0.0206, Epsilon: 0.100
2026-03-17 03:26:30 | INFO | Episode  148 - Reward: -7.250, Length: 40, Loss: 0.0243, Epsilon: 0.100
2026-03-17 03:26:31 | INFO | Episode  149 - Reward: -2.000, Length: 40, Loss: 0.0218, Epsilon: 0.100
2026-03-17 03:26:32 | INFO | Episode  150 - Reward: -2.300, Length: 40, Loss: 0.0180, Epsilon: 0.100
2026-03-17 03:26:43 | INFO | [Episode  150] eps=0.100  avg_reward=  -6.443  avg_length= 40.00  avg_loss=  0.0386  eval_success=0.000
2026-03-17 03:26:44 | INFO | Episode  151 - Reward: -2.450, Length: 40, Loss: 0.0224, Epsilon: 0.100
2026-03-17 03:26:45 | INFO | Episode  152 - Reward: -2.300, Length: 40, Loss: 0.0206, Epsilon: 0.100
2026-03-17 03:26:46 | INFO | Episode  153 - Reward: -2.150, Length: 40, Loss: 0.0206, Epsilon: 0.100
2026-03-17 03:26:46 | INFO | Episode  154 - Reward: -2.300, Length: 40, Loss: 0.0199, Epsilon: 0.100
2026-03-17 03:26:47 | INFO | Episode  155 - Reward: -2.600, Length: 40, Loss: 0.0200, Epsilon: 0.100
2026-03-17 03:26:48 | INFO | Episode  156 - Reward: -2.150, Length: 40, Loss: 0.0186, Epsilon: 0.100
2026-03-17 03:26:49 | INFO | Episode  157 - Reward: -2.450, Length: 40, Loss: 0.0186, Epsilon: 0.100
2026-03-17 03:26:50 | INFO | Episode  158 - Reward: -2.300, Length: 40, Loss: 0.0188, Epsilon: 0.100
2026-03-17 03:26:51 | INFO | Episode  159 - Reward: -2.000, Length: 40, Loss: 0.0191, Epsilon: 0.100
2026-03-17 03:26:52 | INFO | Episode  160 - Reward: -2.750, Length: 40, Loss: 0.0200, Epsilon: 0.100
2026-03-17 03:26:53 | INFO | Episode  161 - Reward: -2.600, Length: 40, Loss: 0.0163, Epsilon: 0.100
2026-03-17 03:26:53 | INFO | Episode  162 - Reward: -2.900, Length: 40, Loss: 0.0174, Epsilon: 0.100
2026-03-17 03:26:54 | INFO | Episode  163 - Reward: -2.600, Length: 40, Loss: 0.0173, Epsilon: 0.100
2026-03-17 03:26:55 | INFO | Episode  164 - Reward: -5.150, Length: 40, Loss: 0.0175, Epsilon: 0.100
2026-03-17 03:26:56 | INFO | Episode  165 - Reward: -2.150, Length: 40, Loss: 0.0144, Epsilon: 0.100
2026-03-17 03:26:57 | INFO | Episode  166 - Reward: -2.600, Length: 40, Loss: 0.0165, Epsilon: 0.100
2026-03-17 03:26:58 | INFO | Episode  167 - Reward: -2.300, Length: 40, Loss: 0.0168, Epsilon: 0.100
2026-03-17 03:26:59 | INFO | Episode  168 - Reward: -4.550, Length: 40, Loss: 0.0173, Epsilon: 0.100
2026-03-17 03:27:00 | INFO | Episode  169 - Reward: -2.300, Length: 40, Loss: 0.0146, Epsilon: 0.100
2026-03-17 03:27:01 | INFO | Episode  170 - Reward: -5.750, Length: 40, Loss: 0.0160, Epsilon: 0.100
2026-03-17 03:27:01 | INFO | Episode  171 - Reward: -2.150, Length: 40, Loss: 0.0142, Epsilon: 0.100
2026-03-17 03:27:02 | INFO | Episode  172 - Reward: -2.150, Length: 40, Loss: 0.0139, Epsilon: 0.100
2026-03-17 03:27:03 | INFO | Episode  173 - Reward: -2.450, Length: 40, Loss: 0.0153, Epsilon: 0.100
2026-03-17 03:27:04 | INFO | Episode  174 - Reward: -2.300, Length: 40, Loss: 0.0132, Epsilon: 0.100
2026-03-17 03:27:04 | INFO | Episode  175 - Reward: -2.000, Length: 40, Loss: 0.0149, Epsilon: 0.100
2026-03-17 03:27:05 | INFO | Episode  176 - Reward: -2.300, Length: 40, Loss: 0.0140, Epsilon: 0.100
2026-03-17 03:27:06 | INFO | Episode  177 - Reward: -2.150, Length: 40, Loss: 0.0150, Epsilon: 0.100
2026-03-17 03:27:07 | INFO | Episode  178 - Reward: -2.300, Length: 40, Loss: 0.0132, Epsilon: 0.100
2026-03-17 03:27:07 | INFO | Episode  179 - Reward: -2.150, Length: 40, Loss: 0.0151, Epsilon: 0.100
2026-03-17 03:27:08 | INFO | Episode  180 - Reward: -2.000, Length: 40, Loss: 0.0128, Epsilon: 0.100
2026-03-17 03:27:09 | INFO | Episode  181 - Reward: -2.300, Length: 40, Loss: 0.0117, Epsilon: 0.100
2026-03-17 03:27:10 | INFO | Episode  182 - Reward: -2.450, Length: 40, Loss: 0.0120, Epsilon: 0.100
2026-03-17 03:27:11 | INFO | Episode  183 - Reward: -2.600, Length: 40, Loss: 0.0117, Epsilon: 0.100
2026-03-17 03:27:12 | INFO | Episode  184 - Reward: -2.450, Length: 40, Loss: 0.0123, Epsilon: 0.100
2026-03-17 03:27:13 | INFO | Episode  185 - Reward: -2.000, Length: 40, Loss: 0.0104, Epsilon: 0.100
2026-03-17 03:27:13 | INFO | Episode  186 - Reward: -2.150, Length: 40, Loss: 0.0111, Epsilon: 0.100
2026-03-17 03:27:14 | INFO | Episode  187 - Reward: -2.600, Length: 40, Loss: 0.0109, Epsilon: 0.100
2026-03-17 03:27:15 | INFO | Episode  188 - Reward: -2.450, Length: 40, Loss: 0.0110, Epsilon: 0.100
2026-03-17 03:27:16 | INFO | Episode  189 - Reward: -2.300, Length: 40, Loss: 0.0092, Epsilon: 0.100
2026-03-17 03:27:17 | INFO | Episode  190 - Reward: -7.100, Length: 40, Loss: 0.0111, Epsilon: 0.100
2026-03-17 03:27:18 | INFO | Episode  191 - Reward: -6.500, Length: 40, Loss: 0.0121, Epsilon: 0.100
2026-03-17 03:27:19 | INFO | Episode  192 - Reward: -7.100, Length: 40, Loss: 0.0101, Epsilon: 0.100
2026-03-17 03:27:20 | INFO | Episode  193 - Reward: -7.100, Length: 40, Loss: 0.0112, Epsilon: 0.100
2026-03-17 03:27:21 | INFO | Episode  194 - Reward: -6.800, Length: 40, Loss: 0.0105, Epsilon: 0.100
2026-03-17 03:27:22 | INFO | Episode  195 - Reward: -6.200, Length: 40, Loss: 0.0130, Epsilon: 0.100
2026-03-17 03:27:23 | INFO | Episode  196 - Reward: -7.100, Length: 40, Loss: 0.0142, Epsilon: 0.100
2026-03-17 03:27:24 | INFO | Episode  197 - Reward: -6.800, Length: 40, Loss: 0.0117, Epsilon: 0.100
2026-03-17 03:27:26 | INFO | Episode  198 - Reward: -6.500, Length: 40, Loss: 0.0122, Epsilon: 0.100
2026-03-17 03:27:27 | INFO | Episode  199 - Reward: -7.100, Length: 40, Loss: 0.0126, Epsilon: 0.100
2026-03-17 03:27:28 | INFO | Episode  200 - Reward: -7.100, Length: 40, Loss: 0.0122, Epsilon: 0.100
2026-03-17 03:27:42 | INFO | [Episode  200] eps=0.100  avg_reward=  -3.500  avg_length= 40.00  avg_loss=  0.0147  eval_success=0.000
2026-03-17 03:27:43 | INFO | Episode  201 - Reward: -6.500, Length: 40, Loss: 0.0137, Epsilon: 0.100
2026-03-17 03:27:44 | INFO | Episode  202 - Reward: -7.400, Length: 40, Loss: 0.0114, Epsilon: 0.100
2026-03-17 03:27:45 | INFO | Episode  203 - Reward: -6.500, Length: 40, Loss: 0.0128, Epsilon: 0.100
2026-03-17 03:27:46 | INFO | Episode  204 - Reward: -6.500, Length: 40, Loss: 0.0125, Epsilon: 0.100
2026-03-17 03:27:48 | INFO | Episode  205 - Reward: -6.800, Length: 40, Loss: 0.0160, Epsilon: 0.100
2026-03-17 03:27:49 | INFO | Episode  206 - Reward: -6.350, Length: 40, Loss: 0.0144, Epsilon: 0.100
2026-03-17 03:27:50 | INFO | Episode  207 - Reward: -6.800, Length: 40, Loss: 0.0144, Epsilon: 0.100
2026-03-17 03:27:51 | INFO | Episode  208 - Reward: -7.100, Length: 40, Loss: 0.0167, Epsilon: 0.100
2026-03-17 03:27:52 | INFO | Episode  209 - Reward: -7.100, Length: 40, Loss: 0.0153, Epsilon: 0.100
2026-03-17 03:27:53 | INFO | Episode  210 - Reward: -7.100, Length: 40, Loss: 0.0143, Epsilon: 0.100
2026-03-17 03:27:54 | INFO | Episode  211 - Reward: -6.800, Length: 40, Loss: 0.0157, Epsilon: 0.100
2026-03-17 03:27:55 | INFO | Episode  212 - Reward: -6.500, Length: 40, Loss: 0.0158, Epsilon: 0.100
2026-03-17 03:27:56 | INFO | Episode  213 - Reward: -7.100, Length: 40, Loss: 0.0169, Epsilon: 0.100
2026-03-17 03:27:57 | INFO | Episode  214 - Reward: -7.400, Length: 40, Loss: 0.0173, Epsilon: 0.100
2026-03-17 03:27:59 | INFO | Episode  215 - Reward: -7.100, Length: 40, Loss: 0.0169, Epsilon: 0.100
2026-03-17 03:28:00 | INFO | Episode  216 - Reward: -6.800, Length: 40, Loss: 0.0196, Epsilon: 0.100
2026-03-17 03:28:01 | INFO | Episode  217 - Reward: -7.400, Length: 40, Loss: 0.0198, Epsilon: 0.100
2026-03-17 03:28:02 | INFO | Episode  218 - Reward: -6.800, Length: 40, Loss: 0.0187, Epsilon: 0.100
2026-03-17 03:28:03 | INFO | Episode  219 - Reward: -6.500, Length: 40, Loss: 0.0205, Epsilon: 0.100
2026-03-17 03:28:04 | INFO | Episode  220 - Reward: -7.400, Length: 40, Loss: 0.0207, Epsilon: 0.100
2026-03-17 03:28:05 | INFO | Episode  221 - Reward: -5.600, Length: 40, Loss: 0.0220, Epsilon: 0.100
2026-03-17 03:28:06 | INFO | Episode  222 - Reward: -7.100, Length: 40, Loss: 0.0247, Epsilon: 0.100
2026-03-17 03:28:07 | INFO | Episode  223 - Reward: -6.800, Length: 40, Loss: 0.0246, Epsilon: 0.100
2026-03-17 03:28:08 | INFO | Episode  224 - Reward: -7.100, Length: 40, Loss: 0.0204, Epsilon: 0.100
2026-03-17 03:28:09 | INFO | Episode  225 - Reward: -7.400, Length: 40, Loss: 0.0231, Epsilon: 0.100
2026-03-17 03:28:10 | INFO | Episode  226 - Reward: -6.800, Length: 40, Loss: 0.0241, Epsilon: 0.100
2026-03-17 03:28:11 | INFO | Episode  227 - Reward: -7.250, Length: 40, Loss: 0.0225, Epsilon: 0.100
2026-03-17 03:28:12 | INFO | Episode  228 - Reward: -7.400, Length: 40, Loss: 0.0220, Epsilon: 0.100
2026-03-17 03:28:13 | INFO | Episode  229 - Reward: -7.100, Length: 40, Loss: 0.0252, Epsilon: 0.100
2026-03-17 03:28:14 | INFO | Episode  230 - Reward: -7.550, Length: 40, Loss: 0.0228, Epsilon: 0.100
2026-03-17 03:28:15 | INFO | Episode  231 - Reward: -7.250, Length: 40, Loss: 0.0227, Epsilon: 0.100
2026-03-17 03:28:16 | INFO | Episode  232 - Reward: -7.250, Length: 40, Loss: 0.0220, Epsilon: 0.100
2026-03-17 03:28:18 | INFO | Episode  233 - Reward: -7.400, Length: 40, Loss: 0.0217, Epsilon: 0.100
2026-03-17 03:28:19 | INFO | Episode  234 - Reward: -7.250, Length: 40, Loss: 0.0249, Epsilon: 0.100
2026-03-17 03:28:20 | INFO | Episode  235 - Reward: -6.950, Length: 40, Loss: 0.0236, Epsilon: 0.100
2026-03-17 03:28:21 | INFO | Episode  236 - Reward: -7.400, Length: 40, Loss: 0.0257, Epsilon: 0.100
2026-03-17 03:28:22 | INFO | Episode  237 - Reward: -7.100, Length: 40, Loss: 0.0269, Epsilon: 0.100
2026-03-17 03:28:23 | INFO | Episode  238 - Reward: -6.950, Length: 40, Loss: 0.0261, Epsilon: 0.100
2026-03-17 03:28:24 | INFO | Episode  239 - Reward: -6.950, Length: 40, Loss: 0.0234, Epsilon: 0.100
2026-03-17 03:28:25 | INFO | Episode  240 - Reward: -7.100, Length: 40, Loss: 0.0264, Epsilon: 0.100
2026-03-17 03:28:27 | INFO | Episode  241 - Reward: -7.250, Length: 40, Loss: 0.0267, Epsilon: 0.100
2026-03-17 03:28:28 | INFO | Episode  242 - Reward: -6.350, Length: 40, Loss: 0.0274, Epsilon: 0.100
2026-03-17 03:28:29 | INFO | Episode  243 - Reward: -6.950, Length: 40, Loss: 0.0251, Epsilon: 0.100
2026-03-17 03:28:30 | INFO | Episode  244 - Reward: -6.950, Length: 40, Loss: 0.0288, Epsilon: 0.100
2026-03-17 03:28:31 | INFO | Episode  245 - Reward: -6.950, Length: 40, Loss: 0.0265, Epsilon: 0.100
2026-03-17 03:28:32 | INFO | Episode  246 - Reward: -6.800, Length: 40, Loss: 0.0273, Epsilon: 0.100
2026-03-17 03:28:33 | INFO | Episode  247 - Reward: -6.950, Length: 40, Loss: 0.0278, Epsilon: 0.100
2026-03-17 03:28:35 | INFO | Episode  248 - Reward: -6.650, Length: 40, Loss: 0.0299, Epsilon: 0.100
2026-03-17 03:28:36 | INFO | Episode  249 - Reward: -6.950, Length: 40, Loss: 0.0284, Epsilon: 0.100
2026-03-17 03:28:37 | INFO | Episode  250 - Reward: -6.650, Length: 40, Loss: 0.0290, Epsilon: 0.100
2026-03-17 03:28:52 | INFO | [Episode  250] eps=0.100  avg_reward=  -6.962  avg_length= 40.00  avg_loss=  0.0215  eval_success=0.000
