2026-03-17 08:27:09 | INFO | ============================================================
2026-03-17 08:27:09 | INFO | DEVICE / COMPUTE INFORMATION
2026-03-17 08:27:09 | INFO |   JAX backend       : GPU
2026-03-17 08:27:09 | INFO |   Platform          : gpu
2026-03-17 08:27:09 | INFO |   Num devices       : 1
2026-03-17 08:27:09 | INFO |   Device            : cuda:0
2026-03-17 08:27:09 | INFO |   GPU name          : NVIDIA GeForce RTX 5060 Laptop GPU
2026-03-17 08:27:09 | INFO | ============================================================
2026-03-17 08:27:09 | INFO | ✓ JAX GPU backend confirmed.
2026-03-17 08:27:10 | INFO | DQN seed=0_gamma=0.99_lr=0.01
2026-03-17 08:27:12 | INFO | Episode    1 - Reward: -4.550, Length: 40, Loss: 0.0000, Epsilon: 0.991
2026-03-17 08:27:13 | INFO | Episode    2 - Reward: -4.550, Length: 40, Loss: 0.0000, Epsilon: 0.982
2026-03-17 08:27:17 | INFO | Episode    3 - Reward: -5.000, Length: 40, Loss: 0.0307, Epsilon: 0.973
2026-03-17 08:27:18 | INFO | Episode    4 - Reward: -1.850, Length: 37, Loss: 0.0437, Epsilon: 0.964
2026-03-17 08:27:19 | INFO | Episode    5 - Reward: -5.150, Length: 40, Loss: 0.8400, Epsilon: 0.955
2026-03-17 08:27:20 | INFO | Episode    6 - Reward: -4.700, Length: 40, Loss: 0.0415, Epsilon: 0.946
2026-03-17 08:27:21 | INFO | Episode    7 - Reward: -11.150, Length: 40, Loss: 0.1277, Epsilon: 0.937
2026-03-17 08:27:22 | INFO | Episode    8 - Reward: -5.600, Length: 40, Loss: 0.0366, Epsilon: 0.928
2026-03-17 08:27:23 | INFO | Episode    9 - Reward: -4.700, Length: 40, Loss: 0.0404, Epsilon: 0.919
2026-03-17 08:27:24 | INFO | Episode   10 - Reward: -0.350, Length: 28, Loss: 0.0961, Epsilon: 0.910
2026-03-17 08:27:25 | INFO | Episode   11 - Reward: -4.550, Length: 40, Loss: 0.0365, Epsilon: 0.901
2026-03-17 08:27:26 | INFO | Episode   12 - Reward: -4.100, Length: 40, Loss: 0.9514, Epsilon: 0.892
2026-03-17 08:27:27 | INFO | Episode   13 - Reward: -5.150, Length: 40, Loss: 0.1006, Epsilon: 0.883
2026-03-17 08:27:28 | INFO | Episode   14 - Reward: -5.300, Length: 40, Loss: 0.1287, Epsilon: 0.874
2026-03-17 08:27:30 | INFO | Episode   15 - Reward: -4.850, Length: 40, Loss: 0.0395, Epsilon: 0.865
2026-03-17 08:27:31 | INFO | Episode   16 - Reward: -7.100, Length: 40, Loss: 0.0368, Epsilon: 0.856
2026-03-17 08:27:32 | INFO | Episode   17 - Reward: 3.600, Length: 39, Loss: 0.0992, Epsilon: 0.847
2026-03-17 08:27:33 | INFO | Episode   18 - Reward: -6.650, Length: 40, Loss: 1.6853, Epsilon: 0.838
2026-03-17 08:27:33 | INFO | Episode   19 - Reward: 6.400, Length: 19, Loss: 0.8389, Epsilon: 0.829
2026-03-17 08:27:34 | INFO | Episode   20 - Reward: 3.150, Length: 30, Loss: 0.8416, Epsilon: 0.820
2026-03-17 08:27:35 | INFO | Episode   21 - Reward: -4.550, Length: 40, Loss: 0.8886, Epsilon: 0.811
2026-03-17 08:27:36 | INFO | Episode   22 - Reward: -5.150, Length: 40, Loss: 0.8512, Epsilon: 0.802
2026-03-17 08:27:37 | INFO | Episode   23 - Reward: -5.450, Length: 40, Loss: 0.8285, Epsilon: 0.793
2026-03-17 08:27:38 | INFO | Episode   24 - Reward: -5.000, Length: 40, Loss: 0.8285, Epsilon: 0.784
2026-03-17 08:27:39 | INFO | Episode   25 - Reward: -4.850, Length: 40, Loss: 0.8034, Epsilon: 0.775
2026-03-17 08:27:40 | INFO | Episode   26 - Reward: -6.950, Length: 40, Loss: 1.6146, Epsilon: 0.766
2026-03-17 08:27:41 | INFO | Episode   27 - Reward: 2.450, Length: 32, Loss: 0.0735, Epsilon: 0.757
2026-03-17 08:27:42 | INFO | Episode   28 - Reward: 4.400, Length: 32, Loss: 0.8326, Epsilon: 0.748
2026-03-17 08:27:43 | INFO | Episode   29 - Reward: 5.300, Length: 26, Loss: 0.0719, Epsilon: 0.739
2026-03-17 08:27:44 | INFO | Episode   30 - Reward: 7.250, Length: 26, Loss: 1.6391, Epsilon: 0.730
2026-03-17 08:27:45 | INFO | Episode   31 - Reward: 2.150, Length: 38, Loss: 0.0774, Epsilon: 0.721
2026-03-17 08:27:46 | INFO | Episode   32 - Reward: 8.350, Length: 19, Loss: 2.1702, Epsilon: 0.712
2026-03-17 08:27:47 | INFO | Episode   33 - Reward: -6.800, Length: 40, Loss: 0.9383, Epsilon: 0.703
2026-03-17 08:27:48 | INFO | Episode   34 - Reward: 8.650, Length: 19, Loss: 2.3119, Epsilon: 0.694
2026-03-17 08:27:49 | INFO | Episode   35 - Reward: 6.100, Length: 19, Loss: 1.4703, Epsilon: 0.685
2026-03-17 08:27:50 | INFO | Episode   36 - Reward: 4.800, Length: 33, Loss: 1.5533, Epsilon: 0.676
2026-03-17 08:27:51 | INFO | Episode   37 - Reward: -6.350, Length: 40, Loss: 2.2202, Epsilon: 0.667
2026-03-17 08:27:52 | INFO | Episode   38 - Reward: 6.700, Length: 16, Loss: 0.7591, Epsilon: 0.658
2026-03-17 08:27:53 | INFO | Episode   39 - Reward: 1.400, Length: 32, Loss: 1.4255, Epsilon: 0.649
2026-03-17 08:27:54 | INFO | Episode   40 - Reward: -5.150, Length: 40, Loss: 2.6971, Epsilon: 0.640
2026-03-17 08:27:55 | INFO | Episode   41 - Reward: 4.650, Length: 39, Loss: 0.7308, Epsilon: 0.631
2026-03-17 08:27:57 | INFO | Episode   42 - Reward: 7.400, Length: 11, Loss: 0.7255, Epsilon: 0.622
2026-03-17 08:27:58 | INFO | Episode   43 - Reward: -6.350, Length: 40, Loss: 0.1357, Epsilon: 0.613
2026-03-17 08:27:59 | INFO | Episode   44 - Reward: -6.200, Length: 40, Loss: 0.0722, Epsilon: 0.604
2026-03-17 08:28:00 | INFO | Episode   45 - Reward: -5.900, Length: 40, Loss: 0.7423, Epsilon: 0.595
2026-03-17 08:28:01 | INFO | Episode   46 - Reward: -6.650, Length: 40, Loss: 0.1211, Epsilon: 0.586
2026-03-17 08:28:02 | INFO | Episode   47 - Reward: 3.050, Length: 35, Loss: 0.7148, Epsilon: 0.577
2026-03-17 08:28:03 | INFO | Episode   48 - Reward: 6.850, Length: 28, Loss: 1.4054, Epsilon: 0.568
2026-03-17 08:28:04 | INFO | Episode   49 - Reward: 2.850, Length: 36, Loss: 1.9140, Epsilon: 0.559
2026-03-17 08:28:05 | INFO | Episode   50 - Reward: -10.700, Length: 40, Loss: 1.8517, Epsilon: 0.550
2026-03-17 08:28:20 | INFO | [Episode   50] eps=0.550  avg_reward=  -1.517  avg_length= 35.08  avg_loss=  0.7697  eval_success=0.000
2026-03-17 08:28:21 | INFO | Episode   51 - Reward: -4.850, Length: 40, Loss: 2.3172, Epsilon: 0.541
2026-03-17 08:28:22 | INFO | Episode   52 - Reward: 4.550, Length: 38, Loss: 0.2164, Epsilon: 0.532
2026-03-17 08:28:23 | INFO | Episode   53 - Reward: -5.900, Length: 40, Loss: 0.1993, Epsilon: 0.523
2026-03-17 08:28:24 | INFO | Episode   54 - Reward: -5.750, Length: 40, Loss: 0.7684, Epsilon: 0.514
2026-03-17 08:28:26 | INFO | Episode   55 - Reward: -6.050, Length: 40, Loss: 1.7270, Epsilon: 0.505
2026-03-17 08:28:27 | INFO | Episode   56 - Reward: -6.350, Length: 40, Loss: 0.6268, Epsilon: 0.496
2026-03-17 08:28:28 | INFO | Episode   57 - Reward: -4.100, Length: 40, Loss: 2.1702, Epsilon: 0.487
2026-03-17 08:28:29 | INFO | Episode   58 - Reward: 6.500, Length: 17, Loss: 0.2891, Epsilon: 0.478
2026-03-17 08:28:30 | INFO | Episode   59 - Reward: -6.200, Length: 40, Loss: 0.6633, Epsilon: 0.469
2026-03-17 08:28:31 | INFO | Episode   60 - Reward: 5.650, Length: 37, Loss: 0.1498, Epsilon: 0.460
2026-03-17 08:28:32 | INFO | Episode   61 - Reward: -5.600, Length: 40, Loss: 1.1536, Epsilon: 0.451
2026-03-17 08:28:33 | INFO | Episode   62 - Reward: -5.900, Length: 40, Loss: 0.1164, Epsilon: 0.442
2026-03-17 08:28:34 | INFO | Episode   63 - Reward: -5.000, Length: 40, Loss: 0.2590, Epsilon: 0.433
2026-03-17 08:28:34 | INFO | Episode   64 - Reward: -6.050, Length: 40, Loss: 1.1190, Epsilon: 0.424
2026-03-17 08:28:35 | INFO | Episode   65 - Reward: -6.950, Length: 40, Loss: 1.1760, Epsilon: 0.415
2026-03-17 08:28:36 | INFO | Episode   66 - Reward: -5.300, Length: 40, Loss: 1.5402, Epsilon: 0.406
2026-03-17 08:28:36 | INFO | Episode   67 - Reward: -6.500, Length: 40, Loss: 1.2180, Epsilon: 0.397
2026-03-17 08:28:37 | INFO | Episode   68 - Reward: -6.350, Length: 40, Loss: 1.4923, Epsilon: 0.388
2026-03-17 08:28:38 | INFO | Episode   69 - Reward: -6.050, Length: 40, Loss: 0.9983, Epsilon: 0.379
2026-03-17 08:28:39 | INFO | Episode   70 - Reward: 5.000, Length: 29, Loss: 1.1451, Epsilon: 0.370
2026-03-17 08:28:39 | INFO | Episode   71 - Reward: -5.750, Length: 40, Loss: 0.6270, Epsilon: 0.361
2026-03-17 08:28:40 | INFO | Episode   72 - Reward: -7.250, Length: 40, Loss: 0.3046, Epsilon: 0.352
2026-03-17 08:28:41 | INFO | Episode   73 - Reward: 8.950, Length: 19, Loss: 0.5921, Epsilon: 0.343
2026-03-17 08:28:42 | INFO | Episode   74 - Reward: 3.600, Length: 30, Loss: 0.3322, Epsilon: 0.334
2026-03-17 08:28:43 | INFO | Episode   75 - Reward: -1.650, Length: 33, Loss: 0.1346, Epsilon: 0.325
2026-03-17 08:28:43 | INFO | Episode   76 - Reward: 9.650, Length: 8, Loss: 1.4699, Epsilon: 0.316
2026-03-17 08:28:44 | INFO | Episode   77 - Reward: 9.550, Length: 10, Loss: 0.6216, Epsilon: 0.307
2026-03-17 08:28:45 | INFO | Episode   78 - Reward: 7.500, Length: 12, Loss: 0.9882, Epsilon: 0.298
2026-03-17 08:28:46 | INFO | Episode   79 - Reward: -2.750, Length: 40, Loss: 1.3542, Epsilon: 0.289
2026-03-17 08:28:47 | INFO | Episode   80 - Reward: 7.400, Length: 14, Loss: 0.1903, Epsilon: 0.280
2026-03-17 08:28:48 | INFO | Episode   81 - Reward: -3.900, Length: 39, Loss: 0.2320, Epsilon: 0.271
2026-03-17 08:28:48 | INFO | Episode   82 - Reward: 9.650, Length: 8, Loss: 0.5628, Epsilon: 0.262
2026-03-17 08:28:49 | INFO | Episode   83 - Reward: -5.300, Length: 40, Loss: 0.6474, Epsilon: 0.253
2026-03-17 08:28:50 | INFO | Episode   84 - Reward: 6.050, Length: 26, Loss: 0.9438, Epsilon: 0.244
2026-03-17 08:28:51 | INFO | Episode   85 - Reward: 2.150, Length: 32, Loss: 1.2597, Epsilon: 0.235
2026-03-17 08:28:52 | INFO | Episode   86 - Reward: 9.350, Length: 11, Loss: 0.8557, Epsilon: 0.226
2026-03-17 08:28:53 | INFO | Episode   87 - Reward: -8.000, Length: 40, Loss: 1.8381, Epsilon: 0.217
2026-03-17 08:28:53 | INFO | Episode   88 - Reward: 2.350, Length: 34, Loss: 0.1946, Epsilon: 0.208
2026-03-17 08:28:54 | INFO | Episode   89 - Reward: -6.800, Length: 40, Loss: 0.1641, Epsilon: 0.199
2026-03-17 08:28:55 | INFO | Episode   90 - Reward: -7.250, Length: 40, Loss: 0.8298, Epsilon: 0.190
2026-03-17 08:28:56 | INFO | Episode   91 - Reward: -6.950, Length: 40, Loss: 0.4578, Epsilon: 0.181
2026-03-17 08:28:57 | INFO | Episode   92 - Reward: 7.700, Length: 8, Loss: 0.5168, Epsilon: 0.172
2026-03-17 08:28:57 | INFO | Episode   93 - Reward: -6.950, Length: 40, Loss: 0.9570, Epsilon: 0.163
2026-03-17 08:28:58 | INFO | Episode   94 - Reward: -11.600, Length: 40, Loss: 0.8614, Epsilon: 0.154
2026-03-17 08:28:59 | INFO | Episode   95 - Reward: 3.200, Length: 32, Loss: 2.0166, Epsilon: 0.145
2026-03-17 08:29:00 | INFO | Episode   96 - Reward: -6.800, Length: 40, Loss: 0.2834, Epsilon: 0.136
2026-03-17 08:29:01 | INFO | Episode   97 - Reward: -6.200, Length: 40, Loss: 1.7486, Epsilon: 0.127
2026-03-17 08:29:01 | INFO | Episode   98 - Reward: -7.100, Length: 40, Loss: 0.6054, Epsilon: 0.118
2026-03-17 08:29:02 | INFO | Episode   99 - Reward: 9.650, Length: 8, Loss: 1.2231, Epsilon: 0.109
2026-03-17 08:29:03 | INFO | Episode  100 - Reward: -8.300, Length: 40, Loss: 0.5801, Epsilon: 0.100
2026-03-17 08:29:14 | INFO | [Episode  100] eps=0.100  avg_reward=  -1.540  avg_length= 32.90  avg_loss=  0.8548  eval_success=0.000
2026-03-17 08:29:15 | INFO | Episode  101 - Reward: 7.700, Length: 8, Loss: 1.0221, Epsilon: 0.100
2026-03-17 08:29:16 | INFO | Episode  102 - Reward: -6.500, Length: 40, Loss: 0.9874, Epsilon: 0.100
2026-03-17 08:29:17 | INFO | Episode  103 - Reward: -6.950, Length: 40, Loss: 1.3384, Epsilon: 0.100
2026-03-17 08:29:18 | INFO | Episode  104 - Reward: 9.650, Length: 8, Loss: 0.6408, Epsilon: 0.100
2026-03-17 08:29:18 | INFO | Episode  105 - Reward: -6.800, Length: 40, Loss: 1.5602, Epsilon: 0.100
2026-03-17 08:29:19 | INFO | Episode  106 - Reward: -6.650, Length: 40, Loss: 1.0465, Epsilon: 0.100
2026-03-17 08:29:20 | INFO | Episode  107 - Reward: 9.050, Length: 11, Loss: 0.4402, Epsilon: 0.100
2026-03-17 08:29:21 | INFO | Episode  108 - Reward: 9.650, Length: 8, Loss: 1.4823, Epsilon: 0.100
2026-03-17 08:29:22 | INFO | Episode  109 - Reward: 7.700, Length: 8, Loss: 1.1548, Epsilon: 0.100
2026-03-17 08:29:22 | INFO | Episode  110 - Reward: -9.950, Length: 40, Loss: 0.1527, Epsilon: 0.100
2026-03-17 08:29:23 | INFO | Episode  111 - Reward: 9.650, Length: 8, Loss: 1.5091, Epsilon: 0.100
2026-03-17 08:29:24 | INFO | Episode  112 - Reward: 7.500, Length: 9, Loss: 0.9689, Epsilon: 0.100
2026-03-17 08:29:25 | INFO | Episode  113 - Reward: 2.100, Length: 36, Loss: 1.0199, Epsilon: 0.100
2026-03-17 08:29:26 | INFO | Episode  114 - Reward: 9.250, Length: 10, Loss: 0.6232, Epsilon: 0.100
2026-03-17 08:29:27 | INFO | Episode  115 - Reward: -7.400, Length: 40, Loss: 0.9053, Epsilon: 0.100
2026-03-17 08:29:27 | INFO | Episode  116 - Reward: -6.500, Length: 40, Loss: 0.8506, Epsilon: 0.100
2026-03-17 08:29:28 | INFO | Episode  117 - Reward: 7.500, Length: 12, Loss: 0.2779, Epsilon: 0.100
2026-03-17 08:29:29 | INFO | Episode  118 - Reward: 7.700, Length: 8, Loss: 0.8742, Epsilon: 0.100
2026-03-17 08:29:30 | INFO | Episode  119 - Reward: 5.850, Length: 27, Loss: 0.2824, Epsilon: 0.100
2026-03-17 08:29:31 | INFO | Episode  120 - Reward: -6.650, Length: 40, Loss: 1.0090, Epsilon: 0.100
2026-03-17 08:29:31 | INFO | Episode  121 - Reward: 2.350, Length: 28, Loss: 1.3266, Epsilon: 0.100
2026-03-17 08:29:32 | INFO | Episode  122 - Reward: -8.600, Length: 40, Loss: 1.6075, Epsilon: 0.100
2026-03-17 08:29:33 | INFO | Episode  123 - Reward: 9.550, Length: 10, Loss: 0.9951, Epsilon: 0.100
2026-03-17 08:29:34 | INFO | Episode  124 - Reward: 9.650, Length: 8, Loss: 0.7263, Epsilon: 0.100
2026-03-17 08:29:35 | INFO | Episode  125 - Reward: -6.950, Length: 40, Loss: 0.6707, Epsilon: 0.100
2026-03-17 08:29:35 | INFO | Episode  126 - Reward: 7.700, Length: 8, Loss: 1.5232, Epsilon: 0.100
2026-03-17 08:29:36 | INFO | Episode  127 - Reward: -7.850, Length: 40, Loss: 1.5305, Epsilon: 0.100
2026-03-17 08:29:37 | INFO | Episode  128 - Reward: -7.550, Length: 40, Loss: 0.8708, Epsilon: 0.100
2026-03-17 08:29:38 | INFO | Episode  129 - Reward: 9.650, Length: 8, Loss: 0.5702, Epsilon: 0.100
2026-03-17 08:29:39 | INFO | Episode  130 - Reward: 9.650, Length: 8, Loss: 1.4669, Epsilon: 0.100
2026-03-17 08:29:40 | INFO | Episode  131 - Reward: -6.200, Length: 40, Loss: 1.2359, Epsilon: 0.100
2026-03-17 08:29:40 | INFO | Episode  132 - Reward: -6.350, Length: 40, Loss: 1.1215, Epsilon: 0.100
2026-03-17 08:29:41 | INFO | Episode  133 - Reward: -6.950, Length: 40, Loss: 0.1658, Epsilon: 0.100
2026-03-17 08:29:42 | INFO | Episode  134 - Reward: 5.200, Length: 25, Loss: 2.3224, Epsilon: 0.100
2026-03-17 08:29:43 | INFO | Episode  135 - Reward: 9.550, Length: 10, Loss: 0.7907, Epsilon: 0.100
2026-03-17 08:29:44 | INFO | Episode  136 - Reward: 9.650, Length: 8, Loss: 1.3545, Epsilon: 0.100
2026-03-17 08:29:45 | INFO | Episode  137 - Reward: -7.850, Length: 40, Loss: 0.8698, Epsilon: 0.100
2026-03-17 08:29:46 | INFO | Episode  138 - Reward: -6.800, Length: 40, Loss: 0.9374, Epsilon: 0.100
2026-03-17 08:29:47 | INFO | Episode  139 - Reward: -6.050, Length: 40, Loss: 0.6078, Epsilon: 0.100
2026-03-17 08:29:48 | INFO | Episode  140 - Reward: 7.500, Length: 9, Loss: 0.3636, Epsilon: 0.100
2026-03-17 08:29:49 | INFO | Episode  141 - Reward: 9.650, Length: 8, Loss: 0.6516, Epsilon: 0.100
2026-03-17 08:29:51 | INFO | Episode  142 - Reward: 9.650, Length: 8, Loss: 1.5754, Epsilon: 0.100
2026-03-17 08:29:52 | INFO | Episode  143 - Reward: 7.700, Length: 8, Loss: 1.4670, Epsilon: 0.100
2026-03-17 08:29:53 | INFO | Episode  144 - Reward: -7.550, Length: 40, Loss: 1.7861, Epsilon: 0.100
2026-03-17 08:29:54 | INFO | Episode  145 - Reward: 9.650, Length: 8, Loss: 0.7573, Epsilon: 0.100
2026-03-17 08:29:55 | INFO | Episode  146 - Reward: -6.800, Length: 40, Loss: 0.9226, Epsilon: 0.100
2026-03-17 08:29:56 | INFO | Episode  147 - Reward: 7.700, Length: 8, Loss: 1.1746, Epsilon: 0.100
2026-03-17 08:29:57 | INFO | Episode  148 - Reward: -6.500, Length: 40, Loss: 1.2471, Epsilon: 0.100
2026-03-17 08:29:58 | INFO | Episode  149 - Reward: 5.650, Length: 31, Loss: 0.7615, Epsilon: 0.100
2026-03-17 08:29:59 | INFO | Episode  150 - Reward: 9.650, Length: 8, Loss: 1.3465, Epsilon: 0.100
2026-03-17 08:30:13 | INFO | [Episode  150] eps=0.100  avg_reward=   1.680  avg_length= 23.88  avg_loss=  1.0179  eval_success=0.000
2026-03-17 08:30:14 | INFO | Episode  151 - Reward: -10.550, Length: 40, Loss: 0.9608, Epsilon: 0.100
2026-03-17 08:30:15 | INFO | Episode  152 - Reward: 7.700, Length: 8, Loss: 1.0266, Epsilon: 0.100
2026-03-17 08:30:16 | INFO | Episode  153 - Reward: 9.250, Length: 13, Loss: 1.2573, Epsilon: 0.100
2026-03-17 08:30:17 | INFO | Episode  154 - Reward: -8.600, Length: 40, Loss: 0.7559, Epsilon: 0.100
2026-03-17 08:30:18 | INFO | Episode  155 - Reward: 5.750, Length: 29, Loss: 1.0957, Epsilon: 0.100
2026-03-17 08:30:19 | INFO | Episode  156 - Reward: 7.700, Length: 8, Loss: 0.7396, Epsilon: 0.100
2026-03-17 08:30:21 | INFO | Episode  157 - Reward: 7.700, Length: 8, Loss: 1.1077, Epsilon: 0.100
2026-03-17 08:30:22 | INFO | Episode  158 - Reward: -8.600, Length: 40, Loss: 1.0381, Epsilon: 0.100
2026-03-17 08:30:23 | INFO | Episode  159 - Reward: -8.300, Length: 40, Loss: 0.9754, Epsilon: 0.100
2026-03-17 08:30:24 | INFO | Episode  160 - Reward: 7.500, Length: 9, Loss: 1.0464, Epsilon: 0.100
2026-03-17 08:30:25 | INFO | Episode  161 - Reward: -8.900, Length: 40, Loss: 1.0017, Epsilon: 0.100
2026-03-17 08:30:26 | INFO | Episode  162 - Reward: -7.850, Length: 40, Loss: 1.6466, Epsilon: 0.100
2026-03-17 08:30:27 | INFO | Episode  163 - Reward: 7.700, Length: 8, Loss: 0.7902, Epsilon: 0.100
2026-03-17 08:30:28 | INFO | Episode  164 - Reward: 7.700, Length: 8, Loss: 0.7966, Epsilon: 0.100
2026-03-17 08:30:29 | INFO | Episode  165 - Reward: 7.700, Length: 8, Loss: 0.8904, Epsilon: 0.100
2026-03-17 08:30:30 | INFO | Episode  166 - Reward: -7.250, Length: 40, Loss: 0.7105, Epsilon: 0.100
2026-03-17 08:30:31 | INFO | Episode  167 - Reward: -6.500, Length: 40, Loss: 1.0786, Epsilon: 0.100
2026-03-17 08:30:32 | INFO | Episode  168 - Reward: 9.650, Length: 8, Loss: 1.1415, Epsilon: 0.100
2026-03-17 08:30:33 | INFO | Episode  169 - Reward: -8.000, Length: 40, Loss: 0.7318, Epsilon: 0.100
2026-03-17 08:30:34 | INFO | Episode  170 - Reward: -13.550, Length: 40, Loss: 0.5670, Epsilon: 0.100
2026-03-17 08:30:35 | INFO | Episode  171 - Reward: 7.600, Length: 10, Loss: 0.4777, Epsilon: 0.100
2026-03-17 08:30:36 | INFO | Episode  172 - Reward: -6.650, Length: 40, Loss: 1.0848, Epsilon: 0.100
2026-03-17 08:30:37 | INFO | Episode  173 - Reward: -7.100, Length: 40, Loss: 1.9898, Epsilon: 0.100
2026-03-17 08:30:38 | INFO | Episode  174 - Reward: -8.900, Length: 40, Loss: 0.9436, Epsilon: 0.100
2026-03-17 08:30:39 | INFO | Episode  175 - Reward: 9.550, Length: 10, Loss: 0.8251, Epsilon: 0.100
2026-03-17 08:30:41 | INFO | Episode  176 - Reward: 7.700, Length: 8, Loss: 1.1688, Epsilon: 0.100
2026-03-17 08:30:42 | INFO | Episode  177 - Reward: 7.500, Length: 9, Loss: 1.4590, Epsilon: 0.100
2026-03-17 08:30:43 | INFO | Episode  178 - Reward: -8.000, Length: 40, Loss: 0.6750, Epsilon: 0.100
2026-03-17 08:30:43 | INFO | Episode  179 - Reward: 6.550, Length: 25, Loss: 0.5224, Epsilon: 0.100
2026-03-17 08:30:44 | INFO | Episode  180 - Reward: -8.300, Length: 40, Loss: 1.3948, Epsilon: 0.100
2026-03-17 08:30:45 | INFO | Episode  181 - Reward: -6.950, Length: 40, Loss: 0.8715, Epsilon: 0.100
2026-03-17 08:30:46 | INFO | Episode  182 - Reward: 8.250, Length: 15, Loss: 1.2757, Epsilon: 0.100
2026-03-17 08:30:47 | INFO | Episode  183 - Reward: -6.950, Length: 40, Loss: 0.3793, Epsilon: 0.100
2026-03-17 08:30:48 | INFO | Episode  184 - Reward: -6.950, Length: 40, Loss: 0.7294, Epsilon: 0.100
2026-03-17 08:30:50 | INFO | Episode  185 - Reward: -7.550, Length: 40, Loss: 0.8737, Epsilon: 0.100
2026-03-17 08:30:51 | INFO | Episode  186 - Reward: 4.800, Length: 24, Loss: 1.2723, Epsilon: 0.100
2026-03-17 08:30:52 | INFO | Episode  187 - Reward: -6.800, Length: 40, Loss: 0.8273, Epsilon: 0.100
2026-03-17 08:30:53 | INFO | Episode  188 - Reward: 9.450, Length: 12, Loss: 0.8291, Epsilon: 0.100
2026-03-17 08:30:54 | INFO | Episode  189 - Reward: 9.650, Length: 8, Loss: 0.6756, Epsilon: 0.100
2026-03-17 08:30:55 | INFO | Episode  190 - Reward: 9.650, Length: 8, Loss: 1.4327, Epsilon: 0.100
2026-03-17 08:30:56 | INFO | Episode  191 - Reward: 7.700, Length: 8, Loss: 1.4603, Epsilon: 0.100
2026-03-17 08:30:57 | INFO | Episode  192 - Reward: 9.650, Length: 8, Loss: 0.8565, Epsilon: 0.100
2026-03-17 08:30:58 | INFO | Episode  193 - Reward: 7.600, Length: 10, Loss: 0.4776, Epsilon: 0.100
2026-03-17 08:30:59 | INFO | Episode  194 - Reward: 9.550, Length: 10, Loss: 0.8539, Epsilon: 0.100
2026-03-17 08:31:00 | INFO | Episode  195 - Reward: 7.700, Length: 8, Loss: 1.4593, Epsilon: 0.100
2026-03-17 08:31:01 | INFO | Episode  196 - Reward: 4.450, Length: 16, Loss: 1.3310, Epsilon: 0.100
2026-03-17 08:31:02 | INFO | Episode  197 - Reward: 7.700, Length: 8, Loss: 1.0736, Epsilon: 0.100
2026-03-17 08:31:03 | INFO | Episode  198 - Reward: -8.900, Length: 40, Loss: 0.7105, Epsilon: 0.100
2026-03-17 08:31:03 | INFO | Episode  199 - Reward: 9.650, Length: 8, Loss: 0.6168, Epsilon: 0.100
2026-03-17 08:31:04 | INFO | Episode  200 - Reward: 9.450, Length: 9, Loss: 0.9415, Epsilon: 0.100
2026-03-17 08:31:07 | INFO | [Episode  200] eps=0.100  avg_reward=   1.227  avg_length= 23.22  avg_loss=  0.9769  eval_success=1.000
2026-03-17 08:31:08 | INFO | Episode  201 - Reward: 7.700, Length: 8, Loss: 1.2900, Epsilon: 0.100
2026-03-17 08:31:08 | INFO | Episode  202 - Reward: 7.700, Length: 8, Loss: 1.2078, Epsilon: 0.100
2026-03-17 08:31:09 | INFO | Episode  203 - Reward: 9.650, Length: 8, Loss: 0.6399, Epsilon: 0.100
2026-03-17 08:31:10 | INFO | Episode  204 - Reward: -12.200, Length: 40, Loss: 0.8757, Epsilon: 0.100
2026-03-17 08:31:11 | INFO | Episode  205 - Reward: 9.650, Length: 8, Loss: 1.8160, Epsilon: 0.100
2026-03-17 08:31:12 | INFO | Episode  206 - Reward: -11.900, Length: 40, Loss: 1.7061, Epsilon: 0.100
2026-03-17 08:31:13 | INFO | Episode  207 - Reward: 3.900, Length: 27, Loss: 1.1683, Epsilon: 0.100
2026-03-17 08:31:14 | INFO | Episode  208 - Reward: -2.050, Length: 38, Loss: 0.7697, Epsilon: 0.100
2026-03-17 08:31:14 | INFO | Episode  209 - Reward: 7.700, Length: 8, Loss: 0.9856, Epsilon: 0.100
2026-03-17 08:31:14 | INFO | Episode  210 - Reward: 7.600, Length: 10, Loss: 0.9229, Epsilon: 0.100
2026-03-17 08:31:15 | INFO | Episode  211 - Reward: 9.450, Length: 9, Loss: 1.3323, Epsilon: 0.100
2026-03-17 08:31:16 | INFO | Episode  212 - Reward: 9.650, Length: 8, Loss: 1.1003, Epsilon: 0.100
2026-03-17 08:31:17 | INFO | Episode  213 - Reward: -8.150, Length: 40, Loss: 1.4419, Epsilon: 0.100
2026-03-17 08:31:19 | INFO | Episode  214 - Reward: -6.800, Length: 40, Loss: 1.7892, Epsilon: 0.100
2026-03-17 08:31:20 | INFO | Episode  215 - Reward: 7.700, Length: 8, Loss: 1.3537, Epsilon: 0.100
2026-03-17 08:31:21 | INFO | Episode  216 - Reward: 7.700, Length: 8, Loss: 1.3610, Epsilon: 0.100
2026-03-17 08:31:21 | INFO | Episode  217 - Reward: 7.200, Length: 12, Loss: 1.3761, Epsilon: 0.100
2026-03-17 08:31:22 | INFO | Episode  218 - Reward: 7.700, Length: 8, Loss: 1.0010, Epsilon: 0.100
2026-03-17 08:31:23 | INFO | Episode  219 - Reward: 7.850, Length: 17, Loss: 2.2234, Epsilon: 0.100
2026-03-17 08:31:25 | INFO | Episode  220 - Reward: 7.700, Length: 8, Loss: 0.8315, Epsilon: 0.100
2026-03-17 08:31:26 | INFO | Episode  221 - Reward: 4.100, Length: 29, Loss: 0.9839, Epsilon: 0.100
2026-03-17 08:31:27 | INFO | Episode  222 - Reward: -8.000, Length: 40, Loss: 1.3687, Epsilon: 0.100
2026-03-17 08:31:27 | INFO | Episode  223 - Reward: 7.500, Length: 9, Loss: 1.6232, Epsilon: 0.100
2026-03-17 08:31:28 | INFO | Episode  224 - Reward: 7.700, Length: 8, Loss: 1.3795, Epsilon: 0.100
2026-03-17 08:31:29 | INFO | Episode  225 - Reward: 7.500, Length: 9, Loss: 2.1225, Epsilon: 0.100
2026-03-17 08:31:30 | INFO | Episode  226 - Reward: 5.650, Length: 10, Loss: 0.9083, Epsilon: 0.100
2026-03-17 08:31:31 | INFO | Episode  227 - Reward: 9.650, Length: 8, Loss: 1.0360, Epsilon: 0.100
2026-03-17 08:31:32 | INFO | Episode  228 - Reward: -7.250, Length: 40, Loss: 1.2707, Epsilon: 0.100
2026-03-17 08:31:32 | INFO | Episode  229 - Reward: 9.450, Length: 9, Loss: 2.1914, Epsilon: 0.100
2026-03-17 08:31:33 | INFO | Episode  230 - Reward: -0.700, Length: 35, Loss: 1.7428, Epsilon: 0.100
2026-03-17 08:31:34 | INFO | Episode  231 - Reward: 7.300, Length: 10, Loss: 0.7669, Epsilon: 0.100
2026-03-17 08:31:35 | INFO | Episode  232 - Reward: 9.550, Length: 10, Loss: 0.8000, Epsilon: 0.100
2026-03-17 08:31:36 | INFO | Episode  233 - Reward: 7.700, Length: 8, Loss: 1.4802, Epsilon: 0.100
2026-03-17 08:31:37 | INFO | Episode  234 - Reward: 3.600, Length: 12, Loss: 1.0317, Epsilon: 0.100
2026-03-17 08:31:38 | INFO | Episode  235 - Reward: 7.300, Length: 10, Loss: 1.2831, Epsilon: 0.100
2026-03-17 08:31:38 | INFO | Episode  236 - Reward: -7.100, Length: 40, Loss: 1.2580, Epsilon: 0.100
2026-03-17 08:31:39 | INFO | Episode  237 - Reward: -6.950, Length: 40, Loss: 2.0136, Epsilon: 0.100
2026-03-17 08:31:40 | INFO | Episode  238 - Reward: 9.650, Length: 8, Loss: 2.0486, Epsilon: 0.100
2026-03-17 08:31:41 | INFO | Episode  239 - Reward: 6.300, Length: 15, Loss: 1.1465, Epsilon: 0.100
2026-03-17 08:31:42 | INFO | Episode  240 - Reward: 6.050, Length: 26, Loss: 2.0352, Epsilon: 0.100
2026-03-17 08:31:43 | INFO | Episode  241 - Reward: -6.800, Length: 40, Loss: 1.4170, Epsilon: 0.100
2026-03-17 08:31:43 | INFO | Episode  242 - Reward: -6.650, Length: 40, Loss: 1.9438, Epsilon: 0.100
2026-03-17 08:31:44 | INFO | Episode  243 - Reward: 3.900, Length: 27, Loss: 1.1097, Epsilon: 0.100
2026-03-17 08:31:45 | INFO | Episode  244 - Reward: 7.700, Length: 8, Loss: 1.1892, Epsilon: 0.100
2026-03-17 08:31:46 | INFO | Episode  245 - Reward: 9.250, Length: 10, Loss: 1.1149, Epsilon: 0.100
2026-03-17 08:31:47 | INFO | Episode  246 - Reward: 0.350, Length: 38, Loss: 0.5722, Epsilon: 0.100
2026-03-17 08:31:48 | INFO | Episode  247 - Reward: 7.500, Length: 9, Loss: 0.6505, Epsilon: 0.100
2026-03-17 08:31:49 | INFO | Episode  248 - Reward: 9.450, Length: 9, Loss: 0.7614, Epsilon: 0.100
2026-03-17 08:31:50 | INFO | Episode  249 - Reward: -7.250, Length: 40, Loss: 1.0403, Epsilon: 0.100
2026-03-17 08:31:51 | INFO | Episode  250 - Reward: 7.700, Length: 8, Loss: 0.8267, Epsilon: 0.100
2026-03-17 08:31:53 | INFO | [Episode  250] eps=0.100  avg_reward=   3.638  avg_length= 19.16  avg_loss=  1.2862  eval_success=1.000
