2026-03-17 02:54:24 | INFO | ============================================================
2026-03-17 02:54:24 | INFO | DEVICE / COMPUTE INFORMATION
2026-03-17 02:54:24 | INFO |   JAX backend       : GPU
2026-03-17 02:54:24 | INFO |   Platform          : gpu
2026-03-17 02:54:24 | INFO |   Num devices       : 1
2026-03-17 02:54:24 | INFO |   Device            : cuda:0
2026-03-17 02:54:24 | INFO |   GPU name          : NVIDIA GeForce RTX 5060 Laptop GPU
2026-03-17 02:54:24 | INFO | ============================================================
2026-03-17 02:54:24 | INFO | ✓ JAX GPU backend confirmed.
2026-03-17 02:54:25 | INFO | DQN seed=1_gamma=0.9_lr=0.1
2026-03-17 02:54:26 | INFO | Episode    1 - Reward: 6.450, Length: 36, Loss: 0.0000, Epsilon: 0.991
2026-03-17 02:54:27 | INFO | Episode    2 - Reward: -4.850, Length: 40, Loss: 0.0000, Epsilon: 0.982
2026-03-17 02:54:30 | INFO | Episode    3 - Reward: -5.000, Length: 40, Loss: 0.0125, Epsilon: 0.973
2026-03-17 02:54:31 | INFO | Episode    4 - Reward: -4.400, Length: 40, Loss: 1.6415, Epsilon: 0.964
2026-03-17 02:54:32 | INFO | Episode    5 - Reward: -5.300, Length: 40, Loss: 0.7180, Epsilon: 0.955
2026-03-17 02:54:33 | INFO | Episode    6 - Reward: -5.300, Length: 40, Loss: 1.7833, Epsilon: 0.946
2026-03-17 02:54:34 | INFO | Episode    7 - Reward: -4.550, Length: 40, Loss: 0.6351, Epsilon: 0.937
2026-03-17 02:54:35 | INFO | Episode    8 - Reward: -5.600, Length: 40, Loss: 0.2180, Epsilon: 0.928
2026-03-17 02:54:35 | INFO | Episode    9 - Reward: 5.100, Length: 33, Loss: 0.0651, Epsilon: 0.919
2026-03-17 02:54:36 | INFO | Episode   10 - Reward: -4.550, Length: 40, Loss: 0.1557, Epsilon: 0.910
2026-03-17 02:54:37 | INFO | Episode   11 - Reward: -6.950, Length: 40, Loss: 0.0895, Epsilon: 0.901
2026-03-17 02:54:38 | INFO | Episode   12 - Reward: -8.300, Length: 40, Loss: 0.6213, Epsilon: 0.892
2026-03-17 02:54:38 | INFO | Episode   13 - Reward: -4.400, Length: 40, Loss: 0.1131, Epsilon: 0.883
2026-03-17 02:54:39 | INFO | Episode   14 - Reward: -5.750, Length: 40, Loss: 0.5321, Epsilon: 0.874
2026-03-17 02:54:40 | INFO | Episode   15 - Reward: 7.350, Length: 30, Loss: 0.0646, Epsilon: 0.865
2026-03-17 02:54:41 | INFO | Episode   16 - Reward: -5.000, Length: 40, Loss: 0.1502, Epsilon: 0.856
2026-03-17 02:54:42 | INFO | Episode   17 - Reward: -5.150, Length: 40, Loss: 0.0695, Epsilon: 0.847
2026-03-17 02:54:42 | INFO | Episode   18 - Reward: -5.300, Length: 40, Loss: 0.0995, Epsilon: 0.838
2026-03-17 02:54:43 | INFO | Episode   19 - Reward: -5.450, Length: 40, Loss: 0.9071, Epsilon: 0.829
2026-03-17 02:54:44 | INFO | Episode   20 - Reward: -6.500, Length: 40, Loss: 0.3190, Epsilon: 0.820
2026-03-17 02:54:45 | INFO | Episode   21 - Reward: 8.950, Length: 16, Loss: 0.3849, Epsilon: 0.811
2026-03-17 02:54:46 | INFO | Episode   22 - Reward: -3.950, Length: 40, Loss: 0.1314, Epsilon: 0.802
2026-03-17 02:54:47 | INFO | Episode   23 - Reward: -10.100, Length: 40, Loss: 0.2936, Epsilon: 0.793
2026-03-17 02:54:48 | INFO | Episode   24 - Reward: -10.100, Length: 40, Loss: 0.7500, Epsilon: 0.784
2026-03-17 02:54:48 | INFO | Episode   25 - Reward: 6.100, Length: 22, Loss: 0.8195, Epsilon: 0.775
2026-03-17 02:54:49 | INFO | Episode   26 - Reward: 0.700, Length: 37, Loss: 0.6949, Epsilon: 0.766
2026-03-17 02:54:50 | INFO | Episode   27 - Reward: -4.700, Length: 40, Loss: 0.1771, Epsilon: 0.757
2026-03-17 02:54:51 | INFO | Episode   28 - Reward: -3.500, Length: 40, Loss: 0.6689, Epsilon: 0.748
2026-03-17 02:54:52 | INFO | Episode   29 - Reward: 3.900, Length: 33, Loss: 0.2666, Epsilon: 0.739
2026-03-17 02:54:53 | INFO | Episode   30 - Reward: -5.150, Length: 40, Loss: 0.7508, Epsilon: 0.730
2026-03-17 02:54:53 | INFO | Episode   31 - Reward: 8.350, Length: 22, Loss: 0.8707, Epsilon: 0.721
2026-03-17 02:54:54 | INFO | Episode   32 - Reward: -6.050, Length: 40, Loss: 0.9675, Epsilon: 0.712
2026-03-17 02:54:55 | INFO | Episode   33 - Reward: -9.350, Length: 40, Loss: 0.0871, Epsilon: 0.703
2026-03-17 02:54:56 | INFO | Episode   34 - Reward: -5.450, Length: 40, Loss: 0.2043, Epsilon: 0.694
2026-03-17 02:54:57 | INFO | Episode   35 - Reward: -5.600, Length: 40, Loss: 0.6601, Epsilon: 0.685
2026-03-17 02:54:58 | INFO | Episode   36 - Reward: -4.100, Length: 40, Loss: 0.2247, Epsilon: 0.676
2026-03-17 02:54:58 | INFO | Episode   37 - Reward: 5.350, Length: 40, Loss: 1.1566, Epsilon: 0.667
2026-03-17 02:54:59 | INFO | Episode   38 - Reward: -6.350, Length: 40, Loss: 0.7737, Epsilon: 0.658
2026-03-17 02:55:00 | INFO | Episode   39 - Reward: -4.400, Length: 40, Loss: 0.1898, Epsilon: 0.649
2026-03-17 02:55:01 | INFO | Episode   40 - Reward: -4.850, Length: 40, Loss: 0.1349, Epsilon: 0.640
2026-03-17 02:55:02 | INFO | Episode   41 - Reward: -6.350, Length: 40, Loss: 0.1138, Epsilon: 0.631
2026-03-17 02:55:03 | INFO | Episode   42 - Reward: -4.700, Length: 40, Loss: 0.1634, Epsilon: 0.622
2026-03-17 02:55:03 | INFO | Episode   43 - Reward: -6.650, Length: 40, Loss: 0.1657, Epsilon: 0.613
2026-03-17 02:55:04 | INFO | Episode   44 - Reward: -6.650, Length: 40, Loss: 0.6261, Epsilon: 0.604
2026-03-17 02:55:05 | INFO | Episode   45 - Reward: -5.000, Length: 40, Loss: 0.2026, Epsilon: 0.595
2026-03-17 02:55:06 | INFO | Episode   46 - Reward: -4.700, Length: 40, Loss: 0.1457, Epsilon: 0.586
2026-03-17 02:55:07 | INFO | Episode   47 - Reward: 8.250, Length: 21, Loss: 1.7087, Epsilon: 0.577
2026-03-17 02:55:09 | INFO | Episode   48 - Reward: 9.350, Length: 11, Loss: 0.5798, Epsilon: 0.568
2026-03-17 02:55:09 | INFO | Episode   49 - Reward: 3.900, Length: 36, Loss: 2.0055, Epsilon: 0.559
2026-03-17 02:55:10 | INFO | Episode   50 - Reward: -5.150, Length: 40, Loss: 0.6107, Epsilon: 0.550
2026-03-17 02:55:15 | INFO | [Episode   50] eps=0.550  avg_reward=  -2.829  avg_length= 37.14  avg_loss=  0.4945  eval_success=1.000
2026-03-17 02:55:16 | INFO | Episode   51 - Reward: 6.950, Length: 32, Loss: 0.6194, Epsilon: 0.541
2026-03-17 02:55:17 | INFO | Episode   52 - Reward: 7.950, Length: 24, Loss: 1.0377, Epsilon: 0.532
2026-03-17 02:55:18 | INFO | Episode   53 - Reward: -6.650, Length: 40, Loss: 0.1811, Epsilon: 0.523
2026-03-17 02:55:19 | INFO | Episode   54 - Reward: 4.850, Length: 17, Loss: 0.1280, Epsilon: 0.514
2026-03-17 02:55:20 | INFO | Episode   55 - Reward: 5.150, Length: 14, Loss: 0.2390, Epsilon: 0.505
2026-03-17 02:55:21 | INFO | Episode   56 - Reward: -4.400, Length: 40, Loss: 0.4906, Epsilon: 0.496
2026-03-17 02:55:22 | INFO | Episode   57 - Reward: -5.150, Length: 40, Loss: 0.3894, Epsilon: 0.487
2026-03-17 02:55:23 | INFO | Episode   58 - Reward: 9.250, Length: 13, Loss: 0.5864, Epsilon: 0.478
2026-03-17 02:55:24 | INFO | Episode   59 - Reward: -5.750, Length: 40, Loss: 0.2432, Epsilon: 0.469
2026-03-17 02:55:26 | INFO | Episode   60 - Reward: -5.000, Length: 40, Loss: 0.7313, Epsilon: 0.460
2026-03-17 02:55:27 | INFO | Episode   61 - Reward: -6.200, Length: 40, Loss: 0.2133, Epsilon: 0.451
2026-03-17 02:55:28 | INFO | Episode   62 - Reward: -7.100, Length: 40, Loss: 0.2241, Epsilon: 0.442
2026-03-17 02:55:29 | INFO | Episode   63 - Reward: -4.550, Length: 40, Loss: 0.1533, Epsilon: 0.433
2026-03-17 02:55:30 | INFO | Episode   64 - Reward: -9.500, Length: 40, Loss: 1.0016, Epsilon: 0.424
2026-03-17 02:55:31 | INFO | Episode   65 - Reward: -2.250, Length: 33, Loss: 1.1371, Epsilon: 0.415
2026-03-17 02:55:32 | INFO | Episode   66 - Reward: -2.550, Length: 36, Loss: 0.5700, Epsilon: 0.406
2026-03-17 02:55:33 | INFO | Episode   67 - Reward: -6.800, Length: 40, Loss: 1.0334, Epsilon: 0.397
2026-03-17 02:55:34 | INFO | Episode   68 - Reward: 9.350, Length: 11, Loss: 0.5279, Epsilon: 0.388
2026-03-17 02:55:35 | INFO | Episode   69 - Reward: -10.250, Length: 40, Loss: 0.3646, Epsilon: 0.379
2026-03-17 02:55:37 | INFO | Episode   70 - Reward: -9.050, Length: 40, Loss: 0.6479, Epsilon: 0.370
2026-03-17 02:55:38 | INFO | Episode   71 - Reward: 7.750, Length: 19, Loss: 0.5701, Epsilon: 0.361
2026-03-17 02:55:39 | INFO | Episode   72 - Reward: 9.450, Length: 9, Loss: 0.1618, Epsilon: 0.352
2026-03-17 02:55:40 | INFO | Episode   73 - Reward: 9.550, Length: 10, Loss: 0.6300, Epsilon: 0.343
2026-03-17 02:55:41 | INFO | Episode   74 - Reward: -6.950, Length: 40, Loss: 0.1544, Epsilon: 0.334
2026-03-17 02:55:41 | INFO | Episode   75 - Reward: -11.450, Length: 40, Loss: 0.0535, Epsilon: 0.325
2026-03-17 02:55:42 | INFO | Episode   76 - Reward: 2.700, Length: 36, Loss: 1.9613, Epsilon: 0.316
2026-03-17 02:55:43 | INFO | Episode   77 - Reward: 7.550, Length: 23, Loss: 0.5783, Epsilon: 0.307
2026-03-17 02:55:45 | INFO | Episode   78 - Reward: 2.800, Length: 16, Loss: 1.4046, Epsilon: 0.298
2026-03-17 02:55:46 | INFO | Episode   79 - Reward: -6.800, Length: 40, Loss: 0.1528, Epsilon: 0.289
2026-03-17 02:55:47 | INFO | Episode   80 - Reward: 9.650, Length: 8, Loss: 0.1089, Epsilon: 0.280
2026-03-17 02:55:48 | INFO | Episode   81 - Reward: 8.850, Length: 15, Loss: 0.0952, Epsilon: 0.271
2026-03-17 02:55:49 | INFO | Episode   82 - Reward: 8.950, Length: 16, Loss: 0.0939, Epsilon: 0.262
2026-03-17 02:55:50 | INFO | Episode   83 - Reward: 1.700, Length: 23, Loss: 0.5245, Epsilon: 0.253
2026-03-17 02:55:51 | INFO | Episode   84 - Reward: -7.850, Length: 40, Loss: 0.9406, Epsilon: 0.244
2026-03-17 02:55:52 | INFO | Episode   85 - Reward: 9.450, Length: 9, Loss: 1.6739, Epsilon: 0.235
2026-03-17 02:55:53 | INFO | Episode   86 - Reward: 7.700, Length: 8, Loss: 1.0216, Epsilon: 0.226
2026-03-17 02:55:54 | INFO | Episode   87 - Reward: -6.650, Length: 40, Loss: 0.5237, Epsilon: 0.217
2026-03-17 02:55:55 | INFO | Episode   88 - Reward: -9.950, Length: 40, Loss: 1.0078, Epsilon: 0.208
2026-03-17 02:55:56 | INFO | Episode   89 - Reward: 5.900, Length: 17, Loss: 0.2549, Epsilon: 0.199
2026-03-17 02:55:57 | INFO | Episode   90 - Reward: 8.850, Length: 12, Loss: 0.9592, Epsilon: 0.190
2026-03-17 02:55:59 | INFO | Episode   91 - Reward: -6.350, Length: 40, Loss: 0.3496, Epsilon: 0.181
2026-03-17 02:56:00 | INFO | Episode   92 - Reward: 9.550, Length: 10, Loss: 0.8001, Epsilon: 0.172
2026-03-17 02:56:01 | INFO | Episode   93 - Reward: -8.150, Length: 40, Loss: 1.2094, Epsilon: 0.163
2026-03-17 02:56:02 | INFO | Episode   94 - Reward: -6.650, Length: 40, Loss: 0.1763, Epsilon: 0.154
2026-03-17 02:56:03 | INFO | Episode   95 - Reward: 9.650, Length: 8, Loss: 1.2588, Epsilon: 0.145
2026-03-17 02:56:04 | INFO | Episode   96 - Reward: -7.700, Length: 40, Loss: 0.4846, Epsilon: 0.136
2026-03-17 02:56:05 | INFO | Episode   97 - Reward: 7.500, Length: 12, Loss: 0.8468, Epsilon: 0.127
2026-03-17 02:56:06 | INFO | Episode   98 - Reward: -7.700, Length: 40, Loss: 0.3352, Epsilon: 0.118
2026-03-17 02:56:08 | INFO | Episode   99 - Reward: -7.100, Length: 40, Loss: 0.0867, Epsilon: 0.109
2026-03-17 02:56:09 | INFO | Episode  100 - Reward: -10.550, Length: 40, Loss: 1.2859, Epsilon: 0.100
2026-03-17 02:56:24 | INFO | [Episode  100] eps=0.100  avg_reward=  -0.360  avg_length= 28.62  avg_loss=  0.6045  eval_success=0.000
2026-03-17 02:56:25 | INFO | Episode  101 - Reward: 5.800, Length: 19, Loss: 0.8439, Epsilon: 0.100
2026-03-17 02:56:26 | INFO | Episode  102 - Reward: -6.950, Length: 40, Loss: 1.3817, Epsilon: 0.100
2026-03-17 02:56:27 | INFO | Episode  103 - Reward: -7.550, Length: 40, Loss: 0.5010, Epsilon: 0.100
2026-03-17 02:56:28 | INFO | Episode  104 - Reward: 7.500, Length: 9, Loss: 0.2263, Epsilon: 0.100
2026-03-17 02:56:29 | INFO | Episode  105 - Reward: 9.450, Length: 9, Loss: 0.5232, Epsilon: 0.100
2026-03-17 02:56:30 | INFO | Episode  106 - Reward: 9.450, Length: 9, Loss: 1.0276, Epsilon: 0.100
2026-03-17 02:56:31 | INFO | Episode  107 - Reward: 7.500, Length: 9, Loss: 0.8905, Epsilon: 0.100
2026-03-17 02:56:32 | INFO | Episode  108 - Reward: -7.700, Length: 40, Loss: 0.1741, Epsilon: 0.100
2026-03-17 02:56:33 | INFO | Episode  109 - Reward: 4.300, Length: 25, Loss: 0.1974, Epsilon: 0.100
2026-03-17 02:56:35 | INFO | Episode  110 - Reward: -7.100, Length: 40, Loss: 0.8511, Epsilon: 0.100
2026-03-17 02:56:36 | INFO | Episode  111 - Reward: -7.250, Length: 40, Loss: 0.7523, Epsilon: 0.100
2026-03-17 02:56:37 | INFO | Episode  112 - Reward: -5.750, Length: 40, Loss: 1.0507, Epsilon: 0.100
2026-03-17 02:56:38 | INFO | Episode  113 - Reward: -7.100, Length: 40, Loss: 0.6774, Epsilon: 0.100
2026-03-17 02:56:39 | INFO | Episode  114 - Reward: -7.550, Length: 40, Loss: 0.5750, Epsilon: 0.100
2026-03-17 02:56:40 | INFO | Episode  115 - Reward: -6.800, Length: 40, Loss: 0.5371, Epsilon: 0.100
2026-03-17 02:56:41 | INFO | Episode  116 - Reward: 6.700, Length: 13, Loss: 0.6945, Epsilon: 0.100
2026-03-17 02:56:42 | INFO | Episode  117 - Reward: -6.800, Length: 40, Loss: 1.0098, Epsilon: 0.100
2026-03-17 02:56:43 | INFO | Episode  118 - Reward: -7.700, Length: 40, Loss: 1.1121, Epsilon: 0.100
2026-03-17 02:56:44 | INFO | Episode  119 - Reward: -8.900, Length: 40, Loss: 0.1195, Epsilon: 0.100
2026-03-17 02:56:45 | INFO | Episode  120 - Reward: 9.650, Length: 8, Loss: 0.6836, Epsilon: 0.100
2026-03-17 02:56:46 | INFO | Episode  121 - Reward: -7.400, Length: 40, Loss: 0.4672, Epsilon: 0.100
2026-03-17 02:56:47 | INFO | Episode  122 - Reward: -6.650, Length: 40, Loss: 0.6655, Epsilon: 0.100
2026-03-17 02:56:48 | INFO | Episode  123 - Reward: -6.950, Length: 40, Loss: 0.8391, Epsilon: 0.100
2026-03-17 02:56:49 | INFO | Episode  124 - Reward: 7.050, Length: 21, Loss: 0.3453, Epsilon: 0.100
2026-03-17 02:56:50 | INFO | Episode  125 - Reward: 4.900, Length: 22, Loss: 1.3811, Epsilon: 0.100
2026-03-17 02:56:51 | INFO | Episode  126 - Reward: -7.400, Length: 40, Loss: 0.4232, Epsilon: 0.100
2026-03-17 02:56:52 | INFO | Episode  127 - Reward: 8.850, Length: 12, Loss: 1.0905, Epsilon: 0.100
2026-03-17 02:56:53 | INFO | Episode  128 - Reward: -6.950, Length: 40, Loss: 0.4572, Epsilon: 0.100
2026-03-17 02:56:55 | INFO | Episode  129 - Reward: 9.450, Length: 9, Loss: 0.4823, Epsilon: 0.100
2026-03-17 02:56:56 | INFO | Episode  130 - Reward: 2.250, Length: 33, Loss: 0.3432, Epsilon: 0.100
2026-03-17 02:56:57 | INFO | Episode  131 - Reward: 4.900, Length: 22, Loss: 1.5571, Epsilon: 0.100
2026-03-17 02:56:58 | INFO | Episode  132 - Reward: 4.500, Length: 27, Loss: 0.4740, Epsilon: 0.100
2026-03-17 02:56:59 | INFO | Episode  133 - Reward: -8.750, Length: 40, Loss: 1.4929, Epsilon: 0.100
2026-03-17 02:57:00 | INFO | Episode  134 - Reward: 9.650, Length: 8, Loss: 1.4266, Epsilon: 0.100
2026-03-17 02:57:01 | INFO | Episode  135 - Reward: -8.900, Length: 40, Loss: 0.6411, Epsilon: 0.100
2026-03-17 02:57:02 | INFO | Episode  136 - Reward: 5.500, Length: 19, Loss: 0.8472, Epsilon: 0.100
2026-03-17 02:57:03 | INFO | Episode  137 - Reward: -6.950, Length: 40, Loss: 1.0673, Epsilon: 0.100
2026-03-17 02:57:04 | INFO | Episode  138 - Reward: -7.100, Length: 40, Loss: 0.4902, Epsilon: 0.100
2026-03-17 02:57:05 | INFO | Episode  139 - Reward: -6.650, Length: 40, Loss: 1.5608, Epsilon: 0.100
2026-03-17 02:57:06 | INFO | Episode  140 - Reward: -7.400, Length: 40, Loss: 1.3433, Epsilon: 0.100
2026-03-17 02:57:08 | INFO | Episode  141 - Reward: 4.700, Length: 23, Loss: 1.4180, Epsilon: 0.100
2026-03-17 02:57:09 | INFO | Episode  142 - Reward: -7.100, Length: 40, Loss: 1.7197, Epsilon: 0.100
2026-03-17 02:57:10 | INFO | Episode  143 - Reward: 9.550, Length: 10, Loss: 0.4492, Epsilon: 0.100
2026-03-17 02:57:11 | INFO | Episode  144 - Reward: -7.550, Length: 40, Loss: 0.3650, Epsilon: 0.100
2026-03-17 02:57:12 | INFO | Episode  145 - Reward: -10.550, Length: 40, Loss: 0.3707, Epsilon: 0.100
2026-03-17 02:57:13 | INFO | Episode  146 - Reward: 7.500, Length: 9, Loss: 0.3564, Epsilon: 0.100
2026-03-17 02:57:14 | INFO | Episode  147 - Reward: 9.650, Length: 8, Loss: 0.7526, Epsilon: 0.100
2026-03-17 02:57:15 | INFO | Episode  148 - Reward: 9.650, Length: 8, Loss: 0.7708, Epsilon: 0.100
2026-03-17 02:57:14 | INFO | Episode  149 - Reward: 9.450, Length: 9, Loss: 0.3489, Epsilon: 0.100
2026-03-17 02:57:15 | INFO | Episode  150 - Reward: 9.650, Length: 8, Loss: 0.3566, Epsilon: 0.100
2026-03-17 02:57:18 | INFO | [Episode  150] eps=0.100  avg_reward=  -0.318  avg_length= 27.78  avg_loss=  0.7626  eval_success=1.000
2026-03-17 02:57:19 | INFO | Episode  151 - Reward: 9.550, Length: 10, Loss: 0.5091, Epsilon: 0.100
2026-03-17 02:57:20 | INFO | Episode  152 - Reward: -9.950, Length: 40, Loss: 0.7319, Epsilon: 0.100
2026-03-17 02:57:21 | INFO | Episode  153 - Reward: -7.250, Length: 40, Loss: 0.3762, Epsilon: 0.100
2026-03-17 02:57:21 | INFO | Episode  154 - Reward: -8.000, Length: 40, Loss: 0.3942, Epsilon: 0.100
2026-03-17 02:57:22 | INFO | Episode  155 - Reward: 7.700, Length: 8, Loss: 0.6444, Epsilon: 0.100
2026-03-17 02:57:23 | INFO | Episode  156 - Reward: 1.550, Length: 32, Loss: 0.7942, Epsilon: 0.100
2026-03-17 02:57:24 | INFO | Episode  157 - Reward: 9.650, Length: 8, Loss: 1.3974, Epsilon: 0.100
2026-03-17 02:57:25 | INFO | Episode  158 - Reward: 9.650, Length: 8, Loss: 1.6386, Epsilon: 0.100
2026-03-17 02:57:26 | INFO | Episode  159 - Reward: 5.700, Length: 18, Loss: 0.3912, Epsilon: 0.100
2026-03-17 02:57:26 | INFO | Episode  160 - Reward: 7.000, Length: 16, Loss: 0.8019, Epsilon: 0.100
2026-03-17 02:57:27 | INFO | Episode  161 - Reward: 7.500, Length: 12, Loss: 0.6026, Epsilon: 0.100
2026-03-17 02:57:28 | INFO | Episode  162 - Reward: -10.550, Length: 40, Loss: 0.9897, Epsilon: 0.100
2026-03-17 02:57:29 | INFO | Episode  163 - Reward: 9.450, Length: 9, Loss: 0.8207, Epsilon: 0.100
2026-03-17 02:57:30 | INFO | Episode  164 - Reward: -10.400, Length: 40, Loss: 1.1211, Epsilon: 0.100
2026-03-17 02:57:31 | INFO | Episode  165 - Reward: 6.050, Length: 26, Loss: 0.8235, Epsilon: 0.100
2026-03-17 02:57:32 | INFO | Episode  166 - Reward: 9.350, Length: 11, Loss: 0.8050, Epsilon: 0.100
2026-03-17 02:57:33 | INFO | Episode  167 - Reward: 9.650, Length: 8, Loss: 0.4327, Epsilon: 0.100
2026-03-17 02:57:33 | INFO | Episode  168 - Reward: -8.600, Length: 40, Loss: 0.3756, Epsilon: 0.100
2026-03-17 02:57:34 | INFO | Episode  169 - Reward: 7.700, Length: 8, Loss: 0.5205, Epsilon: 0.100
2026-03-17 02:57:35 | INFO | Episode  170 - Reward: -7.250, Length: 40, Loss: 0.5451, Epsilon: 0.100
2026-03-17 02:57:36 | INFO | Episode  171 - Reward: 9.250, Length: 10, Loss: 0.7667, Epsilon: 0.100
2026-03-17 02:57:37 | INFO | Episode  172 - Reward: 9.650, Length: 8, Loss: 0.8879, Epsilon: 0.100
2026-03-17 02:57:38 | INFO | Episode  173 - Reward: 9.650, Length: 8, Loss: 0.3351, Epsilon: 0.100
2026-03-17 02:57:39 | INFO | Episode  174 - Reward: 9.650, Length: 8, Loss: 0.9534, Epsilon: 0.100
2026-03-17 02:57:40 | INFO | Episode  175 - Reward: -8.000, Length: 40, Loss: 0.5856, Epsilon: 0.100
2026-03-17 02:57:40 | INFO | Episode  176 - Reward: -6.350, Length: 40, Loss: 0.7525, Epsilon: 0.100
2026-03-17 02:57:41 | INFO | Episode  177 - Reward: -7.250, Length: 40, Loss: 1.1063, Epsilon: 0.100
2026-03-17 02:57:42 | INFO | Episode  178 - Reward: 7.300, Length: 13, Loss: 0.4946, Epsilon: 0.100
2026-03-17 02:57:43 | INFO | Episode  179 - Reward: 9.650, Length: 8, Loss: 0.6907, Epsilon: 0.100
2026-03-17 02:57:44 | INFO | Episode  180 - Reward: 9.450, Length: 9, Loss: 0.5259, Epsilon: 0.100
2026-03-17 02:57:45 | INFO | Episode  181 - Reward: 9.550, Length: 10, Loss: 0.3944, Epsilon: 0.100
2026-03-17 02:57:46 | INFO | Episode  182 - Reward: -7.550, Length: 40, Loss: 0.4480, Epsilon: 0.100
2026-03-17 02:57:46 | INFO | Episode  183 - Reward: -6.500, Length: 40, Loss: 0.5259, Epsilon: 0.100
2026-03-17 02:57:46 | INFO | Episode  184 - Reward: -7.550, Length: 40, Loss: 0.3504, Epsilon: 0.100
2026-03-17 02:57:47 | INFO | Episode  185 - Reward: 8.750, Length: 23, Loss: 0.7427, Epsilon: 0.100
2026-03-17 02:57:48 | INFO | Episode  186 - Reward: 9.650, Length: 8, Loss: 0.8920, Epsilon: 0.100
2026-03-17 02:57:49 | INFO | Episode  187 - Reward: -6.950, Length: 40, Loss: 0.5549, Epsilon: 0.100
2026-03-17 02:57:50 | INFO | Episode  188 - Reward: 7.700, Length: 8, Loss: 0.8584, Epsilon: 0.100
2026-03-17 02:57:51 | INFO | Episode  189 - Reward: 5.500, Length: 19, Loss: 0.3787, Epsilon: 0.100
2026-03-17 02:57:52 | INFO | Episode  190 - Reward: -7.250, Length: 40, Loss: 0.2728, Epsilon: 0.100
2026-03-17 02:57:53 | INFO | Episode  191 - Reward: 9.250, Length: 10, Loss: 0.8118, Epsilon: 0.100
2026-03-17 02:57:53 | INFO | Episode  192 - Reward: 9.650, Length: 8, Loss: 1.3767, Epsilon: 0.100
2026-03-17 02:57:54 | INFO | Episode  193 - Reward: -2.150, Length: 40, Loss: 1.7821, Epsilon: 0.100
2026-03-17 02:57:55 | INFO | Episode  194 - Reward: 9.550, Length: 10, Loss: 0.8360, Epsilon: 0.100
2026-03-17 02:57:56 | INFO | Episode  195 - Reward: -7.400, Length: 40, Loss: 1.2770, Epsilon: 0.100
2026-03-17 02:57:57 | INFO | Episode  196 - Reward: 7.700, Length: 8, Loss: 0.8692, Epsilon: 0.100
2026-03-17 02:57:58 | INFO | Episode  197 - Reward: -7.700, Length: 40, Loss: 2.5748, Epsilon: 0.100
2026-03-17 02:57:59 | INFO | Episode  198 - Reward: -7.100, Length: 40, Loss: 0.7391, Epsilon: 0.100
2026-03-17 02:58:00 | INFO | Episode  199 - Reward: -2.000, Length: 40, Loss: 0.2080, Epsilon: 0.100
2026-03-17 02:58:01 | INFO | Episode  200 - Reward: -8.600, Length: 40, Loss: 0.8682, Epsilon: 0.100
2026-03-17 02:58:03 | INFO | [Episode  200] eps=0.100  avg_reward=   1.761  avg_length= 23.64  avg_loss=  0.7715  eval_success=1.000
2026-03-17 02:58:04 | INFO | Episode  201 - Reward: 9.450, Length: 9, Loss: 0.4158, Epsilon: 0.100
2026-03-17 02:58:05 | INFO | Episode  202 - Reward: 7.700, Length: 8, Loss: 0.5205, Epsilon: 0.100
2026-03-17 02:58:06 | INFO | Episode  203 - Reward: 9.550, Length: 10, Loss: 0.8019, Epsilon: 0.100
2026-03-17 02:58:07 | INFO | Episode  204 - Reward: 9.250, Length: 10, Loss: 0.2685, Epsilon: 0.100
2026-03-17 02:58:08 | INFO | Episode  205 - Reward: 7.300, Length: 10, Loss: 1.1408, Epsilon: 0.100
2026-03-17 02:58:09 | INFO | Episode  206 - Reward: 7.700, Length: 8, Loss: 0.7760, Epsilon: 0.100
2026-03-17 02:58:10 | INFO | Episode  207 - Reward: 7.700, Length: 8, Loss: 0.8113, Epsilon: 0.100
2026-03-17 02:58:11 | INFO | Episode  208 - Reward: -7.250, Length: 40, Loss: 1.0512, Epsilon: 0.100
2026-03-17 02:58:12 | INFO | Episode  209 - Reward: -10.250, Length: 40, Loss: 1.0075, Epsilon: 0.100
2026-03-17 02:58:13 | INFO | Episode  210 - Reward: -7.550, Length: 40, Loss: 1.3489, Epsilon: 0.100
2026-03-17 02:58:15 | INFO | Episode  211 - Reward: 7.700, Length: 8, Loss: 1.0348, Epsilon: 0.100
2026-03-17 02:58:16 | INFO | Episode  212 - Reward: 9.650, Length: 8, Loss: 0.6795, Epsilon: 0.100
2026-03-17 02:58:17 | INFO | Episode  213 - Reward: 2.600, Length: 35, Loss: 0.3293, Epsilon: 0.100
2026-03-17 02:58:18 | INFO | Episode  214 - Reward: 7.600, Length: 10, Loss: 0.3085, Epsilon: 0.100
2026-03-17 02:58:18 | INFO | Episode  215 - Reward: 7.400, Length: 11, Loss: 0.8281, Epsilon: 0.100
2026-03-17 02:58:19 | INFO | Episode  216 - Reward: 7.700, Length: 8, Loss: 1.0115, Epsilon: 0.100
2026-03-17 02:58:20 | INFO | Episode  217 - Reward: 7.700, Length: 8, Loss: 0.8384, Epsilon: 0.100
2026-03-17 02:58:21 | INFO | Episode  218 - Reward: 7.700, Length: 8, Loss: 0.3255, Epsilon: 0.100
2026-03-17 02:58:23 | INFO | Episode  219 - Reward: -7.700, Length: 40, Loss: 0.8826, Epsilon: 0.100
2026-03-17 02:58:24 | INFO | Episode  220 - Reward: -7.850, Length: 40, Loss: 0.2826, Epsilon: 0.100
2026-03-17 02:58:25 | INFO | Episode  221 - Reward: 9.450, Length: 9, Loss: 0.2636, Epsilon: 0.100
2026-03-17 02:58:26 | INFO | Episode  222 - Reward: 7.700, Length: 8, Loss: 0.4878, Epsilon: 0.100
2026-03-17 02:58:27 | INFO | Episode  223 - Reward: 9.450, Length: 9, Loss: 0.8502, Epsilon: 0.100
2026-03-17 02:58:28 | INFO | Episode  224 - Reward: -6.650, Length: 40, Loss: 0.7169, Epsilon: 0.100
2026-03-17 02:58:29 | INFO | Episode  225 - Reward: 7.700, Length: 8, Loss: 1.5463, Epsilon: 0.100
2026-03-17 02:58:30 | INFO | Episode  226 - Reward: 7.600, Length: 10, Loss: 0.4798, Epsilon: 0.100
2026-03-17 02:58:31 | INFO | Episode  227 - Reward: 9.650, Length: 8, Loss: 0.2335, Epsilon: 0.100
2026-03-17 02:58:33 | INFO | Episode  228 - Reward: 9.650, Length: 8, Loss: 0.1739, Epsilon: 0.100
2026-03-17 02:58:34 | INFO | Episode  229 - Reward: 9.550, Length: 10, Loss: 0.6641, Epsilon: 0.100
2026-03-17 02:58:35 | INFO | Episode  230 - Reward: 9.650, Length: 8, Loss: 1.0755, Epsilon: 0.100
2026-03-17 02:58:36 | INFO | Episode  231 - Reward: -6.650, Length: 40, Loss: 0.8465, Epsilon: 0.100
2026-03-17 02:58:37 | INFO | Episode  232 - Reward: 9.650, Length: 8, Loss: 0.3403, Epsilon: 0.100
2026-03-17 02:58:38 | INFO | Episode  233 - Reward: 9.650, Length: 8, Loss: 0.3738, Epsilon: 0.100
2026-03-17 02:58:39 | INFO | Episode  234 - Reward: -2.300, Length: 40, Loss: 0.2401, Epsilon: 0.100
2026-03-17 02:58:41 | INFO | Episode  235 - Reward: 9.650, Length: 8, Loss: 0.1269, Epsilon: 0.100
2026-03-17 02:58:42 | INFO | Episode  236 - Reward: 9.650, Length: 8, Loss: 0.3032, Epsilon: 0.100
2026-03-17 02:58:43 | INFO | Episode  237 - Reward: 9.050, Length: 14, Loss: 0.3613, Epsilon: 0.100
2026-03-17 02:58:44 | INFO | Episode  238 - Reward: -7.700, Length: 40, Loss: 0.6236, Epsilon: 0.100
2026-03-17 02:58:45 | INFO | Episode  239 - Reward: 9.450, Length: 9, Loss: 0.1946, Epsilon: 0.100
2026-03-17 02:58:46 | INFO | Episode  240 - Reward: 9.650, Length: 8, Loss: 0.7770, Epsilon: 0.100
2026-03-17 02:58:47 | INFO | Episode  241 - Reward: 9.650, Length: 8, Loss: 0.3665, Epsilon: 0.100
2026-03-17 02:58:48 | INFO | Episode  242 - Reward: 9.650, Length: 8, Loss: 0.1418, Epsilon: 0.100
2026-03-17 02:58:49 | INFO | Episode  243 - Reward: 7.600, Length: 10, Loss: 0.3678, Epsilon: 0.100
2026-03-17 02:58:50 | INFO | Episode  244 - Reward: 9.250, Length: 13, Loss: 0.1172, Epsilon: 0.100
2026-03-17 02:58:51 | INFO | Episode  245 - Reward: 9.550, Length: 10, Loss: 1.1172, Epsilon: 0.100
2026-03-17 02:58:52 | INFO | Episode  246 - Reward: 9.250, Length: 10, Loss: 1.0351, Epsilon: 0.100
2026-03-17 02:58:53 | INFO | Episode  247 - Reward: -8.000, Length: 40, Loss: 1.2427, Epsilon: 0.100
2026-03-17 02:58:55 | INFO | Episode  248 - Reward: 9.450, Length: 9, Loss: 0.2430, Epsilon: 0.100
2026-03-17 02:58:56 | INFO | Episode  249 - Reward: 9.450, Length: 9, Loss: 0.3080, Epsilon: 0.100
2026-03-17 02:58:57 | INFO | Episode  250 - Reward: 9.650, Length: 8, Loss: 0.1151, Epsilon: 0.100
2026-03-17 02:59:00 | INFO | [Episode  250] eps=0.100  avg_reward=   5.509  avg_length= 15.70  avg_loss=  0.6079  eval_success=1.000
