2026-03-17 08:03:39 | INFO | ============================================================
2026-03-17 08:03:39 | INFO | DEVICE / COMPUTE INFORMATION
2026-03-17 08:03:39 | INFO |   JAX backend       : GPU
2026-03-17 08:03:39 | INFO |   Platform          : gpu
2026-03-17 08:03:39 | INFO |   Num devices       : 1
2026-03-17 08:03:39 | INFO |   Device            : cuda:0
2026-03-17 08:03:39 | INFO |   GPU name          : NVIDIA GeForce RTX 5060 Laptop GPU
2026-03-17 08:03:39 | INFO | ============================================================
2026-03-17 08:03:39 | INFO | ✓ JAX GPU backend confirmed.
2026-03-17 08:03:40 | INFO | DQN seed=0_gamma=0.9_lr=0.1
2026-03-17 08:03:42 | INFO | Episode    1 - Reward: -4.550, Length: 40, Loss: 0.0000, Epsilon: 0.991
2026-03-17 08:03:43 | INFO | Episode    2 - Reward: -4.550, Length: 40, Loss: 0.0000, Epsilon: 0.982
2026-03-17 08:03:48 | INFO | Episode    3 - Reward: -5.000, Length: 40, Loss: 0.0138, Epsilon: 0.973
2026-03-17 08:03:49 | INFO | Episode    4 - Reward: -1.850, Length: 37, Loss: 0.0384, Epsilon: 0.964
2026-03-17 08:03:50 | INFO | Episode    5 - Reward: -5.150, Length: 40, Loss: 0.8335, Epsilon: 0.955
2026-03-17 08:03:51 | INFO | Episode    6 - Reward: -4.700, Length: 40, Loss: 0.0688, Epsilon: 0.946
2026-03-17 08:03:52 | INFO | Episode    7 - Reward: 9.050, Length: 11, Loss: 0.0485, Epsilon: 0.937
2026-03-17 08:03:53 | INFO | Episode    8 - Reward: -5.600, Length: 40, Loss: 1.5683, Epsilon: 0.928
2026-03-17 08:03:54 | INFO | Episode    9 - Reward: -5.000, Length: 40, Loss: 0.0662, Epsilon: 0.919
2026-03-17 08:03:55 | INFO | Episode   10 - Reward: 8.450, Length: 14, Loss: 0.0609, Epsilon: 0.910
2026-03-17 08:03:56 | INFO | Episode   11 - Reward: -3.650, Length: 40, Loss: 0.6681, Epsilon: 0.901
2026-03-17 08:03:57 | INFO | Episode   12 - Reward: -3.950, Length: 40, Loss: 0.6675, Epsilon: 0.892
2026-03-17 08:03:58 | INFO | Episode   13 - Reward: -5.300, Length: 40, Loss: 0.5866, Epsilon: 0.883
2026-03-17 08:03:59 | INFO | Episode   14 - Reward: -5.450, Length: 40, Loss: 0.6133, Epsilon: 0.874
2026-03-17 08:04:00 | INFO | Episode   15 - Reward: 5.650, Length: 37, Loss: 0.1338, Epsilon: 0.865
2026-03-17 08:04:01 | INFO | Episode   16 - Reward: -6.500, Length: 40, Loss: 0.1109, Epsilon: 0.856
2026-03-17 08:04:02 | INFO | Episode   17 - Reward: 3.600, Length: 39, Loss: 0.0974, Epsilon: 0.847
2026-03-17 08:04:03 | INFO | Episode   18 - Reward: 6.100, Length: 22, Loss: 0.6689, Epsilon: 0.838
2026-03-17 08:04:04 | INFO | Episode   19 - Reward: 6.400, Length: 19, Loss: 0.6203, Epsilon: 0.829
2026-03-17 08:04:05 | INFO | Episode   20 - Reward: -4.250, Length: 40, Loss: 1.1694, Epsilon: 0.820
2026-03-17 08:04:06 | INFO | Episode   21 - Reward: -5.000, Length: 40, Loss: 1.0546, Epsilon: 0.811
2026-03-17 08:04:08 | INFO | Episode   22 - Reward: 4.050, Length: 24, Loss: 0.1784, Epsilon: 0.802
2026-03-17 08:04:09 | INFO | Episode   23 - Reward: -5.450, Length: 40, Loss: 0.5758, Epsilon: 0.793
2026-03-17 08:04:10 | INFO | Episode   24 - Reward: -4.250, Length: 40, Loss: 0.5779, Epsilon: 0.784
2026-03-17 08:04:11 | INFO | Episode   25 - Reward: -4.250, Length: 40, Loss: 0.7954, Epsilon: 0.775
2026-03-17 08:04:12 | INFO | Episode   26 - Reward: -8.450, Length: 40, Loss: 0.9913, Epsilon: 0.766
2026-03-17 08:04:13 | INFO | Episode   27 - Reward: -6.050, Length: 40, Loss: 0.2603, Epsilon: 0.757
2026-03-17 08:04:14 | INFO | Episode   28 - Reward: 3.950, Length: 29, Loss: 0.8365, Epsilon: 0.748
2026-03-17 08:04:15 | INFO | Episode   29 - Reward: 5.300, Length: 26, Loss: 0.5481, Epsilon: 0.739
2026-03-17 08:04:16 | INFO | Episode   30 - Reward: 6.400, Length: 16, Loss: 0.6927, Epsilon: 0.730
2026-03-17 08:04:17 | INFO | Episode   31 - Reward: 2.450, Length: 38, Loss: 0.4142, Epsilon: 0.721
2026-03-17 08:04:19 | INFO | Episode   32 - Reward: 8.350, Length: 19, Loss: 1.2421, Epsilon: 0.712
2026-03-17 08:04:20 | INFO | Episode   33 - Reward: -6.800, Length: 40, Loss: 0.7229, Epsilon: 0.703
2026-03-17 08:04:21 | INFO | Episode   34 - Reward: 8.350, Length: 19, Loss: 1.0003, Epsilon: 0.694
2026-03-17 08:04:22 | INFO | Episode   35 - Reward: -7.250, Length: 40, Loss: 1.7154, Epsilon: 0.685
2026-03-17 08:04:23 | INFO | Episode   36 - Reward: 0.300, Length: 36, Loss: 0.7534, Epsilon: 0.676
2026-03-17 08:04:24 | INFO | Episode   37 - Reward: -6.350, Length: 40, Loss: 1.5742, Epsilon: 0.667
2026-03-17 08:04:25 | INFO | Episode   38 - Reward: 6.700, Length: 16, Loss: 1.3124, Epsilon: 0.658
2026-03-17 08:04:26 | INFO | Episode   39 - Reward: 1.400, Length: 32, Loss: 0.7991, Epsilon: 0.649
2026-03-17 08:04:27 | INFO | Episode   40 - Reward: -4.400, Length: 40, Loss: 0.6197, Epsilon: 0.640
2026-03-17 08:04:27 | INFO | Episode   41 - Reward: -5.900, Length: 40, Loss: 0.2709, Epsilon: 0.631
2026-03-17 08:04:28 | INFO | Episode   42 - Reward: 7.400, Length: 11, Loss: 1.0231, Epsilon: 0.622
2026-03-17 08:04:30 | INFO | Episode   43 - Reward: -6.350, Length: 40, Loss: 0.2004, Epsilon: 0.613
2026-03-17 08:04:31 | INFO | Episode   44 - Reward: -6.200, Length: 40, Loss: 0.1591, Epsilon: 0.604
2026-03-17 08:04:32 | INFO | Episode   45 - Reward: 5.050, Length: 13, Loss: 0.1574, Epsilon: 0.595
2026-03-17 08:04:33 | INFO | Episode   46 - Reward: -6.650, Length: 40, Loss: 0.1442, Epsilon: 0.586
2026-03-17 08:04:34 | INFO | Episode   47 - Reward: 2.800, Length: 22, Loss: 0.8299, Epsilon: 0.577
2026-03-17 08:04:35 | INFO | Episode   48 - Reward: 6.850, Length: 28, Loss: 1.5022, Epsilon: 0.568
2026-03-17 08:04:36 | INFO | Episode   49 - Reward: -9.150, Length: 39, Loss: 1.1248, Epsilon: 0.559
2026-03-17 08:04:37 | INFO | Episode   50 - Reward: 9.150, Length: 12, Loss: 0.6539, Epsilon: 0.550
2026-03-17 08:04:54 | INFO | [Episode   50] eps=0.550  avg_reward=  -0.805  avg_length= 32.78  avg_loss=  0.6153  eval_success=0.000
2026-03-17 08:04:55 | INFO | Episode   51 - Reward: -6.350, Length: 40, Loss: 0.6810, Epsilon: 0.541
2026-03-17 08:04:56 | INFO | Episode   52 - Reward: -8.000, Length: 40, Loss: 0.1768, Epsilon: 0.532
2026-03-17 08:04:57 | INFO | Episode   53 - Reward: 6.100, Length: 22, Loss: 0.6756, Epsilon: 0.523
2026-03-17 08:04:58 | INFO | Episode   54 - Reward: -5.450, Length: 40, Loss: 0.6680, Epsilon: 0.514
2026-03-17 08:04:59 | INFO | Episode   55 - Reward: -12.350, Length: 40, Loss: 0.6348, Epsilon: 0.505
2026-03-17 08:05:00 | INFO | Episode   56 - Reward: 4.850, Length: 17, Loss: 0.5694, Epsilon: 0.496
2026-03-17 08:05:01 | INFO | Episode   57 - Reward: -6.700, Length: 35, Loss: 0.6588, Epsilon: 0.487
2026-03-17 08:05:02 | INFO | Episode   58 - Reward: -5.450, Length: 40, Loss: 0.8966, Epsilon: 0.478
2026-03-17 08:05:03 | INFO | Episode   59 - Reward: -11.150, Length: 40, Loss: 0.3272, Epsilon: 0.469
2026-03-17 08:05:04 | INFO | Episode   60 - Reward: 3.850, Length: 25, Loss: 0.3788, Epsilon: 0.460
2026-03-17 08:05:05 | INFO | Episode   61 - Reward: 5.250, Length: 15, Loss: 0.2463, Epsilon: 0.451
2026-03-17 08:05:06 | INFO | Episode   62 - Reward: 5.000, Length: 29, Loss: 0.6372, Epsilon: 0.442
2026-03-17 08:05:07 | INFO | Episode   63 - Reward: -5.000, Length: 40, Loss: 0.7272, Epsilon: 0.433
2026-03-17 08:05:08 | INFO | Episode   64 - Reward: -6.200, Length: 40, Loss: 0.8126, Epsilon: 0.424
2026-03-17 08:05:09 | INFO | Episode   65 - Reward: 6.450, Length: 27, Loss: 0.3708, Epsilon: 0.415
2026-03-17 08:05:10 | INFO | Episode   66 - Reward: 6.700, Length: 16, Loss: 0.7779, Epsilon: 0.406
2026-03-17 08:05:12 | INFO | Episode   67 - Reward: -6.500, Length: 40, Loss: 0.3339, Epsilon: 0.397
2026-03-17 08:05:13 | INFO | Episode   68 - Reward: 6.400, Length: 16, Loss: 0.7425, Epsilon: 0.388
2026-03-17 08:05:14 | INFO | Episode   69 - Reward: -5.000, Length: 40, Loss: 0.3920, Epsilon: 0.379
2026-03-17 08:05:15 | INFO | Episode   70 - Reward: -6.350, Length: 40, Loss: 0.7258, Epsilon: 0.370
2026-03-17 08:05:16 | INFO | Episode   71 - Reward: -5.900, Length: 40, Loss: 1.2129, Epsilon: 0.361
2026-03-17 08:05:17 | INFO | Episode   72 - Reward: -5.750, Length: 40, Loss: 0.8578, Epsilon: 0.352
2026-03-17 08:05:18 | INFO | Episode   73 - Reward: 5.400, Length: 30, Loss: 0.8710, Epsilon: 0.343
2026-03-17 08:05:19 | INFO | Episode   74 - Reward: 9.450, Length: 9, Loss: 0.9052, Epsilon: 0.334
2026-03-17 08:05:20 | INFO | Episode   75 - Reward: -6.200, Length: 40, Loss: 0.6962, Epsilon: 0.325
2026-03-17 08:05:21 | INFO | Episode   76 - Reward: -4.850, Length: 40, Loss: 1.3020, Epsilon: 0.316
2026-03-17 08:05:22 | INFO | Episode   77 - Reward: -10.400, Length: 40, Loss: 0.7116, Epsilon: 0.307
2026-03-17 08:05:23 | INFO | Episode   78 - Reward: -12.500, Length: 40, Loss: 0.6611, Epsilon: 0.298
2026-03-17 08:05:23 | INFO | Episode   79 - Reward: -0.350, Length: 28, Loss: 0.8878, Epsilon: 0.289
2026-03-17 08:05:24 | INFO | Episode   80 - Reward: -7.700, Length: 40, Loss: 1.1077, Epsilon: 0.280
2026-03-17 08:05:25 | INFO | Episode   81 - Reward: 9.450, Length: 9, Loss: 1.2278, Epsilon: 0.271
2026-03-17 08:05:26 | INFO | Episode   82 - Reward: -6.500, Length: 40, Loss: 1.5631, Epsilon: 0.262
2026-03-17 08:05:27 | INFO | Episode   83 - Reward: -7.700, Length: 40, Loss: 0.8349, Epsilon: 0.253
2026-03-17 08:05:28 | INFO | Episode   84 - Reward: -9.350, Length: 40, Loss: 0.3504, Epsilon: 0.244
2026-03-17 08:05:28 | INFO | Episode   85 - Reward: -8.600, Length: 40, Loss: 0.8914, Epsilon: 0.235
2026-03-17 08:05:29 | INFO | Episode   86 - Reward: 6.800, Length: 14, Loss: 0.5687, Epsilon: 0.226
2026-03-17 08:05:30 | INFO | Episode   87 - Reward: 5.950, Length: 28, Loss: 1.0682, Epsilon: 0.217
2026-03-17 08:05:30 | INFO | Episode   88 - Reward: -6.200, Length: 40, Loss: 0.9029, Epsilon: 0.208
2026-03-17 08:05:31 | INFO | Episode   89 - Reward: 2.050, Length: 28, Loss: 0.4052, Epsilon: 0.199
2026-03-17 08:05:32 | INFO | Episode   90 - Reward: -6.500, Length: 40, Loss: 0.7396, Epsilon: 0.190
2026-03-17 08:05:33 | INFO | Episode   91 - Reward: 3.400, Length: 31, Loss: 0.4456, Epsilon: 0.181
2026-03-17 08:05:33 | INFO | Episode   92 - Reward: -7.550, Length: 40, Loss: 0.9180, Epsilon: 0.172
2026-03-17 08:05:34 | INFO | Episode   93 - Reward: -7.850, Length: 40, Loss: 0.4698, Epsilon: 0.163
2026-03-17 08:05:35 | INFO | Episode   94 - Reward: -5.600, Length: 40, Loss: 0.9745, Epsilon: 0.154
2026-03-17 08:05:36 | INFO | Episode   95 - Reward: -6.800, Length: 40, Loss: 1.0655, Epsilon: 0.145
2026-03-17 08:05:37 | INFO | Episode   96 - Reward: -6.200, Length: 40, Loss: 0.6162, Epsilon: 0.136
2026-03-17 08:05:38 | INFO | Episode   97 - Reward: 2.850, Length: 27, Loss: 1.1493, Epsilon: 0.127
2026-03-17 08:05:38 | INFO | Episode   98 - Reward: -7.550, Length: 40, Loss: 0.3447, Epsilon: 0.118
2026-03-17 08:05:39 | INFO | Episode   99 - Reward: 9.650, Length: 8, Loss: 1.1197, Epsilon: 0.109
2026-03-17 08:05:40 | INFO | Episode  100 - Reward: -7.550, Length: 40, Loss: 0.7324, Epsilon: 0.100
2026-03-17 08:05:43 | INFO | [Episode  100] eps=0.100  avg_reward=  -2.650  avg_length= 33.08  avg_loss=  0.7407  eval_success=1.000
2026-03-17 08:05:44 | INFO | Episode  101 - Reward: 7.700, Length: 8, Loss: 0.9590, Epsilon: 0.100
2026-03-17 08:05:45 | INFO | Episode  102 - Reward: 7.500, Length: 9, Loss: 1.3357, Epsilon: 0.100
2026-03-17 08:05:46 | INFO | Episode  103 - Reward: -7.250, Length: 40, Loss: 0.7512, Epsilon: 0.100
2026-03-17 08:05:46 | INFO | Episode  104 - Reward: -8.900, Length: 40, Loss: 0.2982, Epsilon: 0.100
2026-03-17 08:05:47 | INFO | Episode  105 - Reward: 7.700, Length: 8, Loss: 0.6985, Epsilon: 0.100
2026-03-17 08:05:48 | INFO | Episode  106 - Reward: -6.800, Length: 40, Loss: 0.9171, Epsilon: 0.100
2026-03-17 08:05:49 | INFO | Episode  107 - Reward: -6.950, Length: 40, Loss: 0.8409, Epsilon: 0.100
2026-03-17 08:05:50 | INFO | Episode  108 - Reward: -7.550, Length: 40, Loss: 0.2474, Epsilon: 0.100
2026-03-17 08:05:51 | INFO | Episode  109 - Reward: 7.700, Length: 8, Loss: 0.6580, Epsilon: 0.100
2026-03-17 08:05:51 | INFO | Episode  110 - Reward: -7.400, Length: 40, Loss: 1.5458, Epsilon: 0.100
2026-03-17 08:05:52 | INFO | Episode  111 - Reward: -7.550, Length: 40, Loss: 0.5851, Epsilon: 0.100
2026-03-17 08:05:53 | INFO | Episode  112 - Reward: -10.550, Length: 40, Loss: 0.7229, Epsilon: 0.100
2026-03-17 08:05:54 | INFO | Episode  113 - Reward: 3.700, Length: 28, Loss: 1.2631, Epsilon: 0.100
2026-03-17 08:05:55 | INFO | Episode  114 - Reward: 7.300, Length: 10, Loss: 0.8049, Epsilon: 0.100
2026-03-17 08:05:56 | INFO | Episode  115 - Reward: 7.700, Length: 8, Loss: 0.9774, Epsilon: 0.100
2026-03-17 08:05:57 | INFO | Episode  116 - Reward: -7.700, Length: 40, Loss: 0.5498, Epsilon: 0.100
2026-03-17 08:05:58 | INFO | Episode  117 - Reward: 9.250, Length: 10, Loss: 0.7222, Epsilon: 0.100
2026-03-17 08:05:58 | INFO | Episode  118 - Reward: -7.700, Length: 40, Loss: 1.1165, Epsilon: 0.100
2026-03-17 08:05:59 | INFO | Episode  119 - Reward: 9.650, Length: 8, Loss: 1.0463, Epsilon: 0.100
2026-03-17 08:06:00 | INFO | Episode  120 - Reward: -7.100, Length: 40, Loss: 0.6099, Epsilon: 0.100
2026-03-17 08:06:01 | INFO | Episode  121 - Reward: 9.650, Length: 8, Loss: 0.5358, Epsilon: 0.100
2026-03-17 08:06:01 | INFO | Episode  122 - Reward: -7.550, Length: 40, Loss: 0.5646, Epsilon: 0.100
2026-03-17 08:06:02 | INFO | Episode  123 - Reward: 9.550, Length: 10, Loss: 0.1230, Epsilon: 0.100
2026-03-17 08:06:03 | INFO | Episode  124 - Reward: 9.650, Length: 8, Loss: 0.5888, Epsilon: 0.100
2026-03-17 08:06:04 | INFO | Episode  125 - Reward: 7.700, Length: 8, Loss: 0.1836, Epsilon: 0.100
2026-03-17 08:06:04 | INFO | Episode  126 - Reward: 9.650, Length: 8, Loss: 0.8186, Epsilon: 0.100
2026-03-17 08:06:05 | INFO | Episode  127 - Reward: 4.300, Length: 25, Loss: 0.2950, Epsilon: 0.100
2026-03-17 08:06:06 | INFO | Episode  128 - Reward: -7.550, Length: 40, Loss: 0.6312, Epsilon: 0.100
2026-03-17 08:06:07 | INFO | Episode  129 - Reward: -9.650, Length: 40, Loss: 1.1547, Epsilon: 0.100
2026-03-17 08:06:08 | INFO | Episode  130 - Reward: 7.700, Length: 8, Loss: 0.5649, Epsilon: 0.100
2026-03-17 08:06:09 | INFO | Episode  131 - Reward: 4.650, Length: 36, Loss: 0.1450, Epsilon: 0.100
2026-03-17 08:06:10 | INFO | Episode  132 - Reward: 7.700, Length: 8, Loss: 0.7088, Epsilon: 0.100
2026-03-17 08:06:10 | INFO | Episode  133 - Reward: 3.450, Length: 39, Loss: 0.7305, Epsilon: 0.100
2026-03-17 08:06:11 | INFO | Episode  134 - Reward: 7.600, Length: 10, Loss: 0.5045, Epsilon: 0.100
2026-03-17 08:06:12 | INFO | Episode  135 - Reward: -7.400, Length: 40, Loss: 0.5874, Epsilon: 0.100
2026-03-17 08:06:15 | INFO | Episode  136 - Reward: 9.050, Length: 11, Loss: 1.1448, Epsilon: 0.100
2026-03-17 08:06:16 | INFO | Episode  137 - Reward: 9.450, Length: 9, Loss: 0.2860, Epsilon: 0.100
2026-03-17 08:06:17 | INFO | Episode  138 - Reward: -6.800, Length: 40, Loss: 0.2612, Epsilon: 0.100
2026-03-17 08:06:18 | INFO | Episode  139 - Reward: 9.650, Length: 8, Loss: 0.9931, Epsilon: 0.100
2026-03-17 08:06:19 | INFO | Episode  140 - Reward: -6.950, Length: 40, Loss: 1.9046, Epsilon: 0.100
2026-03-17 08:06:20 | INFO | Episode  141 - Reward: 7.450, Length: 19, Loss: 0.7601, Epsilon: 0.100
2026-03-17 08:06:21 | INFO | Episode  142 - Reward: -7.700, Length: 40, Loss: 0.3402, Epsilon: 0.100
2026-03-17 08:06:22 | INFO | Episode  143 - Reward: -7.250, Length: 40, Loss: 0.7593, Epsilon: 0.100
2026-03-17 08:06:24 | INFO | Episode  144 - Reward: 9.650, Length: 8, Loss: 1.1016, Epsilon: 0.100
2026-03-17 08:06:25 | INFO | Episode  145 - Reward: -6.950, Length: 40, Loss: 0.6266, Epsilon: 0.100
2026-03-17 08:06:26 | INFO | Episode  146 - Reward: 7.700, Length: 8, Loss: 1.5939, Epsilon: 0.100
2026-03-17 08:06:27 | INFO | Episode  147 - Reward: 7.700, Length: 8, Loss: 0.6315, Epsilon: 0.100
2026-03-17 08:06:28 | INFO | Episode  148 - Reward: 9.450, Length: 9, Loss: 1.2222, Epsilon: 0.100
2026-03-17 08:06:29 | INFO | Episode  149 - Reward: -6.950, Length: 40, Loss: 1.9641, Epsilon: 0.100
2026-03-17 08:06:30 | INFO | Episode  150 - Reward: 9.650, Length: 8, Loss: 1.2093, Epsilon: 0.100
2026-03-17 08:06:33 | INFO | [Episode  150] eps=0.100  avg_reward=   1.387  avg_length= 23.86  avg_loss=  0.7917  eval_success=1.000
2026-03-17 08:06:34 | INFO | Episode  151 - Reward: 7.400, Length: 11, Loss: 1.3174, Epsilon: 0.100
2026-03-17 08:06:36 | INFO | Episode  152 - Reward: 9.650, Length: 8, Loss: 2.2533, Epsilon: 0.100
2026-03-17 08:06:37 | INFO | Episode  153 - Reward: -6.800, Length: 40, Loss: 0.7422, Epsilon: 0.100
2026-03-17 08:06:38 | INFO | Episode  154 - Reward: 9.450, Length: 9, Loss: 1.4584, Epsilon: 0.100
2026-03-17 08:06:39 | INFO | Episode  155 - Reward: 9.350, Length: 11, Loss: 1.2093, Epsilon: 0.100
2026-03-17 08:06:40 | INFO | Episode  156 - Reward: 7.700, Length: 8, Loss: 0.3205, Epsilon: 0.100
2026-03-17 08:06:41 | INFO | Episode  157 - Reward: 9.650, Length: 8, Loss: 0.4641, Epsilon: 0.100
2026-03-17 08:06:42 | INFO | Episode  158 - Reward: 7.600, Length: 10, Loss: 0.5976, Epsilon: 0.100
2026-03-17 08:06:43 | INFO | Episode  159 - Reward: 8.650, Length: 16, Loss: 0.4453, Epsilon: 0.100
2026-03-17 08:06:44 | INFO | Episode  160 - Reward: 7.600, Length: 10, Loss: 0.8642, Epsilon: 0.100
2026-03-17 08:06:45 | INFO | Episode  161 - Reward: 9.250, Length: 10, Loss: 1.1582, Epsilon: 0.100
2026-03-17 08:06:46 | INFO | Episode  162 - Reward: -7.850, Length: 40, Loss: 0.8593, Epsilon: 0.100
2026-03-17 08:06:48 | INFO | Episode  163 - Reward: -8.750, Length: 40, Loss: 0.6481, Epsilon: 0.100
2026-03-17 08:06:49 | INFO | Episode  164 - Reward: 7.700, Length: 8, Loss: 1.5096, Epsilon: 0.100
2026-03-17 08:06:50 | INFO | Episode  165 - Reward: 9.650, Length: 8, Loss: 0.4319, Epsilon: 0.100
2026-03-17 08:06:51 | INFO | Episode  166 - Reward: 9.550, Length: 10, Loss: 0.6031, Epsilon: 0.100
2026-03-17 08:06:52 | INFO | Episode  167 - Reward: 9.450, Length: 9, Loss: 1.4694, Epsilon: 0.100
2026-03-17 08:06:53 | INFO | Episode  168 - Reward: 9.650, Length: 8, Loss: 0.8060, Epsilon: 0.100
2026-03-17 08:06:54 | INFO | Episode  169 - Reward: 9.650, Length: 8, Loss: 1.3305, Epsilon: 0.100
2026-03-17 08:06:56 | INFO | Episode  170 - Reward: 9.650, Length: 8, Loss: 0.9866, Epsilon: 0.100
2026-03-17 08:06:57 | INFO | Episode  171 - Reward: 9.550, Length: 10, Loss: 0.9896, Epsilon: 0.100
2026-03-17 08:06:58 | INFO | Episode  172 - Reward: 9.650, Length: 8, Loss: 1.1493, Epsilon: 0.100
2026-03-17 08:06:59 | INFO | Episode  173 - Reward: 7.600, Length: 10, Loss: 0.4353, Epsilon: 0.100
2026-03-17 08:07:00 | INFO | Episode  174 - Reward: -7.700, Length: 40, Loss: 0.7354, Epsilon: 0.100
2026-03-17 08:07:01 | INFO | Episode  175 - Reward: 9.550, Length: 10, Loss: 0.4810, Epsilon: 0.100
2026-03-17 08:07:02 | INFO | Episode  176 - Reward: 9.650, Length: 8, Loss: 0.3766, Epsilon: 0.100
2026-03-17 08:07:03 | INFO | Episode  177 - Reward: 7.500, Length: 9, Loss: 0.6361, Epsilon: 0.100
2026-03-17 08:07:05 | INFO | Episode  178 - Reward: 9.650, Length: 8, Loss: 1.2781, Epsilon: 0.100
2026-03-17 08:07:06 | INFO | Episode  179 - Reward: 9.650, Length: 8, Loss: 1.3359, Epsilon: 0.100
2026-03-17 08:07:07 | INFO | Episode  180 - Reward: 9.650, Length: 8, Loss: 1.0771, Epsilon: 0.100
2026-03-17 08:07:08 | INFO | Episode  181 - Reward: 9.650, Length: 8, Loss: 0.5158, Epsilon: 0.100
2026-03-17 08:07:09 | INFO | Episode  182 - Reward: -3.950, Length: 40, Loss: 1.0491, Epsilon: 0.100
2026-03-17 08:07:10 | INFO | Episode  183 - Reward: 9.650, Length: 8, Loss: 0.6086, Epsilon: 0.100
2026-03-17 08:07:11 | INFO | Episode  184 - Reward: 3.750, Length: 39, Loss: 1.0158, Epsilon: 0.100
2026-03-17 08:07:12 | INFO | Episode  185 - Reward: -7.250, Length: 40, Loss: 0.2454, Epsilon: 0.100
2026-03-17 08:07:13 | INFO | Episode  186 - Reward: 9.650, Length: 8, Loss: 0.4180, Epsilon: 0.100
2026-03-17 08:07:14 | INFO | Episode  187 - Reward: 9.650, Length: 8, Loss: 0.1703, Epsilon: 0.100
2026-03-17 08:07:15 | INFO | Episode  188 - Reward: 9.450, Length: 12, Loss: 0.5129, Epsilon: 0.100
2026-03-17 08:07:16 | INFO | Episode  189 - Reward: 9.650, Length: 8, Loss: 1.4684, Epsilon: 0.100
2026-03-17 08:07:17 | INFO | Episode  190 - Reward: 2.800, Length: 34, Loss: 0.2557, Epsilon: 0.100
2026-03-17 08:07:18 | INFO | Episode  191 - Reward: 9.650, Length: 8, Loss: 0.7401, Epsilon: 0.100
2026-03-17 08:07:19 | INFO | Episode  192 - Reward: 9.650, Length: 8, Loss: 0.1655, Epsilon: 0.100
2026-03-17 08:07:20 | INFO | Episode  193 - Reward: 7.600, Length: 10, Loss: 0.3072, Epsilon: 0.100
2026-03-17 08:07:21 | INFO | Episode  194 - Reward: 9.550, Length: 10, Loss: 1.2903, Epsilon: 0.100
2026-03-17 08:07:22 | INFO | Episode  195 - Reward: 9.650, Length: 8, Loss: 0.3303, Epsilon: 0.100
2026-03-17 08:07:24 | INFO | Episode  196 - Reward: 9.650, Length: 8, Loss: 1.0225, Epsilon: 0.100
2026-03-17 08:07:25 | INFO | Episode  197 - Reward: 9.650, Length: 8, Loss: 1.1733, Epsilon: 0.100
2026-03-17 08:07:26 | INFO | Episode  198 - Reward: 9.450, Length: 9, Loss: 1.6659, Epsilon: 0.100
2026-03-17 08:07:27 | INFO | Episode  199 - Reward: -6.950, Length: 40, Loss: 0.5581, Epsilon: 0.100
2026-03-17 08:07:28 | INFO | Episode  200 - Reward: 9.450, Length: 9, Loss: 1.5413, Epsilon: 0.100
2026-03-17 08:07:31 | INFO | [Episode  200] eps=0.100  avg_reward=   6.667  avg_length= 14.44  avg_loss=  0.8605  eval_success=1.000
2026-03-17 08:07:32 | INFO | Episode  201 - Reward: 9.650, Length: 8, Loss: 0.2109, Epsilon: 0.100
2026-03-17 08:07:34 | INFO | Episode  202 - Reward: 1.350, Length: 33, Loss: 1.2866, Epsilon: 0.100
2026-03-17 08:07:35 | INFO | Episode  203 - Reward: -10.550, Length: 40, Loss: 0.7953, Epsilon: 0.100
2026-03-17 08:07:36 | INFO | Episode  204 - Reward: 9.650, Length: 8, Loss: 0.4206, Epsilon: 0.100
2026-03-17 08:07:37 | INFO | Episode  205 - Reward: 9.650, Length: 8, Loss: 0.5748, Epsilon: 0.100
2026-03-17 08:07:38 | INFO | Episode  206 - Reward: 7.600, Length: 10, Loss: 0.5487, Epsilon: 0.100
2026-03-17 08:07:39 | INFO | Episode  207 - Reward: 9.650, Length: 8, Loss: 1.6935, Epsilon: 0.100
2026-03-17 08:07:40 | INFO | Episode  208 - Reward: 5.550, Length: 12, Loss: 1.7349, Epsilon: 0.100
2026-03-17 08:07:41 | INFO | Episode  209 - Reward: 7.700, Length: 8, Loss: 4.4774, Epsilon: 0.100
2026-03-17 08:07:42 | INFO | Episode  210 - Reward: 5.250, Length: 30, Loss: 1.6826, Epsilon: 0.100
2026-03-17 08:07:43 | INFO | Episode  211 - Reward: -6.800, Length: 40, Loss: 0.9787, Epsilon: 0.100
2026-03-17 08:07:44 | INFO | Episode  212 - Reward: 9.650, Length: 8, Loss: 0.9731, Epsilon: 0.100
2026-03-17 08:07:45 | INFO | Episode  213 - Reward: 9.650, Length: 8, Loss: 1.3686, Epsilon: 0.100
2026-03-17 08:07:47 | INFO | Episode  214 - Reward: 9.650, Length: 8, Loss: 0.3181, Epsilon: 0.100
2026-03-17 08:07:48 | INFO | Episode  215 - Reward: 9.650, Length: 8, Loss: 1.3343, Epsilon: 0.100
2026-03-17 08:07:49 | INFO | Episode  216 - Reward: 9.650, Length: 8, Loss: 1.7771, Epsilon: 0.100
2026-03-17 08:07:50 | INFO | Episode  217 - Reward: 7.200, Length: 12, Loss: 1.4930, Epsilon: 0.100
2026-03-17 08:07:51 | INFO | Episode  218 - Reward: 9.650, Length: 8, Loss: 0.7421, Epsilon: 0.100
2026-03-17 08:07:52 | INFO | Episode  219 - Reward: 7.700, Length: 8, Loss: 0.9827, Epsilon: 0.100
2026-03-17 08:07:53 | INFO | Episode  220 - Reward: 7.700, Length: 8, Loss: 1.6363, Epsilon: 0.100
2026-03-17 08:07:55 | INFO | Episode  221 - Reward: 4.100, Length: 29, Loss: 0.3531, Epsilon: 0.100
2026-03-17 08:07:56 | INFO | Episode  222 - Reward: -7.100, Length: 40, Loss: 2.5097, Epsilon: 0.100
2026-03-17 08:07:57 | INFO | Episode  223 - Reward: 9.650, Length: 8, Loss: 1.4094, Epsilon: 0.100
2026-03-17 08:07:58 | INFO | Episode  224 - Reward: 3.550, Length: 40, Loss: 0.6509, Epsilon: 0.100
2026-03-17 08:07:59 | INFO | Episode  225 - Reward: 9.550, Length: 10, Loss: 0.4181, Epsilon: 0.100
2026-03-17 08:08:00 | INFO | Episode  226 - Reward: 7.600, Length: 10, Loss: 0.4178, Epsilon: 0.100
2026-03-17 08:08:01 | INFO | Episode  227 - Reward: 9.650, Length: 8, Loss: 0.3585, Epsilon: 0.100
2026-03-17 08:08:02 | INFO | Episode  228 - Reward: -7.100, Length: 40, Loss: 0.5671, Epsilon: 0.100
2026-03-17 08:08:03 | INFO | Episode  229 - Reward: 9.450, Length: 9, Loss: 0.8486, Epsilon: 0.100
2026-03-17 08:08:04 | INFO | Episode  230 - Reward: 9.650, Length: 8, Loss: 0.9070, Epsilon: 0.100
2026-03-17 08:08:05 | INFO | Episode  231 - Reward: -7.400, Length: 40, Loss: 0.4768, Epsilon: 0.100
2026-03-17 08:08:06 | INFO | Episode  232 - Reward: 7.600, Length: 10, Loss: 0.7025, Epsilon: 0.100
2026-03-17 08:08:07 | INFO | Episode  233 - Reward: 9.650, Length: 8, Loss: 0.8187, Epsilon: 0.100
2026-03-17 08:08:08 | INFO | Episode  234 - Reward: 5.550, Length: 12, Loss: 0.4340, Epsilon: 0.100
2026-03-17 08:08:09 | INFO | Episode  235 - Reward: 7.300, Length: 10, Loss: 0.9727, Epsilon: 0.100
2026-03-17 08:08:11 | INFO | Episode  236 - Reward: 5.550, Length: 12, Loss: 1.8440, Epsilon: 0.100
2026-03-17 08:08:12 | INFO | Episode  237 - Reward: 9.650, Length: 8, Loss: 0.4477, Epsilon: 0.100
2026-03-17 08:08:13 | INFO | Episode  238 - Reward: 9.650, Length: 8, Loss: 0.7165, Epsilon: 0.100
2026-03-17 08:08:14 | INFO | Episode  239 - Reward: 9.650, Length: 8, Loss: 0.9582, Epsilon: 0.100
2026-03-17 08:08:15 | INFO | Episode  240 - Reward: 9.650, Length: 8, Loss: 0.6224, Epsilon: 0.100
2026-03-17 08:08:16 | INFO | Episode  241 - Reward: 4.650, Length: 33, Loss: 0.8259, Epsilon: 0.100
2026-03-17 08:08:17 | INFO | Episode  242 - Reward: -7.400, Length: 40, Loss: 0.5606, Epsilon: 0.100
2026-03-17 08:08:18 | INFO | Episode  243 - Reward: 9.650, Length: 8, Loss: 0.2918, Epsilon: 0.100
2026-03-17 08:08:19 | INFO | Episode  244 - Reward: 9.650, Length: 8, Loss: 0.4285, Epsilon: 0.100
2026-03-17 08:08:20 | INFO | Episode  245 - Reward: 9.350, Length: 11, Loss: 1.5904, Epsilon: 0.100
2026-03-17 08:08:22 | INFO | Episode  246 - Reward: -6.650, Length: 40, Loss: 1.3808, Epsilon: 0.100
2026-03-17 08:08:23 | INFO | Episode  247 - Reward: 9.450, Length: 9, Loss: 1.0149, Epsilon: 0.100
2026-03-17 08:08:24 | INFO | Episode  248 - Reward: 9.450, Length: 9, Loss: 0.5431, Epsilon: 0.100
2026-03-17 08:08:25 | INFO | Episode  249 - Reward: 7.600, Length: 10, Loss: 0.9036, Epsilon: 0.100
2026-03-17 08:08:26 | INFO | Episode  250 - Reward: 9.650, Length: 8, Loss: 1.0320, Epsilon: 0.100
2026-03-17 08:08:29 | INFO | [Episode  250] eps=0.100  avg_reward=   6.009  avg_length= 15.66  avg_loss=  1.0007  eval_success=1.000
