2026-03-17 03:11:23 | INFO | ============================================================
2026-03-17 03:11:23 | INFO | DEVICE / COMPUTE INFORMATION
2026-03-17 03:11:23 | INFO |   JAX backend       : GPU
2026-03-17 03:11:23 | INFO |   Platform          : gpu
2026-03-17 03:11:23 | INFO |   Num devices       : 1
2026-03-17 03:11:23 | INFO |   Device            : cuda:0
2026-03-17 03:11:23 | INFO |   GPU name          : NVIDIA GeForce RTX 5060 Laptop GPU
2026-03-17 03:11:23 | INFO | ============================================================
2026-03-17 03:11:23 | INFO | ✓ JAX GPU backend confirmed.
2026-03-17 03:11:24 | INFO | DQN seed=1_gamma=0.99_lr=0.1
2026-03-17 03:11:26 | INFO | Episode    1 - Reward: 6.450, Length: 36, Loss: 0.0000, Epsilon: 0.991
2026-03-17 03:11:27 | INFO | Episode    2 - Reward: -4.850, Length: 40, Loss: 0.0000, Epsilon: 0.982
2026-03-17 03:11:32 | INFO | Episode    3 - Reward: -5.000, Length: 40, Loss: 0.0132, Epsilon: 0.973
2026-03-17 03:11:33 | INFO | Episode    4 - Reward: -4.400, Length: 40, Loss: 1.6367, Epsilon: 0.964
2026-03-17 03:11:34 | INFO | Episode    5 - Reward: -5.300, Length: 40, Loss: 0.7167, Epsilon: 0.955
2026-03-17 03:11:35 | INFO | Episode    6 - Reward: -5.300, Length: 40, Loss: 1.7799, Epsilon: 0.946
2026-03-17 03:11:36 | INFO | Episode    7 - Reward: -4.550, Length: 40, Loss: 0.7654, Epsilon: 0.937
2026-03-17 03:11:37 | INFO | Episode    8 - Reward: -5.600, Length: 40, Loss: 0.2489, Epsilon: 0.928
2026-03-17 03:11:38 | INFO | Episode    9 - Reward: 5.100, Length: 33, Loss: 0.1091, Epsilon: 0.919
2026-03-17 03:11:40 | INFO | Episode   10 - Reward: -4.550, Length: 40, Loss: 0.2311, Epsilon: 0.910
2026-03-17 03:11:41 | INFO | Episode   11 - Reward: -6.950, Length: 40, Loss: 0.1263, Epsilon: 0.901
2026-03-17 03:11:42 | INFO | Episode   12 - Reward: -8.300, Length: 40, Loss: 0.6504, Epsilon: 0.892
2026-03-17 03:11:43 | INFO | Episode   13 - Reward: -4.100, Length: 40, Loss: 0.1777, Epsilon: 0.883
2026-03-17 03:11:44 | INFO | Episode   14 - Reward: -5.750, Length: 40, Loss: 0.5342, Epsilon: 0.874
2026-03-17 03:11:45 | INFO | Episode   15 - Reward: 7.350, Length: 30, Loss: 0.0854, Epsilon: 0.865
2026-03-17 03:11:47 | INFO | Episode   16 - Reward: -5.000, Length: 40, Loss: 0.2545, Epsilon: 0.856
2026-03-17 03:11:48 | INFO | Episode   17 - Reward: -5.150, Length: 40, Loss: 0.1427, Epsilon: 0.847
2026-03-17 03:11:49 | INFO | Episode   18 - Reward: -5.300, Length: 40, Loss: 0.2121, Epsilon: 0.838
2026-03-17 03:11:50 | INFO | Episode   19 - Reward: -5.450, Length: 40, Loss: 0.8833, Epsilon: 0.829
2026-03-17 03:11:51 | INFO | Episode   20 - Reward: -6.500, Length: 40, Loss: 0.6004, Epsilon: 0.820
2026-03-17 03:11:52 | INFO | Episode   21 - Reward: -8.000, Length: 40, Loss: 0.5306, Epsilon: 0.811
2026-03-17 03:11:53 | INFO | Episode   22 - Reward: -6.950, Length: 40, Loss: 0.4428, Epsilon: 0.802
2026-03-17 03:11:53 | INFO | Episode   23 - Reward: -10.100, Length: 40, Loss: 0.5726, Epsilon: 0.793
2026-03-17 03:11:54 | INFO | Episode   24 - Reward: 8.750, Length: 14, Loss: 0.7531, Epsilon: 0.784
2026-03-17 03:11:55 | INFO | Episode   25 - Reward: 6.100, Length: 22, Loss: 0.5106, Epsilon: 0.775
2026-03-17 03:11:56 | INFO | Episode   26 - Reward: 0.700, Length: 37, Loss: 0.9169, Epsilon: 0.766
2026-03-17 03:11:58 | INFO | Episode   27 - Reward: -4.700, Length: 40, Loss: 0.6628, Epsilon: 0.757
2026-03-17 03:11:59 | INFO | Episode   28 - Reward: -3.800, Length: 40, Loss: 1.4396, Epsilon: 0.748
2026-03-17 03:12:00 | INFO | Episode   29 - Reward: -5.600, Length: 40, Loss: 1.0169, Epsilon: 0.739
2026-03-17 03:12:01 | INFO | Episode   30 - Reward: -5.150, Length: 40, Loss: 0.6650, Epsilon: 0.730
2026-03-17 03:12:02 | INFO | Episode   31 - Reward: 6.800, Length: 20, Loss: 1.5299, Epsilon: 0.721
2026-03-17 03:12:03 | INFO | Episode   32 - Reward: -6.050, Length: 40, Loss: 0.9458, Epsilon: 0.712
2026-03-17 03:12:04 | INFO | Episode   33 - Reward: -5.900, Length: 40, Loss: 1.0991, Epsilon: 0.703
2026-03-17 03:12:05 | INFO | Episode   34 - Reward: 1.150, Length: 40, Loss: 1.7137, Epsilon: 0.694
2026-03-17 03:12:07 | INFO | Episode   35 - Reward: -5.600, Length: 40, Loss: 1.3385, Epsilon: 0.685
2026-03-17 03:12:08 | INFO | Episode   36 - Reward: -4.100, Length: 40, Loss: 0.7032, Epsilon: 0.676
2026-03-17 03:12:09 | INFO | Episode   37 - Reward: 6.850, Length: 31, Loss: 0.5148, Epsilon: 0.667
2026-03-17 03:12:10 | INFO | Episode   38 - Reward: -4.850, Length: 40, Loss: 0.6401, Epsilon: 0.658
2026-03-17 03:12:11 | INFO | Episode   39 - Reward: 4.300, Length: 40, Loss: 0.2966, Epsilon: 0.649
2026-03-17 03:12:12 | INFO | Episode   40 - Reward: -6.050, Length: 40, Loss: 1.0434, Epsilon: 0.640
2026-03-17 03:12:13 | INFO | Episode   41 - Reward: -4.550, Length: 40, Loss: 0.9939, Epsilon: 0.631
2026-03-17 03:12:14 | INFO | Episode   42 - Reward: 3.500, Length: 38, Loss: 0.7902, Epsilon: 0.622
2026-03-17 03:12:16 | INFO | Episode   43 - Reward: -6.650, Length: 40, Loss: 0.6143, Epsilon: 0.613
2026-03-17 03:12:17 | INFO | Episode   44 - Reward: -3.950, Length: 40, Loss: 0.2645, Epsilon: 0.604
2026-03-17 03:12:18 | INFO | Episode   45 - Reward: -2.750, Length: 40, Loss: 1.5949, Epsilon: 0.595
2026-03-17 03:12:19 | INFO | Episode   46 - Reward: 1.100, Length: 38, Loss: 0.8377, Epsilon: 0.586
2026-03-17 03:12:20 | INFO | Episode   47 - Reward: -4.850, Length: 40, Loss: 0.6939, Epsilon: 0.577
2026-03-17 03:12:21 | INFO | Episode   48 - Reward: -8.300, Length: 40, Loss: 1.6264, Epsilon: 0.568
2026-03-17 03:12:22 | INFO | Episode   49 - Reward: -4.700, Length: 40, Loss: 1.2043, Epsilon: 0.559
2026-03-17 03:12:23 | INFO | Episode   50 - Reward: -6.200, Length: 40, Loss: 0.9895, Epsilon: 0.550
2026-03-17 03:12:39 | INFO | [Episode   50] eps=0.550  avg_reward=  -3.054  avg_length= 37.98  avg_loss=  0.7223  eval_success=0.000
2026-03-17 03:12:40 | INFO | Episode   51 - Reward: -6.650, Length: 40, Loss: 0.7363, Epsilon: 0.541
2026-03-17 03:12:41 | INFO | Episode   52 - Reward: -5.300, Length: 40, Loss: 1.6531, Epsilon: 0.532
2026-03-17 03:12:43 | INFO | Episode   53 - Reward: -6.650, Length: 40, Loss: 3.8100, Epsilon: 0.523
2026-03-17 03:12:44 | INFO | Episode   54 - Reward: -5.750, Length: 40, Loss: 0.9269, Epsilon: 0.514
2026-03-17 03:12:45 | INFO | Episode   55 - Reward: -5.000, Length: 40, Loss: 1.0386, Epsilon: 0.505
2026-03-17 03:12:46 | INFO | Episode   56 - Reward: -6.200, Length: 40, Loss: 1.7552, Epsilon: 0.496
2026-03-17 03:12:47 | INFO | Episode   57 - Reward: -6.200, Length: 40, Loss: 1.1802, Epsilon: 0.487
2026-03-17 03:12:48 | INFO | Episode   58 - Reward: -6.200, Length: 40, Loss: 1.0927, Epsilon: 0.478
2026-03-17 03:12:49 | INFO | Episode   59 - Reward: -5.750, Length: 40, Loss: 1.0259, Epsilon: 0.469
2026-03-17 03:12:50 | INFO | Episode   60 - Reward: -5.900, Length: 40, Loss: 0.7094, Epsilon: 0.460
2026-03-17 03:12:51 | INFO | Episode   61 - Reward: -6.350, Length: 40, Loss: 1.4562, Epsilon: 0.451
2026-03-17 03:12:52 | INFO | Episode   62 - Reward: 1.650, Length: 30, Loss: 1.0188, Epsilon: 0.442
2026-03-17 03:12:53 | INFO | Episode   63 - Reward: -6.500, Length: 40, Loss: 0.9471, Epsilon: 0.433
2026-03-17 03:12:55 | INFO | Episode   64 - Reward: 2.650, Length: 28, Loss: 1.6872, Epsilon: 0.424
2026-03-17 03:12:56 | INFO | Episode   65 - Reward: -5.450, Length: 40, Loss: 0.6589, Epsilon: 0.415
2026-03-17 03:12:56 | INFO | Episode   66 - Reward: 6.550, Length: 28, Loss: 0.9624, Epsilon: 0.406
2026-03-17 03:12:57 | INFO | Episode   67 - Reward: -4.850, Length: 40, Loss: 2.7782, Epsilon: 0.397
2026-03-17 03:12:58 | INFO | Episode   68 - Reward: -7.400, Length: 40, Loss: 1.3129, Epsilon: 0.388
2026-03-17 03:12:59 | INFO | Episode   69 - Reward: -6.350, Length: 40, Loss: 0.2498, Epsilon: 0.379
2026-03-17 03:13:00 | INFO | Episode   70 - Reward: -5.900, Length: 40, Loss: 0.8651, Epsilon: 0.370
2026-03-17 03:13:01 | INFO | Episode   71 - Reward: -6.350, Length: 40, Loss: 1.7062, Epsilon: 0.361
2026-03-17 03:13:03 | INFO | Episode   72 - Reward: -6.950, Length: 40, Loss: 1.0808, Epsilon: 0.352
2026-03-17 03:13:04 | INFO | Episode   73 - Reward: -6.650, Length: 40, Loss: 0.4328, Epsilon: 0.343
2026-03-17 03:13:05 | INFO | Episode   74 - Reward: -6.950, Length: 40, Loss: 0.8967, Epsilon: 0.334
2026-03-17 03:13:06 | INFO | Episode   75 - Reward: 7.550, Length: 23, Loss: 1.3923, Epsilon: 0.325
2026-03-17 03:13:07 | INFO | Episode   76 - Reward: -6.950, Length: 40, Loss: 1.4455, Epsilon: 0.316
2026-03-17 03:13:08 | INFO | Episode   77 - Reward: -6.500, Length: 40, Loss: 1.6741, Epsilon: 0.307
2026-03-17 03:13:09 | INFO | Episode   78 - Reward: -6.050, Length: 40, Loss: 0.5448, Epsilon: 0.298
2026-03-17 03:13:10 | INFO | Episode   79 - Reward: -7.250, Length: 40, Loss: 1.1883, Epsilon: 0.289
2026-03-17 03:13:12 | INFO | Episode   80 - Reward: -6.650, Length: 40, Loss: 1.1072, Epsilon: 0.280
2026-03-17 03:13:13 | INFO | Episode   81 - Reward: -7.100, Length: 40, Loss: 2.0980, Epsilon: 0.271
2026-03-17 03:13:14 | INFO | Episode   82 - Reward: -5.450, Length: 40, Loss: 0.9543, Epsilon: 0.262
2026-03-17 03:13:15 | INFO | Episode   83 - Reward: -6.200, Length: 40, Loss: 0.7972, Epsilon: 0.253
2026-03-17 03:13:16 | INFO | Episode   84 - Reward: -6.500, Length: 40, Loss: 1.0767, Epsilon: 0.244
2026-03-17 03:13:17 | INFO | Episode   85 - Reward: 3.100, Length: 31, Loss: 2.3911, Epsilon: 0.235
2026-03-17 03:13:18 | INFO | Episode   86 - Reward: 9.650, Length: 8, Loss: 0.4317, Epsilon: 0.226
2026-03-17 03:13:19 | INFO | Episode   87 - Reward: 0.750, Length: 39, Loss: 1.5535, Epsilon: 0.217
2026-03-17 03:13:20 | INFO | Episode   88 - Reward: -6.500, Length: 40, Loss: 2.7289, Epsilon: 0.208
2026-03-17 03:13:22 | INFO | Episode   89 - Reward: -6.500, Length: 40, Loss: 1.6516, Epsilon: 0.199
2026-03-17 03:13:22 | INFO | Episode   90 - Reward: -7.400, Length: 40, Loss: 0.2305, Epsilon: 0.190
2026-03-17 03:13:23 | INFO | Episode   91 - Reward: -6.350, Length: 40, Loss: 0.6968, Epsilon: 0.181
2026-03-17 03:13:24 | INFO | Episode   92 - Reward: -6.500, Length: 40, Loss: 0.5264, Epsilon: 0.172
2026-03-17 03:13:25 | INFO | Episode   93 - Reward: 8.850, Length: 15, Loss: 1.5306, Epsilon: 0.163
2026-03-17 03:13:26 | INFO | Episode   94 - Reward: -6.800, Length: 40, Loss: 1.8129, Epsilon: 0.154
2026-03-17 03:13:27 | INFO | Episode   95 - Reward: 9.650, Length: 8, Loss: 1.3402, Epsilon: 0.145
2026-03-17 03:13:27 | INFO | Episode   96 - Reward: -6.650, Length: 40, Loss: 0.8555, Epsilon: 0.136
2026-03-17 03:13:27 | INFO | Episode   97 - Reward: -7.550, Length: 40, Loss: 0.8028, Epsilon: 0.127
2026-03-17 03:13:28 | INFO | Episode   98 - Reward: -7.700, Length: 40, Loss: 1.2137, Epsilon: 0.118
2026-03-17 03:13:29 | INFO | Episode   99 - Reward: -7.100, Length: 40, Loss: 1.3092, Epsilon: 0.109
2026-03-17 03:13:30 | INFO | Episode  100 - Reward: -7.850, Length: 40, Loss: 0.4012, Epsilon: 0.100
2026-03-17 03:13:43 | INFO | [Episode  100] eps=0.100  avg_reward=  -4.289  avg_length= 37.00  avg_loss=  1.2347  eval_success=0.000
2026-03-17 03:13:44 | INFO | Episode  101 - Reward: -6.950, Length: 40, Loss: 0.3931, Epsilon: 0.100
2026-03-17 03:13:44 | INFO | Episode  102 - Reward: -7.400, Length: 40, Loss: 0.9581, Epsilon: 0.100
2026-03-17 03:13:45 | INFO | Episode  103 - Reward: -7.400, Length: 40, Loss: 1.9538, Epsilon: 0.100
2026-03-17 03:13:46 | INFO | Episode  104 - Reward: -7.850, Length: 40, Loss: 0.8561, Epsilon: 0.100
2026-03-17 03:13:47 | INFO | Episode  105 - Reward: -8.000, Length: 40, Loss: 1.2568, Epsilon: 0.100
2026-03-17 03:13:48 | INFO | Episode  106 - Reward: -7.400, Length: 40, Loss: 1.0449, Epsilon: 0.100
2026-03-17 03:13:49 | INFO | Episode  107 - Reward: -7.400, Length: 40, Loss: 0.7158, Epsilon: 0.100
2026-03-17 03:13:50 | INFO | Episode  108 - Reward: -7.400, Length: 40, Loss: 2.0123, Epsilon: 0.100
2026-03-17 03:13:50 | INFO | Episode  109 - Reward: -8.900, Length: 40, Loss: 1.4794, Epsilon: 0.100
2026-03-17 03:13:51 | INFO | Episode  110 - Reward: -6.500, Length: 40, Loss: 0.7589, Epsilon: 0.100
2026-03-17 03:13:52 | INFO | Episode  111 - Reward: -8.000, Length: 40, Loss: 0.4795, Epsilon: 0.100
2026-03-17 03:13:53 | INFO | Episode  112 - Reward: 4.250, Length: 17, Loss: 0.5544, Epsilon: 0.100
2026-03-17 03:13:54 | INFO | Episode  113 - Reward: -7.100, Length: 40, Loss: 1.2257, Epsilon: 0.100
2026-03-17 03:13:55 | INFO | Episode  114 - Reward: -7.400, Length: 40, Loss: 1.2851, Epsilon: 0.100
2026-03-17 03:13:56 | INFO | Episode  115 - Reward: -7.250, Length: 40, Loss: 0.9368, Epsilon: 0.100
2026-03-17 03:13:57 | INFO | Episode  116 - Reward: -6.800, Length: 40, Loss: 0.9533, Epsilon: 0.100
2026-03-17 03:13:57 | INFO | Episode  117 - Reward: -7.700, Length: 40, Loss: 1.7871, Epsilon: 0.100
2026-03-17 03:13:58 | INFO | Episode  118 - Reward: -7.700, Length: 40, Loss: 1.5298, Epsilon: 0.100
2026-03-17 03:13:59 | INFO | Episode  119 - Reward: -8.900, Length: 40, Loss: 1.3734, Epsilon: 0.100
2026-03-17 03:13:59 | INFO | Episode  120 - Reward: -6.950, Length: 40, Loss: 1.0702, Epsilon: 0.100
2026-03-17 03:14:00 | INFO | Episode  121 - Reward: -7.400, Length: 40, Loss: 0.7067, Epsilon: 0.100
2026-03-17 03:14:01 | INFO | Episode  122 - Reward: -7.250, Length: 40, Loss: 0.8219, Epsilon: 0.100
2026-03-17 03:14:02 | INFO | Episode  123 - Reward: -7.550, Length: 40, Loss: 0.5244, Epsilon: 0.100
2026-03-17 03:14:02 | INFO | Episode  124 - Reward: -7.700, Length: 40, Loss: 0.8747, Epsilon: 0.100
2026-03-17 03:14:03 | INFO | Episode  125 - Reward: -8.900, Length: 40, Loss: 1.2952, Epsilon: 0.100
2026-03-17 03:14:04 | INFO | Episode  126 - Reward: -7.700, Length: 40, Loss: 1.3048, Epsilon: 0.100
2026-03-17 03:14:05 | INFO | Episode  127 - Reward: -7.400, Length: 40, Loss: 1.2754, Epsilon: 0.100
2026-03-17 03:14:06 | INFO | Episode  128 - Reward: -7.550, Length: 40, Loss: 0.5477, Epsilon: 0.100
2026-03-17 03:14:07 | INFO | Episode  129 - Reward: -7.100, Length: 40, Loss: 0.4401, Epsilon: 0.100
2026-03-17 03:14:08 | INFO | Episode  130 - Reward: -6.650, Length: 40, Loss: 0.9143, Epsilon: 0.100
2026-03-17 03:14:09 | INFO | Episode  131 - Reward: -6.800, Length: 40, Loss: 0.2732, Epsilon: 0.100
2026-03-17 03:14:10 | INFO | Episode  132 - Reward: -6.650, Length: 40, Loss: 0.8187, Epsilon: 0.100
2026-03-17 03:14:10 | INFO | Episode  133 - Reward: -2.450, Length: 40, Loss: 0.5357, Epsilon: 0.100
2026-03-17 03:14:11 | INFO | Episode  134 - Reward: -6.650, Length: 40, Loss: 0.4688, Epsilon: 0.100
2026-03-17 03:14:12 | INFO | Episode  135 - Reward: -7.700, Length: 40, Loss: 0.3675, Epsilon: 0.100
2026-03-17 03:14:13 | INFO | Episode  136 - Reward: -7.100, Length: 40, Loss: 0.6160, Epsilon: 0.100
2026-03-17 03:14:14 | INFO | Episode  137 - Reward: -2.300, Length: 40, Loss: 0.8658, Epsilon: 0.100
2026-03-17 03:14:16 | INFO | Episode  138 - Reward: -7.100, Length: 40, Loss: 0.2028, Epsilon: 0.100
2026-03-17 03:14:17 | INFO | Episode  139 - Reward: -2.300, Length: 40, Loss: 0.6270, Epsilon: 0.100
2026-03-17 03:14:18 | INFO | Episode  140 - Reward: -2.300, Length: 40, Loss: 1.3228, Epsilon: 0.100
2026-03-17 03:14:19 | INFO | Episode  141 - Reward: -7.250, Length: 40, Loss: 0.2051, Epsilon: 0.100
2026-03-17 03:14:20 | INFO | Episode  142 - Reward: -7.250, Length: 40, Loss: 0.3230, Epsilon: 0.100
2026-03-17 03:14:21 | INFO | Episode  143 - Reward: -5.750, Length: 40, Loss: 0.5947, Epsilon: 0.100
2026-03-17 03:14:22 | INFO | Episode  144 - Reward: -6.500, Length: 40, Loss: 0.9119, Epsilon: 0.100
2026-03-17 03:14:23 | INFO | Episode  145 - Reward: -2.000, Length: 40, Loss: 0.8963, Epsilon: 0.100
2026-03-17 03:14:25 | INFO | Episode  146 - Reward: -7.850, Length: 40, Loss: 0.0097, Epsilon: 0.100
2026-03-17 03:14:26 | INFO | Episode  147 - Reward: -2.300, Length: 40, Loss: 0.9160, Epsilon: 0.100
2026-03-17 03:14:27 | INFO | Episode  148 - Reward: -2.300, Length: 40, Loss: 0.6591, Epsilon: 0.100
2026-03-17 03:14:28 | INFO | Episode  149 - Reward: -3.950, Length: 40, Loss: 1.0126, Epsilon: 0.100
2026-03-17 03:14:29 | INFO | Episode  150 - Reward: -8.000, Length: 40, Loss: 0.6271, Epsilon: 0.100
2026-03-17 03:14:44 | INFO | [Episode  150] eps=0.100  avg_reward=  -6.369  avg_length= 39.54  avg_loss=  0.8717  eval_success=0.000
2026-03-17 03:14:45 | INFO | Episode  151 - Reward: -3.950, Length: 40, Loss: 0.0488, Epsilon: 0.100
2026-03-17 03:14:46 | INFO | Episode  152 - Reward: -2.000, Length: 40, Loss: 0.9883, Epsilon: 0.100
2026-03-17 03:14:47 | INFO | Episode  153 - Reward: -7.700, Length: 40, Loss: 0.5178, Epsilon: 0.100
2026-03-17 03:14:48 | INFO | Episode  154 - Reward: -7.550, Length: 40, Loss: 0.0909, Epsilon: 0.100
2026-03-17 03:14:50 | INFO | Episode  155 - Reward: -2.300, Length: 40, Loss: 0.3886, Epsilon: 0.100
2026-03-17 03:14:51 | INFO | Episode  156 - Reward: -2.450, Length: 40, Loss: 0.1439, Epsilon: 0.100
2026-03-17 03:14:52 | INFO | Episode  157 - Reward: -2.000, Length: 40, Loss: 0.5034, Epsilon: 0.100
2026-03-17 03:14:53 | INFO | Episode  158 - Reward: -2.150, Length: 40, Loss: 0.3335, Epsilon: 0.100
2026-03-17 03:14:54 | INFO | Episode  159 - Reward: -2.000, Length: 40, Loss: 0.6650, Epsilon: 0.100
2026-03-17 03:14:55 | INFO | Episode  160 - Reward: -5.900, Length: 40, Loss: 0.3946, Epsilon: 0.100
2026-03-17 03:14:56 | INFO | Episode  161 - Reward: -6.500, Length: 40, Loss: 0.1388, Epsilon: 0.100
2026-03-17 03:14:57 | INFO | Episode  162 - Reward: -2.000, Length: 40, Loss: 0.3304, Epsilon: 0.100
2026-03-17 03:14:58 | INFO | Episode  163 - Reward: -6.200, Length: 40, Loss: 0.3211, Epsilon: 0.100
2026-03-17 03:15:00 | INFO | Episode  164 - Reward: -6.950, Length: 40, Loss: 0.2038, Epsilon: 0.100
2026-03-17 03:15:01 | INFO | Episode  165 - Reward: -2.450, Length: 40, Loss: 0.2240, Epsilon: 0.100
2026-03-17 03:15:02 | INFO | Episode  166 - Reward: -6.650, Length: 40, Loss: 0.2283, Epsilon: 0.100
2026-03-17 03:15:02 | INFO | Episode  167 - Reward: -6.950, Length: 40, Loss: 0.2823, Epsilon: 0.100
2026-03-17 03:15:03 | INFO | Episode  168 - Reward: -2.000, Length: 40, Loss: 0.1035, Epsilon: 0.100
2026-03-17 03:15:04 | INFO | Episode  169 - Reward: -7.400, Length: 40, Loss: 0.4738, Epsilon: 0.100
2026-03-17 03:15:06 | INFO | Episode  170 - Reward: -7.250, Length: 40, Loss: 0.6884, Epsilon: 0.100
2026-03-17 03:15:07 | INFO | Episode  171 - Reward: -2.450, Length: 40, Loss: 0.3177, Epsilon: 0.100
2026-03-17 03:15:08 | INFO | Episode  172 - Reward: -6.950, Length: 40, Loss: 0.1857, Epsilon: 0.100
2026-03-17 03:15:09 | INFO | Episode  173 - Reward: -2.000, Length: 40, Loss: 0.3434, Epsilon: 0.100
2026-03-17 03:15:10 | INFO | Episode  174 - Reward: -7.700, Length: 40, Loss: 0.2548, Epsilon: 0.100
2026-03-17 03:15:11 | INFO | Episode  175 - Reward: -7.400, Length: 40, Loss: 0.2548, Epsilon: 0.100
2026-03-17 03:15:12 | INFO | Episode  176 - Reward: -3.050, Length: 40, Loss: 0.2223, Epsilon: 0.100
2026-03-17 03:15:14 | INFO | Episode  177 - Reward: -7.400, Length: 40, Loss: 0.3168, Epsilon: 0.100
2026-03-17 03:15:15 | INFO | Episode  178 - Reward: -4.250, Length: 40, Loss: 0.2220, Epsilon: 0.100
2026-03-17 03:15:16 | INFO | Episode  179 - Reward: -7.550, Length: 40, Loss: 0.1492, Epsilon: 0.100
2026-03-17 03:15:17 | INFO | Episode  180 - Reward: -7.400, Length: 40, Loss: 0.1455, Epsilon: 0.100
2026-03-17 03:15:18 | INFO | Episode  181 - Reward: -8.000, Length: 40, Loss: 0.1478, Epsilon: 0.100
2026-03-17 03:15:19 | INFO | Episode  182 - Reward: -2.300, Length: 40, Loss: 0.0639, Epsilon: 0.100
2026-03-17 03:15:20 | INFO | Episode  183 - Reward: -2.750, Length: 40, Loss: 0.1526, Epsilon: 0.100
2026-03-17 03:15:21 | INFO | Episode  184 - Reward: -5.900, Length: 40, Loss: 0.3275, Epsilon: 0.100
2026-03-17 03:15:23 | INFO | Episode  185 - Reward: -7.250, Length: 40, Loss: 0.2741, Epsilon: 0.100
2026-03-17 03:15:24 | INFO | Episode  186 - Reward: -2.150, Length: 40, Loss: 0.0072, Epsilon: 0.100
2026-03-17 03:15:25 | INFO | Episode  187 - Reward: -2.450, Length: 40, Loss: 0.2263, Epsilon: 0.100
2026-03-17 03:15:26 | INFO | Episode  188 - Reward: -2.300, Length: 40, Loss: 0.0539, Epsilon: 0.100
2026-03-17 03:15:27 | INFO | Episode  189 - Reward: -2.150, Length: 40, Loss: 0.2588, Epsilon: 0.100
2026-03-17 03:15:28 | INFO | Episode  190 - Reward: -7.250, Length: 40, Loss: 0.1687, Epsilon: 0.100
2026-03-17 03:15:29 | INFO | Episode  191 - Reward: -2.300, Length: 40, Loss: 0.0488, Epsilon: 0.100
2026-03-17 03:15:30 | INFO | Episode  192 - Reward: -2.000, Length: 40, Loss: 0.2057, Epsilon: 0.100
2026-03-17 03:15:31 | INFO | Episode  193 - Reward: -7.700, Length: 40, Loss: 0.1119, Epsilon: 0.100
2026-03-17 03:15:32 | INFO | Episode  194 - Reward: -2.300, Length: 40, Loss: 0.1737, Epsilon: 0.100
2026-03-17 03:15:34 | INFO | Episode  195 - Reward: -2.450, Length: 40, Loss: 0.1399, Epsilon: 0.100
2026-03-17 03:15:34 | INFO | Episode  196 - Reward: -7.100, Length: 40, Loss: 0.1348, Epsilon: 0.100
2026-03-17 03:15:35 | INFO | Episode  197 - Reward: -6.950, Length: 40, Loss: 0.0969, Epsilon: 0.100
2026-03-17 03:15:36 | INFO | Episode  198 - Reward: -2.300, Length: 40, Loss: 0.1807, Epsilon: 0.100
2026-03-17 03:15:37 | INFO | Episode  199 - Reward: -5.750, Length: 40, Loss: 0.1106, Epsilon: 0.100
2026-03-17 03:15:38 | INFO | Episode  200 - Reward: -6.650, Length: 40, Loss: 0.0971, Epsilon: 0.100
2026-03-17 03:15:54 | INFO | [Episode  200] eps=0.100  avg_reward=  -4.730  avg_length= 40.00  avg_loss=  0.2492  eval_success=0.000
2026-03-17 03:15:55 | INFO | Episode  201 - Reward: -2.300, Length: 40, Loss: 0.0320, Epsilon: 0.100
2026-03-17 03:15:56 | INFO | Episode  202 - Reward: -7.550, Length: 40, Loss: 0.0807, Epsilon: 0.100
2026-03-17 03:15:57 | INFO | Episode  203 - Reward: -2.900, Length: 40, Loss: 0.1514, Epsilon: 0.100
2026-03-17 03:15:59 | INFO | Episode  204 - Reward: -2.900, Length: 40, Loss: 0.0044, Epsilon: 0.100
2026-03-17 03:16:00 | INFO | Episode  205 - Reward: -5.750, Length: 40, Loss: 0.0524, Epsilon: 0.100
2026-03-17 03:16:01 | INFO | Episode  206 - Reward: -2.300, Length: 40, Loss: 0.0800, Epsilon: 0.100
2026-03-17 03:16:02 | INFO | Episode  207 - Reward: -25.550, Length: 40, Loss: 0.0045, Epsilon: 0.100
2026-03-17 03:16:03 | INFO | Episode  208 - Reward: -2.000, Length: 40, Loss: 0.0798, Epsilon: 0.100
2026-03-17 03:16:04 | INFO | Episode  209 - Reward: -2.150, Length: 40, Loss: 0.0469, Epsilon: 0.100
2026-03-17 03:16:04 | INFO | Episode  210 - Reward: -7.550, Length: 40, Loss: 0.0967, Epsilon: 0.100
2026-03-17 03:16:06 | INFO | Episode  211 - Reward: -2.150, Length: 40, Loss: 0.0258, Epsilon: 0.100
2026-03-17 03:16:07 | INFO | Episode  212 - Reward: -2.600, Length: 40, Loss: 0.0628, Epsilon: 0.100
2026-03-17 03:16:08 | INFO | Episode  213 - Reward: -6.800, Length: 40, Loss: 0.0477, Epsilon: 0.100
2026-03-17 03:16:09 | INFO | Episode  214 - Reward: -2.000, Length: 40, Loss: 0.0602, Epsilon: 0.100
2026-03-17 03:16:10 | INFO | Episode  215 - Reward: -2.300, Length: 40, Loss: 0.0977, Epsilon: 0.100
2026-03-17 03:16:11 | INFO | Episode  216 - Reward: -2.000, Length: 40, Loss: 0.0709, Epsilon: 0.100
2026-03-17 03:16:12 | INFO | Episode  217 - Reward: -7.100, Length: 40, Loss: 0.0183, Epsilon: 0.100
2026-03-17 03:16:14 | INFO | Episode  218 - Reward: -3.050, Length: 40, Loss: 0.0525, Epsilon: 0.100
2026-03-17 03:16:15 | INFO | Episode  219 - Reward: -2.600, Length: 40, Loss: 0.0793, Epsilon: 0.100
2026-03-17 03:16:16 | INFO | Episode  220 - Reward: -7.850, Length: 40, Loss: 0.0647, Epsilon: 0.100
2026-03-17 03:16:17 | INFO | Episode  221 - Reward: -3.950, Length: 40, Loss: 0.0689, Epsilon: 0.100
2026-03-17 03:16:18 | INFO | Episode  222 - Reward: -4.850, Length: 40, Loss: 0.0548, Epsilon: 0.100
2026-03-17 03:16:19 | INFO | Episode  223 - Reward: -2.150, Length: 40, Loss: 0.0785, Epsilon: 0.100
2026-03-17 03:16:20 | INFO | Episode  224 - Reward: -5.750, Length: 40, Loss: 0.0554, Epsilon: 0.100
2026-03-17 03:16:21 | INFO | Episode  225 - Reward: -5.150, Length: 40, Loss: 0.0347, Epsilon: 0.100
2026-03-17 03:16:23 | INFO | Episode  226 - Reward: -3.350, Length: 40, Loss: 0.0554, Epsilon: 0.100
2026-03-17 03:16:24 | INFO | Episode  227 - Reward: -2.150, Length: 40, Loss: 0.0339, Epsilon: 0.100
2026-03-17 03:16:25 | INFO | Episode  228 - Reward: -5.000, Length: 40, Loss: 0.0525, Epsilon: 0.100
2026-03-17 03:16:26 | INFO | Episode  229 - Reward: -6.350, Length: 40, Loss: 0.0451, Epsilon: 0.100
2026-03-17 03:16:27 | INFO | Episode  230 - Reward: -2.000, Length: 40, Loss: 0.0495, Epsilon: 0.100
2026-03-17 03:16:28 | INFO | Episode  231 - Reward: -2.150, Length: 40, Loss: 0.0256, Epsilon: 0.100
2026-03-17 03:16:30 | INFO | Episode  232 - Reward: -2.150, Length: 40, Loss: 0.0347, Epsilon: 0.100
2026-03-17 03:16:31 | INFO | Episode  233 - Reward: -6.050, Length: 40, Loss: 0.0419, Epsilon: 0.100
2026-03-17 03:16:32 | INFO | Episode  234 - Reward: -7.700, Length: 40, Loss: 0.0327, Epsilon: 0.100
2026-03-17 03:16:33 | INFO | Episode  235 - Reward: -2.300, Length: 40, Loss: 0.0440, Epsilon: 0.100
2026-03-17 03:16:34 | INFO | Episode  236 - Reward: -3.950, Length: 40, Loss: 0.0182, Epsilon: 0.100
2026-03-17 03:16:35 | INFO | Episode  237 - Reward: -2.450, Length: 40, Loss: 0.0184, Epsilon: 0.100
2026-03-17 03:16:36 | INFO | Episode  238 - Reward: -2.000, Length: 40, Loss: 0.0314, Epsilon: 0.100
2026-03-17 03:16:37 | INFO | Episode  239 - Reward: -2.150, Length: 40, Loss: 0.0156, Epsilon: 0.100
2026-03-17 03:16:38 | INFO | Episode  240 - Reward: -2.000, Length: 40, Loss: 0.0116, Epsilon: 0.100
2026-03-17 03:16:39 | INFO | Episode  241 - Reward: -2.450, Length: 40, Loss: 0.0325, Epsilon: 0.100
2026-03-17 03:16:39 | INFO | Episode  242 - Reward: -2.450, Length: 40, Loss: 0.0344, Epsilon: 0.100
2026-03-17 03:16:40 | INFO | Episode  243 - Reward: -2.300, Length: 40, Loss: 0.0154, Epsilon: 0.100
2026-03-17 03:16:41 | INFO | Episode  244 - Reward: -2.450, Length: 40, Loss: 0.0321, Epsilon: 0.100
2026-03-17 03:16:42 | INFO | Episode  245 - Reward: -2.300, Length: 40, Loss: 0.0242, Epsilon: 0.100
2026-03-17 03:16:43 | INFO | Episode  246 - Reward: -2.150, Length: 40, Loss: 0.0300, Epsilon: 0.100
2026-03-17 03:16:44 | INFO | Episode  247 - Reward: -2.300, Length: 40, Loss: 0.0066, Epsilon: 0.100
2026-03-17 03:16:45 | INFO | Episode  248 - Reward: -2.150, Length: 40, Loss: 0.0273, Epsilon: 0.100
2026-03-17 03:16:46 | INFO | Episode  249 - Reward: -3.050, Length: 40, Loss: 0.0091, Epsilon: 0.100
2026-03-17 03:16:47 | INFO | Episode  250 - Reward: -5.150, Length: 40, Loss: 0.0084, Epsilon: 0.100
2026-03-17 03:16:59 | INFO | [Episode  250] eps=0.100  avg_reward=  -3.995  avg_length= 40.00  avg_loss=  0.0446  eval_success=0.000
