2026-03-17 03:04:47 | INFO | ============================================================
2026-03-17 03:04:47 | INFO | DEVICE / COMPUTE INFORMATION
2026-03-17 03:04:47 | INFO |   JAX backend       : GPU
2026-03-17 03:04:47 | INFO |   Platform          : gpu
2026-03-17 03:04:47 | INFO |   Num devices       : 1
2026-03-17 03:04:47 | INFO |   Device            : cuda:0
2026-03-17 03:04:47 | INFO |   GPU name          : NVIDIA GeForce RTX 5060 Laptop GPU
2026-03-17 03:04:47 | INFO | ============================================================
2026-03-17 03:04:47 | INFO | ✓ JAX GPU backend confirmed.
2026-03-17 03:04:48 | INFO | DQN seed=1_gamma=0.9_lr=0.001
2026-03-17 03:04:50 | INFO | Episode    1 - Reward: 6.450, Length: 36, Loss: 0.0000, Epsilon: 0.991
2026-03-17 03:04:51 | INFO | Episode    2 - Reward: -4.850, Length: 40, Loss: 0.0000, Epsilon: 0.982
2026-03-17 03:04:56 | INFO | Episode    3 - Reward: -5.000, Length: 40, Loss: 0.0322, Epsilon: 0.973
2026-03-17 03:04:57 | INFO | Episode    4 - Reward: -4.400, Length: 40, Loss: 1.6289, Epsilon: 0.964
2026-03-17 03:04:58 | INFO | Episode    5 - Reward: -5.000, Length: 40, Loss: 0.8178, Epsilon: 0.955
2026-03-17 03:04:59 | INFO | Episode    6 - Reward: 8.150, Length: 20, Loss: 1.6070, Epsilon: 0.946
2026-03-17 03:05:01 | INFO | Episode    7 - Reward: -5.600, Length: 40, Loss: 0.8107, Epsilon: 0.937
2026-03-17 03:05:02 | INFO | Episode    8 - Reward: -5.600, Length: 40, Loss: 0.8098, Epsilon: 0.928
2026-03-17 03:05:03 | INFO | Episode    9 - Reward: 4.600, Length: 37, Loss: 0.8379, Epsilon: 0.919
2026-03-17 03:05:04 | INFO | Episode   10 - Reward: -4.550, Length: 40, Loss: 0.8008, Epsilon: 0.910
2026-03-17 03:05:05 | INFO | Episode   11 - Reward: -6.950, Length: 40, Loss: 0.0153, Epsilon: 0.901
2026-03-17 03:05:06 | INFO | Episode   12 - Reward: -6.650, Length: 40, Loss: 1.6325, Epsilon: 0.892
2026-03-17 03:05:06 | INFO | Episode   13 - Reward: -4.400, Length: 40, Loss: 0.8580, Epsilon: 0.883
2026-03-17 03:05:07 | INFO | Episode   14 - Reward: -5.750, Length: 40, Loss: 0.0129, Epsilon: 0.874
2026-03-17 03:05:09 | INFO | Episode   15 - Reward: 4.900, Length: 34, Loss: 0.0409, Epsilon: 0.865
2026-03-17 03:05:10 | INFO | Episode   16 - Reward: -4.700, Length: 40, Loss: 0.0735, Epsilon: 0.856
2026-03-17 03:05:11 | INFO | Episode   17 - Reward: -5.150, Length: 40, Loss: 1.6570, Epsilon: 0.847
2026-03-17 03:05:12 | INFO | Episode   18 - Reward: -4.400, Length: 40, Loss: 0.7937, Epsilon: 0.838
2026-03-17 03:05:13 | INFO | Episode   19 - Reward: -5.450, Length: 40, Loss: 0.0719, Epsilon: 0.829
2026-03-17 03:05:14 | INFO | Episode   20 - Reward: -8.450, Length: 40, Loss: 0.8639, Epsilon: 0.820
2026-03-17 03:05:15 | INFO | Episode   21 - Reward: -7.400, Length: 40, Loss: 0.8221, Epsilon: 0.811
2026-03-17 03:05:16 | INFO | Episode   22 - Reward: -3.500, Length: 40, Loss: 0.0115, Epsilon: 0.802
2026-03-17 03:05:17 | INFO | Episode   23 - Reward: -7.700, Length: 40, Loss: 0.0407, Epsilon: 0.793
2026-03-17 03:05:18 | INFO | Episode   24 - Reward: 3.850, Length: 25, Loss: 0.8975, Epsilon: 0.784
2026-03-17 03:05:20 | INFO | Episode   25 - Reward: -5.900, Length: 40, Loss: 0.0103, Epsilon: 0.775
2026-03-17 03:05:21 | INFO | Episode   26 - Reward: -3.350, Length: 40, Loss: 0.0092, Epsilon: 0.766
2026-03-17 03:05:22 | INFO | Episode   27 - Reward: -4.400, Length: 40, Loss: 0.0388, Epsilon: 0.757
2026-03-17 03:05:23 | INFO | Episode   28 - Reward: -2.600, Length: 40, Loss: 0.0959, Epsilon: 0.748
2026-03-17 03:05:24 | INFO | Episode   29 - Reward: -6.500, Length: 40, Loss: 0.7899, Epsilon: 0.739
2026-03-17 03:05:25 | INFO | Episode   30 - Reward: -5.150, Length: 40, Loss: 0.0748, Epsilon: 0.730
2026-03-17 03:05:26 | INFO | Episode   31 - Reward: 4.650, Length: 24, Loss: 0.0414, Epsilon: 0.721
2026-03-17 03:05:27 | INFO | Episode   32 - Reward: -6.050, Length: 40, Loss: 0.0405, Epsilon: 0.712
2026-03-17 03:05:28 | INFO | Episode   33 - Reward: -5.300, Length: 40, Loss: 0.8029, Epsilon: 0.703
2026-03-17 03:05:29 | INFO | Episode   34 - Reward: -3.650, Length: 40, Loss: 0.0121, Epsilon: 0.694
2026-03-17 03:05:30 | INFO | Episode   35 - Reward: -3.650, Length: 40, Loss: 0.0658, Epsilon: 0.685
2026-03-17 03:05:31 | INFO | Episode   36 - Reward: -3.350, Length: 40, Loss: 0.8915, Epsilon: 0.676
2026-03-17 03:05:33 | INFO | Episode   37 - Reward: -5.750, Length: 40, Loss: 0.8308, Epsilon: 0.667
2026-03-17 03:05:34 | INFO | Episode   38 - Reward: -3.050, Length: 40, Loss: 0.0666, Epsilon: 0.658
2026-03-17 03:05:35 | INFO | Episode   39 - Reward: -5.300, Length: 40, Loss: 0.0698, Epsilon: 0.649
2026-03-17 03:05:36 | INFO | Episode   40 - Reward: -6.050, Length: 40, Loss: 1.5838, Epsilon: 0.640
2026-03-17 03:05:37 | INFO | Episode   41 - Reward: -2.750, Length: 40, Loss: 0.8881, Epsilon: 0.631
2026-03-17 03:05:37 | INFO | Episode   42 - Reward: -4.550, Length: 40, Loss: 0.0403, Epsilon: 0.622
2026-03-17 03:05:38 | INFO | Episode   43 - Reward: -6.650, Length: 40, Loss: 0.7931, Epsilon: 0.613
2026-03-17 03:05:39 | INFO | Episode   44 - Reward: -7.850, Length: 40, Loss: 0.0094, Epsilon: 0.604
2026-03-17 03:05:40 | INFO | Episode   45 - Reward: -2.750, Length: 40, Loss: 0.0395, Epsilon: 0.595
2026-03-17 03:05:42 | INFO | Episode   46 - Reward: -3.050, Length: 40, Loss: 0.7938, Epsilon: 0.586
2026-03-17 03:05:43 | INFO | Episode   47 - Reward: -11.150, Length: 40, Loss: 0.0684, Epsilon: 0.577
2026-03-17 03:05:44 | INFO | Episode   48 - Reward: -6.350, Length: 40, Loss: 1.5834, Epsilon: 0.568
2026-03-17 03:05:45 | INFO | Episode   49 - Reward: -4.850, Length: 40, Loss: 0.0687, Epsilon: 0.559
2026-03-17 03:05:46 | INFO | Episode   50 - Reward: -8.750, Length: 40, Loss: 0.8932, Epsilon: 0.550
2026-03-17 03:06:03 | INFO | [Episode   50] eps=0.550  avg_reward=  -4.033  avg_length= 38.72  avg_loss=  0.5148  eval_success=0.000
2026-03-17 03:06:04 | INFO | Episode   51 - Reward: -4.850, Length: 40, Loss: 0.0383, Epsilon: 0.541
2026-03-17 03:06:05 | INFO | Episode   52 - Reward: -3.350, Length: 40, Loss: 0.0398, Epsilon: 0.532
2026-03-17 03:06:06 | INFO | Episode   53 - Reward: -6.650, Length: 40, Loss: 0.8955, Epsilon: 0.523
2026-03-17 03:06:07 | INFO | Episode   54 - Reward: -9.350, Length: 40, Loss: 0.0397, Epsilon: 0.514
2026-03-17 03:06:08 | INFO | Episode   55 - Reward: -10.850, Length: 40, Loss: 1.6725, Epsilon: 0.505
2026-03-17 03:06:08 | INFO | Episode   56 - Reward: -2.900, Length: 40, Loss: 0.8305, Epsilon: 0.496
2026-03-17 03:06:10 | INFO | Episode   57 - Reward: -3.050, Length: 40, Loss: 0.1044, Epsilon: 0.487
2026-03-17 03:06:11 | INFO | Episode   58 - Reward: -2.450, Length: 40, Loss: 0.1259, Epsilon: 0.478
2026-03-17 03:06:12 | INFO | Episode   59 - Reward: -5.750, Length: 40, Loss: 0.0718, Epsilon: 0.469
2026-03-17 03:06:13 | INFO | Episode   60 - Reward: -2.450, Length: 40, Loss: 0.8600, Epsilon: 0.460
2026-03-17 03:06:14 | INFO | Episode   61 - Reward: -5.600, Length: 40, Loss: 0.8537, Epsilon: 0.451
2026-03-17 03:06:15 | INFO | Episode   62 - Reward: -5.900, Length: 40, Loss: 0.0964, Epsilon: 0.442
2026-03-17 03:06:16 | INFO | Episode   63 - Reward: -3.350, Length: 40, Loss: 0.0144, Epsilon: 0.433
2026-03-17 03:06:17 | INFO | Episode   64 - Reward: -6.500, Length: 40, Loss: 0.0399, Epsilon: 0.424
2026-03-17 03:06:18 | INFO | Episode   65 - Reward: -6.500, Length: 40, Loss: 1.5882, Epsilon: 0.415
2026-03-17 03:06:19 | INFO | Episode   66 - Reward: -3.350, Length: 40, Loss: 0.0095, Epsilon: 0.406
2026-03-17 03:06:20 | INFO | Episode   67 - Reward: -4.250, Length: 40, Loss: 0.0991, Epsilon: 0.397
2026-03-17 03:06:22 | INFO | Episode   68 - Reward: -6.500, Length: 40, Loss: 0.0435, Epsilon: 0.388
2026-03-17 03:06:23 | INFO | Episode   69 - Reward: -7.400, Length: 40, Loss: 0.8852, Epsilon: 0.379
2026-03-17 03:06:24 | INFO | Episode   70 - Reward: -5.900, Length: 40, Loss: 0.8602, Epsilon: 0.370
2026-03-17 03:06:25 | INFO | Episode   71 - Reward: -12.500, Length: 40, Loss: 0.1011, Epsilon: 0.361
2026-03-17 03:06:26 | INFO | Episode   72 - Reward: -5.450, Length: 40, Loss: 0.1602, Epsilon: 0.352
2026-03-17 03:06:27 | INFO | Episode   73 - Reward: -7.400, Length: 40, Loss: 0.1262, Epsilon: 0.343
2026-03-17 03:06:28 | INFO | Episode   74 - Reward: -6.950, Length: 40, Loss: 0.8892, Epsilon: 0.334
2026-03-17 03:06:29 | INFO | Episode   75 - Reward: -5.900, Length: 40, Loss: 0.0119, Epsilon: 0.325
2026-03-17 03:06:30 | INFO | Episode   76 - Reward: -2.600, Length: 40, Loss: 0.0686, Epsilon: 0.316
2026-03-17 03:06:32 | INFO | Episode   77 - Reward: -3.050, Length: 40, Loss: 0.0978, Epsilon: 0.307
2026-03-17 03:06:33 | INFO | Episode   78 - Reward: -2.750, Length: 40, Loss: 0.8283, Epsilon: 0.298
2026-03-17 03:06:34 | INFO | Episode   79 - Reward: -2.450, Length: 40, Loss: 0.1271, Epsilon: 0.289
2026-03-17 03:06:35 | INFO | Episode   80 - Reward: -2.750, Length: 40, Loss: 0.0394, Epsilon: 0.280
2026-03-17 03:06:36 | INFO | Episode   81 - Reward: -2.750, Length: 40, Loss: 0.0367, Epsilon: 0.271
2026-03-17 03:06:37 | INFO | Episode   82 - Reward: -2.450, Length: 40, Loss: 0.1005, Epsilon: 0.262
2026-03-17 03:06:38 | INFO | Episode   83 - Reward: -2.450, Length: 40, Loss: 0.0116, Epsilon: 0.253
2026-03-17 03:06:39 | INFO | Episode   84 - Reward: -2.450, Length: 40, Loss: 0.1266, Epsilon: 0.244
2026-03-17 03:06:40 | INFO | Episode   85 - Reward: -2.750, Length: 40, Loss: 0.0380, Epsilon: 0.235
2026-03-17 03:06:41 | INFO | Episode   86 - Reward: -2.000, Length: 40, Loss: 0.1325, Epsilon: 0.226
2026-03-17 03:06:41 | INFO | Episode   87 - Reward: -2.000, Length: 40, Loss: 0.0083, Epsilon: 0.217
2026-03-17 03:06:42 | INFO | Episode   88 - Reward: -2.300, Length: 40, Loss: 0.0651, Epsilon: 0.208
2026-03-17 03:06:43 | INFO | Episode   89 - Reward: -2.450, Length: 40, Loss: 0.0655, Epsilon: 0.199
2026-03-17 03:06:44 | INFO | Episode   90 - Reward: -3.500, Length: 40, Loss: 0.0383, Epsilon: 0.190
2026-03-17 03:06:45 | INFO | Episode   91 - Reward: -4.850, Length: 40, Loss: 0.0101, Epsilon: 0.181
2026-03-17 03:06:46 | INFO | Episode   92 - Reward: -2.600, Length: 40, Loss: 0.0128, Epsilon: 0.172
2026-03-17 03:06:47 | INFO | Episode   93 - Reward: -2.450, Length: 40, Loss: 0.0662, Epsilon: 0.163
2026-03-17 03:06:47 | INFO | Episode   94 - Reward: -2.600, Length: 40, Loss: 0.0656, Epsilon: 0.154
2026-03-17 03:06:48 | INFO | Episode   95 - Reward: -2.000, Length: 40, Loss: 0.0410, Epsilon: 0.145
2026-03-17 03:06:49 | INFO | Episode   96 - Reward: -2.150, Length: 40, Loss: 0.0121, Epsilon: 0.136
2026-03-17 03:06:50 | INFO | Episode   97 - Reward: -2.300, Length: 40, Loss: 0.0422, Epsilon: 0.127
2026-03-17 03:06:51 | INFO | Episode   98 - Reward: -2.150, Length: 40, Loss: 0.0087, Epsilon: 0.118
2026-03-17 03:06:52 | INFO | Episode   99 - Reward: -2.300, Length: 40, Loss: 0.0943, Epsilon: 0.109
2026-03-17 03:06:53 | INFO | Episode  100 - Reward: -2.150, Length: 40, Loss: 0.0644, Epsilon: 0.100
2026-03-17 03:07:05 | INFO | [Episode  100] eps=0.100  avg_reward=  -4.187  avg_length= 40.00  avg_loss=  0.2532  eval_success=0.000
2026-03-17 03:07:06 | INFO | Episode  101 - Reward: -2.150, Length: 40, Loss: 0.0381, Epsilon: 0.100
2026-03-17 03:07:07 | INFO | Episode  102 - Reward: -2.150, Length: 40, Loss: 0.0968, Epsilon: 0.100
2026-03-17 03:07:08 | INFO | Episode  103 - Reward: -5.450, Length: 40, Loss: 0.0670, Epsilon: 0.100
2026-03-17 03:07:09 | INFO | Episode  104 - Reward: -2.150, Length: 40, Loss: 0.0652, Epsilon: 0.100
2026-03-17 03:07:09 | INFO | Episode  105 - Reward: -2.600, Length: 40, Loss: 0.0372, Epsilon: 0.100
2026-03-17 03:07:10 | INFO | Episode  106 - Reward: -2.150, Length: 40, Loss: 0.0937, Epsilon: 0.100
2026-03-17 03:07:11 | INFO | Episode  107 - Reward: -2.300, Length: 40, Loss: 0.0353, Epsilon: 0.100
2026-03-17 03:07:11 | INFO | Episode  108 - Reward: -5.750, Length: 40, Loss: 0.0675, Epsilon: 0.100
2026-03-17 03:07:12 | INFO | Episode  109 - Reward: -5.900, Length: 40, Loss: 0.1188, Epsilon: 0.100
2026-03-17 03:07:13 | INFO | Episode  110 - Reward: -2.450, Length: 40, Loss: 0.0383, Epsilon: 0.100
2026-03-17 03:07:14 | INFO | Episode  111 - Reward: -2.150, Length: 40, Loss: 0.0968, Epsilon: 0.100
2026-03-17 03:07:14 | INFO | Episode  112 - Reward: -4.550, Length: 40, Loss: 0.0994, Epsilon: 0.100
2026-03-17 03:07:15 | INFO | Episode  113 - Reward: -7.100, Length: 40, Loss: 0.0942, Epsilon: 0.100
2026-03-17 03:07:16 | INFO | Episode  114 - Reward: -7.550, Length: 40, Loss: 0.0085, Epsilon: 0.100
2026-03-17 03:07:17 | INFO | Episode  115 - Reward: -5.000, Length: 40, Loss: 0.0075, Epsilon: 0.100
2026-03-17 03:07:18 | INFO | Episode  116 - Reward: -7.250, Length: 40, Loss: 0.0103, Epsilon: 0.100
2026-03-17 03:07:19 | INFO | Episode  117 - Reward: -7.250, Length: 40, Loss: 0.0074, Epsilon: 0.100
2026-03-17 03:07:20 | INFO | Episode  118 - Reward: -7.550, Length: 40, Loss: 0.0677, Epsilon: 0.100
2026-03-17 03:07:21 | INFO | Episode  119 - Reward: -7.550, Length: 40, Loss: 0.0093, Epsilon: 0.100
2026-03-17 03:07:21 | INFO | Episode  120 - Reward: -7.550, Length: 40, Loss: 0.0106, Epsilon: 0.100
2026-03-17 03:07:22 | INFO | Episode  121 - Reward: -7.550, Length: 40, Loss: 0.0102, Epsilon: 0.100
2026-03-17 03:07:23 | INFO | Episode  122 - Reward: -7.550, Length: 40, Loss: 0.0104, Epsilon: 0.100
2026-03-17 03:07:24 | INFO | Episode  123 - Reward: -6.950, Length: 40, Loss: 0.0090, Epsilon: 0.100
2026-03-17 03:07:25 | INFO | Episode  124 - Reward: -6.650, Length: 40, Loss: 0.0384, Epsilon: 0.100
2026-03-17 03:07:26 | INFO | Episode  125 - Reward: -6.050, Length: 40, Loss: 0.0689, Epsilon: 0.100
2026-03-17 03:07:27 | INFO | Episode  126 - Reward: -6.650, Length: 40, Loss: 0.0116, Epsilon: 0.100
2026-03-17 03:07:28 | INFO | Episode  127 - Reward: -2.150, Length: 40, Loss: 0.0125, Epsilon: 0.100
2026-03-17 03:07:28 | INFO | Episode  128 - Reward: -2.150, Length: 40, Loss: 0.0386, Epsilon: 0.100
2026-03-17 03:07:29 | INFO | Episode  129 - Reward: -2.000, Length: 40, Loss: 0.0119, Epsilon: 0.100
2026-03-17 03:07:30 | INFO | Episode  130 - Reward: -3.050, Length: 40, Loss: 0.0681, Epsilon: 0.100
2026-03-17 03:07:31 | INFO | Episode  131 - Reward: -6.650, Length: 40, Loss: 0.0093, Epsilon: 0.100
2026-03-17 03:07:32 | INFO | Episode  132 - Reward: -2.450, Length: 40, Loss: 0.0109, Epsilon: 0.100
2026-03-17 03:07:33 | INFO | Episode  133 - Reward: -3.800, Length: 40, Loss: 0.0115, Epsilon: 0.100
2026-03-17 03:07:34 | INFO | Episode  134 - Reward: -2.300, Length: 40, Loss: 0.0372, Epsilon: 0.100
2026-03-17 03:07:35 | INFO | Episode  135 - Reward: -2.000, Length: 40, Loss: 0.0105, Epsilon: 0.100
2026-03-17 03:07:36 | INFO | Episode  136 - Reward: -5.150, Length: 40, Loss: 0.0105, Epsilon: 0.100
2026-03-17 03:07:38 | INFO | Episode  137 - Reward: -2.450, Length: 40, Loss: 0.0106, Epsilon: 0.100
2026-03-17 03:07:39 | INFO | Episode  138 - Reward: -2.300, Length: 40, Loss: 0.0086, Epsilon: 0.100
2026-03-17 03:07:40 | INFO | Episode  139 - Reward: -4.550, Length: 40, Loss: 0.0081, Epsilon: 0.100
2026-03-17 03:07:41 | INFO | Episode  140 - Reward: -2.600, Length: 40, Loss: 0.0098, Epsilon: 0.100
2026-03-17 03:07:42 | INFO | Episode  141 - Reward: -2.150, Length: 40, Loss: 0.0089, Epsilon: 0.100
2026-03-17 03:07:42 | INFO | Episode  142 - Reward: -3.950, Length: 40, Loss: 0.0093, Epsilon: 0.100
2026-03-17 03:07:44 | INFO | Episode  143 - Reward: -2.600, Length: 40, Loss: 0.0096, Epsilon: 0.100
2026-03-17 03:07:45 | INFO | Episode  144 - Reward: -2.450, Length: 40, Loss: 0.0099, Epsilon: 0.100
2026-03-17 03:07:46 | INFO | Episode  145 - Reward: -2.150, Length: 40, Loss: 0.0103, Epsilon: 0.100
2026-03-17 03:07:47 | INFO | Episode  146 - Reward: -2.450, Length: 40, Loss: 0.0077, Epsilon: 0.100
2026-03-17 03:07:48 | INFO | Episode  147 - Reward: -2.450, Length: 40, Loss: 0.0108, Epsilon: 0.100
2026-03-17 03:07:49 | INFO | Episode  148 - Reward: -2.150, Length: 40, Loss: 0.0103, Epsilon: 0.100
2026-03-17 03:07:50 | INFO | Episode  149 - Reward: -3.950, Length: 40, Loss: 0.0106, Epsilon: 0.100
2026-03-17 03:07:51 | INFO | Episode  150 - Reward: -2.450, Length: 40, Loss: 0.0076, Epsilon: 0.100
2026-03-17 03:08:07 | INFO | [Episode  150] eps=0.100  avg_reward=  -4.166  avg_length= 40.00  avg_loss=  0.0314  eval_success=0.000
2026-03-17 03:08:08 | INFO | Episode  151 - Reward: -2.450, Length: 40, Loss: 0.0096, Epsilon: 0.100
2026-03-17 03:08:09 | INFO | Episode  152 - Reward: -2.300, Length: 40, Loss: 0.0092, Epsilon: 0.100
2026-03-17 03:08:10 | INFO | Episode  153 - Reward: -2.150, Length: 40, Loss: 0.0096, Epsilon: 0.100
2026-03-17 03:08:11 | INFO | Episode  154 - Reward: -3.950, Length: 40, Loss: 0.0111, Epsilon: 0.100
2026-03-17 03:08:12 | INFO | Episode  155 - Reward: -2.600, Length: 40, Loss: 0.0112, Epsilon: 0.100
2026-03-17 03:08:13 | INFO | Episode  156 - Reward: -3.350, Length: 40, Loss: 0.0113, Epsilon: 0.100
2026-03-17 03:08:14 | INFO | Episode  157 - Reward: -2.450, Length: 40, Loss: 0.0096, Epsilon: 0.100
2026-03-17 03:08:15 | INFO | Episode  158 - Reward: -3.650, Length: 40, Loss: 0.0097, Epsilon: 0.100
2026-03-17 03:08:16 | INFO | Episode  159 - Reward: -6.350, Length: 40, Loss: 0.0096, Epsilon: 0.100
2026-03-17 03:08:17 | INFO | Episode  160 - Reward: -2.750, Length: 40, Loss: 0.0093, Epsilon: 0.100
2026-03-17 03:08:18 | INFO | Episode  161 - Reward: -2.450, Length: 40, Loss: 0.0089, Epsilon: 0.100
2026-03-17 03:08:19 | INFO | Episode  162 - Reward: -2.900, Length: 40, Loss: 0.0101, Epsilon: 0.100
2026-03-17 03:08:20 | INFO | Episode  163 - Reward: -4.850, Length: 40, Loss: 0.0120, Epsilon: 0.100
2026-03-17 03:08:21 | INFO | Episode  164 - Reward: -5.150, Length: 40, Loss: 0.0098, Epsilon: 0.100
2026-03-17 03:08:23 | INFO | Episode  165 - Reward: -7.550, Length: 40, Loss: 0.0105, Epsilon: 0.100
2026-03-17 03:08:24 | INFO | Episode  166 - Reward: -2.600, Length: 40, Loss: 0.0104, Epsilon: 0.100
2026-03-17 03:08:25 | INFO | Episode  167 - Reward: -2.300, Length: 40, Loss: 0.0121, Epsilon: 0.100
2026-03-17 03:08:26 | INFO | Episode  168 - Reward: -4.550, Length: 40, Loss: 0.0116, Epsilon: 0.100
2026-03-17 03:08:27 | INFO | Episode  169 - Reward: -2.300, Length: 40, Loss: 0.0108, Epsilon: 0.100
2026-03-17 03:08:28 | INFO | Episode  170 - Reward: -3.650, Length: 40, Loss: 0.0115, Epsilon: 0.100
2026-03-17 03:08:29 | INFO | Episode  171 - Reward: -7.250, Length: 40, Loss: 0.0118, Epsilon: 0.100
2026-03-17 03:08:30 | INFO | Episode  172 - Reward: -2.150, Length: 40, Loss: 0.0117, Epsilon: 0.100
2026-03-17 03:08:31 | INFO | Episode  173 - Reward: -2.300, Length: 40, Loss: 0.0137, Epsilon: 0.100
2026-03-17 03:08:32 | INFO | Episode  174 - Reward: -7.550, Length: 40, Loss: 0.0101, Epsilon: 0.100
2026-03-17 03:08:34 | INFO | Episode  175 - Reward: -2.000, Length: 40, Loss: 0.0105, Epsilon: 0.100
2026-03-17 03:08:35 | INFO | Episode  176 - Reward: -2.150, Length: 40, Loss: 0.0114, Epsilon: 0.100
2026-03-17 03:08:36 | INFO | Episode  177 - Reward: -2.150, Length: 40, Loss: 0.0089, Epsilon: 0.100
2026-03-17 03:08:37 | INFO | Episode  178 - Reward: -4.250, Length: 40, Loss: 0.0114, Epsilon: 0.100
2026-03-17 03:08:38 | INFO | Episode  179 - Reward: -2.150, Length: 40, Loss: 0.0111, Epsilon: 0.100
2026-03-17 03:08:39 | INFO | Episode  180 - Reward: -2.000, Length: 40, Loss: 0.0107, Epsilon: 0.100
2026-03-17 03:08:41 | INFO | Episode  181 - Reward: -2.300, Length: 40, Loss: 0.0105, Epsilon: 0.100
2026-03-17 03:08:42 | INFO | Episode  182 - Reward: -2.450, Length: 40, Loss: 0.0098, Epsilon: 0.100
2026-03-17 03:08:43 | INFO | Episode  183 - Reward: -2.600, Length: 40, Loss: 0.0113, Epsilon: 0.100
2026-03-17 03:08:44 | INFO | Episode  184 - Reward: -2.450, Length: 40, Loss: 0.0130, Epsilon: 0.100
2026-03-17 03:08:45 | INFO | Episode  185 - Reward: -2.000, Length: 40, Loss: 0.0073, Epsilon: 0.100
2026-03-17 03:08:45 | INFO | Episode  186 - Reward: -2.150, Length: 40, Loss: 0.0089, Epsilon: 0.100
2026-03-17 03:08:46 | INFO | Episode  187 - Reward: -2.600, Length: 40, Loss: 0.0091, Epsilon: 0.100
2026-03-17 03:08:48 | INFO | Episode  188 - Reward: -2.450, Length: 40, Loss: 0.0074, Epsilon: 0.100
2026-03-17 03:08:49 | INFO | Episode  189 - Reward: -2.300, Length: 40, Loss: 0.0084, Epsilon: 0.100
2026-03-17 03:08:50 | INFO | Episode  190 - Reward: -2.000, Length: 40, Loss: 0.0082, Epsilon: 0.100
2026-03-17 03:08:51 | INFO | Episode  191 - Reward: -2.600, Length: 40, Loss: 0.0087, Epsilon: 0.100
2026-03-17 03:08:52 | INFO | Episode  192 - Reward: -2.000, Length: 40, Loss: 0.0075, Epsilon: 0.100
2026-03-17 03:08:53 | INFO | Episode  193 - Reward: -2.150, Length: 40, Loss: 0.0077, Epsilon: 0.100
2026-03-17 03:08:54 | INFO | Episode  194 - Reward: -2.600, Length: 40, Loss: 0.0071, Epsilon: 0.100
2026-03-17 03:08:55 | INFO | Episode  195 - Reward: -2.450, Length: 40, Loss: 0.0089, Epsilon: 0.100
2026-03-17 03:08:57 | INFO | Episode  196 - Reward: -2.150, Length: 40, Loss: 0.0070, Epsilon: 0.100
2026-03-17 03:08:58 | INFO | Episode  197 - Reward: -2.300, Length: 40, Loss: 0.0077, Epsilon: 0.100
2026-03-17 03:08:59 | INFO | Episode  198 - Reward: -2.750, Length: 40, Loss: 0.0079, Epsilon: 0.100
2026-03-17 03:09:00 | INFO | Episode  199 - Reward: -2.150, Length: 40, Loss: 0.0075, Epsilon: 0.100
2026-03-17 03:09:01 | INFO | Episode  200 - Reward: -2.150, Length: 40, Loss: 0.0090, Epsilon: 0.100
2026-03-17 03:09:16 | INFO | [Episode  200] eps=0.100  avg_reward=  -3.017  avg_length= 40.00  avg_loss=  0.0098  eval_success=0.000
2026-03-17 03:09:17 | INFO | Episode  201 - Reward: -2.300, Length: 40, Loss: 0.0073, Epsilon: 0.100
2026-03-17 03:09:19 | INFO | Episode  202 - Reward: -2.150, Length: 40, Loss: 0.0073, Epsilon: 0.100
2026-03-17 03:09:20 | INFO | Episode  203 - Reward: -2.300, Length: 40, Loss: 0.0088, Epsilon: 0.100
2026-03-17 03:09:21 | INFO | Episode  204 - Reward: -2.750, Length: 40, Loss: 0.0069, Epsilon: 0.100
2026-03-17 03:09:22 | INFO | Episode  205 - Reward: -2.600, Length: 40, Loss: 0.0075, Epsilon: 0.100
2026-03-17 03:09:23 | INFO | Episode  206 - Reward: -2.150, Length: 40, Loss: 0.0068, Epsilon: 0.100
2026-03-17 03:09:24 | INFO | Episode  207 - Reward: -2.450, Length: 40, Loss: 0.0077, Epsilon: 0.100
2026-03-17 03:09:26 | INFO | Episode  208 - Reward: -2.150, Length: 40, Loss: 0.0084, Epsilon: 0.100
2026-03-17 03:09:27 | INFO | Episode  209 - Reward: -2.150, Length: 40, Loss: 0.0074, Epsilon: 0.100
2026-03-17 03:09:28 | INFO | Episode  210 - Reward: -2.150, Length: 40, Loss: 0.0071, Epsilon: 0.100
2026-03-17 03:09:29 | INFO | Episode  211 - Reward: -2.300, Length: 40, Loss: 0.0064, Epsilon: 0.100
2026-03-17 03:09:30 | INFO | Episode  212 - Reward: -2.600, Length: 40, Loss: 0.0063, Epsilon: 0.100
2026-03-17 03:09:31 | INFO | Episode  213 - Reward: -2.600, Length: 40, Loss: 0.0059, Epsilon: 0.100
2026-03-17 03:09:32 | INFO | Episode  214 - Reward: -2.150, Length: 40, Loss: 0.0068, Epsilon: 0.100
2026-03-17 03:09:33 | INFO | Episode  215 - Reward: -2.450, Length: 40, Loss: 0.0079, Epsilon: 0.100
2026-03-17 03:09:35 | INFO | Episode  216 - Reward: -2.300, Length: 40, Loss: 0.0071, Epsilon: 0.100
2026-03-17 03:09:36 | INFO | Episode  217 - Reward: -2.150, Length: 40, Loss: 0.0056, Epsilon: 0.100
2026-03-17 03:09:37 | INFO | Episode  218 - Reward: -2.150, Length: 40, Loss: 0.0070, Epsilon: 0.100
2026-03-17 03:09:38 | INFO | Episode  219 - Reward: -2.600, Length: 40, Loss: 0.0067, Epsilon: 0.100
2026-03-17 03:09:39 | INFO | Episode  220 - Reward: -2.150, Length: 40, Loss: 0.0052, Epsilon: 0.100
2026-03-17 03:09:40 | INFO | Episode  221 - Reward: -2.600, Length: 40, Loss: 0.0061, Epsilon: 0.100
2026-03-17 03:09:42 | INFO | Episode  222 - Reward: -2.450, Length: 40, Loss: 0.0069, Epsilon: 0.100
2026-03-17 03:09:43 | INFO | Episode  223 - Reward: -2.000, Length: 40, Loss: 0.0078, Epsilon: 0.100
2026-03-17 03:09:44 | INFO | Episode  224 - Reward: -2.150, Length: 40, Loss: 0.0062, Epsilon: 0.100
2026-03-17 03:09:45 | INFO | Episode  225 - Reward: -5.000, Length: 40, Loss: 0.0059, Epsilon: 0.100
2026-03-17 03:09:46 | INFO | Episode  226 - Reward: -3.200, Length: 40, Loss: 0.0061, Epsilon: 0.100
2026-03-17 03:09:47 | INFO | Episode  227 - Reward: -2.000, Length: 40, Loss: 0.0068, Epsilon: 0.100
2026-03-17 03:09:48 | INFO | Episode  228 - Reward: -3.500, Length: 40, Loss: 0.0065, Epsilon: 0.100
2026-03-17 03:09:49 | INFO | Episode  229 - Reward: -2.300, Length: 40, Loss: 0.0068, Epsilon: 0.100
2026-03-17 03:09:50 | INFO | Episode  230 - Reward: -2.000, Length: 40, Loss: 0.0059, Epsilon: 0.100
2026-03-17 03:09:51 | INFO | Episode  231 - Reward: -2.000, Length: 40, Loss: 0.0061, Epsilon: 0.100
2026-03-17 03:09:52 | INFO | Episode  232 - Reward: -6.800, Length: 40, Loss: 0.0073, Epsilon: 0.100
2026-03-17 03:09:53 | INFO | Episode  233 - Reward: -7.400, Length: 40, Loss: 0.0068, Epsilon: 0.100
2026-03-17 03:09:54 | INFO | Episode  234 - Reward: -6.800, Length: 40, Loss: 0.0077, Epsilon: 0.100
2026-03-17 03:09:55 | INFO | Episode  235 - Reward: -6.500, Length: 40, Loss: 0.0072, Epsilon: 0.100
2026-03-17 03:09:57 | INFO | Episode  236 - Reward: -7.400, Length: 40, Loss: 0.0052, Epsilon: 0.100
2026-03-17 03:09:58 | INFO | Episode  237 - Reward: -7.100, Length: 40, Loss: 0.0074, Epsilon: 0.100
2026-03-17 03:09:59 | INFO | Episode  238 - Reward: -6.800, Length: 40, Loss: 0.0084, Epsilon: 0.100
2026-03-17 03:10:00 | INFO | Episode  239 - Reward: -6.800, Length: 40, Loss: 0.0076, Epsilon: 0.100
2026-03-17 03:10:01 | INFO | Episode  240 - Reward: -7.100, Length: 40, Loss: 0.0093, Epsilon: 0.100
2026-03-17 03:10:02 | INFO | Episode  241 - Reward: -6.800, Length: 40, Loss: 0.0112, Epsilon: 0.100
2026-03-17 03:10:03 | INFO | Episode  242 - Reward: -6.200, Length: 40, Loss: 0.0105, Epsilon: 0.100
2026-03-17 03:10:03 | INFO | Episode  243 - Reward: -6.500, Length: 40, Loss: 0.0090, Epsilon: 0.100
2026-03-17 03:10:04 | INFO | Episode  244 - Reward: -6.800, Length: 40, Loss: 0.0121, Epsilon: 0.100
2026-03-17 03:10:05 | INFO | Episode  245 - Reward: -6.800, Length: 40, Loss: 0.0102, Epsilon: 0.100
2026-03-17 03:10:06 | INFO | Episode  246 - Reward: -6.800, Length: 40, Loss: 0.0105, Epsilon: 0.100
2026-03-17 03:10:07 | INFO | Episode  247 - Reward: -6.800, Length: 40, Loss: 0.0108, Epsilon: 0.100
2026-03-17 03:10:08 | INFO | Episode  248 - Reward: -6.500, Length: 40, Loss: 0.0118, Epsilon: 0.100
2026-03-17 03:10:09 | INFO | Episode  249 - Reward: -6.350, Length: 40, Loss: 0.0121, Epsilon: 0.100
2026-03-17 03:10:10 | INFO | Episode  250 - Reward: -6.800, Length: 40, Loss: 0.0153, Epsilon: 0.100
2026-03-17 03:10:21 | INFO | [Episode  250] eps=0.100  avg_reward=  -4.097  avg_length= 40.00  avg_loss=  0.0078  eval_success=0.000
