2026-03-17 08:32:09 | INFO | ============================================================
2026-03-17 08:32:09 | INFO | DEVICE / COMPUTE INFORMATION
2026-03-17 08:32:09 | INFO |   JAX backend       : GPU
2026-03-17 08:32:09 | INFO |   Platform          : gpu
2026-03-17 08:32:09 | INFO |   Num devices       : 1
2026-03-17 08:32:09 | INFO |   Device            : cuda:0
2026-03-17 08:32:09 | INFO |   GPU name          : NVIDIA GeForce RTX 5060 Laptop GPU
2026-03-17 08:32:09 | INFO | ============================================================
2026-03-17 08:32:09 | INFO | ✓ JAX GPU backend confirmed.
2026-03-17 08:32:10 | INFO | DQN seed=0_gamma=0.99_lr=0.001
2026-03-17 08:32:12 | INFO | Episode    1 - Reward: -4.550, Length: 40, Loss: 0.0000, Epsilon: 0.991
2026-03-17 08:32:13 | INFO | Episode    2 - Reward: -4.550, Length: 40, Loss: 0.0000, Epsilon: 0.982
2026-03-17 08:32:18 | INFO | Episode    3 - Reward: -5.000, Length: 40, Loss: 0.0356, Epsilon: 0.973
2026-03-17 08:32:19 | INFO | Episode    4 - Reward: -1.850, Length: 37, Loss: 0.0563, Epsilon: 0.964
2026-03-17 08:32:20 | INFO | Episode    5 - Reward: -5.150, Length: 40, Loss: 0.8654, Epsilon: 0.955
2026-03-17 08:32:21 | INFO | Episode    6 - Reward: -4.700, Length: 40, Loss: 0.0597, Epsilon: 0.946
2026-03-17 08:32:22 | INFO | Episode    7 - Reward: -11.150, Length: 40, Loss: 0.1341, Epsilon: 0.937
2026-03-17 08:32:23 | INFO | Episode    8 - Reward: -5.600, Length: 40, Loss: 0.0486, Epsilon: 0.928
2026-03-17 08:32:24 | INFO | Episode    9 - Reward: -4.700, Length: 40, Loss: 0.0486, Epsilon: 0.919
2026-03-17 08:32:25 | INFO | Episode   10 - Reward: -0.350, Length: 28, Loss: 0.1027, Epsilon: 0.910
2026-03-17 08:32:26 | INFO | Episode   11 - Reward: -4.550, Length: 40, Loss: 0.0515, Epsilon: 0.901
2026-03-17 08:32:27 | INFO | Episode   12 - Reward: -4.100, Length: 40, Loss: 0.9701, Epsilon: 0.892
2026-03-17 08:32:28 | INFO | Episode   13 - Reward: -4.700, Length: 40, Loss: 0.0973, Epsilon: 0.883
2026-03-17 08:32:29 | INFO | Episode   14 - Reward: -5.150, Length: 40, Loss: 0.1365, Epsilon: 0.874
2026-03-17 08:32:30 | INFO | Episode   15 - Reward: -4.550, Length: 40, Loss: 0.0518, Epsilon: 0.865
2026-03-17 08:32:31 | INFO | Episode   16 - Reward: -6.800, Length: 40, Loss: 0.0510, Epsilon: 0.856
2026-03-17 08:32:32 | INFO | Episode   17 - Reward: -4.400, Length: 40, Loss: 0.1085, Epsilon: 0.847
2026-03-17 08:32:33 | INFO | Episode   18 - Reward: -4.850, Length: 40, Loss: 0.1021, Epsilon: 0.838
2026-03-17 08:32:34 | INFO | Episode   19 - Reward: 6.400, Length: 19, Loss: 0.8477, Epsilon: 0.829
2026-03-17 08:32:35 | INFO | Episode   20 - Reward: -4.550, Length: 40, Loss: 0.1774, Epsilon: 0.820
2026-03-17 08:32:36 | INFO | Episode   21 - Reward: -4.250, Length: 40, Loss: 0.8637, Epsilon: 0.811
2026-03-17 08:32:37 | INFO | Episode   22 - Reward: -3.950, Length: 40, Loss: 0.0174, Epsilon: 0.802
2026-03-17 08:32:38 | INFO | Episode   23 - Reward: -3.650, Length: 40, Loss: 0.8916, Epsilon: 0.793
2026-03-17 08:32:39 | INFO | Episode   24 - Reward: -5.300, Length: 40, Loss: 0.0443, Epsilon: 0.784
2026-03-17 08:32:40 | INFO | Episode   25 - Reward: -4.550, Length: 40, Loss: 0.1006, Epsilon: 0.775
2026-03-17 08:32:41 | INFO | Episode   26 - Reward: -5.150, Length: 40, Loss: 0.9032, Epsilon: 0.766
2026-03-17 08:32:42 | INFO | Episode   27 - Reward: -4.550, Length: 40, Loss: 0.9473, Epsilon: 0.757
2026-03-17 08:32:43 | INFO | Episode   28 - Reward: -3.950, Length: 40, Loss: 0.0721, Epsilon: 0.748
2026-03-17 08:32:44 | INFO | Episode   29 - Reward: -6.950, Length: 40, Loss: 0.0442, Epsilon: 0.739
2026-03-17 08:32:45 | INFO | Episode   30 - Reward: -4.100, Length: 40, Loss: 0.0971, Epsilon: 0.730
2026-03-17 08:32:47 | INFO | Episode   31 - Reward: -4.250, Length: 40, Loss: 0.0995, Epsilon: 0.721
2026-03-17 08:32:48 | INFO | Episode   32 - Reward: -4.700, Length: 40, Loss: 0.0697, Epsilon: 0.712
2026-03-17 08:32:49 | INFO | Episode   33 - Reward: -3.950, Length: 40, Loss: 0.0404, Epsilon: 0.703
2026-03-17 08:32:50 | INFO | Episode   34 - Reward: -3.800, Length: 40, Loss: 0.8365, Epsilon: 0.694
2026-03-17 08:32:51 | INFO | Episode   35 - Reward: -4.250, Length: 40, Loss: 0.8551, Epsilon: 0.685
2026-03-17 08:32:52 | INFO | Episode   36 - Reward: -4.400, Length: 40, Loss: 0.0403, Epsilon: 0.676
2026-03-17 08:32:53 | INFO | Episode   37 - Reward: -5.150, Length: 40, Loss: 0.8257, Epsilon: 0.667
2026-03-17 08:32:54 | INFO | Episode   38 - Reward: -4.250, Length: 40, Loss: 0.8958, Epsilon: 0.658
2026-03-17 08:32:55 | INFO | Episode   39 - Reward: -4.250, Length: 40, Loss: 1.6475, Epsilon: 0.649
2026-03-17 08:32:56 | INFO | Episode   40 - Reward: -4.100, Length: 40, Loss: 0.9152, Epsilon: 0.640
2026-03-17 08:32:57 | INFO | Episode   41 - Reward: -5.300, Length: 40, Loss: 0.0400, Epsilon: 0.631
2026-03-17 08:32:58 | INFO | Episode   42 - Reward: -4.400, Length: 40, Loss: 0.9154, Epsilon: 0.622
2026-03-17 08:32:59 | INFO | Episode   43 - Reward: -4.850, Length: 40, Loss: 0.0396, Epsilon: 0.613
2026-03-17 08:33:00 | INFO | Episode   44 - Reward: -5.900, Length: 40, Loss: 0.8833, Epsilon: 0.604
2026-03-17 08:33:01 | INFO | Episode   45 - Reward: -5.900, Length: 40, Loss: 0.0093, Epsilon: 0.595
2026-03-17 08:33:02 | INFO | Episode   46 - Reward: -5.150, Length: 40, Loss: 1.6659, Epsilon: 0.586
2026-03-17 08:33:03 | INFO | Episode   47 - Reward: -5.750, Length: 40, Loss: 0.0131, Epsilon: 0.577
2026-03-17 08:33:05 | INFO | Episode   48 - Reward: -6.200, Length: 40, Loss: 0.0422, Epsilon: 0.568
2026-03-17 08:33:06 | INFO | Episode   49 - Reward: -3.650, Length: 40, Loss: 1.6253, Epsilon: 0.559
2026-03-17 08:33:07 | INFO | Episode   50 - Reward: -5.300, Length: 40, Loss: 0.0467, Epsilon: 0.550
2026-03-17 08:33:23 | INFO | [Episode   50] eps=0.550  avg_reward=  -4.535  avg_length= 39.28  avg_loss=  0.3887  eval_success=0.000
2026-03-17 08:33:24 | INFO | Episode   51 - Reward: -6.350, Length: 40, Loss: 0.8474, Epsilon: 0.541
2026-03-17 08:33:25 | INFO | Episode   52 - Reward: -6.050, Length: 40, Loss: 0.0128, Epsilon: 0.532
2026-03-17 08:33:26 | INFO | Episode   53 - Reward: -6.050, Length: 40, Loss: 0.0145, Epsilon: 0.523
2026-03-17 08:33:27 | INFO | Episode   54 - Reward: -6.650, Length: 40, Loss: 0.0125, Epsilon: 0.514
2026-03-17 08:33:28 | INFO | Episode   55 - Reward: -6.200, Length: 40, Loss: 0.8467, Epsilon: 0.505
2026-03-17 08:33:29 | INFO | Episode   56 - Reward: -5.000, Length: 40, Loss: 0.8153, Epsilon: 0.496
2026-03-17 08:33:30 | INFO | Episode   57 - Reward: -5.750, Length: 40, Loss: 0.0452, Epsilon: 0.487
2026-03-17 08:33:31 | INFO | Episode   58 - Reward: -5.300, Length: 40, Loss: 0.0160, Epsilon: 0.478
2026-03-17 08:33:32 | INFO | Episode   59 - Reward: -6.500, Length: 40, Loss: 0.0130, Epsilon: 0.469
2026-03-17 08:33:33 | INFO | Episode   60 - Reward: -6.500, Length: 40, Loss: 0.0775, Epsilon: 0.460
2026-03-17 08:33:34 | INFO | Episode   61 - Reward: -5.600, Length: 40, Loss: 0.0153, Epsilon: 0.451
2026-03-17 08:33:35 | INFO | Episode   62 - Reward: -6.500, Length: 40, Loss: 0.0175, Epsilon: 0.442
2026-03-17 08:33:36 | INFO | Episode   63 - Reward: -5.300, Length: 40, Loss: 0.0150, Epsilon: 0.433
2026-03-17 08:33:37 | INFO | Episode   64 - Reward: -3.800, Length: 40, Loss: 0.0454, Epsilon: 0.424
2026-03-17 08:33:38 | INFO | Episode   65 - Reward: -4.700, Length: 40, Loss: 0.0751, Epsilon: 0.415
2026-03-17 08:33:39 | INFO | Episode   66 - Reward: -6.650, Length: 40, Loss: 0.0766, Epsilon: 0.406
2026-03-17 08:33:40 | INFO | Episode   67 - Reward: -6.200, Length: 40, Loss: 0.0784, Epsilon: 0.397
2026-03-17 08:33:41 | INFO | Episode   68 - Reward: -5.150, Length: 40, Loss: 0.0458, Epsilon: 0.388
2026-03-17 08:33:42 | INFO | Episode   69 - Reward: -6.950, Length: 40, Loss: 0.0167, Epsilon: 0.379
2026-03-17 08:33:43 | INFO | Episode   70 - Reward: -6.200, Length: 40, Loss: 0.0213, Epsilon: 0.370
2026-03-17 08:33:43 | INFO | Episode   71 - Reward: -6.800, Length: 40, Loss: 0.0159, Epsilon: 0.361
2026-03-17 08:33:44 | INFO | Episode   72 - Reward: -6.350, Length: 40, Loss: 0.0460, Epsilon: 0.352
2026-03-17 08:33:45 | INFO | Episode   73 - Reward: -6.500, Length: 40, Loss: 0.0184, Epsilon: 0.343
2026-03-17 08:33:46 | INFO | Episode   74 - Reward: -6.500, Length: 40, Loss: 0.0180, Epsilon: 0.334
2026-03-17 08:33:47 | INFO | Episode   75 - Reward: -7.100, Length: 40, Loss: 0.0184, Epsilon: 0.325
2026-03-17 08:33:47 | INFO | Episode   76 - Reward: -6.350, Length: 40, Loss: 0.0190, Epsilon: 0.316
2026-03-17 08:33:48 | INFO | Episode   77 - Reward: -6.500, Length: 40, Loss: 0.0184, Epsilon: 0.307
2026-03-17 08:33:49 | INFO | Episode   78 - Reward: -4.550, Length: 40, Loss: 0.0479, Epsilon: 0.298
2026-03-17 08:33:50 | INFO | Episode   79 - Reward: -3.650, Length: 40, Loss: 0.0169, Epsilon: 0.289
2026-03-17 08:33:51 | INFO | Episode   80 - Reward: -6.350, Length: 40, Loss: 0.0213, Epsilon: 0.280
2026-03-17 08:33:52 | INFO | Episode   81 - Reward: -3.800, Length: 40, Loss: 0.0188, Epsilon: 0.271
2026-03-17 08:33:52 | INFO | Episode   82 - Reward: -6.800, Length: 40, Loss: 0.0196, Epsilon: 0.262
2026-03-17 08:33:53 | INFO | Episode   83 - Reward: -2.900, Length: 40, Loss: 0.0490, Epsilon: 0.253
2026-03-17 08:33:54 | INFO | Episode   84 - Reward: -8.300, Length: 40, Loss: 0.0179, Epsilon: 0.244
2026-03-17 08:33:55 | INFO | Episode   85 - Reward: -2.900, Length: 40, Loss: 0.0240, Epsilon: 0.235
2026-03-17 08:33:56 | INFO | Episode   86 - Reward: -5.000, Length: 40, Loss: 0.0190, Epsilon: 0.226
2026-03-17 08:33:56 | INFO | Episode   87 - Reward: -4.250, Length: 40, Loss: 0.0207, Epsilon: 0.217
2026-03-17 08:33:57 | INFO | Episode   88 - Reward: -5.900, Length: 40, Loss: 0.0205, Epsilon: 0.208
2026-03-17 08:33:58 | INFO | Episode   89 - Reward: -3.800, Length: 40, Loss: 0.0196, Epsilon: 0.199
2026-03-17 08:33:59 | INFO | Episode   90 - Reward: -6.350, Length: 40, Loss: 0.0209, Epsilon: 0.190
2026-03-17 08:34:00 | INFO | Episode   91 - Reward: -6.800, Length: 40, Loss: 0.0193, Epsilon: 0.181
2026-03-17 08:34:01 | INFO | Episode   92 - Reward: -5.900, Length: 40, Loss: 0.0178, Epsilon: 0.172
2026-03-17 08:34:01 | INFO | Episode   93 - Reward: -6.500, Length: 40, Loss: 0.0189, Epsilon: 0.163
2026-03-17 08:34:02 | INFO | Episode   94 - Reward: -6.650, Length: 40, Loss: 0.0471, Epsilon: 0.154
2026-03-17 08:34:03 | INFO | Episode   95 - Reward: -8.900, Length: 40, Loss: 0.0196, Epsilon: 0.145
2026-03-17 08:34:04 | INFO | Episode   96 - Reward: -6.500, Length: 40, Loss: 0.0183, Epsilon: 0.136
2026-03-17 08:34:05 | INFO | Episode   97 - Reward: -6.500, Length: 40, Loss: 0.0193, Epsilon: 0.127
2026-03-17 08:34:05 | INFO | Episode   98 - Reward: -6.950, Length: 40, Loss: 0.0191, Epsilon: 0.118
2026-03-17 08:34:06 | INFO | Episode   99 - Reward: -6.950, Length: 40, Loss: 0.0204, Epsilon: 0.109
2026-03-17 08:34:07 | INFO | Episode  100 - Reward: -7.100, Length: 40, Loss: 0.0207, Epsilon: 0.100
2026-03-17 08:34:19 | INFO | [Episode  100] eps=0.100  avg_reward=  -5.936  avg_length= 40.00  avg_loss=  0.0760  eval_success=0.000
2026-03-17 08:34:20 | INFO | Episode  101 - Reward: -6.800, Length: 40, Loss: 0.0210, Epsilon: 0.100
2026-03-17 08:34:21 | INFO | Episode  102 - Reward: -6.800, Length: 40, Loss: 0.0215, Epsilon: 0.100
2026-03-17 08:34:21 | INFO | Episode  103 - Reward: -6.950, Length: 40, Loss: 0.0209, Epsilon: 0.100
2026-03-17 08:34:22 | INFO | Episode  104 - Reward: -7.400, Length: 40, Loss: 0.0192, Epsilon: 0.100
2026-03-17 08:34:23 | INFO | Episode  105 - Reward: -7.400, Length: 40, Loss: 0.0183, Epsilon: 0.100
2026-03-17 08:34:24 | INFO | Episode  106 - Reward: -6.800, Length: 40, Loss: 0.0486, Epsilon: 0.100
2026-03-17 08:34:25 | INFO | Episode  107 - Reward: -7.250, Length: 40, Loss: 0.0521, Epsilon: 0.100
2026-03-17 08:34:26 | INFO | Episode  108 - Reward: -6.650, Length: 40, Loss: 0.0227, Epsilon: 0.100
2026-03-17 08:34:27 | INFO | Episode  109 - Reward: -7.400, Length: 40, Loss: 0.0193, Epsilon: 0.100
2026-03-17 08:34:28 | INFO | Episode  110 - Reward: -6.650, Length: 40, Loss: 0.0536, Epsilon: 0.100
2026-03-17 08:34:29 | INFO | Episode  111 - Reward: -7.100, Length: 40, Loss: 0.0232, Epsilon: 0.100
2026-03-17 08:34:29 | INFO | Episode  112 - Reward: -4.250, Length: 40, Loss: 0.0211, Epsilon: 0.100
2026-03-17 08:34:30 | INFO | Episode  113 - Reward: -2.750, Length: 40, Loss: 0.0216, Epsilon: 0.100
2026-03-17 08:34:31 | INFO | Episode  114 - Reward: -3.350, Length: 40, Loss: 0.0205, Epsilon: 0.100
2026-03-17 08:34:32 | INFO | Episode  115 - Reward: -7.550, Length: 40, Loss: 0.0223, Epsilon: 0.100
2026-03-17 08:34:33 | INFO | Episode  116 - Reward: -2.600, Length: 40, Loss: 0.0237, Epsilon: 0.100
2026-03-17 08:34:34 | INFO | Episode  117 - Reward: -3.650, Length: 40, Loss: 0.0219, Epsilon: 0.100
2026-03-17 08:34:34 | INFO | Episode  118 - Reward: -2.150, Length: 40, Loss: 0.0210, Epsilon: 0.100
2026-03-17 08:34:35 | INFO | Episode  119 - Reward: -2.150, Length: 40, Loss: 0.0225, Epsilon: 0.100
2026-03-17 08:34:36 | INFO | Episode  120 - Reward: -2.150, Length: 40, Loss: 0.0227, Epsilon: 0.100
2026-03-17 08:34:37 | INFO | Episode  121 - Reward: -2.300, Length: 40, Loss: 0.0198, Epsilon: 0.100
2026-03-17 08:34:38 | INFO | Episode  122 - Reward: -2.300, Length: 40, Loss: 0.0214, Epsilon: 0.100
2026-03-17 08:34:38 | INFO | Episode  123 - Reward: -2.150, Length: 40, Loss: 0.0209, Epsilon: 0.100
2026-03-17 08:34:39 | INFO | Episode  124 - Reward: -2.450, Length: 40, Loss: 0.0170, Epsilon: 0.100
2026-03-17 08:34:40 | INFO | Episode  125 - Reward: -4.100, Length: 40, Loss: 0.0216, Epsilon: 0.100
2026-03-17 08:34:41 | INFO | Episode  126 - Reward: -4.850, Length: 40, Loss: 0.0203, Epsilon: 0.100
2026-03-17 08:34:42 | INFO | Episode  127 - Reward: -4.250, Length: 40, Loss: 0.0506, Epsilon: 0.100
2026-03-17 08:34:43 | INFO | Episode  128 - Reward: -2.000, Length: 40, Loss: 0.0206, Epsilon: 0.100
2026-03-17 08:34:44 | INFO | Episode  129 - Reward: -2.300, Length: 40, Loss: 0.0197, Epsilon: 0.100
2026-03-17 08:34:46 | INFO | Episode  130 - Reward: -7.850, Length: 40, Loss: 0.0186, Epsilon: 0.100
2026-03-17 08:34:47 | INFO | Episode  131 - Reward: -3.500, Length: 40, Loss: 0.0199, Epsilon: 0.100
2026-03-17 08:34:48 | INFO | Episode  132 - Reward: -5.450, Length: 40, Loss: 0.0179, Epsilon: 0.100
2026-03-17 08:34:49 | INFO | Episode  133 - Reward: -3.650, Length: 40, Loss: 0.0191, Epsilon: 0.100
2026-03-17 08:34:49 | INFO | Episode  134 - Reward: -7.550, Length: 40, Loss: 0.0203, Epsilon: 0.100
2026-03-17 08:34:51 | INFO | Episode  135 - Reward: -5.450, Length: 40, Loss: 0.0172, Epsilon: 0.100
2026-03-17 08:34:52 | INFO | Episode  136 - Reward: -3.050, Length: 40, Loss: 0.0191, Epsilon: 0.100
2026-03-17 08:34:53 | INFO | Episode  137 - Reward: -7.850, Length: 40, Loss: 0.0179, Epsilon: 0.100
2026-03-17 08:34:54 | INFO | Episode  138 - Reward: -7.550, Length: 40, Loss: 0.0467, Epsilon: 0.100
2026-03-17 08:34:55 | INFO | Episode  139 - Reward: -7.550, Length: 40, Loss: 0.0191, Epsilon: 0.100
2026-03-17 08:34:56 | INFO | Episode  140 - Reward: -7.700, Length: 40, Loss: 0.0191, Epsilon: 0.100
2026-03-17 08:34:57 | INFO | Episode  141 - Reward: -2.900, Length: 40, Loss: 0.0192, Epsilon: 0.100
2026-03-17 08:34:58 | INFO | Episode  142 - Reward: -7.850, Length: 40, Loss: 0.0489, Epsilon: 0.100
2026-03-17 08:34:59 | INFO | Episode  143 - Reward: -3.050, Length: 40, Loss: 0.0488, Epsilon: 0.100
2026-03-17 08:35:00 | INFO | Episode  144 - Reward: -2.150, Length: 40, Loss: 0.0482, Epsilon: 0.100
2026-03-17 08:35:01 | INFO | Episode  145 - Reward: -6.950, Length: 40, Loss: 0.0180, Epsilon: 0.100
2026-03-17 08:35:02 | INFO | Episode  146 - Reward: -2.300, Length: 40, Loss: 0.0192, Epsilon: 0.100
2026-03-17 08:35:03 | INFO | Episode  147 - Reward: -5.000, Length: 40, Loss: 0.0178, Epsilon: 0.100
2026-03-17 08:35:04 | INFO | Episode  148 - Reward: -6.650, Length: 40, Loss: 0.0163, Epsilon: 0.100
2026-03-17 08:35:05 | INFO | Episode  149 - Reward: -3.650, Length: 40, Loss: 0.0184, Epsilon: 0.100
2026-03-17 08:35:06 | INFO | Episode  150 - Reward: -2.000, Length: 40, Loss: 0.0207, Epsilon: 0.100
2026-03-17 08:35:21 | INFO | [Episode  150] eps=0.100  avg_reward=  -4.883  avg_length= 40.00  avg_loss=  0.0248  eval_success=0.000
2026-03-17 08:35:22 | INFO | Episode  151 - Reward: -2.300, Length: 40, Loss: 0.0167, Epsilon: 0.100
2026-03-17 08:35:23 | INFO | Episode  152 - Reward: -2.300, Length: 40, Loss: 0.0161, Epsilon: 0.100
2026-03-17 08:35:25 | INFO | Episode  153 - Reward: -2.900, Length: 40, Loss: 0.0171, Epsilon: 0.100
2026-03-17 08:35:26 | INFO | Episode  154 - Reward: -2.150, Length: 40, Loss: 0.0180, Epsilon: 0.100
2026-03-17 08:35:27 | INFO | Episode  155 - Reward: -2.450, Length: 40, Loss: 0.0184, Epsilon: 0.100
2026-03-17 08:35:28 | INFO | Episode  156 - Reward: -3.050, Length: 40, Loss: 0.0121, Epsilon: 0.100
2026-03-17 08:35:29 | INFO | Episode  157 - Reward: -2.300, Length: 40, Loss: 0.0152, Epsilon: 0.100
2026-03-17 08:35:30 | INFO | Episode  158 - Reward: -2.300, Length: 40, Loss: 0.0149, Epsilon: 0.100
2026-03-17 08:35:31 | INFO | Episode  159 - Reward: -2.900, Length: 40, Loss: 0.0154, Epsilon: 0.100
2026-03-17 08:35:32 | INFO | Episode  160 - Reward: -2.150, Length: 40, Loss: 0.0137, Epsilon: 0.100
2026-03-17 08:35:33 | INFO | Episode  161 - Reward: -5.150, Length: 40, Loss: 0.0143, Epsilon: 0.100
2026-03-17 08:35:34 | INFO | Episode  162 - Reward: -7.850, Length: 40, Loss: 0.0153, Epsilon: 0.100
2026-03-17 08:35:35 | INFO | Episode  163 - Reward: -2.150, Length: 40, Loss: 0.0133, Epsilon: 0.100
2026-03-17 08:35:36 | INFO | Episode  164 - Reward: -2.150, Length: 40, Loss: 0.0167, Epsilon: 0.100
2026-03-17 08:35:38 | INFO | Episode  165 - Reward: -2.000, Length: 40, Loss: 0.0147, Epsilon: 0.100
2026-03-17 08:35:39 | INFO | Episode  166 - Reward: -4.850, Length: 40, Loss: 0.0125, Epsilon: 0.100
2026-03-17 08:35:40 | INFO | Episode  167 - Reward: -2.300, Length: 40, Loss: 0.0141, Epsilon: 0.100
2026-03-17 08:35:41 | INFO | Episode  168 - Reward: -2.750, Length: 40, Loss: 0.0132, Epsilon: 0.100
2026-03-17 08:35:42 | INFO | Episode  169 - Reward: -2.150, Length: 40, Loss: 0.0141, Epsilon: 0.100
2026-03-17 08:35:43 | INFO | Episode  170 - Reward: -2.300, Length: 40, Loss: 0.0116, Epsilon: 0.100
2026-03-17 08:35:44 | INFO | Episode  171 - Reward: -2.600, Length: 40, Loss: 0.0150, Epsilon: 0.100
2026-03-17 08:35:45 | INFO | Episode  172 - Reward: -4.550, Length: 40, Loss: 0.0146, Epsilon: 0.100
2026-03-17 08:35:46 | INFO | Episode  173 - Reward: -2.300, Length: 40, Loss: 0.0123, Epsilon: 0.100
2026-03-17 08:35:47 | INFO | Episode  174 - Reward: -2.150, Length: 40, Loss: 0.0134, Epsilon: 0.100
2026-03-17 08:35:48 | INFO | Episode  175 - Reward: -2.300, Length: 40, Loss: 0.0138, Epsilon: 0.100
2026-03-17 08:35:49 | INFO | Episode  176 - Reward: -4.250, Length: 40, Loss: 0.0130, Epsilon: 0.100
2026-03-17 08:35:50 | INFO | Episode  177 - Reward: -2.150, Length: 40, Loss: 0.0101, Epsilon: 0.100
2026-03-17 08:35:51 | INFO | Episode  178 - Reward: -2.450, Length: 40, Loss: 0.0114, Epsilon: 0.100
2026-03-17 08:35:52 | INFO | Episode  179 - Reward: -2.300, Length: 40, Loss: 0.0103, Epsilon: 0.100
2026-03-17 08:35:53 | INFO | Episode  180 - Reward: -2.300, Length: 40, Loss: 0.0123, Epsilon: 0.100
2026-03-17 08:35:54 | INFO | Episode  181 - Reward: -2.300, Length: 40, Loss: 0.0130, Epsilon: 0.100
2026-03-17 08:35:55 | INFO | Episode  182 - Reward: -2.450, Length: 40, Loss: 0.0102, Epsilon: 0.100
2026-03-17 08:35:56 | INFO | Episode  183 - Reward: -4.850, Length: 40, Loss: 0.0117, Epsilon: 0.100
2026-03-17 08:35:57 | INFO | Episode  184 - Reward: -2.750, Length: 40, Loss: 0.0124, Epsilon: 0.100
2026-03-17 08:35:58 | INFO | Episode  185 - Reward: -2.150, Length: 40, Loss: 0.0117, Epsilon: 0.100
2026-03-17 08:35:59 | INFO | Episode  186 - Reward: -2.300, Length: 40, Loss: 0.0118, Epsilon: 0.100
2026-03-17 08:36:01 | INFO | Episode  187 - Reward: -7.250, Length: 40, Loss: 0.0132, Epsilon: 0.100
2026-03-17 08:36:02 | INFO | Episode  188 - Reward: -2.600, Length: 40, Loss: 0.0123, Epsilon: 0.100
2026-03-17 08:36:03 | INFO | Episode  189 - Reward: -2.000, Length: 40, Loss: 0.0117, Epsilon: 0.100
2026-03-17 08:36:03 | INFO | Episode  190 - Reward: -2.150, Length: 40, Loss: 0.0112, Epsilon: 0.100
2026-03-17 08:36:04 | INFO | Episode  191 - Reward: -2.000, Length: 40, Loss: 0.0112, Epsilon: 0.100
2026-03-17 08:36:05 | INFO | Episode  192 - Reward: -2.150, Length: 40, Loss: 0.0102, Epsilon: 0.100
2026-03-17 08:36:06 | INFO | Episode  193 - Reward: -2.300, Length: 40, Loss: 0.0114, Epsilon: 0.100
2026-03-17 08:36:07 | INFO | Episode  194 - Reward: -2.300, Length: 40, Loss: 0.0089, Epsilon: 0.100
2026-03-17 08:36:08 | INFO | Episode  195 - Reward: -2.300, Length: 40, Loss: 0.0092, Epsilon: 0.100
2026-03-17 08:36:08 | INFO | Episode  196 - Reward: -2.150, Length: 40, Loss: 0.0111, Epsilon: 0.100
2026-03-17 08:36:09 | INFO | Episode  197 - Reward: -2.300, Length: 40, Loss: 0.0105, Epsilon: 0.100
2026-03-17 08:36:10 | INFO | Episode  198 - Reward: -2.300, Length: 40, Loss: 0.0102, Epsilon: 0.100
2026-03-17 08:36:11 | INFO | Episode  199 - Reward: -2.450, Length: 40, Loss: 0.0108, Epsilon: 0.100
2026-03-17 08:36:12 | INFO | Episode  200 - Reward: -2.300, Length: 40, Loss: 0.0106, Epsilon: 0.100
2026-03-17 08:36:24 | INFO | [Episode  200] eps=0.100  avg_reward=  -2.783  avg_length= 40.00  avg_loss=  0.0129  eval_success=0.000
2026-03-17 08:36:25 | INFO | Episode  201 - Reward: -2.000, Length: 40, Loss: 0.0068, Epsilon: 0.100
2026-03-17 08:36:25 | INFO | Episode  202 - Reward: -2.300, Length: 40, Loss: 0.0081, Epsilon: 0.100
2026-03-17 08:36:26 | INFO | Episode  203 - Reward: -2.150, Length: 40, Loss: 0.0095, Epsilon: 0.100
2026-03-17 08:36:27 | INFO | Episode  204 - Reward: -2.000, Length: 40, Loss: 0.0090, Epsilon: 0.100
2026-03-17 08:36:28 | INFO | Episode  205 - Reward: -2.150, Length: 40, Loss: 0.0080, Epsilon: 0.100
2026-03-17 08:36:28 | INFO | Episode  206 - Reward: -2.150, Length: 40, Loss: 0.0058, Epsilon: 0.100
2026-03-17 08:36:29 | INFO | Episode  207 - Reward: -3.950, Length: 40, Loss: 0.0078, Epsilon: 0.100
2026-03-17 08:36:30 | INFO | Episode  208 - Reward: -2.900, Length: 40, Loss: 0.0077, Epsilon: 0.100
2026-03-17 08:36:31 | INFO | Episode  209 - Reward: -2.150, Length: 40, Loss: 0.0048, Epsilon: 0.100
2026-03-17 08:36:32 | INFO | Episode  210 - Reward: -2.300, Length: 40, Loss: 0.0070, Epsilon: 0.100
2026-03-17 08:36:33 | INFO | Episode  211 - Reward: -3.050, Length: 40, Loss: 0.0075, Epsilon: 0.100
2026-03-17 08:36:33 | INFO | Episode  212 - Reward: -2.150, Length: 40, Loss: 0.0075, Epsilon: 0.100
2026-03-17 08:36:34 | INFO | Episode  213 - Reward: -2.450, Length: 40, Loss: 0.0070, Epsilon: 0.100
2026-03-17 08:36:35 | INFO | Episode  214 - Reward: -2.450, Length: 40, Loss: 0.0095, Epsilon: 0.100
2026-03-17 08:36:36 | INFO | Episode  215 - Reward: -2.150, Length: 40, Loss: 0.0063, Epsilon: 0.100
2026-03-17 08:36:37 | INFO | Episode  216 - Reward: -2.000, Length: 40, Loss: 0.0071, Epsilon: 0.100
2026-03-17 08:36:38 | INFO | Episode  217 - Reward: -3.050, Length: 40, Loss: 0.0076, Epsilon: 0.100
2026-03-17 08:36:38 | INFO | Episode  218 - Reward: -5.750, Length: 40, Loss: 0.0066, Epsilon: 0.100
2026-03-17 08:36:39 | INFO | Episode  219 - Reward: -3.800, Length: 40, Loss: 0.0078, Epsilon: 0.100
2026-03-17 08:36:40 | INFO | Episode  220 - Reward: -6.350, Length: 40, Loss: 0.0084, Epsilon: 0.100
2026-03-17 08:36:41 | INFO | Episode  221 - Reward: -2.150, Length: 40, Loss: 0.0077, Epsilon: 0.100
2026-03-17 08:36:42 | INFO | Episode  222 - Reward: -2.150, Length: 40, Loss: 0.0100, Epsilon: 0.100
2026-03-17 08:36:42 | INFO | Episode  223 - Reward: -2.300, Length: 40, Loss: 0.0070, Epsilon: 0.100
2026-03-17 08:36:43 | INFO | Episode  224 - Reward: -2.150, Length: 40, Loss: 0.0080, Epsilon: 0.100
2026-03-17 08:36:44 | INFO | Episode  225 - Reward: -2.000, Length: 40, Loss: 0.0064, Epsilon: 0.100
2026-03-17 08:36:45 | INFO | Episode  226 - Reward: -6.050, Length: 40, Loss: 0.0087, Epsilon: 0.100
2026-03-17 08:36:46 | INFO | Episode  227 - Reward: -3.050, Length: 40, Loss: 0.0087, Epsilon: 0.100
2026-03-17 08:36:47 | INFO | Episode  228 - Reward: -2.150, Length: 40, Loss: 0.0078, Epsilon: 0.100
2026-03-17 08:36:48 | INFO | Episode  229 - Reward: -5.150, Length: 40, Loss: 0.0080, Epsilon: 0.100
2026-03-17 08:36:48 | INFO | Episode  230 - Reward: -2.300, Length: 40, Loss: 0.0083, Epsilon: 0.100
2026-03-17 08:36:49 | INFO | Episode  231 - Reward: -2.000, Length: 40, Loss: 0.0090, Epsilon: 0.100
2026-03-17 08:36:50 | INFO | Episode  232 - Reward: -2.300, Length: 40, Loss: 0.0083, Epsilon: 0.100
2026-03-17 08:36:51 | INFO | Episode  233 - Reward: -2.150, Length: 40, Loss: 0.0074, Epsilon: 0.100
2026-03-17 08:36:52 | INFO | Episode  234 - Reward: -2.300, Length: 40, Loss: 0.0074, Epsilon: 0.100
2026-03-17 08:36:53 | INFO | Episode  235 - Reward: -2.150, Length: 40, Loss: 0.0078, Epsilon: 0.100
2026-03-17 08:36:54 | INFO | Episode  236 - Reward: -2.150, Length: 40, Loss: 0.0077, Epsilon: 0.100
2026-03-17 08:36:54 | INFO | Episode  237 - Reward: -2.300, Length: 40, Loss: 0.0101, Epsilon: 0.100
2026-03-17 08:36:55 | INFO | Episode  238 - Reward: -2.000, Length: 40, Loss: 0.0074, Epsilon: 0.100
2026-03-17 08:36:56 | INFO | Episode  239 - Reward: -2.450, Length: 40, Loss: 0.0087, Epsilon: 0.100
2026-03-17 08:36:57 | INFO | Episode  240 - Reward: -2.150, Length: 40, Loss: 0.0081, Epsilon: 0.100
2026-03-17 08:36:58 | INFO | Episode  241 - Reward: -2.000, Length: 40, Loss: 0.0059, Epsilon: 0.100
2026-03-17 08:36:59 | INFO | Episode  242 - Reward: -2.150, Length: 40, Loss: 0.0099, Epsilon: 0.100
2026-03-17 08:37:00 | INFO | Episode  243 - Reward: -2.450, Length: 40, Loss: 0.0090, Epsilon: 0.100
2026-03-17 08:37:00 | INFO | Episode  244 - Reward: -2.300, Length: 40, Loss: 0.0074, Epsilon: 0.100
2026-03-17 08:37:01 | INFO | Episode  245 - Reward: -2.150, Length: 40, Loss: 0.0070, Epsilon: 0.100
2026-03-17 08:37:02 | INFO | Episode  246 - Reward: -2.300, Length: 40, Loss: 0.0086, Epsilon: 0.100
2026-03-17 08:37:03 | INFO | Episode  247 - Reward: -2.600, Length: 40, Loss: 0.0095, Epsilon: 0.100
2026-03-17 08:37:04 | INFO | Episode  248 - Reward: -2.300, Length: 40, Loss: 0.0062, Epsilon: 0.100
2026-03-17 08:37:05 | INFO | Episode  249 - Reward: -2.300, Length: 40, Loss: 0.0086, Epsilon: 0.100
2026-03-17 08:37:06 | INFO | Episode  250 - Reward: -2.000, Length: 40, Loss: 0.0058, Epsilon: 0.100
2026-03-17 08:37:19 | INFO | [Episode  250] eps=0.100  avg_reward=  -2.624  avg_length= 40.00  avg_loss=  0.0078  eval_success=0.000
