2026-03-17 08:20:34 | INFO | ============================================================
2026-03-17 08:20:34 | INFO | DEVICE / COMPUTE INFORMATION
2026-03-17 08:20:34 | INFO |   JAX backend       : GPU
2026-03-17 08:20:34 | INFO |   Platform          : gpu
2026-03-17 08:20:34 | INFO |   Num devices       : 1
2026-03-17 08:20:34 | INFO |   Device            : cuda:0
2026-03-17 08:20:34 | INFO |   GPU name          : NVIDIA GeForce RTX 5060 Laptop GPU
2026-03-17 08:20:34 | INFO | ============================================================
2026-03-17 08:20:34 | INFO | ✓ JAX GPU backend confirmed.
2026-03-17 08:20:35 | INFO | DQN seed=0_gamma=0.99_lr=0.1
2026-03-17 08:20:37 | INFO | Episode    1 - Reward: -4.550, Length: 40, Loss: 0.0000, Epsilon: 0.991
2026-03-17 08:20:38 | INFO | Episode    2 - Reward: -4.550, Length: 40, Loss: 0.0000, Epsilon: 0.982
2026-03-17 08:20:43 | INFO | Episode    3 - Reward: -5.000, Length: 40, Loss: 0.0143, Epsilon: 0.973
2026-03-17 08:20:43 | INFO | Episode    4 - Reward: -1.850, Length: 37, Loss: 0.0383, Epsilon: 0.964
2026-03-17 08:20:44 | INFO | Episode    5 - Reward: -5.150, Length: 40, Loss: 0.8324, Epsilon: 0.955
2026-03-17 08:20:45 | INFO | Episode    6 - Reward: -4.700, Length: 40, Loss: 0.0688, Epsilon: 0.946
2026-03-17 08:20:46 | INFO | Episode    7 - Reward: 9.050, Length: 11, Loss: 0.0493, Epsilon: 0.937
2026-03-17 08:20:47 | INFO | Episode    8 - Reward: -5.600, Length: 40, Loss: 1.5618, Epsilon: 0.928
2026-03-17 08:20:48 | INFO | Episode    9 - Reward: -5.000, Length: 40, Loss: 0.0631, Epsilon: 0.919
2026-03-17 08:20:50 | INFO | Episode   10 - Reward: 8.450, Length: 14, Loss: 0.0684, Epsilon: 0.910
2026-03-17 08:20:51 | INFO | Episode   11 - Reward: -3.650, Length: 40, Loss: 0.6606, Epsilon: 0.901
2026-03-17 08:20:52 | INFO | Episode   12 - Reward: -3.950, Length: 40, Loss: 0.6650, Epsilon: 0.892
2026-03-17 08:20:53 | INFO | Episode   13 - Reward: -5.300, Length: 40, Loss: 0.5753, Epsilon: 0.883
2026-03-17 08:20:54 | INFO | Episode   14 - Reward: -5.450, Length: 40, Loss: 0.6027, Epsilon: 0.874
2026-03-17 08:20:55 | INFO | Episode   15 - Reward: 5.650, Length: 37, Loss: 0.1513, Epsilon: 0.865
2026-03-17 08:20:56 | INFO | Episode   16 - Reward: -6.500, Length: 40, Loss: 0.1326, Epsilon: 0.856
2026-03-17 08:20:57 | INFO | Episode   17 - Reward: 3.600, Length: 39, Loss: 0.1126, Epsilon: 0.847
2026-03-17 08:20:58 | INFO | Episode   18 - Reward: 6.100, Length: 22, Loss: 0.6471, Epsilon: 0.838
2026-03-17 08:21:00 | INFO | Episode   19 - Reward: 6.400, Length: 19, Loss: 0.6011, Epsilon: 0.829
2026-03-17 08:21:01 | INFO | Episode   20 - Reward: -4.250, Length: 40, Loss: 1.1094, Epsilon: 0.820
2026-03-17 08:21:02 | INFO | Episode   21 - Reward: -5.000, Length: 40, Loss: 0.9864, Epsilon: 0.811
2026-03-17 08:21:03 | INFO | Episode   22 - Reward: 4.050, Length: 24, Loss: 0.2644, Epsilon: 0.802
2026-03-17 08:21:04 | INFO | Episode   23 - Reward: -5.450, Length: 40, Loss: 0.5979, Epsilon: 0.793
2026-03-17 08:21:05 | INFO | Episode   24 - Reward: -4.250, Length: 40, Loss: 0.7718, Epsilon: 0.784
2026-03-17 08:21:06 | INFO | Episode   25 - Reward: -5.150, Length: 40, Loss: 1.1991, Epsilon: 0.775
2026-03-17 08:21:07 | INFO | Episode   26 - Reward: -8.450, Length: 40, Loss: 1.0561, Epsilon: 0.766
2026-03-17 08:21:08 | INFO | Episode   27 - Reward: 8.550, Length: 15, Loss: 0.6269, Epsilon: 0.757
2026-03-17 08:21:09 | INFO | Episode   28 - Reward: 7.450, Length: 31, Loss: 0.3155, Epsilon: 0.748
2026-03-17 08:21:10 | INFO | Episode   29 - Reward: 5.300, Length: 26, Loss: 0.8953, Epsilon: 0.739
2026-03-17 08:21:11 | INFO | Episode   30 - Reward: 7.250, Length: 26, Loss: 1.4185, Epsilon: 0.730
2026-03-17 08:21:12 | INFO | Episode   31 - Reward: 2.150, Length: 38, Loss: 1.2507, Epsilon: 0.721
2026-03-17 08:21:14 | INFO | Episode   32 - Reward: -3.950, Length: 40, Loss: 1.8647, Epsilon: 0.712
2026-03-17 08:21:14 | INFO | Episode   33 - Reward: -5.600, Length: 40, Loss: 0.9967, Epsilon: 0.703
2026-03-17 08:21:15 | INFO | Episode   34 - Reward: 8.350, Length: 19, Loss: 0.6564, Epsilon: 0.694
2026-03-17 08:21:16 | INFO | Episode   35 - Reward: 7.400, Length: 11, Loss: 1.2359, Epsilon: 0.685
2026-03-17 08:21:17 | INFO | Episode   36 - Reward: -4.850, Length: 40, Loss: 1.9080, Epsilon: 0.676
2026-03-17 08:21:18 | INFO | Episode   37 - Reward: -6.350, Length: 40, Loss: 2.6851, Epsilon: 0.667
2026-03-17 08:21:19 | INFO | Episode   38 - Reward: -5.750, Length: 40, Loss: 1.8388, Epsilon: 0.658
2026-03-17 08:21:20 | INFO | Episode   39 - Reward: 3.000, Length: 18, Loss: 0.6023, Epsilon: 0.649
2026-03-17 08:21:21 | INFO | Episode   40 - Reward: -5.150, Length: 40, Loss: 1.4632, Epsilon: 0.640
2026-03-17 08:21:22 | INFO | Episode   41 - Reward: -5.900, Length: 40, Loss: 1.3496, Epsilon: 0.631
2026-03-17 08:21:23 | INFO | Episode   42 - Reward: 7.400, Length: 11, Loss: 0.7802, Epsilon: 0.622
2026-03-17 08:21:24 | INFO | Episode   43 - Reward: -6.350, Length: 40, Loss: 0.6993, Epsilon: 0.613
2026-03-17 08:21:25 | INFO | Episode   44 - Reward: -6.200, Length: 40, Loss: 1.5442, Epsilon: 0.604
2026-03-17 08:21:26 | INFO | Episode   45 - Reward: -4.700, Length: 40, Loss: 1.3726, Epsilon: 0.595
2026-03-17 08:21:27 | INFO | Episode   46 - Reward: -6.650, Length: 40, Loss: 3.4552, Epsilon: 0.586
2026-03-17 08:21:29 | INFO | Episode   47 - Reward: 3.650, Length: 35, Loss: 5.3843, Epsilon: 0.577
2026-03-17 08:21:30 | INFO | Episode   48 - Reward: 8.850, Length: 12, Loss: 3.4247, Epsilon: 0.568
2026-03-17 08:21:31 | INFO | Episode   49 - Reward: 1.350, Length: 39, Loss: 2.7183, Epsilon: 0.559
2026-03-17 08:21:32 | INFO | Episode   50 - Reward: -5.000, Length: 40, Loss: 4.1619, Epsilon: 0.550
2026-03-17 08:21:47 | INFO | [Episode   50] eps=0.550  avg_reward=  -0.925  avg_length= 33.68  avg_loss=  1.1096  eval_success=0.000
2026-03-17 08:21:48 | INFO | Episode   51 - Reward: -3.650, Length: 40, Loss: 1.5081, Epsilon: 0.541
2026-03-17 08:21:49 | INFO | Episode   52 - Reward: 4.850, Length: 38, Loss: 1.9809, Epsilon: 0.532
2026-03-17 08:21:50 | INFO | Episode   53 - Reward: -6.800, Length: 40, Loss: 3.0585, Epsilon: 0.523
2026-03-17 08:21:51 | INFO | Episode   54 - Reward: -5.450, Length: 40, Loss: 3.7455, Epsilon: 0.514
2026-03-17 08:21:52 | INFO | Episode   55 - Reward: -4.100, Length: 40, Loss: 6.3668, Epsilon: 0.505
2026-03-17 08:21:53 | INFO | Episode   56 - Reward: 6.950, Length: 26, Loss: 5.4403, Epsilon: 0.496
2026-03-17 08:21:55 | INFO | Episode   57 - Reward: -4.100, Length: 40, Loss: 1.3724, Epsilon: 0.487
2026-03-17 08:21:56 | INFO | Episode   58 - Reward: -6.350, Length: 40, Loss: 0.5418, Epsilon: 0.478
2026-03-17 08:21:57 | INFO | Episode   59 - Reward: -5.900, Length: 40, Loss: 6.9251, Epsilon: 0.469
2026-03-17 08:21:58 | INFO | Episode   60 - Reward: 5.950, Length: 37, Loss: 8.4162, Epsilon: 0.460
2026-03-17 08:21:59 | INFO | Episode   61 - Reward: -5.600, Length: 40, Loss: 5.9757, Epsilon: 0.451
2026-03-17 08:22:00 | INFO | Episode   62 - Reward: -4.400, Length: 40, Loss: 6.1259, Epsilon: 0.442
2026-03-17 08:22:01 | INFO | Episode   63 - Reward: -5.000, Length: 40, Loss: 9.1622, Epsilon: 0.433
2026-03-17 08:22:02 | INFO | Episode   64 - Reward: -6.350, Length: 40, Loss: 47.3074, Epsilon: 0.424
2026-03-17 08:22:03 | INFO | Episode   65 - Reward: 1.350, Length: 39, Loss: 508.6265, Epsilon: 0.415
2026-03-17 08:22:04 | INFO | Episode   66 - Reward: -5.000, Length: 40, Loss: 5778386.0000, Epsilon: 0.406
2026-03-17 08:22:05 | INFO | Episode   67 - Reward: -6.500, Length: 40, Loss: 2485608448.0000, Epsilon: 0.397
2026-03-17 08:22:06 | INFO | Episode   68 - Reward: 2.350, Length: 31, Loss: 184604522708992.0000, Epsilon: 0.388
2026-03-17 08:22:07 | INFO | Episode   69 - Reward: -6.050, Length: 40, Loss: 5579347510335373312.0000, Epsilon: 0.379
2026-03-17 08:22:08 | INFO | Episode   70 - Reward: 5.750, Length: 35, Loss: 10307480790955215290368.0000, Epsilon: 0.370
2026-03-17 08:22:09 | INFO | Episode   71 - Reward: -5.900, Length: 40, Loss: 1136697016733267121930240.0000, Epsilon: 0.361
2026-03-17 08:22:10 | INFO | Episode   72 - Reward: -5.750, Length: 40, Loss: 28396479827577197598076829696.0000, Epsilon: 0.352
2026-03-17 08:22:11 | INFO | Episode   73 - Reward: -5.300, Length: 40, Loss: 47902418647970724916357131927552.0000, Epsilon: 0.343
2026-03-17 08:22:12 | INFO | Episode   74 - Reward: -6.500, Length: 40, Loss: 530505081415781549189843636986052608.0000, Epsilon: 0.334
2026-03-17 08:22:13 | INFO | Episode   75 - Reward: -5.900, Length: 40, Loss: inf, Epsilon: 0.325
2026-03-17 08:22:14 | INFO | Episode   76 - Reward: -5.450, Length: 40, Loss: nan, Epsilon: 0.316
2026-03-17 08:22:15 | INFO | Episode   77 - Reward: -8.300, Length: 40, Loss: nan, Epsilon: 0.307
2026-03-17 08:22:16 | INFO | Episode   78 - Reward: 7.850, Length: 17, Loss: nan, Epsilon: 0.298
2026-03-17 08:22:17 | INFO | Episode   79 - Reward: -5.750, Length: 40, Loss: nan, Epsilon: 0.289
2026-03-17 08:22:18 | INFO | Episode   80 - Reward: -6.050, Length: 40, Loss: nan, Epsilon: 0.280
2026-03-17 08:22:19 | INFO | Episode   81 - Reward: -6.200, Length: 40, Loss: nan, Epsilon: 0.271
2026-03-17 08:22:20 | INFO | Episode   82 - Reward: 2.050, Length: 31, Loss: nan, Epsilon: 0.262
2026-03-17 08:22:21 | INFO | Episode   83 - Reward: -5.900, Length: 40, Loss: nan, Epsilon: 0.253
2026-03-17 08:22:22 | INFO | Episode   84 - Reward: -8.300, Length: 40, Loss: nan, Epsilon: 0.244
2026-03-17 08:22:23 | INFO | Episode   85 - Reward: -6.950, Length: 40, Loss: nan, Epsilon: 0.235
2026-03-17 08:22:24 | INFO | Episode   86 - Reward: -6.200, Length: 40, Loss: nan, Epsilon: 0.226
2026-03-17 08:22:25 | INFO | Episode   87 - Reward: -6.650, Length: 40, Loss: nan, Epsilon: 0.217
2026-03-17 08:22:26 | INFO | Episode   88 - Reward: -6.200, Length: 40, Loss: nan, Epsilon: 0.208
2026-03-17 08:22:27 | INFO | Episode   89 - Reward: -6.950, Length: 40, Loss: nan, Epsilon: 0.199
2026-03-17 08:22:28 | INFO | Episode   90 - Reward: -6.350, Length: 40, Loss: nan, Epsilon: 0.190
2026-03-17 08:22:29 | INFO | Episode   91 - Reward: -6.800, Length: 40, Loss: nan, Epsilon: 0.181
2026-03-17 08:22:30 | INFO | Episode   92 - Reward: -5.900, Length: 40, Loss: nan, Epsilon: 0.172
2026-03-17 08:22:31 | INFO | Episode   93 - Reward: -6.500, Length: 40, Loss: nan, Epsilon: 0.163
2026-03-17 08:22:33 | INFO | Episode   94 - Reward: -6.650, Length: 40, Loss: nan, Epsilon: 0.154
2026-03-17 08:22:34 | INFO | Episode   95 - Reward: -8.900, Length: 40, Loss: nan, Epsilon: 0.145
2026-03-17 08:22:35 | INFO | Episode   96 - Reward: -6.500, Length: 40, Loss: nan, Epsilon: 0.136
2026-03-17 08:22:36 | INFO | Episode   97 - Reward: -6.500, Length: 40, Loss: nan, Epsilon: 0.127
2026-03-17 08:22:37 | INFO | Episode   98 - Reward: -6.950, Length: 40, Loss: nan, Epsilon: 0.118
2026-03-17 08:22:38 | INFO | Episode   99 - Reward: -6.950, Length: 40, Loss: nan, Epsilon: 0.109
2026-03-17 08:22:39 | INFO | Episode  100 - Reward: -7.100, Length: 40, Loss: nan, Epsilon: 0.100
2026-03-17 08:22:53 | INFO | [Episode  100] eps=0.100  avg_reward=  -4.430  avg_length= 38.68  avg_loss=     nan  eval_success=0.000
2026-03-17 08:22:55 | INFO | Episode  101 - Reward: -6.800, Length: 40, Loss: nan, Epsilon: 0.100
2026-03-17 08:22:56 | INFO | Episode  102 - Reward: -6.800, Length: 40, Loss: nan, Epsilon: 0.100
2026-03-17 08:22:57 | INFO | Episode  103 - Reward: -6.950, Length: 40, Loss: nan, Epsilon: 0.100
2026-03-17 08:22:58 | INFO | Episode  104 - Reward: -7.400, Length: 40, Loss: nan, Epsilon: 0.100
2026-03-17 08:22:59 | INFO | Episode  105 - Reward: -7.400, Length: 40, Loss: nan, Epsilon: 0.100
2026-03-17 08:23:00 | INFO | Episode  106 - Reward: -6.800, Length: 40, Loss: nan, Epsilon: 0.100
2026-03-17 08:23:01 | INFO | Episode  107 - Reward: -7.250, Length: 40, Loss: nan, Epsilon: 0.100
2026-03-17 08:23:02 | INFO | Episode  108 - Reward: -6.650, Length: 40, Loss: nan, Epsilon: 0.100
2026-03-17 08:23:03 | INFO | Episode  109 - Reward: -7.400, Length: 40, Loss: nan, Epsilon: 0.100
2026-03-17 08:23:04 | INFO | Episode  110 - Reward: -6.650, Length: 40, Loss: nan, Epsilon: 0.100
2026-03-17 08:23:05 | INFO | Episode  111 - Reward: -7.100, Length: 40, Loss: nan, Epsilon: 0.100
2026-03-17 08:23:06 | INFO | Episode  112 - Reward: -6.950, Length: 40, Loss: nan, Epsilon: 0.100
2026-03-17 08:23:07 | INFO | Episode  113 - Reward: -7.100, Length: 40, Loss: nan, Epsilon: 0.100
2026-03-17 08:23:08 | INFO | Episode  114 - Reward: -7.250, Length: 40, Loss: nan, Epsilon: 0.100
2026-03-17 08:23:09 | INFO | Episode  115 - Reward: -7.550, Length: 40, Loss: nan, Epsilon: 0.100
2026-03-17 08:23:10 | INFO | Episode  116 - Reward: -6.800, Length: 40, Loss: nan, Epsilon: 0.100
2026-03-17 08:23:11 | INFO | Episode  117 - Reward: -7.100, Length: 40, Loss: nan, Epsilon: 0.100
2026-03-17 08:23:12 | INFO | Episode  118 - Reward: -6.800, Length: 40, Loss: nan, Epsilon: 0.100
2026-03-17 08:23:13 | INFO | Episode  119 - Reward: -7.100, Length: 40, Loss: nan, Epsilon: 0.100
2026-03-17 08:23:14 | INFO | Episode  120 - Reward: -6.800, Length: 40, Loss: nan, Epsilon: 0.100
2026-03-17 08:23:15 | INFO | Episode  121 - Reward: -6.800, Length: 40, Loss: nan, Epsilon: 0.100
2026-03-17 08:23:16 | INFO | Episode  122 - Reward: -7.400, Length: 40, Loss: nan, Epsilon: 0.100
2026-03-17 08:23:17 | INFO | Episode  123 - Reward: -6.800, Length: 40, Loss: nan, Epsilon: 0.100
2026-03-17 08:23:18 | INFO | Episode  124 - Reward: -7.100, Length: 40, Loss: nan, Epsilon: 0.100
2026-03-17 08:23:20 | INFO | Episode  125 - Reward: -7.100, Length: 40, Loss: nan, Epsilon: 0.100
2026-03-17 08:23:21 | INFO | Episode  126 - Reward: -7.250, Length: 40, Loss: nan, Epsilon: 0.100
2026-03-17 08:23:21 | INFO | Episode  127 - Reward: -7.250, Length: 40, Loss: nan, Epsilon: 0.100
2026-03-17 08:23:22 | INFO | Episode  128 - Reward: -7.100, Length: 40, Loss: nan, Epsilon: 0.100
2026-03-17 08:23:23 | INFO | Episode  129 - Reward: -6.800, Length: 40, Loss: nan, Epsilon: 0.100
2026-03-17 08:23:24 | INFO | Episode  130 - Reward: -7.850, Length: 40, Loss: nan, Epsilon: 0.100
2026-03-17 08:23:25 | INFO | Episode  131 - Reward: -7.100, Length: 40, Loss: nan, Epsilon: 0.100
2026-03-17 08:23:26 | INFO | Episode  132 - Reward: -7.100, Length: 40, Loss: nan, Epsilon: 0.100
2026-03-17 08:23:27 | INFO | Episode  133 - Reward: -7.400, Length: 40, Loss: nan, Epsilon: 0.100
2026-03-17 08:23:28 | INFO | Episode  134 - Reward: -6.950, Length: 40, Loss: nan, Epsilon: 0.100
2026-03-17 08:23:29 | INFO | Episode  135 - Reward: -7.100, Length: 40, Loss: nan, Epsilon: 0.100
2026-03-17 08:23:30 | INFO | Episode  136 - Reward: -7.400, Length: 40, Loss: nan, Epsilon: 0.100
2026-03-17 08:23:32 | INFO | Episode  137 - Reward: -6.950, Length: 40, Loss: nan, Epsilon: 0.100
2026-03-17 08:23:33 | INFO | Episode  138 - Reward: -6.350, Length: 40, Loss: nan, Epsilon: 0.100
2026-03-17 08:23:34 | INFO | Episode  139 - Reward: -6.800, Length: 40, Loss: nan, Epsilon: 0.100
2026-03-17 08:23:35 | INFO | Episode  140 - Reward: -6.800, Length: 40, Loss: nan, Epsilon: 0.100
2026-03-17 08:23:36 | INFO | Episode  141 - Reward: -6.800, Length: 40, Loss: nan, Epsilon: 0.100
2026-03-17 08:23:37 | INFO | Episode  142 - Reward: -7.400, Length: 40, Loss: nan, Epsilon: 0.100
2026-03-17 08:23:38 | INFO | Episode  143 - Reward: -7.100, Length: 40, Loss: nan, Epsilon: 0.100
2026-03-17 08:23:39 | INFO | Episode  144 - Reward: -7.400, Length: 40, Loss: nan, Epsilon: 0.100
2026-03-17 08:23:40 | INFO | Episode  145 - Reward: -7.250, Length: 40, Loss: nan, Epsilon: 0.100
2026-03-17 08:23:41 | INFO | Episode  146 - Reward: -7.250, Length: 40, Loss: nan, Epsilon: 0.100
2026-03-17 08:23:42 | INFO | Episode  147 - Reward: -7.100, Length: 40, Loss: nan, Epsilon: 0.100
2026-03-17 08:23:43 | INFO | Episode  148 - Reward: -6.800, Length: 40, Loss: nan, Epsilon: 0.100
2026-03-17 08:23:44 | INFO | Episode  149 - Reward: -7.850, Length: 40, Loss: nan, Epsilon: 0.100
2026-03-17 08:23:45 | INFO | Episode  150 - Reward: -7.100, Length: 40, Loss: nan, Epsilon: 0.100
2026-03-17 08:24:00 | INFO | [Episode  150] eps=0.100  avg_reward=  -7.082  avg_length= 40.00  avg_loss=     nan  eval_success=0.000
2026-03-17 08:24:01 | INFO | Episode  151 - Reward: -7.250, Length: 40, Loss: nan, Epsilon: 0.100
2026-03-17 08:24:02 | INFO | Episode  152 - Reward: -6.800, Length: 40, Loss: nan, Epsilon: 0.100
2026-03-17 08:24:03 | INFO | Episode  153 - Reward: -6.650, Length: 40, Loss: nan, Epsilon: 0.100
2026-03-17 08:24:04 | INFO | Episode  154 - Reward: -7.400, Length: 40, Loss: nan, Epsilon: 0.100
2026-03-17 08:24:05 | INFO | Episode  155 - Reward: -6.800, Length: 40, Loss: nan, Epsilon: 0.100
2026-03-17 08:24:06 | INFO | Episode  156 - Reward: -7.100, Length: 40, Loss: nan, Epsilon: 0.100
2026-03-17 08:24:07 | INFO | Episode  157 - Reward: -6.950, Length: 40, Loss: nan, Epsilon: 0.100
2026-03-17 08:24:08 | INFO | Episode  158 - Reward: -7.250, Length: 40, Loss: nan, Epsilon: 0.100
2026-03-17 08:24:09 | INFO | Episode  159 - Reward: -6.800, Length: 40, Loss: nan, Epsilon: 0.100
2026-03-17 08:24:10 | INFO | Episode  160 - Reward: -7.100, Length: 40, Loss: nan, Epsilon: 0.100
2026-03-17 08:24:11 | INFO | Episode  161 - Reward: -7.100, Length: 40, Loss: nan, Epsilon: 0.100
2026-03-17 08:24:12 | INFO | Episode  162 - Reward: -7.250, Length: 40, Loss: nan, Epsilon: 0.100
2026-03-17 08:24:14 | INFO | Episode  163 - Reward: -6.950, Length: 40, Loss: nan, Epsilon: 0.100
2026-03-17 08:24:15 | INFO | Episode  164 - Reward: 2.500, Length: 34, Loss: nan, Epsilon: 0.100
2026-03-17 08:24:16 | INFO | Episode  165 - Reward: -6.950, Length: 40, Loss: nan, Epsilon: 0.100
2026-03-17 08:24:17 | INFO | Episode  166 - Reward: -7.100, Length: 40, Loss: nan, Epsilon: 0.100
2026-03-17 08:24:18 | INFO | Episode  167 - Reward: -7.100, Length: 40, Loss: nan, Epsilon: 0.100
2026-03-17 08:24:19 | INFO | Episode  168 - Reward: -7.100, Length: 40, Loss: nan, Epsilon: 0.100
2026-03-17 08:24:20 | INFO | Episode  169 - Reward: -7.400, Length: 40, Loss: nan, Epsilon: 0.100
2026-03-17 08:24:21 | INFO | Episode  170 - Reward: -6.800, Length: 40, Loss: nan, Epsilon: 0.100
2026-03-17 08:24:22 | INFO | Episode  171 - Reward: -6.500, Length: 40, Loss: nan, Epsilon: 0.100
2026-03-17 08:24:23 | INFO | Episode  172 - Reward: -6.800, Length: 40, Loss: nan, Epsilon: 0.100
2026-03-17 08:24:24 | INFO | Episode  173 - Reward: -7.550, Length: 40, Loss: nan, Epsilon: 0.100
2026-03-17 08:24:25 | INFO | Episode  174 - Reward: -7.400, Length: 40, Loss: nan, Epsilon: 0.100
2026-03-17 08:24:26 | INFO | Episode  175 - Reward: -7.100, Length: 40, Loss: nan, Epsilon: 0.100
2026-03-17 08:24:27 | INFO | Episode  176 - Reward: -6.650, Length: 40, Loss: nan, Epsilon: 0.100
2026-03-17 08:24:28 | INFO | Episode  177 - Reward: -7.100, Length: 40, Loss: nan, Epsilon: 0.100
2026-03-17 08:24:29 | INFO | Episode  178 - Reward: -6.650, Length: 40, Loss: nan, Epsilon: 0.100
2026-03-17 08:24:30 | INFO | Episode  179 - Reward: -7.100, Length: 40, Loss: nan, Epsilon: 0.100
2026-03-17 08:24:31 | INFO | Episode  180 - Reward: -7.400, Length: 40, Loss: nan, Epsilon: 0.100
2026-03-17 08:24:32 | INFO | Episode  181 - Reward: -7.400, Length: 40, Loss: nan, Epsilon: 0.100
2026-03-17 08:24:33 | INFO | Episode  182 - Reward: -7.100, Length: 40, Loss: nan, Epsilon: 0.100
2026-03-17 08:24:34 | INFO | Episode  183 - Reward: -6.650, Length: 40, Loss: nan, Epsilon: 0.100
2026-03-17 08:24:35 | INFO | Episode  184 - Reward: -6.650, Length: 40, Loss: nan, Epsilon: 0.100
2026-03-17 08:24:36 | INFO | Episode  185 - Reward: -6.950, Length: 40, Loss: nan, Epsilon: 0.100
2026-03-17 08:24:37 | INFO | Episode  186 - Reward: -7.400, Length: 40, Loss: nan, Epsilon: 0.100
2026-03-17 08:24:38 | INFO | Episode  187 - Reward: -6.500, Length: 40, Loss: nan, Epsilon: 0.100
2026-03-17 08:24:39 | INFO | Episode  188 - Reward: -6.950, Length: 40, Loss: nan, Epsilon: 0.100
2026-03-17 08:24:40 | INFO | Episode  189 - Reward: -6.800, Length: 40, Loss: nan, Epsilon: 0.100
2026-03-17 08:24:41 | INFO | Episode  190 - Reward: -6.950, Length: 40, Loss: nan, Epsilon: 0.100
2026-03-17 08:24:42 | INFO | Episode  191 - Reward: -7.400, Length: 40, Loss: nan, Epsilon: 0.100
2026-03-17 08:24:44 | INFO | Episode  192 - Reward: -7.400, Length: 40, Loss: nan, Epsilon: 0.100
2026-03-17 08:24:45 | INFO | Episode  193 - Reward: -7.400, Length: 40, Loss: nan, Epsilon: 0.100
2026-03-17 08:24:46 | INFO | Episode  194 - Reward: -7.100, Length: 40, Loss: nan, Epsilon: 0.100
2026-03-17 08:24:47 | INFO | Episode  195 - Reward: -6.800, Length: 40, Loss: nan, Epsilon: 0.100
2026-03-17 08:24:48 | INFO | Episode  196 - Reward: -6.950, Length: 40, Loss: nan, Epsilon: 0.100
2026-03-17 08:24:49 | INFO | Episode  197 - Reward: -6.800, Length: 40, Loss: nan, Epsilon: 0.100
2026-03-17 08:24:50 | INFO | Episode  198 - Reward: -7.250, Length: 40, Loss: nan, Epsilon: 0.100
2026-03-17 08:24:51 | INFO | Episode  199 - Reward: -6.950, Length: 40, Loss: nan, Epsilon: 0.100
2026-03-17 08:24:52 | INFO | Episode  200 - Reward: -7.400, Length: 40, Loss: nan, Epsilon: 0.100
2026-03-17 08:25:06 | INFO | [Episode  200] eps=0.100  avg_reward=  -6.848  avg_length= 39.88  avg_loss=     nan  eval_success=0.000
2026-03-17 08:25:07 | INFO | Episode  201 - Reward: -7.550, Length: 40, Loss: nan, Epsilon: 0.100
2026-03-17 08:25:08 | INFO | Episode  202 - Reward: -6.950, Length: 40, Loss: nan, Epsilon: 0.100
2026-03-17 08:25:09 | INFO | Episode  203 - Reward: -7.100, Length: 40, Loss: nan, Epsilon: 0.100
2026-03-17 08:25:11 | INFO | Episode  204 - Reward: -6.800, Length: 40, Loss: nan, Epsilon: 0.100
2026-03-17 08:25:12 | INFO | Episode  205 - Reward: -7.100, Length: 40, Loss: nan, Epsilon: 0.100
2026-03-17 08:25:13 | INFO | Episode  206 - Reward: -6.800, Length: 40, Loss: nan, Epsilon: 0.100
2026-03-17 08:25:14 | INFO | Episode  207 - Reward: -7.250, Length: 40, Loss: nan, Epsilon: 0.100
2026-03-17 08:25:15 | INFO | Episode  208 - Reward: -6.800, Length: 40, Loss: nan, Epsilon: 0.100
2026-03-17 08:25:16 | INFO | Episode  209 - Reward: -7.400, Length: 40, Loss: nan, Epsilon: 0.100
2026-03-17 08:25:17 | INFO | Episode  210 - Reward: -7.100, Length: 40, Loss: nan, Epsilon: 0.100
2026-03-17 08:25:18 | INFO | Episode  211 - Reward: -7.100, Length: 40, Loss: nan, Epsilon: 0.100
2026-03-17 08:25:19 | INFO | Episode  212 - Reward: -7.100, Length: 40, Loss: nan, Epsilon: 0.100
2026-03-17 08:25:20 | INFO | Episode  213 - Reward: -6.650, Length: 40, Loss: nan, Epsilon: 0.100
2026-03-17 08:25:21 | INFO | Episode  214 - Reward: -7.100, Length: 40, Loss: nan, Epsilon: 0.100
2026-03-17 08:25:22 | INFO | Episode  215 - Reward: -7.400, Length: 40, Loss: nan, Epsilon: 0.100
2026-03-17 08:25:23 | INFO | Episode  216 - Reward: -7.100, Length: 40, Loss: nan, Epsilon: 0.100
2026-03-17 08:25:25 | INFO | Episode  217 - Reward: -6.650, Length: 40, Loss: nan, Epsilon: 0.100
2026-03-17 08:25:26 | INFO | Episode  218 - Reward: -6.950, Length: 40, Loss: nan, Epsilon: 0.100
2026-03-17 08:25:27 | INFO | Episode  219 - Reward: -8.150, Length: 40, Loss: nan, Epsilon: 0.100
2026-03-17 08:25:27 | INFO | Episode  220 - Reward: -6.950, Length: 40, Loss: nan, Epsilon: 0.100
2026-03-17 08:25:28 | INFO | Episode  221 - Reward: -6.800, Length: 40, Loss: nan, Epsilon: 0.100
2026-03-17 08:25:29 | INFO | Episode  222 - Reward: -6.800, Length: 40, Loss: nan, Epsilon: 0.100
2026-03-17 08:25:30 | INFO | Episode  223 - Reward: -7.100, Length: 40, Loss: nan, Epsilon: 0.100
2026-03-17 08:25:31 | INFO | Episode  224 - Reward: -7.250, Length: 40, Loss: nan, Epsilon: 0.100
2026-03-17 08:25:32 | INFO | Episode  225 - Reward: -6.800, Length: 40, Loss: nan, Epsilon: 0.100
2026-03-17 08:25:34 | INFO | Episode  226 - Reward: -7.250, Length: 40, Loss: nan, Epsilon: 0.100
2026-03-17 08:25:35 | INFO | Episode  227 - Reward: -7.250, Length: 40, Loss: nan, Epsilon: 0.100
2026-03-17 08:25:36 | INFO | Episode  228 - Reward: -7.100, Length: 40, Loss: nan, Epsilon: 0.100
2026-03-17 08:25:37 | INFO | Episode  229 - Reward: -6.950, Length: 40, Loss: nan, Epsilon: 0.100
2026-03-17 08:25:38 | INFO | Episode  230 - Reward: -6.650, Length: 40, Loss: nan, Epsilon: 0.100
2026-03-17 08:25:39 | INFO | Episode  231 - Reward: -6.800, Length: 40, Loss: nan, Epsilon: 0.100
2026-03-17 08:25:40 | INFO | Episode  232 - Reward: -7.400, Length: 40, Loss: nan, Epsilon: 0.100
2026-03-17 08:25:41 | INFO | Episode  233 - Reward: -7.400, Length: 40, Loss: nan, Epsilon: 0.100
2026-03-17 08:25:42 | INFO | Episode  234 - Reward: -6.800, Length: 40, Loss: nan, Epsilon: 0.100
2026-03-17 08:25:43 | INFO | Episode  235 - Reward: -7.100, Length: 40, Loss: nan, Epsilon: 0.100
2026-03-17 08:25:44 | INFO | Episode  236 - Reward: -6.800, Length: 40, Loss: nan, Epsilon: 0.100
2026-03-17 08:25:45 | INFO | Episode  237 - Reward: -7.100, Length: 40, Loss: nan, Epsilon: 0.100
2026-03-17 08:25:46 | INFO | Episode  238 - Reward: -6.800, Length: 40, Loss: nan, Epsilon: 0.100
2026-03-17 08:25:47 | INFO | Episode  239 - Reward: -6.950, Length: 40, Loss: nan, Epsilon: 0.100
2026-03-17 08:25:48 | INFO | Episode  240 - Reward: -7.400, Length: 40, Loss: nan, Epsilon: 0.100
2026-03-17 08:25:49 | INFO | Episode  241 - Reward: -7.100, Length: 40, Loss: nan, Epsilon: 0.100
2026-03-17 08:25:50 | INFO | Episode  242 - Reward: -6.800, Length: 40, Loss: nan, Epsilon: 0.100
2026-03-17 08:25:51 | INFO | Episode  243 - Reward: -7.250, Length: 40, Loss: nan, Epsilon: 0.100
2026-03-17 08:25:52 | INFO | Episode  244 - Reward: -6.950, Length: 40, Loss: nan, Epsilon: 0.100
2026-03-17 08:25:53 | INFO | Episode  245 - Reward: -6.650, Length: 40, Loss: nan, Epsilon: 0.100
2026-03-17 08:25:55 | INFO | Episode  246 - Reward: -7.400, Length: 40, Loss: nan, Epsilon: 0.100
2026-03-17 08:25:56 | INFO | Episode  247 - Reward: -7.100, Length: 40, Loss: nan, Epsilon: 0.100
2026-03-17 08:25:57 | INFO | Episode  248 - Reward: -6.650, Length: 40, Loss: nan, Epsilon: 0.100
2026-03-17 08:25:58 | INFO | Episode  249 - Reward: -7.100, Length: 40, Loss: nan, Epsilon: 0.100
2026-03-17 08:25:58 | INFO | Episode  250 - Reward: -7.250, Length: 40, Loss: nan, Epsilon: 0.100
2026-03-17 08:26:10 | INFO | [Episode  250] eps=0.100  avg_reward=  -7.055  avg_length= 40.00  avg_loss=     nan  eval_success=0.000
