2026-03-17 03:18:01 | INFO | ============================================================
2026-03-17 03:18:01 | INFO | DEVICE / COMPUTE INFORMATION
2026-03-17 03:18:01 | INFO |   JAX backend       : GPU
2026-03-17 03:18:01 | INFO |   Platform          : gpu
2026-03-17 03:18:01 | INFO |   Num devices       : 1
2026-03-17 03:18:01 | INFO |   Device            : cuda:0
2026-03-17 03:18:01 | INFO |   GPU name          : NVIDIA GeForce RTX 5060 Laptop GPU
2026-03-17 03:18:01 | INFO | ============================================================
2026-03-17 03:18:01 | INFO | ✓ JAX GPU backend confirmed.
2026-03-17 03:18:03 | INFO | DQN seed=1_gamma=0.99_lr=0.01
2026-03-17 03:18:05 | INFO | Episode    1 - Reward: 6.450, Length: 36, Loss: 0.0000, Epsilon: 0.991
2026-03-17 03:18:06 | INFO | Episode    2 - Reward: -4.850, Length: 40, Loss: 0.0000, Epsilon: 0.982
2026-03-17 03:18:10 | INFO | Episode    3 - Reward: -5.000, Length: 40, Loss: 0.0285, Epsilon: 0.973
2026-03-17 03:18:11 | INFO | Episode    4 - Reward: -4.400, Length: 40, Loss: 1.5964, Epsilon: 0.964
2026-03-17 03:18:12 | INFO | Episode    5 - Reward: -5.300, Length: 40, Loss: 0.7741, Epsilon: 0.955
2026-03-17 03:18:14 | INFO | Episode    6 - Reward: -5.300, Length: 40, Loss: 2.2431, Epsilon: 0.946
2026-03-17 03:18:15 | INFO | Episode    7 - Reward: -5.150, Length: 40, Loss: 0.0374, Epsilon: 0.937
2026-03-17 03:18:16 | INFO | Episode    8 - Reward: -4.100, Length: 40, Loss: 0.0244, Epsilon: 0.928
2026-03-17 03:18:17 | INFO | Episode    9 - Reward: -7.100, Length: 40, Loss: 0.0216, Epsilon: 0.919
2026-03-17 03:18:18 | INFO | Episode   10 - Reward: -4.550, Length: 40, Loss: 0.0153, Epsilon: 0.910
2026-03-17 03:18:19 | INFO | Episode   11 - Reward: -6.950, Length: 40, Loss: 0.0144, Epsilon: 0.901
2026-03-17 03:18:20 | INFO | Episode   12 - Reward: -8.300, Length: 40, Loss: 0.0737, Epsilon: 0.892
2026-03-17 03:18:21 | INFO | Episode   13 - Reward: -4.400, Length: 40, Loss: 0.7434, Epsilon: 0.883
2026-03-17 03:18:22 | INFO | Episode   14 - Reward: -5.750, Length: 40, Loss: 0.7675, Epsilon: 0.874
2026-03-17 03:18:24 | INFO | Episode   15 - Reward: 7.350, Length: 30, Loss: 0.0131, Epsilon: 0.865
2026-03-17 03:18:25 | INFO | Episode   16 - Reward: -4.400, Length: 40, Loss: 0.7349, Epsilon: 0.856
2026-03-17 03:18:26 | INFO | Episode   17 - Reward: -5.150, Length: 40, Loss: 0.0424, Epsilon: 0.847
2026-03-17 03:18:27 | INFO | Episode   18 - Reward: 3.750, Length: 27, Loss: 0.0447, Epsilon: 0.838
2026-03-17 03:18:28 | INFO | Episode   19 - Reward: -5.450, Length: 40, Loss: 1.6329, Epsilon: 0.829
2026-03-17 03:18:29 | INFO | Episode   20 - Reward: -6.200, Length: 40, Loss: 0.0104, Epsilon: 0.820
2026-03-17 03:18:30 | INFO | Episode   21 - Reward: 8.950, Length: 16, Loss: 0.7911, Epsilon: 0.811
2026-03-17 03:18:31 | INFO | Episode   22 - Reward: -6.950, Length: 40, Loss: 1.4286, Epsilon: 0.802
2026-03-17 03:18:33 | INFO | Episode   23 - Reward: 5.300, Length: 26, Loss: 0.0276, Epsilon: 0.793
2026-03-17 03:18:34 | INFO | Episode   24 - Reward: 8.750, Length: 14, Loss: 0.8029, Epsilon: 0.784
2026-03-17 03:18:35 | INFO | Episode   25 - Reward: 6.600, Length: 15, Loss: 0.0515, Epsilon: 0.775
2026-03-17 03:18:36 | INFO | Episode   26 - Reward: 6.100, Length: 25, Loss: 0.7388, Epsilon: 0.766
2026-03-17 03:18:37 | INFO | Episode   27 - Reward: -5.900, Length: 40, Loss: 1.4698, Epsilon: 0.757
2026-03-17 03:18:38 | INFO | Episode   28 - Reward: 6.100, Length: 22, Loss: 0.0526, Epsilon: 0.748
2026-03-17 03:18:39 | INFO | Episode   29 - Reward: 7.250, Length: 29, Loss: 0.7883, Epsilon: 0.739
2026-03-17 03:18:40 | INFO | Episode   30 - Reward: -5.150, Length: 40, Loss: 2.7366, Epsilon: 0.730
2026-03-17 03:18:41 | INFO | Episode   31 - Reward: 9.050, Length: 14, Loss: 0.1369, Epsilon: 0.721
2026-03-17 03:18:41 | INFO | Episode   32 - Reward: -6.050, Length: 40, Loss: 1.3055, Epsilon: 0.712
2026-03-17 03:18:42 | INFO | Episode   33 - Reward: -5.900, Length: 40, Loss: 0.7001, Epsilon: 0.703
2026-03-17 03:18:44 | INFO | Episode   34 - Reward: 1.750, Length: 40, Loss: 2.0897, Epsilon: 0.694
2026-03-17 03:18:45 | INFO | Episode   35 - Reward: -4.250, Length: 40, Loss: 1.9311, Epsilon: 0.685
2026-03-17 03:18:46 | INFO | Episode   36 - Reward: 8.950, Length: 13, Loss: 0.6797, Epsilon: 0.676
2026-03-17 03:18:47 | INFO | Episode   37 - Reward: 6.550, Length: 31, Loss: 1.8059, Epsilon: 0.667
2026-03-17 03:18:48 | INFO | Episode   38 - Reward: 1.300, Length: 37, Loss: 2.2909, Epsilon: 0.658
2026-03-17 03:18:49 | INFO | Episode   39 - Reward: -4.400, Length: 40, Loss: 0.1664, Epsilon: 0.649
2026-03-17 03:18:50 | INFO | Episode   40 - Reward: -6.050, Length: 40, Loss: 0.1467, Epsilon: 0.640
2026-03-17 03:18:51 | INFO | Episode   41 - Reward: 8.650, Length: 16, Loss: 1.2886, Epsilon: 0.631
2026-03-17 03:18:52 | INFO | Episode   42 - Reward: -5.300, Length: 40, Loss: 0.6566, Epsilon: 0.622
2026-03-17 03:18:53 | INFO | Episode   43 - Reward: -6.650, Length: 40, Loss: 0.6419, Epsilon: 0.613
2026-03-17 03:18:54 | INFO | Episode   44 - Reward: -7.400, Length: 40, Loss: 0.1677, Epsilon: 0.604
2026-03-17 03:18:55 | INFO | Episode   45 - Reward: 7.100, Length: 11, Loss: 1.3125, Epsilon: 0.595
2026-03-17 03:18:56 | INFO | Episode   46 - Reward: 1.100, Length: 38, Loss: 0.1269, Epsilon: 0.586
2026-03-17 03:18:57 | INFO | Episode   47 - Reward: 6.600, Length: 18, Loss: 2.6830, Epsilon: 0.577
2026-03-17 03:18:58 | INFO | Episode   48 - Reward: -6.350, Length: 40, Loss: 0.6293, Epsilon: 0.568
2026-03-17 03:18:59 | INFO | Episode   49 - Reward: -15.650, Length: 40, Loss: 0.6593, Epsilon: 0.559
2026-03-17 03:19:00 | INFO | Episode   50 - Reward: 7.400, Length: 11, Loss: 0.1407, Epsilon: 0.550
2026-03-17 03:19:17 | INFO | [Episode   50] eps=0.550  avg_reward=  -1.066  avg_length= 33.38  avg_loss=  0.7453  eval_success=0.000
2026-03-17 03:19:18 | INFO | Episode   51 - Reward: 4.500, Length: 39, Loss: 2.1410, Epsilon: 0.541
2026-03-17 03:19:19 | INFO | Episode   52 - Reward: 6.100, Length: 25, Loss: 0.5631, Epsilon: 0.532
2026-03-17 03:19:20 | INFO | Episode   53 - Reward: -6.650, Length: 40, Loss: 0.1893, Epsilon: 0.523
2026-03-17 03:19:21 | INFO | Episode   54 - Reward: 4.850, Length: 17, Loss: 0.8157, Epsilon: 0.514
2026-03-17 03:19:22 | INFO | Episode   55 - Reward: 8.850, Length: 15, Loss: 2.2343, Epsilon: 0.505
2026-03-17 03:19:23 | INFO | Episode   56 - Reward: -9.950, Length: 40, Loss: 0.6114, Epsilon: 0.496
2026-03-17 03:19:24 | INFO | Episode   57 - Reward: -12.650, Length: 40, Loss: 0.6155, Epsilon: 0.487
2026-03-17 03:19:25 | INFO | Episode   58 - Reward: 9.250, Length: 13, Loss: 0.6244, Epsilon: 0.478
2026-03-17 03:19:26 | INFO | Episode   59 - Reward: -5.900, Length: 40, Loss: 1.2043, Epsilon: 0.469
2026-03-17 03:19:27 | INFO | Episode   60 - Reward: 3.050, Length: 26, Loss: 1.4541, Epsilon: 0.460
2026-03-17 03:19:28 | INFO | Episode   61 - Reward: 9.350, Length: 14, Loss: 0.5592, Epsilon: 0.451
2026-03-17 03:19:29 | INFO | Episode   62 - Reward: -9.050, Length: 40, Loss: 0.2955, Epsilon: 0.442
2026-03-17 03:19:31 | INFO | Episode   63 - Reward: 8.150, Length: 20, Loss: 1.0912, Epsilon: 0.433
2026-03-17 03:19:32 | INFO | Episode   64 - Reward: -9.500, Length: 40, Loss: 1.7647, Epsilon: 0.424
2026-03-17 03:19:33 | INFO | Episode   65 - Reward: 8.550, Length: 15, Loss: 1.2071, Epsilon: 0.415
2026-03-17 03:19:34 | INFO | Episode   66 - Reward: 9.450, Length: 9, Loss: 0.6624, Epsilon: 0.406
2026-03-17 03:19:35 | INFO | Episode   67 - Reward: -10.850, Length: 40, Loss: 1.2441, Epsilon: 0.397
2026-03-17 03:19:36 | INFO | Episode   68 - Reward: -9.500, Length: 40, Loss: 0.8222, Epsilon: 0.388
2026-03-17 03:19:37 | INFO | Episode   69 - Reward: -7.400, Length: 40, Loss: 0.9833, Epsilon: 0.379
2026-03-17 03:19:38 | INFO | Episode   70 - Reward: -4.550, Length: 40, Loss: 1.0221, Epsilon: 0.370
2026-03-17 03:19:39 | INFO | Episode   71 - Reward: 9.350, Length: 11, Loss: 0.8323, Epsilon: 0.361
2026-03-17 03:19:40 | INFO | Episode   72 - Reward: 9.450, Length: 9, Loss: 0.7860, Epsilon: 0.352
2026-03-17 03:19:41 | INFO | Episode   73 - Reward: -8.750, Length: 40, Loss: 1.7402, Epsilon: 0.343
2026-03-17 03:19:42 | INFO | Episode   74 - Reward: -6.950, Length: 40, Loss: 1.0816, Epsilon: 0.334
2026-03-17 03:19:43 | INFO | Episode   75 - Reward: -11.600, Length: 40, Loss: 0.2831, Epsilon: 0.325
2026-03-17 03:19:45 | INFO | Episode   76 - Reward: -5.450, Length: 40, Loss: 0.8937, Epsilon: 0.316
2026-03-17 03:19:45 | INFO | Episode   77 - Reward: 7.550, Length: 23, Loss: 1.0365, Epsilon: 0.307
2026-03-17 03:19:46 | INFO | Episode   78 - Reward: -6.050, Length: 40, Loss: 0.6738, Epsilon: 0.298
2026-03-17 03:19:47 | INFO | Episode   79 - Reward: 4.150, Length: 40, Loss: 0.5384, Epsilon: 0.289
2026-03-17 03:19:48 | INFO | Episode   80 - Reward: -4.850, Length: 40, Loss: 0.5742, Epsilon: 0.280
2026-03-17 03:19:49 | INFO | Episode   81 - Reward: 8.450, Length: 17, Loss: 0.4808, Epsilon: 0.271
2026-03-17 03:19:50 | INFO | Episode   82 - Reward: -9.050, Length: 40, Loss: 1.1207, Epsilon: 0.262
2026-03-17 03:19:51 | INFO | Episode   83 - Reward: 7.750, Length: 19, Loss: 0.8126, Epsilon: 0.253
2026-03-17 03:19:52 | INFO | Episode   84 - Reward: -6.500, Length: 40, Loss: 1.5318, Epsilon: 0.244
2026-03-17 03:19:53 | INFO | Episode   85 - Reward: -6.800, Length: 40, Loss: 0.9830, Epsilon: 0.235
2026-03-17 03:19:54 | INFO | Episode   86 - Reward: 8.650, Length: 13, Loss: 1.5057, Epsilon: 0.226
2026-03-17 03:19:55 | INFO | Episode   87 - Reward: -6.050, Length: 40, Loss: 0.2982, Epsilon: 0.217
2026-03-17 03:19:56 | INFO | Episode   88 - Reward: -6.500, Length: 40, Loss: 0.5563, Epsilon: 0.208
2026-03-17 03:19:57 | INFO | Episode   89 - Reward: -6.650, Length: 40, Loss: 0.3427, Epsilon: 0.199
2026-03-17 03:19:58 | INFO | Episode   90 - Reward: -6.050, Length: 40, Loss: 0.3514, Epsilon: 0.190
2026-03-17 03:20:00 | INFO | Episode   91 - Reward: -6.350, Length: 40, Loss: 1.4342, Epsilon: 0.181
2026-03-17 03:20:01 | INFO | Episode   92 - Reward: 9.550, Length: 10, Loss: 0.8375, Epsilon: 0.172
2026-03-17 03:20:02 | INFO | Episode   93 - Reward: -8.150, Length: 40, Loss: 0.3011, Epsilon: 0.163
2026-03-17 03:20:03 | INFO | Episode   94 - Reward: -6.800, Length: 40, Loss: 0.4904, Epsilon: 0.154
2026-03-17 03:20:04 | INFO | Episode   95 - Reward: -9.950, Length: 40, Loss: 0.8141, Epsilon: 0.145
2026-03-17 03:20:05 | INFO | Episode   96 - Reward: 4.050, Length: 39, Loss: 0.7128, Epsilon: 0.136
2026-03-17 03:20:06 | INFO | Episode   97 - Reward: -9.500, Length: 40, Loss: 1.6666, Epsilon: 0.127
2026-03-17 03:20:07 | INFO | Episode   98 - Reward: -8.450, Length: 40, Loss: 0.3650, Epsilon: 0.118
2026-03-17 03:20:07 | INFO | Episode   99 - Reward: 9.650, Length: 8, Loss: 0.3791, Epsilon: 0.109
2026-03-17 03:20:08 | INFO | Episode  100 - Reward: 6.800, Length: 14, Loss: 0.3128, Epsilon: 0.100
2026-03-17 03:20:20 | INFO | [Episode  100] eps=0.100  avg_reward=  -1.379  avg_length= 31.12  avg_loss=  0.8768  eval_success=0.000
2026-03-17 03:20:21 | INFO | Episode  101 - Reward: 3.550, Length: 40, Loss: 0.5034, Epsilon: 0.100
2026-03-17 03:20:22 | INFO | Episode  102 - Reward: -6.650, Length: 40, Loss: 1.0533, Epsilon: 0.100
2026-03-17 03:20:22 | INFO | Episode  103 - Reward: 7.450, Length: 19, Loss: 1.1400, Epsilon: 0.100
2026-03-17 03:20:23 | INFO | Episode  104 - Reward: -7.400, Length: 40, Loss: 1.2136, Epsilon: 0.100
2026-03-17 03:20:24 | INFO | Episode  105 - Reward: -7.400, Length: 40, Loss: 0.4222, Epsilon: 0.100
2026-03-17 03:20:25 | INFO | Episode  106 - Reward: -7.400, Length: 40, Loss: 0.9829, Epsilon: 0.100
2026-03-17 03:20:26 | INFO | Episode  107 - Reward: 3.550, Length: 40, Loss: 1.0012, Epsilon: 0.100
2026-03-17 03:20:27 | INFO | Episode  108 - Reward: 4.650, Length: 33, Loss: 1.1127, Epsilon: 0.100
2026-03-17 03:20:28 | INFO | Episode  109 - Reward: 9.150, Length: 12, Loss: 1.1219, Epsilon: 0.100
2026-03-17 03:20:28 | INFO | Episode  110 - Reward: 9.650, Length: 8, Loss: 1.5346, Epsilon: 0.100
2026-03-17 03:20:29 | INFO | Episode  111 - Reward: -7.250, Length: 40, Loss: 0.8257, Epsilon: 0.100
2026-03-17 03:20:30 | INFO | Episode  112 - Reward: 4.250, Length: 17, Loss: 0.9285, Epsilon: 0.100
2026-03-17 03:20:31 | INFO | Episode  113 - Reward: -7.100, Length: 40, Loss: 1.2208, Epsilon: 0.100
2026-03-17 03:20:32 | INFO | Episode  114 - Reward: -8.750, Length: 40, Loss: 0.9800, Epsilon: 0.100
2026-03-17 03:20:33 | INFO | Episode  115 - Reward: 3.450, Length: 21, Loss: 0.8988, Epsilon: 0.100
2026-03-17 03:20:33 | INFO | Episode  116 - Reward: 7.850, Length: 20, Loss: 1.1559, Epsilon: 0.100
2026-03-17 03:20:34 | INFO | Episode  117 - Reward: -6.950, Length: 40, Loss: 1.6366, Epsilon: 0.100
2026-03-17 03:20:35 | INFO | Episode  118 - Reward: -7.100, Length: 40, Loss: 0.1597, Epsilon: 0.100
2026-03-17 03:20:36 | INFO | Episode  119 - Reward: -7.250, Length: 40, Loss: 0.4786, Epsilon: 0.100
2026-03-17 03:20:37 | INFO | Episode  120 - Reward: 7.050, Length: 21, Loss: 0.5987, Epsilon: 0.100
2026-03-17 03:20:38 | INFO | Episode  121 - Reward: -7.700, Length: 40, Loss: 0.4091, Epsilon: 0.100
2026-03-17 03:20:38 | INFO | Episode  122 - Reward: -7.850, Length: 40, Loss: 0.9024, Epsilon: 0.100
2026-03-17 03:20:39 | INFO | Episode  123 - Reward: -7.550, Length: 40, Loss: 0.4634, Epsilon: 0.100
2026-03-17 03:20:40 | INFO | Episode  124 - Reward: 9.450, Length: 9, Loss: 0.0878, Epsilon: 0.100
2026-03-17 03:20:41 | INFO | Episode  125 - Reward: 9.450, Length: 9, Loss: 0.6640, Epsilon: 0.100
2026-03-17 03:20:42 | INFO | Episode  126 - Reward: -7.400, Length: 40, Loss: 1.2619, Epsilon: 0.100
2026-03-17 03:20:43 | INFO | Episode  127 - Reward: 9.650, Length: 8, Loss: 0.1801, Epsilon: 0.100
2026-03-17 03:20:43 | INFO | Episode  128 - Reward: 9.650, Length: 8, Loss: 0.6782, Epsilon: 0.100
2026-03-17 03:20:44 | INFO | Episode  129 - Reward: -12.200, Length: 40, Loss: 0.7662, Epsilon: 0.100
2026-03-17 03:20:45 | INFO | Episode  130 - Reward: 7.500, Length: 12, Loss: 1.0434, Epsilon: 0.100
2026-03-17 03:20:46 | INFO | Episode  131 - Reward: -8.600, Length: 40, Loss: 0.4279, Epsilon: 0.100
2026-03-17 03:20:47 | INFO | Episode  132 - Reward: -8.300, Length: 40, Loss: 0.7282, Epsilon: 0.100
2026-03-17 03:20:47 | INFO | Episode  133 - Reward: -8.150, Length: 40, Loss: 1.2899, Epsilon: 0.100
2026-03-17 03:20:48 | INFO | Episode  134 - Reward: 9.250, Length: 10, Loss: 0.8167, Epsilon: 0.100
2026-03-17 03:20:49 | INFO | Episode  135 - Reward: -7.400, Length: 40, Loss: 1.3402, Epsilon: 0.100
2026-03-17 03:20:50 | INFO | Episode  136 - Reward: 9.650, Length: 8, Loss: 1.5752, Epsilon: 0.100
2026-03-17 03:20:50 | INFO | Episode  137 - Reward: -6.650, Length: 40, Loss: 0.3194, Epsilon: 0.100
2026-03-17 03:20:51 | INFO | Episode  138 - Reward: -8.600, Length: 40, Loss: 1.0319, Epsilon: 0.100
2026-03-17 03:20:52 | INFO | Episode  139 - Reward: 8.650, Length: 13, Loss: 1.1398, Epsilon: 0.100
2026-03-17 03:20:53 | INFO | Episode  140 - Reward: 9.150, Length: 12, Loss: 0.6869, Epsilon: 0.100
2026-03-17 03:20:54 | INFO | Episode  141 - Reward: 6.100, Length: 16, Loss: 2.3319, Epsilon: 0.100
2026-03-17 03:20:55 | INFO | Episode  142 - Reward: 9.650, Length: 8, Loss: 0.9316, Epsilon: 0.100
2026-03-17 03:20:55 | INFO | Episode  143 - Reward: -7.550, Length: 40, Loss: 0.0891, Epsilon: 0.100
2026-03-17 03:20:56 | INFO | Episode  144 - Reward: 9.650, Length: 8, Loss: 1.1106, Epsilon: 0.100
2026-03-17 03:20:57 | INFO | Episode  145 - Reward: -7.100, Length: 40, Loss: 1.4100, Epsilon: 0.100
2026-03-17 03:20:59 | INFO | Episode  146 - Reward: 9.550, Length: 10, Loss: 0.8943, Epsilon: 0.100
2026-03-17 03:21:00 | INFO | Episode  147 - Reward: 9.450, Length: 9, Loss: 0.9316, Epsilon: 0.100
2026-03-17 03:21:01 | INFO | Episode  148 - Reward: 9.650, Length: 8, Loss: 1.3174, Epsilon: 0.100
2026-03-17 03:21:02 | INFO | Episode  149 - Reward: 9.450, Length: 9, Loss: 0.7538, Epsilon: 0.100
2026-03-17 03:21:03 | INFO | Episode  150 - Reward: -8.150, Length: 40, Loss: 1.3461, Epsilon: 0.100
2026-03-17 03:21:18 | INFO | [Episode  150] eps=0.100  avg_reward=   0.401  avg_length= 26.96  avg_loss=  0.9180  eval_success=0.000
2026-03-17 03:21:19 | INFO | Episode  151 - Reward: -8.450, Length: 40, Loss: 1.2129, Epsilon: 0.100
2026-03-17 03:21:21 | INFO | Episode  152 - Reward: 9.650, Length: 8, Loss: 0.7661, Epsilon: 0.100
2026-03-17 03:21:22 | INFO | Episode  153 - Reward: 9.650, Length: 8, Loss: 0.4266, Epsilon: 0.100
2026-03-17 03:21:23 | INFO | Episode  154 - Reward: -7.400, Length: 40, Loss: 0.8991, Epsilon: 0.100
2026-03-17 03:21:24 | INFO | Episode  155 - Reward: 9.650, Length: 8, Loss: 0.0551, Epsilon: 0.100
2026-03-17 03:21:25 | INFO | Episode  156 - Reward: 9.450, Length: 9, Loss: 0.8294, Epsilon: 0.100
2026-03-17 03:21:26 | INFO | Episode  157 - Reward: -6.800, Length: 40, Loss: 0.6648, Epsilon: 0.100
2026-03-17 03:21:27 | INFO | Episode  158 - Reward: 9.650, Length: 8, Loss: 1.5456, Epsilon: 0.100
2026-03-17 03:21:28 | INFO | Episode  159 - Reward: -7.400, Length: 40, Loss: 0.7947, Epsilon: 0.100
2026-03-17 03:21:29 | INFO | Episode  160 - Reward: -11.000, Length: 40, Loss: 0.7696, Epsilon: 0.100
2026-03-17 03:21:30 | INFO | Episode  161 - Reward: -9.800, Length: 40, Loss: 0.2546, Epsilon: 0.100
2026-03-17 03:21:31 | INFO | Episode  162 - Reward: 9.450, Length: 9, Loss: 0.1877, Epsilon: 0.100
2026-03-17 03:21:32 | INFO | Episode  163 - Reward: 8.150, Length: 17, Loss: 0.9809, Epsilon: 0.100
2026-03-17 03:21:33 | INFO | Episode  164 - Reward: 9.450, Length: 9, Loss: 1.4653, Epsilon: 0.100
2026-03-17 03:21:35 | INFO | Episode  165 - Reward: -6.950, Length: 40, Loss: 1.3524, Epsilon: 0.100
2026-03-17 03:21:36 | INFO | Episode  166 - Reward: -7.250, Length: 40, Loss: 0.5087, Epsilon: 0.100
2026-03-17 03:21:37 | INFO | Episode  167 - Reward: 9.650, Length: 8, Loss: 0.5501, Epsilon: 0.100
2026-03-17 03:21:38 | INFO | Episode  168 - Reward: 9.550, Length: 10, Loss: 0.5369, Epsilon: 0.100
2026-03-17 03:21:39 | INFO | Episode  169 - Reward: 9.450, Length: 9, Loss: 1.7750, Epsilon: 0.100
2026-03-17 03:21:40 | INFO | Episode  170 - Reward: -7.250, Length: 40, Loss: 0.6025, Epsilon: 0.100
2026-03-17 03:21:41 | INFO | Episode  171 - Reward: 9.250, Length: 10, Loss: 0.6009, Epsilon: 0.100
2026-03-17 03:21:42 | INFO | Episode  172 - Reward: -10.250, Length: 40, Loss: 1.1829, Epsilon: 0.100
2026-03-17 03:21:43 | INFO | Episode  173 - Reward: -7.250, Length: 40, Loss: 0.4679, Epsilon: 0.100
2026-03-17 03:21:45 | INFO | Episode  174 - Reward: 1.900, Length: 37, Loss: 0.6422, Epsilon: 0.100
2026-03-17 03:21:46 | INFO | Episode  175 - Reward: 9.650, Length: 8, Loss: 0.0566, Epsilon: 0.100
2026-03-17 03:21:47 | INFO | Episode  176 - Reward: 9.550, Length: 10, Loss: 0.9629, Epsilon: 0.100
2026-03-17 03:21:48 | INFO | Episode  177 - Reward: -7.400, Length: 40, Loss: 2.0783, Epsilon: 0.100
2026-03-17 03:21:49 | INFO | Episode  178 - Reward: -8.300, Length: 40, Loss: 1.0906, Epsilon: 0.100
2026-03-17 03:21:50 | INFO | Episode  179 - Reward: 2.900, Length: 32, Loss: 0.5592, Epsilon: 0.100
2026-03-17 03:21:50 | INFO | Episode  180 - Reward: -8.900, Length: 40, Loss: 0.8137, Epsilon: 0.100
2026-03-17 03:21:51 | INFO | Episode  181 - Reward: 9.550, Length: 10, Loss: 0.7580, Epsilon: 0.100
2026-03-17 03:21:52 | INFO | Episode  182 - Reward: 7.600, Length: 10, Loss: 0.6540, Epsilon: 0.100
2026-03-17 03:21:53 | INFO | Episode  183 - Reward: 9.550, Length: 10, Loss: 0.5328, Epsilon: 0.100
2026-03-17 03:21:54 | INFO | Episode  184 - Reward: 9.550, Length: 10, Loss: 0.7920, Epsilon: 0.100
2026-03-17 03:21:56 | INFO | Episode  185 - Reward: 9.650, Length: 8, Loss: 0.8617, Epsilon: 0.100
2026-03-17 03:21:57 | INFO | Episode  186 - Reward: 9.650, Length: 8, Loss: 1.3532, Epsilon: 0.100
2026-03-17 03:21:58 | INFO | Episode  187 - Reward: 9.450, Length: 9, Loss: 1.2730, Epsilon: 0.100
2026-03-17 03:21:59 | INFO | Episode  188 - Reward: 9.650, Length: 8, Loss: 1.2984, Epsilon: 0.100
2026-03-17 03:22:00 | INFO | Episode  189 - Reward: 9.650, Length: 8, Loss: 1.2439, Epsilon: 0.100
2026-03-17 03:22:01 | INFO | Episode  190 - Reward: -10.550, Length: 40, Loss: 0.8004, Epsilon: 0.100
2026-03-17 03:22:02 | INFO | Episode  191 - Reward: 9.250, Length: 10, Loss: 0.6615, Epsilon: 0.100
2026-03-17 03:22:03 | INFO | Episode  192 - Reward: 9.650, Length: 8, Loss: 1.7362, Epsilon: 0.100
2026-03-17 03:22:04 | INFO | Episode  193 - Reward: 1.700, Length: 38, Loss: 0.6123, Epsilon: 0.100
2026-03-17 03:22:05 | INFO | Episode  194 - Reward: 7.200, Length: 12, Loss: 0.9308, Epsilon: 0.100
2026-03-17 03:22:07 | INFO | Episode  195 - Reward: 1.350, Length: 33, Loss: 0.5498, Epsilon: 0.100
2026-03-17 03:22:08 | INFO | Episode  196 - Reward: 9.650, Length: 8, Loss: 1.0069, Epsilon: 0.100
2026-03-17 03:22:09 | INFO | Episode  197 - Reward: 9.650, Length: 8, Loss: 0.5381, Epsilon: 0.100
2026-03-17 03:22:10 | INFO | Episode  198 - Reward: -7.100, Length: 40, Loss: 1.5089, Epsilon: 0.100
2026-03-17 03:22:11 | INFO | Episode  199 - Reward: -10.550, Length: 40, Loss: 0.4884, Epsilon: 0.100
2026-03-17 03:22:12 | INFO | Episode  200 - Reward: 9.650, Length: 8, Loss: 0.2260, Epsilon: 0.100
2026-03-17 03:22:15 | INFO | [Episode  200] eps=0.100  avg_reward=   2.736  avg_length= 21.72  avg_loss=  0.8492  eval_success=1.000
2026-03-17 03:22:16 | INFO | Episode  201 - Reward: 9.450, Length: 9, Loss: 1.0672, Epsilon: 0.100
2026-03-17 03:22:18 | INFO | Episode  202 - Reward: 9.650, Length: 8, Loss: 1.1735, Epsilon: 0.100
2026-03-17 03:22:19 | INFO | Episode  203 - Reward: 1.300, Length: 25, Loss: 2.6350, Epsilon: 0.100
2026-03-17 03:22:20 | INFO | Episode  204 - Reward: -12.050, Length: 40, Loss: 0.7190, Epsilon: 0.100
2026-03-17 03:22:21 | INFO | Episode  205 - Reward: 9.450, Length: 9, Loss: 0.3466, Epsilon: 0.100
2026-03-17 03:22:21 | INFO | Episode  206 - Reward: 9.650, Length: 8, Loss: 0.9573, Epsilon: 0.100
2026-03-17 03:22:22 | INFO | Episode  207 - Reward: 9.650, Length: 8, Loss: 0.7735, Epsilon: 0.100
2026-03-17 03:22:23 | INFO | Episode  208 - Reward: -12.200, Length: 40, Loss: 1.5192, Epsilon: 0.100
2026-03-17 03:22:24 | INFO | Episode  209 - Reward: -6.950, Length: 40, Loss: 1.6188, Epsilon: 0.100
2026-03-17 03:22:25 | INFO | Episode  210 - Reward: -7.550, Length: 40, Loss: 1.3271, Epsilon: 0.100
2026-03-17 03:22:27 | INFO | Episode  211 - Reward: -8.450, Length: 40, Loss: 1.7290, Epsilon: 0.100
2026-03-17 03:22:28 | INFO | Episode  212 - Reward: 9.650, Length: 8, Loss: 1.5453, Epsilon: 0.100
2026-03-17 03:22:29 | INFO | Episode  213 - Reward: 5.700, Length: 18, Loss: 0.6302, Epsilon: 0.100
2026-03-17 03:22:30 | INFO | Episode  214 - Reward: -8.300, Length: 40, Loss: 1.6266, Epsilon: 0.100
2026-03-17 03:22:31 | INFO | Episode  215 - Reward: 5.900, Length: 20, Loss: 1.3048, Epsilon: 0.100
2026-03-17 03:22:32 | INFO | Episode  216 - Reward: 7.700, Length: 8, Loss: 1.5736, Epsilon: 0.100
2026-03-17 03:22:33 | INFO | Episode  217 - Reward: 9.650, Length: 8, Loss: 1.4696, Epsilon: 0.100
2026-03-17 03:22:34 | INFO | Episode  218 - Reward: 5.600, Length: 20, Loss: 0.4729, Epsilon: 0.100
2026-03-17 03:22:35 | INFO | Episode  219 - Reward: 9.350, Length: 11, Loss: 2.0022, Epsilon: 0.100
2026-03-17 03:22:36 | INFO | Episode  220 - Reward: -7.850, Length: 40, Loss: 2.5870, Epsilon: 0.100
2026-03-17 03:22:37 | INFO | Episode  221 - Reward: 9.450, Length: 9, Loss: 0.9851, Epsilon: 0.100
2026-03-17 03:22:38 | INFO | Episode  222 - Reward: -7.250, Length: 40, Loss: 0.9251, Epsilon: 0.100
2026-03-17 03:22:39 | INFO | Episode  223 - Reward: 9.450, Length: 9, Loss: 0.7680, Epsilon: 0.100
2026-03-17 03:22:40 | INFO | Episode  224 - Reward: 9.650, Length: 8, Loss: 1.0342, Epsilon: 0.100
2026-03-17 03:22:41 | INFO | Episode  225 - Reward: 9.650, Length: 8, Loss: 1.8276, Epsilon: 0.100
2026-03-17 03:22:43 | INFO | Episode  226 - Reward: 4.450, Length: 16, Loss: 0.9356, Epsilon: 0.100
2026-03-17 03:22:44 | INFO | Episode  227 - Reward: -10.550, Length: 40, Loss: 1.7287, Epsilon: 0.100
2026-03-17 03:22:45 | INFO | Episode  228 - Reward: -8.900, Length: 40, Loss: 1.3259, Epsilon: 0.100
2026-03-17 03:22:46 | INFO | Episode  229 - Reward: 9.550, Length: 10, Loss: 0.5589, Epsilon: 0.100
2026-03-17 03:22:47 | INFO | Episode  230 - Reward: -7.100, Length: 40, Loss: 1.0101, Epsilon: 0.100
2026-03-17 03:22:48 | INFO | Episode  231 - Reward: 7.700, Length: 8, Loss: 0.6657, Epsilon: 0.100
2026-03-17 03:22:49 | INFO | Episode  232 - Reward: 9.650, Length: 8, Loss: 0.8523, Epsilon: 0.100
2026-03-17 03:22:50 | INFO | Episode  233 - Reward: 9.650, Length: 8, Loss: 0.8613, Epsilon: 0.100
2026-03-17 03:22:51 | INFO | Episode  234 - Reward: 7.700, Length: 8, Loss: 1.7699, Epsilon: 0.100
2026-03-17 03:22:52 | INFO | Episode  235 - Reward: 7.700, Length: 8, Loss: 1.1896, Epsilon: 0.100
2026-03-17 03:22:53 | INFO | Episode  236 - Reward: 9.650, Length: 8, Loss: 0.7021, Epsilon: 0.100
2026-03-17 03:22:54 | INFO | Episode  237 - Reward: -6.350, Length: 40, Loss: 1.2420, Epsilon: 0.100
2026-03-17 03:22:55 | INFO | Episode  238 - Reward: 6.650, Length: 23, Loss: 0.9209, Epsilon: 0.100
2026-03-17 03:22:56 | INFO | Episode  239 - Reward: 9.450, Length: 9, Loss: 1.0950, Epsilon: 0.100
2026-03-17 03:22:57 | INFO | Episode  240 - Reward: 7.700, Length: 8, Loss: 0.9452, Epsilon: 0.100
2026-03-17 03:22:58 | INFO | Episode  241 - Reward: 9.650, Length: 8, Loss: 1.4255, Epsilon: 0.100
2026-03-17 03:22:59 | INFO | Episode  242 - Reward: 7.700, Length: 8, Loss: 1.5908, Epsilon: 0.100
2026-03-17 03:23:00 | INFO | Episode  243 - Reward: -1.800, Length: 39, Loss: 1.4771, Epsilon: 0.100
2026-03-17 03:23:01 | INFO | Episode  244 - Reward: -6.500, Length: 40, Loss: 0.7367, Epsilon: 0.100
2026-03-17 03:23:03 | INFO | Episode  245 - Reward: 9.550, Length: 10, Loss: 1.2705, Epsilon: 0.100
2026-03-17 03:23:03 | INFO | Episode  246 - Reward: -8.300, Length: 40, Loss: 0.9581, Epsilon: 0.100
2026-03-17 03:23:05 | INFO | Episode  247 - Reward: 9.550, Length: 10, Loss: 0.5886, Epsilon: 0.100
2026-03-17 03:23:05 | INFO | Episode  248 - Reward: -1.200, Length: 36, Loss: 1.7446, Epsilon: 0.100
2026-03-17 03:23:06 | INFO | Episode  249 - Reward: 7.500, Length: 9, Loss: 1.9346, Epsilon: 0.100
2026-03-17 03:23:07 | INFO | Episode  250 - Reward: 5.500, Length: 19, Loss: 0.6820, Epsilon: 0.100
2026-03-17 03:23:10 | INFO | [Episode  250] eps=0.100  avg_reward=   3.178  avg_length= 20.14  avg_loss=  1.2166  eval_success=1.000
