2026-03-17 03:40:11 | INFO | ============================================================
2026-03-17 03:40:11 | INFO | DEVICE / COMPUTE INFORMATION
2026-03-17 03:40:11 | INFO |   JAX backend       : GPU
2026-03-17 03:40:11 | INFO |   Platform          : gpu
2026-03-17 03:40:11 | INFO |   Num devices       : 1
2026-03-17 03:40:11 | INFO |   Device            : cuda:0
2026-03-17 03:40:11 | INFO |   GPU name          : NVIDIA GeForce RTX 5060 Laptop GPU
2026-03-17 03:40:11 | INFO | ============================================================
2026-03-17 03:40:11 | INFO | ✓ JAX GPU backend confirmed.
2026-03-17 03:40:12 | INFO | DQN seed=2_gamma=0.9_lr=0.001
2026-03-17 03:40:14 | INFO | Episode    1 - Reward: -5.450, Length: 40, Loss: 0.0000, Epsilon: 0.991
2026-03-17 03:40:15 | INFO | Episode    2 - Reward: -5.900, Length: 40, Loss: 0.0000, Epsilon: 0.982
2026-03-17 03:40:18 | INFO | Episode    3 - Reward: -4.400, Length: 40, Loss: 0.1809, Epsilon: 0.973
2026-03-17 03:40:19 | INFO | Episode    4 - Reward: -5.150, Length: 40, Loss: 0.0915, Epsilon: 0.964
2026-03-17 03:40:19 | INFO | Episode    5 - Reward: -6.050, Length: 40, Loss: 0.0804, Epsilon: 0.955
2026-03-17 03:40:20 | INFO | Episode    6 - Reward: -6.050, Length: 40, Loss: 0.0530, Epsilon: 0.946
2026-03-17 03:40:21 | INFO | Episode    7 - Reward: -4.250, Length: 40, Loss: 0.0711, Epsilon: 0.937
2026-03-17 03:40:22 | INFO | Episode    8 - Reward: -4.550, Length: 40, Loss: 0.0844, Epsilon: 0.928
2026-03-17 03:40:23 | INFO | Episode    9 - Reward: -4.250, Length: 40, Loss: 0.0451, Epsilon: 0.919
2026-03-17 03:40:24 | INFO | Episode   10 - Reward: -5.900, Length: 40, Loss: 0.0435, Epsilon: 0.910
2026-03-17 03:40:25 | INFO | Episode   11 - Reward: -4.400, Length: 40, Loss: 0.0384, Epsilon: 0.901
2026-03-17 03:40:25 | INFO | Episode   12 - Reward: -4.850, Length: 40, Loss: 0.0673, Epsilon: 0.892
2026-03-17 03:40:26 | INFO | Episode   13 - Reward: 6.850, Length: 31, Loss: 0.0380, Epsilon: 0.883
2026-03-17 03:40:27 | INFO | Episode   14 - Reward: -5.450, Length: 40, Loss: 0.0352, Epsilon: 0.874
2026-03-17 03:40:28 | INFO | Episode   15 - Reward: 2.750, Length: 29, Loss: 0.9477, Epsilon: 0.865
2026-03-17 03:40:29 | INFO | Episode   16 - Reward: -5.000, Length: 40, Loss: 0.8314, Epsilon: 0.856
2026-03-17 03:40:30 | INFO | Episode   17 - Reward: -6.500, Length: 40, Loss: 0.0935, Epsilon: 0.847
2026-03-17 03:40:31 | INFO | Episode   18 - Reward: -5.150, Length: 40, Loss: 0.0923, Epsilon: 0.838
2026-03-17 03:40:31 | INFO | Episode   19 - Reward: -5.300, Length: 40, Loss: 0.0619, Epsilon: 0.829
2026-03-17 03:40:32 | INFO | Episode   20 - Reward: -4.400, Length: 40, Loss: 1.5626, Epsilon: 0.820
2026-03-17 03:40:33 | INFO | Episode   21 - Reward: -6.200, Length: 40, Loss: 0.0303, Epsilon: 0.811
2026-03-17 03:40:34 | INFO | Episode   22 - Reward: -5.750, Length: 40, Loss: 0.0279, Epsilon: 0.802
2026-03-17 03:40:35 | INFO | Episode   23 - Reward: -6.350, Length: 40, Loss: 0.0923, Epsilon: 0.793
2026-03-17 03:40:37 | INFO | Episode   24 - Reward: -4.850, Length: 40, Loss: 0.0255, Epsilon: 0.784
2026-03-17 03:40:38 | INFO | Episode   25 - Reward: -6.050, Length: 40, Loss: 0.8107, Epsilon: 0.775
2026-03-17 03:40:39 | INFO | Episode   26 - Reward: -5.300, Length: 40, Loss: 0.0247, Epsilon: 0.766
2026-03-17 03:40:40 | INFO | Episode   27 - Reward: -5.750, Length: 40, Loss: 0.0256, Epsilon: 0.757
2026-03-17 03:40:40 | INFO | Episode   28 - Reward: -5.900, Length: 40, Loss: 0.0255, Epsilon: 0.748
2026-03-17 03:40:41 | INFO | Episode   29 - Reward: -5.000, Length: 40, Loss: 0.8381, Epsilon: 0.739
2026-03-17 03:40:42 | INFO | Episode   30 - Reward: -5.450, Length: 40, Loss: 0.0200, Epsilon: 0.730
2026-03-17 03:40:44 | INFO | Episode   31 - Reward: -4.700, Length: 40, Loss: 0.0243, Epsilon: 0.721
2026-03-17 03:40:45 | INFO | Episode   32 - Reward: -5.000, Length: 40, Loss: 0.0226, Epsilon: 0.712
2026-03-17 03:40:46 | INFO | Episode   33 - Reward: -4.400, Length: 40, Loss: 0.1770, Epsilon: 0.703
2026-03-17 03:40:47 | INFO | Episode   34 - Reward: -6.800, Length: 40, Loss: 0.0195, Epsilon: 0.694
2026-03-17 03:40:48 | INFO | Episode   35 - Reward: -4.850, Length: 40, Loss: 0.8022, Epsilon: 0.685
2026-03-17 03:40:49 | INFO | Episode   36 - Reward: -4.700, Length: 40, Loss: 0.0526, Epsilon: 0.676
2026-03-17 03:40:50 | INFO | Episode   37 - Reward: -5.150, Length: 40, Loss: 0.0205, Epsilon: 0.667
2026-03-17 03:40:51 | INFO | Episode   38 - Reward: -5.750, Length: 40, Loss: 0.0204, Epsilon: 0.658
2026-03-17 03:40:52 | INFO | Episode   39 - Reward: -9.350, Length: 40, Loss: 1.6476, Epsilon: 0.649
2026-03-17 03:40:53 | INFO | Episode   40 - Reward: -5.300, Length: 40, Loss: 0.0485, Epsilon: 0.640
2026-03-17 03:40:54 | INFO | Episode   41 - Reward: -4.250, Length: 40, Loss: 0.8167, Epsilon: 0.631
2026-03-17 03:40:55 | INFO | Episode   42 - Reward: -4.550, Length: 40, Loss: 0.0196, Epsilon: 0.622
2026-03-17 03:40:56 | INFO | Episode   43 - Reward: -5.150, Length: 40, Loss: 0.0212, Epsilon: 0.613
2026-03-17 03:40:57 | INFO | Episode   44 - Reward: -5.900, Length: 40, Loss: 0.0177, Epsilon: 0.604
2026-03-17 03:40:59 | INFO | Episode   45 - Reward: -4.850, Length: 40, Loss: 0.0206, Epsilon: 0.595
2026-03-17 03:41:00 | INFO | Episode   46 - Reward: -5.000, Length: 40, Loss: 0.0198, Epsilon: 0.586
2026-03-17 03:41:01 | INFO | Episode   47 - Reward: -5.450, Length: 40, Loss: 0.0221, Epsilon: 0.577
2026-03-17 03:41:02 | INFO | Episode   48 - Reward: -4.700, Length: 40, Loss: 0.0201, Epsilon: 0.568
2026-03-17 03:41:03 | INFO | Episode   49 - Reward: -5.600, Length: 40, Loss: 0.7558, Epsilon: 0.559
2026-03-17 03:41:04 | INFO | Episode   50 - Reward: -5.900, Length: 40, Loss: 0.0450, Epsilon: 0.550
2026-03-17 03:41:19 | INFO | [Episode   50] eps=0.550  avg_reward=  -4.947  avg_length= 39.60  avg_loss=  0.2187  eval_success=0.000
2026-03-17 03:41:20 | INFO | Episode   51 - Reward: -4.550, Length: 40, Loss: 0.0491, Epsilon: 0.541
2026-03-17 03:41:21 | INFO | Episode   52 - Reward: -3.050, Length: 40, Loss: 0.0190, Epsilon: 0.532
2026-03-17 03:41:22 | INFO | Episode   53 - Reward: -3.950, Length: 40, Loss: 0.0145, Epsilon: 0.523
2026-03-17 03:41:23 | INFO | Episode   54 - Reward: -3.950, Length: 40, Loss: 0.0168, Epsilon: 0.514
2026-03-17 03:41:24 | INFO | Episode   55 - Reward: -4.400, Length: 40, Loss: 0.0156, Epsilon: 0.505
2026-03-17 03:41:26 | INFO | Episode   56 - Reward: -3.650, Length: 40, Loss: 0.0474, Epsilon: 0.496
2026-03-17 03:41:27 | INFO | Episode   57 - Reward: -3.350, Length: 40, Loss: 0.0752, Epsilon: 0.487
2026-03-17 03:41:28 | INFO | Episode   58 - Reward: -4.250, Length: 40, Loss: 0.0772, Epsilon: 0.478
2026-03-17 03:41:29 | INFO | Episode   59 - Reward: -7.250, Length: 40, Loss: 0.0763, Epsilon: 0.469
2026-03-17 03:41:30 | INFO | Episode   60 - Reward: -4.100, Length: 40, Loss: 0.8106, Epsilon: 0.460
2026-03-17 03:41:31 | INFO | Episode   61 - Reward: -5.450, Length: 40, Loss: 0.0757, Epsilon: 0.451
2026-03-17 03:41:32 | INFO | Episode   62 - Reward: -4.250, Length: 40, Loss: 0.0158, Epsilon: 0.442
2026-03-17 03:41:33 | INFO | Episode   63 - Reward: -5.750, Length: 40, Loss: 0.0146, Epsilon: 0.433
2026-03-17 03:41:34 | INFO | Episode   64 - Reward: -3.500, Length: 40, Loss: 0.0150, Epsilon: 0.424
2026-03-17 03:41:35 | INFO | Episode   65 - Reward: 6.900, Length: 15, Loss: 0.0148, Epsilon: 0.415
2026-03-17 03:41:36 | INFO | Episode   66 - Reward: -4.250, Length: 40, Loss: 0.0463, Epsilon: 0.406
2026-03-17 03:41:37 | INFO | Episode   67 - Reward: -3.050, Length: 40, Loss: 0.0135, Epsilon: 0.397
2026-03-17 03:41:38 | INFO | Episode   68 - Reward: -6.200, Length: 40, Loss: 0.0156, Epsilon: 0.388
2026-03-17 03:41:39 | INFO | Episode   69 - Reward: -2.900, Length: 40, Loss: 0.0443, Epsilon: 0.379
2026-03-17 03:41:40 | INFO | Episode   70 - Reward: -5.150, Length: 40, Loss: 0.7952, Epsilon: 0.370
2026-03-17 03:41:42 | INFO | Episode   71 - Reward: -3.200, Length: 40, Loss: 0.0447, Epsilon: 0.361
2026-03-17 03:41:43 | INFO | Episode   72 - Reward: 8.250, Length: 27, Loss: 0.7828, Epsilon: 0.352
2026-03-17 03:41:43 | INFO | Episode   73 - Reward: 7.300, Length: 16, Loss: 0.0134, Epsilon: 0.343
2026-03-17 03:41:44 | INFO | Episode   74 - Reward: 8.950, Length: 19, Loss: 0.7921, Epsilon: 0.334
2026-03-17 03:41:45 | INFO | Episode   75 - Reward: -5.750, Length: 40, Loss: 0.0113, Epsilon: 0.325
2026-03-17 03:41:46 | INFO | Episode   76 - Reward: 9.050, Length: 17, Loss: 0.0116, Epsilon: 0.316
2026-03-17 03:41:47 | INFO | Episode   77 - Reward: 5.600, Length: 38, Loss: 0.0150, Epsilon: 0.307
2026-03-17 03:41:49 | INFO | Episode   78 - Reward: -2.750, Length: 40, Loss: 0.0110, Epsilon: 0.298
2026-03-17 03:41:50 | INFO | Episode   79 - Reward: 3.950, Length: 20, Loss: 0.0112, Epsilon: 0.289
2026-03-17 03:41:51 | INFO | Episode   80 - Reward: -3.950, Length: 40, Loss: 0.0120, Epsilon: 0.280
2026-03-17 03:41:52 | INFO | Episode   81 - Reward: -4.850, Length: 40, Loss: 0.0121, Epsilon: 0.271
2026-03-17 03:41:53 | INFO | Episode   82 - Reward: 2.550, Length: 27, Loss: 2.2565, Epsilon: 0.262
2026-03-17 03:41:54 | INFO | Episode   83 - Reward: -8.750, Length: 40, Loss: 0.7915, Epsilon: 0.253
2026-03-17 03:41:55 | INFO | Episode   84 - Reward: -9.650, Length: 40, Loss: 0.7498, Epsilon: 0.244
2026-03-17 03:41:56 | INFO | Episode   85 - Reward: -7.550, Length: 40, Loss: 0.0437, Epsilon: 0.235
2026-03-17 03:41:57 | INFO | Episode   86 - Reward: 0.700, Length: 28, Loss: 0.0491, Epsilon: 0.226
2026-03-17 03:41:58 | INFO | Episode   87 - Reward: 9.450, Length: 9, Loss: 0.0766, Epsilon: 0.217
2026-03-17 03:41:59 | INFO | Episode   88 - Reward: -6.950, Length: 40, Loss: 0.0748, Epsilon: 0.208
2026-03-17 03:42:00 | INFO | Episode   89 - Reward: -9.950, Length: 40, Loss: 0.0469, Epsilon: 0.199
2026-03-17 03:42:02 | INFO | Episode   90 - Reward: 5.300, Length: 20, Loss: 0.0759, Epsilon: 0.190
2026-03-17 03:42:03 | INFO | Episode   91 - Reward: 0.850, Length: 34, Loss: 0.0714, Epsilon: 0.181
2026-03-17 03:42:04 | INFO | Episode   92 - Reward: -8.600, Length: 40, Loss: 0.0462, Epsilon: 0.172
2026-03-17 03:42:05 | INFO | Episode   93 - Reward: -8.150, Length: 40, Loss: 0.7826, Epsilon: 0.163
2026-03-17 03:42:06 | INFO | Episode   94 - Reward: -7.250, Length: 40, Loss: 0.8564, Epsilon: 0.154
2026-03-17 03:42:07 | INFO | Episode   95 - Reward: -6.350, Length: 40, Loss: 2.3862, Epsilon: 0.145
2026-03-17 03:42:08 | INFO | Episode   96 - Reward: -8.600, Length: 40, Loss: 0.1590, Epsilon: 0.136
2026-03-17 03:42:09 | INFO | Episode   97 - Reward: 1.300, Length: 40, Loss: 0.8499, Epsilon: 0.127
2026-03-17 03:42:10 | INFO | Episode   98 - Reward: 7.500, Length: 9, Loss: 0.8686, Epsilon: 0.118
2026-03-17 03:42:11 | INFO | Episode   99 - Reward: -10.550, Length: 40, Loss: 0.0167, Epsilon: 0.109
2026-03-17 03:42:12 | INFO | Episode  100 - Reward: 1.300, Length: 40, Loss: 0.0685, Epsilon: 0.100
2026-03-17 03:42:27 | INFO | [Episode  100] eps=0.100  avg_reward=  -2.338  avg_length= 35.18  avg_loss=  0.2848  eval_success=0.000
2026-03-17 03:42:28 | INFO | Episode  101 - Reward: -8.450, Length: 40, Loss: 0.8235, Epsilon: 0.100
2026-03-17 03:42:29 | INFO | Episode  102 - Reward: -8.900, Length: 40, Loss: 0.0412, Epsilon: 0.100
2026-03-17 03:42:30 | INFO | Episode  103 - Reward: 6.700, Length: 13, Loss: 0.1028, Epsilon: 0.100
2026-03-17 03:42:31 | INFO | Episode  104 - Reward: 6.500, Length: 14, Loss: 1.5945, Epsilon: 0.100
2026-03-17 03:42:32 | INFO | Episode  105 - Reward: -8.900, Length: 40, Loss: 0.0179, Epsilon: 0.100
2026-03-17 03:42:33 | INFO | Episode  106 - Reward: -7.850, Length: 40, Loss: 0.8506, Epsilon: 0.100
2026-03-17 03:42:35 | INFO | Episode  107 - Reward: -8.000, Length: 40, Loss: 0.0502, Epsilon: 0.100
2026-03-17 03:42:36 | INFO | Episode  108 - Reward: -2.000, Length: 40, Loss: 1.5576, Epsilon: 0.100
2026-03-17 03:42:37 | INFO | Episode  109 - Reward: -10.250, Length: 40, Loss: 0.7642, Epsilon: 0.100
2026-03-17 03:42:38 | INFO | Episode  110 - Reward: -9.950, Length: 40, Loss: 2.3039, Epsilon: 0.100
2026-03-17 03:42:39 | INFO | Episode  111 - Reward: -8.900, Length: 40, Loss: 0.8414, Epsilon: 0.100
2026-03-17 03:42:40 | INFO | Episode  112 - Reward: -12.200, Length: 40, Loss: 0.0233, Epsilon: 0.100
2026-03-17 03:42:41 | INFO | Episode  113 - Reward: 6.700, Length: 13, Loss: 0.1354, Epsilon: 0.100
2026-03-17 03:42:42 | INFO | Episode  114 - Reward: 9.650, Length: 8, Loss: 0.1336, Epsilon: 0.100
2026-03-17 03:42:43 | INFO | Episode  115 - Reward: 9.650, Length: 8, Loss: 0.8439, Epsilon: 0.100
2026-03-17 03:42:44 | INFO | Episode  116 - Reward: 8.350, Length: 16, Loss: 0.0444, Epsilon: 0.100
2026-03-17 03:42:45 | INFO | Episode  117 - Reward: 9.650, Length: 8, Loss: 0.8470, Epsilon: 0.100
2026-03-17 03:42:46 | INFO | Episode  118 - Reward: 9.650, Length: 8, Loss: 1.6401, Epsilon: 0.100
2026-03-17 03:42:47 | INFO | Episode  119 - Reward: -7.100, Length: 40, Loss: 0.8153, Epsilon: 0.100
2026-03-17 03:42:48 | INFO | Episode  120 - Reward: 8.850, Length: 12, Loss: 0.8571, Epsilon: 0.100
2026-03-17 03:42:49 | INFO | Episode  121 - Reward: 9.350, Length: 11, Loss: 0.1295, Epsilon: 0.100
2026-03-17 03:42:50 | INFO | Episode  122 - Reward: -6.800, Length: 40, Loss: 0.0710, Epsilon: 0.100
2026-03-17 03:42:51 | INFO | Episode  123 - Reward: -6.800, Length: 40, Loss: 0.1113, Epsilon: 0.100
2026-03-17 03:42:52 | INFO | Episode  124 - Reward: 9.250, Length: 10, Loss: 3.1135, Epsilon: 0.100
2026-03-17 03:42:53 | INFO | Episode  125 - Reward: 8.050, Length: 16, Loss: 1.5667, Epsilon: 0.100
2026-03-17 03:42:54 | INFO | Episode  126 - Reward: 5.650, Length: 28, Loss: 1.6361, Epsilon: 0.100
2026-03-17 03:42:55 | INFO | Episode  127 - Reward: -6.800, Length: 40, Loss: 2.4050, Epsilon: 0.100
2026-03-17 03:42:57 | INFO | Episode  128 - Reward: 8.750, Length: 14, Loss: 2.2825, Epsilon: 0.100
2026-03-17 03:42:58 | INFO | Episode  129 - Reward: 9.350, Length: 11, Loss: 0.0460, Epsilon: 0.100
2026-03-17 03:42:59 | INFO | Episode  130 - Reward: 5.550, Length: 30, Loss: 1.5995, Epsilon: 0.100
2026-03-17 03:43:00 | INFO | Episode  131 - Reward: -6.200, Length: 40, Loss: 1.6637, Epsilon: 0.100
2026-03-17 03:43:01 | INFO | Episode  132 - Reward: -7.400, Length: 40, Loss: 0.8033, Epsilon: 0.100
2026-03-17 03:43:02 | INFO | Episode  133 - Reward: -6.950, Length: 40, Loss: 0.8985, Epsilon: 0.100
2026-03-17 03:43:02 | INFO | Episode  134 - Reward: -6.800, Length: 40, Loss: 0.0783, Epsilon: 0.100
2026-03-17 03:43:03 | INFO | Episode  135 - Reward: -7.100, Length: 40, Loss: 2.4681, Epsilon: 0.100
2026-03-17 03:43:04 | INFO | Episode  136 - Reward: -6.650, Length: 40, Loss: 0.9243, Epsilon: 0.100
2026-03-17 03:43:05 | INFO | Episode  137 - Reward: -6.800, Length: 40, Loss: 0.7781, Epsilon: 0.100
2026-03-17 03:43:06 | INFO | Episode  138 - Reward: -7.100, Length: 40, Loss: 1.5325, Epsilon: 0.100
2026-03-17 03:43:07 | INFO | Episode  139 - Reward: -7.400, Length: 40, Loss: 1.5613, Epsilon: 0.100
2026-03-17 03:43:07 | INFO | Episode  140 - Reward: -7.100, Length: 40, Loss: 2.3790, Epsilon: 0.100
2026-03-17 03:43:08 | INFO | Episode  141 - Reward: -7.400, Length: 40, Loss: 3.0643, Epsilon: 0.100
2026-03-17 03:43:09 | INFO | Episode  142 - Reward: -7.700, Length: 40, Loss: 1.5901, Epsilon: 0.100
2026-03-17 03:43:10 | INFO | Episode  143 - Reward: -7.100, Length: 40, Loss: 1.6151, Epsilon: 0.100
2026-03-17 03:43:11 | INFO | Episode  144 - Reward: -8.000, Length: 40, Loss: 3.8051, Epsilon: 0.100
2026-03-17 03:43:12 | INFO | Episode  145 - Reward: 8.450, Length: 14, Loss: 2.3315, Epsilon: 0.100
2026-03-17 03:43:13 | INFO | Episode  146 - Reward: 5.050, Length: 31, Loss: 2.3490, Epsilon: 0.100
2026-03-17 03:43:13 | INFO | Episode  147 - Reward: -6.500, Length: 40, Loss: 0.8584, Epsilon: 0.100
2026-03-17 03:43:14 | INFO | Episode  148 - Reward: -8.000, Length: 40, Loss: 0.0522, Epsilon: 0.100
2026-03-17 03:43:15 | INFO | Episode  149 - Reward: -7.700, Length: 40, Loss: 2.3453, Epsilon: 0.100
2026-03-17 03:43:16 | INFO | Episode  150 - Reward: 4.300, Length: 25, Loss: 3.8718, Epsilon: 0.100
2026-03-17 03:43:27 | INFO | [Episode  150] eps=0.100  avg_reward=  -1.707  avg_length= 30.60  avg_loss=  1.2444  eval_success=0.000
2026-03-17 03:43:28 | INFO | Episode  151 - Reward: -7.250, Length: 40, Loss: 1.6419, Epsilon: 0.100
2026-03-17 03:43:29 | INFO | Episode  152 - Reward: -9.950, Length: 40, Loss: 1.5515, Epsilon: 0.100
2026-03-17 03:43:30 | INFO | Episode  153 - Reward: -8.000, Length: 40, Loss: 0.8789, Epsilon: 0.100
2026-03-17 03:43:30 | INFO | Episode  154 - Reward: -10.250, Length: 40, Loss: 0.8265, Epsilon: 0.100
2026-03-17 03:43:31 | INFO | Episode  155 - Reward: -10.250, Length: 40, Loss: 1.5801, Epsilon: 0.100
2026-03-17 03:43:32 | INFO | Episode  156 - Reward: -7.700, Length: 40, Loss: 0.8821, Epsilon: 0.100
2026-03-17 03:43:33 | INFO | Episode  157 - Reward: -10.700, Length: 40, Loss: 2.3154, Epsilon: 0.100
2026-03-17 03:43:34 | INFO | Episode  158 - Reward: -7.400, Length: 40, Loss: 0.0828, Epsilon: 0.100
2026-03-17 03:43:35 | INFO | Episode  159 - Reward: -7.700, Length: 40, Loss: 0.0831, Epsilon: 0.100
2026-03-17 03:43:36 | INFO | Episode  160 - Reward: -7.250, Length: 40, Loss: 1.5577, Epsilon: 0.100
2026-03-17 03:43:36 | INFO | Episode  161 - Reward: -8.900, Length: 40, Loss: 0.8623, Epsilon: 0.100
2026-03-17 03:43:37 | INFO | Episode  162 - Reward: -8.900, Length: 40, Loss: 3.0848, Epsilon: 0.100
2026-03-17 03:43:38 | INFO | Episode  163 - Reward: -7.400, Length: 40, Loss: 1.6280, Epsilon: 0.100
2026-03-17 03:43:39 | INFO | Episode  164 - Reward: -7.850, Length: 40, Loss: 0.0304, Epsilon: 0.100
2026-03-17 03:43:40 | INFO | Episode  165 - Reward: -7.850, Length: 40, Loss: 0.7972, Epsilon: 0.100
2026-03-17 03:43:41 | INFO | Episode  166 - Reward: -7.850, Length: 40, Loss: 0.0888, Epsilon: 0.100
2026-03-17 03:43:42 | INFO | Episode  167 - Reward: -7.550, Length: 40, Loss: 0.7679, Epsilon: 0.100
2026-03-17 03:43:43 | INFO | Episode  168 - Reward: -7.850, Length: 40, Loss: 1.5720, Epsilon: 0.100
2026-03-17 03:43:43 | INFO | Episode  169 - Reward: -7.850, Length: 40, Loss: 0.7972, Epsilon: 0.100
2026-03-17 03:43:44 | INFO | Episode  170 - Reward: -7.850, Length: 40, Loss: 2.2863, Epsilon: 0.100
2026-03-17 03:43:45 | INFO | Episode  171 - Reward: -7.250, Length: 40, Loss: 0.0558, Epsilon: 0.100
2026-03-17 03:43:46 | INFO | Episode  172 - Reward: -7.850, Length: 40, Loss: 0.1654, Epsilon: 0.100
2026-03-17 03:43:47 | INFO | Episode  173 - Reward: -7.700, Length: 40, Loss: 0.0257, Epsilon: 0.100
2026-03-17 03:43:48 | INFO | Episode  174 - Reward: -7.700, Length: 40, Loss: 0.8010, Epsilon: 0.100
2026-03-17 03:43:48 | INFO | Episode  175 - Reward: -7.250, Length: 40, Loss: 1.5755, Epsilon: 0.100
2026-03-17 03:43:49 | INFO | Episode  176 - Reward: -7.400, Length: 40, Loss: 0.7912, Epsilon: 0.100
2026-03-17 03:43:49 | INFO | Episode  177 - Reward: -6.950, Length: 40, Loss: 0.7948, Epsilon: 0.100
2026-03-17 03:43:50 | INFO | Episode  178 - Reward: -7.250, Length: 40, Loss: 0.8428, Epsilon: 0.100
2026-03-17 03:43:52 | INFO | Episode  179 - Reward: -7.550, Length: 40, Loss: 0.8205, Epsilon: 0.100
2026-03-17 03:43:53 | INFO | Episode  180 - Reward: -7.550, Length: 40, Loss: 1.5561, Epsilon: 0.100
2026-03-17 03:43:54 | INFO | Episode  181 - Reward: -7.850, Length: 40, Loss: 1.5661, Epsilon: 0.100
2026-03-17 03:43:55 | INFO | Episode  182 - Reward: -7.850, Length: 40, Loss: 0.7617, Epsilon: 0.100
2026-03-17 03:43:56 | INFO | Episode  183 - Reward: -7.850, Length: 40, Loss: 0.8010, Epsilon: 0.100
2026-03-17 03:43:57 | INFO | Episode  184 - Reward: -7.250, Length: 40, Loss: 0.7566, Epsilon: 0.100
2026-03-17 03:43:58 | INFO | Episode  185 - Reward: -6.950, Length: 40, Loss: 0.7779, Epsilon: 0.100
2026-03-17 03:43:59 | INFO | Episode  186 - Reward: -7.250, Length: 40, Loss: 0.7549, Epsilon: 0.100
2026-03-17 03:44:00 | INFO | Episode  187 - Reward: -7.550, Length: 40, Loss: 1.5154, Epsilon: 0.100
2026-03-17 03:44:01 | INFO | Episode  188 - Reward: -7.550, Length: 40, Loss: 0.7532, Epsilon: 0.100
2026-03-17 03:44:02 | INFO | Episode  189 - Reward: -6.650, Length: 40, Loss: 0.0201, Epsilon: 0.100
2026-03-17 03:44:03 | INFO | Episode  190 - Reward: -7.550, Length: 40, Loss: 0.7510, Epsilon: 0.100
2026-03-17 03:44:05 | INFO | Episode  191 - Reward: -6.650, Length: 40, Loss: 0.0515, Epsilon: 0.100
2026-03-17 03:44:06 | INFO | Episode  192 - Reward: -7.550, Length: 40, Loss: 0.0261, Epsilon: 0.100
2026-03-17 03:44:07 | INFO | Episode  193 - Reward: -7.550, Length: 40, Loss: 0.0453, Epsilon: 0.100
2026-03-17 03:44:08 | INFO | Episode  194 - Reward: -7.250, Length: 40, Loss: 0.0258, Epsilon: 0.100
2026-03-17 03:44:09 | INFO | Episode  195 - Reward: -7.550, Length: 40, Loss: 0.0424, Epsilon: 0.100
2026-03-17 03:44:10 | INFO | Episode  196 - Reward: -7.250, Length: 40, Loss: 0.0527, Epsilon: 0.100
2026-03-17 03:44:11 | INFO | Episode  197 - Reward: -7.850, Length: 40, Loss: 0.7563, Epsilon: 0.100
2026-03-17 03:44:12 | INFO | Episode  198 - Reward: -7.550, Length: 40, Loss: 0.0240, Epsilon: 0.100
2026-03-17 03:44:13 | INFO | Episode  199 - Reward: -7.850, Length: 40, Loss: 0.0451, Epsilon: 0.100
2026-03-17 03:44:15 | INFO | Episode  200 - Reward: -7.250, Length: 40, Loss: 0.0263, Epsilon: 0.100
2026-03-17 03:44:29 | INFO | [Episode  200] eps=0.100  avg_reward=  -7.787  avg_length= 40.00  avg_loss=  0.8059  eval_success=0.000
2026-03-17 03:44:30 | INFO | Episode  201 - Reward: -7.550, Length: 40, Loss: 0.0234, Epsilon: 0.100
2026-03-17 03:44:31 | INFO | Episode  202 - Reward: -6.950, Length: 40, Loss: 0.0262, Epsilon: 0.100
2026-03-17 03:44:32 | INFO | Episode  203 - Reward: -7.550, Length: 40, Loss: 0.0234, Epsilon: 0.100
2026-03-17 03:44:33 | INFO | Episode  204 - Reward: -7.550, Length: 40, Loss: 0.0529, Epsilon: 0.100
2026-03-17 03:44:34 | INFO | Episode  205 - Reward: -7.550, Length: 40, Loss: 0.0527, Epsilon: 0.100
2026-03-17 03:44:35 | INFO | Episode  206 - Reward: -8.750, Length: 40, Loss: 0.0757, Epsilon: 0.100
2026-03-17 03:44:37 | INFO | Episode  207 - Reward: -7.550, Length: 40, Loss: 0.0482, Epsilon: 0.100
2026-03-17 03:44:38 | INFO | Episode  208 - Reward: -7.850, Length: 40, Loss: 0.0568, Epsilon: 0.100
2026-03-17 03:44:39 | INFO | Episode  209 - Reward: -7.250, Length: 40, Loss: 0.0502, Epsilon: 0.100
2026-03-17 03:44:40 | INFO | Episode  210 - Reward: -7.550, Length: 40, Loss: 0.0263, Epsilon: 0.100
2026-03-17 03:44:41 | INFO | Episode  211 - Reward: -7.250, Length: 40, Loss: 0.0229, Epsilon: 0.100
2026-03-17 03:44:42 | INFO | Episode  212 - Reward: 6.300, Length: 15, Loss: 0.8030, Epsilon: 0.100
2026-03-17 03:44:43 | INFO | Episode  213 - Reward: -7.550, Length: 40, Loss: 0.0526, Epsilon: 0.100
2026-03-17 03:44:45 | INFO | Episode  214 - Reward: -7.250, Length: 40, Loss: 0.1082, Epsilon: 0.100
2026-03-17 03:44:46 | INFO | Episode  215 - Reward: -6.950, Length: 40, Loss: 0.0226, Epsilon: 0.100
2026-03-17 03:44:47 | INFO | Episode  216 - Reward: 1.900, Length: 22, Loss: 0.0792, Epsilon: 0.100
2026-03-17 03:44:48 | INFO | Episode  217 - Reward: 9.450, Length: 12, Loss: 0.0212, Epsilon: 0.100
2026-03-17 03:44:49 | INFO | Episode  218 - Reward: 0.450, Length: 39, Loss: 0.0183, Epsilon: 0.100
2026-03-17 03:44:50 | INFO | Episode  219 - Reward: -10.250, Length: 40, Loss: 0.7692, Epsilon: 0.100
2026-03-17 03:44:50 | INFO | Episode  220 - Reward: 7.700, Length: 8, Loss: 0.0196, Epsilon: 0.100
2026-03-17 03:44:51 | INFO | Episode  221 - Reward: -12.200, Length: 40, Loss: 0.0193, Epsilon: 0.100
2026-03-17 03:44:53 | INFO | Episode  222 - Reward: -10.550, Length: 40, Loss: 0.0442, Epsilon: 0.100
2026-03-17 03:44:54 | INFO | Episode  223 - Reward: 9.450, Length: 9, Loss: 0.0474, Epsilon: 0.100
2026-03-17 03:44:55 | INFO | Episode  224 - Reward: 9.650, Length: 8, Loss: 0.0738, Epsilon: 0.100
2026-03-17 03:44:56 | INFO | Episode  225 - Reward: 9.650, Length: 8, Loss: 0.0169, Epsilon: 0.100
2026-03-17 03:44:57 | INFO | Episode  226 - Reward: 9.550, Length: 10, Loss: 1.5427, Epsilon: 0.100
2026-03-17 03:44:58 | INFO | Episode  227 - Reward: 9.450, Length: 12, Loss: 0.0172, Epsilon: 0.100
2026-03-17 03:44:59 | INFO | Episode  228 - Reward: -7.550, Length: 40, Loss: 1.5153, Epsilon: 0.100
2026-03-17 03:45:00 | INFO | Episode  229 - Reward: 6.800, Length: 14, Loss: 0.7944, Epsilon: 0.100
2026-03-17 03:45:01 | INFO | Episode  230 - Reward: -8.600, Length: 40, Loss: 0.0426, Epsilon: 0.100
2026-03-17 03:45:03 | INFO | Episode  231 - Reward: 5.150, Length: 14, Loss: 0.0215, Epsilon: 0.100
2026-03-17 03:45:04 | INFO | Episode  232 - Reward: 1.600, Length: 40, Loss: 0.0179, Epsilon: 0.100
2026-03-17 03:45:05 | INFO | Episode  233 - Reward: 9.650, Length: 8, Loss: 0.7944, Epsilon: 0.100
2026-03-17 03:45:06 | INFO | Episode  234 - Reward: 6.900, Length: 12, Loss: 0.7929, Epsilon: 0.100
2026-03-17 03:45:07 | INFO | Episode  235 - Reward: -7.550, Length: 40, Loss: 0.0186, Epsilon: 0.100
2026-03-17 03:45:08 | INFO | Episode  236 - Reward: 8.650, Length: 13, Loss: 3.0147, Epsilon: 0.100
2026-03-17 03:45:09 | INFO | Episode  237 - Reward: -7.700, Length: 40, Loss: 0.0442, Epsilon: 0.100
2026-03-17 03:45:10 | INFO | Episode  238 - Reward: -7.850, Length: 40, Loss: 0.1024, Epsilon: 0.100
2026-03-17 03:45:11 | INFO | Episode  239 - Reward: -8.000, Length: 40, Loss: 0.7905, Epsilon: 0.100
2026-03-17 03:45:12 | INFO | Episode  240 - Reward: -8.000, Length: 40, Loss: 0.0734, Epsilon: 0.100
2026-03-17 03:45:14 | INFO | Episode  241 - Reward: -7.550, Length: 40, Loss: 0.8010, Epsilon: 0.100
2026-03-17 03:45:15 | INFO | Episode  242 - Reward: -7.400, Length: 40, Loss: 1.5466, Epsilon: 0.100
2026-03-17 03:45:16 | INFO | Episode  243 - Reward: 9.350, Length: 11, Loss: 1.5741, Epsilon: 0.100
2026-03-17 03:45:17 | INFO | Episode  244 - Reward: -7.700, Length: 40, Loss: 0.7875, Epsilon: 0.100
2026-03-17 03:45:18 | INFO | Episode  245 - Reward: -7.400, Length: 40, Loss: 0.7662, Epsilon: 0.100
2026-03-17 03:45:19 | INFO | Episode  246 - Reward: -8.000, Length: 40, Loss: 0.8547, Epsilon: 0.100
2026-03-17 03:45:20 | INFO | Episode  247 - Reward: 9.450, Length: 9, Loss: 0.0779, Epsilon: 0.100
2026-03-17 03:45:22 | INFO | Episode  248 - Reward: -7.400, Length: 40, Loss: 0.7940, Epsilon: 0.100
2026-03-17 03:45:22 | INFO | Episode  249 - Reward: -6.950, Length: 40, Loss: 3.0818, Epsilon: 0.100
2026-03-17 03:45:23 | INFO | Episode  250 - Reward: -6.950, Length: 40, Loss: 1.5099, Epsilon: 0.100
2026-03-17 03:45:39 | INFO | [Episode  250] eps=0.100  avg_reward=  -2.432  avg_length= 30.88  avg_loss=  0.4786  eval_success=0.000
