2026-03-17 03:46:45 | INFO | ============================================================
2026-03-17 03:46:45 | INFO | DEVICE / COMPUTE INFORMATION
2026-03-17 03:46:45 | INFO |   JAX backend       : GPU
2026-03-17 03:46:45 | INFO |   Platform          : gpu
2026-03-17 03:46:45 | INFO |   Num devices       : 1
2026-03-17 03:46:45 | INFO |   Device            : cuda:0
2026-03-17 03:46:45 | INFO |   GPU name          : NVIDIA GeForce RTX 5060 Laptop GPU
2026-03-17 03:46:45 | INFO | ============================================================
2026-03-17 03:46:45 | INFO | ✓ JAX GPU backend confirmed.
2026-03-17 03:46:46 | INFO | DQN seed=2_gamma=0.99_lr=0.1
2026-03-17 03:46:48 | INFO | Episode    1 - Reward: -5.450, Length: 40, Loss: 0.0000, Epsilon: 0.991
2026-03-17 03:46:50 | INFO | Episode    2 - Reward: -5.900, Length: 40, Loss: 0.0000, Epsilon: 0.982
2026-03-17 03:46:54 | INFO | Episode    3 - Reward: -4.400, Length: 40, Loss: 0.1576, Epsilon: 0.973
2026-03-17 03:46:55 | INFO | Episode    4 - Reward: -5.150, Length: 40, Loss: 0.0380, Epsilon: 0.964
2026-03-17 03:46:57 | INFO | Episode    5 - Reward: -6.050, Length: 40, Loss: 0.0393, Epsilon: 0.955
2026-03-17 03:46:57 | INFO | Episode    6 - Reward: -6.200, Length: 40, Loss: 0.0086, Epsilon: 0.946
2026-03-17 03:46:58 | INFO | Episode    7 - Reward: -3.950, Length: 40, Loss: 0.0347, Epsilon: 0.937
2026-03-17 03:46:59 | INFO | Episode    8 - Reward: -4.550, Length: 40, Loss: 0.0338, Epsilon: 0.928
2026-03-17 03:47:00 | INFO | Episode    9 - Reward: -4.250, Length: 40, Loss: 0.0078, Epsilon: 0.919
2026-03-17 03:47:01 | INFO | Episode   10 - Reward: 8.350, Length: 19, Loss: 0.0056, Epsilon: 0.910
2026-03-17 03:47:02 | INFO | Episode   11 - Reward: -4.100, Length: 40, Loss: 0.0329, Epsilon: 0.901
2026-03-17 03:47:03 | INFO | Episode   12 - Reward: -4.550, Length: 40, Loss: 0.8822, Epsilon: 0.892
2026-03-17 03:47:05 | INFO | Episode   13 - Reward: 6.850, Length: 31, Loss: 0.0067, Epsilon: 0.883
2026-03-17 03:47:06 | INFO | Episode   14 - Reward: -5.150, Length: 40, Loss: 0.0062, Epsilon: 0.874
2026-03-17 03:47:07 | INFO | Episode   15 - Reward: 3.250, Length: 28, Loss: 0.0066, Epsilon: 0.865
2026-03-17 03:47:08 | INFO | Episode   16 - Reward: 4.900, Length: 31, Loss: 0.8117, Epsilon: 0.856
2026-03-17 03:47:09 | INFO | Episode   17 - Reward: -6.500, Length: 40, Loss: 1.6095, Epsilon: 0.847
2026-03-17 03:47:10 | INFO | Episode   18 - Reward: 5.650, Length: 37, Loss: 0.0230, Epsilon: 0.838
2026-03-17 03:47:11 | INFO | Episode   19 - Reward: -5.450, Length: 40, Loss: 1.4940, Epsilon: 0.829
2026-03-17 03:47:12 | INFO | Episode   20 - Reward: 8.150, Length: 20, Loss: 0.7563, Epsilon: 0.820
2026-03-17 03:47:14 | INFO | Episode   21 - Reward: -4.700, Length: 40, Loss: 0.1074, Epsilon: 0.811
2026-03-17 03:47:15 | INFO | Episode   22 - Reward: -5.300, Length: 40, Loss: 1.3451, Epsilon: 0.802
2026-03-17 03:47:16 | INFO | Episode   23 - Reward: -3.500, Length: 40, Loss: 1.2655, Epsilon: 0.793
2026-03-17 03:47:17 | INFO | Episode   24 - Reward: 1.600, Length: 31, Loss: 0.6608, Epsilon: 0.784
2026-03-17 03:47:18 | INFO | Episode   25 - Reward: 6.600, Length: 18, Loss: 0.6971, Epsilon: 0.775
2026-03-17 03:47:19 | INFO | Episode   26 - Reward: 6.700, Length: 22, Loss: 0.1189, Epsilon: 0.766
2026-03-17 03:47:20 | INFO | Episode   27 - Reward: 1.600, Length: 28, Loss: 1.2493, Epsilon: 0.757
2026-03-17 03:47:21 | INFO | Episode   28 - Reward: -4.250, Length: 40, Loss: 0.0679, Epsilon: 0.748
2026-03-17 03:47:22 | INFO | Episode   29 - Reward: -8.300, Length: 40, Loss: 1.3110, Epsilon: 0.739
2026-03-17 03:47:24 | INFO | Episode   30 - Reward: 6.150, Length: 33, Loss: 0.7133, Epsilon: 0.730
2026-03-17 03:47:25 | INFO | Episode   31 - Reward: -8.000, Length: 40, Loss: 0.6652, Epsilon: 0.721
2026-03-17 03:47:26 | INFO | Episode   32 - Reward: -4.100, Length: 40, Loss: 0.3271, Epsilon: 0.712
2026-03-17 03:47:27 | INFO | Episode   33 - Reward: -4.400, Length: 40, Loss: 1.1553, Epsilon: 0.703
2026-03-17 03:47:28 | INFO | Episode   34 - Reward: -6.350, Length: 40, Loss: 2.0030, Epsilon: 0.694
2026-03-17 03:47:28 | INFO | Episode   35 - Reward: -12.800, Length: 40, Loss: 1.2433, Epsilon: 0.685
2026-03-17 03:47:29 | INFO | Episode   36 - Reward: -3.650, Length: 40, Loss: 1.0010, Epsilon: 0.676
2026-03-17 03:47:30 | INFO | Episode   37 - Reward: 4.550, Length: 20, Loss: 1.4314, Epsilon: 0.667
2026-03-17 03:47:32 | INFO | Episode   38 - Reward: 4.050, Length: 27, Loss: 0.6998, Epsilon: 0.658
2026-03-17 03:47:33 | INFO | Episode   39 - Reward: 6.850, Length: 31, Loss: 1.4808, Epsilon: 0.649
2026-03-17 03:47:34 | INFO | Episode   40 - Reward: 8.150, Length: 17, Loss: 1.2463, Epsilon: 0.640
2026-03-17 03:47:35 | INFO | Episode   41 - Reward: 2.850, Length: 39, Loss: 0.8212, Epsilon: 0.631
2026-03-17 03:47:36 | INFO | Episode   42 - Reward: 8.450, Length: 20, Loss: 0.5226, Epsilon: 0.622
2026-03-17 03:47:37 | INFO | Episode   43 - Reward: -5.300, Length: 40, Loss: 0.9520, Epsilon: 0.613
2026-03-17 03:47:38 | INFO | Episode   44 - Reward: 5.100, Length: 33, Loss: 0.9016, Epsilon: 0.604
2026-03-17 03:47:40 | INFO | Episode   45 - Reward: -3.950, Length: 40, Loss: 0.4970, Epsilon: 0.595
2026-03-17 03:47:41 | INFO | Episode   46 - Reward: -1.550, Length: 37, Loss: 1.2476, Epsilon: 0.586
2026-03-17 03:47:42 | INFO | Episode   47 - Reward: -4.700, Length: 40, Loss: 0.7731, Epsilon: 0.577
2026-03-17 03:47:43 | INFO | Episode   48 - Reward: 9.150, Length: 12, Loss: 0.2084, Epsilon: 0.568
2026-03-17 03:47:43 | INFO | Episode   49 - Reward: 4.450, Length: 22, Loss: 0.4360, Epsilon: 0.559
2026-03-17 03:47:44 | INFO | Episode   50 - Reward: 9.250, Length: 13, Loss: 1.2848, Epsilon: 0.550
2026-03-17 03:47:58 | INFO | [Episode   50] eps=0.550  avg_reward=  -0.597  avg_length= 33.78  avg_loss=  0.6478  eval_success=0.000
2026-03-17 03:47:59 | INFO | Episode   51 - Reward: -10.550, Length: 40, Loss: 0.6703, Epsilon: 0.541
2026-03-17 03:47:59 | INFO | Episode   52 - Reward: 9.650, Length: 8, Loss: 0.4658, Epsilon: 0.532
2026-03-17 03:47:59 | INFO | Episode   53 - Reward: -5.300, Length: 40, Loss: 0.7690, Epsilon: 0.523
2026-03-17 03:48:00 | INFO | Episode   54 - Reward: -6.350, Length: 40, Loss: 1.8758, Epsilon: 0.514
2026-03-17 03:48:01 | INFO | Episode   55 - Reward: -4.100, Length: 40, Loss: 1.3215, Epsilon: 0.505
2026-03-17 03:48:02 | INFO | Episode   56 - Reward: 1.500, Length: 27, Loss: 1.3333, Epsilon: 0.496
2026-03-17 03:48:03 | INFO | Episode   57 - Reward: -5.000, Length: 40, Loss: 1.1799, Epsilon: 0.487
2026-03-17 03:48:04 | INFO | Episode   58 - Reward: -5.150, Length: 40, Loss: 0.9741, Epsilon: 0.478
2026-03-17 03:48:05 | INFO | Episode   59 - Reward: -7.250, Length: 40, Loss: 0.6431, Epsilon: 0.469
2026-03-17 03:48:05 | INFO | Episode   60 - Reward: -5.900, Length: 40, Loss: 0.5065, Epsilon: 0.460
2026-03-17 03:48:06 | INFO | Episode   61 - Reward: -5.750, Length: 40, Loss: 0.7241, Epsilon: 0.451
2026-03-17 03:48:07 | INFO | Episode   62 - Reward: -5.450, Length: 40, Loss: 0.8512, Epsilon: 0.442
2026-03-17 03:48:08 | INFO | Episode   63 - Reward: -7.400, Length: 40, Loss: 0.9690, Epsilon: 0.433
2026-03-17 03:48:09 | INFO | Episode   64 - Reward: -8.450, Length: 40, Loss: 1.3897, Epsilon: 0.424
2026-03-17 03:48:10 | INFO | Episode   65 - Reward: 9.050, Length: 14, Loss: 0.6816, Epsilon: 0.415
2026-03-17 03:48:11 | INFO | Episode   66 - Reward: -4.250, Length: 40, Loss: 1.3548, Epsilon: 0.406
2026-03-17 03:48:12 | INFO | Episode   67 - Reward: 1.050, Length: 39, Loss: 0.6669, Epsilon: 0.397
2026-03-17 03:48:12 | INFO | Episode   68 - Reward: -7.100, Length: 40, Loss: 1.3321, Epsilon: 0.388
2026-03-17 03:48:13 | INFO | Episode   69 - Reward: -6.350, Length: 40, Loss: 1.1653, Epsilon: 0.379
2026-03-17 03:48:14 | INFO | Episode   70 - Reward: 4.100, Length: 29, Loss: 1.3752, Epsilon: 0.370
2026-03-17 03:48:15 | INFO | Episode   71 - Reward: 6.400, Length: 16, Loss: 0.8702, Epsilon: 0.361
2026-03-17 03:48:16 | INFO | Episode   72 - Reward: 6.200, Length: 20, Loss: 1.5470, Epsilon: 0.352
2026-03-17 03:48:17 | INFO | Episode   73 - Reward: 6.700, Length: 16, Loss: 0.6363, Epsilon: 0.343
2026-03-17 03:48:18 | INFO | Episode   74 - Reward: -6.050, Length: 40, Loss: 0.3010, Epsilon: 0.334
2026-03-17 03:48:19 | INFO | Episode   75 - Reward: -5.300, Length: 40, Loss: 1.0485, Epsilon: 0.325
2026-03-17 03:48:19 | INFO | Episode   76 - Reward: 9.450, Length: 9, Loss: 1.2658, Epsilon: 0.316
2026-03-17 03:48:20 | INFO | Episode   77 - Reward: 6.200, Length: 35, Loss: 1.5186, Epsilon: 0.307
2026-03-17 03:48:21 | INFO | Episode   78 - Reward: -7.400, Length: 40, Loss: 0.3304, Epsilon: 0.298
2026-03-17 03:48:22 | INFO | Episode   79 - Reward: -6.650, Length: 40, Loss: 0.7894, Epsilon: 0.289
2026-03-17 03:48:23 | INFO | Episode   80 - Reward: 3.850, Length: 40, Loss: 0.7837, Epsilon: 0.280
2026-03-17 03:48:24 | INFO | Episode   81 - Reward: -5.750, Length: 40, Loss: 0.4268, Epsilon: 0.271
2026-03-17 03:48:25 | INFO | Episode   82 - Reward: 9.350, Length: 11, Loss: 1.0864, Epsilon: 0.262
2026-03-17 03:48:26 | INFO | Episode   83 - Reward: -6.350, Length: 40, Loss: 1.4330, Epsilon: 0.253
2026-03-17 03:48:27 | INFO | Episode   84 - Reward: -11.300, Length: 40, Loss: 0.8584, Epsilon: 0.244
2026-03-17 03:48:27 | INFO | Episode   85 - Reward: -7.100, Length: 40, Loss: 1.2703, Epsilon: 0.235
2026-03-17 03:48:28 | INFO | Episode   86 - Reward: -6.350, Length: 40, Loss: 0.7169, Epsilon: 0.226
2026-03-17 03:48:29 | INFO | Episode   87 - Reward: -6.800, Length: 40, Loss: 1.2528, Epsilon: 0.217
2026-03-17 03:48:30 | INFO | Episode   88 - Reward: -6.200, Length: 40, Loss: 1.8308, Epsilon: 0.208
2026-03-17 03:48:31 | INFO | Episode   89 - Reward: -6.800, Length: 40, Loss: 0.3657, Epsilon: 0.199
2026-03-17 03:48:31 | INFO | Episode   90 - Reward: -6.500, Length: 40, Loss: 1.4857, Epsilon: 0.190
2026-03-17 03:48:32 | INFO | Episode   91 - Reward: 1.150, Length: 34, Loss: 1.2615, Epsilon: 0.181
2026-03-17 03:48:33 | INFO | Episode   92 - Reward: 9.450, Length: 9, Loss: 0.7856, Epsilon: 0.172
2026-03-17 03:48:33 | INFO | Episode   93 - Reward: -8.150, Length: 40, Loss: 0.6309, Epsilon: 0.163
2026-03-17 03:48:34 | INFO | Episode   94 - Reward: -7.250, Length: 40, Loss: 0.7747, Epsilon: 0.154
2026-03-17 03:48:36 | INFO | Episode   95 - Reward: 9.450, Length: 9, Loss: 0.5275, Epsilon: 0.145
2026-03-17 03:48:37 | INFO | Episode   96 - Reward: -6.950, Length: 40, Loss: 2.3226, Epsilon: 0.136
2026-03-17 03:48:38 | INFO | Episode   97 - Reward: -7.400, Length: 40, Loss: 1.6801, Epsilon: 0.127
2026-03-17 03:48:39 | INFO | Episode   98 - Reward: -6.650, Length: 40, Loss: 2.0643, Epsilon: 0.118
2026-03-17 03:48:40 | INFO | Episode   99 - Reward: 5.250, Length: 30, Loss: 1.2204, Epsilon: 0.109
2026-03-17 03:48:41 | INFO | Episode  100 - Reward: -7.850, Length: 40, Loss: 1.7588, Epsilon: 0.100
2026-03-17 03:48:56 | INFO | [Episode  100] eps=0.100  avg_reward=  -2.567  avg_length= 34.12  avg_loss=  1.0619  eval_success=0.000
2026-03-17 03:48:58 | INFO | Episode  101 - Reward: -8.000, Length: 40, Loss: 1.9630, Epsilon: 0.100
2026-03-17 03:48:59 | INFO | Episode  102 - Reward: -7.250, Length: 40, Loss: 0.7854, Epsilon: 0.100
2026-03-17 03:49:00 | INFO | Episode  103 - Reward: -6.650, Length: 40, Loss: 1.2286, Epsilon: 0.100
2026-03-17 03:49:01 | INFO | Episode  104 - Reward: -7.550, Length: 40, Loss: 1.5848, Epsilon: 0.100
2026-03-17 03:49:02 | INFO | Episode  105 - Reward: -6.950, Length: 40, Loss: 0.6480, Epsilon: 0.100
2026-03-17 03:49:02 | INFO | Episode  106 - Reward: -7.850, Length: 40, Loss: 1.4222, Epsilon: 0.100
2026-03-17 03:49:03 | INFO | Episode  107 - Reward: 8.450, Length: 17, Loss: 1.3052, Epsilon: 0.100
2026-03-17 03:49:04 | INFO | Episode  108 - Reward: -2.000, Length: 40, Loss: 1.7293, Epsilon: 0.100
2026-03-17 03:49:05 | INFO | Episode  109 - Reward: -6.650, Length: 40, Loss: 1.1597, Epsilon: 0.100
2026-03-17 03:49:07 | INFO | Episode  110 - Reward: -8.000, Length: 40, Loss: 1.7005, Epsilon: 0.100
2026-03-17 03:49:08 | INFO | Episode  111 - Reward: 9.650, Length: 8, Loss: 0.9302, Epsilon: 0.100
2026-03-17 03:49:09 | INFO | Episode  112 - Reward: -7.850, Length: 40, Loss: 0.2974, Epsilon: 0.100
2026-03-17 03:49:10 | INFO | Episode  113 - Reward: 7.850, Length: 17, Loss: 0.5458, Epsilon: 0.100
2026-03-17 03:49:11 | INFO | Episode  114 - Reward: -7.850, Length: 40, Loss: 2.4823, Epsilon: 0.100
2026-03-17 03:49:12 | INFO | Episode  115 - Reward: -7.400, Length: 40, Loss: 2.1007, Epsilon: 0.100
2026-03-17 03:49:13 | INFO | Episode  116 - Reward: -10.100, Length: 40, Loss: 1.3969, Epsilon: 0.100
2026-03-17 03:49:14 | INFO | Episode  117 - Reward: -7.100, Length: 40, Loss: 0.8554, Epsilon: 0.100
2026-03-17 03:49:15 | INFO | Episode  118 - Reward: -6.500, Length: 40, Loss: 1.7777, Epsilon: 0.100
2026-03-17 03:49:17 | INFO | Episode  119 - Reward: -7.700, Length: 40, Loss: 2.0912, Epsilon: 0.100
2026-03-17 03:49:18 | INFO | Episode  120 - Reward: -6.650, Length: 40, Loss: 1.5166, Epsilon: 0.100
2026-03-17 03:49:19 | INFO | Episode  121 - Reward: -7.100, Length: 40, Loss: 0.8992, Epsilon: 0.100
2026-03-17 03:49:20 | INFO | Episode  122 - Reward: -7.250, Length: 40, Loss: 1.0194, Epsilon: 0.100
2026-03-17 03:49:21 | INFO | Episode  123 - Reward: -6.950, Length: 40, Loss: 1.1175, Epsilon: 0.100
2026-03-17 03:49:22 | INFO | Episode  124 - Reward: -7.250, Length: 40, Loss: 1.8054, Epsilon: 0.100
2026-03-17 03:49:23 | INFO | Episode  125 - Reward: 9.650, Length: 8, Loss: 0.5371, Epsilon: 0.100
2026-03-17 03:49:24 | INFO | Episode  126 - Reward: -8.900, Length: 40, Loss: 0.4520, Epsilon: 0.100
2026-03-17 03:49:25 | INFO | Episode  127 - Reward: 9.650, Length: 8, Loss: 1.0473, Epsilon: 0.100
2026-03-17 03:49:27 | INFO | Episode  128 - Reward: -8.000, Length: 40, Loss: 1.3325, Epsilon: 0.100
2026-03-17 03:49:28 | INFO | Episode  129 - Reward: -7.100, Length: 40, Loss: 0.1601, Epsilon: 0.100
2026-03-17 03:49:29 | INFO | Episode  130 - Reward: 9.650, Length: 8, Loss: 1.1382, Epsilon: 0.100
2026-03-17 03:49:30 | INFO | Episode  131 - Reward: -6.200, Length: 40, Loss: 0.8092, Epsilon: 0.100
2026-03-17 03:49:31 | INFO | Episode  132 - Reward: -7.400, Length: 40, Loss: 0.3651, Epsilon: 0.100
2026-03-17 03:49:32 | INFO | Episode  133 - Reward: 9.050, Length: 20, Loss: 0.9976, Epsilon: 0.100
2026-03-17 03:49:33 | INFO | Episode  134 - Reward: -7.700, Length: 40, Loss: 0.8787, Epsilon: 0.100
2026-03-17 03:49:34 | INFO | Episode  135 - Reward: -7.850, Length: 40, Loss: 0.9202, Epsilon: 0.100
2026-03-17 03:49:35 | INFO | Episode  136 - Reward: 9.650, Length: 8, Loss: 1.2280, Epsilon: 0.100
2026-03-17 03:49:36 | INFO | Episode  137 - Reward: -7.250, Length: 40, Loss: 0.7543, Epsilon: 0.100
2026-03-17 03:49:37 | INFO | Episode  138 - Reward: -9.050, Length: 40, Loss: 1.5473, Epsilon: 0.100
2026-03-17 03:49:38 | INFO | Episode  139 - Reward: -7.100, Length: 40, Loss: 0.3483, Epsilon: 0.100
2026-03-17 03:49:39 | INFO | Episode  140 - Reward: 4.300, Length: 25, Loss: 1.4219, Epsilon: 0.100
2026-03-17 03:49:40 | INFO | Episode  141 - Reward: -6.950, Length: 40, Loss: 1.2130, Epsilon: 0.100
2026-03-17 03:49:41 | INFO | Episode  142 - Reward: -7.100, Length: 40, Loss: 0.7649, Epsilon: 0.100
2026-03-17 03:49:42 | INFO | Episode  143 - Reward: -7.100, Length: 40, Loss: 1.0747, Epsilon: 0.100
2026-03-17 03:49:44 | INFO | Episode  144 - Reward: -6.950, Length: 40, Loss: 0.5528, Epsilon: 0.100
2026-03-17 03:49:45 | INFO | Episode  145 - Reward: 9.450, Length: 9, Loss: 0.5620, Epsilon: 0.100
2026-03-17 03:49:46 | INFO | Episode  146 - Reward: 9.250, Length: 10, Loss: 0.7382, Epsilon: 0.100
2026-03-17 03:49:47 | INFO | Episode  147 - Reward: 4.550, Length: 35, Loss: 0.5644, Epsilon: 0.100
2026-03-17 03:49:48 | INFO | Episode  148 - Reward: 9.550, Length: 10, Loss: 1.2458, Epsilon: 0.100
2026-03-17 03:49:49 | INFO | Episode  149 - Reward: -7.550, Length: 40, Loss: 0.7285, Epsilon: 0.100
2026-03-17 03:49:50 | INFO | Episode  150 - Reward: 9.650, Length: 8, Loss: 0.3313, Epsilon: 0.100
2026-03-17 03:50:05 | INFO | [Episode  150] eps=0.100  avg_reward=  -2.849  avg_length= 32.62  avg_loss=  1.0815  eval_success=0.000
2026-03-17 03:50:05 | INFO | Episode  151 - Reward: -7.100, Length: 40, Loss: 1.2048, Epsilon: 0.100
2026-03-17 03:50:07 | INFO | Episode  152 - Reward: 7.700, Length: 8, Loss: 0.5006, Epsilon: 0.100
2026-03-17 03:50:08 | INFO | Episode  153 - Reward: 9.250, Length: 10, Loss: 0.3332, Epsilon: 0.100
2026-03-17 03:50:09 | INFO | Episode  154 - Reward: 9.650, Length: 8, Loss: 2.2896, Epsilon: 0.100
2026-03-17 03:50:10 | INFO | Episode  155 - Reward: -7.550, Length: 40, Loss: 2.3957, Epsilon: 0.100
2026-03-17 03:50:11 | INFO | Episode  156 - Reward: -6.950, Length: 40, Loss: 1.2081, Epsilon: 0.100
2026-03-17 03:50:12 | INFO | Episode  157 - Reward: 9.550, Length: 10, Loss: 0.4369, Epsilon: 0.100
2026-03-17 03:50:13 | INFO | Episode  158 - Reward: 9.450, Length: 9, Loss: 0.6675, Epsilon: 0.100
2026-03-17 03:50:14 | INFO | Episode  159 - Reward: 9.650, Length: 8, Loss: 1.2135, Epsilon: 0.100
2026-03-17 03:50:16 | INFO | Episode  160 - Reward: -10.550, Length: 40, Loss: 0.9739, Epsilon: 0.100
2026-03-17 03:50:17 | INFO | Episode  161 - Reward: -7.400, Length: 40, Loss: 1.7487, Epsilon: 0.100
2026-03-17 03:50:18 | INFO | Episode  162 - Reward: -7.550, Length: 40, Loss: 1.4155, Epsilon: 0.100
2026-03-17 03:50:19 | INFO | Episode  163 - Reward: 9.650, Length: 8, Loss: 1.4358, Epsilon: 0.100
2026-03-17 03:50:20 | INFO | Episode  164 - Reward: -6.950, Length: 40, Loss: 0.7076, Epsilon: 0.100
2026-03-17 03:50:21 | INFO | Episode  165 - Reward: -7.700, Length: 40, Loss: 1.2898, Epsilon: 0.100
2026-03-17 03:50:22 | INFO | Episode  166 - Reward: -7.400, Length: 40, Loss: 0.4684, Epsilon: 0.100
2026-03-17 03:50:24 | INFO | Episode  167 - Reward: -6.800, Length: 40, Loss: 0.3943, Epsilon: 0.100
2026-03-17 03:50:25 | INFO | Episode  168 - Reward: -7.250, Length: 40, Loss: 1.3028, Epsilon: 0.100
2026-03-17 03:50:26 | INFO | Episode  169 - Reward: -7.700, Length: 40, Loss: 1.0168, Epsilon: 0.100
2026-03-17 03:50:27 | INFO | Episode  170 - Reward: -7.400, Length: 40, Loss: 0.8225, Epsilon: 0.100
2026-03-17 03:50:28 | INFO | Episode  171 - Reward: -7.550, Length: 40, Loss: 1.2491, Epsilon: 0.100
2026-03-17 03:50:29 | INFO | Episode  172 - Reward: -12.050, Length: 40, Loss: 1.0135, Epsilon: 0.100
2026-03-17 03:50:30 | INFO | Episode  173 - Reward: 7.700, Length: 8, Loss: 0.9485, Epsilon: 0.100
2026-03-17 03:50:31 | INFO | Episode  174 - Reward: -6.500, Length: 40, Loss: 0.9131, Epsilon: 0.100
2026-03-17 03:50:32 | INFO | Episode  175 - Reward: 3.250, Length: 22, Loss: 0.9320, Epsilon: 0.100
2026-03-17 03:50:33 | INFO | Episode  176 - Reward: -7.550, Length: 40, Loss: 1.2425, Epsilon: 0.100
2026-03-17 03:50:34 | INFO | Episode  177 - Reward: -2.450, Length: 40, Loss: 1.4600, Epsilon: 0.100
2026-03-17 03:50:36 | INFO | Episode  178 - Reward: -7.250, Length: 40, Loss: 0.6978, Epsilon: 0.100
2026-03-17 03:50:36 | INFO | Episode  179 - Reward: -6.950, Length: 40, Loss: 0.1408, Epsilon: 0.100
2026-03-17 03:50:37 | INFO | Episode  180 - Reward: 7.600, Length: 10, Loss: 2.0281, Epsilon: 0.100
2026-03-17 03:50:38 | INFO | Episode  181 - Reward: -8.750, Length: 40, Loss: 1.1733, Epsilon: 0.100
2026-03-17 03:50:39 | INFO | Episode  182 - Reward: -7.100, Length: 40, Loss: 0.4924, Epsilon: 0.100
2026-03-17 03:50:40 | INFO | Episode  183 - Reward: -7.550, Length: 40, Loss: 0.5887, Epsilon: 0.100
2026-03-17 03:50:41 | INFO | Episode  184 - Reward: -6.800, Length: 40, Loss: 0.4421, Epsilon: 0.100
2026-03-17 03:50:43 | INFO | Episode  185 - Reward: -6.650, Length: 40, Loss: 0.6215, Epsilon: 0.100
2026-03-17 03:50:44 | INFO | Episode  186 - Reward: 7.000, Length: 13, Loss: 1.6400, Epsilon: 0.100
2026-03-17 03:50:45 | INFO | Episode  187 - Reward: -7.250, Length: 40, Loss: 0.8873, Epsilon: 0.100
2026-03-17 03:50:46 | INFO | Episode  188 - Reward: 9.450, Length: 12, Loss: 0.4126, Epsilon: 0.100
2026-03-17 03:50:47 | INFO | Episode  189 - Reward: -6.800, Length: 40, Loss: 1.7200, Epsilon: 0.100
2026-03-17 03:50:48 | INFO | Episode  190 - Reward: 9.450, Length: 9, Loss: 1.9496, Epsilon: 0.100
2026-03-17 03:50:49 | INFO | Episode  191 - Reward: -6.350, Length: 40, Loss: 0.9036, Epsilon: 0.100
2026-03-17 03:50:50 | INFO | Episode  192 - Reward: -7.400, Length: 40, Loss: 0.7717, Epsilon: 0.100
2026-03-17 03:50:51 | INFO | Episode  193 - Reward: -7.250, Length: 40, Loss: 0.8481, Epsilon: 0.100
2026-03-17 03:50:52 | INFO | Episode  194 - Reward: -6.650, Length: 40, Loss: 1.5635, Epsilon: 0.100
2026-03-17 03:50:53 | INFO | Episode  195 - Reward: -6.650, Length: 40, Loss: 2.0857, Epsilon: 0.100
2026-03-17 03:50:54 | INFO | Episode  196 - Reward: -7.400, Length: 40, Loss: 0.7460, Epsilon: 0.100
2026-03-17 03:50:54 | INFO | Episode  197 - Reward: -2.000, Length: 40, Loss: 2.1919, Epsilon: 0.100
2026-03-17 03:50:55 | INFO | Episode  198 - Reward: -4.550, Length: 40, Loss: 0.9115, Epsilon: 0.100
2026-03-17 03:50:56 | INFO | Episode  199 - Reward: -2.000, Length: 40, Loss: 1.3362, Epsilon: 0.100
2026-03-17 03:50:57 | INFO | Episode  200 - Reward: -2.150, Length: 40, Loss: 1.2033, Epsilon: 0.100
2026-03-17 03:51:08 | INFO | [Episode  200] eps=0.100  avg_reward=  -2.851  avg_length= 32.30  avg_loss=  1.0988  eval_success=0.000
2026-03-17 03:51:09 | INFO | Episode  201 - Reward: -2.150, Length: 40, Loss: 1.0329, Epsilon: 0.100
2026-03-17 03:51:10 | INFO | Episode  202 - Reward: -10.550, Length: 40, Loss: 0.7016, Epsilon: 0.100
2026-03-17 03:51:11 | INFO | Episode  203 - Reward: -6.800, Length: 40, Loss: 0.5212, Epsilon: 0.100
2026-03-17 03:51:12 | INFO | Episode  204 - Reward: -7.250, Length: 40, Loss: 1.4796, Epsilon: 0.100
2026-03-17 03:51:13 | INFO | Episode  205 - Reward: -6.800, Length: 40, Loss: 0.3561, Epsilon: 0.100
2026-03-17 03:51:14 | INFO | Episode  206 - Reward: -6.350, Length: 40, Loss: 0.7432, Epsilon: 0.100
2026-03-17 03:51:15 | INFO | Episode  207 - Reward: -7.550, Length: 40, Loss: 0.0555, Epsilon: 0.100
2026-03-17 03:51:15 | INFO | Episode  208 - Reward: -7.850, Length: 40, Loss: 1.0508, Epsilon: 0.100
2026-03-17 03:51:16 | INFO | Episode  209 - Reward: -2.300, Length: 40, Loss: 0.3815, Epsilon: 0.100
2026-03-17 03:51:17 | INFO | Episode  210 - Reward: 9.450, Length: 9, Loss: 0.6223, Epsilon: 0.100
2026-03-17 03:51:18 | INFO | Episode  211 - Reward: -8.000, Length: 40, Loss: 0.8633, Epsilon: 0.100
2026-03-17 03:51:19 | INFO | Episode  212 - Reward: 9.650, Length: 8, Loss: 0.4675, Epsilon: 0.100
2026-03-17 03:51:20 | INFO | Episode  213 - Reward: -6.650, Length: 40, Loss: 0.9357, Epsilon: 0.100
2026-03-17 03:51:21 | INFO | Episode  214 - Reward: -8.000, Length: 40, Loss: 0.3773, Epsilon: 0.100
2026-03-17 03:51:22 | INFO | Episode  215 - Reward: -6.800, Length: 40, Loss: 0.7981, Epsilon: 0.100
2026-03-17 03:51:22 | INFO | Episode  216 - Reward: -6.800, Length: 40, Loss: 0.3449, Epsilon: 0.100
2026-03-17 03:51:23 | INFO | Episode  217 - Reward: -7.550, Length: 40, Loss: 1.0842, Epsilon: 0.100
2026-03-17 03:51:24 | INFO | Episode  218 - Reward: -6.500, Length: 40, Loss: 0.7736, Epsilon: 0.100
2026-03-17 03:51:25 | INFO | Episode  219 - Reward: -8.000, Length: 40, Loss: 0.3911, Epsilon: 0.100
2026-03-17 03:51:26 | INFO | Episode  220 - Reward: -7.700, Length: 40, Loss: 1.1047, Epsilon: 0.100
2026-03-17 03:51:27 | INFO | Episode  221 - Reward: -7.250, Length: 40, Loss: 0.3254, Epsilon: 0.100
2026-03-17 03:51:28 | INFO | Episode  222 - Reward: 7.700, Length: 8, Loss: 0.0693, Epsilon: 0.100
2026-03-17 03:51:29 | INFO | Episode  223 - Reward: 7.500, Length: 9, Loss: 0.3571, Epsilon: 0.100
2026-03-17 03:51:29 | INFO | Episode  224 - Reward: -6.650, Length: 40, Loss: 0.5447, Epsilon: 0.100
2026-03-17 03:51:30 | INFO | Episode  225 - Reward: 7.700, Length: 8, Loss: 0.7766, Epsilon: 0.100
2026-03-17 03:51:31 | INFO | Episode  226 - Reward: -7.250, Length: 40, Loss: 0.4724, Epsilon: 0.100
2026-03-17 03:51:32 | INFO | Episode  227 - Reward: 9.450, Length: 12, Loss: 0.4377, Epsilon: 0.100
2026-03-17 03:51:33 | INFO | Episode  228 - Reward: -7.250, Length: 40, Loss: 0.5652, Epsilon: 0.100
2026-03-17 03:51:34 | INFO | Episode  229 - Reward: 7.600, Length: 10, Loss: 0.3136, Epsilon: 0.100
2026-03-17 03:51:35 | INFO | Episode  230 - Reward: 9.450, Length: 9, Loss: 0.0209, Epsilon: 0.100
2026-03-17 03:51:36 | INFO | Episode  231 - Reward: 7.600, Length: 10, Loss: 0.3357, Epsilon: 0.100
2026-03-17 03:51:36 | INFO | Episode  232 - Reward: -7.850, Length: 40, Loss: 1.5436, Epsilon: 0.100
2026-03-17 03:51:37 | INFO | Episode  233 - Reward: -7.850, Length: 40, Loss: 0.3465, Epsilon: 0.100
2026-03-17 03:51:38 | INFO | Episode  234 - Reward: 9.650, Length: 8, Loss: 1.0267, Epsilon: 0.100
2026-03-17 03:51:39 | INFO | Episode  235 - Reward: -6.950, Length: 40, Loss: 0.6299, Epsilon: 0.100
2026-03-17 03:51:39 | INFO | Episode  236 - Reward: 7.300, Length: 10, Loss: 0.5352, Epsilon: 0.100
2026-03-17 03:51:40 | INFO | Episode  237 - Reward: -7.700, Length: 40, Loss: 1.3247, Epsilon: 0.100
2026-03-17 03:51:41 | INFO | Episode  238 - Reward: -7.700, Length: 40, Loss: 1.3200, Epsilon: 0.100
2026-03-17 03:51:42 | INFO | Episode  239 - Reward: -7.250, Length: 40, Loss: 0.7772, Epsilon: 0.100
2026-03-17 03:51:42 | INFO | Episode  240 - Reward: 7.600, Length: 10, Loss: 0.6891, Epsilon: 0.100
2026-03-17 03:51:44 | INFO | Episode  241 - Reward: -7.100, Length: 40, Loss: 1.1901, Epsilon: 0.100
2026-03-17 03:51:45 | INFO | Episode  242 - Reward: -6.650, Length: 40, Loss: 0.6217, Epsilon: 0.100
2026-03-17 03:51:46 | INFO | Episode  243 - Reward: -9.950, Length: 40, Loss: 1.3713, Epsilon: 0.100
2026-03-17 03:51:47 | INFO | Episode  244 - Reward: 7.700, Length: 8, Loss: 1.0167, Epsilon: 0.100
2026-03-17 03:51:48 | INFO | Episode  245 - Reward: 9.650, Length: 8, Loss: 0.6496, Epsilon: 0.100
2026-03-17 03:51:49 | INFO | Episode  246 - Reward: 9.650, Length: 8, Loss: 0.7024, Epsilon: 0.100
2026-03-17 03:51:51 | INFO | Episode  247 - Reward: 1.700, Length: 38, Loss: 1.6532, Epsilon: 0.100
2026-03-17 03:51:52 | INFO | Episode  248 - Reward: -7.400, Length: 40, Loss: 2.2822, Epsilon: 0.100
2026-03-17 03:51:53 | INFO | Episode  249 - Reward: -6.650, Length: 40, Loss: 1.8552, Epsilon: 0.100
2026-03-17 03:51:54 | INFO | Episode  250 - Reward: 2.300, Length: 20, Loss: 1.3086, Epsilon: 0.100
2026-03-17 03:52:09 | INFO | [Episode  250] eps=0.100  avg_reward=  -2.068  avg_length= 30.26  avg_loss=  0.7829  eval_success=0.000
