2026-03-17 03:53:12 | INFO | ============================================================
2026-03-17 03:53:12 | INFO | DEVICE / COMPUTE INFORMATION
2026-03-17 03:53:12 | INFO |   JAX backend       : GPU
2026-03-17 03:53:12 | INFO |   Platform          : gpu
2026-03-17 03:53:12 | INFO |   Num devices       : 1
2026-03-17 03:53:12 | INFO |   Device            : cuda:0
2026-03-17 03:53:12 | INFO |   GPU name          : NVIDIA GeForce RTX 5060 Laptop GPU
2026-03-17 03:53:12 | INFO | ============================================================
2026-03-17 03:53:12 | INFO | ✓ JAX GPU backend confirmed.
2026-03-17 03:53:13 | INFO | DQN seed=2_gamma=0.99_lr=0.01
2026-03-17 03:53:15 | INFO | Episode    1 - Reward: -5.450, Length: 40, Loss: 0.0000, Epsilon: 0.991
2026-03-17 03:53:16 | INFO | Episode    2 - Reward: -5.900, Length: 40, Loss: 0.0000, Epsilon: 0.982
2026-03-17 03:53:20 | INFO | Episode    3 - Reward: -4.400, Length: 40, Loss: 0.1812, Epsilon: 0.973
2026-03-17 03:53:21 | INFO | Episode    4 - Reward: -5.150, Length: 40, Loss: 0.0778, Epsilon: 0.964
2026-03-17 03:53:22 | INFO | Episode    5 - Reward: -6.050, Length: 40, Loss: 0.0625, Epsilon: 0.955
2026-03-17 03:53:23 | INFO | Episode    6 - Reward: -6.050, Length: 40, Loss: 0.0241, Epsilon: 0.946
2026-03-17 03:53:25 | INFO | Episode    7 - Reward: -4.250, Length: 40, Loss: 0.0469, Epsilon: 0.937
2026-03-17 03:53:26 | INFO | Episode    8 - Reward: -4.550, Length: 40, Loss: 0.0477, Epsilon: 0.928
2026-03-17 03:53:27 | INFO | Episode    9 - Reward: -4.250, Length: 40, Loss: 0.0139, Epsilon: 0.919
2026-03-17 03:53:28 | INFO | Episode   10 - Reward: -5.900, Length: 40, Loss: 0.0119, Epsilon: 0.910
2026-03-17 03:53:29 | INFO | Episode   11 - Reward: -4.100, Length: 40, Loss: 0.0102, Epsilon: 0.901
2026-03-17 03:53:30 | INFO | Episode   12 - Reward: -4.550, Length: 40, Loss: 0.0407, Epsilon: 0.892
2026-03-17 03:53:31 | INFO | Episode   13 - Reward: 6.850, Length: 31, Loss: 0.0076, Epsilon: 0.883
2026-03-17 03:53:32 | INFO | Episode   14 - Reward: -5.150, Length: 40, Loss: 0.0113, Epsilon: 0.874
2026-03-17 03:53:33 | INFO | Episode   15 - Reward: 3.250, Length: 28, Loss: 0.7904, Epsilon: 0.865
2026-03-17 03:53:35 | INFO | Episode   16 - Reward: 5.200, Length: 31, Loss: 0.0664, Epsilon: 0.856
2026-03-17 03:53:36 | INFO | Episode   17 - Reward: -6.800, Length: 40, Loss: 0.0101, Epsilon: 0.847
2026-03-17 03:53:37 | INFO | Episode   18 - Reward: 5.650, Length: 37, Loss: 0.1283, Epsilon: 0.838
2026-03-17 03:53:38 | INFO | Episode   19 - Reward: -5.450, Length: 40, Loss: 0.7998, Epsilon: 0.829
2026-03-17 03:53:39 | INFO | Episode   20 - Reward: 8.450, Length: 20, Loss: 2.3033, Epsilon: 0.820
2026-03-17 03:53:40 | INFO | Episode   21 - Reward: -4.700, Length: 40, Loss: 0.1418, Epsilon: 0.811
2026-03-17 03:53:41 | INFO | Episode   22 - Reward: -5.300, Length: 40, Loss: 0.7991, Epsilon: 0.802
2026-03-17 03:53:42 | INFO | Episode   23 - Reward: -3.500, Length: 40, Loss: 0.7630, Epsilon: 0.793
2026-03-17 03:53:43 | INFO | Episode   24 - Reward: 1.600, Length: 31, Loss: 0.8356, Epsilon: 0.784
2026-03-17 03:53:44 | INFO | Episode   25 - Reward: 6.600, Length: 18, Loss: 0.7995, Epsilon: 0.775
2026-03-17 03:53:45 | INFO | Episode   26 - Reward: -3.500, Length: 40, Loss: 2.2361, Epsilon: 0.766
2026-03-17 03:53:46 | INFO | Episode   27 - Reward: 7.550, Length: 23, Loss: 0.7843, Epsilon: 0.757
2026-03-17 03:53:47 | INFO | Episode   28 - Reward: -6.350, Length: 40, Loss: 1.5318, Epsilon: 0.748
2026-03-17 03:53:48 | INFO | Episode   29 - Reward: -5.600, Length: 40, Loss: 0.0962, Epsilon: 0.739
2026-03-17 03:53:49 | INFO | Episode   30 - Reward: 6.150, Length: 33, Loss: 0.1168, Epsilon: 0.730
2026-03-17 03:53:50 | INFO | Episode   31 - Reward: -8.000, Length: 40, Loss: 1.5255, Epsilon: 0.721
2026-03-17 03:53:51 | INFO | Episode   32 - Reward: -4.100, Length: 40, Loss: 0.0162, Epsilon: 0.712
2026-03-17 03:53:52 | INFO | Episode   33 - Reward: -4.400, Length: 40, Loss: 0.0160, Epsilon: 0.703
2026-03-17 03:53:53 | INFO | Episode   34 - Reward: -6.350, Length: 40, Loss: 2.2227, Epsilon: 0.694
2026-03-17 03:53:55 | INFO | Episode   35 - Reward: -8.900, Length: 40, Loss: 2.1692, Epsilon: 0.685
2026-03-17 03:53:56 | INFO | Episode   36 - Reward: -3.650, Length: 40, Loss: 0.0556, Epsilon: 0.676
2026-03-17 03:53:57 | INFO | Episode   37 - Reward: -7.850, Length: 40, Loss: 0.0412, Epsilon: 0.667
2026-03-17 03:53:58 | INFO | Episode   38 - Reward: -5.450, Length: 40, Loss: 0.0203, Epsilon: 0.658
2026-03-17 03:53:59 | INFO | Episode   39 - Reward: -6.650, Length: 40, Loss: 1.5294, Epsilon: 0.649
2026-03-17 03:54:00 | INFO | Episode   40 - Reward: -5.750, Length: 40, Loss: 0.7448, Epsilon: 0.640
2026-03-17 03:54:01 | INFO | Episode   41 - Reward: -5.600, Length: 40, Loss: 0.0530, Epsilon: 0.631
2026-03-17 03:54:02 | INFO | Episode   42 - Reward: -6.350, Length: 40, Loss: 1.5034, Epsilon: 0.622
2026-03-17 03:54:03 | INFO | Episode   43 - Reward: -6.350, Length: 40, Loss: 0.0455, Epsilon: 0.613
2026-03-17 03:54:04 | INFO | Episode   44 - Reward: 8.150, Length: 20, Loss: 0.0221, Epsilon: 0.604
2026-03-17 03:54:05 | INFO | Episode   45 - Reward: -6.350, Length: 40, Loss: 0.7037, Epsilon: 0.595
2026-03-17 03:54:06 | INFO | Episode   46 - Reward: -5.000, Length: 40, Loss: 0.1070, Epsilon: 0.586
2026-03-17 03:54:07 | INFO | Episode   47 - Reward: 6.700, Length: 16, Loss: 0.0490, Epsilon: 0.577
2026-03-17 03:54:08 | INFO | Episode   48 - Reward: 1.300, Length: 28, Loss: 0.0530, Epsilon: 0.568
2026-03-17 03:54:09 | INFO | Episode   49 - Reward: 4.450, Length: 22, Loss: 0.7330, Epsilon: 0.559
2026-03-17 03:54:11 | INFO | Episode   50 - Reward: 6.100, Length: 16, Loss: 0.1198, Epsilon: 0.550
2026-03-17 03:54:26 | INFO | [Episode   50] eps=0.550  avg_reward=  -2.394  avg_length= 35.88  avg_loss=  0.4894  eval_success=0.000
2026-03-17 03:54:27 | INFO | Episode   51 - Reward: 7.500, Length: 9, Loss: 0.0992, Epsilon: 0.541
2026-03-17 03:54:28 | INFO | Episode   52 - Reward: 9.650, Length: 8, Loss: 0.0158, Epsilon: 0.532
2026-03-17 03:54:30 | INFO | Episode   53 - Reward: 8.450, Length: 17, Loss: 0.7007, Epsilon: 0.523
2026-03-17 03:54:31 | INFO | Episode   54 - Reward: 7.550, Length: 23, Loss: 0.7734, Epsilon: 0.514
2026-03-17 03:54:32 | INFO | Episode   55 - Reward: -0.550, Length: 35, Loss: 2.1160, Epsilon: 0.505
2026-03-17 03:54:33 | INFO | Episode   56 - Reward: -4.250, Length: 40, Loss: 0.0762, Epsilon: 0.496
2026-03-17 03:54:34 | INFO | Episode   57 - Reward: -5.000, Length: 40, Loss: 2.1526, Epsilon: 0.487
2026-03-17 03:54:35 | INFO | Episode   58 - Reward: -5.150, Length: 40, Loss: 0.1285, Epsilon: 0.478
2026-03-17 03:54:36 | INFO | Episode   59 - Reward: -7.250, Length: 40, Loss: 2.0722, Epsilon: 0.469
2026-03-17 03:54:37 | INFO | Episode   60 - Reward: -7.100, Length: 40, Loss: 0.7172, Epsilon: 0.460
2026-03-17 03:54:38 | INFO | Episode   61 - Reward: 3.100, Length: 40, Loss: 0.7275, Epsilon: 0.451
2026-03-17 03:54:39 | INFO | Episode   62 - Reward: -6.650, Length: 40, Loss: 0.7090, Epsilon: 0.442
2026-03-17 03:54:40 | INFO | Episode   63 - Reward: -7.250, Length: 40, Loss: 0.7945, Epsilon: 0.433
2026-03-17 03:54:41 | INFO | Episode   64 - Reward: 1.450, Length: 40, Loss: 1.3843, Epsilon: 0.424
2026-03-17 03:54:42 | INFO | Episode   65 - Reward: 8.150, Length: 20, Loss: 2.0099, Epsilon: 0.415
2026-03-17 03:54:44 | INFO | Episode   66 - Reward: -7.100, Length: 40, Loss: 0.0634, Epsilon: 0.406
2026-03-17 03:54:45 | INFO | Episode   67 - Reward: 1.050, Length: 39, Loss: 3.2200, Epsilon: 0.397
2026-03-17 03:54:46 | INFO | Episode   68 - Reward: -6.950, Length: 40, Loss: 0.6732, Epsilon: 0.388
2026-03-17 03:54:47 | INFO | Episode   69 - Reward: 7.200, Length: 15, Loss: 1.8622, Epsilon: 0.379
2026-03-17 03:54:48 | INFO | Episode   70 - Reward: 4.400, Length: 26, Loss: 1.9731, Epsilon: 0.370
2026-03-17 03:54:49 | INFO | Episode   71 - Reward: -5.900, Length: 40, Loss: 0.7092, Epsilon: 0.361
2026-03-17 03:54:50 | INFO | Episode   72 - Reward: -6.650, Length: 40, Loss: 0.1358, Epsilon: 0.352
2026-03-17 03:54:51 | INFO | Episode   73 - Reward: -5.000, Length: 40, Loss: 0.0638, Epsilon: 0.343
2026-03-17 03:54:52 | INFO | Episode   74 - Reward: -6.200, Length: 40, Loss: 0.6900, Epsilon: 0.334
2026-03-17 03:54:53 | INFO | Episode   75 - Reward: -5.300, Length: 40, Loss: 0.6867, Epsilon: 0.325
2026-03-17 03:54:54 | INFO | Episode   76 - Reward: 9.450, Length: 9, Loss: 0.1186, Epsilon: 0.316
2026-03-17 03:54:55 | INFO | Episode   77 - Reward: 7.400, Length: 14, Loss: 1.3076, Epsilon: 0.307
2026-03-17 03:54:57 | INFO | Episode   78 - Reward: -6.800, Length: 40, Loss: 1.2006, Epsilon: 0.298
2026-03-17 03:54:58 | INFO | Episode   79 - Reward: 9.050, Length: 11, Loss: 0.1795, Epsilon: 0.289
2026-03-17 03:54:59 | INFO | Episode   80 - Reward: 3.850, Length: 40, Loss: 0.6827, Epsilon: 0.280
2026-03-17 03:55:00 | INFO | Episode   81 - Reward: -5.750, Length: 40, Loss: 1.1755, Epsilon: 0.271
2026-03-17 03:55:01 | INFO | Episode   82 - Reward: 2.550, Length: 27, Loss: 0.1102, Epsilon: 0.262
2026-03-17 03:55:02 | INFO | Episode   83 - Reward: 3.900, Length: 30, Loss: 1.2044, Epsilon: 0.253
2026-03-17 03:55:03 | INFO | Episode   84 - Reward: 9.550, Length: 10, Loss: 0.6395, Epsilon: 0.244
2026-03-17 03:55:04 | INFO | Episode   85 - Reward: 9.350, Length: 11, Loss: 2.2301, Epsilon: 0.235
2026-03-17 03:55:05 | INFO | Episode   86 - Reward: 0.700, Length: 28, Loss: 1.1927, Epsilon: 0.226
2026-03-17 03:55:06 | INFO | Episode   87 - Reward: 9.450, Length: 9, Loss: 0.7024, Epsilon: 0.217
2026-03-17 03:55:06 | INFO | Episode   88 - Reward: -6.950, Length: 40, Loss: 1.1656, Epsilon: 0.208
2026-03-17 03:55:07 | INFO | Episode   89 - Reward: -9.950, Length: 40, Loss: 0.6731, Epsilon: 0.199
2026-03-17 03:55:08 | INFO | Episode   90 - Reward: 5.300, Length: 20, Loss: 0.1137, Epsilon: 0.190
2026-03-17 03:55:09 | INFO | Episode   91 - Reward: 7.500, Length: 9, Loss: 0.7641, Epsilon: 0.181
2026-03-17 03:55:10 | INFO | Episode   92 - Reward: -8.300, Length: 40, Loss: 0.6487, Epsilon: 0.172
2026-03-17 03:55:11 | INFO | Episode   93 - Reward: 5.700, Length: 21, Loss: 1.2139, Epsilon: 0.163
2026-03-17 03:55:12 | INFO | Episode   94 - Reward: 9.650, Length: 8, Loss: 0.2362, Epsilon: 0.154
2026-03-17 03:55:12 | INFO | Episode   95 - Reward: 9.450, Length: 9, Loss: 0.5429, Epsilon: 0.145
2026-03-17 03:55:13 | INFO | Episode   96 - Reward: 9.450, Length: 9, Loss: 1.9604, Epsilon: 0.136
2026-03-17 03:55:14 | INFO | Episode   97 - Reward: 5.700, Length: 18, Loss: 1.3874, Epsilon: 0.127
2026-03-17 03:55:15 | INFO | Episode   98 - Reward: 7.500, Length: 9, Loss: 1.1603, Epsilon: 0.118
2026-03-17 03:55:16 | INFO | Episode   99 - Reward: 9.650, Length: 8, Loss: 1.1119, Epsilon: 0.109
2026-03-17 03:55:17 | INFO | Episode  100 - Reward: 9.450, Length: 9, Loss: 1.5862, Epsilon: 0.100
2026-03-17 03:55:18 | INFO | [Episode  100] eps=0.100  avg_reward=   1.581  avg_length= 26.82  avg_loss=  0.9572  eval_success=1.000
2026-03-17 03:55:19 | INFO | Episode  101 - Reward: 9.650, Length: 8, Loss: 1.0202, Epsilon: 0.100
2026-03-17 03:55:20 | INFO | Episode  102 - Reward: 9.450, Length: 9, Loss: 0.5600, Epsilon: 0.100
2026-03-17 03:55:21 | INFO | Episode  103 - Reward: 6.700, Length: 13, Loss: 0.5766, Epsilon: 0.100
2026-03-17 03:55:22 | INFO | Episode  104 - Reward: 6.500, Length: 14, Loss: 1.2808, Epsilon: 0.100
2026-03-17 03:55:23 | INFO | Episode  105 - Reward: 9.450, Length: 9, Loss: 2.5147, Epsilon: 0.100
2026-03-17 03:55:24 | INFO | Episode  106 - Reward: -7.850, Length: 40, Loss: 0.1033, Epsilon: 0.100
2026-03-17 03:55:24 | INFO | Episode  107 - Reward: -6.500, Length: 40, Loss: 0.6930, Epsilon: 0.100
2026-03-17 03:55:25 | INFO | Episode  108 - Reward: 9.650, Length: 8, Loss: 1.4988, Epsilon: 0.100
2026-03-17 03:55:26 | INFO | Episode  109 - Reward: -6.650, Length: 40, Loss: 3.8233, Epsilon: 0.100
2026-03-17 03:55:27 | INFO | Episode  110 - Reward: -6.800, Length: 40, Loss: 2.2754, Epsilon: 0.100
2026-03-17 03:55:28 | INFO | Episode  111 - Reward: -7.250, Length: 40, Loss: 0.9795, Epsilon: 0.100
2026-03-17 03:55:29 | INFO | Episode  112 - Reward: -7.400, Length: 40, Loss: 2.4116, Epsilon: 0.100
2026-03-17 03:55:30 | INFO | Episode  113 - Reward: -6.950, Length: 40, Loss: 0.6853, Epsilon: 0.100
2026-03-17 03:55:30 | INFO | Episode  114 - Reward: 7.850, Length: 17, Loss: 1.8885, Epsilon: 0.100
2026-03-17 03:55:31 | INFO | Episode  115 - Reward: 9.650, Length: 8, Loss: 0.9119, Epsilon: 0.100
2026-03-17 03:55:32 | INFO | Episode  116 - Reward: -10.100, Length: 40, Loss: 1.2814, Epsilon: 0.100
2026-03-17 03:55:33 | INFO | Episode  117 - Reward: 3.900, Length: 27, Loss: 1.0182, Epsilon: 0.100
2026-03-17 03:55:34 | INFO | Episode  118 - Reward: 9.650, Length: 8, Loss: 1.7640, Epsilon: 0.100
2026-03-17 03:55:35 | INFO | Episode  119 - Reward: -7.100, Length: 40, Loss: 1.1106, Epsilon: 0.100
2026-03-17 03:55:35 | INFO | Episode  120 - Reward: 9.650, Length: 8, Loss: 1.7400, Epsilon: 0.100
2026-03-17 03:55:36 | INFO | Episode  121 - Reward: 9.350, Length: 11, Loss: 0.9919, Epsilon: 0.100
2026-03-17 03:55:37 | INFO | Episode  122 - Reward: 9.550, Length: 10, Loss: 0.5174, Epsilon: 0.100
2026-03-17 03:55:38 | INFO | Episode  123 - Reward: 9.650, Length: 8, Loss: 1.0345, Epsilon: 0.100
2026-03-17 03:55:39 | INFO | Episode  124 - Reward: 9.250, Length: 10, Loss: 0.2284, Epsilon: 0.100
2026-03-17 03:55:40 | INFO | Episode  125 - Reward: 9.650, Length: 8, Loss: 0.4013, Epsilon: 0.100
2026-03-17 03:55:41 | INFO | Episode  126 - Reward: 9.450, Length: 9, Loss: 2.2780, Epsilon: 0.100
2026-03-17 03:55:41 | INFO | Episode  127 - Reward: 9.650, Length: 8, Loss: 0.9898, Epsilon: 0.100
2026-03-17 03:55:42 | INFO | Episode  128 - Reward: 5.200, Length: 22, Loss: 0.4323, Epsilon: 0.100
2026-03-17 03:55:43 | INFO | Episode  129 - Reward: -8.600, Length: 40, Loss: 0.8570, Epsilon: 0.100
2026-03-17 03:55:44 | INFO | Episode  130 - Reward: -8.300, Length: 40, Loss: 0.9776, Epsilon: 0.100
2026-03-17 03:55:45 | INFO | Episode  131 - Reward: 7.700, Length: 8, Loss: 0.5785, Epsilon: 0.100
2026-03-17 03:55:46 | INFO | Episode  132 - Reward: 9.350, Length: 11, Loss: 1.5179, Epsilon: 0.100
2026-03-17 03:55:47 | INFO | Episode  133 - Reward: 7.450, Length: 19, Loss: 1.3909, Epsilon: 0.100
2026-03-17 03:55:48 | INFO | Episode  134 - Reward: 9.650, Length: 8, Loss: 2.0394, Epsilon: 0.100
2026-03-17 03:55:48 | INFO | Episode  135 - Reward: -10.550, Length: 40, Loss: 0.9072, Epsilon: 0.100
2026-03-17 03:55:49 | INFO | Episode  136 - Reward: -10.100, Length: 40, Loss: 1.6608, Epsilon: 0.100
2026-03-17 03:55:50 | INFO | Episode  137 - Reward: 9.450, Length: 9, Loss: 0.9397, Epsilon: 0.100
2026-03-17 03:55:50 | INFO | Episode  138 - Reward: 9.450, Length: 9, Loss: 0.4090, Epsilon: 0.100
2026-03-17 03:55:51 | INFO | Episode  139 - Reward: 9.450, Length: 9, Loss: 0.5159, Epsilon: 0.100
2026-03-17 03:55:52 | INFO | Episode  140 - Reward: 9.650, Length: 8, Loss: 1.3519, Epsilon: 0.100
2026-03-17 03:55:53 | INFO | Episode  141 - Reward: 7.700, Length: 8, Loss: 0.4643, Epsilon: 0.100
2026-03-17 03:55:53 | INFO | Episode  142 - Reward: 6.550, Length: 25, Loss: 1.0523, Epsilon: 0.100
2026-03-17 03:55:54 | INFO | Episode  143 - Reward: 2.500, Length: 34, Loss: 1.2972, Epsilon: 0.100
2026-03-17 03:55:55 | INFO | Episode  144 - Reward: 9.650, Length: 8, Loss: 1.9046, Epsilon: 0.100
2026-03-17 03:55:56 | INFO | Episode  145 - Reward: 7.700, Length: 8, Loss: 1.1755, Epsilon: 0.100
2026-03-17 03:55:57 | INFO | Episode  146 - Reward: 9.250, Length: 10, Loss: 0.4868, Epsilon: 0.100
2026-03-17 03:55:58 | INFO | Episode  147 - Reward: 9.450, Length: 9, Loss: 0.9135, Epsilon: 0.100
2026-03-17 03:55:59 | INFO | Episode  148 - Reward: -7.400, Length: 40, Loss: 0.6852, Epsilon: 0.100
2026-03-17 03:55:59 | INFO | Episode  149 - Reward: 9.650, Length: 8, Loss: 1.5177, Epsilon: 0.100
2026-03-17 03:56:00 | INFO | Episode  150 - Reward: 4.650, Length: 33, Loss: 1.1780, Epsilon: 0.100
2026-03-17 03:56:03 | INFO | [Episode  150] eps=0.100  avg_reward=   3.831  avg_length= 19.98  avg_loss=  1.1766  eval_success=1.000
2026-03-17 03:56:04 | INFO | Episode  151 - Reward: 9.350, Length: 11, Loss: 1.3663, Epsilon: 0.100
2026-03-17 03:56:05 | INFO | Episode  152 - Reward: 9.450, Length: 9, Loss: 0.7119, Epsilon: 0.100
2026-03-17 03:56:07 | INFO | Episode  153 - Reward: 9.650, Length: 8, Loss: 1.2200, Epsilon: 0.100
2026-03-17 03:56:08 | INFO | Episode  154 - Reward: 9.650, Length: 8, Loss: 1.5982, Epsilon: 0.100
2026-03-17 03:56:09 | INFO | Episode  155 - Reward: -10.250, Length: 40, Loss: 1.2866, Epsilon: 0.100
2026-03-17 03:56:10 | INFO | Episode  156 - Reward: 9.650, Length: 8, Loss: 0.7130, Epsilon: 0.100
2026-03-17 03:56:11 | INFO | Episode  157 - Reward: 9.550, Length: 10, Loss: 0.8687, Epsilon: 0.100
2026-03-17 03:56:12 | INFO | Episode  158 - Reward: 1.050, Length: 39, Loss: 1.6991, Epsilon: 0.100
2026-03-17 03:56:13 | INFO | Episode  159 - Reward: -7.100, Length: 40, Loss: 1.1200, Epsilon: 0.100
2026-03-17 03:56:14 | INFO | Episode  160 - Reward: -7.400, Length: 40, Loss: 1.1559, Epsilon: 0.100
2026-03-17 03:56:16 | INFO | Episode  161 - Reward: 2.050, Length: 28, Loss: 0.5293, Epsilon: 0.100
2026-03-17 03:56:17 | INFO | Episode  162 - Reward: 9.650, Length: 8, Loss: 0.7732, Epsilon: 0.100
2026-03-17 03:56:18 | INFO | Episode  163 - Reward: 9.650, Length: 8, Loss: 1.2546, Epsilon: 0.100
2026-03-17 03:56:19 | INFO | Episode  164 - Reward: -8.750, Length: 40, Loss: 2.0815, Epsilon: 0.100
2026-03-17 03:56:20 | INFO | Episode  165 - Reward: -7.850, Length: 40, Loss: 1.1490, Epsilon: 0.100
2026-03-17 03:56:21 | INFO | Episode  166 - Reward: -7.400, Length: 40, Loss: 1.8577, Epsilon: 0.100
2026-03-17 03:56:22 | INFO | Episode  167 - Reward: 9.450, Length: 9, Loss: 1.9578, Epsilon: 0.100
2026-03-17 03:56:23 | INFO | Episode  168 - Reward: 9.650, Length: 8, Loss: 1.9614, Epsilon: 0.100
2026-03-17 03:56:24 | INFO | Episode  169 - Reward: -6.800, Length: 40, Loss: 0.4684, Epsilon: 0.100
2026-03-17 03:56:25 | INFO | Episode  170 - Reward: -7.400, Length: 40, Loss: 0.5111, Epsilon: 0.100
2026-03-17 03:56:26 | INFO | Episode  171 - Reward: 4.950, Length: 33, Loss: 1.8634, Epsilon: 0.100
2026-03-17 03:56:27 | INFO | Episode  172 - Reward: 9.650, Length: 8, Loss: 0.6568, Epsilon: 0.100
2026-03-17 03:56:28 | INFO | Episode  173 - Reward: 9.450, Length: 9, Loss: 1.7845, Epsilon: 0.100
2026-03-17 03:56:29 | INFO | Episode  174 - Reward: -10.250, Length: 40, Loss: 1.3587, Epsilon: 0.100
2026-03-17 03:56:30 | INFO | Episode  175 - Reward: 6.800, Length: 14, Loss: 0.7425, Epsilon: 0.100
2026-03-17 03:56:31 | INFO | Episode  176 - Reward: -9.650, Length: 40, Loss: 1.2577, Epsilon: 0.100
2026-03-17 03:56:33 | INFO | Episode  177 - Reward: -7.100, Length: 40, Loss: 0.6529, Epsilon: 0.100
2026-03-17 03:56:34 | INFO | Episode  178 - Reward: 9.450, Length: 9, Loss: 0.9647, Epsilon: 0.100
2026-03-17 03:56:35 | INFO | Episode  179 - Reward: 9.450, Length: 9, Loss: 2.2178, Epsilon: 0.100
2026-03-17 03:56:36 | INFO | Episode  180 - Reward: 7.600, Length: 10, Loss: 1.0051, Epsilon: 0.100
2026-03-17 03:56:37 | INFO | Episode  181 - Reward: -6.950, Length: 40, Loss: 1.0117, Epsilon: 0.100
2026-03-17 03:56:38 | INFO | Episode  182 - Reward: 9.650, Length: 8, Loss: 0.8486, Epsilon: 0.100
2026-03-17 03:56:39 | INFO | Episode  183 - Reward: -6.950, Length: 40, Loss: 0.8789, Epsilon: 0.100
2026-03-17 03:56:40 | INFO | Episode  184 - Reward: 6.300, Length: 15, Loss: 1.4453, Epsilon: 0.100
2026-03-17 03:56:41 | INFO | Episode  185 - Reward: 9.450, Length: 9, Loss: 1.3428, Epsilon: 0.100
2026-03-17 03:56:42 | INFO | Episode  186 - Reward: 9.550, Length: 10, Loss: 1.4017, Epsilon: 0.100
2026-03-17 03:56:44 | INFO | Episode  187 - Reward: 9.650, Length: 8, Loss: 0.8239, Epsilon: 0.100
2026-03-17 03:56:45 | INFO | Episode  188 - Reward: 9.450, Length: 12, Loss: 1.0564, Epsilon: 0.100
2026-03-17 03:56:46 | INFO | Episode  189 - Reward: 2.550, Length: 27, Loss: 0.7800, Epsilon: 0.100
2026-03-17 03:56:47 | INFO | Episode  190 - Reward: 9.450, Length: 9, Loss: 3.2571, Epsilon: 0.100
2026-03-17 03:56:48 | INFO | Episode  191 - Reward: 5.800, Length: 19, Loss: 0.8372, Epsilon: 0.100
2026-03-17 03:56:49 | INFO | Episode  192 - Reward: 9.450, Length: 9, Loss: 1.4276, Epsilon: 0.100
2026-03-17 03:56:50 | INFO | Episode  193 - Reward: -8.900, Length: 40, Loss: 0.7844, Epsilon: 0.100
2026-03-17 03:56:51 | INFO | Episode  194 - Reward: 9.250, Length: 10, Loss: 1.5702, Epsilon: 0.100
2026-03-17 03:56:52 | INFO | Episode  195 - Reward: 9.650, Length: 8, Loss: 1.3269, Epsilon: 0.100
2026-03-17 03:56:53 | INFO | Episode  196 - Reward: -7.250, Length: 40, Loss: 1.6607, Epsilon: 0.100
2026-03-17 03:56:54 | INFO | Episode  197 - Reward: -8.300, Length: 40, Loss: 0.8484, Epsilon: 0.100
2026-03-17 03:56:55 | INFO | Episode  198 - Reward: 9.650, Length: 8, Loss: 1.4523, Epsilon: 0.100
2026-03-17 03:56:56 | INFO | Episode  199 - Reward: 7.700, Length: 8, Loss: 0.9723, Epsilon: 0.100
2026-03-17 03:56:57 | INFO | Episode  200 - Reward: -11.900, Length: 40, Loss: 1.6391, Epsilon: 0.100
2026-03-17 03:57:12 | INFO | [Episode  200] eps=0.100  avg_reward=   2.670  avg_length= 21.72  avg_loss=  1.2431  eval_success=0.000
2026-03-17 03:57:13 | INFO | Episode  201 - Reward: -8.300, Length: 40, Loss: 0.7434, Epsilon: 0.100
2026-03-17 03:57:14 | INFO | Episode  202 - Reward: -6.950, Length: 40, Loss: 1.2446, Epsilon: 0.100
2026-03-17 03:57:15 | INFO | Episode  203 - Reward: -6.800, Length: 40, Loss: 0.9045, Epsilon: 0.100
2026-03-17 03:57:17 | INFO | Episode  204 - Reward: 9.650, Length: 8, Loss: 1.2768, Epsilon: 0.100
2026-03-17 03:57:18 | INFO | Episode  205 - Reward: 7.700, Length: 8, Loss: 1.4636, Epsilon: 0.100
2026-03-17 03:57:19 | INFO | Episode  206 - Reward: 7.700, Length: 8, Loss: 0.6176, Epsilon: 0.100
2026-03-17 03:57:20 | INFO | Episode  207 - Reward: -8.900, Length: 40, Loss: 0.7676, Epsilon: 0.100
2026-03-17 03:57:21 | INFO | Episode  208 - Reward: -7.850, Length: 40, Loss: 0.7832, Epsilon: 0.100
2026-03-17 03:57:22 | INFO | Episode  209 - Reward: 2.250, Length: 27, Loss: 0.7181, Epsilon: 0.100
2026-03-17 03:57:23 | INFO | Episode  210 - Reward: -7.100, Length: 40, Loss: 1.8486, Epsilon: 0.100
2026-03-17 03:57:25 | INFO | Episode  211 - Reward: 9.350, Length: 11, Loss: 1.4309, Epsilon: 0.100
2026-03-17 03:57:26 | INFO | Episode  212 - Reward: 9.650, Length: 8, Loss: 1.7912, Epsilon: 0.100
2026-03-17 03:57:27 | INFO | Episode  213 - Reward: -7.550, Length: 40, Loss: 1.3172, Epsilon: 0.100
2026-03-17 03:57:28 | INFO | Episode  214 - Reward: 7.600, Length: 10, Loss: 0.7597, Epsilon: 0.100
2026-03-17 03:57:29 | INFO | Episode  215 - Reward: -12.200, Length: 40, Loss: 2.0060, Epsilon: 0.100
2026-03-17 03:57:30 | INFO | Episode  216 - Reward: 1.900, Length: 22, Loss: 0.5435, Epsilon: 0.100
2026-03-17 03:57:31 | INFO | Episode  217 - Reward: 9.150, Length: 12, Loss: 0.5246, Epsilon: 0.100
2026-03-17 03:57:32 | INFO | Episode  218 - Reward: -6.500, Length: 40, Loss: 1.0450, Epsilon: 0.100
2026-03-17 03:57:33 | INFO | Episode  219 - Reward: 9.250, Length: 10, Loss: 0.7552, Epsilon: 0.100
2026-03-17 03:57:34 | INFO | Episode  220 - Reward: 7.700, Length: 8, Loss: 0.8829, Epsilon: 0.100
2026-03-17 03:57:35 | INFO | Episode  221 - Reward: 9.650, Length: 8, Loss: 1.2905, Epsilon: 0.100
2026-03-17 03:57:37 | INFO | Episode  222 - Reward: -10.550, Length: 40, Loss: 1.9512, Epsilon: 0.100
2026-03-17 03:57:38 | INFO | Episode  223 - Reward: -6.050, Length: 40, Loss: 0.8020, Epsilon: 0.100
2026-03-17 03:57:39 | INFO | Episode  224 - Reward: 6.750, Length: 24, Loss: 1.1185, Epsilon: 0.100
2026-03-17 03:57:40 | INFO | Episode  225 - Reward: 7.700, Length: 8, Loss: 1.3074, Epsilon: 0.100
2026-03-17 03:57:40 | INFO | Episode  226 - Reward: 6.100, Length: 16, Loss: 0.9712, Epsilon: 0.100
2026-03-17 03:57:41 | INFO | Episode  227 - Reward: 3.200, Length: 32, Loss: 1.2317, Epsilon: 0.100
2026-03-17 03:57:42 | INFO | Episode  228 - Reward: -7.550, Length: 40, Loss: 1.4153, Epsilon: 0.100
2026-03-17 03:57:43 | INFO | Episode  229 - Reward: 6.800, Length: 14, Loss: 0.5262, Epsilon: 0.100
2026-03-17 03:57:44 | INFO | Episode  230 - Reward: 9.450, Length: 9, Loss: 1.2320, Epsilon: 0.100
2026-03-17 03:57:45 | INFO | Episode  231 - Reward: 7.600, Length: 10, Loss: 0.8025, Epsilon: 0.100
2026-03-17 03:57:46 | INFO | Episode  232 - Reward: 9.650, Length: 8, Loss: 0.6594, Epsilon: 0.100
2026-03-17 03:57:47 | INFO | Episode  233 - Reward: -6.200, Length: 40, Loss: 0.7552, Epsilon: 0.100
2026-03-17 03:57:49 | INFO | Episode  234 - Reward: 9.650, Length: 8, Loss: 1.2788, Epsilon: 0.100
2026-03-17 03:57:50 | INFO | Episode  235 - Reward: 9.650, Length: 8, Loss: 0.8288, Epsilon: 0.100
2026-03-17 03:57:51 | INFO | Episode  236 - Reward: 9.650, Length: 8, Loss: 0.9440, Epsilon: 0.100
2026-03-17 03:57:52 | INFO | Episode  237 - Reward: 9.450, Length: 9, Loss: 1.3781, Epsilon: 0.100
2026-03-17 03:57:53 | INFO | Episode  238 - Reward: 9.450, Length: 12, Loss: 0.9696, Epsilon: 0.100
2026-03-17 03:57:54 | INFO | Episode  239 - Reward: 7.700, Length: 8, Loss: 0.7068, Epsilon: 0.100
2026-03-17 03:57:55 | INFO | Episode  240 - Reward: 7.600, Length: 10, Loss: 0.8464, Epsilon: 0.100
2026-03-17 03:57:56 | INFO | Episode  241 - Reward: 9.650, Length: 8, Loss: 1.1777, Epsilon: 0.100
2026-03-17 03:57:57 | INFO | Episode  242 - Reward: 9.550, Length: 10, Loss: 1.3882, Epsilon: 0.100
2026-03-17 03:57:59 | INFO | Episode  243 - Reward: -6.800, Length: 40, Loss: 0.7193, Epsilon: 0.100
2026-03-17 03:58:00 | INFO | Episode  244 - Reward: 9.650, Length: 8, Loss: 0.8999, Epsilon: 0.100
2026-03-17 03:58:01 | INFO | Episode  245 - Reward: 7.700, Length: 8, Loss: 0.7782, Epsilon: 0.100
2026-03-17 03:58:02 | INFO | Episode  246 - Reward: 7.700, Length: 8, Loss: 0.9598, Epsilon: 0.100
2026-03-17 03:58:03 | INFO | Episode  247 - Reward: 9.650, Length: 8, Loss: 1.8938, Epsilon: 0.100
2026-03-17 03:58:04 | INFO | Episode  248 - Reward: 7.700, Length: 8, Loss: 1.1561, Epsilon: 0.100
2026-03-17 03:58:05 | INFO | Episode  249 - Reward: -1.000, Length: 38, Loss: 1.1791, Epsilon: 0.100
2026-03-17 03:58:06 | INFO | Episode  250 - Reward: 7.400, Length: 11, Loss: 1.2097, Epsilon: 0.100
2026-03-17 03:58:17 | INFO | [Episode  250] eps=0.100  avg_reward=   3.413  avg_length= 19.82  avg_loss=  1.0760  eval_success=0.000
