2026-03-17 03:29:57 | INFO | ============================================================
2026-03-17 03:29:57 | INFO | DEVICE / COMPUTE INFORMATION
2026-03-17 03:29:57 | INFO |   JAX backend       : GPU
2026-03-17 03:29:57 | INFO |   Platform          : gpu
2026-03-17 03:29:57 | INFO |   Num devices       : 1
2026-03-17 03:29:57 | INFO |   Device            : cuda:0
2026-03-17 03:29:57 | INFO |   GPU name          : NVIDIA GeForce RTX 5060 Laptop GPU
2026-03-17 03:29:57 | INFO | ============================================================
2026-03-17 03:29:57 | INFO | ✓ JAX GPU backend confirmed.
2026-03-17 03:29:58 | INFO | DQN seed=2_gamma=0.9_lr=0.1
2026-03-17 03:30:00 | INFO | Episode    1 - Reward: -5.450, Length: 40, Loss: 0.0000, Epsilon: 0.991
2026-03-17 03:30:01 | INFO | Episode    2 - Reward: -5.900, Length: 40, Loss: 0.0000, Epsilon: 0.982
2026-03-17 03:30:06 | INFO | Episode    3 - Reward: -4.400, Length: 40, Loss: 0.1555, Epsilon: 0.973
2026-03-17 03:30:07 | INFO | Episode    4 - Reward: -5.150, Length: 40, Loss: 0.0382, Epsilon: 0.964
2026-03-17 03:30:08 | INFO | Episode    5 - Reward: -6.050, Length: 40, Loss: 0.0382, Epsilon: 0.955
2026-03-17 03:30:09 | INFO | Episode    6 - Reward: -6.200, Length: 40, Loss: 0.0080, Epsilon: 0.946
2026-03-17 03:30:10 | INFO | Episode    7 - Reward: -3.950, Length: 40, Loss: 0.0342, Epsilon: 0.937
2026-03-17 03:30:11 | INFO | Episode    8 - Reward: -4.550, Length: 40, Loss: 0.0332, Epsilon: 0.928
2026-03-17 03:30:12 | INFO | Episode    9 - Reward: -4.250, Length: 40, Loss: 0.0077, Epsilon: 0.919
2026-03-17 03:30:13 | INFO | Episode   10 - Reward: 8.350, Length: 19, Loss: 0.0053, Epsilon: 0.910
2026-03-17 03:30:14 | INFO | Episode   11 - Reward: -4.100, Length: 40, Loss: 0.0329, Epsilon: 0.901
2026-03-17 03:30:15 | INFO | Episode   12 - Reward: -4.550, Length: 40, Loss: 0.8891, Epsilon: 0.892
2026-03-17 03:30:16 | INFO | Episode   13 - Reward: 6.850, Length: 31, Loss: 0.0069, Epsilon: 0.883
2026-03-17 03:30:17 | INFO | Episode   14 - Reward: -5.150, Length: 40, Loss: 0.0063, Epsilon: 0.874
2026-03-17 03:30:19 | INFO | Episode   15 - Reward: 3.250, Length: 28, Loss: 0.0062, Epsilon: 0.865
2026-03-17 03:30:20 | INFO | Episode   16 - Reward: 4.900, Length: 31, Loss: 0.8184, Epsilon: 0.856
2026-03-17 03:30:21 | INFO | Episode   17 - Reward: -6.500, Length: 40, Loss: 1.6224, Epsilon: 0.847
2026-03-17 03:30:22 | INFO | Episode   18 - Reward: 5.650, Length: 37, Loss: 0.0196, Epsilon: 0.838
2026-03-17 03:30:23 | INFO | Episode   19 - Reward: -5.450, Length: 40, Loss: 1.5118, Epsilon: 0.829
2026-03-17 03:30:24 | INFO | Episode   20 - Reward: 8.150, Length: 20, Loss: 0.7659, Epsilon: 0.820
2026-03-17 03:30:25 | INFO | Episode   21 - Reward: -4.700, Length: 40, Loss: 0.1012, Epsilon: 0.811
2026-03-17 03:30:26 | INFO | Episode   22 - Reward: -5.300, Length: 40, Loss: 1.3800, Epsilon: 0.802
2026-03-17 03:30:27 | INFO | Episode   23 - Reward: -3.500, Length: 40, Loss: 1.3000, Epsilon: 0.793
2026-03-17 03:30:28 | INFO | Episode   24 - Reward: 1.600, Length: 31, Loss: 0.6738, Epsilon: 0.784
2026-03-17 03:30:29 | INFO | Episode   25 - Reward: 6.600, Length: 18, Loss: 0.7227, Epsilon: 0.775
2026-03-17 03:30:30 | INFO | Episode   26 - Reward: 6.700, Length: 22, Loss: 0.1008, Epsilon: 0.766
2026-03-17 03:30:31 | INFO | Episode   27 - Reward: 1.600, Length: 28, Loss: 1.2945, Epsilon: 0.757
2026-03-17 03:30:32 | INFO | Episode   28 - Reward: -4.250, Length: 40, Loss: 0.0649, Epsilon: 0.748
2026-03-17 03:30:33 | INFO | Episode   29 - Reward: -8.300, Length: 40, Loss: 1.3631, Epsilon: 0.739
2026-03-17 03:30:35 | INFO | Episode   30 - Reward: 6.150, Length: 33, Loss: 0.6699, Epsilon: 0.730
2026-03-17 03:30:36 | INFO | Episode   31 - Reward: -8.000, Length: 40, Loss: 0.6646, Epsilon: 0.721
2026-03-17 03:30:37 | INFO | Episode   32 - Reward: -4.100, Length: 40, Loss: 0.2599, Epsilon: 0.712
2026-03-17 03:30:38 | INFO | Episode   33 - Reward: -4.400, Length: 40, Loss: 1.1842, Epsilon: 0.703
2026-03-17 03:30:39 | INFO | Episode   34 - Reward: -6.350, Length: 40, Loss: 2.1334, Epsilon: 0.694
2026-03-17 03:30:40 | INFO | Episode   35 - Reward: 6.100, Length: 19, Loss: 1.0177, Epsilon: 0.685
2026-03-17 03:30:41 | INFO | Episode   36 - Reward: -3.650, Length: 40, Loss: 0.8883, Epsilon: 0.676
2026-03-17 03:30:42 | INFO | Episode   37 - Reward: -8.150, Length: 40, Loss: 0.5562, Epsilon: 0.667
2026-03-17 03:30:44 | INFO | Episode   38 - Reward: -5.900, Length: 40, Loss: 0.9782, Epsilon: 0.658
2026-03-17 03:30:44 | INFO | Episode   39 - Reward: 8.650, Length: 16, Loss: 1.8267, Epsilon: 0.649
2026-03-17 03:30:45 | INFO | Episode   40 - Reward: -7.250, Length: 40, Loss: 1.3620, Epsilon: 0.640
2026-03-17 03:30:46 | INFO | Episode   41 - Reward: -8.450, Length: 40, Loss: 0.9017, Epsilon: 0.631
2026-03-17 03:30:47 | INFO | Episode   42 - Reward: 7.650, Length: 24, Loss: 0.1409, Epsilon: 0.622
2026-03-17 03:30:48 | INFO | Episode   43 - Reward: 4.750, Length: 16, Loss: 0.5977, Epsilon: 0.613
2026-03-17 03:30:49 | INFO | Episode   44 - Reward: 7.400, Length: 11, Loss: 1.6059, Epsilon: 0.604
2026-03-17 03:30:51 | INFO | Episode   45 - Reward: 3.650, Length: 29, Loss: 1.0486, Epsilon: 0.595
2026-03-17 03:30:52 | INFO | Episode   46 - Reward: -5.000, Length: 40, Loss: 0.8363, Epsilon: 0.586
2026-03-17 03:30:53 | INFO | Episode   47 - Reward: 9.250, Length: 13, Loss: 1.0065, Epsilon: 0.577
2026-03-17 03:30:54 | INFO | Episode   48 - Reward: 3.600, Length: 39, Loss: 0.9348, Epsilon: 0.568
2026-03-17 03:30:55 | INFO | Episode   49 - Reward: 8.150, Length: 23, Loss: 0.7195, Epsilon: 0.559
2026-03-17 03:30:56 | INFO | Episode   50 - Reward: 6.700, Length: 16, Loss: 0.8888, Epsilon: 0.550
2026-03-17 03:31:09 | INFO | [Episode   50] eps=0.550  avg_reward=  -0.665  avg_length= 33.28  avg_loss=  0.6644  eval_success=0.000
2026-03-17 03:31:10 | INFO | Episode   51 - Reward: 7.500, Length: 9, Loss: 0.3692, Epsilon: 0.541
2026-03-17 03:31:11 | INFO | Episode   52 - Reward: 9.650, Length: 8, Loss: 0.5928, Epsilon: 0.532
2026-03-17 03:31:11 | INFO | Episode   53 - Reward: -6.350, Length: 40, Loss: 0.3934, Epsilon: 0.523
2026-03-17 03:31:12 | INFO | Episode   54 - Reward: 7.550, Length: 23, Loss: 0.5449, Epsilon: 0.514
2026-03-17 03:31:13 | INFO | Episode   55 - Reward: -8.450, Length: 40, Loss: 0.5568, Epsilon: 0.505
2026-03-17 03:31:14 | INFO | Episode   56 - Reward: 1.500, Length: 27, Loss: 0.6587, Epsilon: 0.496
2026-03-17 03:31:15 | INFO | Episode   57 - Reward: 5.100, Length: 27, Loss: 0.5050, Epsilon: 0.487
2026-03-17 03:31:15 | INFO | Episode   58 - Reward: 6.500, Length: 17, Loss: 0.2675, Epsilon: 0.478
2026-03-17 03:31:16 | INFO | Episode   59 - Reward: -7.250, Length: 40, Loss: 0.8735, Epsilon: 0.469
2026-03-17 03:31:17 | INFO | Episode   60 - Reward: -7.250, Length: 40, Loss: 1.4076, Epsilon: 0.460
2026-03-17 03:31:18 | INFO | Episode   61 - Reward: -6.350, Length: 40, Loss: 0.6000, Epsilon: 0.451
2026-03-17 03:31:18 | INFO | Episode   62 - Reward: -6.650, Length: 40, Loss: 0.4377, Epsilon: 0.442
2026-03-17 03:31:19 | INFO | Episode   63 - Reward: 5.050, Length: 40, Loss: 1.4257, Epsilon: 0.433
2026-03-17 03:31:20 | INFO | Episode   64 - Reward: 2.050, Length: 40, Loss: 1.1116, Epsilon: 0.424
2026-03-17 03:31:21 | INFO | Episode   65 - Reward: 9.050, Length: 14, Loss: 0.5454, Epsilon: 0.415
2026-03-17 03:31:22 | INFO | Episode   66 - Reward: 8.250, Length: 21, Loss: 0.5342, Epsilon: 0.406
2026-03-17 03:31:23 | INFO | Episode   67 - Reward: 4.050, Length: 21, Loss: 0.4219, Epsilon: 0.397
2026-03-17 03:31:23 | INFO | Episode   68 - Reward: -8.150, Length: 40, Loss: 1.3399, Epsilon: 0.388
2026-03-17 03:31:24 | INFO | Episode   69 - Reward: 7.050, Length: 27, Loss: 0.6785, Epsilon: 0.379
2026-03-17 03:31:25 | INFO | Episode   70 - Reward: 7.100, Length: 14, Loss: 0.6033, Epsilon: 0.370
2026-03-17 03:31:26 | INFO | Episode   71 - Reward: -5.900, Length: 40, Loss: 0.8828, Epsilon: 0.361
2026-03-17 03:31:27 | INFO | Episode   72 - Reward: 7.050, Length: 27, Loss: 0.8376, Epsilon: 0.352
2026-03-17 03:31:28 | INFO | Episode   73 - Reward: 9.150, Length: 12, Loss: 0.7959, Epsilon: 0.343
2026-03-17 03:31:29 | INFO | Episode   74 - Reward: 1.200, Length: 30, Loss: 0.7230, Epsilon: 0.334
2026-03-17 03:31:29 | INFO | Episode   75 - Reward: -8.900, Length: 40, Loss: 1.1478, Epsilon: 0.325
2026-03-17 03:31:30 | INFO | Episode   76 - Reward: -6.200, Length: 40, Loss: 0.6007, Epsilon: 0.316
2026-03-17 03:31:31 | INFO | Episode   77 - Reward: -5.150, Length: 40, Loss: 0.4372, Epsilon: 0.307
2026-03-17 03:31:32 | INFO | Episode   78 - Reward: 3.400, Length: 34, Loss: 0.3991, Epsilon: 0.298
2026-03-17 03:31:33 | INFO | Episode   79 - Reward: 9.350, Length: 11, Loss: 0.3942, Epsilon: 0.289
2026-03-17 03:31:34 | INFO | Episode   80 - Reward: 9.450, Length: 9, Loss: 1.0488, Epsilon: 0.280
2026-03-17 03:31:35 | INFO | Episode   81 - Reward: -6.950, Length: 40, Loss: 1.0057, Epsilon: 0.271
2026-03-17 03:31:35 | INFO | Episode   82 - Reward: 2.550, Length: 27, Loss: 1.2994, Epsilon: 0.262
2026-03-17 03:31:36 | INFO | Episode   83 - Reward: -6.350, Length: 40, Loss: 2.3387, Epsilon: 0.253
2026-03-17 03:31:37 | INFO | Episode   84 - Reward: -9.650, Length: 40, Loss: 1.2021, Epsilon: 0.244
2026-03-17 03:31:38 | INFO | Episode   85 - Reward: 9.350, Length: 11, Loss: 0.6134, Epsilon: 0.235
2026-03-17 03:31:39 | INFO | Episode   86 - Reward: 7.300, Length: 10, Loss: 0.6234, Epsilon: 0.226
2026-03-17 03:31:40 | INFO | Episode   87 - Reward: -6.800, Length: 40, Loss: 0.5047, Epsilon: 0.217
2026-03-17 03:31:40 | INFO | Episode   88 - Reward: 9.450, Length: 9, Loss: 0.8766, Epsilon: 0.208
2026-03-17 03:31:41 | INFO | Episode   89 - Reward: 9.550, Length: 10, Loss: 0.3394, Epsilon: 0.199
2026-03-17 03:31:42 | INFO | Episode   90 - Reward: 6.300, Length: 15, Loss: 1.0962, Epsilon: 0.190
2026-03-17 03:31:43 | INFO | Episode   91 - Reward: 1.150, Length: 34, Loss: 1.0119, Epsilon: 0.181
2026-03-17 03:31:44 | INFO | Episode   92 - Reward: 2.350, Length: 28, Loss: 0.7068, Epsilon: 0.172
2026-03-17 03:31:45 | INFO | Episode   93 - Reward: 8.950, Length: 13, Loss: 0.8038, Epsilon: 0.163
2026-03-17 03:31:46 | INFO | Episode   94 - Reward: -7.550, Length: 40, Loss: 0.7414, Epsilon: 0.154
2026-03-17 03:31:47 | INFO | Episode   95 - Reward: 9.650, Length: 8, Loss: 1.6392, Epsilon: 0.145
2026-03-17 03:31:47 | INFO | Episode   96 - Reward: 9.450, Length: 9, Loss: 0.6773, Epsilon: 0.136
2026-03-17 03:31:47 | INFO | Episode   97 - Reward: 7.700, Length: 8, Loss: 0.4326, Epsilon: 0.127
2026-03-17 03:31:49 | INFO | Episode   98 - Reward: 7.500, Length: 9, Loss: 1.1475, Epsilon: 0.118
2026-03-17 03:31:50 | INFO | Episode   99 - Reward: 7.700, Length: 8, Loss: 0.5828, Epsilon: 0.109
2026-03-17 03:31:51 | INFO | Episode  100 - Reward: -7.550, Length: 40, Loss: 0.7585, Epsilon: 0.100
2026-03-17 03:31:54 | INFO | [Episode  100] eps=0.100  avg_reward=   1.950  avg_length= 25.80  avg_loss=  0.7907  eval_success=1.000
2026-03-17 03:31:55 | INFO | Episode  101 - Reward: 7.700, Length: 8, Loss: 0.5162, Epsilon: 0.100
2026-03-17 03:31:56 | INFO | Episode  102 - Reward: 7.500, Length: 9, Loss: 0.3192, Epsilon: 0.100
2026-03-17 03:31:57 | INFO | Episode  103 - Reward: 7.700, Length: 8, Loss: 0.8563, Epsilon: 0.100
2026-03-17 03:31:58 | INFO | Episode  104 - Reward: 6.500, Length: 14, Loss: 1.0149, Epsilon: 0.100
2026-03-17 03:32:00 | INFO | Episode  105 - Reward: -8.900, Length: 40, Loss: 0.8375, Epsilon: 0.100
2026-03-17 03:32:01 | INFO | Episode  106 - Reward: -7.850, Length: 40, Loss: 1.7571, Epsilon: 0.100
2026-03-17 03:32:02 | INFO | Episode  107 - Reward: -6.500, Length: 40, Loss: 1.7511, Epsilon: 0.100
2026-03-17 03:32:03 | INFO | Episode  108 - Reward: 9.650, Length: 8, Loss: 0.6614, Epsilon: 0.100
2026-03-17 03:32:04 | INFO | Episode  109 - Reward: 7.700, Length: 8, Loss: 0.7840, Epsilon: 0.100
2026-03-17 03:32:05 | INFO | Episode  110 - Reward: 7.600, Length: 10, Loss: 1.3072, Epsilon: 0.100
2026-03-17 03:32:06 | INFO | Episode  111 - Reward: 9.650, Length: 8, Loss: 0.8886, Epsilon: 0.100
2026-03-17 03:32:07 | INFO | Episode  112 - Reward: -7.400, Length: 40, Loss: 0.5859, Epsilon: 0.100
2026-03-17 03:32:08 | INFO | Episode  113 - Reward: -8.900, Length: 40, Loss: 1.0850, Epsilon: 0.100
2026-03-17 03:32:09 | INFO | Episode  114 - Reward: 9.650, Length: 8, Loss: 0.2735, Epsilon: 0.100
2026-03-17 03:32:10 | INFO | Episode  115 - Reward: 6.950, Length: 23, Loss: 0.6006, Epsilon: 0.100
2026-03-17 03:32:12 | INFO | Episode  116 - Reward: -7.700, Length: 40, Loss: 0.6693, Epsilon: 0.100
2026-03-17 03:32:13 | INFO | Episode  117 - Reward: 6.300, Length: 15, Loss: 0.6268, Epsilon: 0.100
2026-03-17 03:32:14 | INFO | Episode  118 - Reward: 5.400, Length: 21, Loss: 1.6312, Epsilon: 0.100
2026-03-17 03:32:15 | INFO | Episode  119 - Reward: -7.100, Length: 40, Loss: 1.4676, Epsilon: 0.100
2026-03-17 03:32:16 | INFO | Episode  120 - Reward: 7.700, Length: 8, Loss: 2.0538, Epsilon: 0.100
2026-03-17 03:32:17 | INFO | Episode  121 - Reward: 9.350, Length: 11, Loss: 0.2749, Epsilon: 0.100
2026-03-17 03:32:17 | INFO | Episode  122 - Reward: -7.400, Length: 40, Loss: 0.5324, Epsilon: 0.100
2026-03-17 03:32:19 | INFO | Episode  123 - Reward: -7.850, Length: 40, Loss: 0.5246, Epsilon: 0.100
2026-03-17 03:32:20 | INFO | Episode  124 - Reward: 7.300, Length: 10, Loss: 0.2968, Epsilon: 0.100
2026-03-17 03:32:21 | INFO | Episode  125 - Reward: 7.700, Length: 8, Loss: 1.6055, Epsilon: 0.100
2026-03-17 03:32:22 | INFO | Episode  126 - Reward: 5.650, Length: 28, Loss: 1.1351, Epsilon: 0.100
2026-03-17 03:32:23 | INFO | Episode  127 - Reward: -7.250, Length: 40, Loss: 0.9453, Epsilon: 0.100
2026-03-17 03:32:24 | INFO | Episode  128 - Reward: -7.100, Length: 40, Loss: 1.1509, Epsilon: 0.100
2026-03-17 03:32:25 | INFO | Episode  129 - Reward: 7.600, Length: 10, Loss: 0.4223, Epsilon: 0.100
2026-03-17 03:32:26 | INFO | Episode  130 - Reward: 9.650, Length: 8, Loss: 0.1937, Epsilon: 0.100
2026-03-17 03:32:27 | INFO | Episode  131 - Reward: 7.700, Length: 8, Loss: 0.4783, Epsilon: 0.100
2026-03-17 03:32:29 | INFO | Episode  132 - Reward: 9.350, Length: 11, Loss: 0.2873, Epsilon: 0.100
2026-03-17 03:32:30 | INFO | Episode  133 - Reward: 9.650, Length: 8, Loss: 1.0430, Epsilon: 0.100
2026-03-17 03:32:31 | INFO | Episode  134 - Reward: 9.650, Length: 8, Loss: 0.6509, Epsilon: 0.100
2026-03-17 03:32:32 | INFO | Episode  135 - Reward: 7.700, Length: 8, Loss: 1.0970, Epsilon: 0.100
2026-03-17 03:32:33 | INFO | Episode  136 - Reward: 7.700, Length: 8, Loss: 0.3317, Epsilon: 0.100
2026-03-17 03:32:34 | INFO | Episode  137 - Reward: 7.700, Length: 8, Loss: 0.8454, Epsilon: 0.100
2026-03-17 03:32:35 | INFO | Episode  138 - Reward: 7.500, Length: 9, Loss: 0.3830, Epsilon: 0.100
2026-03-17 03:32:36 | INFO | Episode  139 - Reward: -6.950, Length: 40, Loss: 0.2454, Epsilon: 0.100
2026-03-17 03:32:37 | INFO | Episode  140 - Reward: 7.700, Length: 8, Loss: 0.1983, Epsilon: 0.100
2026-03-17 03:32:38 | INFO | Episode  141 - Reward: -7.400, Length: 40, Loss: 0.7697, Epsilon: 0.100
2026-03-17 03:32:40 | INFO | Episode  142 - Reward: 6.550, Length: 25, Loss: 0.4254, Epsilon: 0.100
2026-03-17 03:32:41 | INFO | Episode  143 - Reward: -10.550, Length: 40, Loss: 0.6450, Epsilon: 0.100
2026-03-17 03:32:42 | INFO | Episode  144 - Reward: 7.700, Length: 8, Loss: 0.9980, Epsilon: 0.100
2026-03-17 03:32:43 | INFO | Episode  145 - Reward: 7.700, Length: 8, Loss: 1.1805, Epsilon: 0.100
2026-03-17 03:32:44 | INFO | Episode  146 - Reward: -6.950, Length: 40, Loss: 0.3939, Epsilon: 0.100
2026-03-17 03:32:45 | INFO | Episode  147 - Reward: 7.600, Length: 10, Loss: 0.9952, Epsilon: 0.100
2026-03-17 03:32:46 | INFO | Episode  148 - Reward: 9.550, Length: 10, Loss: 0.6530, Epsilon: 0.100
2026-03-17 03:32:47 | INFO | Episode  149 - Reward: 9.650, Length: 8, Loss: 1.4535, Epsilon: 0.100
2026-03-17 03:32:48 | INFO | Episode  150 - Reward: 7.700, Length: 8, Loss: 0.3088, Epsilon: 0.100
2026-03-17 03:33:02 | INFO | [Episode  150] eps=0.100  avg_reward=   3.251  avg_length= 19.52  avg_loss=  0.8030  eval_success=0.000
2026-03-17 03:33:03 | INFO | Episode  151 - Reward: 6.100, Length: 16, Loss: 1.1591, Epsilon: 0.100
2026-03-17 03:33:04 | INFO | Episode  152 - Reward: 7.700, Length: 8, Loss: 0.1970, Epsilon: 0.100
2026-03-17 03:33:06 | INFO | Episode  153 - Reward: 7.500, Length: 9, Loss: 1.5137, Epsilon: 0.100
2026-03-17 03:33:07 | INFO | Episode  154 - Reward: 7.700, Length: 8, Loss: 0.7454, Epsilon: 0.100
2026-03-17 03:33:08 | INFO | Episode  155 - Reward: -7.550, Length: 40, Loss: 0.7075, Epsilon: 0.100
2026-03-17 03:33:09 | INFO | Episode  156 - Reward: 9.650, Length: 8, Loss: 0.9567, Epsilon: 0.100
2026-03-17 03:33:10 | INFO | Episode  157 - Reward: 7.600, Length: 10, Loss: 1.8696, Epsilon: 0.100
2026-03-17 03:33:11 | INFO | Episode  158 - Reward: -5.600, Length: 40, Loss: 1.9801, Epsilon: 0.100
2026-03-17 03:33:12 | INFO | Episode  159 - Reward: -6.950, Length: 40, Loss: 0.7756, Epsilon: 0.100
2026-03-17 03:33:13 | INFO | Episode  160 - Reward: -7.850, Length: 40, Loss: 0.2271, Epsilon: 0.100
2026-03-17 03:33:15 | INFO | Episode  161 - Reward: 9.250, Length: 10, Loss: 0.4562, Epsilon: 0.100
2026-03-17 03:33:16 | INFO | Episode  162 - Reward: 9.650, Length: 8, Loss: 1.0177, Epsilon: 0.100
2026-03-17 03:33:17 | INFO | Episode  163 - Reward: 7.700, Length: 8, Loss: 0.9660, Epsilon: 0.100
2026-03-17 03:33:18 | INFO | Episode  164 - Reward: 9.650, Length: 8, Loss: 0.7234, Epsilon: 0.100
2026-03-17 03:33:19 | INFO | Episode  165 - Reward: 7.600, Length: 10, Loss: 0.8639, Epsilon: 0.100
2026-03-17 03:33:20 | INFO | Episode  166 - Reward: 7.300, Length: 10, Loss: 0.3355, Epsilon: 0.100
2026-03-17 03:33:21 | INFO | Episode  167 - Reward: 9.450, Length: 9, Loss: 0.9264, Epsilon: 0.100
2026-03-17 03:33:22 | INFO | Episode  168 - Reward: -7.700, Length: 40, Loss: 0.4874, Epsilon: 0.100
2026-03-17 03:33:23 | INFO | Episode  169 - Reward: 7.400, Length: 11, Loss: 0.5246, Epsilon: 0.100
2026-03-17 03:33:24 | INFO | Episode  170 - Reward: 9.650, Length: 8, Loss: 0.2756, Epsilon: 0.100
2026-03-17 03:33:25 | INFO | Episode  171 - Reward: 9.250, Length: 10, Loss: 0.1346, Epsilon: 0.100
2026-03-17 03:33:26 | INFO | Episode  172 - Reward: 9.650, Length: 8, Loss: 0.7449, Epsilon: 0.100
2026-03-17 03:33:27 | INFO | Episode  173 - Reward: 8.450, Length: 14, Loss: 0.3112, Epsilon: 0.100
2026-03-17 03:33:28 | INFO | Episode  174 - Reward: 9.150, Length: 12, Loss: 0.4849, Epsilon: 0.100
2026-03-17 03:33:29 | INFO | Episode  175 - Reward: 7.600, Length: 10, Loss: 0.8093, Epsilon: 0.100
2026-03-17 03:33:30 | INFO | Episode  176 - Reward: 7.500, Length: 12, Loss: 0.6168, Epsilon: 0.100
2026-03-17 03:33:32 | INFO | Episode  177 - Reward: 9.650, Length: 8, Loss: 0.9850, Epsilon: 0.100
2026-03-17 03:33:33 | INFO | Episode  178 - Reward: 7.500, Length: 9, Loss: 0.7718, Epsilon: 0.100
2026-03-17 03:33:34 | INFO | Episode  179 - Reward: 7.700, Length: 8, Loss: 0.5478, Epsilon: 0.100
2026-03-17 03:33:35 | INFO | Episode  180 - Reward: 9.350, Length: 11, Loss: 0.4130, Epsilon: 0.100
2026-03-17 03:33:36 | INFO | Episode  181 - Reward: 7.700, Length: 8, Loss: 0.3114, Epsilon: 0.100
2026-03-17 03:33:37 | INFO | Episode  182 - Reward: 9.650, Length: 8, Loss: 1.3111, Epsilon: 0.100
2026-03-17 03:33:38 | INFO | Episode  183 - Reward: 9.650, Length: 8, Loss: 1.0685, Epsilon: 0.100
2026-03-17 03:33:39 | INFO | Episode  184 - Reward: 9.650, Length: 8, Loss: 0.3139, Epsilon: 0.100
2026-03-17 03:33:40 | INFO | Episode  185 - Reward: 7.600, Length: 10, Loss: 0.5452, Epsilon: 0.100
2026-03-17 03:33:41 | INFO | Episode  186 - Reward: 9.050, Length: 11, Loss: 0.4971, Epsilon: 0.100
2026-03-17 03:33:42 | INFO | Episode  187 - Reward: 9.650, Length: 8, Loss: 0.7773, Epsilon: 0.100
2026-03-17 03:33:44 | INFO | Episode  188 - Reward: -6.050, Length: 40, Loss: 0.4493, Epsilon: 0.100
2026-03-17 03:33:45 | INFO | Episode  189 - Reward: 9.450, Length: 9, Loss: 0.5252, Epsilon: 0.100
2026-03-17 03:33:46 | INFO | Episode  190 - Reward: 9.450, Length: 9, Loss: 0.5406, Epsilon: 0.100
2026-03-17 03:33:47 | INFO | Episode  191 - Reward: 9.650, Length: 8, Loss: 0.1636, Epsilon: 0.100
2026-03-17 03:33:48 | INFO | Episode  192 - Reward: 9.450, Length: 9, Loss: 0.1359, Epsilon: 0.100
2026-03-17 03:33:49 | INFO | Episode  193 - Reward: 9.650, Length: 8, Loss: 1.1554, Epsilon: 0.100
2026-03-17 03:33:50 | INFO | Episode  194 - Reward: 9.250, Length: 10, Loss: 1.2116, Epsilon: 0.100
2026-03-17 03:33:51 | INFO | Episode  195 - Reward: 7.700, Length: 8, Loss: 0.3287, Epsilon: 0.100
2026-03-17 03:33:52 | INFO | Episode  196 - Reward: 7.700, Length: 8, Loss: 0.5133, Epsilon: 0.100
2026-03-17 03:33:52 | INFO | Episode  197 - Reward: 9.650, Length: 8, Loss: 0.1696, Epsilon: 0.100
2026-03-17 03:33:53 | INFO | Episode  198 - Reward: 7.700, Length: 8, Loss: 1.5777, Epsilon: 0.100
2026-03-17 03:33:54 | INFO | Episode  199 - Reward: 8.250, Length: 15, Loss: 0.4502, Epsilon: 0.100
2026-03-17 03:33:55 | INFO | Episode  200 - Reward: 7.500, Length: 12, Loss: 0.3079, Epsilon: 0.100
2026-03-17 03:33:58 | INFO | [Episode  200] eps=0.100  avg_reward=   6.727  avg_length= 13.12  avg_loss=  0.6976  eval_success=1.000
2026-03-17 03:33:59 | INFO | Episode  201 - Reward: 9.450, Length: 9, Loss: 0.1799, Epsilon: 0.100
2026-03-17 03:33:59 | INFO | Episode  202 - Reward: 9.650, Length: 8, Loss: 0.9533, Epsilon: 0.100
2026-03-17 03:34:00 | INFO | Episode  203 - Reward: 7.600, Length: 10, Loss: 0.2699, Epsilon: 0.100
2026-03-17 03:34:01 | INFO | Episode  204 - Reward: 9.650, Length: 8, Loss: 0.2121, Epsilon: 0.100
2026-03-17 03:34:02 | INFO | Episode  205 - Reward: 9.650, Length: 8, Loss: 0.1463, Epsilon: 0.100
2026-03-17 03:34:03 | INFO | Episode  206 - Reward: 9.450, Length: 9, Loss: 0.2869, Epsilon: 0.100
2026-03-17 03:34:04 | INFO | Episode  207 - Reward: 9.650, Length: 8, Loss: 0.2125, Epsilon: 0.100
2026-03-17 03:34:05 | INFO | Episode  208 - Reward: -7.850, Length: 40, Loss: 0.2414, Epsilon: 0.100
2026-03-17 03:34:06 | INFO | Episode  209 - Reward: 9.450, Length: 9, Loss: 1.4685, Epsilon: 0.100
2026-03-17 03:34:06 | INFO | Episode  210 - Reward: 9.450, Length: 9, Loss: 0.7057, Epsilon: 0.100
2026-03-17 03:34:07 | INFO | Episode  211 - Reward: 7.400, Length: 11, Loss: 0.3978, Epsilon: 0.100
2026-03-17 03:34:08 | INFO | Episode  212 - Reward: 9.450, Length: 9, Loss: 1.1997, Epsilon: 0.100
2026-03-17 03:34:09 | INFO | Episode  213 - Reward: -7.550, Length: 40, Loss: 0.7525, Epsilon: 0.100
2026-03-17 03:34:10 | INFO | Episode  214 - Reward: 9.550, Length: 10, Loss: 0.0896, Epsilon: 0.100
2026-03-17 03:34:11 | INFO | Episode  215 - Reward: 9.650, Length: 8, Loss: 0.1625, Epsilon: 0.100
2026-03-17 03:34:12 | INFO | Episode  216 - Reward: 8.550, Length: 15, Loss: 0.0906, Epsilon: 0.100
2026-03-17 03:34:13 | INFO | Episode  217 - Reward: 9.150, Length: 12, Loss: 1.1193, Epsilon: 0.100
2026-03-17 03:34:13 | INFO | Episode  218 - Reward: 9.250, Length: 10, Loss: 0.5015, Epsilon: 0.100
2026-03-17 03:34:14 | INFO | Episode  219 - Reward: 9.450, Length: 12, Loss: 0.1781, Epsilon: 0.100
2026-03-17 03:34:15 | INFO | Episode  220 - Reward: 9.650, Length: 8, Loss: 0.3311, Epsilon: 0.100
2026-03-17 03:34:16 | INFO | Episode  221 - Reward: 9.450, Length: 9, Loss: 0.5623, Epsilon: 0.100
2026-03-17 03:34:17 | INFO | Episode  222 - Reward: 9.650, Length: 8, Loss: 0.3238, Epsilon: 0.100
2026-03-17 03:34:18 | INFO | Episode  223 - Reward: 9.450, Length: 9, Loss: 0.6856, Epsilon: 0.100
2026-03-17 03:34:19 | INFO | Episode  224 - Reward: -6.950, Length: 40, Loss: 0.1898, Epsilon: 0.100
2026-03-17 03:34:20 | INFO | Episode  225 - Reward: 9.650, Length: 8, Loss: 0.1593, Epsilon: 0.100
2026-03-17 03:34:20 | INFO | Episode  226 - Reward: 9.550, Length: 10, Loss: 0.9856, Epsilon: 0.100
2026-03-17 03:34:21 | INFO | Episode  227 - Reward: 9.350, Length: 11, Loss: 0.9330, Epsilon: 0.100
2026-03-17 03:34:22 | INFO | Episode  228 - Reward: 9.550, Length: 10, Loss: 1.0977, Epsilon: 0.100
2026-03-17 03:34:23 | INFO | Episode  229 - Reward: 9.550, Length: 10, Loss: 0.9377, Epsilon: 0.100
2026-03-17 03:34:23 | INFO | Episode  230 - Reward: 9.550, Length: 10, Loss: 0.2024, Epsilon: 0.100
2026-03-17 03:34:24 | INFO | Episode  231 - Reward: 7.600, Length: 10, Loss: 0.4563, Epsilon: 0.100
2026-03-17 03:34:25 | INFO | Episode  232 - Reward: 9.650, Length: 8, Loss: 0.3127, Epsilon: 0.100
2026-03-17 03:34:25 | INFO | Episode  233 - Reward: 9.650, Length: 8, Loss: 0.2186, Epsilon: 0.100
2026-03-17 03:34:26 | INFO | Episode  234 - Reward: 5.950, Length: 28, Loss: 0.5437, Epsilon: 0.100
2026-03-17 03:34:27 | INFO | Episode  235 - Reward: 9.650, Length: 8, Loss: 0.1910, Epsilon: 0.100
2026-03-17 03:34:28 | INFO | Episode  236 - Reward: 9.450, Length: 9, Loss: 0.4045, Epsilon: 0.100
2026-03-17 03:34:29 | INFO | Episode  237 - Reward: 9.450, Length: 9, Loss: 0.3381, Epsilon: 0.100
2026-03-17 03:34:30 | INFO | Episode  238 - Reward: 9.250, Length: 13, Loss: 0.6403, Epsilon: 0.100
2026-03-17 03:34:31 | INFO | Episode  239 - Reward: 9.650, Length: 8, Loss: 0.5751, Epsilon: 0.100
2026-03-17 03:34:32 | INFO | Episode  240 - Reward: 9.550, Length: 10, Loss: 0.3091, Epsilon: 0.100
2026-03-17 03:34:32 | INFO | Episode  241 - Reward: 9.650, Length: 8, Loss: 0.6879, Epsilon: 0.100
2026-03-17 03:34:33 | INFO | Episode  242 - Reward: 5.650, Length: 10, Loss: 1.3242, Epsilon: 0.100
2026-03-17 03:34:34 | INFO | Episode  243 - Reward: 3.200, Length: 35, Loss: 0.6655, Epsilon: 0.100
2026-03-17 03:34:35 | INFO | Episode  244 - Reward: 9.650, Length: 8, Loss: 0.2571, Epsilon: 0.100
2026-03-17 03:34:36 | INFO | Episode  245 - Reward: 7.700, Length: 8, Loss: 0.5795, Epsilon: 0.100
2026-03-17 03:34:37 | INFO | Episode  246 - Reward: 9.650, Length: 8, Loss: 0.1091, Epsilon: 0.100
2026-03-17 03:34:38 | INFO | Episode  247 - Reward: 9.650, Length: 8, Loss: 0.6682, Epsilon: 0.100
2026-03-17 03:34:39 | INFO | Episode  248 - Reward: -7.250, Length: 40, Loss: 0.5547, Epsilon: 0.100
2026-03-17 03:34:40 | INFO | Episode  249 - Reward: 9.050, Length: 11, Loss: 0.4347, Epsilon: 0.100
2026-03-17 03:34:41 | INFO | Episode  250 - Reward: 9.450, Length: 12, Loss: 0.7349, Epsilon: 0.100
2026-03-17 03:34:43 | INFO | [Episode  250] eps=0.100  avg_reward=   7.715  avg_length= 12.74  avg_loss=  0.5116  eval_success=1.000
