2026-03-17 03:59:14 | INFO | ============================================================
2026-03-17 03:59:14 | INFO | DEVICE / COMPUTE INFORMATION
2026-03-17 03:59:14 | INFO |   JAX backend       : GPU
2026-03-17 03:59:14 | INFO |   Platform          : gpu
2026-03-17 03:59:14 | INFO |   Num devices       : 1
2026-03-17 03:59:14 | INFO |   Device            : cuda:0
2026-03-17 03:59:14 | INFO |   GPU name          : NVIDIA GeForce RTX 5060 Laptop GPU
2026-03-17 03:59:14 | INFO | ============================================================
2026-03-17 03:59:14 | INFO | ✓ JAX GPU backend confirmed.
2026-03-17 03:59:15 | INFO | DQN seed=2_gamma=0.99_lr=0.001
2026-03-17 03:59:17 | INFO | Episode    1 - Reward: -5.450, Length: 40, Loss: 0.0000, Epsilon: 0.991
2026-03-17 03:59:18 | INFO | Episode    2 - Reward: -5.900, Length: 40, Loss: 0.0000, Epsilon: 0.982
2026-03-17 03:59:23 | INFO | Episode    3 - Reward: -4.400, Length: 40, Loss: 0.1879, Epsilon: 0.973
2026-03-17 03:59:24 | INFO | Episode    4 - Reward: -5.150, Length: 40, Loss: 0.0993, Epsilon: 0.964
2026-03-17 03:59:25 | INFO | Episode    5 - Reward: -6.050, Length: 40, Loss: 0.0855, Epsilon: 0.955
2026-03-17 03:59:26 | INFO | Episode    6 - Reward: -6.050, Length: 40, Loss: 0.0591, Epsilon: 0.946
2026-03-17 03:59:27 | INFO | Episode    7 - Reward: -4.250, Length: 40, Loss: 0.0762, Epsilon: 0.937
2026-03-17 03:59:28 | INFO | Episode    8 - Reward: -4.550, Length: 40, Loss: 0.0912, Epsilon: 0.928
2026-03-17 03:59:29 | INFO | Episode    9 - Reward: -4.250, Length: 40, Loss: 0.0519, Epsilon: 0.919
2026-03-17 03:59:30 | INFO | Episode   10 - Reward: -5.900, Length: 40, Loss: 0.0487, Epsilon: 0.910
2026-03-17 03:59:32 | INFO | Episode   11 - Reward: -4.400, Length: 40, Loss: 0.0429, Epsilon: 0.901
2026-03-17 03:59:33 | INFO | Episode   12 - Reward: -4.850, Length: 40, Loss: 0.0701, Epsilon: 0.892
2026-03-17 03:59:34 | INFO | Episode   13 - Reward: 6.850, Length: 31, Loss: 0.0448, Epsilon: 0.883
2026-03-17 03:59:35 | INFO | Episode   14 - Reward: -5.450, Length: 40, Loss: 0.0381, Epsilon: 0.874
2026-03-17 03:59:36 | INFO | Episode   15 - Reward: 2.750, Length: 29, Loss: 0.9498, Epsilon: 0.865
2026-03-17 03:59:37 | INFO | Episode   16 - Reward: -5.000, Length: 40, Loss: 0.8336, Epsilon: 0.856
2026-03-17 03:59:38 | INFO | Episode   17 - Reward: -6.500, Length: 40, Loss: 0.0959, Epsilon: 0.847
2026-03-17 03:59:39 | INFO | Episode   18 - Reward: -5.150, Length: 40, Loss: 0.0946, Epsilon: 0.838
2026-03-17 03:59:40 | INFO | Episode   19 - Reward: -5.300, Length: 40, Loss: 0.0649, Epsilon: 0.829
2026-03-17 03:59:42 | INFO | Episode   20 - Reward: -4.400, Length: 40, Loss: 1.5631, Epsilon: 0.820
2026-03-17 03:59:43 | INFO | Episode   21 - Reward: -6.200, Length: 40, Loss: 0.0328, Epsilon: 0.811
2026-03-17 03:59:44 | INFO | Episode   22 - Reward: -5.750, Length: 40, Loss: 0.0312, Epsilon: 0.802
2026-03-17 03:59:45 | INFO | Episode   23 - Reward: -6.350, Length: 40, Loss: 0.0926, Epsilon: 0.793
2026-03-17 03:59:45 | INFO | Episode   24 - Reward: -4.850, Length: 40, Loss: 0.0268, Epsilon: 0.784
2026-03-17 03:59:47 | INFO | Episode   25 - Reward: -6.050, Length: 40, Loss: 0.8113, Epsilon: 0.775
2026-03-17 03:59:48 | INFO | Episode   26 - Reward: -5.300, Length: 40, Loss: 0.0262, Epsilon: 0.766
2026-03-17 03:59:49 | INFO | Episode   27 - Reward: -5.750, Length: 40, Loss: 0.0275, Epsilon: 0.757
2026-03-17 03:59:50 | INFO | Episode   28 - Reward: -5.900, Length: 40, Loss: 0.0258, Epsilon: 0.748
2026-03-17 03:59:51 | INFO | Episode   29 - Reward: -5.000, Length: 40, Loss: 0.8368, Epsilon: 0.739
2026-03-17 03:59:52 | INFO | Episode   30 - Reward: -5.450, Length: 40, Loss: 0.0212, Epsilon: 0.730
2026-03-17 03:59:53 | INFO | Episode   31 - Reward: -4.700, Length: 40, Loss: 0.0258, Epsilon: 0.721
2026-03-17 03:59:54 | INFO | Episode   32 - Reward: -5.000, Length: 40, Loss: 0.0228, Epsilon: 0.712
2026-03-17 03:59:55 | INFO | Episode   33 - Reward: -4.400, Length: 40, Loss: 0.1740, Epsilon: 0.703
2026-03-17 03:59:56 | INFO | Episode   34 - Reward: -6.800, Length: 40, Loss: 0.0194, Epsilon: 0.694
2026-03-17 03:59:57 | INFO | Episode   35 - Reward: -4.850, Length: 40, Loss: 0.8012, Epsilon: 0.685
2026-03-17 03:59:59 | INFO | Episode   36 - Reward: -4.700, Length: 40, Loss: 0.0518, Epsilon: 0.676
2026-03-17 04:00:00 | INFO | Episode   37 - Reward: -5.150, Length: 40, Loss: 0.0197, Epsilon: 0.667
2026-03-17 04:00:01 | INFO | Episode   38 - Reward: -5.750, Length: 40, Loss: 0.0201, Epsilon: 0.658
2026-03-17 04:00:02 | INFO | Episode   39 - Reward: -5.900, Length: 40, Loss: 1.6433, Epsilon: 0.649
2026-03-17 04:00:03 | INFO | Episode   40 - Reward: -5.300, Length: 40, Loss: 0.0473, Epsilon: 0.640
2026-03-17 04:00:04 | INFO | Episode   41 - Reward: -5.150, Length: 40, Loss: 0.8445, Epsilon: 0.631
2026-03-17 04:00:05 | INFO | Episode   42 - Reward: -4.550, Length: 40, Loss: 0.0192, Epsilon: 0.622
2026-03-17 04:00:06 | INFO | Episode   43 - Reward: -5.150, Length: 40, Loss: 0.0213, Epsilon: 0.613
2026-03-17 04:00:07 | INFO | Episode   44 - Reward: -5.900, Length: 40, Loss: 0.0173, Epsilon: 0.604
2026-03-17 04:00:08 | INFO | Episode   45 - Reward: -4.850, Length: 40, Loss: 0.0193, Epsilon: 0.595
2026-03-17 04:00:09 | INFO | Episode   46 - Reward: -5.000, Length: 40, Loss: 0.0195, Epsilon: 0.586
2026-03-17 04:00:10 | INFO | Episode   47 - Reward: -5.450, Length: 40, Loss: 0.0207, Epsilon: 0.577
2026-03-17 04:00:11 | INFO | Episode   48 - Reward: -4.700, Length: 40, Loss: 0.0192, Epsilon: 0.568
2026-03-17 04:00:13 | INFO | Episode   49 - Reward: -5.600, Length: 40, Loss: 0.7536, Epsilon: 0.559
2026-03-17 04:00:14 | INFO | Episode   50 - Reward: -5.900, Length: 40, Loss: 0.0199, Epsilon: 0.550
2026-03-17 04:00:29 | INFO | [Episode   50] eps=0.550  avg_reward=  -4.896  avg_length= 39.60  avg_loss=  0.2202  eval_success=0.000
2026-03-17 04:00:30 | INFO | Episode   51 - Reward: -4.550, Length: 40, Loss: 0.0184, Epsilon: 0.541
2026-03-17 04:00:31 | INFO | Episode   52 - Reward: -3.050, Length: 40, Loss: 0.0194, Epsilon: 0.532
2026-03-17 04:00:32 | INFO | Episode   53 - Reward: -3.950, Length: 40, Loss: 0.0143, Epsilon: 0.523
2026-03-17 04:00:33 | INFO | Episode   54 - Reward: -3.950, Length: 40, Loss: 0.0165, Epsilon: 0.514
2026-03-17 04:00:34 | INFO | Episode   55 - Reward: -4.400, Length: 40, Loss: 0.0155, Epsilon: 0.505
2026-03-17 04:00:35 | INFO | Episode   56 - Reward: -3.650, Length: 40, Loss: 0.0468, Epsilon: 0.496
2026-03-17 04:00:36 | INFO | Episode   57 - Reward: -3.350, Length: 40, Loss: 0.0740, Epsilon: 0.487
2026-03-17 04:00:37 | INFO | Episode   58 - Reward: -4.250, Length: 40, Loss: 0.0763, Epsilon: 0.478
2026-03-17 04:00:38 | INFO | Episode   59 - Reward: -7.250, Length: 40, Loss: 0.0748, Epsilon: 0.469
2026-03-17 04:00:39 | INFO | Episode   60 - Reward: -4.100, Length: 40, Loss: 0.8075, Epsilon: 0.460
2026-03-17 04:00:41 | INFO | Episode   61 - Reward: -5.450, Length: 40, Loss: 0.0441, Epsilon: 0.451
2026-03-17 04:00:42 | INFO | Episode   62 - Reward: -4.250, Length: 40, Loss: 0.0157, Epsilon: 0.442
2026-03-17 04:00:43 | INFO | Episode   63 - Reward: -5.750, Length: 40, Loss: 0.0143, Epsilon: 0.433
2026-03-17 04:00:44 | INFO | Episode   64 - Reward: -3.500, Length: 40, Loss: 0.0146, Epsilon: 0.424
2026-03-17 04:00:45 | INFO | Episode   65 - Reward: 6.900, Length: 15, Loss: 0.0146, Epsilon: 0.415
2026-03-17 04:00:46 | INFO | Episode   66 - Reward: -4.250, Length: 40, Loss: 0.0452, Epsilon: 0.406
2026-03-17 04:00:47 | INFO | Episode   67 - Reward: -3.050, Length: 40, Loss: 0.0432, Epsilon: 0.397
2026-03-17 04:00:47 | INFO | Episode   68 - Reward: -6.200, Length: 40, Loss: 0.0151, Epsilon: 0.388
2026-03-17 04:00:48 | INFO | Episode   69 - Reward: -2.900, Length: 40, Loss: 0.0432, Epsilon: 0.379
2026-03-17 04:00:49 | INFO | Episode   70 - Reward: -5.150, Length: 40, Loss: 0.7930, Epsilon: 0.370
2026-03-17 04:00:51 | INFO | Episode   71 - Reward: -3.200, Length: 40, Loss: 0.0142, Epsilon: 0.361
2026-03-17 04:00:52 | INFO | Episode   72 - Reward: 8.250, Length: 27, Loss: 0.7800, Epsilon: 0.352
2026-03-17 04:00:53 | INFO | Episode   73 - Reward: -3.650, Length: 40, Loss: 0.0131, Epsilon: 0.343
2026-03-17 04:00:54 | INFO | Episode   74 - Reward: 8.950, Length: 19, Loss: 0.7911, Epsilon: 0.334
2026-03-17 04:00:55 | INFO | Episode   75 - Reward: -5.750, Length: 40, Loss: 0.0112, Epsilon: 0.325
2026-03-17 04:00:56 | INFO | Episode   76 - Reward: 9.050, Length: 17, Loss: 0.0120, Epsilon: 0.316
2026-03-17 04:00:57 | INFO | Episode   77 - Reward: 5.600, Length: 38, Loss: 0.7508, Epsilon: 0.307
2026-03-17 04:00:58 | INFO | Episode   78 - Reward: -2.750, Length: 40, Loss: 0.0406, Epsilon: 0.298
2026-03-17 04:00:59 | INFO | Episode   79 - Reward: 3.950, Length: 20, Loss: 0.7468, Epsilon: 0.289
2026-03-17 04:01:00 | INFO | Episode   80 - Reward: -3.950, Length: 40, Loss: 0.0115, Epsilon: 0.280
2026-03-17 04:01:01 | INFO | Episode   81 - Reward: -4.850, Length: 40, Loss: 0.0124, Epsilon: 0.271
2026-03-17 04:01:03 | INFO | Episode   82 - Reward: 2.550, Length: 27, Loss: 0.0422, Epsilon: 0.262
2026-03-17 04:01:04 | INFO | Episode   83 - Reward: -2.150, Length: 40, Loss: 0.7893, Epsilon: 0.253
2026-03-17 04:01:05 | INFO | Episode   84 - Reward: -7.850, Length: 40, Loss: 0.0123, Epsilon: 0.244
2026-03-17 04:01:06 | INFO | Episode   85 - Reward: 7.600, Length: 10, Loss: 0.0414, Epsilon: 0.235
2026-03-17 04:01:07 | INFO | Episode   86 - Reward: 7.300, Length: 10, Loss: 0.0405, Epsilon: 0.226
2026-03-17 04:01:08 | INFO | Episode   87 - Reward: 9.450, Length: 9, Loss: 0.7811, Epsilon: 0.217
2026-03-17 04:01:09 | INFO | Episode   88 - Reward: -6.950, Length: 40, Loss: 0.8315, Epsilon: 0.208
2026-03-17 04:01:10 | INFO | Episode   89 - Reward: -9.950, Length: 40, Loss: 0.0762, Epsilon: 0.199
2026-03-17 04:01:11 | INFO | Episode   90 - Reward: 5.300, Length: 20, Loss: 0.0722, Epsilon: 0.190
2026-03-17 04:01:12 | INFO | Episode   91 - Reward: 0.850, Length: 34, Loss: 0.8648, Epsilon: 0.181
2026-03-17 04:01:13 | INFO | Episode   92 - Reward: -8.600, Length: 40, Loss: 1.5566, Epsilon: 0.172
2026-03-17 04:01:15 | INFO | Episode   93 - Reward: -8.150, Length: 40, Loss: 1.5078, Epsilon: 0.163
2026-03-17 04:01:16 | INFO | Episode   94 - Reward: -7.250, Length: 40, Loss: 0.8241, Epsilon: 0.154
2026-03-17 04:01:17 | INFO | Episode   95 - Reward: -6.350, Length: 40, Loss: 0.8200, Epsilon: 0.145
2026-03-17 04:01:18 | INFO | Episode   96 - Reward: -8.600, Length: 40, Loss: 0.0761, Epsilon: 0.136
2026-03-17 04:01:19 | INFO | Episode   97 - Reward: 1.300, Length: 40, Loss: 0.7831, Epsilon: 0.127
2026-03-17 04:01:19 | INFO | Episode   98 - Reward: -11.750, Length: 40, Loss: 0.7485, Epsilon: 0.118
2026-03-17 04:01:19 | INFO | Episode   99 - Reward: -7.250, Length: 40, Loss: 0.0462, Epsilon: 0.109
2026-03-17 04:01:20 | INFO | Episode  100 - Reward: -7.100, Length: 40, Loss: 0.0758, Epsilon: 0.100
2026-03-17 04:01:32 | INFO | [Episode  100] eps=0.100  avg_reward=  -2.441  avg_length= 35.32  avg_loss=  0.3076  eval_success=0.000
2026-03-17 04:01:33 | INFO | Episode  101 - Reward: -8.450, Length: 40, Loss: 0.0432, Epsilon: 0.100
2026-03-17 04:01:34 | INFO | Episode  102 - Reward: -8.900, Length: 40, Loss: 0.0694, Epsilon: 0.100
2026-03-17 04:01:35 | INFO | Episode  103 - Reward: 6.700, Length: 13, Loss: 1.5557, Epsilon: 0.100
2026-03-17 04:01:36 | INFO | Episode  104 - Reward: 6.500, Length: 14, Loss: 0.0181, Epsilon: 0.100
2026-03-17 04:01:37 | INFO | Episode  105 - Reward: -8.900, Length: 40, Loss: 0.0718, Epsilon: 0.100
2026-03-17 04:01:37 | INFO | Episode  106 - Reward: -7.850, Length: 40, Loss: 0.1304, Epsilon: 0.100
2026-03-17 04:01:38 | INFO | Episode  107 - Reward: -8.000, Length: 40, Loss: 0.1027, Epsilon: 0.100
2026-03-17 04:01:39 | INFO | Episode  108 - Reward: -2.000, Length: 40, Loss: 3.1305, Epsilon: 0.100
2026-03-17 04:01:40 | INFO | Episode  109 - Reward: -10.250, Length: 40, Loss: 0.8167, Epsilon: 0.100
2026-03-17 04:01:41 | INFO | Episode  110 - Reward: -9.950, Length: 40, Loss: 0.8396, Epsilon: 0.100
2026-03-17 04:01:42 | INFO | Episode  111 - Reward: -8.900, Length: 40, Loss: 0.8111, Epsilon: 0.100
2026-03-17 04:01:43 | INFO | Episode  112 - Reward: -12.200, Length: 40, Loss: 0.8422, Epsilon: 0.100
2026-03-17 04:01:43 | INFO | Episode  113 - Reward: 6.700, Length: 13, Loss: 0.8771, Epsilon: 0.100
2026-03-17 04:01:44 | INFO | Episode  114 - Reward: 9.650, Length: 8, Loss: 1.5485, Epsilon: 0.100
2026-03-17 04:01:45 | INFO | Episode  115 - Reward: 9.650, Length: 8, Loss: 0.0476, Epsilon: 0.100
2026-03-17 04:01:46 | INFO | Episode  116 - Reward: 8.350, Length: 16, Loss: 0.8430, Epsilon: 0.100
2026-03-17 04:01:47 | INFO | Episode  117 - Reward: 9.650, Length: 8, Loss: 0.0992, Epsilon: 0.100
2026-03-17 04:01:48 | INFO | Episode  118 - Reward: 9.650, Length: 8, Loss: 0.8205, Epsilon: 0.100
2026-03-17 04:01:49 | INFO | Episode  119 - Reward: -7.100, Length: 40, Loss: 0.1670, Epsilon: 0.100
2026-03-17 04:01:49 | INFO | Episode  120 - Reward: 8.850, Length: 12, Loss: 0.8496, Epsilon: 0.100
2026-03-17 04:01:50 | INFO | Episode  121 - Reward: 8.750, Length: 14, Loss: 0.0141, Epsilon: 0.100
2026-03-17 04:01:50 | INFO | Episode  122 - Reward: -6.800, Length: 40, Loss: 0.9198, Epsilon: 0.100
2026-03-17 04:01:51 | INFO | Episode  123 - Reward: -6.800, Length: 40, Loss: 0.1526, Epsilon: 0.100
2026-03-17 04:01:52 | INFO | Episode  124 - Reward: 9.250, Length: 10, Loss: 0.1599, Epsilon: 0.100
2026-03-17 04:01:53 | INFO | Episode  125 - Reward: 7.450, Length: 19, Loss: 1.5183, Epsilon: 0.100
2026-03-17 04:01:54 | INFO | Episode  126 - Reward: 5.650, Length: 28, Loss: 2.3521, Epsilon: 0.100
2026-03-17 04:01:54 | INFO | Episode  127 - Reward: -6.800, Length: 40, Loss: 1.5839, Epsilon: 0.100
2026-03-17 04:01:55 | INFO | Episode  128 - Reward: 9.550, Length: 10, Loss: 3.7808, Epsilon: 0.100
2026-03-17 04:01:56 | INFO | Episode  129 - Reward: 9.550, Length: 10, Loss: 0.7632, Epsilon: 0.100
2026-03-17 04:01:57 | INFO | Episode  130 - Reward: 9.650, Length: 8, Loss: 0.1057, Epsilon: 0.100
2026-03-17 04:01:58 | INFO | Episode  131 - Reward: 6.750, Length: 24, Loss: 0.8378, Epsilon: 0.100
2026-03-17 04:01:59 | INFO | Episode  132 - Reward: -7.400, Length: 40, Loss: 0.7962, Epsilon: 0.100
2026-03-17 04:02:00 | INFO | Episode  133 - Reward: 3.950, Length: 38, Loss: 0.8237, Epsilon: 0.100
2026-03-17 04:02:00 | INFO | Episode  134 - Reward: 8.650, Length: 13, Loss: 2.2562, Epsilon: 0.100
2026-03-17 04:02:01 | INFO | Episode  135 - Reward: 9.650, Length: 8, Loss: 0.9027, Epsilon: 0.100
2026-03-17 04:02:02 | INFO | Episode  136 - Reward: 9.650, Length: 8, Loss: 0.0201, Epsilon: 0.100
2026-03-17 04:02:03 | INFO | Episode  137 - Reward: 9.450, Length: 9, Loss: 1.6291, Epsilon: 0.100
2026-03-17 04:02:04 | INFO | Episode  138 - Reward: 9.450, Length: 9, Loss: 1.5649, Epsilon: 0.100
2026-03-17 04:02:05 | INFO | Episode  139 - Reward: -11.600, Length: 40, Loss: 0.7936, Epsilon: 0.100
2026-03-17 04:02:06 | INFO | Episode  140 - Reward: 5.100, Length: 21, Loss: 1.5693, Epsilon: 0.100
2026-03-17 04:02:06 | INFO | Episode  141 - Reward: -7.550, Length: 40, Loss: 1.5855, Epsilon: 0.100
2026-03-17 04:02:07 | INFO | Episode  142 - Reward: -7.700, Length: 40, Loss: 1.5570, Epsilon: 0.100
2026-03-17 04:02:08 | INFO | Episode  143 - Reward: -7.100, Length: 40, Loss: 0.8501, Epsilon: 0.100
2026-03-17 04:02:09 | INFO | Episode  144 - Reward: -8.000, Length: 40, Loss: 3.8109, Epsilon: 0.100
2026-03-17 04:02:10 | INFO | Episode  145 - Reward: -8.750, Length: 40, Loss: 0.8341, Epsilon: 0.100
2026-03-17 04:02:11 | INFO | Episode  146 - Reward: -8.900, Length: 40, Loss: 0.8157, Epsilon: 0.100
2026-03-17 04:02:12 | INFO | Episode  147 - Reward: -6.500, Length: 40, Loss: 2.3109, Epsilon: 0.100
2026-03-17 04:02:13 | INFO | Episode  148 - Reward: -8.000, Length: 40, Loss: 3.0214, Epsilon: 0.100
2026-03-17 04:02:15 | INFO | Episode  149 - Reward: -7.850, Length: 40, Loss: 0.8283, Epsilon: 0.100
2026-03-17 04:02:16 | INFO | Episode  150 - Reward: -8.900, Length: 40, Loss: 1.5178, Epsilon: 0.100
2026-03-17 04:02:30 | INFO | [Episode  150] eps=0.100  avg_reward=  -0.259  avg_length= 27.38  avg_loss=  1.0672  eval_success=0.000
2026-03-17 04:02:31 | INFO | Episode  151 - Reward: -7.850, Length: 40, Loss: 1.5649, Epsilon: 0.100
2026-03-17 04:02:32 | INFO | Episode  152 - Reward: -6.950, Length: 40, Loss: 5.1970, Epsilon: 0.100
2026-03-17 04:02:33 | INFO | Episode  153 - Reward: -8.600, Length: 40, Loss: 1.5540, Epsilon: 0.100
2026-03-17 04:02:34 | INFO | Episode  154 - Reward: -10.550, Length: 40, Loss: 1.5319, Epsilon: 0.100
2026-03-17 04:02:35 | INFO | Episode  155 - Reward: -10.550, Length: 40, Loss: 1.5737, Epsilon: 0.100
2026-03-17 04:02:36 | INFO | Episode  156 - Reward: -7.250, Length: 40, Loss: 0.1139, Epsilon: 0.100
2026-03-17 04:02:37 | INFO | Episode  157 - Reward: -10.700, Length: 40, Loss: 2.9607, Epsilon: 0.100
2026-03-17 04:02:38 | INFO | Episode  158 - Reward: -6.650, Length: 40, Loss: 3.7345, Epsilon: 0.100
2026-03-17 04:02:39 | INFO | Episode  159 - Reward: -7.850, Length: 40, Loss: 3.6215, Epsilon: 0.100
2026-03-17 04:02:40 | INFO | Episode  160 - Reward: -7.250, Length: 40, Loss: 0.0309, Epsilon: 0.100
2026-03-17 04:02:42 | INFO | Episode  161 - Reward: -7.550, Length: 40, Loss: 0.0882, Epsilon: 0.100
2026-03-17 04:02:43 | INFO | Episode  162 - Reward: -7.550, Length: 40, Loss: 0.8217, Epsilon: 0.100
2026-03-17 04:02:44 | INFO | Episode  163 - Reward: -7.250, Length: 40, Loss: 1.5648, Epsilon: 0.100
2026-03-17 04:02:45 | INFO | Episode  164 - Reward: -7.550, Length: 40, Loss: 0.7455, Epsilon: 0.100
2026-03-17 04:02:46 | INFO | Episode  165 - Reward: -7.550, Length: 40, Loss: 2.2637, Epsilon: 0.100
2026-03-17 04:02:47 | INFO | Episode  166 - Reward: -8.900, Length: 40, Loss: 0.7754, Epsilon: 0.100
2026-03-17 04:02:48 | INFO | Episode  167 - Reward: 0.650, Length: 35, Loss: 0.1064, Epsilon: 0.100
2026-03-17 04:02:49 | INFO | Episode  168 - Reward: -7.550, Length: 40, Loss: 1.4838, Epsilon: 0.100
2026-03-17 04:02:51 | INFO | Episode  169 - Reward: -8.900, Length: 40, Loss: 1.5080, Epsilon: 0.100
2026-03-17 04:02:52 | INFO | Episode  170 - Reward: -8.600, Length: 40, Loss: 0.1218, Epsilon: 0.100
2026-03-17 04:02:53 | INFO | Episode  171 - Reward: -8.600, Length: 40, Loss: 0.1646, Epsilon: 0.100
2026-03-17 04:02:53 | INFO | Episode  172 - Reward: -12.350, Length: 40, Loss: 0.1027, Epsilon: 0.100
2026-03-17 04:02:54 | INFO | Episode  173 - Reward: -10.400, Length: 40, Loss: 2.9324, Epsilon: 0.100
2026-03-17 04:02:55 | INFO | Episode  174 - Reward: -10.250, Length: 40, Loss: 0.0877, Epsilon: 0.100
2026-03-17 04:02:56 | INFO | Episode  175 - Reward: 3.250, Length: 22, Loss: 1.5677, Epsilon: 0.100
2026-03-17 04:02:57 | INFO | Episode  176 - Reward: -10.250, Length: 40, Loss: 0.7950, Epsilon: 0.100
2026-03-17 04:02:58 | INFO | Episode  177 - Reward: 8.050, Length: 19, Loss: 0.0677, Epsilon: 0.100
2026-03-17 04:02:59 | INFO | Episode  178 - Reward: -8.900, Length: 40, Loss: 2.2760, Epsilon: 0.100
2026-03-17 04:03:01 | INFO | Episode  179 - Reward: -10.550, Length: 40, Loss: 2.9987, Epsilon: 0.100
2026-03-17 04:03:02 | INFO | Episode  180 - Reward: -8.150, Length: 40, Loss: 0.8605, Epsilon: 0.100
2026-03-17 04:03:03 | INFO | Episode  181 - Reward: -7.550, Length: 40, Loss: 0.7747, Epsilon: 0.100
2026-03-17 04:03:04 | INFO | Episode  182 - Reward: -10.250, Length: 40, Loss: 0.8365, Epsilon: 0.100
2026-03-17 04:03:05 | INFO | Episode  183 - Reward: -8.750, Length: 40, Loss: 0.1059, Epsilon: 0.100
2026-03-17 04:03:06 | INFO | Episode  184 - Reward: 6.300, Length: 15, Loss: 1.5267, Epsilon: 0.100
2026-03-17 04:03:07 | INFO | Episode  185 - Reward: -8.300, Length: 40, Loss: 2.9128, Epsilon: 0.100
2026-03-17 04:03:08 | INFO | Episode  186 - Reward: 7.000, Length: 13, Loss: 0.7461, Epsilon: 0.100
2026-03-17 04:03:10 | INFO | Episode  187 - Reward: -10.550, Length: 40, Loss: 1.5659, Epsilon: 0.100
2026-03-17 04:03:11 | INFO | Episode  188 - Reward: -13.850, Length: 40, Loss: 0.8335, Epsilon: 0.100
2026-03-17 04:03:12 | INFO | Episode  189 - Reward: -8.150, Length: 40, Loss: 0.8000, Epsilon: 0.100
2026-03-17 04:03:13 | INFO | Episode  190 - Reward: 7.700, Length: 8, Loss: 2.9743, Epsilon: 0.100
2026-03-17 04:03:14 | INFO | Episode  191 - Reward: 5.800, Length: 19, Loss: 1.5018, Epsilon: 0.100
2026-03-17 04:03:15 | INFO | Episode  192 - Reward: 7.700, Length: 8, Loss: 0.1230, Epsilon: 0.100
2026-03-17 04:03:16 | INFO | Episode  193 - Reward: -8.900, Length: 40, Loss: 1.5156, Epsilon: 0.100
2026-03-17 04:03:17 | INFO | Episode  194 - Reward: 0.650, Length: 35, Loss: 1.5511, Epsilon: 0.100
2026-03-17 04:03:18 | INFO | Episode  195 - Reward: -8.450, Length: 40, Loss: 0.1185, Epsilon: 0.100
2026-03-17 04:03:20 | INFO | Episode  196 - Reward: -10.550, Length: 40, Loss: 1.5586, Epsilon: 0.100
2026-03-17 04:03:21 | INFO | Episode  197 - Reward: -8.450, Length: 40, Loss: 0.9467, Epsilon: 0.100
2026-03-17 04:03:22 | INFO | Episode  198 - Reward: -10.250, Length: 40, Loss: 0.9089, Epsilon: 0.100
2026-03-17 04:03:23 | INFO | Episode  199 - Reward: 7.700, Length: 8, Loss: 0.8220, Epsilon: 0.100
2026-03-17 04:03:24 | INFO | Episode  200 - Reward: -8.150, Length: 40, Loss: 0.0704, Epsilon: 0.100
2026-03-17 04:03:38 | INFO | [Episode  200] eps=0.100  avg_reward=  -6.048  avg_length= 35.64  avg_loss=  1.3082  eval_success=0.000
2026-03-17 04:03:39 | INFO | Episode  201 - Reward: -8.600, Length: 40, Loss: 0.1084, Epsilon: 0.100
2026-03-17 04:03:40 | INFO | Episode  202 - Reward: -10.250, Length: 40, Loss: 0.7734, Epsilon: 0.100
2026-03-17 04:03:41 | INFO | Episode  203 - Reward: -11.900, Length: 40, Loss: 0.8578, Epsilon: 0.100
2026-03-17 04:03:42 | INFO | Episode  204 - Reward: 9.650, Length: 8, Loss: 0.0932, Epsilon: 0.100
2026-03-17 04:03:44 | INFO | Episode  205 - Reward: 9.650, Length: 8, Loss: 0.9590, Epsilon: 0.100
2026-03-17 04:03:45 | INFO | Episode  206 - Reward: 9.450, Length: 9, Loss: 0.1183, Epsilon: 0.100
2026-03-17 04:03:46 | INFO | Episode  207 - Reward: 4.050, Length: 36, Loss: 1.5734, Epsilon: 0.100
2026-03-17 04:03:47 | INFO | Episode  208 - Reward: -7.850, Length: 40, Loss: 0.0964, Epsilon: 0.100
2026-03-17 04:03:48 | INFO | Episode  209 - Reward: -7.400, Length: 40, Loss: 0.1532, Epsilon: 0.100
2026-03-17 04:03:49 | INFO | Episode  210 - Reward: -7.100, Length: 40, Loss: 0.0968, Epsilon: 0.100
2026-03-17 04:03:50 | INFO | Episode  211 - Reward: -6.800, Length: 40, Loss: 0.0491, Epsilon: 0.100
2026-03-17 04:03:51 | INFO | Episode  212 - Reward: -6.950, Length: 40, Loss: 1.4981, Epsilon: 0.100
2026-03-17 04:03:52 | INFO | Episode  213 - Reward: -7.550, Length: 40, Loss: 0.8964, Epsilon: 0.100
2026-03-17 04:03:54 | INFO | Episode  214 - Reward: -7.100, Length: 40, Loss: 1.6419, Epsilon: 0.100
2026-03-17 04:03:55 | INFO | Episode  215 - Reward: -6.800, Length: 40, Loss: 0.0662, Epsilon: 0.100
2026-03-17 04:03:56 | INFO | Episode  216 - Reward: -6.800, Length: 40, Loss: 0.8165, Epsilon: 0.100
2026-03-17 04:03:56 | INFO | Episode  217 - Reward: -6.800, Length: 40, Loss: 0.9195, Epsilon: 0.100
2026-03-17 04:03:57 | INFO | Episode  218 - Reward: -6.500, Length: 40, Loss: 0.0728, Epsilon: 0.100
2026-03-17 04:03:58 | INFO | Episode  219 - Reward: -7.100, Length: 40, Loss: 1.6007, Epsilon: 0.100
2026-03-17 04:03:59 | INFO | Episode  220 - Reward: -6.650, Length: 40, Loss: 0.8830, Epsilon: 0.100
2026-03-17 04:04:00 | INFO | Episode  221 - Reward: -6.800, Length: 40, Loss: 1.6277, Epsilon: 0.100
2026-03-17 04:04:01 | INFO | Episode  222 - Reward: -7.100, Length: 40, Loss: 1.5795, Epsilon: 0.100
2026-03-17 04:04:02 | INFO | Episode  223 - Reward: -7.400, Length: 40, Loss: 0.1167, Epsilon: 0.100
2026-03-17 04:04:03 | INFO | Episode  224 - Reward: -6.650, Length: 40, Loss: 0.8556, Epsilon: 0.100
2026-03-17 04:04:04 | INFO | Episode  225 - Reward: 6.850, Length: 22, Loss: 0.7900, Epsilon: 0.100
2026-03-17 04:04:06 | INFO | Episode  226 - Reward: -7.100, Length: 40, Loss: 0.7773, Epsilon: 0.100
2026-03-17 04:04:07 | INFO | Episode  227 - Reward: -7.100, Length: 40, Loss: 0.0433, Epsilon: 0.100
2026-03-17 04:04:08 | INFO | Episode  228 - Reward: -7.550, Length: 40, Loss: 0.0699, Epsilon: 0.100
2026-03-17 04:04:09 | INFO | Episode  229 - Reward: -6.800, Length: 40, Loss: 0.8183, Epsilon: 0.100
2026-03-17 04:04:10 | INFO | Episode  230 - Reward: -6.950, Length: 40, Loss: 1.5784, Epsilon: 0.100
2026-03-17 04:04:11 | INFO | Episode  231 - Reward: -7.400, Length: 40, Loss: 0.0781, Epsilon: 0.100
2026-03-17 04:04:12 | INFO | Episode  232 - Reward: -7.850, Length: 40, Loss: 0.8162, Epsilon: 0.100
2026-03-17 04:04:13 | INFO | Episode  233 - Reward: -7.850, Length: 40, Loss: 0.1443, Epsilon: 0.100
2026-03-17 04:04:14 | INFO | Episode  234 - Reward: -6.650, Length: 40, Loss: 0.8798, Epsilon: 0.100
2026-03-17 04:04:16 | INFO | Episode  235 - Reward: -7.400, Length: 40, Loss: 0.8340, Epsilon: 0.100
2026-03-17 04:04:17 | INFO | Episode  236 - Reward: -6.650, Length: 40, Loss: 0.0755, Epsilon: 0.100
2026-03-17 04:04:18 | INFO | Episode  237 - Reward: -7.700, Length: 40, Loss: 0.8219, Epsilon: 0.100
2026-03-17 04:04:19 | INFO | Episode  238 - Reward: -7.700, Length: 40, Loss: 0.8406, Epsilon: 0.100
2026-03-17 04:04:20 | INFO | Episode  239 - Reward: -8.000, Length: 40, Loss: 0.0991, Epsilon: 0.100
2026-03-17 04:04:21 | INFO | Episode  240 - Reward: -8.000, Length: 40, Loss: 1.5201, Epsilon: 0.100
2026-03-17 04:04:22 | INFO | Episode  241 - Reward: -7.550, Length: 40, Loss: 0.0739, Epsilon: 0.100
2026-03-17 04:04:23 | INFO | Episode  242 - Reward: -7.400, Length: 40, Loss: 1.5373, Epsilon: 0.100
2026-03-17 04:04:24 | INFO | Episode  243 - Reward: -6.800, Length: 40, Loss: 0.0298, Epsilon: 0.100
2026-03-17 04:04:25 | INFO | Episode  244 - Reward: -7.700, Length: 40, Loss: 1.6076, Epsilon: 0.100
2026-03-17 04:04:26 | INFO | Episode  245 - Reward: -7.700, Length: 40, Loss: 1.5500, Epsilon: 0.100
2026-03-17 04:04:27 | INFO | Episode  246 - Reward: -8.000, Length: 40, Loss: 0.0256, Epsilon: 0.100
2026-03-17 04:04:28 | INFO | Episode  247 - Reward: -7.400, Length: 40, Loss: 0.0840, Epsilon: 0.100
2026-03-17 04:04:28 | INFO | Episode  248 - Reward: -7.400, Length: 40, Loss: 0.1351, Epsilon: 0.100
2026-03-17 04:04:29 | INFO | Episode  249 - Reward: -7.100, Length: 40, Loss: 0.0288, Epsilon: 0.100
2026-03-17 04:04:29 | INFO | Episode  250 - Reward: -6.500, Length: 40, Loss: 0.8181, Epsilon: 0.100
2026-03-17 04:04:41 | INFO | [Episode  250] eps=0.100  avg_reward=  -5.894  avg_length= 37.66  avg_loss=  0.6706  eval_success=0.000
