2026-03-17 04:22:11 | INFO | ============================================================
2026-03-17 04:22:11 | INFO | DEVICE / COMPUTE INFORMATION
2026-03-17 04:22:11 | INFO |   JAX backend       : GPU
2026-03-17 04:22:11 | INFO |   Platform          : gpu
2026-03-17 04:22:11 | INFO |   Num devices       : 1
2026-03-17 04:22:11 | INFO |   Device            : cuda:0
2026-03-17 04:22:11 | INFO |   GPU name          : NVIDIA GeForce RTX 5060 Laptop GPU
2026-03-17 04:22:11 | INFO | ============================================================
2026-03-17 04:22:11 | INFO | ✓ JAX GPU backend confirmed.
2026-03-17 04:22:13 | INFO | DQN seed=3_gamma=0.99_lr=0.1
2026-03-17 04:22:15 | INFO | Episode    1 - Reward: -15.650, Length: 40, Loss: 0.0000, Epsilon: 0.991
2026-03-17 04:22:16 | INFO | Episode    2 - Reward: -5.900, Length: 40, Loss: 0.0000, Epsilon: 0.982
2026-03-17 04:22:20 | INFO | Episode    3 - Reward: -4.100, Length: 40, Loss: 0.1754, Epsilon: 0.973
2026-03-17 04:22:22 | INFO | Episode    4 - Reward: -6.650, Length: 40, Loss: 0.0899, Epsilon: 0.964
2026-03-17 04:22:23 | INFO | Episode    5 - Reward: -4.850, Length: 40, Loss: 0.0831, Epsilon: 0.955
2026-03-17 04:22:24 | INFO | Episode    6 - Reward: -5.600, Length: 40, Loss: 0.1083, Epsilon: 0.946
2026-03-17 04:22:25 | INFO | Episode    7 - Reward: 4.150, Length: 22, Loss: 0.0568, Epsilon: 0.937
2026-03-17 04:22:26 | INFO | Episode    8 - Reward: -4.100, Length: 40, Loss: 0.0985, Epsilon: 0.928
2026-03-17 04:22:27 | INFO | Episode    9 - Reward: -4.550, Length: 40, Loss: 0.9235, Epsilon: 0.919
2026-03-17 04:22:28 | INFO | Episode   10 - Reward: 8.150, Length: 17, Loss: 0.0497, Epsilon: 0.910
2026-03-17 04:22:29 | INFO | Episode   11 - Reward: -5.000, Length: 40, Loss: 0.8777, Epsilon: 0.901
2026-03-17 04:22:30 | INFO | Episode   12 - Reward: -5.150, Length: 40, Loss: 0.8457, Epsilon: 0.892
2026-03-17 04:22:30 | INFO | Episode   13 - Reward: -5.450, Length: 40, Loss: 0.0698, Epsilon: 0.883
2026-03-17 04:22:32 | INFO | Episode   14 - Reward: -6.500, Length: 40, Loss: 0.0880, Epsilon: 0.874
2026-03-17 04:22:33 | INFO | Episode   15 - Reward: 8.650, Length: 16, Loss: 0.1055, Epsilon: 0.865
2026-03-17 04:22:34 | INFO | Episode   16 - Reward: -3.500, Length: 40, Loss: 0.0638, Epsilon: 0.856
2026-03-17 04:22:35 | INFO | Episode   17 - Reward: 7.850, Length: 23, Loss: 0.0424, Epsilon: 0.847
2026-03-17 04:22:36 | INFO | Episode   18 - Reward: 2.050, Length: 40, Loss: 0.0626, Epsilon: 0.838
2026-03-17 04:22:37 | INFO | Episode   19 - Reward: 5.700, Length: 21, Loss: 0.7905, Epsilon: 0.829
2026-03-17 04:22:38 | INFO | Episode   20 - Reward: 7.850, Length: 29, Loss: 2.1978, Epsilon: 0.820
2026-03-17 04:22:39 | INFO | Episode   21 - Reward: -8.750, Length: 40, Loss: 1.6753, Epsilon: 0.811
2026-03-17 04:22:40 | INFO | Episode   22 - Reward: 7.650, Length: 24, Loss: 1.3612, Epsilon: 0.802
2026-03-17 04:22:41 | INFO | Episode   23 - Reward: 1.850, Length: 38, Loss: 0.2335, Epsilon: 0.793
2026-03-17 04:22:42 | INFO | Episode   24 - Reward: -4.550, Length: 40, Loss: 1.5417, Epsilon: 0.784
2026-03-17 04:22:43 | INFO | Episode   25 - Reward: -5.000, Length: 40, Loss: 1.2776, Epsilon: 0.775
2026-03-17 04:22:44 | INFO | Episode   26 - Reward: -6.500, Length: 40, Loss: 0.7999, Epsilon: 0.766
2026-03-17 04:22:46 | INFO | Episode   27 - Reward: -4.400, Length: 40, Loss: 0.1729, Epsilon: 0.757
2026-03-17 04:22:47 | INFO | Episode   28 - Reward: 7.100, Length: 14, Loss: 0.6701, Epsilon: 0.748
2026-03-17 04:22:48 | INFO | Episode   29 - Reward: -4.700, Length: 40, Loss: 2.5698, Epsilon: 0.739
2026-03-17 04:22:49 | INFO | Episode   30 - Reward: 5.500, Length: 28, Loss: 2.4942, Epsilon: 0.730
2026-03-17 04:22:50 | INFO | Episode   31 - Reward: -4.850, Length: 40, Loss: 2.4516, Epsilon: 0.721
2026-03-17 04:22:51 | INFO | Episode   32 - Reward: -5.600, Length: 40, Loss: 0.7626, Epsilon: 0.712
2026-03-17 04:22:52 | INFO | Episode   33 - Reward: -5.300, Length: 40, Loss: 0.6211, Epsilon: 0.703
2026-03-17 04:22:53 | INFO | Episode   34 - Reward: 9.250, Length: 10, Loss: 0.6188, Epsilon: 0.694
2026-03-17 04:22:54 | INFO | Episode   35 - Reward: 6.500, Length: 14, Loss: 0.8355, Epsilon: 0.685
2026-03-17 04:22:55 | INFO | Episode   36 - Reward: -7.400, Length: 40, Loss: 0.5006, Epsilon: 0.676
2026-03-17 04:22:56 | INFO | Episode   37 - Reward: -4.550, Length: 40, Loss: 1.0949, Epsilon: 0.667
2026-03-17 04:22:58 | INFO | Episode   38 - Reward: -5.750, Length: 40, Loss: 0.6656, Epsilon: 0.658
2026-03-17 04:22:59 | INFO | Episode   39 - Reward: -2.500, Length: 32, Loss: 0.4433, Epsilon: 0.649
2026-03-17 04:23:00 | INFO | Episode   40 - Reward: -6.050, Length: 40, Loss: 0.8843, Epsilon: 0.640
2026-03-17 04:23:01 | INFO | Episode   41 - Reward: -3.950, Length: 40, Loss: 2.9688, Epsilon: 0.631
2026-03-17 04:23:01 | INFO | Episode   42 - Reward: 3.750, Length: 30, Loss: 1.4435, Epsilon: 0.622
2026-03-17 04:23:02 | INFO | Episode   43 - Reward: 9.150, Length: 12, Loss: 1.5369, Epsilon: 0.613
2026-03-17 04:23:03 | INFO | Episode   44 - Reward: -3.950, Length: 40, Loss: 0.9505, Epsilon: 0.604
2026-03-17 04:23:04 | INFO | Episode   45 - Reward: 5.650, Length: 31, Loss: 1.2563, Epsilon: 0.595
2026-03-17 04:23:05 | INFO | Episode   46 - Reward: 6.250, Length: 31, Loss: 1.2561, Epsilon: 0.586
2026-03-17 04:23:06 | INFO | Episode   47 - Reward: 6.000, Length: 18, Loss: 1.1017, Epsilon: 0.577
2026-03-17 04:23:07 | INFO | Episode   48 - Reward: -3.350, Length: 40, Loss: 0.3692, Epsilon: 0.568
2026-03-17 04:23:08 | INFO | Episode   49 - Reward: -4.550, Length: 40, Loss: 0.8416, Epsilon: 0.559
2026-03-17 04:23:10 | INFO | Episode   50 - Reward: -3.650, Length: 40, Loss: 1.2918, Epsilon: 0.550
2026-03-17 04:23:26 | INFO | [Episode   50] eps=0.550  avg_reward=  -1.186  avg_length= 33.80  avg_loss=  0.8284  eval_success=0.000
2026-03-17 04:23:27 | INFO | Episode   51 - Reward: 9.050, Length: 17, Loss: 1.9048, Epsilon: 0.541
2026-03-17 04:23:28 | INFO | Episode   52 - Reward: -6.200, Length: 40, Loss: 2.0167, Epsilon: 0.532
2026-03-17 04:23:29 | INFO | Episode   53 - Reward: -4.550, Length: 40, Loss: 1.6552, Epsilon: 0.523
2026-03-17 04:23:30 | INFO | Episode   54 - Reward: 6.950, Length: 26, Loss: 1.0150, Epsilon: 0.514
2026-03-17 04:23:32 | INFO | Episode   55 - Reward: 4.700, Length: 29, Loss: 1.3591, Epsilon: 0.505
2026-03-17 04:23:33 | INFO | Episode   56 - Reward: -11.450, Length: 40, Loss: 1.2693, Epsilon: 0.496
2026-03-17 04:23:33 | INFO | Episode   57 - Reward: 3.400, Length: 34, Loss: 0.9936, Epsilon: 0.487
2026-03-17 04:23:34 | INFO | Episode   58 - Reward: -5.150, Length: 40, Loss: 1.1079, Epsilon: 0.478
2026-03-17 04:23:35 | INFO | Episode   59 - Reward: -1.650, Length: 36, Loss: 1.1977, Epsilon: 0.469
2026-03-17 04:23:36 | INFO | Episode   60 - Reward: -3.800, Length: 40, Loss: 1.1439, Epsilon: 0.460
2026-03-17 04:23:37 | INFO | Episode   61 - Reward: 4.050, Length: 39, Loss: 1.0066, Epsilon: 0.451
2026-03-17 04:23:38 | INFO | Episode   62 - Reward: -5.000, Length: 40, Loss: 0.7923, Epsilon: 0.442
2026-03-17 04:23:39 | INFO | Episode   63 - Reward: -12.800, Length: 40, Loss: 1.0366, Epsilon: 0.433
2026-03-17 04:23:40 | INFO | Episode   64 - Reward: -5.150, Length: 40, Loss: 1.2553, Epsilon: 0.424
2026-03-17 04:23:41 | INFO | Episode   65 - Reward: 5.200, Length: 22, Loss: 1.4809, Epsilon: 0.415
2026-03-17 04:23:43 | INFO | Episode   66 - Reward: -16.100, Length: 40, Loss: 1.8509, Epsilon: 0.406
2026-03-17 04:23:44 | INFO | Episode   67 - Reward: -4.700, Length: 40, Loss: 1.1788, Epsilon: 0.397
2026-03-17 04:23:45 | INFO | Episode   68 - Reward: -6.350, Length: 40, Loss: 0.8785, Epsilon: 0.388
2026-03-17 04:23:46 | INFO | Episode   69 - Reward: 9.050, Length: 11, Loss: 1.8565, Epsilon: 0.379
2026-03-17 04:23:47 | INFO | Episode   70 - Reward: -6.050, Length: 40, Loss: 0.8356, Epsilon: 0.370
2026-03-17 04:23:48 | INFO | Episode   71 - Reward: 9.650, Length: 8, Loss: 0.4278, Epsilon: 0.361
2026-03-17 04:23:49 | INFO | Episode   72 - Reward: -5.450, Length: 40, Loss: 1.3927, Epsilon: 0.352
2026-03-17 04:23:50 | INFO | Episode   73 - Reward: -5.900, Length: 40, Loss: 0.7557, Epsilon: 0.343
2026-03-17 04:23:51 | INFO | Episode   74 - Reward: -6.200, Length: 40, Loss: 2.1436, Epsilon: 0.334
2026-03-17 04:23:53 | INFO | Episode   75 - Reward: -6.500, Length: 40, Loss: 1.2975, Epsilon: 0.325
2026-03-17 04:23:54 | INFO | Episode   76 - Reward: 6.050, Length: 29, Loss: 0.4519, Epsilon: 0.316
2026-03-17 04:23:55 | INFO | Episode   77 - Reward: -5.000, Length: 40, Loss: 3.0931, Epsilon: 0.307
2026-03-17 04:23:56 | INFO | Episode   78 - Reward: -7.100, Length: 40, Loss: 2.9182, Epsilon: 0.298
2026-03-17 04:23:57 | INFO | Episode   79 - Reward: -7.400, Length: 40, Loss: 1.8770, Epsilon: 0.289
2026-03-17 04:23:58 | INFO | Episode   80 - Reward: -6.500, Length: 40, Loss: 2.7389, Epsilon: 0.280
2026-03-17 04:23:59 | INFO | Episode   81 - Reward: -5.300, Length: 40, Loss: 1.2953, Epsilon: 0.271
2026-03-17 04:24:00 | INFO | Episode   82 - Reward: 9.650, Length: 8, Loss: 3.0251, Epsilon: 0.262
2026-03-17 04:24:01 | INFO | Episode   83 - Reward: -12.950, Length: 40, Loss: 3.6257, Epsilon: 0.253
2026-03-17 04:24:02 | INFO | Episode   84 - Reward: -7.550, Length: 40, Loss: 1.7093, Epsilon: 0.244
2026-03-17 04:24:03 | INFO | Episode   85 - Reward: -6.350, Length: 40, Loss: 2.4367, Epsilon: 0.235
2026-03-17 04:24:04 | INFO | Episode   86 - Reward: -7.250, Length: 40, Loss: 1.6068, Epsilon: 0.226
2026-03-17 04:24:05 | INFO | Episode   87 - Reward: -6.200, Length: 40, Loss: 1.9849, Epsilon: 0.217
2026-03-17 04:24:06 | INFO | Episode   88 - Reward: -8.000, Length: 40, Loss: 3.0775, Epsilon: 0.208
2026-03-17 04:24:07 | INFO | Episode   89 - Reward: -6.200, Length: 40, Loss: 3.0794, Epsilon: 0.199
2026-03-17 04:24:08 | INFO | Episode   90 - Reward: -7.400, Length: 40, Loss: 5.0198, Epsilon: 0.190
2026-03-17 04:24:08 | INFO | Episode   91 - Reward: -7.550, Length: 40, Loss: 2.5394, Epsilon: 0.181
2026-03-17 04:24:09 | INFO | Episode   92 - Reward: -6.800, Length: 40, Loss: 2.4294, Epsilon: 0.172
2026-03-17 04:24:10 | INFO | Episode   93 - Reward: -6.350, Length: 40, Loss: 1.6767, Epsilon: 0.163
2026-03-17 04:24:11 | INFO | Episode   94 - Reward: -6.650, Length: 40, Loss: 0.9111, Epsilon: 0.154
2026-03-17 04:24:12 | INFO | Episode   95 - Reward: -7.250, Length: 40, Loss: 0.1518, Epsilon: 0.145
2026-03-17 04:24:13 | INFO | Episode   96 - Reward: -6.500, Length: 40, Loss: 2.1676, Epsilon: 0.136
2026-03-17 04:24:13 | INFO | Episode   97 - Reward: -8.000, Length: 40, Loss: 0.9201, Epsilon: 0.127
2026-03-17 04:24:14 | INFO | Episode   98 - Reward: -7.100, Length: 40, Loss: 1.0406, Epsilon: 0.118
2026-03-17 04:24:15 | INFO | Episode   99 - Reward: -7.400, Length: 40, Loss: 1.6400, Epsilon: 0.109
2026-03-17 04:24:16 | INFO | Episode  100 - Reward: -7.250, Length: 40, Loss: 2.4218, Epsilon: 0.100
2026-03-17 04:24:28 | INFO | [Episode  100] eps=0.100  avg_reward=  -4.186  avg_length= 36.38  avg_loss=  1.7138  eval_success=0.000
2026-03-17 04:24:29 | INFO | Episode  101 - Reward: -6.650, Length: 40, Loss: 1.7582, Epsilon: 0.100
2026-03-17 04:24:30 | INFO | Episode  102 - Reward: -2.000, Length: 40, Loss: 0.8776, Epsilon: 0.100
2026-03-17 04:24:31 | INFO | Episode  103 - Reward: -2.150, Length: 40, Loss: 2.3221, Epsilon: 0.100
2026-03-17 04:24:32 | INFO | Episode  104 - Reward: -6.350, Length: 40, Loss: 0.6466, Epsilon: 0.100
2026-03-17 04:24:32 | INFO | Episode  105 - Reward: -7.250, Length: 40, Loss: 0.8034, Epsilon: 0.100
2026-03-17 04:24:33 | INFO | Episode  106 - Reward: -7.850, Length: 40, Loss: 3.0398, Epsilon: 0.100
2026-03-17 04:24:34 | INFO | Episode  107 - Reward: -6.800, Length: 40, Loss: 3.4520, Epsilon: 0.100
2026-03-17 04:24:35 | INFO | Episode  108 - Reward: -7.100, Length: 40, Loss: 0.4889, Epsilon: 0.100
2026-03-17 04:24:36 | INFO | Episode  109 - Reward: -7.400, Length: 40, Loss: 1.2844, Epsilon: 0.100
2026-03-17 04:24:36 | INFO | Episode  110 - Reward: -7.550, Length: 40, Loss: 1.7896, Epsilon: 0.100
2026-03-17 04:24:37 | INFO | Episode  111 - Reward: -7.850, Length: 40, Loss: 3.2144, Epsilon: 0.100
2026-03-17 04:24:38 | INFO | Episode  112 - Reward: -6.800, Length: 40, Loss: 4.7099, Epsilon: 0.100
2026-03-17 04:24:38 | INFO | Episode  113 - Reward: -7.100, Length: 40, Loss: 0.2564, Epsilon: 0.100
2026-03-17 04:24:39 | INFO | Episode  114 - Reward: -2.150, Length: 40, Loss: 1.5811, Epsilon: 0.100
2026-03-17 04:24:40 | INFO | Episode  115 - Reward: -6.500, Length: 40, Loss: 2.3112, Epsilon: 0.100
2026-03-17 04:24:41 | INFO | Episode  116 - Reward: -6.650, Length: 40, Loss: 1.1719, Epsilon: 0.100
2026-03-17 04:24:42 | INFO | Episode  117 - Reward: -7.850, Length: 40, Loss: 3.2697, Epsilon: 0.100
2026-03-17 04:24:43 | INFO | Episode  118 - Reward: -7.700, Length: 40, Loss: 5.9207, Epsilon: 0.100
2026-03-17 04:24:43 | INFO | Episode  119 - Reward: -2.450, Length: 40, Loss: 2.2583, Epsilon: 0.100
2026-03-17 04:24:44 | INFO | Episode  120 - Reward: -7.700, Length: 40, Loss: 1.0602, Epsilon: 0.100
2026-03-17 04:24:45 | INFO | Episode  121 - Reward: -7.550, Length: 40, Loss: 1.8612, Epsilon: 0.100
2026-03-17 04:24:46 | INFO | Episode  122 - Reward: -7.550, Length: 40, Loss: 2.5715, Epsilon: 0.100
2026-03-17 04:24:47 | INFO | Episode  123 - Reward: -7.850, Length: 40, Loss: 2.5730, Epsilon: 0.100
2026-03-17 04:24:48 | INFO | Episode  124 - Reward: -2.150, Length: 40, Loss: 3.5009, Epsilon: 0.100
2026-03-17 04:24:49 | INFO | Episode  125 - Reward: -2.750, Length: 40, Loss: 1.3123, Epsilon: 0.100
2026-03-17 04:24:50 | INFO | Episode  126 - Reward: -4.550, Length: 40, Loss: 2.8140, Epsilon: 0.100
2026-03-17 04:24:50 | INFO | Episode  127 - Reward: -8.000, Length: 40, Loss: 4.2600, Epsilon: 0.100
2026-03-17 04:24:51 | INFO | Episode  128 - Reward: -7.400, Length: 40, Loss: 3.6807, Epsilon: 0.100
2026-03-17 04:24:52 | INFO | Episode  129 - Reward: -2.300, Length: 40, Loss: 1.6170, Epsilon: 0.100
2026-03-17 04:24:53 | INFO | Episode  130 - Reward: -7.250, Length: 40, Loss: 1.5337, Epsilon: 0.100
2026-03-17 04:24:54 | INFO | Episode  131 - Reward: -7.100, Length: 40, Loss: 4.6192, Epsilon: 0.100
2026-03-17 04:24:55 | INFO | Episode  132 - Reward: -6.500, Length: 40, Loss: 0.8735, Epsilon: 0.100
2026-03-17 04:24:56 | INFO | Episode  133 - Reward: -3.050, Length: 40, Loss: 3.5242, Epsilon: 0.100
2026-03-17 04:24:57 | INFO | Episode  134 - Reward: -6.800, Length: 40, Loss: 1.8879, Epsilon: 0.100
2026-03-17 04:24:57 | INFO | Episode  135 - Reward: -7.700, Length: 40, Loss: 2.8454, Epsilon: 0.100
2026-03-17 04:24:58 | INFO | Episode  136 - Reward: -6.800, Length: 40, Loss: 2.3305, Epsilon: 0.100
2026-03-17 04:24:59 | INFO | Episode  137 - Reward: -8.000, Length: 40, Loss: 6.1665, Epsilon: 0.100
2026-03-17 04:25:00 | INFO | Episode  138 - Reward: -7.850, Length: 40, Loss: 3.1718, Epsilon: 0.100
2026-03-17 04:25:01 | INFO | Episode  139 - Reward: -10.250, Length: 40, Loss: 1.8108, Epsilon: 0.100
2026-03-17 04:25:02 | INFO | Episode  140 - Reward: -3.650, Length: 40, Loss: 2.0725, Epsilon: 0.100
2026-03-17 04:25:03 | INFO | Episode  141 - Reward: -7.100, Length: 40, Loss: 6.4057, Epsilon: 0.100
2026-03-17 04:25:04 | INFO | Episode  142 - Reward: -7.550, Length: 40, Loss: 4.0852, Epsilon: 0.100
2026-03-17 04:25:05 | INFO | Episode  143 - Reward: -7.700, Length: 40, Loss: 0.9857, Epsilon: 0.100
2026-03-17 04:25:06 | INFO | Episode  144 - Reward: -7.250, Length: 40, Loss: 2.0953, Epsilon: 0.100
2026-03-17 04:25:07 | INFO | Episode  145 - Reward: -7.700, Length: 40, Loss: 1.8196, Epsilon: 0.100
2026-03-17 04:25:08 | INFO | Episode  146 - Reward: -7.400, Length: 40, Loss: 4.8856, Epsilon: 0.100
2026-03-17 04:25:09 | INFO | Episode  147 - Reward: -7.400, Length: 40, Loss: 2.7316, Epsilon: 0.100
2026-03-17 04:25:10 | INFO | Episode  148 - Reward: -7.700, Length: 40, Loss: 3.9205, Epsilon: 0.100
2026-03-17 04:25:11 | INFO | Episode  149 - Reward: -7.250, Length: 40, Loss: 2.3376, Epsilon: 0.100
2026-03-17 04:25:12 | INFO | Episode  150 - Reward: -7.400, Length: 40, Loss: 1.6347, Epsilon: 0.100
2026-03-17 04:25:27 | INFO | [Episode  150] eps=0.100  avg_reward=  -6.467  avg_length= 40.00  avg_loss=  2.5629  eval_success=0.000
2026-03-17 04:25:29 | INFO | Episode  151 - Reward: -7.400, Length: 40, Loss: 1.7726, Epsilon: 0.100
2026-03-17 04:25:30 | INFO | Episode  152 - Reward: -7.700, Length: 40, Loss: 2.7505, Epsilon: 0.100
2026-03-17 04:25:31 | INFO | Episode  153 - Reward: -7.100, Length: 40, Loss: 2.6146, Epsilon: 0.100
2026-03-17 04:25:32 | INFO | Episode  154 - Reward: -7.700, Length: 40, Loss: 1.7073, Epsilon: 0.100
2026-03-17 04:25:33 | INFO | Episode  155 - Reward: -6.800, Length: 40, Loss: 1.5754, Epsilon: 0.100
2026-03-17 04:25:34 | INFO | Episode  156 - Reward: -2.000, Length: 40, Loss: 3.7339, Epsilon: 0.100
2026-03-17 04:25:35 | INFO | Episode  157 - Reward: -7.700, Length: 40, Loss: 2.0895, Epsilon: 0.100
2026-03-17 04:25:36 | INFO | Episode  158 - Reward: -7.850, Length: 40, Loss: 1.7040, Epsilon: 0.100
2026-03-17 04:25:37 | INFO | Episode  159 - Reward: -6.650, Length: 40, Loss: 3.7998, Epsilon: 0.100
2026-03-17 04:25:38 | INFO | Episode  160 - Reward: -6.650, Length: 40, Loss: 2.9240, Epsilon: 0.100
2026-03-17 04:25:39 | INFO | Episode  161 - Reward: -6.200, Length: 40, Loss: 3.8308, Epsilon: 0.100
2026-03-17 04:25:40 | INFO | Episode  162 - Reward: -6.500, Length: 40, Loss: 5.8010, Epsilon: 0.100
2026-03-17 04:25:41 | INFO | Episode  163 - Reward: -7.400, Length: 40, Loss: 1.7277, Epsilon: 0.100
2026-03-17 04:25:42 | INFO | Episode  164 - Reward: -2.300, Length: 40, Loss: 0.0397, Epsilon: 0.100
2026-03-17 04:25:43 | INFO | Episode  165 - Reward: -2.150, Length: 40, Loss: 4.1666, Epsilon: 0.100
2026-03-17 04:25:44 | INFO | Episode  166 - Reward: -7.400, Length: 40, Loss: 5.2174, Epsilon: 0.100
2026-03-17 04:25:45 | INFO | Episode  167 - Reward: -4.550, Length: 40, Loss: 1.6828, Epsilon: 0.100
2026-03-17 04:25:47 | INFO | Episode  168 - Reward: -2.300, Length: 40, Loss: 2.7014, Epsilon: 0.100
2026-03-17 04:25:48 | INFO | Episode  169 - Reward: -7.100, Length: 40, Loss: 4.9543, Epsilon: 0.100
2026-03-17 04:25:49 | INFO | Episode  170 - Reward: -2.750, Length: 40, Loss: 2.5303, Epsilon: 0.100
2026-03-17 04:25:50 | INFO | Episode  171 - Reward: -7.250, Length: 40, Loss: 2.2851, Epsilon: 0.100
2026-03-17 04:25:51 | INFO | Episode  172 - Reward: -7.550, Length: 40, Loss: 2.4290, Epsilon: 0.100
2026-03-17 04:25:52 | INFO | Episode  173 - Reward: -8.000, Length: 40, Loss: 1.5770, Epsilon: 0.100
2026-03-17 04:25:53 | INFO | Episode  174 - Reward: -8.000, Length: 40, Loss: 3.0456, Epsilon: 0.100
2026-03-17 04:25:54 | INFO | Episode  175 - Reward: -2.750, Length: 40, Loss: 0.1800, Epsilon: 0.100
2026-03-17 04:25:56 | INFO | Episode  176 - Reward: -3.050, Length: 40, Loss: 4.0868, Epsilon: 0.100
2026-03-17 04:25:57 | INFO | Episode  177 - Reward: -2.600, Length: 40, Loss: 2.2637, Epsilon: 0.100
2026-03-17 04:25:58 | INFO | Episode  178 - Reward: -7.850, Length: 40, Loss: 1.3960, Epsilon: 0.100
2026-03-17 04:25:59 | INFO | Episode  179 - Reward: -7.700, Length: 40, Loss: 3.0167, Epsilon: 0.100
2026-03-17 04:26:00 | INFO | Episode  180 - Reward: -7.550, Length: 40, Loss: 3.4431, Epsilon: 0.100
2026-03-17 04:26:01 | INFO | Episode  181 - Reward: -7.100, Length: 40, Loss: 1.5291, Epsilon: 0.100
2026-03-17 04:26:02 | INFO | Episode  182 - Reward: -7.400, Length: 40, Loss: 1.9614, Epsilon: 0.100
2026-03-17 04:26:03 | INFO | Episode  183 - Reward: -7.700, Length: 40, Loss: 3.3180, Epsilon: 0.100
2026-03-17 04:26:04 | INFO | Episode  184 - Reward: -8.000, Length: 40, Loss: 2.0399, Epsilon: 0.100
2026-03-17 04:26:05 | INFO | Episode  185 - Reward: -7.400, Length: 40, Loss: 2.1551, Epsilon: 0.100
2026-03-17 04:26:06 | INFO | Episode  186 - Reward: -7.400, Length: 40, Loss: 3.2408, Epsilon: 0.100
2026-03-17 04:26:07 | INFO | Episode  187 - Reward: -8.000, Length: 40, Loss: 0.2479, Epsilon: 0.100
2026-03-17 04:26:09 | INFO | Episode  188 - Reward: -3.050, Length: 40, Loss: 2.5020, Epsilon: 0.100
2026-03-17 04:26:10 | INFO | Episode  189 - Reward: -7.550, Length: 40, Loss: 5.7456, Epsilon: 0.100
2026-03-17 04:26:10 | INFO | Episode  190 - Reward: -6.650, Length: 40, Loss: 0.0274, Epsilon: 0.100
2026-03-17 04:26:11 | INFO | Episode  191 - Reward: -2.150, Length: 40, Loss: 3.6849, Epsilon: 0.100
2026-03-17 04:26:12 | INFO | Episode  192 - Reward: -7.250, Length: 40, Loss: 4.8555, Epsilon: 0.100
2026-03-17 04:26:13 | INFO | Episode  193 - Reward: -8.000, Length: 40, Loss: 2.3264, Epsilon: 0.100
2026-03-17 04:26:14 | INFO | Episode  194 - Reward: -7.250, Length: 40, Loss: 3.1642, Epsilon: 0.100
2026-03-17 04:26:15 | INFO | Episode  195 - Reward: -7.700, Length: 40, Loss: 2.0644, Epsilon: 0.100
2026-03-17 04:26:16 | INFO | Episode  196 - Reward: -7.400, Length: 40, Loss: 0.6877, Epsilon: 0.100
2026-03-17 04:26:18 | INFO | Episode  197 - Reward: -2.000, Length: 40, Loss: 1.2339, Epsilon: 0.100
2026-03-17 04:26:19 | INFO | Episode  198 - Reward: -6.950, Length: 40, Loss: 4.2924, Epsilon: 0.100
2026-03-17 04:26:20 | INFO | Episode  199 - Reward: -7.850, Length: 40, Loss: 2.5619, Epsilon: 0.100
2026-03-17 04:26:21 | INFO | Episode  200 - Reward: -7.250, Length: 40, Loss: 2.2402, Epsilon: 0.100
2026-03-17 04:26:36 | INFO | [Episode  200] eps=0.100  avg_reward=  -6.251  avg_length= 40.00  avg_loss=  2.6185  eval_success=0.000
2026-03-17 04:26:37 | INFO | Episode  201 - Reward: -7.250, Length: 40, Loss: 0.3593, Epsilon: 0.100
2026-03-17 04:26:38 | INFO | Episode  202 - Reward: -7.550, Length: 40, Loss: 1.9019, Epsilon: 0.100
2026-03-17 04:26:39 | INFO | Episode  203 - Reward: -2.300, Length: 40, Loss: 1.8887, Epsilon: 0.100
2026-03-17 04:26:40 | INFO | Episode  204 - Reward: -7.700, Length: 40, Loss: 1.2174, Epsilon: 0.100
2026-03-17 04:26:41 | INFO | Episode  205 - Reward: -7.550, Length: 40, Loss: 1.1834, Epsilon: 0.100
2026-03-17 04:26:42 | INFO | Episode  206 - Reward: -7.700, Length: 40, Loss: 0.5186, Epsilon: 0.100
2026-03-17 04:26:43 | INFO | Episode  207 - Reward: -2.150, Length: 40, Loss: 1.0819, Epsilon: 0.100
2026-03-17 04:26:44 | INFO | Episode  208 - Reward: -7.550, Length: 40, Loss: 1.7743, Epsilon: 0.100
2026-03-17 04:26:45 | INFO | Episode  209 - Reward: -2.300, Length: 40, Loss: 1.6435, Epsilon: 0.100
2026-03-17 04:26:46 | INFO | Episode  210 - Reward: -2.600, Length: 40, Loss: 0.5925, Epsilon: 0.100
2026-03-17 04:26:47 | INFO | Episode  211 - Reward: -7.400, Length: 40, Loss: 1.6322, Epsilon: 0.100
2026-03-17 04:26:48 | INFO | Episode  212 - Reward: -2.450, Length: 40, Loss: 0.9851, Epsilon: 0.100
2026-03-17 04:26:49 | INFO | Episode  213 - Reward: -7.850, Length: 40, Loss: 3.5682, Epsilon: 0.100
2026-03-17 04:26:50 | INFO | Episode  214 - Reward: -2.750, Length: 40, Loss: 0.6468, Epsilon: 0.100
2026-03-17 04:26:52 | INFO | Episode  215 - Reward: -2.450, Length: 40, Loss: 0.0344, Epsilon: 0.100
2026-03-17 04:26:53 | INFO | Episode  216 - Reward: -5.450, Length: 40, Loss: 1.9171, Epsilon: 0.100
2026-03-17 04:26:54 | INFO | Episode  217 - Reward: -7.550, Length: 40, Loss: 1.1421, Epsilon: 0.100
2026-03-17 04:26:55 | INFO | Episode  218 - Reward: -7.850, Length: 40, Loss: 2.7503, Epsilon: 0.100
2026-03-17 04:26:56 | INFO | Episode  219 - Reward: -7.700, Length: 40, Loss: 1.0574, Epsilon: 0.100
2026-03-17 04:26:57 | INFO | Episode  220 - Reward: -7.550, Length: 40, Loss: 1.3198, Epsilon: 0.100
2026-03-17 04:26:58 | INFO | Episode  221 - Reward: -7.250, Length: 40, Loss: 1.0669, Epsilon: 0.100
2026-03-17 04:26:59 | INFO | Episode  222 - Reward: -2.000, Length: 40, Loss: 2.2485, Epsilon: 0.100
2026-03-17 04:27:00 | INFO | Episode  223 - Reward: -2.000, Length: 40, Loss: 4.1706, Epsilon: 0.100
2026-03-17 04:27:01 | INFO | Episode  224 - Reward: -6.500, Length: 40, Loss: 0.5246, Epsilon: 0.100
2026-03-17 04:27:02 | INFO | Episode  225 - Reward: -4.550, Length: 40, Loss: 2.1839, Epsilon: 0.100
2026-03-17 04:27:04 | INFO | Episode  226 - Reward: -7.400, Length: 40, Loss: 1.5096, Epsilon: 0.100
2026-03-17 04:27:05 | INFO | Episode  227 - Reward: -8.000, Length: 40, Loss: 0.9812, Epsilon: 0.100
2026-03-17 04:27:06 | INFO | Episode  228 - Reward: -7.700, Length: 40, Loss: 0.5216, Epsilon: 0.100
2026-03-17 04:27:07 | INFO | Episode  229 - Reward: -2.150, Length: 40, Loss: 2.2559, Epsilon: 0.100
2026-03-17 04:27:08 | INFO | Episode  230 - Reward: -7.700, Length: 40, Loss: 1.7137, Epsilon: 0.100
2026-03-17 04:27:09 | INFO | Episode  231 - Reward: -8.000, Length: 40, Loss: 0.9803, Epsilon: 0.100
2026-03-17 04:27:10 | INFO | Episode  232 - Reward: -7.700, Length: 40, Loss: 2.7343, Epsilon: 0.100
2026-03-17 04:27:11 | INFO | Episode  233 - Reward: -8.000, Length: 40, Loss: 0.9881, Epsilon: 0.100
2026-03-17 04:27:12 | INFO | Episode  234 - Reward: -2.000, Length: 40, Loss: 0.8924, Epsilon: 0.100
2026-03-17 04:27:12 | INFO | Episode  235 - Reward: -2.300, Length: 40, Loss: 0.4885, Epsilon: 0.100
2026-03-17 04:27:13 | INFO | Episode  236 - Reward: -2.300, Length: 40, Loss: 0.9120, Epsilon: 0.100
2026-03-17 04:27:15 | INFO | Episode  237 - Reward: -2.150, Length: 40, Loss: 0.8382, Epsilon: 0.100
2026-03-17 04:27:16 | INFO | Episode  238 - Reward: -7.700, Length: 40, Loss: 2.4808, Epsilon: 0.100
2026-03-17 04:27:17 | INFO | Episode  239 - Reward: -2.450, Length: 40, Loss: 1.4746, Epsilon: 0.100
2026-03-17 04:27:17 | INFO | Episode  240 - Reward: -7.850, Length: 40, Loss: 1.2192, Epsilon: 0.100
2026-03-17 04:27:18 | INFO | Episode  241 - Reward: -7.700, Length: 40, Loss: 1.1224, Epsilon: 0.100
2026-03-17 04:27:19 | INFO | Episode  242 - Reward: -6.800, Length: 40, Loss: 0.7895, Epsilon: 0.100
2026-03-17 04:27:20 | INFO | Episode  243 - Reward: -5.750, Length: 40, Loss: 1.4925, Epsilon: 0.100
2026-03-17 04:27:21 | INFO | Episode  244 - Reward: -7.400, Length: 40, Loss: 1.1990, Epsilon: 0.100
2026-03-17 04:27:22 | INFO | Episode  245 - Reward: -7.400, Length: 40, Loss: 0.9815, Epsilon: 0.100
2026-03-17 04:27:23 | INFO | Episode  246 - Reward: -8.000, Length: 40, Loss: 1.3304, Epsilon: 0.100
2026-03-17 04:27:24 | INFO | Episode  247 - Reward: -6.800, Length: 40, Loss: 1.4541, Epsilon: 0.100
2026-03-17 04:27:25 | INFO | Episode  248 - Reward: -7.700, Length: 40, Loss: 0.9870, Epsilon: 0.100
2026-03-17 04:27:25 | INFO | Episode  249 - Reward: -6.800, Length: 40, Loss: 1.2871, Epsilon: 0.100
2026-03-17 04:27:26 | INFO | Episode  250 - Reward: -6.800, Length: 40, Loss: 2.9030, Epsilon: 0.100
2026-03-17 04:27:38 | INFO | [Episode  250] eps=0.100  avg_reward=  -5.810  avg_length= 40.00  avg_loss=  1.4189  eval_success=0.000
