2026-03-17 04:33:44 | INFO | ============================================================
2026-03-17 04:33:44 | INFO | DEVICE / COMPUTE INFORMATION
2026-03-17 04:33:44 | INFO |   JAX backend       : GPU
2026-03-17 04:33:44 | INFO |   Platform          : gpu
2026-03-17 04:33:44 | INFO |   Num devices       : 1
2026-03-17 04:33:44 | INFO |   Device            : cuda:0
2026-03-17 04:33:44 | INFO |   GPU name          : NVIDIA GeForce RTX 5060 Laptop GPU
2026-03-17 04:33:44 | INFO | ============================================================
2026-03-17 04:33:44 | INFO | ✓ JAX GPU backend confirmed.
2026-03-17 04:33:45 | INFO | DQN seed=3_gamma=0.99_lr=0.001
2026-03-17 04:33:46 | INFO | Episode    1 - Reward: -15.650, Length: 40, Loss: 0.0000, Epsilon: 0.991
2026-03-17 04:33:47 | INFO | Episode    2 - Reward: -5.900, Length: 40, Loss: 0.0000, Epsilon: 0.982
2026-03-17 04:33:50 | INFO | Episode    3 - Reward: -4.100, Length: 40, Loss: 0.1817, Epsilon: 0.973
2026-03-17 04:33:51 | INFO | Episode    4 - Reward: -6.650, Length: 40, Loss: 0.1017, Epsilon: 0.964
2026-03-17 04:33:52 | INFO | Episode    5 - Reward: -4.850, Length: 40, Loss: 0.0831, Epsilon: 0.955
2026-03-17 04:33:53 | INFO | Episode    6 - Reward: -5.900, Length: 40, Loss: 0.1345, Epsilon: 0.946
2026-03-17 04:33:54 | INFO | Episode    7 - Reward: 4.750, Length: 19, Loss: 0.0454, Epsilon: 0.937
2026-03-17 04:33:55 | INFO | Episode    8 - Reward: -4.100, Length: 40, Loss: 0.1734, Epsilon: 0.928
2026-03-17 04:33:56 | INFO | Episode    9 - Reward: -4.550, Length: 40, Loss: 0.0410, Epsilon: 0.919
2026-03-17 04:33:56 | INFO | Episode   10 - Reward: 8.150, Length: 17, Loss: 1.5252, Epsilon: 0.910
2026-03-17 04:33:57 | INFO | Episode   11 - Reward: -5.000, Length: 40, Loss: 1.5518, Epsilon: 0.901
2026-03-17 04:33:58 | INFO | Episode   12 - Reward: -4.400, Length: 40, Loss: 0.0435, Epsilon: 0.892
2026-03-17 04:33:59 | INFO | Episode   13 - Reward: -5.150, Length: 40, Loss: 0.0400, Epsilon: 0.883
2026-03-17 04:34:00 | INFO | Episode   14 - Reward: -5.900, Length: 40, Loss: 0.0406, Epsilon: 0.874
2026-03-17 04:34:01 | INFO | Episode   15 - Reward: 8.650, Length: 16, Loss: 0.0410, Epsilon: 0.865
2026-03-17 04:34:01 | INFO | Episode   16 - Reward: -4.700, Length: 40, Loss: 0.0386, Epsilon: 0.856
2026-03-17 04:34:02 | INFO | Episode   17 - Reward: 5.500, Length: 25, Loss: 0.0133, Epsilon: 0.847
2026-03-17 04:34:03 | INFO | Episode   18 - Reward: 6.750, Length: 30, Loss: 0.0118, Epsilon: 0.838
2026-03-17 04:34:04 | INFO | Episode   19 - Reward: 5.700, Length: 21, Loss: 0.8252, Epsilon: 0.829
2026-03-17 04:34:04 | INFO | Episode   20 - Reward: 7.850, Length: 29, Loss: 0.8558, Epsilon: 0.820
2026-03-17 04:34:05 | INFO | Episode   21 - Reward: -9.350, Length: 40, Loss: 2.3596, Epsilon: 0.811
2026-03-17 04:34:06 | INFO | Episode   22 - Reward: 8.050, Length: 22, Loss: 0.8377, Epsilon: 0.802
2026-03-17 04:34:07 | INFO | Episode   23 - Reward: 5.050, Length: 13, Loss: 0.1406, Epsilon: 0.793
2026-03-17 04:34:09 | INFO | Episode   24 - Reward: -4.850, Length: 40, Loss: 2.3840, Epsilon: 0.784
2026-03-17 04:34:10 | INFO | Episode   25 - Reward: -5.600, Length: 40, Loss: 0.8711, Epsilon: 0.775
2026-03-17 04:34:11 | INFO | Episode   26 - Reward: 2.450, Length: 32, Loss: 0.7902, Epsilon: 0.766
2026-03-17 04:34:12 | INFO | Episode   27 - Reward: -5.000, Length: 40, Loss: 0.8284, Epsilon: 0.757
2026-03-17 04:34:13 | INFO | Episode   28 - Reward: 7.100, Length: 14, Loss: 0.8470, Epsilon: 0.748
2026-03-17 04:34:14 | INFO | Episode   29 - Reward: -5.900, Length: 40, Loss: 1.5722, Epsilon: 0.739
2026-03-17 04:34:15 | INFO | Episode   30 - Reward: 5.500, Length: 28, Loss: 1.5633, Epsilon: 0.730
2026-03-17 04:34:17 | INFO | Episode   31 - Reward: 2.550, Length: 39, Loss: 1.4986, Epsilon: 0.721
2026-03-17 04:34:18 | INFO | Episode   32 - Reward: -5.600, Length: 40, Loss: 1.6281, Epsilon: 0.712
2026-03-17 04:34:19 | INFO | Episode   33 - Reward: -9.200, Length: 40, Loss: 2.3029, Epsilon: 0.703
2026-03-17 04:34:20 | INFO | Episode   34 - Reward: 9.250, Length: 10, Loss: 0.9168, Epsilon: 0.694
2026-03-17 04:34:21 | INFO | Episode   35 - Reward: 7.250, Length: 20, Loss: 3.0377, Epsilon: 0.685
2026-03-17 04:34:23 | INFO | Episode   36 - Reward: 3.300, Length: 36, Loss: 0.9049, Epsilon: 0.676
2026-03-17 04:34:24 | INFO | Episode   37 - Reward: 1.700, Length: 26, Loss: 2.2312, Epsilon: 0.667
2026-03-17 04:34:25 | INFO | Episode   38 - Reward: -5.750, Length: 40, Loss: 2.2292, Epsilon: 0.658
2026-03-17 04:34:26 | INFO | Episode   39 - Reward: -2.200, Length: 32, Loss: 2.9745, Epsilon: 0.649
2026-03-17 04:34:27 | INFO | Episode   40 - Reward: -6.050, Length: 40, Loss: 0.9281, Epsilon: 0.640
2026-03-17 04:34:28 | INFO | Episode   41 - Reward: -6.050, Length: 40, Loss: 2.1269, Epsilon: 0.631
2026-03-17 04:34:29 | INFO | Episode   42 - Reward: 2.850, Length: 36, Loss: 3.0237, Epsilon: 0.622
2026-03-17 04:34:30 | INFO | Episode   43 - Reward: 7.400, Length: 11, Loss: 0.7926, Epsilon: 0.613
2026-03-17 04:34:32 | INFO | Episode   44 - Reward: 3.000, Length: 18, Loss: 3.0751, Epsilon: 0.604
2026-03-17 04:34:33 | INFO | Episode   45 - Reward: -11.150, Length: 40, Loss: 2.2559, Epsilon: 0.595
2026-03-17 04:34:33 | INFO | Episode   46 - Reward: 6.250, Length: 31, Loss: 2.2346, Epsilon: 0.586
2026-03-17 04:34:34 | INFO | Episode   47 - Reward: -5.450, Length: 40, Loss: 0.1422, Epsilon: 0.577
2026-03-17 04:34:35 | INFO | Episode   48 - Reward: -6.500, Length: 40, Loss: 0.8244, Epsilon: 0.568
2026-03-17 04:34:36 | INFO | Episode   49 - Reward: -7.100, Length: 40, Loss: 1.4523, Epsilon: 0.559
2026-03-17 04:34:37 | INFO | Episode   50 - Reward: -9.350, Length: 40, Loss: 0.8867, Epsilon: 0.550
2026-03-17 04:34:54 | INFO | [Episode   50] eps=0.550  avg_reward=  -1.258  avg_length= 32.90  avg_loss=  1.0682  eval_success=0.000
2026-03-17 04:34:56 | INFO | Episode   51 - Reward: 4.350, Length: 21, Loss: 1.5185, Epsilon: 0.541
2026-03-17 04:34:57 | INFO | Episode   52 - Reward: 9.250, Length: 10, Loss: 2.2744, Epsilon: 0.532
2026-03-17 04:34:58 | INFO | Episode   53 - Reward: -4.250, Length: 40, Loss: 0.7692, Epsilon: 0.523
2026-03-17 04:34:59 | INFO | Episode   54 - Reward: 9.350, Length: 11, Loss: 1.5741, Epsilon: 0.514
2026-03-17 04:35:00 | INFO | Episode   55 - Reward: 4.700, Length: 29, Loss: 1.6001, Epsilon: 0.505
2026-03-17 04:35:01 | INFO | Episode   56 - Reward: -6.500, Length: 40, Loss: 0.8660, Epsilon: 0.496
2026-03-17 04:35:02 | INFO | Episode   57 - Reward: 8.950, Length: 13, Loss: 1.4218, Epsilon: 0.487
2026-03-17 04:35:03 | INFO | Episode   58 - Reward: -2.350, Length: 35, Loss: 1.6035, Epsilon: 0.478
2026-03-17 04:35:03 | INFO | Episode   59 - Reward: 1.650, Length: 36, Loss: 3.4516, Epsilon: 0.469
2026-03-17 04:35:05 | INFO | Episode   60 - Reward: 9.650, Length: 8, Loss: 0.9608, Epsilon: 0.460
2026-03-17 04:35:06 | INFO | Episode   61 - Reward: 1.050, Length: 36, Loss: 0.8301, Epsilon: 0.451
2026-03-17 04:35:07 | INFO | Episode   62 - Reward: 4.900, Length: 28, Loss: 2.1447, Epsilon: 0.442
2026-03-17 04:35:08 | INFO | Episode   63 - Reward: 5.900, Length: 20, Loss: 1.4945, Epsilon: 0.433
2026-03-17 04:35:09 | INFO | Episode   64 - Reward: 7.500, Length: 9, Loss: 2.3350, Epsilon: 0.424
2026-03-17 04:35:10 | INFO | Episode   65 - Reward: 5.200, Length: 22, Loss: 2.9623, Epsilon: 0.415
2026-03-17 04:35:11 | INFO | Episode   66 - Reward: -18.350, Length: 40, Loss: 1.5354, Epsilon: 0.406
2026-03-17 04:35:12 | INFO | Episode   67 - Reward: 3.900, Length: 33, Loss: 1.6019, Epsilon: 0.397
2026-03-17 04:35:13 | INFO | Episode   68 - Reward: -6.350, Length: 40, Loss: 3.6253, Epsilon: 0.388
2026-03-17 04:35:15 | INFO | Episode   69 - Reward: -0.300, Length: 36, Loss: 3.5713, Epsilon: 0.379
2026-03-17 04:35:16 | INFO | Episode   70 - Reward: 1.750, Length: 37, Loss: 0.7497, Epsilon: 0.370
2026-03-17 04:35:17 | INFO | Episode   71 - Reward: 5.900, Length: 17, Loss: 1.4969, Epsilon: 0.361
2026-03-17 04:35:18 | INFO | Episode   72 - Reward: 5.800, Length: 19, Loss: 1.5360, Epsilon: 0.352
2026-03-17 04:35:19 | INFO | Episode   73 - Reward: -8.300, Length: 40, Loss: 2.2920, Epsilon: 0.343
2026-03-17 04:35:20 | INFO | Episode   74 - Reward: -14.300, Length: 40, Loss: 0.9132, Epsilon: 0.334
2026-03-17 04:35:22 | INFO | Episode   75 - Reward: 6.700, Length: 13, Loss: 3.6909, Epsilon: 0.325
2026-03-17 04:35:23 | INFO | Episode   76 - Reward: -7.250, Length: 40, Loss: 1.6400, Epsilon: 0.316
2026-03-17 04:35:24 | INFO | Episode   77 - Reward: 4.700, Length: 23, Loss: 1.6587, Epsilon: 0.307
2026-03-17 04:35:25 | INFO | Episode   78 - Reward: 0.750, Length: 39, Loss: 3.7102, Epsilon: 0.298
2026-03-17 04:35:26 | INFO | Episode   79 - Reward: -3.450, Length: 39, Loss: 0.8064, Epsilon: 0.289
2026-03-17 04:35:27 | INFO | Episode   80 - Reward: 1.850, Length: 35, Loss: 1.5452, Epsilon: 0.280
2026-03-17 04:35:28 | INFO | Episode   81 - Reward: -9.650, Length: 40, Loss: 1.4987, Epsilon: 0.271
2026-03-17 04:35:29 | INFO | Episode   82 - Reward: 6.500, Length: 14, Loss: 0.8838, Epsilon: 0.262
2026-03-17 04:35:31 | INFO | Episode   83 - Reward: 6.500, Length: 14, Loss: 1.5084, Epsilon: 0.253
2026-03-17 04:35:32 | INFO | Episode   84 - Reward: -9.350, Length: 40, Loss: 2.2596, Epsilon: 0.244
2026-03-17 04:35:33 | INFO | Episode   85 - Reward: -7.700, Length: 40, Loss: 3.6833, Epsilon: 0.235
2026-03-17 04:35:34 | INFO | Episode   86 - Reward: 9.350, Length: 11, Loss: 1.3992, Epsilon: 0.226
2026-03-17 04:35:35 | INFO | Episode   87 - Reward: 9.550, Length: 10, Loss: 0.8451, Epsilon: 0.217
2026-03-17 04:35:35 | INFO | Episode   88 - Reward: 9.350, Length: 11, Loss: 0.8511, Epsilon: 0.208
2026-03-17 04:35:36 | INFO | Episode   89 - Reward: 9.650, Length: 8, Loss: 1.5206, Epsilon: 0.199
2026-03-17 04:35:37 | INFO | Episode   90 - Reward: 9.450, Length: 9, Loss: 0.7890, Epsilon: 0.190
2026-03-17 04:35:39 | INFO | Episode   91 - Reward: 9.050, Length: 11, Loss: 2.2392, Epsilon: 0.181
2026-03-17 04:35:40 | INFO | Episode   92 - Reward: 6.100, Length: 19, Loss: 0.8408, Epsilon: 0.172
2026-03-17 04:35:41 | INFO | Episode   93 - Reward: -9.500, Length: 40, Loss: 3.5586, Epsilon: 0.163
2026-03-17 04:35:42 | INFO | Episode   94 - Reward: 9.450, Length: 9, Loss: 2.9690, Epsilon: 0.154
2026-03-17 04:35:43 | INFO | Episode   95 - Reward: 9.650, Length: 8, Loss: 2.3317, Epsilon: 0.145
2026-03-17 04:35:44 | INFO | Episode   96 - Reward: 9.450, Length: 9, Loss: 2.8925, Epsilon: 0.136
2026-03-17 04:35:45 | INFO | Episode   97 - Reward: 9.450, Length: 9, Loss: 0.2220, Epsilon: 0.127
2026-03-17 04:35:46 | INFO | Episode   98 - Reward: 5.950, Length: 28, Loss: 1.5574, Epsilon: 0.118
2026-03-17 04:35:47 | INFO | Episode   99 - Reward: 4.650, Length: 36, Loss: 3.4746, Epsilon: 0.109
2026-03-17 04:35:49 | INFO | Episode  100 - Reward: 9.350, Length: 11, Loss: 1.4973, Epsilon: 0.100
2026-03-17 04:36:05 | INFO | [Episode  100] eps=0.100  avg_reward=   2.593  avg_length= 24.52  avg_loss=  1.8600  eval_success=0.000
2026-03-17 04:36:06 | INFO | Episode  101 - Reward: -6.800, Length: 40, Loss: 2.9563, Epsilon: 0.100
2026-03-17 04:36:06 | INFO | Episode  102 - Reward: -7.400, Length: 40, Loss: 1.4672, Epsilon: 0.100
2026-03-17 04:36:07 | INFO | Episode  103 - Reward: -7.100, Length: 40, Loss: 4.8947, Epsilon: 0.100
2026-03-17 04:36:09 | INFO | Episode  104 - Reward: -7.400, Length: 40, Loss: 0.7995, Epsilon: 0.100
2026-03-17 04:36:10 | INFO | Episode  105 - Reward: -6.800, Length: 40, Loss: 2.1803, Epsilon: 0.100
2026-03-17 04:36:11 | INFO | Episode  106 - Reward: 9.650, Length: 8, Loss: 4.9596, Epsilon: 0.100
2026-03-17 04:36:12 | INFO | Episode  107 - Reward: 9.050, Length: 11, Loss: 1.5504, Epsilon: 0.100
2026-03-17 04:36:13 | INFO | Episode  108 - Reward: -7.100, Length: 40, Loss: 1.5043, Epsilon: 0.100
2026-03-17 04:36:14 | INFO | Episode  109 - Reward: -7.400, Length: 40, Loss: 2.9346, Epsilon: 0.100
2026-03-17 04:36:15 | INFO | Episode  110 - Reward: -7.400, Length: 40, Loss: 1.4241, Epsilon: 0.100
2026-03-17 04:36:16 | INFO | Episode  111 - Reward: 7.250, Length: 20, Loss: 2.9439, Epsilon: 0.100
2026-03-17 04:36:17 | INFO | Episode  112 - Reward: 7.150, Length: 22, Loss: 2.1329, Epsilon: 0.100
2026-03-17 04:36:19 | INFO | Episode  113 - Reward: -6.800, Length: 40, Loss: 0.8442, Epsilon: 0.100
2026-03-17 04:36:20 | INFO | Episode  114 - Reward: 5.850, Length: 27, Loss: 3.4218, Epsilon: 0.100
2026-03-17 04:36:21 | INFO | Episode  115 - Reward: -6.500, Length: 40, Loss: 1.3685, Epsilon: 0.100
2026-03-17 04:36:22 | INFO | Episode  116 - Reward: -6.650, Length: 40, Loss: 0.7725, Epsilon: 0.100
2026-03-17 04:36:23 | INFO | Episode  117 - Reward: 9.450, Length: 9, Loss: 2.1451, Epsilon: 0.100
2026-03-17 04:36:24 | INFO | Episode  118 - Reward: 9.650, Length: 8, Loss: 1.4594, Epsilon: 0.100
2026-03-17 04:36:25 | INFO | Episode  119 - Reward: 9.650, Length: 8, Loss: 0.0964, Epsilon: 0.100
2026-03-17 04:36:27 | INFO | Episode  120 - Reward: 9.550, Length: 10, Loss: 1.4227, Epsilon: 0.100
2026-03-17 04:36:28 | INFO | Episode  121 - Reward: 9.550, Length: 10, Loss: 2.7341, Epsilon: 0.100
2026-03-17 04:36:29 | INFO | Episode  122 - Reward: 9.450, Length: 9, Loss: 2.8492, Epsilon: 0.100
2026-03-17 04:36:30 | INFO | Episode  123 - Reward: 5.200, Length: 22, Loss: 1.4784, Epsilon: 0.100
2026-03-17 04:36:31 | INFO | Episode  124 - Reward: 9.150, Length: 15, Loss: 1.5937, Epsilon: 0.100
2026-03-17 04:36:32 | INFO | Episode  125 - Reward: -7.850, Length: 40, Loss: 1.4173, Epsilon: 0.100
2026-03-17 04:36:33 | INFO | Episode  126 - Reward: 9.550, Length: 10, Loss: 1.4103, Epsilon: 0.100
2026-03-17 04:36:34 | INFO | Episode  127 - Reward: -8.150, Length: 40, Loss: 1.4846, Epsilon: 0.100
2026-03-17 04:36:35 | INFO | Episode  128 - Reward: 9.650, Length: 8, Loss: 2.0318, Epsilon: 0.100
2026-03-17 04:36:35 | INFO | Episode  129 - Reward: 9.650, Length: 8, Loss: 1.4020, Epsilon: 0.100
2026-03-17 04:36:36 | INFO | Episode  130 - Reward: 9.550, Length: 10, Loss: 3.3189, Epsilon: 0.100
2026-03-17 04:36:37 | INFO | Episode  131 - Reward: 9.650, Length: 8, Loss: 0.8291, Epsilon: 0.100
2026-03-17 04:36:38 | INFO | Episode  132 - Reward: 9.550, Length: 10, Loss: 4.1590, Epsilon: 0.100
2026-03-17 04:36:38 | INFO | Episode  133 - Reward: 9.650, Length: 8, Loss: 3.9584, Epsilon: 0.100
2026-03-17 04:36:39 | INFO | Episode  134 - Reward: 9.450, Length: 9, Loss: 1.4796, Epsilon: 0.100
2026-03-17 04:36:40 | INFO | Episode  135 - Reward: 9.450, Length: 9, Loss: 4.6519, Epsilon: 0.100
2026-03-17 04:36:41 | INFO | Episode  136 - Reward: 9.650, Length: 8, Loss: 2.0417, Epsilon: 0.100
2026-03-17 04:36:42 | INFO | Episode  137 - Reward: -8.450, Length: 40, Loss: 2.0559, Epsilon: 0.100
2026-03-17 04:36:42 | INFO | Episode  138 - Reward: 2.450, Length: 26, Loss: 2.6968, Epsilon: 0.100
2026-03-17 04:36:43 | INFO | Episode  139 - Reward: -8.600, Length: 40, Loss: 1.4985, Epsilon: 0.100
2026-03-17 04:36:44 | INFO | Episode  140 - Reward: -10.250, Length: 40, Loss: 2.6017, Epsilon: 0.100
2026-03-17 04:36:45 | INFO | Episode  141 - Reward: 6.500, Length: 14, Loss: 2.7504, Epsilon: 0.100
2026-03-17 04:36:46 | INFO | Episode  142 - Reward: 2.950, Length: 25, Loss: 2.5796, Epsilon: 0.100
2026-03-17 04:36:47 | INFO | Episode  143 - Reward: -8.900, Length: 40, Loss: 3.2011, Epsilon: 0.100
2026-03-17 04:36:48 | INFO | Episode  144 - Reward: 3.100, Length: 31, Loss: 2.5888, Epsilon: 0.100
2026-03-17 04:36:49 | INFO | Episode  145 - Reward: -8.450, Length: 40, Loss: 3.2223, Epsilon: 0.100
2026-03-17 04:36:49 | INFO | Episode  146 - Reward: -8.600, Length: 40, Loss: 0.7263, Epsilon: 0.100
2026-03-17 04:36:50 | INFO | Episode  147 - Reward: 4.650, Length: 15, Loss: 0.7434, Epsilon: 0.100
2026-03-17 04:36:51 | INFO | Episode  148 - Reward: -10.100, Length: 40, Loss: 2.6217, Epsilon: 0.100
2026-03-17 04:36:52 | INFO | Episode  149 - Reward: 7.500, Length: 9, Loss: 3.9243, Epsilon: 0.100
2026-03-17 04:36:53 | INFO | Episode  150 - Reward: 5.900, Length: 17, Loss: 2.6277, Epsilon: 0.100
2026-03-17 04:37:06 | INFO | [Episode  150] eps=0.100  avg_reward=   1.655  avg_length= 24.08  avg_loss=  2.2391  eval_success=0.000
2026-03-17 04:37:06 | INFO | Episode  151 - Reward: -13.850, Length: 40, Loss: 3.2167, Epsilon: 0.100
2026-03-17 04:37:07 | INFO | Episode  152 - Reward: -8.300, Length: 40, Loss: 2.1281, Epsilon: 0.100
2026-03-17 04:37:08 | INFO | Episode  153 - Reward: -8.450, Length: 40, Loss: 5.0884, Epsilon: 0.100
2026-03-17 04:37:09 | INFO | Episode  154 - Reward: 9.650, Length: 8, Loss: 1.4862, Epsilon: 0.100
2026-03-17 04:37:09 | INFO | Episode  155 - Reward: -8.750, Length: 40, Loss: 1.3440, Epsilon: 0.100
2026-03-17 04:37:10 | INFO | Episode  156 - Reward: -8.900, Length: 40, Loss: 2.0071, Epsilon: 0.100
2026-03-17 04:37:11 | INFO | Episode  157 - Reward: 9.550, Length: 10, Loss: 2.5243, Epsilon: 0.100
2026-03-17 04:37:12 | INFO | Episode  158 - Reward: 0.050, Length: 38, Loss: 4.3338, Epsilon: 0.100
2026-03-17 04:37:13 | INFO | Episode  159 - Reward: 2.300, Length: 35, Loss: 1.2970, Epsilon: 0.100
2026-03-17 04:37:13 | INFO | Episode  160 - Reward: -6.950, Length: 40, Loss: 0.8581, Epsilon: 0.100
2026-03-17 04:37:14 | INFO | Episode  161 - Reward: -8.000, Length: 40, Loss: 0.7413, Epsilon: 0.100
2026-03-17 04:37:15 | INFO | Episode  162 - Reward: -8.150, Length: 40, Loss: 0.1494, Epsilon: 0.100
2026-03-17 04:37:16 | INFO | Episode  163 - Reward: -8.750, Length: 40, Loss: 3.4486, Epsilon: 0.100
2026-03-17 04:37:17 | INFO | Episode  164 - Reward: 9.650, Length: 8, Loss: 1.9514, Epsilon: 0.100
2026-03-17 04:37:18 | INFO | Episode  165 - Reward: 9.450, Length: 9, Loss: 3.0964, Epsilon: 0.100
2026-03-17 04:37:19 | INFO | Episode  166 - Reward: 2.700, Length: 36, Loss: 0.0649, Epsilon: 0.100
2026-03-17 04:37:20 | INFO | Episode  167 - Reward: 9.650, Length: 8, Loss: 1.3262, Epsilon: 0.100
2026-03-17 04:37:20 | INFO | Episode  168 - Reward: 3.700, Length: 28, Loss: 1.4052, Epsilon: 0.100
2026-03-17 04:37:22 | INFO | Episode  169 - Reward: 9.650, Length: 8, Loss: 1.9418, Epsilon: 0.100
2026-03-17 04:37:23 | INFO | Episode  170 - Reward: 3.100, Length: 34, Loss: 2.6903, Epsilon: 0.100
2026-03-17 04:37:24 | INFO | Episode  171 - Reward: -8.900, Length: 40, Loss: 3.6782, Epsilon: 0.100
2026-03-17 04:37:25 | INFO | Episode  172 - Reward: -8.450, Length: 40, Loss: 3.0114, Epsilon: 0.100
2026-03-17 04:37:26 | INFO | Episode  173 - Reward: -8.750, Length: 40, Loss: 2.9112, Epsilon: 0.100
2026-03-17 04:37:27 | INFO | Episode  174 - Reward: -8.450, Length: 40, Loss: 1.3175, Epsilon: 0.100
2026-03-17 04:37:29 | INFO | Episode  175 - Reward: 9.650, Length: 8, Loss: 2.4627, Epsilon: 0.100
2026-03-17 04:37:30 | INFO | Episode  176 - Reward: 0.400, Length: 28, Loss: 0.1328, Epsilon: 0.100
2026-03-17 04:37:31 | INFO | Episode  177 - Reward: -10.100, Length: 40, Loss: 2.5581, Epsilon: 0.100
2026-03-17 04:37:32 | INFO | Episode  178 - Reward: 7.700, Length: 8, Loss: 0.7875, Epsilon: 0.100
2026-03-17 04:37:33 | INFO | Episode  179 - Reward: 3.450, Length: 21, Loss: 3.7049, Epsilon: 0.100
2026-03-17 04:37:34 | INFO | Episode  180 - Reward: 7.700, Length: 8, Loss: 3.5927, Epsilon: 0.100
2026-03-17 04:37:35 | INFO | Episode  181 - Reward: 6.300, Length: 15, Loss: 3.6308, Epsilon: 0.100
2026-03-17 04:37:36 | INFO | Episode  182 - Reward: -10.250, Length: 40, Loss: 3.0102, Epsilon: 0.100
2026-03-17 04:37:38 | INFO | Episode  183 - Reward: -11.450, Length: 40, Loss: 1.9182, Epsilon: 0.100
2026-03-17 04:37:39 | INFO | Episode  184 - Reward: -8.900, Length: 40, Loss: 1.2872, Epsilon: 0.100
2026-03-17 04:37:40 | INFO | Episode  185 - Reward: 3.050, Length: 23, Loss: 0.6680, Epsilon: 0.100
2026-03-17 04:37:41 | INFO | Episode  186 - Reward: -10.250, Length: 40, Loss: 3.4691, Epsilon: 0.100
2026-03-17 04:37:41 | INFO | Episode  187 - Reward: -7.250, Length: 40, Loss: 3.5183, Epsilon: 0.100
2026-03-17 04:37:43 | INFO | Episode  188 - Reward: 6.450, Length: 24, Loss: 1.9178, Epsilon: 0.100
2026-03-17 04:37:44 | INFO | Episode  189 - Reward: -8.600, Length: 40, Loss: 3.0581, Epsilon: 0.100
2026-03-17 04:37:45 | INFO | Episode  190 - Reward: 7.100, Length: 11, Loss: 1.8108, Epsilon: 0.100
2026-03-17 04:37:46 | INFO | Episode  191 - Reward: 4.100, Length: 26, Loss: 2.0180, Epsilon: 0.100
2026-03-17 04:37:47 | INFO | Episode  192 - Reward: -7.550, Length: 40, Loss: 3.5125, Epsilon: 0.100
2026-03-17 04:37:48 | INFO | Episode  193 - Reward: -6.950, Length: 40, Loss: 1.2247, Epsilon: 0.100
2026-03-17 04:37:49 | INFO | Episode  194 - Reward: 5.500, Length: 19, Loss: 1.8431, Epsilon: 0.100
2026-03-17 04:37:50 | INFO | Episode  195 - Reward: -8.300, Length: 40, Loss: 1.3338, Epsilon: 0.100
2026-03-17 04:37:52 | INFO | Episode  196 - Reward: 6.900, Length: 12, Loss: 0.6831, Epsilon: 0.100
2026-03-17 04:37:53 | INFO | Episode  197 - Reward: -8.900, Length: 40, Loss: 3.0462, Epsilon: 0.100
2026-03-17 04:37:54 | INFO | Episode  198 - Reward: -11.750, Length: 40, Loss: 1.2823, Epsilon: 0.100
2026-03-17 04:37:55 | INFO | Episode  199 - Reward: -7.850, Length: 40, Loss: 2.4704, Epsilon: 0.100
2026-03-17 04:37:56 | INFO | Episode  200 - Reward: 9.650, Length: 8, Loss: 2.9093, Epsilon: 0.100
2026-03-17 04:38:12 | INFO | [Episode  200] eps=0.100  avg_reward=  -1.707  avg_length= 29.46  avg_loss=  2.1974  eval_success=0.000
2026-03-17 04:38:13 | INFO | Episode  201 - Reward: 9.550, Length: 10, Loss: 1.2508, Epsilon: 0.100
2026-03-17 04:38:14 | INFO | Episode  202 - Reward: 5.700, Length: 18, Loss: 2.9319, Epsilon: 0.100
2026-03-17 04:38:15 | INFO | Episode  203 - Reward: 7.500, Length: 9, Loss: 0.8102, Epsilon: 0.100
2026-03-17 04:38:16 | INFO | Episode  204 - Reward: -8.150, Length: 40, Loss: 4.6950, Epsilon: 0.100
2026-03-17 04:38:18 | INFO | Episode  205 - Reward: -8.600, Length: 40, Loss: 1.4508, Epsilon: 0.100
2026-03-17 04:38:19 | INFO | Episode  206 - Reward: 9.350, Length: 11, Loss: 2.9876, Epsilon: 0.100
2026-03-17 04:38:20 | INFO | Episode  207 - Reward: 9.450, Length: 9, Loss: 1.2516, Epsilon: 0.100
2026-03-17 04:38:21 | INFO | Episode  208 - Reward: -7.550, Length: 40, Loss: 0.1318, Epsilon: 0.100
2026-03-17 04:38:22 | INFO | Episode  209 - Reward: 9.650, Length: 8, Loss: 1.2396, Epsilon: 0.100
2026-03-17 04:38:23 | INFO | Episode  210 - Reward: 9.650, Length: 8, Loss: 2.4303, Epsilon: 0.100
2026-03-17 04:38:24 | INFO | Episode  211 - Reward: 9.650, Length: 8, Loss: 1.7982, Epsilon: 0.100
2026-03-17 04:38:26 | INFO | Episode  212 - Reward: 9.650, Length: 8, Loss: 1.2400, Epsilon: 0.100
2026-03-17 04:38:27 | INFO | Episode  213 - Reward: -7.400, Length: 40, Loss: 2.4488, Epsilon: 0.100
2026-03-17 04:38:28 | INFO | Episode  214 - Reward: -6.950, Length: 40, Loss: 3.0297, Epsilon: 0.100
2026-03-17 04:38:29 | INFO | Episode  215 - Reward: -7.100, Length: 40, Loss: 1.8768, Epsilon: 0.100
2026-03-17 04:38:30 | INFO | Episode  216 - Reward: -5.900, Length: 40, Loss: 1.3106, Epsilon: 0.100
2026-03-17 04:38:31 | INFO | Episode  217 - Reward: -6.950, Length: 40, Loss: 1.7931, Epsilon: 0.100
2026-03-17 04:38:33 | INFO | Episode  218 - Reward: -6.800, Length: 40, Loss: 1.3183, Epsilon: 0.100
2026-03-17 04:38:34 | INFO | Episode  219 - Reward: -7.400, Length: 40, Loss: 0.6448, Epsilon: 0.100
2026-03-17 04:38:35 | INFO | Episode  220 - Reward: -6.650, Length: 40, Loss: 2.3477, Epsilon: 0.100
2026-03-17 04:38:36 | INFO | Episode  221 - Reward: -7.250, Length: 40, Loss: 1.2984, Epsilon: 0.100
2026-03-17 04:38:37 | INFO | Episode  222 - Reward: -6.200, Length: 40, Loss: 0.7935, Epsilon: 0.100
2026-03-17 04:38:38 | INFO | Episode  223 - Reward: -7.400, Length: 40, Loss: 1.3251, Epsilon: 0.100
2026-03-17 04:38:39 | INFO | Episode  224 - Reward: -6.800, Length: 40, Loss: 0.1397, Epsilon: 0.100
2026-03-17 04:38:41 | INFO | Episode  225 - Reward: -6.350, Length: 40, Loss: 0.1072, Epsilon: 0.100
2026-03-17 04:38:42 | INFO | Episode  226 - Reward: -6.800, Length: 40, Loss: 1.2918, Epsilon: 0.100
2026-03-17 04:38:43 | INFO | Episode  227 - Reward: -6.800, Length: 40, Loss: 1.8988, Epsilon: 0.100
2026-03-17 04:38:44 | INFO | Episode  228 - Reward: -7.100, Length: 40, Loss: 1.2793, Epsilon: 0.100
2026-03-17 04:38:44 | INFO | Episode  229 - Reward: -7.100, Length: 40, Loss: 2.4945, Epsilon: 0.100
2026-03-17 04:38:46 | INFO | Episode  230 - Reward: -6.950, Length: 40, Loss: 0.2187, Epsilon: 0.100
2026-03-17 04:38:47 | INFO | Episode  231 - Reward: -7.100, Length: 40, Loss: 0.1403, Epsilon: 0.100
2026-03-17 04:38:48 | INFO | Episode  232 - Reward: -6.800, Length: 40, Loss: 1.9051, Epsilon: 0.100
2026-03-17 04:38:49 | INFO | Episode  233 - Reward: -6.800, Length: 40, Loss: 0.1646, Epsilon: 0.100
2026-03-17 04:38:50 | INFO | Episode  234 - Reward: -7.250, Length: 40, Loss: 0.1770, Epsilon: 0.100
2026-03-17 04:38:51 | INFO | Episode  235 - Reward: -6.800, Length: 40, Loss: 0.7544, Epsilon: 0.100
2026-03-17 04:38:53 | INFO | Episode  236 - Reward: -7.100, Length: 40, Loss: 0.1727, Epsilon: 0.100
2026-03-17 04:38:54 | INFO | Episode  237 - Reward: -7.100, Length: 40, Loss: 1.4367, Epsilon: 0.100
2026-03-17 04:38:55 | INFO | Episode  238 - Reward: -7.100, Length: 40, Loss: 0.7245, Epsilon: 0.100
2026-03-17 04:38:56 | INFO | Episode  239 - Reward: -6.650, Length: 40, Loss: 0.2144, Epsilon: 0.100
2026-03-17 04:38:57 | INFO | Episode  240 - Reward: -6.800, Length: 40, Loss: 0.0978, Epsilon: 0.100
2026-03-17 04:38:58 | INFO | Episode  241 - Reward: -7.400, Length: 40, Loss: 0.6920, Epsilon: 0.100
2026-03-17 04:38:59 | INFO | Episode  242 - Reward: -6.350, Length: 40, Loss: 0.7165, Epsilon: 0.100
2026-03-17 04:39:00 | INFO | Episode  243 - Reward: -6.500, Length: 40, Loss: 0.6793, Epsilon: 0.100
2026-03-17 04:39:01 | INFO | Episode  244 - Reward: -7.100, Length: 40, Loss: 0.7043, Epsilon: 0.100
2026-03-17 04:39:03 | INFO | Episode  245 - Reward: -7.400, Length: 40, Loss: 0.6967, Epsilon: 0.100
2026-03-17 04:39:04 | INFO | Episode  246 - Reward: -8.000, Length: 40, Loss: 1.3221, Epsilon: 0.100
2026-03-17 04:39:05 | INFO | Episode  247 - Reward: -7.550, Length: 40, Loss: 0.7019, Epsilon: 0.100
2026-03-17 04:39:06 | INFO | Episode  248 - Reward: -7.400, Length: 40, Loss: 1.2738, Epsilon: 0.100
2026-03-17 04:39:07 | INFO | Episode  249 - Reward: -7.550, Length: 40, Loss: 1.2255, Epsilon: 0.100
2026-03-17 04:39:09 | INFO | Episode  250 - Reward: -7.250, Length: 40, Loss: 0.1812, Epsilon: 0.100
2026-03-17 04:39:20 | INFO | [Episode  250] eps=0.100  avg_reward=  -4.201  avg_length= 34.58  avg_loss=  1.2363  eval_success=0.000
