2026-03-17 04:28:37 | INFO | ============================================================
2026-03-17 04:28:37 | INFO | DEVICE / COMPUTE INFORMATION
2026-03-17 04:28:37 | INFO |   JAX backend       : GPU
2026-03-17 04:28:37 | INFO |   Platform          : gpu
2026-03-17 04:28:37 | INFO |   Num devices       : 1
2026-03-17 04:28:37 | INFO |   Device            : cuda:0
2026-03-17 04:28:37 | INFO |   GPU name          : NVIDIA GeForce RTX 5060 Laptop GPU
2026-03-17 04:28:37 | INFO | ============================================================
2026-03-17 04:28:37 | INFO | ✓ JAX GPU backend confirmed.
2026-03-17 04:28:38 | INFO | DQN seed=3_gamma=0.99_lr=0.01
2026-03-17 04:28:40 | INFO | Episode    1 - Reward: -15.650, Length: 40, Loss: 0.0000, Epsilon: 0.991
2026-03-17 04:28:41 | INFO | Episode    2 - Reward: -5.900, Length: 40, Loss: 0.0000, Epsilon: 0.982
2026-03-17 04:28:46 | INFO | Episode    3 - Reward: -4.100, Length: 40, Loss: 0.1795, Epsilon: 0.973
2026-03-17 04:28:47 | INFO | Episode    4 - Reward: -6.650, Length: 40, Loss: 0.0991, Epsilon: 0.964
2026-03-17 04:28:47 | INFO | Episode    5 - Reward: -4.850, Length: 40, Loss: 0.0829, Epsilon: 0.955
2026-03-17 04:28:48 | INFO | Episode    6 - Reward: -5.900, Length: 40, Loss: 0.1292, Epsilon: 0.946
2026-03-17 04:28:49 | INFO | Episode    7 - Reward: 4.750, Length: 19, Loss: 0.0375, Epsilon: 0.937
2026-03-17 04:28:51 | INFO | Episode    8 - Reward: -4.100, Length: 40, Loss: 0.1734, Epsilon: 0.928
2026-03-17 04:28:52 | INFO | Episode    9 - Reward: -4.550, Length: 40, Loss: 0.0389, Epsilon: 0.919
2026-03-17 04:28:53 | INFO | Episode   10 - Reward: 8.150, Length: 17, Loss: 1.5792, Epsilon: 0.910
2026-03-17 04:28:54 | INFO | Episode   11 - Reward: -5.000, Length: 40, Loss: 1.5712, Epsilon: 0.901
2026-03-17 04:28:55 | INFO | Episode   12 - Reward: -3.800, Length: 40, Loss: 0.0495, Epsilon: 0.892
2026-03-17 04:28:56 | INFO | Episode   13 - Reward: -5.150, Length: 40, Loss: 0.0374, Epsilon: 0.883
2026-03-17 04:28:57 | INFO | Episode   14 - Reward: -5.900, Length: 40, Loss: 0.0361, Epsilon: 0.874
2026-03-17 04:28:58 | INFO | Episode   15 - Reward: 8.650, Length: 16, Loss: 0.0373, Epsilon: 0.865
2026-03-17 04:28:59 | INFO | Episode   16 - Reward: -3.500, Length: 40, Loss: 0.0360, Epsilon: 0.856
2026-03-17 04:29:00 | INFO | Episode   17 - Reward: 7.850, Length: 23, Loss: 0.8469, Epsilon: 0.847
2026-03-17 04:29:01 | INFO | Episode   18 - Reward: 6.750, Length: 30, Loss: 0.7801, Epsilon: 0.838
2026-03-17 04:29:02 | INFO | Episode   19 - Reward: 5.700, Length: 21, Loss: 0.7680, Epsilon: 0.829
2026-03-17 04:29:03 | INFO | Episode   20 - Reward: 7.850, Length: 29, Loss: 0.8482, Epsilon: 0.820
2026-03-17 04:29:04 | INFO | Episode   21 - Reward: -9.350, Length: 40, Loss: 2.3557, Epsilon: 0.811
2026-03-17 04:29:05 | INFO | Episode   22 - Reward: 8.050, Length: 22, Loss: 2.8584, Epsilon: 0.802
2026-03-17 04:29:07 | INFO | Episode   23 - Reward: 6.150, Length: 33, Loss: 1.4933, Epsilon: 0.793
2026-03-17 04:29:08 | INFO | Episode   24 - Reward: -4.700, Length: 40, Loss: 1.9449, Epsilon: 0.784
2026-03-17 04:29:09 | INFO | Episode   25 - Reward: -6.950, Length: 40, Loss: 0.1548, Epsilon: 0.775
2026-03-17 04:29:10 | INFO | Episode   26 - Reward: -6.500, Length: 40, Loss: 0.8223, Epsilon: 0.766
2026-03-17 04:29:11 | INFO | Episode   27 - Reward: -5.000, Length: 40, Loss: 1.3113, Epsilon: 0.757
2026-03-17 04:29:12 | INFO | Episode   28 - Reward: 2.950, Length: 34, Loss: 0.6867, Epsilon: 0.748
2026-03-17 04:29:13 | INFO | Episode   29 - Reward: -5.900, Length: 40, Loss: 0.8534, Epsilon: 0.739
2026-03-17 04:29:14 | INFO | Episode   30 - Reward: 5.500, Length: 28, Loss: 0.1222, Epsilon: 0.730
2026-03-17 04:29:15 | INFO | Episode   31 - Reward: 7.650, Length: 30, Loss: 0.6727, Epsilon: 0.721
2026-03-17 04:29:16 | INFO | Episode   32 - Reward: -5.300, Length: 40, Loss: 1.3801, Epsilon: 0.712
2026-03-17 04:29:17 | INFO | Episode   33 - Reward: -9.200, Length: 40, Loss: 0.7781, Epsilon: 0.703
2026-03-17 04:29:18 | INFO | Episode   34 - Reward: 9.250, Length: 10, Loss: 1.9050, Epsilon: 0.694
2026-03-17 04:29:19 | INFO | Episode   35 - Reward: 7.250, Length: 20, Loss: 2.0428, Epsilon: 0.685
2026-03-17 04:29:20 | INFO | Episode   36 - Reward: 3.600, Length: 36, Loss: 1.9492, Epsilon: 0.676
2026-03-17 04:29:21 | INFO | Episode   37 - Reward: -9.800, Length: 40, Loss: 0.1569, Epsilon: 0.667
2026-03-17 04:29:22 | INFO | Episode   38 - Reward: -5.750, Length: 40, Loss: 0.6786, Epsilon: 0.658
2026-03-17 04:29:23 | INFO | Episode   39 - Reward: -2.500, Length: 32, Loss: 0.7407, Epsilon: 0.649
2026-03-17 04:29:24 | INFO | Episode   40 - Reward: -6.050, Length: 40, Loss: 0.6336, Epsilon: 0.640
2026-03-17 04:29:25 | INFO | Episode   41 - Reward: -9.650, Length: 40, Loss: 1.2098, Epsilon: 0.631
2026-03-17 04:29:26 | INFO | Episode   42 - Reward: 3.750, Length: 30, Loss: 0.7994, Epsilon: 0.622
2026-03-17 04:29:27 | INFO | Episode   43 - Reward: 9.150, Length: 12, Loss: 1.1710, Epsilon: 0.613
2026-03-17 04:29:28 | INFO | Episode   44 - Reward: 3.000, Length: 18, Loss: 1.6831, Epsilon: 0.604
2026-03-17 04:29:29 | INFO | Episode   45 - Reward: 5.800, Length: 22, Loss: 0.7199, Epsilon: 0.595
2026-03-17 04:29:31 | INFO | Episode   46 - Reward: -6.500, Length: 40, Loss: 1.2916, Epsilon: 0.586
2026-03-17 04:29:32 | INFO | Episode   47 - Reward: -4.550, Length: 40, Loss: 1.7367, Epsilon: 0.577
2026-03-17 04:29:33 | INFO | Episode   48 - Reward: -5.900, Length: 40, Loss: 1.1259, Epsilon: 0.568
2026-03-17 04:29:34 | INFO | Episode   49 - Reward: 7.400, Length: 11, Loss: 1.2029, Epsilon: 0.559
2026-03-17 04:29:35 | INFO | Episode   50 - Reward: -9.500, Length: 40, Loss: 0.1831, Epsilon: 0.550
2026-03-17 04:29:51 | INFO | [Episode   50] eps=0.550  avg_reward=  -1.179  avg_length= 33.06  avg_loss=  0.8399  eval_success=0.000
2026-03-17 04:29:52 | INFO | Episode   51 - Reward: -4.850, Length: 40, Loss: 0.1202, Epsilon: 0.541
2026-03-17 04:29:53 | INFO | Episode   52 - Reward: -6.050, Length: 40, Loss: 0.2605, Epsilon: 0.532
2026-03-17 04:29:54 | INFO | Episode   53 - Reward: -4.550, Length: 40, Loss: 2.2046, Epsilon: 0.523
2026-03-17 04:29:55 | INFO | Episode   54 - Reward: 8.950, Length: 13, Loss: 2.0138, Epsilon: 0.514
2026-03-17 04:29:56 | INFO | Episode   55 - Reward: 0.800, Length: 29, Loss: 0.1106, Epsilon: 0.505
2026-03-17 04:29:57 | INFO | Episode   56 - Reward: -7.400, Length: 40, Loss: 1.2395, Epsilon: 0.496
2026-03-17 04:29:58 | INFO | Episode   57 - Reward: 6.050, Length: 32, Loss: 1.1662, Epsilon: 0.487
2026-03-17 04:30:00 | INFO | Episode   58 - Reward: -5.150, Length: 40, Loss: 0.1427, Epsilon: 0.478
2026-03-17 04:30:01 | INFO | Episode   59 - Reward: 6.050, Length: 32, Loss: 1.0414, Epsilon: 0.469
2026-03-17 04:30:02 | INFO | Episode   60 - Reward: 9.650, Length: 8, Loss: 0.6148, Epsilon: 0.460
2026-03-17 04:30:03 | INFO | Episode   61 - Reward: 9.150, Length: 12, Loss: 1.5806, Epsilon: 0.451
2026-03-17 04:30:04 | INFO | Episode   62 - Reward: 9.050, Length: 14, Loss: 1.1487, Epsilon: 0.442
2026-03-17 04:30:05 | INFO | Episode   63 - Reward: -12.800, Length: 40, Loss: 1.0649, Epsilon: 0.433
2026-03-17 04:30:06 | INFO | Episode   64 - Reward: 8.250, Length: 18, Loss: 0.5116, Epsilon: 0.424
2026-03-17 04:30:07 | INFO | Episode   65 - Reward: 9.550, Length: 10, Loss: 1.1427, Epsilon: 0.415
2026-03-17 04:30:08 | INFO | Episode   66 - Reward: 7.350, Length: 27, Loss: 1.6255, Epsilon: 0.406
2026-03-17 04:30:09 | INFO | Episode   67 - Reward: 7.050, Length: 27, Loss: 0.5598, Epsilon: 0.397
2026-03-17 04:30:10 | INFO | Episode   68 - Reward: -6.350, Length: 40, Loss: 1.4497, Epsilon: 0.388
2026-03-17 04:30:11 | INFO | Episode   69 - Reward: 8.850, Length: 12, Loss: 1.0664, Epsilon: 0.379
2026-03-17 04:30:12 | INFO | Episode   70 - Reward: 4.250, Length: 17, Loss: 0.2734, Epsilon: 0.370
2026-03-17 04:30:13 | INFO | Episode   71 - Reward: -5.900, Length: 40, Loss: 0.4772, Epsilon: 0.361
2026-03-17 04:30:14 | INFO | Episode   72 - Reward: 6.550, Length: 31, Loss: 0.8517, Epsilon: 0.352
2026-03-17 04:30:15 | INFO | Episode   73 - Reward: 7.850, Length: 20, Loss: 1.3049, Epsilon: 0.343
2026-03-17 04:30:17 | INFO | Episode   74 - Reward: 9.250, Length: 10, Loss: 1.9550, Epsilon: 0.334
2026-03-17 04:30:18 | INFO | Episode   75 - Reward: 7.500, Length: 9, Loss: 1.5316, Epsilon: 0.325
2026-03-17 04:30:19 | INFO | Episode   76 - Reward: -7.250, Length: 40, Loss: 2.4974, Epsilon: 0.316
2026-03-17 04:30:20 | INFO | Episode   77 - Reward: 4.700, Length: 23, Loss: 1.3506, Epsilon: 0.307
2026-03-17 04:30:21 | INFO | Episode   78 - Reward: 9.350, Length: 11, Loss: 0.8336, Epsilon: 0.298
2026-03-17 04:30:21 | INFO | Episode   79 - Reward: 9.350, Length: 11, Loss: 0.6094, Epsilon: 0.289
2026-03-17 04:30:22 | INFO | Episode   80 - Reward: -6.500, Length: 40, Loss: 0.4484, Epsilon: 0.280
2026-03-17 04:30:23 | INFO | Episode   81 - Reward: 9.350, Length: 11, Loss: 1.0250, Epsilon: 0.271
2026-03-17 04:30:24 | INFO | Episode   82 - Reward: 9.450, Length: 9, Loss: 1.5568, Epsilon: 0.262
2026-03-17 04:30:25 | INFO | Episode   83 - Reward: 6.500, Length: 14, Loss: 0.8168, Epsilon: 0.253
2026-03-17 04:30:26 | INFO | Episode   84 - Reward: 3.100, Length: 37, Loss: 0.6078, Epsilon: 0.244
2026-03-17 04:30:27 | INFO | Episode   85 - Reward: 9.250, Length: 10, Loss: 1.0937, Epsilon: 0.235
2026-03-17 04:30:28 | INFO | Episode   86 - Reward: 6.550, Length: 25, Loss: 0.8363, Epsilon: 0.226
2026-03-17 04:30:30 | INFO | Episode   87 - Reward: -6.800, Length: 40, Loss: 0.3701, Epsilon: 0.217
2026-03-17 04:30:31 | INFO | Episode   88 - Reward: 9.350, Length: 11, Loss: 0.6991, Epsilon: 0.208
2026-03-17 04:30:32 | INFO | Episode   89 - Reward: 9.650, Length: 8, Loss: 1.3711, Epsilon: 0.199
2026-03-17 04:30:33 | INFO | Episode   90 - Reward: -9.950, Length: 40, Loss: 0.6472, Epsilon: 0.190
2026-03-17 04:30:34 | INFO | Episode   91 - Reward: 0.850, Length: 34, Loss: 1.6579, Epsilon: 0.181
2026-03-17 04:30:35 | INFO | Episode   92 - Reward: -5.900, Length: 40, Loss: 0.9022, Epsilon: 0.172
2026-03-17 04:30:36 | INFO | Episode   93 - Reward: -6.350, Length: 40, Loss: 0.5874, Epsilon: 0.163
2026-03-17 04:30:37 | INFO | Episode   94 - Reward: -6.500, Length: 40, Loss: 1.1004, Epsilon: 0.154
2026-03-17 04:30:38 | INFO | Episode   95 - Reward: 5.900, Length: 17, Loss: 0.8438, Epsilon: 0.145
2026-03-17 04:30:39 | INFO | Episode   96 - Reward: 9.450, Length: 9, Loss: 1.0924, Epsilon: 0.136
2026-03-17 04:30:40 | INFO | Episode   97 - Reward: -8.150, Length: 40, Loss: 0.5737, Epsilon: 0.127
2026-03-17 04:30:41 | INFO | Episode   98 - Reward: 9.650, Length: 8, Loss: 1.3438, Epsilon: 0.118
2026-03-17 04:30:42 | INFO | Episode   99 - Reward: 9.650, Length: 8, Loss: 0.8499, Epsilon: 0.109
2026-03-17 04:30:43 | INFO | Episode  100 - Reward: 9.350, Length: 11, Loss: 1.3874, Epsilon: 0.100
2026-03-17 04:30:46 | INFO | [Episode  100] eps=0.100  avg_reward=   2.943  avg_length= 24.36  avg_loss=  1.0112  eval_success=1.000
2026-03-17 04:30:47 | INFO | Episode  101 - Reward: 9.650, Length: 8, Loss: 1.6179, Epsilon: 0.100
2026-03-17 04:30:47 | INFO | Episode  102 - Reward: 9.650, Length: 8, Loss: 1.4477, Epsilon: 0.100
2026-03-17 04:30:48 | INFO | Episode  103 - Reward: 9.650, Length: 8, Loss: 0.3826, Epsilon: 0.100
2026-03-17 04:30:49 | INFO | Episode  104 - Reward: 9.650, Length: 8, Loss: 1.1710, Epsilon: 0.100
2026-03-17 04:30:50 | INFO | Episode  105 - Reward: 9.550, Length: 10, Loss: 1.1902, Epsilon: 0.100
2026-03-17 04:30:51 | INFO | Episode  106 - Reward: -7.250, Length: 40, Loss: 1.0415, Epsilon: 0.100
2026-03-17 04:30:52 | INFO | Episode  107 - Reward: -6.800, Length: 40, Loss: 0.9679, Epsilon: 0.100
2026-03-17 04:30:52 | INFO | Episode  108 - Reward: -7.100, Length: 40, Loss: 0.9506, Epsilon: 0.100
2026-03-17 04:30:52 | INFO | Episode  109 - Reward: -7.400, Length: 40, Loss: 1.0214, Epsilon: 0.100
2026-03-17 04:30:53 | INFO | Episode  110 - Reward: -10.550, Length: 40, Loss: 1.3396, Epsilon: 0.100
2026-03-17 04:30:54 | INFO | Episode  111 - Reward: 9.650, Length: 8, Loss: 1.0172, Epsilon: 0.100
2026-03-17 04:30:55 | INFO | Episode  112 - Reward: -6.650, Length: 40, Loss: 1.7745, Epsilon: 0.100
2026-03-17 04:30:56 | INFO | Episode  113 - Reward: 3.900, Length: 27, Loss: 0.7866, Epsilon: 0.100
2026-03-17 04:30:56 | INFO | Episode  114 - Reward: 9.450, Length: 9, Loss: 1.1078, Epsilon: 0.100
2026-03-17 04:30:57 | INFO | Episode  115 - Reward: -7.700, Length: 40, Loss: 1.4938, Epsilon: 0.100
2026-03-17 04:30:58 | INFO | Episode  116 - Reward: 9.650, Length: 8, Loss: 1.3767, Epsilon: 0.100
2026-03-17 04:30:59 | INFO | Episode  117 - Reward: 7.700, Length: 8, Loss: 0.8943, Epsilon: 0.100
2026-03-17 04:31:00 | INFO | Episode  118 - Reward: -13.550, Length: 40, Loss: 0.7833, Epsilon: 0.100
2026-03-17 04:31:01 | INFO | Episode  119 - Reward: -6.650, Length: 40, Loss: 0.9199, Epsilon: 0.100
2026-03-17 04:31:02 | INFO | Episode  120 - Reward: -6.500, Length: 40, Loss: 1.8060, Epsilon: 0.100
2026-03-17 04:31:02 | INFO | Episode  121 - Reward: 9.550, Length: 10, Loss: 1.0503, Epsilon: 0.100
2026-03-17 04:31:03 | INFO | Episode  122 - Reward: -7.100, Length: 40, Loss: 0.9721, Epsilon: 0.100
2026-03-17 04:31:04 | INFO | Episode  123 - Reward: 9.550, Length: 10, Loss: 0.9944, Epsilon: 0.100
2026-03-17 04:31:05 | INFO | Episode  124 - Reward: 9.150, Length: 15, Loss: 1.0070, Epsilon: 0.100
2026-03-17 04:31:06 | INFO | Episode  125 - Reward: 9.650, Length: 8, Loss: 1.7509, Epsilon: 0.100
2026-03-17 04:31:06 | INFO | Episode  126 - Reward: -6.800, Length: 40, Loss: 0.5568, Epsilon: 0.100
2026-03-17 04:31:07 | INFO | Episode  127 - Reward: -8.000, Length: 40, Loss: 1.3756, Epsilon: 0.100
2026-03-17 04:31:08 | INFO | Episode  128 - Reward: -12.350, Length: 40, Loss: 1.4588, Epsilon: 0.100
2026-03-17 04:31:09 | INFO | Episode  129 - Reward: 9.650, Length: 8, Loss: 0.8549, Epsilon: 0.100
2026-03-17 04:31:10 | INFO | Episode  130 - Reward: -12.200, Length: 40, Loss: 1.4078, Epsilon: 0.100
2026-03-17 04:31:11 | INFO | Episode  131 - Reward: -8.300, Length: 40, Loss: 0.5147, Epsilon: 0.100
2026-03-17 04:31:12 | INFO | Episode  132 - Reward: 7.200, Length: 12, Loss: 0.7738, Epsilon: 0.100
2026-03-17 04:31:12 | INFO | Episode  133 - Reward: 7.500, Length: 9, Loss: 0.8044, Epsilon: 0.100
2026-03-17 04:31:13 | INFO | Episode  134 - Reward: 9.450, Length: 9, Loss: 0.3070, Epsilon: 0.100
2026-03-17 04:31:14 | INFO | Episode  135 - Reward: 9.450, Length: 9, Loss: 0.7020, Epsilon: 0.100
2026-03-17 04:31:15 | INFO | Episode  136 - Reward: -7.100, Length: 40, Loss: 1.5195, Epsilon: 0.100
2026-03-17 04:31:16 | INFO | Episode  137 - Reward: 9.450, Length: 9, Loss: 2.4018, Epsilon: 0.100
2026-03-17 04:31:17 | INFO | Episode  138 - Reward: 2.450, Length: 26, Loss: 1.7955, Epsilon: 0.100
2026-03-17 04:31:18 | INFO | Episode  139 - Reward: -8.300, Length: 40, Loss: 0.9168, Epsilon: 0.100
2026-03-17 04:31:18 | INFO | Episode  140 - Reward: -10.250, Length: 40, Loss: 1.3651, Epsilon: 0.100
2026-03-17 04:31:19 | INFO | Episode  141 - Reward: 9.450, Length: 9, Loss: 0.8958, Epsilon: 0.100
2026-03-17 04:31:20 | INFO | Episode  142 - Reward: 9.050, Length: 14, Loss: 1.2786, Epsilon: 0.100
2026-03-17 04:31:21 | INFO | Episode  143 - Reward: -7.250, Length: 40, Loss: 1.0302, Epsilon: 0.100
2026-03-17 04:31:22 | INFO | Episode  144 - Reward: 9.650, Length: 8, Loss: 0.5364, Epsilon: 0.100
2026-03-17 04:31:22 | INFO | Episode  145 - Reward: 9.650, Length: 8, Loss: 0.7169, Epsilon: 0.100
2026-03-17 04:31:23 | INFO | Episode  146 - Reward: 7.700, Length: 8, Loss: 1.6487, Epsilon: 0.100
2026-03-17 04:31:24 | INFO | Episode  147 - Reward: 4.650, Length: 15, Loss: 1.8228, Epsilon: 0.100
2026-03-17 04:31:24 | INFO | Episode  148 - Reward: -8.000, Length: 40, Loss: 0.5680, Epsilon: 0.100
2026-03-17 04:31:25 | INFO | Episode  149 - Reward: 7.500, Length: 9, Loss: 1.2923, Epsilon: 0.100
2026-03-17 04:31:26 | INFO | Episode  150 - Reward: 5.900, Length: 17, Loss: 1.3346, Epsilon: 0.100
2026-03-17 04:31:38 | INFO | [Episode  150] eps=0.100  avg_reward=   1.386  avg_length= 23.10  avg_loss=  1.1349  eval_success=0.000
2026-03-17 04:31:39 | INFO | Episode  151 - Reward: -6.650, Length: 40, Loss: 0.5999, Epsilon: 0.100
2026-03-17 04:31:40 | INFO | Episode  152 - Reward: -6.800, Length: 40, Loss: 2.6007, Epsilon: 0.100
2026-03-17 04:31:41 | INFO | Episode  153 - Reward: -7.250, Length: 40, Loss: 1.4767, Epsilon: 0.100
2026-03-17 04:31:42 | INFO | Episode  154 - Reward: 5.300, Length: 20, Loss: 1.7631, Epsilon: 0.100
2026-03-17 04:31:44 | INFO | Episode  155 - Reward: 7.700, Length: 8, Loss: 1.5287, Epsilon: 0.100
2026-03-17 04:31:45 | INFO | Episode  156 - Reward: -7.550, Length: 40, Loss: 0.9941, Epsilon: 0.100
2026-03-17 04:31:46 | INFO | Episode  157 - Reward: -8.600, Length: 40, Loss: 0.8550, Epsilon: 0.100
2026-03-17 04:31:47 | INFO | Episode  158 - Reward: 0.050, Length: 38, Loss: 1.4376, Epsilon: 0.100
2026-03-17 04:31:48 | INFO | Episode  159 - Reward: 2.300, Length: 35, Loss: 1.7333, Epsilon: 0.100
2026-03-17 04:31:49 | INFO | Episode  160 - Reward: -6.950, Length: 40, Loss: 1.1804, Epsilon: 0.100
2026-03-17 04:31:50 | INFO | Episode  161 - Reward: 7.600, Length: 10, Loss: 0.7204, Epsilon: 0.100
2026-03-17 04:31:51 | INFO | Episode  162 - Reward: 9.650, Length: 8, Loss: 1.4534, Epsilon: 0.100
2026-03-17 04:31:52 | INFO | Episode  163 - Reward: 7.700, Length: 8, Loss: 1.4416, Epsilon: 0.100
2026-03-17 04:31:53 | INFO | Episode  164 - Reward: 9.650, Length: 8, Loss: 0.8808, Epsilon: 0.100
2026-03-17 04:31:54 | INFO | Episode  165 - Reward: 9.450, Length: 9, Loss: 1.0781, Epsilon: 0.100
2026-03-17 04:31:56 | INFO | Episode  166 - Reward: -6.800, Length: 40, Loss: 0.9534, Epsilon: 0.100
2026-03-17 04:31:56 | INFO | Episode  167 - Reward: 6.450, Length: 24, Loss: 2.1322, Epsilon: 0.100
2026-03-17 04:31:57 | INFO | Episode  168 - Reward: -7.700, Length: 40, Loss: 1.3910, Epsilon: 0.100
2026-03-17 04:31:58 | INFO | Episode  169 - Reward: -7.550, Length: 40, Loss: 1.9297, Epsilon: 0.100
2026-03-17 04:31:59 | INFO | Episode  170 - Reward: 9.650, Length: 8, Loss: 1.3179, Epsilon: 0.100
2026-03-17 04:32:00 | INFO | Episode  171 - Reward: 9.650, Length: 8, Loss: 0.3303, Epsilon: 0.100
2026-03-17 04:32:02 | INFO | Episode  172 - Reward: 9.650, Length: 8, Loss: 0.8150, Epsilon: 0.100
2026-03-17 04:32:03 | INFO | Episode  173 - Reward: 7.700, Length: 8, Loss: 0.8939, Epsilon: 0.100
2026-03-17 04:32:04 | INFO | Episode  174 - Reward: 9.650, Length: 8, Loss: 1.3531, Epsilon: 0.100
2026-03-17 04:32:05 | INFO | Episode  175 - Reward: 9.450, Length: 9, Loss: 0.9091, Epsilon: 0.100
2026-03-17 04:32:06 | INFO | Episode  176 - Reward: 8.450, Length: 14, Loss: 1.1647, Epsilon: 0.100
2026-03-17 04:32:07 | INFO | Episode  177 - Reward: 9.550, Length: 10, Loss: 0.8939, Epsilon: 0.100
2026-03-17 04:32:08 | INFO | Episode  178 - Reward: 9.450, Length: 9, Loss: 0.9062, Epsilon: 0.100
2026-03-17 04:32:09 | INFO | Episode  179 - Reward: -7.250, Length: 40, Loss: 0.6294, Epsilon: 0.100
2026-03-17 04:32:10 | INFO | Episode  180 - Reward: 7.700, Length: 8, Loss: 1.6401, Epsilon: 0.100
2026-03-17 04:32:11 | INFO | Episode  181 - Reward: 9.650, Length: 8, Loss: 0.7400, Epsilon: 0.100
2026-03-17 04:32:13 | INFO | Episode  182 - Reward: 7.500, Length: 9, Loss: 1.0085, Epsilon: 0.100
2026-03-17 04:32:14 | INFO | Episode  183 - Reward: 5.450, Length: 14, Loss: 1.3694, Epsilon: 0.100
2026-03-17 04:32:15 | INFO | Episode  184 - Reward: -7.100, Length: 40, Loss: 1.8383, Epsilon: 0.100
2026-03-17 04:32:16 | INFO | Episode  185 - Reward: 5.650, Length: 10, Loss: 1.0245, Epsilon: 0.100
2026-03-17 04:32:17 | INFO | Episode  186 - Reward: 7.500, Length: 9, Loss: 1.0937, Epsilon: 0.100
2026-03-17 04:32:18 | INFO | Episode  187 - Reward: 9.650, Length: 8, Loss: 0.8671, Epsilon: 0.100
2026-03-17 04:32:19 | INFO | Episode  188 - Reward: -6.950, Length: 40, Loss: 0.7516, Epsilon: 0.100
2026-03-17 04:32:20 | INFO | Episode  189 - Reward: 9.650, Length: 8, Loss: 1.3926, Epsilon: 0.100
2026-03-17 04:32:22 | INFO | Episode  190 - Reward: -6.950, Length: 40, Loss: 0.8976, Epsilon: 0.100
2026-03-17 04:32:23 | INFO | Episode  191 - Reward: 7.700, Length: 8, Loss: 1.2038, Epsilon: 0.100
2026-03-17 04:32:24 | INFO | Episode  192 - Reward: -7.550, Length: 40, Loss: 1.4586, Epsilon: 0.100
2026-03-17 04:32:25 | INFO | Episode  193 - Reward: 9.650, Length: 8, Loss: 1.0125, Epsilon: 0.100
2026-03-17 04:32:26 | INFO | Episode  194 - Reward: 9.650, Length: 8, Loss: 1.4219, Epsilon: 0.100
2026-03-17 04:32:27 | INFO | Episode  195 - Reward: 7.700, Length: 8, Loss: 1.1351, Epsilon: 0.100
2026-03-17 04:32:27 | INFO | Episode  196 - Reward: 7.700, Length: 8, Loss: 0.6658, Epsilon: 0.100
2026-03-17 04:32:28 | INFO | Episode  197 - Reward: -8.900, Length: 40, Loss: 0.8796, Epsilon: 0.100
2026-03-17 04:32:29 | INFO | Episode  198 - Reward: 9.550, Length: 10, Loss: 0.9863, Epsilon: 0.100
2026-03-17 04:32:30 | INFO | Episode  199 - Reward: -7.850, Length: 40, Loss: 0.8897, Epsilon: 0.100
2026-03-17 04:32:31 | INFO | Episode  200 - Reward: 9.650, Length: 8, Loss: 0.9828, Epsilon: 0.100
2026-03-17 04:32:35 | INFO | [Episode  200] eps=0.100  avg_reward=   3.100  avg_length= 20.44  avg_loss=  1.1725  eval_success=1.000
2026-03-17 04:32:36 | INFO | Episode  201 - Reward: 9.550, Length: 10, Loss: 0.3273, Epsilon: 0.100
2026-03-17 04:32:37 | INFO | Episode  202 - Reward: 9.650, Length: 8, Loss: 1.6497, Epsilon: 0.100
2026-03-17 04:32:38 | INFO | Episode  203 - Reward: 9.650, Length: 8, Loss: 2.0068, Epsilon: 0.100
2026-03-17 04:32:40 | INFO | Episode  204 - Reward: 7.700, Length: 8, Loss: 0.8039, Epsilon: 0.100
2026-03-17 04:32:41 | INFO | Episode  205 - Reward: 9.650, Length: 8, Loss: 0.9156, Epsilon: 0.100
2026-03-17 04:32:42 | INFO | Episode  206 - Reward: 9.350, Length: 11, Loss: 0.7514, Epsilon: 0.100
2026-03-17 04:32:43 | INFO | Episode  207 - Reward: -6.800, Length: 40, Loss: 1.6077, Epsilon: 0.100
2026-03-17 04:32:44 | INFO | Episode  208 - Reward: -7.550, Length: 40, Loss: 0.3212, Epsilon: 0.100
2026-03-17 04:32:45 | INFO | Episode  209 - Reward: 9.650, Length: 8, Loss: 0.8002, Epsilon: 0.100
2026-03-17 04:32:46 | INFO | Episode  210 - Reward: 9.650, Length: 8, Loss: 0.7126, Epsilon: 0.100
2026-03-17 04:32:47 | INFO | Episode  211 - Reward: 9.650, Length: 8, Loss: 1.2485, Epsilon: 0.100
2026-03-17 04:32:49 | INFO | Episode  212 - Reward: 9.650, Length: 8, Loss: 1.0792, Epsilon: 0.100
2026-03-17 04:32:50 | INFO | Episode  213 - Reward: 7.700, Length: 8, Loss: 0.9470, Epsilon: 0.100
2026-03-17 04:32:51 | INFO | Episode  214 - Reward: 5.650, Length: 10, Loss: 0.9079, Epsilon: 0.100
2026-03-17 04:32:52 | INFO | Episode  215 - Reward: 9.250, Length: 10, Loss: 0.8814, Epsilon: 0.100
2026-03-17 04:32:53 | INFO | Episode  216 - Reward: 5.400, Length: 21, Loss: 0.5222, Epsilon: 0.100
2026-03-17 04:32:54 | INFO | Episode  217 - Reward: 9.650, Length: 8, Loss: 0.5132, Epsilon: 0.100
2026-03-17 04:32:55 | INFO | Episode  218 - Reward: 9.650, Length: 8, Loss: 0.2901, Epsilon: 0.100
2026-03-17 04:32:56 | INFO | Episode  219 - Reward: 7.600, Length: 10, Loss: 1.5468, Epsilon: 0.100
2026-03-17 04:32:57 | INFO | Episode  220 - Reward: 9.650, Length: 8, Loss: 0.8393, Epsilon: 0.100
2026-03-17 04:32:58 | INFO | Episode  221 - Reward: 3.600, Length: 12, Loss: 1.0159, Epsilon: 0.100
2026-03-17 04:32:59 | INFO | Episode  222 - Reward: 9.650, Length: 8, Loss: 0.4209, Epsilon: 0.100
2026-03-17 04:33:00 | INFO | Episode  223 - Reward: 9.650, Length: 8, Loss: 1.0149, Epsilon: 0.100
2026-03-17 04:33:01 | INFO | Episode  224 - Reward: 7.700, Length: 8, Loss: 1.5787, Epsilon: 0.100
2026-03-17 04:33:02 | INFO | Episode  225 - Reward: 7.700, Length: 8, Loss: 2.4397, Epsilon: 0.100
2026-03-17 04:33:03 | INFO | Episode  226 - Reward: 9.450, Length: 9, Loss: 0.8266, Epsilon: 0.100
2026-03-17 04:33:05 | INFO | Episode  227 - Reward: -6.950, Length: 40, Loss: 0.8136, Epsilon: 0.100
2026-03-17 04:33:06 | INFO | Episode  228 - Reward: 7.700, Length: 8, Loss: 0.6834, Epsilon: 0.100
2026-03-17 04:33:07 | INFO | Episode  229 - Reward: 7.700, Length: 8, Loss: 1.3843, Epsilon: 0.100
2026-03-17 04:33:08 | INFO | Episode  230 - Reward: 9.350, Length: 11, Loss: 0.7695, Epsilon: 0.100
2026-03-17 04:33:09 | INFO | Episode  231 - Reward: 9.650, Length: 8, Loss: 0.8662, Epsilon: 0.100
2026-03-17 04:33:10 | INFO | Episode  232 - Reward: -8.300, Length: 40, Loss: 0.5592, Epsilon: 0.100
2026-03-17 04:33:11 | INFO | Episode  233 - Reward: 9.550, Length: 10, Loss: 2.8167, Epsilon: 0.100
2026-03-17 04:33:12 | INFO | Episode  234 - Reward: 5.900, Length: 17, Loss: 0.5296, Epsilon: 0.100
2026-03-17 04:33:13 | INFO | Episode  235 - Reward: 9.650, Length: 8, Loss: 0.9276, Epsilon: 0.100
2026-03-17 04:33:14 | INFO | Episode  236 - Reward: 5.650, Length: 10, Loss: 1.1217, Epsilon: 0.100
2026-03-17 04:33:15 | INFO | Episode  237 - Reward: 7.700, Length: 8, Loss: 0.9561, Epsilon: 0.100
2026-03-17 04:33:16 | INFO | Episode  238 - Reward: -7.100, Length: 40, Loss: 0.6915, Epsilon: 0.100
2026-03-17 04:33:17 | INFO | Episode  239 - Reward: -6.650, Length: 40, Loss: 1.4001, Epsilon: 0.100
2026-03-17 04:33:18 | INFO | Episode  240 - Reward: 7.700, Length: 8, Loss: 1.4608, Epsilon: 0.100
2026-03-17 04:33:19 | INFO | Episode  241 - Reward: 9.650, Length: 8, Loss: 1.2721, Epsilon: 0.100
2026-03-17 04:33:20 | INFO | Episode  242 - Reward: 7.700, Length: 8, Loss: 0.6913, Epsilon: 0.100
2026-03-17 04:33:21 | INFO | Episode  243 - Reward: 8.150, Length: 17, Loss: 0.2974, Epsilon: 0.100
2026-03-17 04:33:21 | INFO | Episode  244 - Reward: 9.650, Length: 8, Loss: 1.2924, Epsilon: 0.100
2026-03-17 04:33:22 | INFO | Episode  245 - Reward: 9.650, Length: 8, Loss: 1.5192, Epsilon: 0.100
2026-03-17 04:33:23 | INFO | Episode  246 - Reward: 9.650, Length: 8, Loss: 2.3797, Epsilon: 0.100
2026-03-17 04:33:24 | INFO | Episode  247 - Reward: -7.550, Length: 40, Loss: 1.3362, Epsilon: 0.100
2026-03-17 04:33:25 | INFO | Episode  248 - Reward: 9.650, Length: 8, Loss: 0.6810, Epsilon: 0.100
2026-03-17 04:33:26 | INFO | Episode  249 - Reward: 7.100, Length: 11, Loss: 1.2527, Epsilon: 0.100
2026-03-17 04:33:27 | INFO | Episode  250 - Reward: 7.700, Length: 8, Loss: 0.5707, Epsilon: 0.100
2026-03-17 04:33:30 | INFO | [Episode  250] eps=0.100  avg_reward=   6.300  avg_length= 13.62  avg_loss=  1.0448  eval_success=1.000
