2026-03-17 04:15:53 | INFO | ============================================================
2026-03-17 04:15:53 | INFO | DEVICE / COMPUTE INFORMATION
2026-03-17 04:15:53 | INFO |   JAX backend       : GPU
2026-03-17 04:15:53 | INFO |   Platform          : gpu
2026-03-17 04:15:53 | INFO |   Num devices       : 1
2026-03-17 04:15:53 | INFO |   Device            : cuda:0
2026-03-17 04:15:53 | INFO |   GPU name          : NVIDIA GeForce RTX 5060 Laptop GPU
2026-03-17 04:15:53 | INFO | ============================================================
2026-03-17 04:15:53 | INFO | ✓ JAX GPU backend confirmed.
2026-03-17 04:15:54 | INFO | DQN seed=3_gamma=0.9_lr=0.001
2026-03-17 04:15:56 | INFO | Episode    1 - Reward: -15.650, Length: 40, Loss: 0.0000, Epsilon: 0.991
2026-03-17 04:15:57 | INFO | Episode    2 - Reward: -5.900, Length: 40, Loss: 0.0000, Epsilon: 0.982
2026-03-17 04:16:02 | INFO | Episode    3 - Reward: -4.100, Length: 40, Loss: 0.1867, Epsilon: 0.973
2026-03-17 04:16:03 | INFO | Episode    4 - Reward: -6.650, Length: 40, Loss: 0.1040, Epsilon: 0.964
2026-03-17 04:16:04 | INFO | Episode    5 - Reward: -4.850, Length: 40, Loss: 0.0859, Epsilon: 0.955
2026-03-17 04:16:05 | INFO | Episode    6 - Reward: -5.900, Length: 40, Loss: 0.1383, Epsilon: 0.946
2026-03-17 04:16:06 | INFO | Episode    7 - Reward: 4.750, Length: 19, Loss: 0.0462, Epsilon: 0.937
2026-03-17 04:16:08 | INFO | Episode    8 - Reward: -4.100, Length: 40, Loss: 0.1781, Epsilon: 0.928
2026-03-17 04:16:09 | INFO | Episode    9 - Reward: -4.550, Length: 40, Loss: 0.0413, Epsilon: 0.919
2026-03-17 04:16:10 | INFO | Episode   10 - Reward: 8.150, Length: 17, Loss: 1.5277, Epsilon: 0.910
2026-03-17 04:16:11 | INFO | Episode   11 - Reward: -5.000, Length: 40, Loss: 1.5533, Epsilon: 0.901
2026-03-17 04:16:12 | INFO | Episode   12 - Reward: -4.400, Length: 40, Loss: 0.0448, Epsilon: 0.892
2026-03-17 04:16:13 | INFO | Episode   13 - Reward: -5.150, Length: 40, Loss: 0.0409, Epsilon: 0.883
2026-03-17 04:16:13 | INFO | Episode   14 - Reward: -5.900, Length: 40, Loss: 0.0412, Epsilon: 0.874
2026-03-17 04:16:15 | INFO | Episode   15 - Reward: 8.650, Length: 16, Loss: 0.0419, Epsilon: 0.865
2026-03-17 04:16:16 | INFO | Episode   16 - Reward: -4.700, Length: 40, Loss: 0.0391, Epsilon: 0.856
2026-03-17 04:16:17 | INFO | Episode   17 - Reward: 5.500, Length: 25, Loss: 0.0137, Epsilon: 0.847
2026-03-17 04:16:18 | INFO | Episode   18 - Reward: 6.750, Length: 30, Loss: 0.0116, Epsilon: 0.838
2026-03-17 04:16:19 | INFO | Episode   19 - Reward: 5.700, Length: 21, Loss: 0.8259, Epsilon: 0.829
2026-03-17 04:16:20 | INFO | Episode   20 - Reward: 7.850, Length: 29, Loss: 0.8582, Epsilon: 0.820
2026-03-17 04:16:21 | INFO | Episode   21 - Reward: -9.350, Length: 40, Loss: 2.3648, Epsilon: 0.811
2026-03-17 04:16:22 | INFO | Episode   22 - Reward: 8.050, Length: 22, Loss: 0.8415, Epsilon: 0.802
2026-03-17 04:16:24 | INFO | Episode   23 - Reward: 5.050, Length: 13, Loss: 0.1427, Epsilon: 0.793
2026-03-17 04:16:25 | INFO | Episode   24 - Reward: -4.850, Length: 40, Loss: 2.3882, Epsilon: 0.784
2026-03-17 04:16:26 | INFO | Episode   25 - Reward: -5.600, Length: 40, Loss: 0.8741, Epsilon: 0.775
2026-03-17 04:16:27 | INFO | Episode   26 - Reward: 2.450, Length: 32, Loss: 0.7930, Epsilon: 0.766
2026-03-17 04:16:28 | INFO | Episode   27 - Reward: -5.000, Length: 40, Loss: 0.8329, Epsilon: 0.757
2026-03-17 04:16:29 | INFO | Episode   28 - Reward: 7.100, Length: 14, Loss: 0.8510, Epsilon: 0.748
2026-03-17 04:16:30 | INFO | Episode   29 - Reward: -5.900, Length: 40, Loss: 1.5788, Epsilon: 0.739
2026-03-17 04:16:31 | INFO | Episode   30 - Reward: 5.500, Length: 28, Loss: 1.5667, Epsilon: 0.730
2026-03-17 04:16:33 | INFO | Episode   31 - Reward: 2.550, Length: 39, Loss: 1.5025, Epsilon: 0.721
2026-03-17 04:16:34 | INFO | Episode   32 - Reward: -5.600, Length: 40, Loss: 1.6319, Epsilon: 0.712
2026-03-17 04:16:35 | INFO | Episode   33 - Reward: -9.200, Length: 40, Loss: 2.3119, Epsilon: 0.703
2026-03-17 04:16:36 | INFO | Episode   34 - Reward: 9.250, Length: 10, Loss: 0.9215, Epsilon: 0.694
2026-03-17 04:16:37 | INFO | Episode   35 - Reward: 7.250, Length: 20, Loss: 3.0515, Epsilon: 0.685
2026-03-17 04:16:38 | INFO | Episode   36 - Reward: 3.300, Length: 36, Loss: 0.9086, Epsilon: 0.676
2026-03-17 04:16:39 | INFO | Episode   37 - Reward: 1.700, Length: 26, Loss: 2.2350, Epsilon: 0.667
2026-03-17 04:16:40 | INFO | Episode   38 - Reward: -5.750, Length: 40, Loss: 2.2359, Epsilon: 0.658
2026-03-17 04:16:41 | INFO | Episode   39 - Reward: -2.200, Length: 32, Loss: 2.9834, Epsilon: 0.649
2026-03-17 04:16:42 | INFO | Episode   40 - Reward: -6.050, Length: 40, Loss: 0.9344, Epsilon: 0.640
2026-03-17 04:16:43 | INFO | Episode   41 - Reward: -6.050, Length: 40, Loss: 2.1337, Epsilon: 0.631
2026-03-17 04:16:45 | INFO | Episode   42 - Reward: 2.850, Length: 36, Loss: 3.0340, Epsilon: 0.622
2026-03-17 04:16:45 | INFO | Episode   43 - Reward: 7.400, Length: 11, Loss: 0.7951, Epsilon: 0.613
2026-03-17 04:16:46 | INFO | Episode   44 - Reward: 3.000, Length: 18, Loss: 3.0814, Epsilon: 0.604
2026-03-17 04:16:47 | INFO | Episode   45 - Reward: -11.150, Length: 40, Loss: 2.2631, Epsilon: 0.595
2026-03-17 04:16:48 | INFO | Episode   46 - Reward: 6.250, Length: 31, Loss: 2.2434, Epsilon: 0.586
2026-03-17 04:16:49 | INFO | Episode   47 - Reward: -5.450, Length: 40, Loss: 0.1446, Epsilon: 0.577
2026-03-17 04:16:50 | INFO | Episode   48 - Reward: -6.500, Length: 40, Loss: 0.8277, Epsilon: 0.568
2026-03-17 04:16:51 | INFO | Episode   49 - Reward: -7.100, Length: 40, Loss: 1.4589, Epsilon: 0.559
2026-03-17 04:16:52 | INFO | Episode   50 - Reward: -9.350, Length: 40, Loss: 0.8838, Epsilon: 0.550
2026-03-17 04:17:05 | INFO | [Episode   50] eps=0.550  avg_reward=  -1.258  avg_length= 32.90  avg_loss=  1.0719  eval_success=0.000
2026-03-17 04:17:06 | INFO | Episode   51 - Reward: 4.350, Length: 21, Loss: 1.5236, Epsilon: 0.541
2026-03-17 04:17:06 | INFO | Episode   52 - Reward: 9.250, Length: 10, Loss: 2.2874, Epsilon: 0.532
2026-03-17 04:17:07 | INFO | Episode   53 - Reward: -4.250, Length: 40, Loss: 0.7752, Epsilon: 0.523
2026-03-17 04:17:08 | INFO | Episode   54 - Reward: 9.350, Length: 11, Loss: 1.5764, Epsilon: 0.514
2026-03-17 04:17:09 | INFO | Episode   55 - Reward: 4.700, Length: 29, Loss: 1.6131, Epsilon: 0.505
2026-03-17 04:17:10 | INFO | Episode   56 - Reward: -6.500, Length: 40, Loss: 0.8711, Epsilon: 0.496
2026-03-17 04:17:11 | INFO | Episode   57 - Reward: 8.950, Length: 13, Loss: 1.4288, Epsilon: 0.487
2026-03-17 04:17:12 | INFO | Episode   58 - Reward: -2.350, Length: 35, Loss: 1.6093, Epsilon: 0.478
2026-03-17 04:17:12 | INFO | Episode   59 - Reward: 1.650, Length: 36, Loss: 3.4736, Epsilon: 0.469
2026-03-17 04:17:13 | INFO | Episode   60 - Reward: 9.650, Length: 8, Loss: 0.9683, Epsilon: 0.460
2026-03-17 04:17:14 | INFO | Episode   61 - Reward: 1.050, Length: 36, Loss: 0.8319, Epsilon: 0.451
2026-03-17 04:17:15 | INFO | Episode   62 - Reward: 4.900, Length: 28, Loss: 2.1631, Epsilon: 0.442
2026-03-17 04:17:16 | INFO | Episode   63 - Reward: 5.900, Length: 20, Loss: 1.4975, Epsilon: 0.433
2026-03-17 04:17:16 | INFO | Episode   64 - Reward: 7.500, Length: 9, Loss: 2.3491, Epsilon: 0.424
2026-03-17 04:17:17 | INFO | Episode   65 - Reward: 5.200, Length: 22, Loss: 2.9788, Epsilon: 0.415
2026-03-17 04:17:18 | INFO | Episode   66 - Reward: -18.350, Length: 40, Loss: 1.5466, Epsilon: 0.406
2026-03-17 04:17:19 | INFO | Episode   67 - Reward: 3.900, Length: 33, Loss: 1.6116, Epsilon: 0.397
2026-03-17 04:17:19 | INFO | Episode   68 - Reward: -6.350, Length: 40, Loss: 3.6533, Epsilon: 0.388
2026-03-17 04:17:20 | INFO | Episode   69 - Reward: 9.050, Length: 11, Loss: 2.3322, Epsilon: 0.379
2026-03-17 04:17:21 | INFO | Episode   70 - Reward: 4.250, Length: 17, Loss: 2.7717, Epsilon: 0.370
2026-03-17 04:17:22 | INFO | Episode   71 - Reward: 5.900, Length: 17, Loss: 0.9266, Epsilon: 0.361
2026-03-17 04:17:23 | INFO | Episode   72 - Reward: 8.750, Length: 17, Loss: 2.1790, Epsilon: 0.352
2026-03-17 04:17:24 | INFO | Episode   73 - Reward: -8.300, Length: 40, Loss: 1.4541, Epsilon: 0.343
2026-03-17 04:17:25 | INFO | Episode   74 - Reward: -14.300, Length: 40, Loss: 2.8437, Epsilon: 0.334
2026-03-17 04:17:26 | INFO | Episode   75 - Reward: 6.700, Length: 13, Loss: 2.3306, Epsilon: 0.325
2026-03-17 04:17:27 | INFO | Episode   76 - Reward: -7.250, Length: 40, Loss: 0.1672, Epsilon: 0.316
2026-03-17 04:17:27 | INFO | Episode   77 - Reward: 4.700, Length: 23, Loss: 2.2655, Epsilon: 0.307
2026-03-17 04:17:28 | INFO | Episode   78 - Reward: 0.750, Length: 39, Loss: 0.7848, Epsilon: 0.298
2026-03-17 04:17:29 | INFO | Episode   79 - Reward: -3.450, Length: 39, Loss: 1.5028, Epsilon: 0.289
2026-03-17 04:17:30 | INFO | Episode   80 - Reward: 1.850, Length: 35, Loss: 0.8764, Epsilon: 0.280
2026-03-17 04:17:31 | INFO | Episode   81 - Reward: -9.650, Length: 40, Loss: 2.2619, Epsilon: 0.271
2026-03-17 04:17:32 | INFO | Episode   82 - Reward: 6.500, Length: 14, Loss: 0.8787, Epsilon: 0.262
2026-03-17 04:17:33 | INFO | Episode   83 - Reward: 6.500, Length: 14, Loss: 0.9390, Epsilon: 0.253
2026-03-17 04:17:33 | INFO | Episode   84 - Reward: 9.450, Length: 9, Loss: 1.5681, Epsilon: 0.244
2026-03-17 04:17:34 | INFO | Episode   85 - Reward: -7.700, Length: 40, Loss: 2.8481, Epsilon: 0.235
2026-03-17 04:17:35 | INFO | Episode   86 - Reward: 5.600, Length: 20, Loss: 2.1504, Epsilon: 0.226
2026-03-17 04:17:36 | INFO | Episode   87 - Reward: 9.550, Length: 10, Loss: 1.6025, Epsilon: 0.217
2026-03-17 04:17:37 | INFO | Episode   88 - Reward: 9.350, Length: 11, Loss: 1.5874, Epsilon: 0.208
2026-03-17 04:17:38 | INFO | Episode   89 - Reward: 9.650, Length: 8, Loss: 2.2496, Epsilon: 0.199
2026-03-17 04:17:39 | INFO | Episode   90 - Reward: 9.450, Length: 9, Loss: 1.4325, Epsilon: 0.190
2026-03-17 04:17:39 | INFO | Episode   91 - Reward: 9.050, Length: 11, Loss: 0.8899, Epsilon: 0.181
2026-03-17 04:17:40 | INFO | Episode   92 - Reward: 6.100, Length: 19, Loss: 0.8078, Epsilon: 0.172
2026-03-17 04:17:41 | INFO | Episode   93 - Reward: -9.500, Length: 40, Loss: 2.9187, Epsilon: 0.163
2026-03-17 04:17:42 | INFO | Episode   94 - Reward: 9.450, Length: 9, Loss: 1.5134, Epsilon: 0.154
2026-03-17 04:17:43 | INFO | Episode   95 - Reward: 5.900, Length: 17, Loss: 3.1448, Epsilon: 0.145
2026-03-17 04:17:45 | INFO | Episode   96 - Reward: 9.450, Length: 9, Loss: 2.8619, Epsilon: 0.136
2026-03-17 04:17:46 | INFO | Episode   97 - Reward: 9.450, Length: 9, Loss: 0.9238, Epsilon: 0.127
2026-03-17 04:17:47 | INFO | Episode   98 - Reward: 5.950, Length: 28, Loss: 3.5050, Epsilon: 0.118
2026-03-17 04:17:47 | INFO | Episode   99 - Reward: 9.650, Length: 8, Loss: 2.8038, Epsilon: 0.109
2026-03-17 04:17:48 | INFO | Episode  100 - Reward: 9.350, Length: 11, Loss: 2.2842, Epsilon: 0.100
2026-03-17 04:17:52 | INFO | [Episode  100] eps=0.100  avg_reward=   3.215  avg_length= 22.76  avg_loss=  1.8473  eval_success=1.000
2026-03-17 04:17:53 | INFO | Episode  101 - Reward: 9.650, Length: 8, Loss: 4.2790, Epsilon: 0.100
2026-03-17 04:17:54 | INFO | Episode  102 - Reward: 9.650, Length: 8, Loss: 2.1679, Epsilon: 0.100
2026-03-17 04:17:55 | INFO | Episode  103 - Reward: 9.450, Length: 9, Loss: 3.5215, Epsilon: 0.100
2026-03-17 04:17:56 | INFO | Episode  104 - Reward: 9.650, Length: 8, Loss: 1.4702, Epsilon: 0.100
2026-03-17 04:17:57 | INFO | Episode  105 - Reward: 9.550, Length: 10, Loss: 2.2053, Epsilon: 0.100
2026-03-17 04:17:58 | INFO | Episode  106 - Reward: 9.650, Length: 8, Loss: 2.2807, Epsilon: 0.100
2026-03-17 04:17:59 | INFO | Episode  107 - Reward: 9.650, Length: 8, Loss: 0.8751, Epsilon: 0.100
2026-03-17 04:18:00 | INFO | Episode  108 - Reward: 9.350, Length: 11, Loss: 2.1906, Epsilon: 0.100
2026-03-17 04:18:02 | INFO | Episode  109 - Reward: 9.650, Length: 8, Loss: 2.7843, Epsilon: 0.100
2026-03-17 04:18:03 | INFO | Episode  110 - Reward: 9.650, Length: 8, Loss: 2.0361, Epsilon: 0.100
2026-03-17 04:18:04 | INFO | Episode  111 - Reward: 9.650, Length: 8, Loss: 4.2519, Epsilon: 0.100
2026-03-17 04:18:05 | INFO | Episode  112 - Reward: 7.600, Length: 10, Loss: 1.5125, Epsilon: 0.100
2026-03-17 04:18:06 | INFO | Episode  113 - Reward: 9.650, Length: 8, Loss: 0.8019, Epsilon: 0.100
2026-03-17 04:18:07 | INFO | Episode  114 - Reward: 9.450, Length: 9, Loss: 1.4247, Epsilon: 0.100
2026-03-17 04:18:08 | INFO | Episode  115 - Reward: -8.000, Length: 40, Loss: 2.8725, Epsilon: 0.100
2026-03-17 04:18:09 | INFO | Episode  116 - Reward: 9.650, Length: 8, Loss: 2.8464, Epsilon: 0.100
2026-03-17 04:18:10 | INFO | Episode  117 - Reward: 9.450, Length: 9, Loss: 3.4546, Epsilon: 0.100
2026-03-17 04:18:12 | INFO | Episode  118 - Reward: -11.750, Length: 40, Loss: 4.0566, Epsilon: 0.100
2026-03-17 04:18:13 | INFO | Episode  119 - Reward: 9.650, Length: 8, Loss: 1.9958, Epsilon: 0.100
2026-03-17 04:18:14 | INFO | Episode  120 - Reward: -8.150, Length: 40, Loss: 1.3853, Epsilon: 0.100
2026-03-17 04:18:15 | INFO | Episode  121 - Reward: 2.600, Length: 35, Loss: 2.7703, Epsilon: 0.100
2026-03-17 04:18:16 | INFO | Episode  122 - Reward: 6.700, Length: 13, Loss: 3.4892, Epsilon: 0.100
2026-03-17 04:18:17 | INFO | Episode  123 - Reward: 4.900, Length: 22, Loss: 4.7670, Epsilon: 0.100
2026-03-17 04:18:18 | INFO | Episode  124 - Reward: 4.450, Length: 19, Loss: 2.1951, Epsilon: 0.100
2026-03-17 04:18:18 | INFO | Episode  125 - Reward: 5.300, Length: 20, Loss: 2.1831, Epsilon: 0.100
2026-03-17 04:18:20 | INFO | Episode  126 - Reward: 9.550, Length: 10, Loss: 3.3527, Epsilon: 0.100
2026-03-17 04:18:21 | INFO | Episode  127 - Reward: -8.150, Length: 40, Loss: 2.1262, Epsilon: 0.100
2026-03-17 04:18:22 | INFO | Episode  128 - Reward: 9.650, Length: 8, Loss: 3.8554, Epsilon: 0.100
2026-03-17 04:18:23 | INFO | Episode  129 - Reward: 6.900, Length: 12, Loss: 2.0517, Epsilon: 0.100
2026-03-17 04:18:24 | INFO | Episode  130 - Reward: -12.200, Length: 40, Loss: 2.6697, Epsilon: 0.100
2026-03-17 04:18:25 | INFO | Episode  131 - Reward: 3.250, Length: 22, Loss: 2.6803, Epsilon: 0.100
2026-03-17 04:18:26 | INFO | Episode  132 - Reward: 7.200, Length: 12, Loss: 2.1025, Epsilon: 0.100
2026-03-17 04:18:27 | INFO | Episode  133 - Reward: 7.500, Length: 9, Loss: 2.5931, Epsilon: 0.100
2026-03-17 04:18:29 | INFO | Episode  134 - Reward: -8.600, Length: 40, Loss: 2.8202, Epsilon: 0.100
2026-03-17 04:18:30 | INFO | Episode  135 - Reward: 7.100, Length: 11, Loss: 2.7143, Epsilon: 0.100
2026-03-17 04:18:31 | INFO | Episode  136 - Reward: 6.700, Length: 13, Loss: 2.6647, Epsilon: 0.100
2026-03-17 04:18:32 | INFO | Episode  137 - Reward: -8.450, Length: 40, Loss: 2.0642, Epsilon: 0.100
2026-03-17 04:18:33 | INFO | Episode  138 - Reward: 2.450, Length: 26, Loss: 3.8483, Epsilon: 0.100
2026-03-17 04:18:34 | INFO | Episode  139 - Reward: -8.600, Length: 40, Loss: 3.6966, Epsilon: 0.100
2026-03-17 04:18:35 | INFO | Episode  140 - Reward: 9.550, Length: 10, Loss: 1.5496, Epsilon: 0.100
2026-03-17 04:18:36 | INFO | Episode  141 - Reward: 9.450, Length: 9, Loss: 2.7863, Epsilon: 0.100
2026-03-17 04:18:37 | INFO | Episode  142 - Reward: 9.550, Length: 10, Loss: 1.9866, Epsilon: 0.100
2026-03-17 04:18:38 | INFO | Episode  143 - Reward: 9.650, Length: 8, Loss: 3.9332, Epsilon: 0.100
2026-03-17 04:18:40 | INFO | Episode  144 - Reward: 9.650, Length: 8, Loss: 3.3928, Epsilon: 0.100
2026-03-17 04:18:41 | INFO | Episode  145 - Reward: 9.650, Length: 8, Loss: 1.4190, Epsilon: 0.100
2026-03-17 04:18:42 | INFO | Episode  146 - Reward: 9.650, Length: 8, Loss: 1.3840, Epsilon: 0.100
2026-03-17 04:18:43 | INFO | Episode  147 - Reward: 9.650, Length: 8, Loss: 2.0595, Epsilon: 0.100
2026-03-17 04:18:44 | INFO | Episode  148 - Reward: -7.400, Length: 40, Loss: 2.1577, Epsilon: 0.100
2026-03-17 04:18:45 | INFO | Episode  149 - Reward: 8.050, Length: 16, Loss: 2.6956, Epsilon: 0.100
2026-03-17 04:18:46 | INFO | Episode  150 - Reward: -7.400, Length: 40, Loss: 2.5968, Epsilon: 0.100
2026-03-17 04:19:01 | INFO | [Episode  150] eps=0.100  avg_reward=   4.828  avg_length= 17.26  avg_loss=  2.5804  eval_success=0.000
2026-03-17 04:19:02 | INFO | Episode  151 - Reward: -7.400, Length: 40, Loss: 2.7179, Epsilon: 0.100
2026-03-17 04:19:03 | INFO | Episode  152 - Reward: 9.350, Length: 11, Loss: 3.9223, Epsilon: 0.100
2026-03-17 04:19:04 | INFO | Episode  153 - Reward: 8.250, Length: 15, Loss: 4.5760, Epsilon: 0.100
2026-03-17 04:19:06 | INFO | Episode  154 - Reward: -7.400, Length: 40, Loss: 2.0355, Epsilon: 0.100
2026-03-17 04:19:07 | INFO | Episode  155 - Reward: 4.550, Length: 35, Loss: 2.7685, Epsilon: 0.100
2026-03-17 04:19:08 | INFO | Episode  156 - Reward: -7.400, Length: 40, Loss: 2.0003, Epsilon: 0.100
2026-03-17 04:19:09 | INFO | Episode  157 - Reward: -6.950, Length: 40, Loss: 3.6755, Epsilon: 0.100
2026-03-17 04:19:10 | INFO | Episode  158 - Reward: -7.400, Length: 40, Loss: 4.4249, Epsilon: 0.100
2026-03-17 04:19:11 | INFO | Episode  159 - Reward: 9.250, Length: 10, Loss: 2.5974, Epsilon: 0.100
2026-03-17 04:19:12 | INFO | Episode  160 - Reward: -6.950, Length: 40, Loss: 2.5089, Epsilon: 0.100
2026-03-17 04:19:13 | INFO | Episode  161 - Reward: -6.200, Length: 40, Loss: 3.1319, Epsilon: 0.100
2026-03-17 04:19:14 | INFO | Episode  162 - Reward: 9.650, Length: 8, Loss: 3.7750, Epsilon: 0.100
2026-03-17 04:19:16 | INFO | Episode  163 - Reward: 9.650, Length: 8, Loss: 2.5267, Epsilon: 0.100
2026-03-17 04:19:17 | INFO | Episode  164 - Reward: 9.650, Length: 8, Loss: 3.0688, Epsilon: 0.100
2026-03-17 04:19:18 | INFO | Episode  165 - Reward: 9.450, Length: 9, Loss: 2.5024, Epsilon: 0.100
2026-03-17 04:19:19 | INFO | Episode  166 - Reward: 6.250, Length: 28, Loss: 3.0516, Epsilon: 0.100
2026-03-17 04:19:20 | INFO | Episode  167 - Reward: 9.650, Length: 8, Loss: 2.5309, Epsilon: 0.100
2026-03-17 04:19:21 | INFO | Episode  168 - Reward: 3.700, Length: 28, Loss: 4.9853, Epsilon: 0.100
2026-03-17 04:19:22 | INFO | Episode  169 - Reward: 9.650, Length: 8, Loss: 3.6780, Epsilon: 0.100
2026-03-17 04:19:23 | INFO | Episode  170 - Reward: 9.650, Length: 8, Loss: 2.5343, Epsilon: 0.100
2026-03-17 04:19:24 | INFO | Episode  171 - Reward: -8.900, Length: 40, Loss: 0.6874, Epsilon: 0.100
2026-03-17 04:19:25 | INFO | Episode  172 - Reward: 9.650, Length: 8, Loss: 2.0048, Epsilon: 0.100
2026-03-17 04:19:26 | INFO | Episode  173 - Reward: 9.650, Length: 8, Loss: 3.6065, Epsilon: 0.100
2026-03-17 04:19:27 | INFO | Episode  174 - Reward: 9.650, Length: 8, Loss: 1.9013, Epsilon: 0.100
2026-03-17 04:19:28 | INFO | Episode  175 - Reward: 9.450, Length: 9, Loss: 4.2156, Epsilon: 0.100
2026-03-17 04:19:29 | INFO | Episode  176 - Reward: 0.400, Length: 28, Loss: 2.3924, Epsilon: 0.100
2026-03-17 04:19:30 | INFO | Episode  177 - Reward: 6.600, Length: 15, Loss: 4.7207, Epsilon: 0.100
2026-03-17 04:19:32 | INFO | Episode  178 - Reward: 7.700, Length: 8, Loss: 4.2466, Epsilon: 0.100
2026-03-17 04:19:33 | INFO | Episode  179 - Reward: 3.450, Length: 21, Loss: 4.1548, Epsilon: 0.100
2026-03-17 04:19:34 | INFO | Episode  180 - Reward: 7.700, Length: 8, Loss: 3.0366, Epsilon: 0.100
2026-03-17 04:19:35 | INFO | Episode  181 - Reward: 6.300, Length: 15, Loss: 3.6336, Epsilon: 0.100
2026-03-17 04:19:36 | INFO | Episode  182 - Reward: -10.250, Length: 40, Loss: 1.9289, Epsilon: 0.100
2026-03-17 04:19:37 | INFO | Episode  183 - Reward: -11.450, Length: 40, Loss: 2.4538, Epsilon: 0.100
2026-03-17 04:19:38 | INFO | Episode  184 - Reward: -8.900, Length: 40, Loss: 4.5655, Epsilon: 0.100
2026-03-17 04:19:39 | INFO | Episode  185 - Reward: 3.050, Length: 23, Loss: 4.3113, Epsilon: 0.100
2026-03-17 04:19:40 | INFO | Episode  186 - Reward: -10.250, Length: 40, Loss: 2.4708, Epsilon: 0.100
2026-03-17 04:19:42 | INFO | Episode  187 - Reward: -8.150, Length: 40, Loss: 1.2568, Epsilon: 0.100
2026-03-17 04:19:43 | INFO | Episode  188 - Reward: 5.300, Length: 20, Loss: 2.4022, Epsilon: 0.100
2026-03-17 04:19:44 | INFO | Episode  189 - Reward: 3.050, Length: 23, Loss: 1.8071, Epsilon: 0.100
2026-03-17 04:19:45 | INFO | Episode  190 - Reward: 7.100, Length: 11, Loss: 3.4259, Epsilon: 0.100
2026-03-17 04:19:46 | INFO | Episode  191 - Reward: 4.400, Length: 26, Loss: 3.0590, Epsilon: 0.100
2026-03-17 04:19:47 | INFO | Episode  192 - Reward: -7.550, Length: 40, Loss: 3.9267, Epsilon: 0.100
2026-03-17 04:19:48 | INFO | Episode  193 - Reward: -11.750, Length: 40, Loss: 3.4673, Epsilon: 0.100
2026-03-17 04:19:49 | INFO | Episode  194 - Reward: 7.500, Length: 9, Loss: 2.8762, Epsilon: 0.100
2026-03-17 04:19:50 | INFO | Episode  195 - Reward: -8.000, Length: 40, Loss: 1.8490, Epsilon: 0.100
2026-03-17 04:19:51 | INFO | Episode  196 - Reward: 6.900, Length: 12, Loss: 1.8557, Epsilon: 0.100
2026-03-17 04:19:51 | INFO | Episode  197 - Reward: -8.900, Length: 40, Loss: 1.7317, Epsilon: 0.100
2026-03-17 04:19:52 | INFO | Episode  198 - Reward: -11.750, Length: 40, Loss: 2.0120, Epsilon: 0.100
2026-03-17 04:19:53 | INFO | Episode  199 - Reward: -7.850, Length: 40, Loss: 3.4825, Epsilon: 0.100
2026-03-17 04:19:53 | INFO | Episode  200 - Reward: 9.650, Length: 8, Loss: 2.4525, Epsilon: 0.100
2026-03-17 04:20:06 | INFO | [Episode  200] eps=0.100  avg_reward=   1.256  avg_length= 24.08  avg_loss=  2.9790  eval_success=0.000
2026-03-17 04:20:06 | INFO | Episode  201 - Reward: 9.550, Length: 10, Loss: 2.3327, Epsilon: 0.100
2026-03-17 04:20:07 | INFO | Episode  202 - Reward: 5.700, Length: 18, Loss: 4.4247, Epsilon: 0.100
2026-03-17 04:20:08 | INFO | Episode  203 - Reward: 7.500, Length: 9, Loss: 0.7228, Epsilon: 0.100
2026-03-17 04:20:09 | INFO | Episode  204 - Reward: -8.150, Length: 40, Loss: 3.5088, Epsilon: 0.100
2026-03-17 04:20:10 | INFO | Episode  205 - Reward: -8.600, Length: 40, Loss: 2.3288, Epsilon: 0.100
2026-03-17 04:20:11 | INFO | Episode  206 - Reward: 3.400, Length: 31, Loss: 1.6939, Epsilon: 0.100
2026-03-17 04:20:12 | INFO | Episode  207 - Reward: -8.300, Length: 40, Loss: 2.8196, Epsilon: 0.100
2026-03-17 04:20:13 | INFO | Episode  208 - Reward: -7.550, Length: 40, Loss: 3.3208, Epsilon: 0.100
2026-03-17 04:20:14 | INFO | Episode  209 - Reward: -10.550, Length: 40, Loss: 2.8725, Epsilon: 0.100
2026-03-17 04:20:15 | INFO | Episode  210 - Reward: -14.000, Length: 40, Loss: 1.8364, Epsilon: 0.100
2026-03-17 04:20:15 | INFO | Episode  211 - Reward: 7.100, Length: 11, Loss: 2.2905, Epsilon: 0.100
2026-03-17 04:20:16 | INFO | Episode  212 - Reward: -12.200, Length: 40, Loss: 4.4439, Epsilon: 0.100
2026-03-17 04:20:17 | INFO | Episode  213 - Reward: 4.450, Length: 16, Loss: 2.8409, Epsilon: 0.100
2026-03-17 04:20:18 | INFO | Episode  214 - Reward: -13.850, Length: 40, Loss: 2.2785, Epsilon: 0.100
2026-03-17 04:20:19 | INFO | Episode  215 - Reward: 9.450, Length: 9, Loss: 1.2698, Epsilon: 0.100
2026-03-17 04:20:20 | INFO | Episode  216 - Reward: -7.850, Length: 40, Loss: 2.2247, Epsilon: 0.100
2026-03-17 04:20:21 | INFO | Episode  217 - Reward: -8.600, Length: 40, Loss: 3.1185, Epsilon: 0.100
2026-03-17 04:20:22 | INFO | Episode  218 - Reward: 7.300, Length: 10, Loss: 1.3769, Epsilon: 0.100
2026-03-17 04:20:22 | INFO | Episode  219 - Reward: 9.550, Length: 10, Loss: 2.8447, Epsilon: 0.100
2026-03-17 04:20:23 | INFO | Episode  220 - Reward: 9.650, Length: 8, Loss: 3.0130, Epsilon: 0.100
2026-03-17 04:20:24 | INFO | Episode  221 - Reward: 9.450, Length: 12, Loss: 2.7281, Epsilon: 0.100
2026-03-17 04:20:24 | INFO | Episode  222 - Reward: 9.650, Length: 8, Loss: 2.9533, Epsilon: 0.100
2026-03-17 04:20:25 | INFO | Episode  223 - Reward: 9.650, Length: 8, Loss: 1.8449, Epsilon: 0.100
2026-03-17 04:20:26 | INFO | Episode  224 - Reward: 9.650, Length: 8, Loss: 1.3458, Epsilon: 0.100
2026-03-17 04:20:27 | INFO | Episode  225 - Reward: 9.650, Length: 8, Loss: 1.2990, Epsilon: 0.100
2026-03-17 04:20:28 | INFO | Episode  226 - Reward: 5.750, Length: 29, Loss: 2.2019, Epsilon: 0.100
2026-03-17 04:20:29 | INFO | Episode  227 - Reward: 9.550, Length: 10, Loss: 0.1645, Epsilon: 0.100
2026-03-17 04:20:29 | INFO | Episode  228 - Reward: -7.100, Length: 40, Loss: 1.9332, Epsilon: 0.100
2026-03-17 04:20:30 | INFO | Episode  229 - Reward: -7.100, Length: 40, Loss: 1.3272, Epsilon: 0.100
2026-03-17 04:20:31 | INFO | Episode  230 - Reward: -6.950, Length: 40, Loss: 2.8224, Epsilon: 0.100
2026-03-17 04:20:32 | INFO | Episode  231 - Reward: -7.100, Length: 40, Loss: 2.3366, Epsilon: 0.100
2026-03-17 04:20:33 | INFO | Episode  232 - Reward: 9.650, Length: 8, Loss: 0.8569, Epsilon: 0.100
2026-03-17 04:20:34 | INFO | Episode  233 - Reward: -8.000, Length: 40, Loss: 2.8753, Epsilon: 0.100
2026-03-17 04:20:35 | INFO | Episode  234 - Reward: 3.450, Length: 39, Loss: 1.2228, Epsilon: 0.100
2026-03-17 04:20:35 | INFO | Episode  235 - Reward: -6.800, Length: 40, Loss: 3.4578, Epsilon: 0.100
2026-03-17 04:20:36 | INFO | Episode  236 - Reward: -8.000, Length: 40, Loss: 0.4705, Epsilon: 0.100
2026-03-17 04:20:37 | INFO | Episode  237 - Reward: -7.100, Length: 40, Loss: 1.8292, Epsilon: 0.100
2026-03-17 04:20:38 | INFO | Episode  238 - Reward: -7.550, Length: 40, Loss: 3.4747, Epsilon: 0.100
2026-03-17 04:20:40 | INFO | Episode  239 - Reward: 6.750, Length: 24, Loss: 2.2657, Epsilon: 0.100
2026-03-17 04:20:41 | INFO | Episode  240 - Reward: -6.800, Length: 40, Loss: 1.1844, Epsilon: 0.100
2026-03-17 04:20:42 | INFO | Episode  241 - Reward: 8.050, Length: 16, Loss: 0.2677, Epsilon: 0.100
2026-03-17 04:20:43 | INFO | Episode  242 - Reward: -6.050, Length: 40, Loss: 2.9077, Epsilon: 0.100
2026-03-17 04:20:44 | INFO | Episode  243 - Reward: 7.750, Length: 19, Loss: 0.8290, Epsilon: 0.100
2026-03-17 04:20:45 | INFO | Episode  244 - Reward: 4.350, Length: 36, Loss: 0.7562, Epsilon: 0.100
2026-03-17 04:20:46 | INFO | Episode  245 - Reward: 8.650, Length: 13, Loss: 1.2645, Epsilon: 0.100
2026-03-17 04:20:47 | INFO | Episode  246 - Reward: -8.000, Length: 40, Loss: 2.3011, Epsilon: 0.100
2026-03-17 04:20:49 | INFO | Episode  247 - Reward: -7.550, Length: 40, Loss: 0.7645, Epsilon: 0.100
2026-03-17 04:20:50 | INFO | Episode  248 - Reward: 9.050, Length: 11, Loss: 0.6930, Epsilon: 0.100
2026-03-17 04:20:51 | INFO | Episode  249 - Reward: -7.550, Length: 40, Loss: 3.4050, Epsilon: 0.100
2026-03-17 04:20:52 | INFO | Episode  250 - Reward: 7.850, Length: 17, Loss: 2.3368, Epsilon: 0.100
2026-03-17 04:21:07 | INFO | [Episode  250] eps=0.100  avg_reward=   0.025  avg_length= 27.16  avg_loss=  2.1136  eval_success=0.000
