2026-03-17 04:51:42 | INFO | ============================================================
2026-03-17 04:51:42 | INFO | DEVICE / COMPUTE INFORMATION
2026-03-17 04:51:42 | INFO |   JAX backend       : GPU
2026-03-17 04:51:42 | INFO |   Platform          : gpu
2026-03-17 04:51:42 | INFO |   Num devices       : 1
2026-03-17 04:51:42 | INFO |   Device            : cuda:0
2026-03-17 04:51:42 | INFO |   GPU name          : NVIDIA GeForce RTX 5060 Laptop GPU
2026-03-17 04:51:42 | INFO | ============================================================
2026-03-17 04:51:42 | INFO | ✓ JAX GPU backend confirmed.
2026-03-17 04:51:43 | INFO | DQN seed=4_gamma=0.9_lr=0.001
2026-03-17 04:51:44 | INFO | Episode    1 - Reward: -7.850, Length: 40, Loss: 0.0000, Epsilon: 0.991
2026-03-17 04:51:45 | INFO | Episode    2 - Reward: -4.250, Length: 40, Loss: 0.0000, Epsilon: 0.982
2026-03-17 04:51:48 | INFO | Episode    3 - Reward: -5.450, Length: 40, Loss: 0.0560, Epsilon: 0.973
2026-03-17 04:51:49 | INFO | Episode    4 - Reward: 4.600, Length: 37, Loss: 0.9450, Epsilon: 0.964
2026-03-17 04:51:49 | INFO | Episode    5 - Reward: -5.300, Length: 40, Loss: 0.7981, Epsilon: 0.955
2026-03-17 04:51:50 | INFO | Episode    6 - Reward: -5.450, Length: 40, Loss: 0.0184, Epsilon: 0.946
2026-03-17 04:51:51 | INFO | Episode    7 - Reward: -3.950, Length: 40, Loss: 0.0847, Epsilon: 0.937
2026-03-17 04:51:52 | INFO | Episode    8 - Reward: 7.950, Length: 30, Loss: 0.7747, Epsilon: 0.928
2026-03-17 04:51:53 | INFO | Episode    9 - Reward: -5.150, Length: 40, Loss: 0.7974, Epsilon: 0.919
2026-03-17 04:51:53 | INFO | Episode   10 - Reward: -7.550, Length: 40, Loss: 0.7721, Epsilon: 0.910
2026-03-17 04:51:54 | INFO | Episode   11 - Reward: 4.300, Length: 37, Loss: 1.5717, Epsilon: 0.901
2026-03-17 04:51:55 | INFO | Episode   12 - Reward: -4.700, Length: 40, Loss: 2.2796, Epsilon: 0.892
2026-03-17 04:51:56 | INFO | Episode   13 - Reward: 6.950, Length: 35, Loss: 1.5895, Epsilon: 0.883
2026-03-17 04:51:58 | INFO | Episode   14 - Reward: -5.900, Length: 40, Loss: 1.6508, Epsilon: 0.874
2026-03-17 04:51:59 | INFO | Episode   15 - Reward: -7.850, Length: 40, Loss: 0.0797, Epsilon: 0.865
2026-03-17 04:52:00 | INFO | Episode   16 - Reward: -8.450, Length: 40, Loss: 0.8493, Epsilon: 0.856
2026-03-17 04:52:01 | INFO | Episode   17 - Reward: 7.050, Length: 24, Loss: 0.0811, Epsilon: 0.847
2026-03-17 04:52:02 | INFO | Episode   18 - Reward: 5.400, Length: 27, Loss: 2.3561, Epsilon: 0.838
2026-03-17 04:52:03 | INFO | Episode   19 - Reward: -8.150, Length: 40, Loss: 0.8471, Epsilon: 0.829
2026-03-17 04:52:04 | INFO | Episode   20 - Reward: -4.850, Length: 40, Loss: 1.7438, Epsilon: 0.820
2026-03-17 04:52:05 | INFO | Episode   21 - Reward: -4.700, Length: 40, Loss: 0.8208, Epsilon: 0.811
2026-03-17 04:52:07 | INFO | Episode   22 - Reward: -8.900, Length: 40, Loss: 0.1295, Epsilon: 0.802
2026-03-17 04:52:08 | INFO | Episode   23 - Reward: -3.950, Length: 40, Loss: 1.5808, Epsilon: 0.793
2026-03-17 04:52:09 | INFO | Episode   24 - Reward: 1.150, Length: 40, Loss: 1.6068, Epsilon: 0.784
2026-03-17 04:52:10 | INFO | Episode   25 - Reward: -5.150, Length: 40, Loss: 0.8368, Epsilon: 0.775
2026-03-17 04:52:11 | INFO | Episode   26 - Reward: 6.250, Length: 34, Loss: 0.7593, Epsilon: 0.766
2026-03-17 04:52:12 | INFO | Episode   27 - Reward: -4.700, Length: 40, Loss: 0.0488, Epsilon: 0.757
2026-03-17 04:52:13 | INFO | Episode   28 - Reward: 4.800, Length: 30, Loss: 1.6190, Epsilon: 0.748
2026-03-17 04:52:14 | INFO | Episode   29 - Reward: 8.550, Length: 18, Loss: 0.8506, Epsilon: 0.739
2026-03-17 04:52:15 | INFO | Episode   30 - Reward: -5.300, Length: 40, Loss: 2.2807, Epsilon: 0.730
2026-03-17 04:52:16 | INFO | Episode   31 - Reward: -4.700, Length: 40, Loss: 0.8026, Epsilon: 0.721
2026-03-17 04:52:17 | INFO | Episode   32 - Reward: -7.850, Length: 40, Loss: 3.1256, Epsilon: 0.712
2026-03-17 04:52:19 | INFO | Episode   33 - Reward: -4.250, Length: 40, Loss: 3.0680, Epsilon: 0.703
2026-03-17 04:52:20 | INFO | Episode   34 - Reward: 7.350, Length: 24, Loss: 1.5505, Epsilon: 0.694
2026-03-17 04:52:21 | INFO | Episode   35 - Reward: -5.750, Length: 40, Loss: 0.7708, Epsilon: 0.685
2026-03-17 04:52:21 | INFO | Episode   36 - Reward: 6.300, Length: 18, Loss: 1.5268, Epsilon: 0.676
2026-03-17 04:52:22 | INFO | Episode   37 - Reward: 0.100, Length: 37, Loss: 1.5492, Epsilon: 0.667
2026-03-17 04:52:24 | INFO | Episode   38 - Reward: 7.050, Length: 24, Loss: 0.8047, Epsilon: 0.658
2026-03-17 04:52:25 | INFO | Episode   39 - Reward: 0.200, Length: 38, Loss: 2.2990, Epsilon: 0.649
2026-03-17 04:52:26 | INFO | Episode   40 - Reward: -5.900, Length: 40, Loss: 1.5508, Epsilon: 0.640
2026-03-17 04:52:27 | INFO | Episode   41 - Reward: 3.800, Length: 38, Loss: 0.0478, Epsilon: 0.631
2026-03-17 04:52:28 | INFO | Episode   42 - Reward: -11.450, Length: 40, Loss: 2.3138, Epsilon: 0.622
2026-03-17 04:52:29 | INFO | Episode   43 - Reward: 8.550, Length: 15, Loss: 0.2151, Epsilon: 0.613
2026-03-17 04:52:30 | INFO | Episode   44 - Reward: 7.000, Length: 16, Loss: 2.3557, Epsilon: 0.604
2026-03-17 04:52:31 | INFO | Episode   45 - Reward: 8.450, Length: 17, Loss: 0.8145, Epsilon: 0.595
2026-03-17 04:52:32 | INFO | Episode   46 - Reward: -4.700, Length: 40, Loss: 0.8124, Epsilon: 0.586
2026-03-17 04:52:33 | INFO | Episode   47 - Reward: 8.850, Length: 15, Loss: 1.5594, Epsilon: 0.577
2026-03-17 04:52:34 | INFO | Episode   48 - Reward: 8.250, Length: 18, Loss: 1.7267, Epsilon: 0.568
2026-03-17 04:52:36 | INFO | Episode   49 - Reward: 9.050, Length: 11, Loss: 0.0192, Epsilon: 0.559
2026-03-17 04:52:37 | INFO | Episode   50 - Reward: 7.300, Length: 13, Loss: 2.2887, Epsilon: 0.550
2026-03-17 04:52:41 | INFO | [Episode   50] eps=0.550  avg_reward=  -0.458  avg_length= 33.52  avg_loss=  1.1406  eval_success=1.000
2026-03-17 04:52:42 | INFO | Episode   51 - Reward: 7.850, Length: 26, Loss: 0.7795, Epsilon: 0.541
2026-03-17 04:52:44 | INFO | Episode   52 - Reward: 4.450, Length: 25, Loss: 0.0459, Epsilon: 0.532
2026-03-17 04:52:45 | INFO | Episode   53 - Reward: 9.450, Length: 9, Loss: 0.0675, Epsilon: 0.523
2026-03-17 04:52:46 | INFO | Episode   54 - Reward: 7.150, Length: 25, Loss: 1.5729, Epsilon: 0.514
2026-03-17 04:52:47 | INFO | Episode   55 - Reward: 9.550, Length: 10, Loss: 1.5132, Epsilon: 0.505
2026-03-17 04:52:48 | INFO | Episode   56 - Reward: 8.250, Length: 18, Loss: 0.7810, Epsilon: 0.496
2026-03-17 04:52:49 | INFO | Episode   57 - Reward: 6.500, Length: 20, Loss: 3.0384, Epsilon: 0.487
2026-03-17 04:52:50 | INFO | Episode   58 - Reward: 6.400, Length: 19, Loss: 1.5305, Epsilon: 0.478
2026-03-17 04:52:51 | INFO | Episode   59 - Reward: 8.450, Length: 17, Loss: 2.2535, Epsilon: 0.469
2026-03-17 04:52:52 | INFO | Episode   60 - Reward: 8.050, Length: 19, Loss: 2.2861, Epsilon: 0.460
2026-03-17 04:52:53 | INFO | Episode   61 - Reward: -9.950, Length: 40, Loss: 2.2362, Epsilon: 0.451
2026-03-17 04:52:54 | INFO | Episode   62 - Reward: 9.450, Length: 9, Loss: 1.6164, Epsilon: 0.442
2026-03-17 04:52:55 | INFO | Episode   63 - Reward: 7.250, Length: 23, Loss: 1.5015, Epsilon: 0.433
2026-03-17 04:52:56 | INFO | Episode   64 - Reward: 9.050, Length: 17, Loss: 3.0028, Epsilon: 0.424
2026-03-17 04:52:57 | INFO | Episode   65 - Reward: 6.000, Length: 24, Loss: 2.2267, Epsilon: 0.415
2026-03-17 04:52:58 | INFO | Episode   66 - Reward: 8.450, Length: 17, Loss: 0.7918, Epsilon: 0.406
2026-03-17 04:52:59 | INFO | Episode   67 - Reward: 7.850, Length: 20, Loss: 0.8488, Epsilon: 0.397
2026-03-17 04:53:00 | INFO | Episode   68 - Reward: -6.200, Length: 40, Loss: 0.1257, Epsilon: 0.388
2026-03-17 04:53:01 | INFO | Episode   69 - Reward: -9.200, Length: 40, Loss: 5.2154, Epsilon: 0.379
2026-03-17 04:53:02 | INFO | Episode   70 - Reward: 8.050, Length: 19, Loss: 2.9856, Epsilon: 0.370
2026-03-17 04:53:04 | INFO | Episode   71 - Reward: -5.750, Length: 40, Loss: 2.2650, Epsilon: 0.361
2026-03-17 04:53:05 | INFO | Episode   72 - Reward: 5.350, Length: 37, Loss: 0.8066, Epsilon: 0.352
2026-03-17 04:53:06 | INFO | Episode   73 - Reward: 7.650, Length: 24, Loss: 1.5737, Epsilon: 0.343
2026-03-17 04:53:07 | INFO | Episode   74 - Reward: 6.050, Length: 32, Loss: 1.5890, Epsilon: 0.334
2026-03-17 04:53:08 | INFO | Episode   75 - Reward: 8.550, Length: 18, Loss: 2.3511, Epsilon: 0.325
2026-03-17 04:53:10 | INFO | Episode   76 - Reward: 8.550, Length: 15, Loss: 0.8039, Epsilon: 0.316
2026-03-17 04:53:11 | INFO | Episode   77 - Reward: 9.150, Length: 12, Loss: 2.2334, Epsilon: 0.307
2026-03-17 04:53:12 | INFO | Episode   78 - Reward: 4.400, Length: 29, Loss: 2.8905, Epsilon: 0.298
2026-03-17 04:53:13 | INFO | Episode   79 - Reward: 4.650, Length: 39, Loss: 1.4633, Epsilon: 0.289
2026-03-17 04:53:14 | INFO | Episode   80 - Reward: -9.350, Length: 40, Loss: 4.2902, Epsilon: 0.280
2026-03-17 04:53:15 | INFO | Episode   81 - Reward: 9.250, Length: 10, Loss: 0.7489, Epsilon: 0.271
2026-03-17 04:53:16 | INFO | Episode   82 - Reward: 4.550, Length: 38, Loss: 2.8736, Epsilon: 0.262
2026-03-17 04:53:17 | INFO | Episode   83 - Reward: -7.400, Length: 40, Loss: 2.8682, Epsilon: 0.253
2026-03-17 04:53:18 | INFO | Episode   84 - Reward: 6.150, Length: 33, Loss: 2.9657, Epsilon: 0.244
2026-03-17 04:53:19 | INFO | Episode   85 - Reward: -6.350, Length: 40, Loss: 1.5515, Epsilon: 0.235
2026-03-17 04:53:21 | INFO | Episode   86 - Reward: 5.250, Length: 30, Loss: 2.2086, Epsilon: 0.226
2026-03-17 04:53:22 | INFO | Episode   87 - Reward: -7.250, Length: 40, Loss: 1.5116, Epsilon: 0.217
2026-03-17 04:53:23 | INFO | Episode   88 - Reward: -7.250, Length: 40, Loss: 2.8228, Epsilon: 0.208
2026-03-17 04:53:24 | INFO | Episode   89 - Reward: -6.650, Length: 40, Loss: 1.5087, Epsilon: 0.199
2026-03-17 04:53:24 | INFO | Episode   90 - Reward: -6.950, Length: 40, Loss: 0.8232, Epsilon: 0.190
2026-03-17 04:53:25 | INFO | Episode   91 - Reward: 8.350, Length: 16, Loss: 1.5016, Epsilon: 0.181
2026-03-17 04:53:26 | INFO | Episode   92 - Reward: 5.250, Length: 30, Loss: 1.5351, Epsilon: 0.172
2026-03-17 04:53:27 | INFO | Episode   93 - Reward: 8.250, Length: 15, Loss: 0.7094, Epsilon: 0.163
2026-03-17 04:53:29 | INFO | Episode   94 - Reward: -6.950, Length: 40, Loss: 0.7740, Epsilon: 0.154
2026-03-17 04:53:30 | INFO | Episode   95 - Reward: 9.650, Length: 8, Loss: 1.5255, Epsilon: 0.145
2026-03-17 04:53:31 | INFO | Episode   96 - Reward: -7.250, Length: 40, Loss: 0.7623, Epsilon: 0.136
2026-03-17 04:53:32 | INFO | Episode   97 - Reward: -7.250, Length: 40, Loss: 1.5335, Epsilon: 0.127
2026-03-17 04:53:33 | INFO | Episode   98 - Reward: 8.950, Length: 13, Loss: 1.4013, Epsilon: 0.118
2026-03-17 04:53:34 | INFO | Episode   99 - Reward: -6.350, Length: 40, Loss: 0.7816, Epsilon: 0.109
2026-03-17 04:53:35 | INFO | Episode  100 - Reward: -7.250, Length: 40, Loss: 1.4904, Epsilon: 0.100
2026-03-17 04:53:49 | INFO | [Episode  100] eps=0.100  avg_reward=   2.697  avg_length= 27.12  avg_loss=  1.7317  eval_success=0.000
2026-03-17 04:53:49 | INFO | Episode  101 - Reward: -7.550, Length: 40, Loss: 2.1306, Epsilon: 0.100
2026-03-17 04:53:50 | INFO | Episode  102 - Reward: 6.650, Length: 23, Loss: 4.8513, Epsilon: 0.100
2026-03-17 04:53:51 | INFO | Episode  103 - Reward: 4.650, Length: 39, Loss: 0.7586, Epsilon: 0.100
2026-03-17 04:53:52 | INFO | Episode  104 - Reward: -6.950, Length: 40, Loss: 2.1961, Epsilon: 0.100
2026-03-17 04:53:53 | INFO | Episode  105 - Reward: 7.750, Length: 19, Loss: 2.1784, Epsilon: 0.100
2026-03-17 04:53:54 | INFO | Episode  106 - Reward: 7.150, Length: 22, Loss: 1.4369, Epsilon: 0.100
2026-03-17 04:53:55 | INFO | Episode  107 - Reward: -6.950, Length: 40, Loss: 1.4004, Epsilon: 0.100
2026-03-17 04:53:55 | INFO | Episode  108 - Reward: 9.050, Length: 11, Loss: 4.1127, Epsilon: 0.100
2026-03-17 04:53:55 | INFO | Episode  109 - Reward: 5.950, Length: 28, Loss: 1.3722, Epsilon: 0.100
2026-03-17 04:53:56 | INFO | Episode  110 - Reward: 7.550, Length: 20, Loss: 2.0339, Epsilon: 0.100
2026-03-17 04:53:57 | INFO | Episode  111 - Reward: -6.950, Length: 40, Loss: 2.7293, Epsilon: 0.100
2026-03-17 04:53:58 | INFO | Episode  112 - Reward: 5.650, Length: 28, Loss: 2.7846, Epsilon: 0.100
2026-03-17 04:53:59 | INFO | Episode  113 - Reward: -6.950, Length: 40, Loss: 2.0468, Epsilon: 0.100
2026-03-17 04:54:00 | INFO | Episode  114 - Reward: -7.250, Length: 40, Loss: 1.3449, Epsilon: 0.100
2026-03-17 04:54:01 | INFO | Episode  115 - Reward: -6.950, Length: 40, Loss: 2.7352, Epsilon: 0.100
2026-03-17 04:54:02 | INFO | Episode  116 - Reward: -7.550, Length: 40, Loss: 1.3729, Epsilon: 0.100
2026-03-17 04:54:02 | INFO | Episode  117 - Reward: -7.550, Length: 40, Loss: 3.3314, Epsilon: 0.100
2026-03-17 04:54:03 | INFO | Episode  118 - Reward: -7.550, Length: 40, Loss: 1.4043, Epsilon: 0.100
2026-03-17 04:54:04 | INFO | Episode  119 - Reward: -7.250, Length: 40, Loss: 1.4180, Epsilon: 0.100
2026-03-17 04:54:05 | INFO | Episode  120 - Reward: 6.550, Length: 25, Loss: 2.1603, Epsilon: 0.100
2026-03-17 04:54:06 | INFO | Episode  121 - Reward: -6.800, Length: 40, Loss: 2.6401, Epsilon: 0.100
2026-03-17 04:54:07 | INFO | Episode  122 - Reward: 8.650, Length: 13, Loss: 1.4191, Epsilon: 0.100
2026-03-17 04:54:08 | INFO | Episode  123 - Reward: -7.250, Length: 40, Loss: 2.6303, Epsilon: 0.100
2026-03-17 04:54:08 | INFO | Episode  124 - Reward: -6.650, Length: 40, Loss: 0.0740, Epsilon: 0.100
2026-03-17 04:54:09 | INFO | Episode  125 - Reward: 6.250, Length: 25, Loss: 1.9743, Epsilon: 0.100
2026-03-17 04:54:10 | INFO | Episode  126 - Reward: 3.250, Length: 40, Loss: 3.2532, Epsilon: 0.100
2026-03-17 04:54:11 | INFO | Episode  127 - Reward: 5.850, Length: 33, Loss: 1.3648, Epsilon: 0.100
2026-03-17 04:54:12 | INFO | Episode  128 - Reward: 7.750, Length: 19, Loss: 3.2284, Epsilon: 0.100
2026-03-17 04:54:13 | INFO | Episode  129 - Reward: -7.550, Length: 40, Loss: 1.9669, Epsilon: 0.100
2026-03-17 04:54:14 | INFO | Episode  130 - Reward: -6.950, Length: 40, Loss: 3.2237, Epsilon: 0.100
2026-03-17 04:54:15 | INFO | Episode  131 - Reward: -7.250, Length: 40, Loss: 0.6979, Epsilon: 0.100
2026-03-17 04:54:15 | INFO | Episode  132 - Reward: 7.650, Length: 18, Loss: 1.2936, Epsilon: 0.100
2026-03-17 04:54:16 | INFO | Episode  133 - Reward: 7.250, Length: 20, Loss: 1.3191, Epsilon: 0.100
2026-03-17 04:54:17 | INFO | Episode  134 - Reward: -7.250, Length: 40, Loss: 0.6796, Epsilon: 0.100
2026-03-17 04:54:18 | INFO | Episode  135 - Reward: -7.550, Length: 40, Loss: 3.1641, Epsilon: 0.100
2026-03-17 04:54:19 | INFO | Episode  136 - Reward: 4.750, Length: 34, Loss: 0.0786, Epsilon: 0.100
2026-03-17 04:54:20 | INFO | Episode  137 - Reward: -6.500, Length: 40, Loss: 0.6670, Epsilon: 0.100
2026-03-17 04:54:21 | INFO | Episode  138 - Reward: 6.450, Length: 27, Loss: 2.0043, Epsilon: 0.100
2026-03-17 04:54:22 | INFO | Episode  139 - Reward: -7.250, Length: 40, Loss: 0.6788, Epsilon: 0.100
2026-03-17 04:54:22 | INFO | Episode  140 - Reward: 3.850, Length: 40, Loss: 1.9303, Epsilon: 0.100
2026-03-17 04:54:23 | INFO | Episode  141 - Reward: 3.950, Length: 38, Loss: 0.6727, Epsilon: 0.100
2026-03-17 04:54:24 | INFO | Episode  142 - Reward: 8.250, Length: 15, Loss: 0.6583, Epsilon: 0.100
2026-03-17 04:54:25 | INFO | Episode  143 - Reward: -7.550, Length: 40, Loss: 0.0440, Epsilon: 0.100
2026-03-17 04:54:26 | INFO | Episode  144 - Reward: -6.950, Length: 40, Loss: 1.8972, Epsilon: 0.100
2026-03-17 04:54:27 | INFO | Episode  145 - Reward: -7.250, Length: 40, Loss: 0.0569, Epsilon: 0.100
2026-03-17 04:54:27 | INFO | Episode  146 - Reward: -6.650, Length: 40, Loss: 1.2866, Epsilon: 0.100
2026-03-17 04:54:28 | INFO | Episode  147 - Reward: 8.150, Length: 17, Loss: 0.6531, Epsilon: 0.100
2026-03-17 04:54:29 | INFO | Episode  148 - Reward: -7.550, Length: 40, Loss: 0.6566, Epsilon: 0.100
2026-03-17 04:54:30 | INFO | Episode  149 - Reward: 9.250, Length: 10, Loss: 0.6504, Epsilon: 0.100
2026-03-17 04:54:30 | INFO | Episode  150 - Reward: -7.550, Length: 40, Loss: 1.2626, Epsilon: 0.100
2026-03-17 04:54:46 | INFO | [Episode  150] eps=0.100  avg_reward=  -0.834  avg_length= 32.88  avg_loss=  1.7185  eval_success=0.000
2026-03-17 04:54:47 | INFO | Episode  151 - Reward: 8.850, Length: 12, Loss: 1.2834, Epsilon: 0.100
2026-03-17 04:54:48 | INFO | Episode  152 - Reward: -7.250, Length: 40, Loss: 1.9687, Epsilon: 0.100
2026-03-17 04:54:49 | INFO | Episode  153 - Reward: -7.550, Length: 40, Loss: 1.2842, Epsilon: 0.100
2026-03-17 04:54:50 | INFO | Episode  154 - Reward: 8.550, Length: 15, Loss: 1.8644, Epsilon: 0.100
2026-03-17 04:54:51 | INFO | Episode  155 - Reward: -7.550, Length: 40, Loss: 0.6483, Epsilon: 0.100
2026-03-17 04:54:52 | INFO | Episode  156 - Reward: 6.250, Length: 25, Loss: 0.6460, Epsilon: 0.100
2026-03-17 04:54:54 | INFO | Episode  157 - Reward: -6.950, Length: 40, Loss: 0.6427, Epsilon: 0.100
2026-03-17 04:54:55 | INFO | Episode  158 - Reward: -7.550, Length: 40, Loss: 0.0373, Epsilon: 0.100
2026-03-17 04:54:56 | INFO | Episode  159 - Reward: -7.550, Length: 40, Loss: 0.6480, Epsilon: 0.100
2026-03-17 04:54:57 | INFO | Episode  160 - Reward: -7.250, Length: 40, Loss: 1.8556, Epsilon: 0.100
2026-03-17 04:54:58 | INFO | Episode  161 - Reward: -7.550, Length: 40, Loss: 3.0524, Epsilon: 0.100
2026-03-17 04:54:59 | INFO | Episode  162 - Reward: 9.250, Length: 10, Loss: 0.6413, Epsilon: 0.100
2026-03-17 04:55:00 | INFO | Episode  163 - Reward: 9.650, Length: 8, Loss: 1.2406, Epsilon: 0.100
2026-03-17 04:55:01 | INFO | Episode  164 - Reward: 6.450, Length: 24, Loss: 0.6369, Epsilon: 0.100
2026-03-17 04:55:02 | INFO | Episode  165 - Reward: -5.450, Length: 40, Loss: 1.2306, Epsilon: 0.100
2026-03-17 04:55:03 | INFO | Episode  166 - Reward: -2.450, Length: 40, Loss: 0.6344, Epsilon: 0.100
2026-03-17 04:55:04 | INFO | Episode  167 - Reward: -3.200, Length: 40, Loss: 1.8211, Epsilon: 0.100
2026-03-17 04:55:06 | INFO | Episode  168 - Reward: -2.450, Length: 40, Loss: 1.8165, Epsilon: 0.100
2026-03-17 04:55:07 | INFO | Episode  169 - Reward: -2.300, Length: 40, Loss: 0.6318, Epsilon: 0.100
2026-03-17 04:55:08 | INFO | Episode  170 - Reward: -2.150, Length: 40, Loss: 1.2183, Epsilon: 0.100
2026-03-17 04:55:09 | INFO | Episode  171 - Reward: -2.300, Length: 40, Loss: 0.0378, Epsilon: 0.100
2026-03-17 04:55:10 | INFO | Episode  172 - Reward: -5.900, Length: 40, Loss: 0.6315, Epsilon: 0.100
2026-03-17 04:55:11 | INFO | Episode  173 - Reward: -2.450, Length: 40, Loss: 1.8008, Epsilon: 0.100
2026-03-17 04:55:12 | INFO | Episode  174 - Reward: -2.150, Length: 40, Loss: 2.3891, Epsilon: 0.100
2026-03-17 04:55:13 | INFO | Episode  175 - Reward: -2.000, Length: 40, Loss: 0.0342, Epsilon: 0.100
2026-03-17 04:55:15 | INFO | Episode  176 - Reward: -2.150, Length: 40, Loss: 1.2000, Epsilon: 0.100
2026-03-17 04:55:16 | INFO | Episode  177 - Reward: -2.150, Length: 40, Loss: 0.0280, Epsilon: 0.100
2026-03-17 04:55:17 | INFO | Episode  178 - Reward: -4.250, Length: 40, Loss: 0.0341, Epsilon: 0.100
2026-03-17 04:55:18 | INFO | Episode  179 - Reward: -2.300, Length: 40, Loss: 0.6100, Epsilon: 0.100
2026-03-17 04:55:19 | INFO | Episode  180 - Reward: -3.500, Length: 40, Loss: 0.0486, Epsilon: 0.100
2026-03-17 04:55:20 | INFO | Episode  181 - Reward: -2.300, Length: 40, Loss: 0.0284, Epsilon: 0.100
2026-03-17 04:55:21 | INFO | Episode  182 - Reward: -5.150, Length: 40, Loss: 0.6111, Epsilon: 0.100
2026-03-17 04:55:22 | INFO | Episode  183 - Reward: -2.000, Length: 40, Loss: 1.1966, Epsilon: 0.100
2026-03-17 04:55:23 | INFO | Episode  184 - Reward: -2.900, Length: 40, Loss: 1.1969, Epsilon: 0.100
2026-03-17 04:55:25 | INFO | Episode  185 - Reward: -6.950, Length: 40, Loss: 0.0239, Epsilon: 0.100
2026-03-17 04:55:26 | INFO | Episode  186 - Reward: -2.000, Length: 40, Loss: 1.1858, Epsilon: 0.100
2026-03-17 04:55:27 | INFO | Episode  187 - Reward: -2.450, Length: 40, Loss: 1.1833, Epsilon: 0.100
2026-03-17 04:55:28 | INFO | Episode  188 - Reward: -2.150, Length: 40, Loss: 0.6031, Epsilon: 0.100
2026-03-17 04:55:29 | INFO | Episode  189 - Reward: -2.450, Length: 40, Loss: 1.1758, Epsilon: 0.100
2026-03-17 04:55:29 | INFO | Episode  190 - Reward: -2.300, Length: 40, Loss: 0.0176, Epsilon: 0.100
2026-03-17 04:55:30 | INFO | Episode  191 - Reward: -2.150, Length: 40, Loss: 1.1815, Epsilon: 0.100
2026-03-17 04:55:31 | INFO | Episode  192 - Reward: -2.000, Length: 40, Loss: 0.0189, Epsilon: 0.100
2026-03-17 04:55:32 | INFO | Episode  193 - Reward: -5.900, Length: 40, Loss: 1.1708, Epsilon: 0.100
2026-03-17 04:55:34 | INFO | Episode  194 - Reward: -5.750, Length: 40, Loss: 1.1674, Epsilon: 0.100
2026-03-17 04:55:35 | INFO | Episode  195 - Reward: -2.150, Length: 40, Loss: 0.0205, Epsilon: 0.100
2026-03-17 04:55:36 | INFO | Episode  196 - Reward: -2.750, Length: 40, Loss: 1.1632, Epsilon: 0.100
2026-03-17 04:55:37 | INFO | Episode  197 - Reward: -2.150, Length: 40, Loss: 0.5882, Epsilon: 0.100
2026-03-17 04:55:38 | INFO | Episode  198 - Reward: -2.150, Length: 40, Loss: 0.0147, Epsilon: 0.100
2026-03-17 04:55:39 | INFO | Episode  199 - Reward: -2.300, Length: 40, Loss: 0.5862, Epsilon: 0.100
2026-03-17 04:55:40 | INFO | Episode  200 - Reward: -5.750, Length: 40, Loss: 0.5867, Epsilon: 0.100
2026-03-17 04:55:56 | INFO | [Episode  200] eps=0.100  avg_reward=  -2.421  avg_length= 37.08  avg_loss=  0.8867  eval_success=0.000
2026-03-17 04:55:57 | INFO | Episode  201 - Reward: -2.150, Length: 40, Loss: 0.0179, Epsilon: 0.100
2026-03-17 04:55:59 | INFO | Episode  202 - Reward: -2.150, Length: 40, Loss: 0.0261, Epsilon: 0.100
2026-03-17 04:56:00 | INFO | Episode  203 - Reward: -2.150, Length: 40, Loss: 0.0134, Epsilon: 0.100
2026-03-17 04:56:01 | INFO | Episode  204 - Reward: -2.750, Length: 40, Loss: 0.5858, Epsilon: 0.100
2026-03-17 04:56:01 | INFO | Episode  205 - Reward: -2.150, Length: 40, Loss: 0.0200, Epsilon: 0.100
2026-03-17 04:56:02 | INFO | Episode  206 - Reward: -2.150, Length: 40, Loss: 0.0126, Epsilon: 0.100
2026-03-17 04:56:03 | INFO | Episode  207 - Reward: -6.350, Length: 40, Loss: 0.0149, Epsilon: 0.100
2026-03-17 04:56:05 | INFO | Episode  208 - Reward: -2.150, Length: 40, Loss: 0.0093, Epsilon: 0.100
2026-03-17 04:56:06 | INFO | Episode  209 - Reward: -2.000, Length: 40, Loss: 0.0092, Epsilon: 0.100
2026-03-17 04:56:07 | INFO | Episode  210 - Reward: -2.300, Length: 40, Loss: 0.0126, Epsilon: 0.100
2026-03-17 04:56:08 | INFO | Episode  211 - Reward: -2.150, Length: 40, Loss: 0.0144, Epsilon: 0.100
2026-03-17 04:56:09 | INFO | Episode  212 - Reward: -4.850, Length: 40, Loss: 0.5830, Epsilon: 0.100
2026-03-17 04:56:10 | INFO | Episode  213 - Reward: -2.150, Length: 40, Loss: 0.0125, Epsilon: 0.100
2026-03-17 04:56:11 | INFO | Episode  214 - Reward: -4.100, Length: 40, Loss: 0.0118, Epsilon: 0.100
2026-03-17 04:56:13 | INFO | Episode  215 - Reward: -3.650, Length: 40, Loss: 0.5841, Epsilon: 0.100
2026-03-17 04:56:14 | INFO | Episode  216 - Reward: -2.300, Length: 40, Loss: 0.0145, Epsilon: 0.100
2026-03-17 04:56:15 | INFO | Episode  217 - Reward: -2.750, Length: 40, Loss: 0.0140, Epsilon: 0.100
2026-03-17 04:56:16 | INFO | Episode  218 - Reward: -2.300, Length: 40, Loss: 0.0086, Epsilon: 0.100
2026-03-17 04:56:17 | INFO | Episode  219 - Reward: -2.150, Length: 40, Loss: 0.0148, Epsilon: 0.100
2026-03-17 04:56:18 | INFO | Episode  220 - Reward: -2.150, Length: 40, Loss: 0.5827, Epsilon: 0.100
2026-03-17 04:56:19 | INFO | Episode  221 - Reward: -2.750, Length: 40, Loss: 0.0126, Epsilon: 0.100
2026-03-17 04:56:20 | INFO | Episode  222 - Reward: -2.450, Length: 40, Loss: 0.0124, Epsilon: 0.100
2026-03-17 04:56:22 | INFO | Episode  223 - Reward: -2.300, Length: 40, Loss: 0.0170, Epsilon: 0.100
2026-03-17 04:56:23 | INFO | Episode  224 - Reward: -2.150, Length: 40, Loss: 0.0066, Epsilon: 0.100
2026-03-17 04:56:24 | INFO | Episode  225 - Reward: -5.000, Length: 40, Loss: 0.0139, Epsilon: 0.100
2026-03-17 04:56:25 | INFO | Episode  226 - Reward: -2.300, Length: 40, Loss: 0.0165, Epsilon: 0.100
2026-03-17 04:56:26 | INFO | Episode  227 - Reward: -2.150, Length: 40, Loss: 0.0101, Epsilon: 0.100
2026-03-17 04:56:27 | INFO | Episode  228 - Reward: -2.300, Length: 40, Loss: 0.0105, Epsilon: 0.100
2026-03-17 04:56:28 | INFO | Episode  229 - Reward: -2.750, Length: 40, Loss: 0.0103, Epsilon: 0.100
2026-03-17 04:56:29 | INFO | Episode  230 - Reward: -2.450, Length: 40, Loss: 0.0185, Epsilon: 0.100
2026-03-17 04:56:30 | INFO | Episode  231 - Reward: -5.750, Length: 40, Loss: 0.0087, Epsilon: 0.100
2026-03-17 04:56:32 | INFO | Episode  232 - Reward: -5.450, Length: 40, Loss: 0.0107, Epsilon: 0.100
2026-03-17 04:56:33 | INFO | Episode  233 - Reward: -2.300, Length: 40, Loss: 0.0149, Epsilon: 0.100
2026-03-17 04:56:33 | INFO | Episode  234 - Reward: -3.050, Length: 40, Loss: 0.0262, Epsilon: 0.100
2026-03-17 04:56:34 | INFO | Episode  235 - Reward: -2.450, Length: 40, Loss: 0.0103, Epsilon: 0.100
2026-03-17 04:56:35 | INFO | Episode  236 - Reward: -2.150, Length: 40, Loss: 0.0120, Epsilon: 0.100
2026-03-17 04:56:36 | INFO | Episode  237 - Reward: -3.350, Length: 40, Loss: 0.0132, Epsilon: 0.100
2026-03-17 04:56:37 | INFO | Episode  238 - Reward: -2.600, Length: 40, Loss: 0.0104, Epsilon: 0.100
2026-03-17 04:56:38 | INFO | Episode  239 - Reward: -2.450, Length: 40, Loss: 0.0105, Epsilon: 0.100
2026-03-17 04:56:40 | INFO | Episode  240 - Reward: -2.300, Length: 40, Loss: 0.0096, Epsilon: 0.100
2026-03-17 04:56:41 | INFO | Episode  241 - Reward: -2.150, Length: 40, Loss: 0.0137, Epsilon: 0.100
2026-03-17 04:56:42 | INFO | Episode  242 - Reward: -7.550, Length: 40, Loss: 0.0104, Epsilon: 0.100
2026-03-17 04:56:43 | INFO | Episode  243 - Reward: -6.050, Length: 40, Loss: 0.0137, Epsilon: 0.100
2026-03-17 04:56:44 | INFO | Episode  244 - Reward: -5.000, Length: 40, Loss: 0.0203, Epsilon: 0.100
2026-03-17 04:56:45 | INFO | Episode  245 - Reward: -7.400, Length: 40, Loss: 0.0120, Epsilon: 0.100
2026-03-17 04:56:46 | INFO | Episode  246 - Reward: -7.250, Length: 40, Loss: 0.0109, Epsilon: 0.100
2026-03-17 04:56:47 | INFO | Episode  247 - Reward: -2.150, Length: 40, Loss: 0.0087, Epsilon: 0.100
2026-03-17 04:56:48 | INFO | Episode  248 - Reward: -2.600, Length: 40, Loss: 0.0103, Epsilon: 0.100
2026-03-17 04:56:48 | INFO | Episode  249 - Reward: -2.300, Length: 40, Loss: 0.0211, Epsilon: 0.100
2026-03-17 04:56:49 | INFO | Episode  250 - Reward: -2.300, Length: 40, Loss: 0.0336, Epsilon: 0.100
2026-03-17 04:57:02 | INFO | [Episode  250] eps=0.100  avg_reward=  -3.161  avg_length= 40.00  avg_loss=  0.0594  eval_success=0.000
