2026-03-17 05:09:57 | INFO | ============================================================
2026-03-17 05:09:57 | INFO | DEVICE / COMPUTE INFORMATION
2026-03-17 05:09:57 | INFO |   JAX backend       : GPU
2026-03-17 05:09:57 | INFO |   Platform          : gpu
2026-03-17 05:09:57 | INFO |   Num devices       : 1
2026-03-17 05:09:57 | INFO |   Device            : cuda:0
2026-03-17 05:09:57 | INFO |   GPU name          : NVIDIA GeForce RTX 5060 Laptop GPU
2026-03-17 05:09:57 | INFO | ============================================================
2026-03-17 05:09:57 | INFO | ✓ JAX GPU backend confirmed.
2026-03-17 05:09:58 | INFO | DQN seed=4_gamma=0.99_lr=0.001
2026-03-17 05:09:59 | INFO | Episode    1 - Reward: -7.850, Length: 40, Loss: 0.0000, Epsilon: 0.991
2026-03-17 05:10:00 | INFO | Episode    2 - Reward: -4.250, Length: 40, Loss: 0.0000, Epsilon: 0.982
2026-03-17 05:10:03 | INFO | Episode    3 - Reward: -5.450, Length: 40, Loss: 0.0597, Epsilon: 0.973
2026-03-17 05:10:04 | INFO | Episode    4 - Reward: 4.600, Length: 37, Loss: 0.9437, Epsilon: 0.964
2026-03-17 05:10:05 | INFO | Episode    5 - Reward: -5.300, Length: 40, Loss: 0.7993, Epsilon: 0.955
2026-03-17 05:10:06 | INFO | Episode    6 - Reward: -5.450, Length: 40, Loss: 0.0196, Epsilon: 0.946
2026-03-17 05:10:07 | INFO | Episode    7 - Reward: -3.950, Length: 40, Loss: 0.0862, Epsilon: 0.937
2026-03-17 05:10:07 | INFO | Episode    8 - Reward: 7.950, Length: 30, Loss: 0.7777, Epsilon: 0.928
2026-03-17 05:10:08 | INFO | Episode    9 - Reward: -5.150, Length: 40, Loss: 0.7993, Epsilon: 0.919
2026-03-17 05:10:09 | INFO | Episode   10 - Reward: -7.550, Length: 40, Loss: 0.7744, Epsilon: 0.910
2026-03-17 05:10:09 | INFO | Episode   11 - Reward: 4.300, Length: 37, Loss: 1.5724, Epsilon: 0.901
2026-03-17 05:10:10 | INFO | Episode   12 - Reward: -4.700, Length: 40, Loss: 2.2812, Epsilon: 0.892
2026-03-17 05:10:11 | INFO | Episode   13 - Reward: 6.950, Length: 35, Loss: 1.5900, Epsilon: 0.883
2026-03-17 05:10:12 | INFO | Episode   14 - Reward: -5.900, Length: 40, Loss: 1.6519, Epsilon: 0.874
2026-03-17 05:10:13 | INFO | Episode   15 - Reward: -7.850, Length: 40, Loss: 0.0802, Epsilon: 0.865
2026-03-17 05:10:14 | INFO | Episode   16 - Reward: -8.450, Length: 40, Loss: 0.8492, Epsilon: 0.856
2026-03-17 05:10:14 | INFO | Episode   17 - Reward: 7.050, Length: 24, Loss: 0.0833, Epsilon: 0.847
2026-03-17 05:10:15 | INFO | Episode   18 - Reward: 5.400, Length: 27, Loss: 2.3544, Epsilon: 0.838
2026-03-17 05:10:16 | INFO | Episode   19 - Reward: -8.150, Length: 40, Loss: 0.8468, Epsilon: 0.829
2026-03-17 05:10:17 | INFO | Episode   20 - Reward: -4.850, Length: 40, Loss: 1.7413, Epsilon: 0.820
2026-03-17 05:10:18 | INFO | Episode   21 - Reward: -4.700, Length: 40, Loss: 0.8222, Epsilon: 0.811
2026-03-17 05:10:19 | INFO | Episode   22 - Reward: -8.900, Length: 40, Loss: 0.1291, Epsilon: 0.802
2026-03-17 05:10:20 | INFO | Episode   23 - Reward: -3.950, Length: 40, Loss: 1.5805, Epsilon: 0.793
2026-03-17 05:10:20 | INFO | Episode   24 - Reward: 1.150, Length: 40, Loss: 1.6050, Epsilon: 0.784
2026-03-17 05:10:21 | INFO | Episode   25 - Reward: -5.150, Length: 40, Loss: 0.8363, Epsilon: 0.775
2026-03-17 05:10:22 | INFO | Episode   26 - Reward: 6.250, Length: 34, Loss: 0.7605, Epsilon: 0.766
2026-03-17 05:10:23 | INFO | Episode   27 - Reward: -4.850, Length: 40, Loss: 0.0490, Epsilon: 0.757
2026-03-17 05:10:24 | INFO | Episode   28 - Reward: 4.800, Length: 30, Loss: 1.6158, Epsilon: 0.748
2026-03-17 05:10:25 | INFO | Episode   29 - Reward: 8.550, Length: 18, Loss: 0.8500, Epsilon: 0.739
2026-03-17 05:10:26 | INFO | Episode   30 - Reward: -6.950, Length: 40, Loss: 2.2766, Epsilon: 0.730
2026-03-17 05:10:27 | INFO | Episode   31 - Reward: -4.700, Length: 40, Loss: 0.8022, Epsilon: 0.721
2026-03-17 05:10:28 | INFO | Episode   32 - Reward: -7.850, Length: 40, Loss: 3.1198, Epsilon: 0.712
2026-03-17 05:10:29 | INFO | Episode   33 - Reward: -4.250, Length: 40, Loss: 3.0636, Epsilon: 0.703
2026-03-17 05:10:30 | INFO | Episode   34 - Reward: 7.350, Length: 24, Loss: 1.5479, Epsilon: 0.694
2026-03-17 05:10:31 | INFO | Episode   35 - Reward: -5.750, Length: 40, Loss: 0.7707, Epsilon: 0.685
2026-03-17 05:10:32 | INFO | Episode   36 - Reward: 6.300, Length: 18, Loss: 1.5242, Epsilon: 0.676
2026-03-17 05:10:33 | INFO | Episode   37 - Reward: 0.100, Length: 37, Loss: 1.5468, Epsilon: 0.667
2026-03-17 05:10:34 | INFO | Episode   38 - Reward: 7.050, Length: 24, Loss: 0.8028, Epsilon: 0.658
2026-03-17 05:10:35 | INFO | Episode   39 - Reward: 0.200, Length: 38, Loss: 2.2955, Epsilon: 0.649
2026-03-17 05:10:37 | INFO | Episode   40 - Reward: -5.900, Length: 40, Loss: 1.5469, Epsilon: 0.640
2026-03-17 05:10:38 | INFO | Episode   41 - Reward: 3.800, Length: 38, Loss: 0.0479, Epsilon: 0.631
2026-03-17 05:10:39 | INFO | Episode   42 - Reward: -11.450, Length: 40, Loss: 2.3100, Epsilon: 0.622
2026-03-17 05:10:40 | INFO | Episode   43 - Reward: 8.550, Length: 15, Loss: 0.2114, Epsilon: 0.613
2026-03-17 05:10:41 | INFO | Episode   44 - Reward: 7.000, Length: 16, Loss: 2.3499, Epsilon: 0.604
2026-03-17 05:10:41 | INFO | Episode   45 - Reward: 8.450, Length: 17, Loss: 0.8119, Epsilon: 0.595
2026-03-17 05:10:42 | INFO | Episode   46 - Reward: -4.700, Length: 40, Loss: 0.8101, Epsilon: 0.586
2026-03-17 05:10:43 | INFO | Episode   47 - Reward: 8.850, Length: 15, Loss: 1.5569, Epsilon: 0.577
2026-03-17 05:10:45 | INFO | Episode   48 - Reward: 8.250, Length: 18, Loss: 1.7187, Epsilon: 0.568
2026-03-17 05:10:46 | INFO | Episode   49 - Reward: 9.050, Length: 11, Loss: 0.0570, Epsilon: 0.559
2026-03-17 05:10:47 | INFO | Episode   50 - Reward: 7.300, Length: 13, Loss: 2.3580, Epsilon: 0.550
2026-03-17 05:10:51 | INFO | [Episode   50] eps=0.550  avg_reward=  -0.494  avg_length= 33.52  avg_loss=  1.1418  eval_success=1.000
2026-03-17 05:10:52 | INFO | Episode   51 - Reward: 7.850, Length: 26, Loss: 0.7773, Epsilon: 0.541
2026-03-17 05:10:54 | INFO | Episode   52 - Reward: 4.450, Length: 25, Loss: 0.0447, Epsilon: 0.532
2026-03-17 05:10:55 | INFO | Episode   53 - Reward: 9.450, Length: 9, Loss: 0.0661, Epsilon: 0.523
2026-03-17 05:10:56 | INFO | Episode   54 - Reward: 7.150, Length: 25, Loss: 1.5669, Epsilon: 0.514
2026-03-17 05:10:57 | INFO | Episode   55 - Reward: 9.550, Length: 10, Loss: 1.5099, Epsilon: 0.505
2026-03-17 05:10:58 | INFO | Episode   56 - Reward: 8.250, Length: 18, Loss: 0.7780, Epsilon: 0.496
2026-03-17 05:10:59 | INFO | Episode   57 - Reward: 6.500, Length: 20, Loss: 3.0302, Epsilon: 0.487
2026-03-17 05:11:00 | INFO | Episode   58 - Reward: 6.400, Length: 19, Loss: 1.5266, Epsilon: 0.478
2026-03-17 05:11:01 | INFO | Episode   59 - Reward: 8.450, Length: 17, Loss: 2.2476, Epsilon: 0.469
2026-03-17 05:11:03 | INFO | Episode   60 - Reward: 8.050, Length: 19, Loss: 2.2792, Epsilon: 0.460
2026-03-17 05:11:04 | INFO | Episode   61 - Reward: -9.950, Length: 40, Loss: 2.2317, Epsilon: 0.451
2026-03-17 05:11:05 | INFO | Episode   62 - Reward: 9.450, Length: 9, Loss: 1.6102, Epsilon: 0.442
2026-03-17 05:11:06 | INFO | Episode   63 - Reward: 7.250, Length: 23, Loss: 1.4972, Epsilon: 0.433
2026-03-17 05:11:07 | INFO | Episode   64 - Reward: 9.050, Length: 17, Loss: 3.0340, Epsilon: 0.424
2026-03-17 05:11:08 | INFO | Episode   65 - Reward: 6.000, Length: 24, Loss: 2.2193, Epsilon: 0.415
2026-03-17 05:11:09 | INFO | Episode   66 - Reward: 8.450, Length: 17, Loss: 0.7888, Epsilon: 0.406
2026-03-17 05:11:10 | INFO | Episode   67 - Reward: 7.850, Length: 20, Loss: 0.8844, Epsilon: 0.397
2026-03-17 05:11:11 | INFO | Episode   68 - Reward: -6.200, Length: 40, Loss: 0.1219, Epsilon: 0.388
2026-03-17 05:11:12 | INFO | Episode   69 - Reward: -9.200, Length: 40, Loss: 5.2016, Epsilon: 0.379
2026-03-17 05:11:13 | INFO | Episode   70 - Reward: 8.050, Length: 19, Loss: 2.9755, Epsilon: 0.370
2026-03-17 05:11:14 | INFO | Episode   71 - Reward: -5.750, Length: 40, Loss: 2.2555, Epsilon: 0.361
2026-03-17 05:11:15 | INFO | Episode   72 - Reward: 5.350, Length: 37, Loss: 0.8037, Epsilon: 0.352
2026-03-17 05:11:16 | INFO | Episode   73 - Reward: 7.650, Length: 24, Loss: 1.5653, Epsilon: 0.343
2026-03-17 05:11:17 | INFO | Episode   74 - Reward: 6.050, Length: 32, Loss: 1.5824, Epsilon: 0.334
2026-03-17 05:11:18 | INFO | Episode   75 - Reward: 8.550, Length: 18, Loss: 2.3398, Epsilon: 0.325
2026-03-17 05:11:19 | INFO | Episode   76 - Reward: 8.550, Length: 15, Loss: 0.7996, Epsilon: 0.316
2026-03-17 05:11:20 | INFO | Episode   77 - Reward: 9.150, Length: 12, Loss: 2.2264, Epsilon: 0.307
2026-03-17 05:11:21 | INFO | Episode   78 - Reward: 4.400, Length: 29, Loss: 2.8822, Epsilon: 0.298
2026-03-17 05:11:23 | INFO | Episode   79 - Reward: 4.650, Length: 39, Loss: 1.4577, Epsilon: 0.289
2026-03-17 05:11:24 | INFO | Episode   80 - Reward: -9.350, Length: 40, Loss: 4.2792, Epsilon: 0.280
2026-03-17 05:11:25 | INFO | Episode   81 - Reward: 9.250, Length: 10, Loss: 0.7469, Epsilon: 0.271
2026-03-17 05:11:26 | INFO | Episode   82 - Reward: 4.550, Length: 38, Loss: 2.8651, Epsilon: 0.262
2026-03-17 05:11:27 | INFO | Episode   83 - Reward: -7.400, Length: 40, Loss: 2.8584, Epsilon: 0.253
2026-03-17 05:11:28 | INFO | Episode   84 - Reward: 6.150, Length: 33, Loss: 2.9510, Epsilon: 0.244
2026-03-17 05:11:29 | INFO | Episode   85 - Reward: -6.350, Length: 40, Loss: 1.5436, Epsilon: 0.235
2026-03-17 05:11:30 | INFO | Episode   86 - Reward: 5.250, Length: 30, Loss: 2.2010, Epsilon: 0.226
2026-03-17 05:11:32 | INFO | Episode   87 - Reward: -7.250, Length: 40, Loss: 1.5033, Epsilon: 0.217
2026-03-17 05:11:33 | INFO | Episode   88 - Reward: -7.250, Length: 40, Loss: 2.8587, Epsilon: 0.208
2026-03-17 05:11:34 | INFO | Episode   89 - Reward: -6.650, Length: 40, Loss: 1.4991, Epsilon: 0.199
2026-03-17 05:11:35 | INFO | Episode   90 - Reward: -6.950, Length: 40, Loss: 0.8193, Epsilon: 0.190
2026-03-17 05:11:36 | INFO | Episode   91 - Reward: 8.350, Length: 16, Loss: 1.4944, Epsilon: 0.181
2026-03-17 05:11:37 | INFO | Episode   92 - Reward: 5.250, Length: 30, Loss: 1.5274, Epsilon: 0.172
2026-03-17 05:11:38 | INFO | Episode   93 - Reward: 8.250, Length: 15, Loss: 0.7083, Epsilon: 0.163
2026-03-17 05:11:39 | INFO | Episode   94 - Reward: -6.950, Length: 40, Loss: 0.7714, Epsilon: 0.154
2026-03-17 05:11:40 | INFO | Episode   95 - Reward: 9.650, Length: 8, Loss: 1.5161, Epsilon: 0.145
2026-03-17 05:11:41 | INFO | Episode   96 - Reward: -7.250, Length: 40, Loss: 0.7598, Epsilon: 0.136
2026-03-17 05:11:42 | INFO | Episode   97 - Reward: -7.250, Length: 40, Loss: 1.5227, Epsilon: 0.127
2026-03-17 05:11:44 | INFO | Episode   98 - Reward: 8.950, Length: 13, Loss: 1.3976, Epsilon: 0.118
2026-03-17 05:11:44 | INFO | Episode   99 - Reward: -6.350, Length: 40, Loss: 0.7758, Epsilon: 0.109
2026-03-17 05:11:45 | INFO | Episode  100 - Reward: -7.250, Length: 40, Loss: 1.4823, Epsilon: 0.100
2026-03-17 05:12:01 | INFO | [Episode  100] eps=0.100  avg_reward=   2.697  avg_length= 27.12  avg_loss=  1.7277  eval_success=0.000
2026-03-17 05:12:02 | INFO | Episode  101 - Reward: -7.550, Length: 40, Loss: 2.1187, Epsilon: 0.100
2026-03-17 05:12:03 | INFO | Episode  102 - Reward: 6.650, Length: 23, Loss: 4.8277, Epsilon: 0.100
2026-03-17 05:12:05 | INFO | Episode  103 - Reward: 4.650, Length: 39, Loss: 0.7535, Epsilon: 0.100
2026-03-17 05:12:06 | INFO | Episode  104 - Reward: -6.950, Length: 40, Loss: 2.1803, Epsilon: 0.100
2026-03-17 05:12:07 | INFO | Episode  105 - Reward: 7.750, Length: 19, Loss: 2.1642, Epsilon: 0.100
2026-03-17 05:12:08 | INFO | Episode  106 - Reward: 7.150, Length: 22, Loss: 1.4295, Epsilon: 0.100
2026-03-17 05:12:09 | INFO | Episode  107 - Reward: -6.950, Length: 40, Loss: 1.3934, Epsilon: 0.100
2026-03-17 05:12:10 | INFO | Episode  108 - Reward: 9.050, Length: 11, Loss: 4.0856, Epsilon: 0.100
2026-03-17 05:12:11 | INFO | Episode  109 - Reward: -6.950, Length: 40, Loss: 1.3679, Epsilon: 0.100
2026-03-17 05:12:12 | INFO | Episode  110 - Reward: -7.550, Length: 40, Loss: 2.0242, Epsilon: 0.100
2026-03-17 05:12:13 | INFO | Episode  111 - Reward: -7.550, Length: 40, Loss: 2.7146, Epsilon: 0.100
2026-03-17 05:12:15 | INFO | Episode  112 - Reward: 5.650, Length: 28, Loss: 2.8219, Epsilon: 0.100
2026-03-17 05:12:15 | INFO | Episode  113 - Reward: -6.950, Length: 40, Loss: 2.0345, Epsilon: 0.100
2026-03-17 05:12:16 | INFO | Episode  114 - Reward: -7.250, Length: 40, Loss: 1.3387, Epsilon: 0.100
2026-03-17 05:12:17 | INFO | Episode  115 - Reward: -6.950, Length: 40, Loss: 2.7169, Epsilon: 0.100
2026-03-17 05:12:18 | INFO | Episode  116 - Reward: -7.550, Length: 40, Loss: 1.3664, Epsilon: 0.100
2026-03-17 05:12:19 | INFO | Episode  117 - Reward: -7.550, Length: 40, Loss: 3.9586, Epsilon: 0.100
2026-03-17 05:12:20 | INFO | Episode  118 - Reward: -7.550, Length: 40, Loss: 1.3888, Epsilon: 0.100
2026-03-17 05:12:21 | INFO | Episode  119 - Reward: -7.250, Length: 40, Loss: 1.4049, Epsilon: 0.100
2026-03-17 05:12:23 | INFO | Episode  120 - Reward: -7.250, Length: 40, Loss: 2.1409, Epsilon: 0.100
2026-03-17 05:12:24 | INFO | Episode  121 - Reward: -6.800, Length: 40, Loss: 2.6225, Epsilon: 0.100
2026-03-17 05:12:25 | INFO | Episode  122 - Reward: 8.650, Length: 13, Loss: 1.4064, Epsilon: 0.100
2026-03-17 05:12:26 | INFO | Episode  123 - Reward: -7.250, Length: 40, Loss: 2.6117, Epsilon: 0.100
2026-03-17 05:12:27 | INFO | Episode  124 - Reward: -6.650, Length: 40, Loss: 0.0799, Epsilon: 0.100
2026-03-17 05:12:28 | INFO | Episode  125 - Reward: 6.250, Length: 25, Loss: 1.3180, Epsilon: 0.100
2026-03-17 05:12:29 | INFO | Episode  126 - Reward: 3.250, Length: 40, Loss: 3.2329, Epsilon: 0.100
2026-03-17 05:12:30 | INFO | Episode  127 - Reward: 5.850, Length: 33, Loss: 1.3646, Epsilon: 0.100
2026-03-17 05:12:31 | INFO | Episode  128 - Reward: 7.750, Length: 19, Loss: 1.3217, Epsilon: 0.100
2026-03-17 05:12:33 | INFO | Episode  129 - Reward: -7.550, Length: 40, Loss: 1.3281, Epsilon: 0.100
2026-03-17 05:12:34 | INFO | Episode  130 - Reward: -6.950, Length: 40, Loss: 3.2165, Epsilon: 0.100
2026-03-17 05:12:35 | INFO | Episode  131 - Reward: -7.250, Length: 40, Loss: 1.3063, Epsilon: 0.100
2026-03-17 05:12:36 | INFO | Episode  132 - Reward: 7.650, Length: 18, Loss: 1.2910, Epsilon: 0.100
2026-03-17 05:12:37 | INFO | Episode  133 - Reward: 7.250, Length: 20, Loss: 1.3278, Epsilon: 0.100
2026-03-17 05:12:38 | INFO | Episode  134 - Reward: -7.250, Length: 40, Loss: 0.6774, Epsilon: 0.100
2026-03-17 05:12:39 | INFO | Episode  135 - Reward: -7.550, Length: 40, Loss: 0.0396, Epsilon: 0.100
2026-03-17 05:12:40 | INFO | Episode  136 - Reward: 4.750, Length: 34, Loss: 0.7162, Epsilon: 0.100
2026-03-17 05:12:41 | INFO | Episode  137 - Reward: -6.500, Length: 40, Loss: 0.0472, Epsilon: 0.100
2026-03-17 05:12:42 | INFO | Episode  138 - Reward: 6.450, Length: 27, Loss: 1.2987, Epsilon: 0.100
2026-03-17 05:12:43 | INFO | Episode  139 - Reward: -7.250, Length: 40, Loss: 0.6797, Epsilon: 0.100
2026-03-17 05:12:44 | INFO | Episode  140 - Reward: 3.850, Length: 40, Loss: 1.3106, Epsilon: 0.100
2026-03-17 05:12:45 | INFO | Episode  141 - Reward: 3.950, Length: 38, Loss: 1.9113, Epsilon: 0.100
2026-03-17 05:12:46 | INFO | Episode  142 - Reward: 8.250, Length: 15, Loss: 0.0390, Epsilon: 0.100
2026-03-17 05:12:46 | INFO | Episode  143 - Reward: -7.550, Length: 40, Loss: 0.6637, Epsilon: 0.100
2026-03-17 05:12:46 | INFO | Episode  144 - Reward: -6.950, Length: 40, Loss: 1.8996, Epsilon: 0.100
2026-03-17 05:12:47 | INFO | Episode  145 - Reward: -7.250, Length: 40, Loss: 0.6731, Epsilon: 0.100
2026-03-17 05:12:48 | INFO | Episode  146 - Reward: -6.650, Length: 40, Loss: 0.6669, Epsilon: 0.100
2026-03-17 05:12:49 | INFO | Episode  147 - Reward: 8.150, Length: 17, Loss: 1.2672, Epsilon: 0.100
2026-03-17 05:12:50 | INFO | Episode  148 - Reward: -7.550, Length: 40, Loss: 1.8859, Epsilon: 0.100
2026-03-17 05:12:51 | INFO | Episode  149 - Reward: 9.250, Length: 10, Loss: 0.0370, Epsilon: 0.100
2026-03-17 05:12:52 | INFO | Episode  150 - Reward: -7.550, Length: 40, Loss: 1.8734, Epsilon: 0.100
2026-03-17 05:13:04 | INFO | [Episode  150] eps=0.100  avg_reward=  -1.682  avg_length= 33.82  avg_loss=  1.6469  eval_success=0.000
2026-03-17 05:13:05 | INFO | Episode  151 - Reward: 8.850, Length: 12, Loss: 2.5009, Epsilon: 0.100
2026-03-17 05:13:06 | INFO | Episode  152 - Reward: -7.250, Length: 40, Loss: 1.3491, Epsilon: 0.100
2026-03-17 05:13:07 | INFO | Episode  153 - Reward: -7.550, Length: 40, Loss: 0.6559, Epsilon: 0.100
2026-03-17 05:13:08 | INFO | Episode  154 - Reward: 8.550, Length: 15, Loss: 1.2543, Epsilon: 0.100
2026-03-17 05:13:09 | INFO | Episode  155 - Reward: -7.550, Length: 40, Loss: 0.6419, Epsilon: 0.100
2026-03-17 05:13:09 | INFO | Episode  156 - Reward: 6.250, Length: 25, Loss: 1.8563, Epsilon: 0.100
2026-03-17 05:13:10 | INFO | Episode  157 - Reward: -6.950, Length: 40, Loss: 0.6430, Epsilon: 0.100
2026-03-17 05:13:11 | INFO | Episode  158 - Reward: -7.550, Length: 40, Loss: 0.6357, Epsilon: 0.100
2026-03-17 05:13:12 | INFO | Episode  159 - Reward: -7.550, Length: 40, Loss: 1.2453, Epsilon: 0.100
2026-03-17 05:13:13 | INFO | Episode  160 - Reward: -7.250, Length: 40, Loss: 2.4417, Epsilon: 0.100
2026-03-17 05:13:14 | INFO | Episode  161 - Reward: -7.550, Length: 40, Loss: 1.8349, Epsilon: 0.100
2026-03-17 05:13:15 | INFO | Episode  162 - Reward: 9.250, Length: 10, Loss: 0.0425, Epsilon: 0.100
2026-03-17 05:13:15 | INFO | Episode  163 - Reward: 9.650, Length: 8, Loss: 0.6417, Epsilon: 0.100
2026-03-17 05:13:16 | INFO | Episode  164 - Reward: 6.450, Length: 24, Loss: 0.6334, Epsilon: 0.100
2026-03-17 05:13:17 | INFO | Episode  165 - Reward: -6.650, Length: 40, Loss: 1.8231, Epsilon: 0.100
2026-03-17 05:13:18 | INFO | Episode  166 - Reward: -7.250, Length: 40, Loss: 1.2308, Epsilon: 0.100
2026-03-17 05:13:18 | INFO | Episode  167 - Reward: 9.150, Length: 12, Loss: 0.6336, Epsilon: 0.100
2026-03-17 05:13:19 | INFO | Episode  168 - Reward: -7.550, Length: 40, Loss: 1.8116, Epsilon: 0.100
2026-03-17 05:13:20 | INFO | Episode  169 - Reward: 5.650, Length: 28, Loss: 0.0401, Epsilon: 0.100
2026-03-17 05:13:21 | INFO | Episode  170 - Reward: -2.150, Length: 40, Loss: 0.0471, Epsilon: 0.100
2026-03-17 05:13:22 | INFO | Episode  171 - Reward: -2.300, Length: 40, Loss: 0.6255, Epsilon: 0.100
2026-03-17 05:13:22 | INFO | Episode  172 - Reward: -5.900, Length: 40, Loss: 0.6396, Epsilon: 0.100
2026-03-17 05:13:23 | INFO | Episode  173 - Reward: -2.450, Length: 40, Loss: 0.6224, Epsilon: 0.100
2026-03-17 05:13:24 | INFO | Episode  174 - Reward: 8.750, Length: 23, Loss: 0.0457, Epsilon: 0.100
2026-03-17 05:13:25 | INFO | Episode  175 - Reward: 8.950, Length: 22, Loss: 1.2110, Epsilon: 0.100
2026-03-17 05:13:26 | INFO | Episode  176 - Reward: 8.050, Length: 37, Loss: 0.0345, Epsilon: 0.100
2026-03-17 05:13:27 | INFO | Episode  177 - Reward: -2.150, Length: 40, Loss: 0.6167, Epsilon: 0.100
2026-03-17 05:13:28 | INFO | Episode  178 - Reward: -4.250, Length: 40, Loss: 1.2080, Epsilon: 0.100
2026-03-17 05:13:29 | INFO | Episode  179 - Reward: 8.650, Length: 25, Loss: 0.6209, Epsilon: 0.100
2026-03-17 05:13:29 | INFO | Episode  180 - Reward: -3.500, Length: 40, Loss: 0.0279, Epsilon: 0.100
2026-03-17 05:13:30 | INFO | Episode  181 - Reward: -2.300, Length: 40, Loss: 0.6158, Epsilon: 0.100
2026-03-17 05:13:31 | INFO | Episode  182 - Reward: -5.150, Length: 40, Loss: 0.0250, Epsilon: 0.100
2026-03-17 05:13:32 | INFO | Episode  183 - Reward: 8.350, Length: 34, Loss: 0.6168, Epsilon: 0.100
2026-03-17 05:13:33 | INFO | Episode  184 - Reward: -2.900, Length: 40, Loss: 0.0313, Epsilon: 0.100
2026-03-17 05:13:34 | INFO | Episode  185 - Reward: -6.950, Length: 40, Loss: 0.0265, Epsilon: 0.100
2026-03-17 05:13:35 | INFO | Episode  186 - Reward: -2.000, Length: 40, Loss: 0.0304, Epsilon: 0.100
2026-03-17 05:13:36 | INFO | Episode  187 - Reward: -2.450, Length: 40, Loss: 1.1966, Epsilon: 0.100
2026-03-17 05:13:37 | INFO | Episode  188 - Reward: -2.150, Length: 40, Loss: 0.6103, Epsilon: 0.100
2026-03-17 05:13:38 | INFO | Episode  189 - Reward: -2.450, Length: 40, Loss: 0.6033, Epsilon: 0.100
2026-03-17 05:13:39 | INFO | Episode  190 - Reward: -2.300, Length: 40, Loss: 0.6182, Epsilon: 0.100
2026-03-17 05:13:41 | INFO | Episode  191 - Reward: -2.150, Length: 40, Loss: 0.0206, Epsilon: 0.100
2026-03-17 05:13:42 | INFO | Episode  192 - Reward: -2.000, Length: 40, Loss: 1.1851, Epsilon: 0.100
2026-03-17 05:13:43 | INFO | Episode  193 - Reward: -5.900, Length: 40, Loss: 0.6006, Epsilon: 0.100
2026-03-17 05:13:44 | INFO | Episode  194 - Reward: -5.750, Length: 40, Loss: 0.0295, Epsilon: 0.100
2026-03-17 05:13:45 | INFO | Episode  195 - Reward: -2.150, Length: 40, Loss: 0.6018, Epsilon: 0.100
2026-03-17 05:13:46 | INFO | Episode  196 - Reward: -2.750, Length: 40, Loss: 0.0214, Epsilon: 0.100
2026-03-17 05:13:47 | INFO | Episode  197 - Reward: -2.150, Length: 40, Loss: 0.0201, Epsilon: 0.100
2026-03-17 05:13:49 | INFO | Episode  198 - Reward: -2.150, Length: 40, Loss: 0.5978, Epsilon: 0.100
2026-03-17 05:13:50 | INFO | Episode  199 - Reward: -2.300, Length: 40, Loss: 1.1786, Epsilon: 0.100
2026-03-17 05:13:50 | INFO | Episode  200 - Reward: -5.750, Length: 40, Loss: 2.9107, Epsilon: 0.100
2026-03-17 05:14:06 | INFO | [Episode  200] eps=0.100  avg_reward=  -1.170  avg_length= 35.10  avg_loss=  0.7831  eval_success=0.000
2026-03-17 05:14:07 | INFO | Episode  201 - Reward: -2.150, Length: 40, Loss: 1.1666, Epsilon: 0.100
2026-03-17 05:14:08 | INFO | Episode  202 - Reward: -2.150, Length: 40, Loss: 0.0171, Epsilon: 0.100
2026-03-17 05:14:09 | INFO | Episode  203 - Reward: -2.150, Length: 40, Loss: 1.7381, Epsilon: 0.100
2026-03-17 05:14:11 | INFO | Episode  204 - Reward: -2.750, Length: 40, Loss: 1.1578, Epsilon: 0.100
2026-03-17 05:14:12 | INFO | Episode  205 - Reward: -2.150, Length: 40, Loss: 0.0128, Epsilon: 0.100
2026-03-17 05:14:13 | INFO | Episode  206 - Reward: -2.150, Length: 40, Loss: 1.1619, Epsilon: 0.100
2026-03-17 05:14:14 | INFO | Episode  207 - Reward: -6.350, Length: 40, Loss: 0.5806, Epsilon: 0.100
2026-03-17 05:14:15 | INFO | Episode  208 - Reward: -2.150, Length: 40, Loss: 1.7137, Epsilon: 0.100
2026-03-17 05:14:16 | INFO | Episode  209 - Reward: -2.000, Length: 40, Loss: 0.0142, Epsilon: 0.100
2026-03-17 05:14:17 | INFO | Episode  210 - Reward: -2.300, Length: 40, Loss: 0.0168, Epsilon: 0.100
2026-03-17 05:14:18 | INFO | Episode  211 - Reward: -2.150, Length: 40, Loss: 1.1440, Epsilon: 0.100
2026-03-17 05:14:19 | INFO | Episode  212 - Reward: -4.850, Length: 40, Loss: 0.5787, Epsilon: 0.100
2026-03-17 05:14:21 | INFO | Episode  213 - Reward: -2.150, Length: 40, Loss: 1.1387, Epsilon: 0.100
2026-03-17 05:14:21 | INFO | Episode  214 - Reward: -4.100, Length: 40, Loss: 0.0155, Epsilon: 0.100
2026-03-17 05:14:22 | INFO | Episode  215 - Reward: -3.650, Length: 40, Loss: 0.5752, Epsilon: 0.100
2026-03-17 05:14:23 | INFO | Episode  216 - Reward: -2.300, Length: 40, Loss: 0.5717, Epsilon: 0.100
2026-03-17 05:14:24 | INFO | Episode  217 - Reward: -2.750, Length: 40, Loss: 1.1285, Epsilon: 0.100
2026-03-17 05:14:25 | INFO | Episode  218 - Reward: -2.300, Length: 40, Loss: 0.5713, Epsilon: 0.100
2026-03-17 05:14:26 | INFO | Episode  219 - Reward: -2.150, Length: 40, Loss: 1.6784, Epsilon: 0.100
2026-03-17 05:14:28 | INFO | Episode  220 - Reward: -2.150, Length: 40, Loss: 1.6710, Epsilon: 0.100
2026-03-17 05:14:29 | INFO | Episode  221 - Reward: -2.750, Length: 40, Loss: 0.5615, Epsilon: 0.100
2026-03-17 05:14:30 | INFO | Episode  222 - Reward: -2.450, Length: 40, Loss: 0.0180, Epsilon: 0.100
2026-03-17 05:14:31 | INFO | Episode  223 - Reward: -2.300, Length: 40, Loss: 0.0166, Epsilon: 0.100
2026-03-17 05:14:32 | INFO | Episode  224 - Reward: -2.150, Length: 40, Loss: 0.5638, Epsilon: 0.100
2026-03-17 05:14:33 | INFO | Episode  225 - Reward: -5.000, Length: 40, Loss: 0.5623, Epsilon: 0.100
2026-03-17 05:14:34 | INFO | Episode  226 - Reward: -8.000, Length: 40, Loss: 0.0192, Epsilon: 0.100
2026-03-17 05:14:35 | INFO | Episode  227 - Reward: -7.250, Length: 40, Loss: 0.5577, Epsilon: 0.100
2026-03-17 05:14:36 | INFO | Episode  228 - Reward: -7.700, Length: 40, Loss: 0.5839, Epsilon: 0.100
2026-03-17 05:14:38 | INFO | Episode  229 - Reward: -7.850, Length: 40, Loss: 0.0129, Epsilon: 0.100
2026-03-17 05:14:39 | INFO | Episode  230 - Reward: -2.450, Length: 40, Loss: 0.0190, Epsilon: 0.100
2026-03-17 05:14:40 | INFO | Episode  231 - Reward: -7.850, Length: 40, Loss: 0.0151, Epsilon: 0.100
2026-03-17 05:14:41 | INFO | Episode  232 - Reward: -5.450, Length: 40, Loss: 0.0176, Epsilon: 0.100
2026-03-17 05:14:42 | INFO | Episode  233 - Reward: -2.300, Length: 40, Loss: 0.0292, Epsilon: 0.100
2026-03-17 05:14:43 | INFO | Episode  234 - Reward: -3.050, Length: 40, Loss: 0.5591, Epsilon: 0.100
2026-03-17 05:14:44 | INFO | Episode  235 - Reward: -2.450, Length: 40, Loss: 0.5725, Epsilon: 0.100
2026-03-17 05:14:45 | INFO | Episode  236 - Reward: -2.150, Length: 40, Loss: 0.5621, Epsilon: 0.100
2026-03-17 05:14:46 | INFO | Episode  237 - Reward: -3.350, Length: 40, Loss: 0.0164, Epsilon: 0.100
2026-03-17 05:14:48 | INFO | Episode  238 - Reward: -2.600, Length: 40, Loss: 0.5543, Epsilon: 0.100
2026-03-17 05:14:49 | INFO | Episode  239 - Reward: -2.450, Length: 40, Loss: 0.0176, Epsilon: 0.100
2026-03-17 05:14:50 | INFO | Episode  240 - Reward: -2.300, Length: 40, Loss: 0.0183, Epsilon: 0.100
2026-03-17 05:14:51 | INFO | Episode  241 - Reward: -2.150, Length: 40, Loss: 0.0176, Epsilon: 0.100
2026-03-17 05:14:52 | INFO | Episode  242 - Reward: -4.100, Length: 40, Loss: 0.0147, Epsilon: 0.100
2026-03-17 05:14:52 | INFO | Episode  243 - Reward: -6.050, Length: 40, Loss: 0.0092, Epsilon: 0.100
2026-03-17 05:14:54 | INFO | Episode  244 - Reward: -5.000, Length: 40, Loss: 0.0333, Epsilon: 0.100
2026-03-17 05:14:55 | INFO | Episode  245 - Reward: -3.800, Length: 40, Loss: 0.0176, Epsilon: 0.100
2026-03-17 05:14:56 | INFO | Episode  246 - Reward: -4.250, Length: 40, Loss: 0.0155, Epsilon: 0.100
2026-03-17 05:14:57 | INFO | Episode  247 - Reward: -2.150, Length: 40, Loss: 0.0233, Epsilon: 0.100
2026-03-17 05:14:58 | INFO | Episode  248 - Reward: -2.600, Length: 40, Loss: 0.0155, Epsilon: 0.100
2026-03-17 05:14:59 | INFO | Episode  249 - Reward: -2.300, Length: 40, Loss: 0.0127, Epsilon: 0.100
2026-03-17 05:15:00 | INFO | Episode  250 - Reward: -2.300, Length: 40, Loss: 0.0121, Epsilon: 0.100
2026-03-17 05:15:16 | INFO | [Episode  250] eps=0.100  avg_reward=  -3.428  avg_length= 40.00  avg_loss=  0.4420  eval_success=0.000
