2026-03-17 04:40:19 | INFO | ============================================================
2026-03-17 04:40:19 | INFO | DEVICE / COMPUTE INFORMATION
2026-03-17 04:40:19 | INFO |   JAX backend       : GPU
2026-03-17 04:40:19 | INFO |   Platform          : gpu
2026-03-17 04:40:19 | INFO |   Num devices       : 1
2026-03-17 04:40:19 | INFO |   Device            : cuda:0
2026-03-17 04:40:19 | INFO |   GPU name          : NVIDIA GeForce RTX 5060 Laptop GPU
2026-03-17 04:40:19 | INFO | ============================================================
2026-03-17 04:40:19 | INFO | ✓ JAX GPU backend confirmed.
2026-03-17 04:40:21 | INFO | DQN seed=4_gamma=0.9_lr=0.1
2026-03-17 04:40:23 | INFO | Episode    1 - Reward: -7.850, Length: 40, Loss: 0.0000, Epsilon: 0.991
2026-03-17 04:40:24 | INFO | Episode    2 - Reward: -4.250, Length: 40, Loss: 0.0000, Epsilon: 0.982
2026-03-17 04:40:29 | INFO | Episode    3 - Reward: -5.450, Length: 40, Loss: 0.0397, Epsilon: 0.973
2026-03-17 04:40:30 | INFO | Episode    4 - Reward: -4.250, Length: 40, Loss: 0.0115, Epsilon: 0.964
2026-03-17 04:40:31 | INFO | Episode    5 - Reward: -5.300, Length: 40, Loss: 0.1075, Epsilon: 0.955
2026-03-17 04:40:32 | INFO | Episode    6 - Reward: -5.450, Length: 40, Loss: 0.0368, Epsilon: 0.946
2026-03-17 04:40:33 | INFO | Episode    7 - Reward: -3.950, Length: 40, Loss: 0.0068, Epsilon: 0.937
2026-03-17 04:40:35 | INFO | Episode    8 - Reward: -10.100, Length: 40, Loss: 0.0595, Epsilon: 0.928
2026-03-17 04:40:36 | INFO | Episode    9 - Reward: -4.550, Length: 40, Loss: 0.0082, Epsilon: 0.919
2026-03-17 04:40:37 | INFO | Episode   10 - Reward: -9.800, Length: 40, Loss: 0.0924, Epsilon: 0.910
2026-03-17 04:40:38 | INFO | Episode   11 - Reward: 2.150, Length: 38, Loss: 0.0364, Epsilon: 0.901
2026-03-17 04:40:39 | INFO | Episode   12 - Reward: -4.400, Length: 40, Loss: 0.0339, Epsilon: 0.892
2026-03-17 04:40:40 | INFO | Episode   13 - Reward: -5.000, Length: 40, Loss: 0.0338, Epsilon: 0.883
2026-03-17 04:40:41 | INFO | Episode   14 - Reward: -4.100, Length: 40, Loss: 0.9325, Epsilon: 0.874
2026-03-17 04:40:42 | INFO | Episode   15 - Reward: -4.850, Length: 40, Loss: 0.0816, Epsilon: 0.865
2026-03-17 04:40:44 | INFO | Episode   16 - Reward: 7.350, Length: 24, Loss: 0.9464, Epsilon: 0.856
2026-03-17 04:40:45 | INFO | Episode   17 - Reward: 7.350, Length: 24, Loss: 0.0955, Epsilon: 0.847
2026-03-17 04:40:46 | INFO | Episode   18 - Reward: 5.400, Length: 27, Loss: 0.9049, Epsilon: 0.838
2026-03-17 04:40:47 | INFO | Episode   19 - Reward: -6.650, Length: 40, Loss: 0.8428, Epsilon: 0.829
2026-03-17 04:40:48 | INFO | Episode   20 - Reward: -4.850, Length: 40, Loss: 0.8341, Epsilon: 0.820
2026-03-17 04:40:49 | INFO | Episode   21 - Reward: -4.700, Length: 40, Loss: 0.8977, Epsilon: 0.811
2026-03-17 04:40:49 | INFO | Episode   22 - Reward: -6.350, Length: 40, Loss: 1.4367, Epsilon: 0.802
2026-03-17 04:40:50 | INFO | Episode   23 - Reward: -4.250, Length: 40, Loss: 0.1007, Epsilon: 0.793
2026-03-17 04:40:52 | INFO | Episode   24 - Reward: -4.400, Length: 40, Loss: 0.7906, Epsilon: 0.784
2026-03-17 04:40:53 | INFO | Episode   25 - Reward: -11.900, Length: 40, Loss: 0.1559, Epsilon: 0.775
2026-03-17 04:40:54 | INFO | Episode   26 - Reward: 7.250, Length: 29, Loss: 1.9077, Epsilon: 0.766
2026-03-17 04:40:55 | INFO | Episode   27 - Reward: -6.050, Length: 40, Loss: 0.1676, Epsilon: 0.757
2026-03-17 04:40:56 | INFO | Episode   28 - Reward: 6.000, Length: 21, Loss: 0.0811, Epsilon: 0.748
2026-03-17 04:40:58 | INFO | Episode   29 - Reward: -5.600, Length: 40, Loss: 0.7020, Epsilon: 0.739
2026-03-17 04:40:59 | INFO | Episode   30 - Reward: -3.050, Length: 40, Loss: 0.7122, Epsilon: 0.730
2026-03-17 04:41:00 | INFO | Episode   31 - Reward: -3.800, Length: 40, Loss: 1.1741, Epsilon: 0.721
2026-03-17 04:41:01 | INFO | Episode   32 - Reward: -4.400, Length: 40, Loss: 0.1468, Epsilon: 0.712
2026-03-17 04:41:02 | INFO | Episode   33 - Reward: -4.400, Length: 40, Loss: 0.0755, Epsilon: 0.703
2026-03-17 04:41:03 | INFO | Episode   34 - Reward: -7.100, Length: 40, Loss: 0.1240, Epsilon: 0.694
2026-03-17 04:41:04 | INFO | Episode   35 - Reward: 8.350, Length: 19, Loss: 0.0679, Epsilon: 0.685
2026-03-17 04:41:05 | INFO | Episode   36 - Reward: 6.900, Length: 12, Loss: 1.0789, Epsilon: 0.676
2026-03-17 04:41:06 | INFO | Episode   37 - Reward: -8.900, Length: 40, Loss: 0.1659, Epsilon: 0.667
2026-03-17 04:41:08 | INFO | Episode   38 - Reward: 6.000, Length: 24, Loss: 0.6496, Epsilon: 0.658
2026-03-17 04:41:09 | INFO | Episode   39 - Reward: 6.600, Length: 15, Loss: 1.2254, Epsilon: 0.649
2026-03-17 04:41:10 | INFO | Episode   40 - Reward: -6.500, Length: 40, Loss: 0.7808, Epsilon: 0.640
2026-03-17 04:41:11 | INFO | Episode   41 - Reward: 6.250, Length: 40, Loss: 1.6200, Epsilon: 0.631
2026-03-17 04:41:12 | INFO | Episode   42 - Reward: -5.450, Length: 40, Loss: 0.7600, Epsilon: 0.622
2026-03-17 04:41:13 | INFO | Episode   43 - Reward: 5.150, Length: 35, Loss: 0.6132, Epsilon: 0.613
2026-03-17 04:41:14 | INFO | Episode   44 - Reward: -6.800, Length: 40, Loss: 1.2659, Epsilon: 0.604
2026-03-17 04:41:15 | INFO | Episode   45 - Reward: -5.750, Length: 40, Loss: 0.6781, Epsilon: 0.595
2026-03-17 04:41:16 | INFO | Episode   46 - Reward: -4.250, Length: 40, Loss: 0.1126, Epsilon: 0.586
2026-03-17 04:41:17 | INFO | Episode   47 - Reward: 8.750, Length: 14, Loss: 0.6400, Epsilon: 0.577
2026-03-17 04:41:18 | INFO | Episode   48 - Reward: -5.000, Length: 40, Loss: 1.0229, Epsilon: 0.568
2026-03-17 04:41:20 | INFO | Episode   49 - Reward: 5.650, Length: 40, Loss: 0.1705, Epsilon: 0.559
2026-03-17 04:41:21 | INFO | Episode   50 - Reward: -5.000, Length: 40, Loss: 0.1366, Epsilon: 0.550
2026-03-17 04:41:37 | INFO | [Episode   50] eps=0.550  avg_reward=  -2.306  avg_length= 36.04  avg_loss=  0.4913  eval_success=0.000
2026-03-17 04:41:38 | INFO | Episode   51 - Reward: -6.350, Length: 40, Loss: 0.5295, Epsilon: 0.541
2026-03-17 04:41:39 | INFO | Episode   52 - Reward: -5.450, Length: 40, Loss: 0.1020, Epsilon: 0.532
2026-03-17 04:41:41 | INFO | Episode   53 - Reward: -7.250, Length: 40, Loss: 0.5739, Epsilon: 0.523
2026-03-17 04:41:42 | INFO | Episode   54 - Reward: 7.200, Length: 12, Loss: 0.1733, Epsilon: 0.514
2026-03-17 04:41:43 | INFO | Episode   55 - Reward: 9.250, Length: 10, Loss: 0.1184, Epsilon: 0.505
2026-03-17 04:41:44 | INFO | Episode   56 - Reward: 1.450, Length: 34, Loss: 0.1537, Epsilon: 0.496
2026-03-17 04:41:45 | INFO | Episode   57 - Reward: 2.700, Length: 21, Loss: 0.1146, Epsilon: 0.487
2026-03-17 04:41:46 | INFO | Episode   58 - Reward: 1.900, Length: 25, Loss: 0.1198, Epsilon: 0.478
2026-03-17 04:41:47 | INFO | Episode   59 - Reward: 8.850, Length: 18, Loss: 0.5268, Epsilon: 0.469
2026-03-17 04:41:48 | INFO | Episode   60 - Reward: -6.650, Length: 40, Loss: 0.7477, Epsilon: 0.460
2026-03-17 04:41:49 | INFO | Episode   61 - Reward: 0.750, Length: 24, Loss: 0.1770, Epsilon: 0.451
2026-03-17 04:41:50 | INFO | Episode   62 - Reward: 9.650, Length: 8, Loss: 0.5547, Epsilon: 0.442
2026-03-17 04:41:52 | INFO | Episode   63 - Reward: -0.400, Length: 35, Loss: 1.3803, Epsilon: 0.433
2026-03-17 04:41:53 | INFO | Episode   64 - Reward: 9.550, Length: 10, Loss: 1.2419, Epsilon: 0.424
2026-03-17 04:41:53 | INFO | Episode   65 - Reward: -6.350, Length: 40, Loss: 0.4475, Epsilon: 0.415
2026-03-17 04:41:54 | INFO | Episode   66 - Reward: 7.500, Length: 9, Loss: 1.0105, Epsilon: 0.406
2026-03-17 04:41:55 | INFO | Episode   67 - Reward: -7.700, Length: 40, Loss: 0.5206, Epsilon: 0.397
2026-03-17 04:41:56 | INFO | Episode   68 - Reward: 6.400, Length: 16, Loss: 0.1437, Epsilon: 0.388
2026-03-17 04:41:57 | INFO | Episode   69 - Reward: 9.250, Length: 13, Loss: 1.1585, Epsilon: 0.379
2026-03-17 04:41:59 | INFO | Episode   70 - Reward: 2.200, Length: 19, Loss: 0.4849, Epsilon: 0.370
2026-03-17 04:42:00 | INFO | Episode   71 - Reward: 9.150, Length: 15, Loss: 0.8561, Epsilon: 0.361
2026-03-17 04:42:01 | INFO | Episode   72 - Reward: -3.200, Length: 40, Loss: 0.1073, Epsilon: 0.352
2026-03-17 04:42:02 | INFO | Episode   73 - Reward: -9.350, Length: 40, Loss: 0.3945, Epsilon: 0.343
2026-03-17 04:42:03 | INFO | Episode   74 - Reward: -6.050, Length: 40, Loss: 0.5598, Epsilon: 0.334
2026-03-17 04:42:04 | INFO | Episode   75 - Reward: -6.350, Length: 40, Loss: 0.9120, Epsilon: 0.325
2026-03-17 04:42:05 | INFO | Episode   76 - Reward: -9.050, Length: 40, Loss: 0.6183, Epsilon: 0.316
2026-03-17 04:42:06 | INFO | Episode   77 - Reward: -8.000, Length: 40, Loss: 1.2010, Epsilon: 0.307
2026-03-17 04:42:08 | INFO | Episode   78 - Reward: -5.450, Length: 40, Loss: 1.5376, Epsilon: 0.298
2026-03-17 04:42:09 | INFO | Episode   79 - Reward: 9.550, Length: 10, Loss: 0.7942, Epsilon: 0.289
2026-03-17 04:42:10 | INFO | Episode   80 - Reward: -5.750, Length: 40, Loss: 0.3837, Epsilon: 0.280
2026-03-17 04:42:11 | INFO | Episode   81 - Reward: -5.000, Length: 40, Loss: 1.0650, Epsilon: 0.271
2026-03-17 04:42:12 | INFO | Episode   82 - Reward: 3.700, Length: 34, Loss: 0.5010, Epsilon: 0.262
2026-03-17 04:42:13 | INFO | Episode   83 - Reward: -8.300, Length: 40, Loss: 0.6970, Epsilon: 0.253
2026-03-17 04:42:14 | INFO | Episode   84 - Reward: -2.600, Length: 40, Loss: 1.4369, Epsilon: 0.244
2026-03-17 04:42:15 | INFO | Episode   85 - Reward: 7.200, Length: 15, Loss: 0.4476, Epsilon: 0.235
2026-03-17 04:42:17 | INFO | Episode   86 - Reward: -6.200, Length: 40, Loss: 1.4638, Epsilon: 0.226
2026-03-17 04:42:18 | INFO | Episode   87 - Reward: -5.900, Length: 40, Loss: 1.0310, Epsilon: 0.217
2026-03-17 04:42:19 | INFO | Episode   88 - Reward: -6.800, Length: 40, Loss: 2.8211, Epsilon: 0.208
2026-03-17 04:42:20 | INFO | Episode   89 - Reward: 7.950, Length: 18, Loss: 0.3030, Epsilon: 0.199
2026-03-17 04:42:21 | INFO | Episode   90 - Reward: -2.300, Length: 40, Loss: 0.5452, Epsilon: 0.190
2026-03-17 04:42:22 | INFO | Episode   91 - Reward: -6.650, Length: 40, Loss: 0.5301, Epsilon: 0.181
2026-03-17 04:42:23 | INFO | Episode   92 - Reward: 5.550, Length: 30, Loss: 0.7006, Epsilon: 0.172
2026-03-17 04:42:24 | INFO | Episode   93 - Reward: -6.950, Length: 40, Loss: 0.3355, Epsilon: 0.163
2026-03-17 04:42:24 | INFO | Episode   94 - Reward: 9.450, Length: 12, Loss: 0.2631, Epsilon: 0.154
2026-03-17 04:42:25 | INFO | Episode   95 - Reward: 7.700, Length: 8, Loss: 0.5844, Epsilon: 0.145
2026-03-17 04:42:26 | INFO | Episode   96 - Reward: -8.000, Length: 40, Loss: 0.3956, Epsilon: 0.136
2026-03-17 04:42:27 | INFO | Episode   97 - Reward: 3.950, Length: 38, Loss: 0.5223, Epsilon: 0.127
2026-03-17 04:42:27 | INFO | Episode   98 - Reward: -2.600, Length: 40, Loss: 0.3293, Epsilon: 0.118
2026-03-17 04:42:28 | INFO | Episode   99 - Reward: -7.100, Length: 40, Loss: 0.4954, Epsilon: 0.109
2026-03-17 04:42:29 | INFO | Episode  100 - Reward: -6.800, Length: 40, Loss: 0.2559, Epsilon: 0.100
2026-03-17 04:42:42 | INFO | [Episode  100] eps=0.100  avg_reward=  -0.554  avg_length= 30.28  avg_loss=  0.6474  eval_success=0.000
2026-03-17 04:42:42 | INFO | Episode  101 - Reward: 3.500, Length: 29, Loss: 0.7524, Epsilon: 0.100
2026-03-17 04:42:43 | INFO | Episode  102 - Reward: 9.650, Length: 8, Loss: 0.6658, Epsilon: 0.100
2026-03-17 04:42:44 | INFO | Episode  103 - Reward: -9.950, Length: 40, Loss: 0.6816, Epsilon: 0.100
2026-03-17 04:42:45 | INFO | Episode  104 - Reward: -7.550, Length: 40, Loss: 0.3341, Epsilon: 0.100
2026-03-17 04:42:46 | INFO | Episode  105 - Reward: -7.700, Length: 40, Loss: 0.3941, Epsilon: 0.100
2026-03-17 04:42:47 | INFO | Episode  106 - Reward: -7.550, Length: 40, Loss: 0.6220, Epsilon: 0.100
2026-03-17 04:42:48 | INFO | Episode  107 - Reward: -7.850, Length: 40, Loss: 0.5752, Epsilon: 0.100
2026-03-17 04:42:48 | INFO | Episode  108 - Reward: -8.300, Length: 40, Loss: 0.2235, Epsilon: 0.100
2026-03-17 04:42:49 | INFO | Episode  109 - Reward: -8.300, Length: 40, Loss: 0.4470, Epsilon: 0.100
2026-03-17 04:42:50 | INFO | Episode  110 - Reward: 6.800, Length: 14, Loss: 1.0870, Epsilon: 0.100
2026-03-17 04:42:51 | INFO | Episode  111 - Reward: 9.650, Length: 8, Loss: 0.2528, Epsilon: 0.100
2026-03-17 04:42:52 | INFO | Episode  112 - Reward: 9.650, Length: 8, Loss: 0.5137, Epsilon: 0.100
2026-03-17 04:42:53 | INFO | Episode  113 - Reward: 7.500, Length: 9, Loss: 0.9712, Epsilon: 0.100
2026-03-17 04:42:54 | INFO | Episode  114 - Reward: 9.450, Length: 9, Loss: 0.7899, Epsilon: 0.100
2026-03-17 04:42:55 | INFO | Episode  115 - Reward: 9.650, Length: 8, Loss: 0.5418, Epsilon: 0.100
2026-03-17 04:42:55 | INFO | Episode  116 - Reward: 7.500, Length: 9, Loss: 0.3031, Epsilon: 0.100
2026-03-17 04:42:55 | INFO | Episode  117 - Reward: 9.650, Length: 8, Loss: 0.9482, Epsilon: 0.100
2026-03-17 04:42:56 | INFO | Episode  118 - Reward: -7.250, Length: 40, Loss: 0.9064, Epsilon: 0.100
2026-03-17 04:42:57 | INFO | Episode  119 - Reward: -6.950, Length: 40, Loss: 2.0903, Epsilon: 0.100
2026-03-17 04:42:58 | INFO | Episode  120 - Reward: 9.650, Length: 8, Loss: 0.7051, Epsilon: 0.100
2026-03-17 04:42:59 | INFO | Episode  121 - Reward: -6.500, Length: 40, Loss: 0.5731, Epsilon: 0.100
2026-03-17 04:43:00 | INFO | Episode  122 - Reward: 8.850, Length: 12, Loss: 0.7830, Epsilon: 0.100
2026-03-17 04:43:01 | INFO | Episode  123 - Reward: 9.650, Length: 8, Loss: 0.8570, Epsilon: 0.100
2026-03-17 04:43:02 | INFO | Episode  124 - Reward: -7.250, Length: 40, Loss: 1.2813, Epsilon: 0.100
2026-03-17 04:43:02 | INFO | Episode  125 - Reward: -7.850, Length: 40, Loss: 1.2202, Epsilon: 0.100
2026-03-17 04:43:03 | INFO | Episode  126 - Reward: 4.050, Length: 39, Loss: 0.4178, Epsilon: 0.100
2026-03-17 04:43:04 | INFO | Episode  127 - Reward: 9.150, Length: 12, Loss: 0.1264, Epsilon: 0.100
2026-03-17 04:43:05 | INFO | Episode  128 - Reward: -6.800, Length: 40, Loss: 0.1891, Epsilon: 0.100
2026-03-17 04:43:06 | INFO | Episode  129 - Reward: 7.700, Length: 8, Loss: 0.6120, Epsilon: 0.100
2026-03-17 04:43:07 | INFO | Episode  130 - Reward: 9.150, Length: 12, Loss: 0.3294, Epsilon: 0.100
2026-03-17 04:43:08 | INFO | Episode  131 - Reward: 4.350, Length: 36, Loss: 0.6977, Epsilon: 0.100
2026-03-17 04:43:09 | INFO | Episode  132 - Reward: 9.650, Length: 8, Loss: 0.5379, Epsilon: 0.100
2026-03-17 04:43:10 | INFO | Episode  133 - Reward: 9.650, Length: 8, Loss: 0.4846, Epsilon: 0.100
2026-03-17 04:43:10 | INFO | Episode  134 - Reward: -4.400, Length: 40, Loss: 1.1591, Epsilon: 0.100
2026-03-17 04:43:11 | INFO | Episode  135 - Reward: -8.000, Length: 40, Loss: 0.8438, Epsilon: 0.100
2026-03-17 04:43:13 | INFO | Episode  136 - Reward: 3.900, Length: 30, Loss: 0.7085, Epsilon: 0.100
2026-03-17 04:43:14 | INFO | Episode  137 - Reward: 7.700, Length: 8, Loss: 0.4309, Epsilon: 0.100
2026-03-17 04:43:15 | INFO | Episode  138 - Reward: 7.700, Length: 8, Loss: 0.3609, Epsilon: 0.100
2026-03-17 04:43:16 | INFO | Episode  139 - Reward: -8.000, Length: 40, Loss: 1.0673, Epsilon: 0.100
2026-03-17 04:43:17 | INFO | Episode  140 - Reward: 7.700, Length: 8, Loss: 0.7085, Epsilon: 0.100
2026-03-17 04:43:18 | INFO | Episode  141 - Reward: 9.150, Length: 12, Loss: 0.4391, Epsilon: 0.100
2026-03-17 04:43:19 | INFO | Episode  142 - Reward: 7.200, Length: 12, Loss: 0.3725, Epsilon: 0.100
2026-03-17 04:43:20 | INFO | Episode  143 - Reward: 4.500, Length: 24, Loss: 0.6704, Epsilon: 0.100
2026-03-17 04:43:21 | INFO | Episode  144 - Reward: -9.950, Length: 40, Loss: 0.5538, Epsilon: 0.100
2026-03-17 04:43:23 | INFO | Episode  145 - Reward: -8.000, Length: 40, Loss: 1.5818, Epsilon: 0.100
2026-03-17 04:43:24 | INFO | Episode  146 - Reward: 7.700, Length: 8, Loss: 1.1754, Epsilon: 0.100
2026-03-17 04:43:25 | INFO | Episode  147 - Reward: 7.600, Length: 10, Loss: 0.8947, Epsilon: 0.100
2026-03-17 04:43:26 | INFO | Episode  148 - Reward: 7.700, Length: 8, Loss: 2.3844, Epsilon: 0.100
2026-03-17 04:43:26 | INFO | Episode  149 - Reward: 9.450, Length: 9, Loss: 0.4751, Epsilon: 0.100
2026-03-17 04:43:28 | INFO | Episode  150 - Reward: 9.650, Length: 8, Loss: 0.4396, Epsilon: 0.100
2026-03-17 04:43:31 | INFO | [Episode  150] eps=0.100  avg_reward=   2.333  avg_length= 22.52  avg_loss=  0.7236  eval_success=1.000
2026-03-17 04:43:32 | INFO | Episode  151 - Reward: 6.650, Length: 26, Loss: 1.2245, Epsilon: 0.100
2026-03-17 04:43:33 | INFO | Episode  152 - Reward: -6.650, Length: 40, Loss: 1.0583, Epsilon: 0.100
2026-03-17 04:43:34 | INFO | Episode  153 - Reward: 7.500, Length: 12, Loss: 1.4446, Epsilon: 0.100
2026-03-17 04:43:36 | INFO | Episode  154 - Reward: 5.200, Length: 22, Loss: 0.4234, Epsilon: 0.100
2026-03-17 04:43:37 | INFO | Episode  155 - Reward: 9.650, Length: 8, Loss: 1.5993, Epsilon: 0.100
2026-03-17 04:43:38 | INFO | Episode  156 - Reward: -6.650, Length: 40, Loss: 1.4800, Epsilon: 0.100
2026-03-17 04:43:39 | INFO | Episode  157 - Reward: -10.250, Length: 40, Loss: 1.0392, Epsilon: 0.100
2026-03-17 04:43:40 | INFO | Episode  158 - Reward: 7.600, Length: 10, Loss: 0.7335, Epsilon: 0.100
2026-03-17 04:43:41 | INFO | Episode  159 - Reward: 7.700, Length: 8, Loss: 0.8273, Epsilon: 0.100
2026-03-17 04:43:42 | INFO | Episode  160 - Reward: 9.650, Length: 8, Loss: 1.3606, Epsilon: 0.100
2026-03-17 04:43:43 | INFO | Episode  161 - Reward: 9.650, Length: 8, Loss: 1.5366, Epsilon: 0.100
2026-03-17 04:43:44 | INFO | Episode  162 - Reward: 9.650, Length: 8, Loss: 2.3608, Epsilon: 0.100
2026-03-17 04:43:45 | INFO | Episode  163 - Reward: -7.550, Length: 40, Loss: 0.2541, Epsilon: 0.100
2026-03-17 04:43:46 | INFO | Episode  164 - Reward: 9.650, Length: 8, Loss: 0.2591, Epsilon: 0.100
2026-03-17 04:43:48 | INFO | Episode  165 - Reward: 7.600, Length: 10, Loss: 0.6858, Epsilon: 0.100
2026-03-17 04:43:49 | INFO | Episode  166 - Reward: 9.250, Length: 10, Loss: 1.1031, Epsilon: 0.100
2026-03-17 04:43:50 | INFO | Episode  167 - Reward: -6.350, Length: 40, Loss: 0.9109, Epsilon: 0.100
2026-03-17 04:43:51 | INFO | Episode  168 - Reward: 9.650, Length: 8, Loss: 1.3848, Epsilon: 0.100
2026-03-17 04:43:52 | INFO | Episode  169 - Reward: 9.650, Length: 8, Loss: 1.1863, Epsilon: 0.100
2026-03-17 04:43:53 | INFO | Episode  170 - Reward: 7.700, Length: 8, Loss: 1.7371, Epsilon: 0.100
2026-03-17 04:43:54 | INFO | Episode  171 - Reward: 9.650, Length: 8, Loss: 0.4662, Epsilon: 0.100
2026-03-17 04:43:55 | INFO | Episode  172 - Reward: 9.550, Length: 10, Loss: 0.2206, Epsilon: 0.100
2026-03-17 04:43:56 | INFO | Episode  173 - Reward: 9.550, Length: 10, Loss: 0.7433, Epsilon: 0.100
2026-03-17 04:43:58 | INFO | Episode  174 - Reward: 9.550, Length: 10, Loss: 0.8056, Epsilon: 0.100
2026-03-17 04:43:58 | INFO | Episode  175 - Reward: -8.900, Length: 40, Loss: 0.3319, Epsilon: 0.100
2026-03-17 04:43:59 | INFO | Episode  176 - Reward: 7.400, Length: 11, Loss: 1.3167, Epsilon: 0.100
2026-03-17 04:44:00 | INFO | Episode  177 - Reward: 7.400, Length: 11, Loss: 0.7984, Epsilon: 0.100
2026-03-17 04:44:01 | INFO | Episode  178 - Reward: 2.900, Length: 32, Loss: 0.3410, Epsilon: 0.100
2026-03-17 04:44:02 | INFO | Episode  179 - Reward: -7.100, Length: 40, Loss: 1.7328, Epsilon: 0.100
2026-03-17 04:44:03 | INFO | Episode  180 - Reward: 9.450, Length: 9, Loss: 1.0390, Epsilon: 0.100
2026-03-17 04:44:04 | INFO | Episode  181 - Reward: 9.450, Length: 9, Loss: 0.2986, Epsilon: 0.100
2026-03-17 04:44:05 | INFO | Episode  182 - Reward: 7.600, Length: 10, Loss: 0.6345, Epsilon: 0.100
2026-03-17 04:44:07 | INFO | Episode  183 - Reward: 9.650, Length: 8, Loss: 1.8676, Epsilon: 0.100
2026-03-17 04:44:08 | INFO | Episode  184 - Reward: 7.600, Length: 10, Loss: 1.5860, Epsilon: 0.100
2026-03-17 04:44:09 | INFO | Episode  185 - Reward: 9.550, Length: 10, Loss: 0.8249, Epsilon: 0.100
2026-03-17 04:44:10 | INFO | Episode  186 - Reward: 9.650, Length: 8, Loss: 1.2619, Epsilon: 0.100
2026-03-17 04:44:11 | INFO | Episode  187 - Reward: 9.650, Length: 8, Loss: 0.2388, Epsilon: 0.100
2026-03-17 04:44:12 | INFO | Episode  188 - Reward: 9.550, Length: 10, Loss: 0.2869, Epsilon: 0.100
2026-03-17 04:44:13 | INFO | Episode  189 - Reward: 7.600, Length: 10, Loss: 2.4828, Epsilon: 0.100
2026-03-17 04:44:14 | INFO | Episode  190 - Reward: 9.450, Length: 9, Loss: 0.2552, Epsilon: 0.100
2026-03-17 04:44:15 | INFO | Episode  191 - Reward: 9.650, Length: 8, Loss: 1.6397, Epsilon: 0.100
2026-03-17 04:44:16 | INFO | Episode  192 - Reward: 9.650, Length: 8, Loss: 0.5024, Epsilon: 0.100
2026-03-17 04:44:17 | INFO | Episode  193 - Reward: 7.400, Length: 11, Loss: 0.3283, Epsilon: 0.100
2026-03-17 04:44:18 | INFO | Episode  194 - Reward: 9.650, Length: 8, Loss: 1.8870, Epsilon: 0.100
2026-03-17 04:44:19 | INFO | Episode  195 - Reward: -8.750, Length: 40, Loss: 0.3550, Epsilon: 0.100
2026-03-17 04:44:21 | INFO | Episode  196 - Reward: 9.650, Length: 8, Loss: 0.9582, Epsilon: 0.100
2026-03-17 04:44:22 | INFO | Episode  197 - Reward: -7.400, Length: 40, Loss: 0.4351, Epsilon: 0.100
2026-03-17 04:44:23 | INFO | Episode  198 - Reward: 7.700, Length: 8, Loss: 1.0116, Epsilon: 0.100
2026-03-17 04:44:24 | INFO | Episode  199 - Reward: 7.700, Length: 8, Loss: 0.4833, Epsilon: 0.100
2026-03-17 04:44:25 | INFO | Episode  200 - Reward: 9.650, Length: 8, Loss: 1.0734, Epsilon: 0.100
2026-03-17 04:44:29 | INFO | [Episode  200] eps=0.100  avg_reward=   5.668  avg_length= 15.64  avg_loss=  0.9763  eval_success=1.000
2026-03-17 04:44:30 | INFO | Episode  201 - Reward: 7.700, Length: 8, Loss: 1.7595, Epsilon: 0.100
2026-03-17 04:44:30 | INFO | Episode  202 - Reward: -12.050, Length: 40, Loss: 1.0117, Epsilon: 0.100
2026-03-17 04:44:31 | INFO | Episode  203 - Reward: 9.550, Length: 10, Loss: 1.3415, Epsilon: 0.100
2026-03-17 04:44:32 | INFO | Episode  204 - Reward: 9.250, Length: 10, Loss: 1.4572, Epsilon: 0.100
2026-03-17 04:44:33 | INFO | Episode  205 - Reward: 9.650, Length: 8, Loss: 0.8163, Epsilon: 0.100
2026-03-17 04:44:34 | INFO | Episode  206 - Reward: -2.250, Length: 33, Loss: 1.0271, Epsilon: 0.100
2026-03-17 04:44:35 | INFO | Episode  207 - Reward: 7.300, Length: 13, Loss: 1.0077, Epsilon: 0.100
2026-03-17 04:44:37 | INFO | Episode  208 - Reward: -7.100, Length: 40, Loss: 0.9924, Epsilon: 0.100
2026-03-17 04:44:38 | INFO | Episode  209 - Reward: 1.700, Length: 38, Loss: 2.0759, Epsilon: 0.100
2026-03-17 04:44:39 | INFO | Episode  210 - Reward: 9.650, Length: 8, Loss: 0.3533, Epsilon: 0.100
2026-03-17 04:44:40 | INFO | Episode  211 - Reward: 7.700, Length: 8, Loss: 0.5538, Epsilon: 0.100
2026-03-17 04:44:41 | INFO | Episode  212 - Reward: 9.650, Length: 8, Loss: 0.6182, Epsilon: 0.100
2026-03-17 04:44:42 | INFO | Episode  213 - Reward: 9.650, Length: 8, Loss: 1.3649, Epsilon: 0.100
2026-03-17 04:44:43 | INFO | Episode  214 - Reward: 9.350, Length: 11, Loss: 0.9019, Epsilon: 0.100
2026-03-17 04:44:44 | INFO | Episode  215 - Reward: 7.500, Length: 9, Loss: 0.8895, Epsilon: 0.100
2026-03-17 04:44:45 | INFO | Episode  216 - Reward: -6.800, Length: 40, Loss: 0.4485, Epsilon: 0.100
2026-03-17 04:44:46 | INFO | Episode  217 - Reward: 9.650, Length: 8, Loss: 0.4083, Epsilon: 0.100
2026-03-17 04:44:47 | INFO | Episode  218 - Reward: -7.250, Length: 40, Loss: 0.8219, Epsilon: 0.100
2026-03-17 04:44:48 | INFO | Episode  219 - Reward: -6.500, Length: 40, Loss: 0.8705, Epsilon: 0.100
2026-03-17 04:44:50 | INFO | Episode  220 - Reward: -6.650, Length: 40, Loss: 0.4337, Epsilon: 0.100
2026-03-17 04:44:51 | INFO | Episode  221 - Reward: 9.650, Length: 8, Loss: 0.7592, Epsilon: 0.100
2026-03-17 04:44:51 | INFO | Episode  222 - Reward: 9.450, Length: 9, Loss: 0.9437, Epsilon: 0.100
2026-03-17 04:44:52 | INFO | Episode  223 - Reward: 9.650, Length: 8, Loss: 0.7182, Epsilon: 0.100
2026-03-17 04:44:53 | INFO | Episode  224 - Reward: -7.550, Length: 40, Loss: 0.5389, Epsilon: 0.100
2026-03-17 04:44:54 | INFO | Episode  225 - Reward: -7.250, Length: 40, Loss: 0.3059, Epsilon: 0.100
2026-03-17 04:44:55 | INFO | Episode  226 - Reward: 9.650, Length: 8, Loss: 0.1799, Epsilon: 0.100
2026-03-17 04:44:56 | INFO | Episode  227 - Reward: 9.650, Length: 8, Loss: 1.0365, Epsilon: 0.100
2026-03-17 04:44:57 | INFO | Episode  228 - Reward: 9.650, Length: 8, Loss: 0.5208, Epsilon: 0.100
2026-03-17 04:44:57 | INFO | Episode  229 - Reward: 9.650, Length: 8, Loss: 1.1911, Epsilon: 0.100
2026-03-17 04:44:58 | INFO | Episode  230 - Reward: 9.550, Length: 10, Loss: 0.4709, Epsilon: 0.100
2026-03-17 04:44:59 | INFO | Episode  231 - Reward: 9.650, Length: 8, Loss: 0.8944, Epsilon: 0.100
2026-03-17 04:45:00 | INFO | Episode  232 - Reward: 9.250, Length: 10, Loss: 0.2786, Epsilon: 0.100
2026-03-17 04:45:01 | INFO | Episode  233 - Reward: 9.550, Length: 10, Loss: 0.9044, Epsilon: 0.100
2026-03-17 04:45:01 | INFO | Episode  234 - Reward: 9.650, Length: 8, Loss: 1.3776, Epsilon: 0.100
2026-03-17 04:45:02 | INFO | Episode  235 - Reward: 9.450, Length: 9, Loss: 0.3238, Epsilon: 0.100
2026-03-17 04:45:03 | INFO | Episode  236 - Reward: 7.700, Length: 8, Loss: 1.0651, Epsilon: 0.100
2026-03-17 04:45:04 | INFO | Episode  237 - Reward: 7.500, Length: 12, Loss: 0.4350, Epsilon: 0.100
2026-03-17 04:45:04 | INFO | Episode  238 - Reward: 9.550, Length: 10, Loss: 0.8732, Epsilon: 0.100
2026-03-17 04:45:05 | INFO | Episode  239 - Reward: 9.450, Length: 9, Loss: 0.8911, Epsilon: 0.100
2026-03-17 04:45:06 | INFO | Episode  240 - Reward: 7.600, Length: 10, Loss: 1.2260, Epsilon: 0.100
2026-03-17 04:45:07 | INFO | Episode  241 - Reward: 9.650, Length: 8, Loss: 1.0255, Epsilon: 0.100
2026-03-17 04:45:08 | INFO | Episode  242 - Reward: 9.650, Length: 8, Loss: 0.9179, Epsilon: 0.100
2026-03-17 04:45:09 | INFO | Episode  243 - Reward: 9.550, Length: 10, Loss: 1.6029, Epsilon: 0.100
2026-03-17 04:45:10 | INFO | Episode  244 - Reward: 9.650, Length: 8, Loss: 0.1534, Epsilon: 0.100
2026-03-17 04:45:10 | INFO | Episode  245 - Reward: 7.700, Length: 8, Loss: 0.4456, Epsilon: 0.100
2026-03-17 04:45:11 | INFO | Episode  246 - Reward: 7.700, Length: 8, Loss: 1.1933, Epsilon: 0.100
2026-03-17 04:45:12 | INFO | Episode  247 - Reward: -6.800, Length: 40, Loss: 0.5214, Epsilon: 0.100
2026-03-17 04:45:13 | INFO | Episode  248 - Reward: 9.350, Length: 11, Loss: 0.4519, Epsilon: 0.100
2026-03-17 04:45:14 | INFO | Episode  249 - Reward: 9.650, Length: 8, Loss: 0.9735, Epsilon: 0.100
2026-03-17 04:45:15 | INFO | Episode  250 - Reward: 9.450, Length: 9, Loss: 1.4240, Epsilon: 0.100
2026-03-17 04:45:28 | INFO | [Episode  250] eps=0.100  avg_reward=   5.734  avg_length= 15.58  avg_loss=  0.8560  eval_success=0.000
