2026-03-17 05:04:37 | INFO | ============================================================
2026-03-17 05:04:37 | INFO | DEVICE / COMPUTE INFORMATION
2026-03-17 05:04:37 | INFO |   JAX backend       : GPU
2026-03-17 05:04:37 | INFO |   Platform          : gpu
2026-03-17 05:04:37 | INFO |   Num devices       : 1
2026-03-17 05:04:37 | INFO |   Device            : cuda:0
2026-03-17 05:04:37 | INFO |   GPU name          : NVIDIA GeForce RTX 5060 Laptop GPU
2026-03-17 05:04:37 | INFO | ============================================================
2026-03-17 05:04:37 | INFO | ✓ JAX GPU backend confirmed.
2026-03-17 05:04:38 | INFO | DQN seed=4_gamma=0.99_lr=0.01
2026-03-17 05:04:40 | INFO | Episode    1 - Reward: -7.850, Length: 40, Loss: 0.0000, Epsilon: 0.991
2026-03-17 05:04:41 | INFO | Episode    2 - Reward: -4.250, Length: 40, Loss: 0.0000, Epsilon: 0.982
2026-03-17 05:04:46 | INFO | Episode    3 - Reward: -5.450, Length: 40, Loss: 0.0555, Epsilon: 0.973
2026-03-17 05:04:47 | INFO | Episode    4 - Reward: 4.600, Length: 37, Loss: 0.9423, Epsilon: 0.964
2026-03-17 05:04:48 | INFO | Episode    5 - Reward: -5.300, Length: 40, Loss: 0.7905, Epsilon: 0.955
2026-03-17 05:04:49 | INFO | Episode    6 - Reward: -5.450, Length: 40, Loss: 0.0098, Epsilon: 0.946
2026-03-17 05:04:50 | INFO | Episode    7 - Reward: -3.950, Length: 40, Loss: 0.0694, Epsilon: 0.937
2026-03-17 05:04:51 | INFO | Episode    8 - Reward: 7.950, Length: 30, Loss: 0.7586, Epsilon: 0.928
2026-03-17 05:04:52 | INFO | Episode    9 - Reward: -5.150, Length: 40, Loss: 0.7740, Epsilon: 0.919
2026-03-17 05:04:53 | INFO | Episode   10 - Reward: -7.550, Length: 40, Loss: 0.7417, Epsilon: 0.910
2026-03-17 05:04:54 | INFO | Episode   11 - Reward: 4.300, Length: 37, Loss: 1.5134, Epsilon: 0.901
2026-03-17 05:04:55 | INFO | Episode   12 - Reward: -4.700, Length: 40, Loss: 2.1799, Epsilon: 0.892
2026-03-17 05:04:56 | INFO | Episode   13 - Reward: 6.950, Length: 35, Loss: 1.4530, Epsilon: 0.883
2026-03-17 05:04:57 | INFO | Episode   14 - Reward: -5.900, Length: 40, Loss: 1.6164, Epsilon: 0.874
2026-03-17 05:04:58 | INFO | Episode   15 - Reward: -7.850, Length: 40, Loss: 0.0786, Epsilon: 0.865
2026-03-17 05:04:59 | INFO | Episode   16 - Reward: -8.450, Length: 40, Loss: 0.7749, Epsilon: 0.856
2026-03-17 05:05:00 | INFO | Episode   17 - Reward: 7.350, Length: 24, Loss: 0.0761, Epsilon: 0.847
2026-03-17 05:05:01 | INFO | Episode   18 - Reward: 5.400, Length: 27, Loss: 2.0909, Epsilon: 0.838
2026-03-17 05:05:02 | INFO | Episode   19 - Reward: -9.500, Length: 40, Loss: 0.8129, Epsilon: 0.829
2026-03-17 05:05:03 | INFO | Episode   20 - Reward: -5.150, Length: 40, Loss: 1.6234, Epsilon: 0.820
2026-03-17 05:05:04 | INFO | Episode   21 - Reward: 5.600, Length: 29, Loss: 0.0461, Epsilon: 0.811
2026-03-17 05:05:05 | INFO | Episode   22 - Reward: -8.000, Length: 40, Loss: 0.8480, Epsilon: 0.802
2026-03-17 05:05:07 | INFO | Episode   23 - Reward: -4.850, Length: 40, Loss: 0.0944, Epsilon: 0.793
2026-03-17 05:05:08 | INFO | Episode   24 - Reward: -4.100, Length: 40, Loss: 0.0802, Epsilon: 0.784
2026-03-17 05:05:09 | INFO | Episode   25 - Reward: -7.850, Length: 40, Loss: 0.0793, Epsilon: 0.775
2026-03-17 05:05:10 | INFO | Episode   26 - Reward: 6.250, Length: 34, Loss: 0.1197, Epsilon: 0.766
2026-03-17 05:05:11 | INFO | Episode   27 - Reward: -6.050, Length: 40, Loss: 3.5056, Epsilon: 0.757
2026-03-17 05:05:12 | INFO | Episode   28 - Reward: 5.200, Length: 31, Loss: 0.8889, Epsilon: 0.748
2026-03-17 05:05:13 | INFO | Episode   29 - Reward: -5.450, Length: 40, Loss: 0.1079, Epsilon: 0.739
2026-03-17 05:05:14 | INFO | Episode   30 - Reward: -3.350, Length: 40, Loss: 0.8374, Epsilon: 0.730
2026-03-17 05:05:15 | INFO | Episode   31 - Reward: -3.800, Length: 40, Loss: 0.0657, Epsilon: 0.721
2026-03-17 05:05:16 | INFO | Episode   32 - Reward: -8.150, Length: 40, Loss: 0.8592, Epsilon: 0.712
2026-03-17 05:05:17 | INFO | Episode   33 - Reward: -4.400, Length: 40, Loss: 2.0694, Epsilon: 0.703
2026-03-17 05:05:18 | INFO | Episode   34 - Reward: -6.800, Length: 40, Loss: 0.2217, Epsilon: 0.694
2026-03-17 05:05:19 | INFO | Episode   35 - Reward: -17.000, Length: 40, Loss: 0.1324, Epsilon: 0.685
2026-03-17 05:05:20 | INFO | Episode   36 - Reward: 7.150, Length: 22, Loss: 1.4557, Epsilon: 0.676
2026-03-17 05:05:21 | INFO | Episode   37 - Reward: 3.250, Length: 28, Loss: 0.0608, Epsilon: 0.667
2026-03-17 05:05:22 | INFO | Episode   38 - Reward: -5.900, Length: 40, Loss: 0.7743, Epsilon: 0.658
2026-03-17 05:05:23 | INFO | Episode   39 - Reward: -5.900, Length: 40, Loss: 0.1581, Epsilon: 0.649
2026-03-17 05:05:25 | INFO | Episode   40 - Reward: -5.900, Length: 40, Loss: 0.7785, Epsilon: 0.640
2026-03-17 05:05:26 | INFO | Episode   41 - Reward: -4.100, Length: 40, Loss: 0.7507, Epsilon: 0.631
2026-03-17 05:05:27 | INFO | Episode   42 - Reward: 8.650, Length: 16, Loss: 0.1282, Epsilon: 0.622
2026-03-17 05:05:27 | INFO | Episode   43 - Reward: 5.600, Length: 26, Loss: 1.3701, Epsilon: 0.613
2026-03-17 05:05:28 | INFO | Episode   44 - Reward: -4.400, Length: 40, Loss: 0.8431, Epsilon: 0.604
2026-03-17 05:05:29 | INFO | Episode   45 - Reward: 8.150, Length: 17, Loss: 0.6629, Epsilon: 0.595
2026-03-17 05:05:30 | INFO | Episode   46 - Reward: 8.750, Length: 17, Loss: 0.6862, Epsilon: 0.586
2026-03-17 05:05:31 | INFO | Episode   47 - Reward: -5.300, Length: 40, Loss: 0.1294, Epsilon: 0.577
2026-03-17 05:05:32 | INFO | Episode   48 - Reward: -5.000, Length: 40, Loss: 1.3309, Epsilon: 0.568
2026-03-17 05:05:33 | INFO | Episode   49 - Reward: -1.850, Length: 37, Loss: 1.4253, Epsilon: 0.559
2026-03-17 05:05:34 | INFO | Episode   50 - Reward: -5.000, Length: 40, Loss: 0.7096, Epsilon: 0.550
2026-03-17 05:05:51 | INFO | [Episode   50] eps=0.550  avg_reward=  -2.290  avg_length= 36.14  avg_loss=  0.7516  eval_success=0.000
2026-03-17 05:05:52 | INFO | Episode   51 - Reward: 5.800, Length: 25, Loss: 0.6702, Epsilon: 0.541
2026-03-17 05:05:53 | INFO | Episode   52 - Reward: -5.450, Length: 40, Loss: 1.9440, Epsilon: 0.532
2026-03-17 05:05:54 | INFO | Episode   53 - Reward: -7.250, Length: 40, Loss: 0.7182, Epsilon: 0.523
2026-03-17 05:05:55 | INFO | Episode   54 - Reward: 9.050, Length: 14, Loss: 0.1519, Epsilon: 0.514
2026-03-17 05:05:57 | INFO | Episode   55 - Reward: 6.750, Length: 24, Loss: 0.6617, Epsilon: 0.505
2026-03-17 05:05:58 | INFO | Episode   56 - Reward: 7.250, Length: 23, Loss: 1.3268, Epsilon: 0.496
2026-03-17 05:05:58 | INFO | Episode   57 - Reward: -5.450, Length: 40, Loss: 0.1387, Epsilon: 0.487
2026-03-17 05:05:59 | INFO | Episode   58 - Reward: 8.950, Length: 13, Loss: 0.1371, Epsilon: 0.478
2026-03-17 05:06:00 | INFO | Episode   59 - Reward: -5.000, Length: 40, Loss: 0.7562, Epsilon: 0.469
2026-03-17 05:06:01 | INFO | Episode   60 - Reward: 2.450, Length: 32, Loss: 0.1113, Epsilon: 0.460
2026-03-17 05:06:02 | INFO | Episode   61 - Reward: -5.900, Length: 40, Loss: 0.7083, Epsilon: 0.451
2026-03-17 05:06:03 | INFO | Episode   62 - Reward: 7.250, Length: 23, Loss: 0.1020, Epsilon: 0.442
2026-03-17 05:06:04 | INFO | Episode   63 - Reward: 7.250, Length: 23, Loss: 0.1931, Epsilon: 0.433
2026-03-17 05:06:05 | INFO | Episode   64 - Reward: -6.050, Length: 40, Loss: 1.9486, Epsilon: 0.424
2026-03-17 05:06:06 | INFO | Episode   65 - Reward: -8.300, Length: 40, Loss: 0.1215, Epsilon: 0.415
2026-03-17 05:06:07 | INFO | Episode   66 - Reward: 5.900, Length: 17, Loss: 1.2489, Epsilon: 0.406
2026-03-17 05:06:08 | INFO | Episode   67 - Reward: -6.350, Length: 40, Loss: 1.2019, Epsilon: 0.397
2026-03-17 05:06:10 | INFO | Episode   68 - Reward: -2.650, Length: 38, Loss: 0.1567, Epsilon: 0.388
2026-03-17 05:06:11 | INFO | Episode   69 - Reward: 3.000, Length: 15, Loss: 0.7763, Epsilon: 0.379
2026-03-17 05:06:12 | INFO | Episode   70 - Reward: 9.550, Length: 10, Loss: 0.7254, Epsilon: 0.370
2026-03-17 05:06:13 | INFO | Episode   71 - Reward: 8.950, Length: 16, Loss: 0.6964, Epsilon: 0.361
2026-03-17 05:06:14 | INFO | Episode   72 - Reward: -8.600, Length: 40, Loss: 1.1792, Epsilon: 0.352
2026-03-17 05:06:15 | INFO | Episode   73 - Reward: 6.800, Length: 14, Loss: 0.1105, Epsilon: 0.343
2026-03-17 05:06:16 | INFO | Episode   74 - Reward: -8.750, Length: 40, Loss: 1.8789, Epsilon: 0.334
2026-03-17 05:06:17 | INFO | Episode   75 - Reward: -6.350, Length: 40, Loss: 1.2214, Epsilon: 0.325
2026-03-17 05:06:18 | INFO | Episode   76 - Reward: -5.600, Length: 40, Loss: 2.3305, Epsilon: 0.316
2026-03-17 05:06:19 | INFO | Episode   77 - Reward: -5.750, Length: 40, Loss: 1.6561, Epsilon: 0.307
2026-03-17 05:06:20 | INFO | Episode   78 - Reward: 8.450, Length: 17, Loss: 2.2527, Epsilon: 0.298
2026-03-17 05:06:21 | INFO | Episode   79 - Reward: -6.200, Length: 40, Loss: 0.1810, Epsilon: 0.289
2026-03-17 05:06:22 | INFO | Episode   80 - Reward: -5.750, Length: 40, Loss: 0.8295, Epsilon: 0.280
2026-03-17 05:06:23 | INFO | Episode   81 - Reward: 8.850, Length: 15, Loss: 0.6840, Epsilon: 0.271
2026-03-17 05:06:25 | INFO | Episode   82 - Reward: 9.550, Length: 10, Loss: 2.6454, Epsilon: 0.262
2026-03-17 05:06:26 | INFO | Episode   83 - Reward: 1.250, Length: 32, Loss: 0.6874, Epsilon: 0.253
2026-03-17 05:06:27 | INFO | Episode   84 - Reward: 9.050, Length: 14, Loss: 0.6803, Epsilon: 0.244
2026-03-17 05:06:28 | INFO | Episode   85 - Reward: -7.100, Length: 40, Loss: 1.2229, Epsilon: 0.235
2026-03-17 05:06:29 | INFO | Episode   86 - Reward: -6.350, Length: 40, Loss: 1.6560, Epsilon: 0.226
2026-03-17 05:06:29 | INFO | Episode   87 - Reward: -6.200, Length: 40, Loss: 0.3109, Epsilon: 0.217
2026-03-17 05:06:31 | INFO | Episode   88 - Reward: -6.800, Length: 40, Loss: 2.6593, Epsilon: 0.208
2026-03-17 05:06:32 | INFO | Episode   89 - Reward: -13.250, Length: 40, Loss: 0.8051, Epsilon: 0.199
2026-03-17 05:06:33 | INFO | Episode   90 - Reward: 7.500, Length: 12, Loss: 0.6807, Epsilon: 0.190
2026-03-17 05:06:34 | INFO | Episode   91 - Reward: 7.200, Length: 12, Loss: 0.6870, Epsilon: 0.181
2026-03-17 05:06:35 | INFO | Episode   92 - Reward: 3.500, Length: 29, Loss: 0.8145, Epsilon: 0.172
2026-03-17 05:06:36 | INFO | Episode   93 - Reward: -7.850, Length: 40, Loss: 0.6025, Epsilon: 0.163
2026-03-17 05:06:37 | INFO | Episode   94 - Reward: 5.700, Length: 21, Loss: 1.1419, Epsilon: 0.154
2026-03-17 05:06:38 | INFO | Episode   95 - Reward: 6.250, Length: 25, Loss: 1.1119, Epsilon: 0.145
2026-03-17 05:06:39 | INFO | Episode   96 - Reward: -10.250, Length: 40, Loss: 0.2528, Epsilon: 0.136
2026-03-17 05:06:40 | INFO | Episode   97 - Reward: 3.950, Length: 38, Loss: 1.0648, Epsilon: 0.127
2026-03-17 05:06:41 | INFO | Episode   98 - Reward: -7.850, Length: 40, Loss: 1.4860, Epsilon: 0.118
2026-03-17 05:06:42 | INFO | Episode   99 - Reward: 7.700, Length: 8, Loss: 0.7130, Epsilon: 0.109
2026-03-17 05:06:43 | INFO | Episode  100 - Reward: 2.250, Length: 27, Loss: 1.5181, Epsilon: 0.100
2026-03-17 05:06:56 | INFO | [Episode  100] eps=0.100  avg_reward=   0.102  avg_length= 29.34  avg_loss=  0.9512  eval_success=0.000
2026-03-17 05:06:57 | INFO | Episode  101 - Reward: 3.100, Length: 31, Loss: 1.9078, Epsilon: 0.100
2026-03-17 05:06:57 | INFO | Episode  102 - Reward: -8.900, Length: 40, Loss: 1.8336, Epsilon: 0.100
2026-03-17 05:06:58 | INFO | Episode  103 - Reward: -9.800, Length: 40, Loss: 0.9357, Epsilon: 0.100
2026-03-17 05:06:59 | INFO | Episode  104 - Reward: -10.100, Length: 40, Loss: 0.5047, Epsilon: 0.100
2026-03-17 05:07:00 | INFO | Episode  105 - Reward: -8.600, Length: 40, Loss: 0.5447, Epsilon: 0.100
2026-03-17 05:07:01 | INFO | Episode  106 - Reward: 9.450, Length: 9, Loss: 0.8576, Epsilon: 0.100
2026-03-17 05:07:01 | INFO | Episode  107 - Reward: -7.100, Length: 40, Loss: 1.4698, Epsilon: 0.100
2026-03-17 05:07:02 | INFO | Episode  108 - Reward: 9.650, Length: 8, Loss: 0.1331, Epsilon: 0.100
2026-03-17 05:07:02 | INFO | Episode  109 - Reward: 6.150, Length: 27, Loss: 0.2550, Epsilon: 0.100
2026-03-17 05:07:03 | INFO | Episode  110 - Reward: 7.450, Length: 19, Loss: 0.7243, Epsilon: 0.100
2026-03-17 05:07:04 | INFO | Episode  111 - Reward: -7.250, Length: 40, Loss: 1.7579, Epsilon: 0.100
2026-03-17 05:07:05 | INFO | Episode  112 - Reward: -7.100, Length: 40, Loss: 1.3467, Epsilon: 0.100
2026-03-17 05:07:06 | INFO | Episode  113 - Reward: -6.950, Length: 40, Loss: 0.5250, Epsilon: 0.100
2026-03-17 05:07:07 | INFO | Episode  114 - Reward: 9.450, Length: 9, Loss: 0.9564, Epsilon: 0.100
2026-03-17 05:07:07 | INFO | Episode  115 - Reward: 9.650, Length: 8, Loss: 0.6126, Epsilon: 0.100
2026-03-17 05:07:08 | INFO | Episode  116 - Reward: 9.450, Length: 9, Loss: 0.9164, Epsilon: 0.100
2026-03-17 05:07:09 | INFO | Episode  117 - Reward: 9.650, Length: 8, Loss: 1.9142, Epsilon: 0.100
2026-03-17 05:07:10 | INFO | Episode  118 - Reward: 8.250, Length: 15, Loss: 1.8497, Epsilon: 0.100
2026-03-17 05:07:11 | INFO | Episode  119 - Reward: -8.300, Length: 40, Loss: 0.3354, Epsilon: 0.100
2026-03-17 05:07:12 | INFO | Episode  120 - Reward: -10.250, Length: 40, Loss: 2.4763, Epsilon: 0.100
2026-03-17 05:07:12 | INFO | Episode  121 - Reward: 1.900, Length: 22, Loss: 0.5506, Epsilon: 0.100
2026-03-17 05:07:13 | INFO | Episode  122 - Reward: 8.450, Length: 14, Loss: 1.1152, Epsilon: 0.100
2026-03-17 05:07:14 | INFO | Episode  123 - Reward: 6.200, Length: 17, Loss: 1.0563, Epsilon: 0.100
2026-03-17 05:07:15 | INFO | Episode  124 - Reward: -7.850, Length: 40, Loss: 0.7119, Epsilon: 0.100
2026-03-17 05:07:16 | INFO | Episode  125 - Reward: 6.450, Length: 24, Loss: 1.3158, Epsilon: 0.100
2026-03-17 05:07:17 | INFO | Episode  126 - Reward: 9.650, Length: 8, Loss: 0.9201, Epsilon: 0.100
2026-03-17 05:07:17 | INFO | Episode  127 - Reward: -6.350, Length: 40, Loss: 1.6555, Epsilon: 0.100
2026-03-17 05:07:18 | INFO | Episode  128 - Reward: 7.950, Length: 18, Loss: 1.3484, Epsilon: 0.100
2026-03-17 05:07:19 | INFO | Episode  129 - Reward: 5.800, Length: 19, Loss: 1.0207, Epsilon: 0.100
2026-03-17 05:07:20 | INFO | Episode  130 - Reward: 6.400, Length: 16, Loss: 0.7572, Epsilon: 0.100
2026-03-17 05:07:21 | INFO | Episode  131 - Reward: 9.650, Length: 8, Loss: 0.1901, Epsilon: 0.100
2026-03-17 05:07:22 | INFO | Episode  132 - Reward: 9.650, Length: 8, Loss: 0.9260, Epsilon: 0.100
2026-03-17 05:07:23 | INFO | Episode  133 - Reward: -8.600, Length: 40, Loss: 0.5795, Epsilon: 0.100
2026-03-17 05:07:24 | INFO | Episode  134 - Reward: 7.500, Length: 9, Loss: 1.3331, Epsilon: 0.100
2026-03-17 05:07:24 | INFO | Episode  135 - Reward: -7.400, Length: 40, Loss: 1.5587, Epsilon: 0.100
2026-03-17 05:07:25 | INFO | Episode  136 - Reward: 7.400, Length: 11, Loss: 0.8332, Epsilon: 0.100
2026-03-17 05:07:26 | INFO | Episode  137 - Reward: -0.800, Length: 34, Loss: 1.9535, Epsilon: 0.100
2026-03-17 05:07:27 | INFO | Episode  138 - Reward: 0.550, Length: 37, Loss: 1.2564, Epsilon: 0.100
2026-03-17 05:07:28 | INFO | Episode  139 - Reward: -6.800, Length: 40, Loss: 0.9692, Epsilon: 0.100
2026-03-17 05:07:29 | INFO | Episode  140 - Reward: 9.650, Length: 8, Loss: 1.1379, Epsilon: 0.100
2026-03-17 05:07:29 | INFO | Episode  141 - Reward: 9.150, Length: 12, Loss: 1.7658, Epsilon: 0.100
2026-03-17 05:07:30 | INFO | Episode  142 - Reward: 9.650, Length: 8, Loss: 1.3542, Epsilon: 0.100
2026-03-17 05:07:31 | INFO | Episode  143 - Reward: 5.300, Length: 20, Loss: 1.2351, Epsilon: 0.100
2026-03-17 05:07:32 | INFO | Episode  144 - Reward: 6.700, Length: 13, Loss: 1.4087, Epsilon: 0.100
2026-03-17 05:07:33 | INFO | Episode  145 - Reward: -10.550, Length: 40, Loss: 0.8562, Epsilon: 0.100
2026-03-17 05:07:33 | INFO | Episode  146 - Reward: 7.700, Length: 8, Loss: 1.1771, Epsilon: 0.100
2026-03-17 05:07:34 | INFO | Episode  147 - Reward: 9.550, Length: 10, Loss: 1.0248, Epsilon: 0.100
2026-03-17 05:07:35 | INFO | Episode  148 - Reward: 9.650, Length: 8, Loss: 0.9284, Epsilon: 0.100
2026-03-17 05:07:36 | INFO | Episode  149 - Reward: 9.650, Length: 8, Loss: 0.7729, Epsilon: 0.100
2026-03-17 05:07:37 | INFO | Episode  150 - Reward: -7.400, Length: 40, Loss: 0.9491, Epsilon: 0.100
2026-03-17 05:07:53 | INFO | [Episode  150] eps=0.100  avg_reward=   2.134  avg_length= 23.26  avg_loss=  1.0904  eval_success=0.000
2026-03-17 05:07:54 | INFO | Episode  151 - Reward: 6.650, Length: 26, Loss: 1.7783, Epsilon: 0.100
2026-03-17 05:07:55 | INFO | Episode  152 - Reward: 9.650, Length: 8, Loss: 1.6462, Epsilon: 0.100
2026-03-17 05:07:56 | INFO | Episode  153 - Reward: 7.500, Length: 12, Loss: 0.5725, Epsilon: 0.100
2026-03-17 05:07:57 | INFO | Episode  154 - Reward: 9.250, Length: 10, Loss: 0.6789, Epsilon: 0.100
2026-03-17 05:07:58 | INFO | Episode  155 - Reward: 7.700, Length: 8, Loss: 1.8052, Epsilon: 0.100
2026-03-17 05:07:59 | INFO | Episode  156 - Reward: 9.650, Length: 8, Loss: 1.0667, Epsilon: 0.100
2026-03-17 05:08:00 | INFO | Episode  157 - Reward: 9.450, Length: 9, Loss: 3.5113, Epsilon: 0.100
2026-03-17 05:08:02 | INFO | Episode  158 - Reward: -7.250, Length: 40, Loss: 1.9088, Epsilon: 0.100
2026-03-17 05:08:03 | INFO | Episode  159 - Reward: -8.900, Length: 40, Loss: 0.3117, Epsilon: 0.100
2026-03-17 05:08:04 | INFO | Episode  160 - Reward: 4.600, Length: 25, Loss: 0.9252, Epsilon: 0.100
2026-03-17 05:08:04 | INFO | Episode  161 - Reward: -6.950, Length: 40, Loss: 1.3978, Epsilon: 0.100
2026-03-17 05:08:05 | INFO | Episode  162 - Reward: -8.600, Length: 40, Loss: 0.3938, Epsilon: 0.100
2026-03-17 05:08:06 | INFO | Episode  163 - Reward: 7.700, Length: 8, Loss: 0.8651, Epsilon: 0.100
2026-03-17 05:08:07 | INFO | Episode  164 - Reward: -8.600, Length: 40, Loss: 1.2824, Epsilon: 0.100
2026-03-17 05:08:08 | INFO | Episode  165 - Reward: -6.500, Length: 40, Loss: 1.4591, Epsilon: 0.100
2026-03-17 05:08:09 | INFO | Episode  166 - Reward: 9.250, Length: 10, Loss: 1.4582, Epsilon: 0.100
2026-03-17 05:08:10 | INFO | Episode  167 - Reward: 1.350, Length: 33, Loss: 1.4174, Epsilon: 0.100
2026-03-17 05:08:11 | INFO | Episode  168 - Reward: -8.000, Length: 40, Loss: 1.3603, Epsilon: 0.100
2026-03-17 05:08:13 | INFO | Episode  169 - Reward: -7.250, Length: 40, Loss: 1.6693, Epsilon: 0.100
2026-03-17 05:08:14 | INFO | Episode  170 - Reward: -0.150, Length: 39, Loss: 0.5388, Epsilon: 0.100
2026-03-17 05:08:15 | INFO | Episode  171 - Reward: 9.650, Length: 8, Loss: 1.6792, Epsilon: 0.100
2026-03-17 05:08:16 | INFO | Episode  172 - Reward: 9.550, Length: 10, Loss: 1.4582, Epsilon: 0.100
2026-03-17 05:08:17 | INFO | Episode  173 - Reward: -6.950, Length: 40, Loss: 1.6584, Epsilon: 0.100
2026-03-17 05:08:18 | INFO | Episode  174 - Reward: -6.950, Length: 40, Loss: 1.3561, Epsilon: 0.100
2026-03-17 05:08:19 | INFO | Episode  175 - Reward: 9.650, Length: 8, Loss: 0.5782, Epsilon: 0.100
2026-03-17 05:08:20 | INFO | Episode  176 - Reward: 9.350, Length: 11, Loss: 0.8521, Epsilon: 0.100
2026-03-17 05:08:21 | INFO | Episode  177 - Reward: 9.650, Length: 8, Loss: 0.6722, Epsilon: 0.100
2026-03-17 05:08:22 | INFO | Episode  178 - Reward: -6.950, Length: 40, Loss: 0.8864, Epsilon: 0.100
2026-03-17 05:08:23 | INFO | Episode  179 - Reward: 7.700, Length: 8, Loss: 1.6581, Epsilon: 0.100
2026-03-17 05:08:24 | INFO | Episode  180 - Reward: 7.700, Length: 8, Loss: 0.8347, Epsilon: 0.100
2026-03-17 05:08:26 | INFO | Episode  181 - Reward: 9.450, Length: 9, Loss: 1.5595, Epsilon: 0.100
2026-03-17 05:08:27 | INFO | Episode  182 - Reward: 1.800, Length: 39, Loss: 1.2252, Epsilon: 0.100
2026-03-17 05:08:28 | INFO | Episode  183 - Reward: 7.700, Length: 8, Loss: 0.2830, Epsilon: 0.100
2026-03-17 05:08:29 | INFO | Episode  184 - Reward: 9.350, Length: 11, Loss: 0.5049, Epsilon: 0.100
2026-03-17 05:08:30 | INFO | Episode  185 - Reward: -6.650, Length: 40, Loss: 0.4149, Epsilon: 0.100
2026-03-17 05:08:31 | INFO | Episode  186 - Reward: 9.650, Length: 8, Loss: 1.6348, Epsilon: 0.100
2026-03-17 05:08:32 | INFO | Episode  187 - Reward: 9.650, Length: 8, Loss: 1.7668, Epsilon: 0.100
2026-03-17 05:08:33 | INFO | Episode  188 - Reward: 7.600, Length: 10, Loss: 2.0292, Epsilon: 0.100
2026-03-17 05:08:34 | INFO | Episode  189 - Reward: -7.550, Length: 40, Loss: 1.7411, Epsilon: 0.100
2026-03-17 05:08:35 | INFO | Episode  190 - Reward: 9.250, Length: 10, Loss: 1.1257, Epsilon: 0.100
2026-03-17 05:08:36 | INFO | Episode  191 - Reward: 5.700, Length: 21, Loss: 1.1027, Epsilon: 0.100
2026-03-17 05:08:37 | INFO | Episode  192 - Reward: -7.550, Length: 40, Loss: 1.6293, Epsilon: 0.100
2026-03-17 05:08:38 | INFO | Episode  193 - Reward: 5.450, Length: 11, Loss: 1.2532, Epsilon: 0.100
2026-03-17 05:08:39 | INFO | Episode  194 - Reward: 9.650, Length: 8, Loss: 1.3168, Epsilon: 0.100
2026-03-17 05:08:40 | INFO | Episode  195 - Reward: 7.700, Length: 8, Loss: 0.3245, Epsilon: 0.100
2026-03-17 05:08:41 | INFO | Episode  196 - Reward: 9.650, Length: 8, Loss: 1.2656, Epsilon: 0.100
2026-03-17 05:08:42 | INFO | Episode  197 - Reward: 7.700, Length: 8, Loss: 0.7792, Epsilon: 0.100
2026-03-17 05:08:43 | INFO | Episode  198 - Reward: 9.650, Length: 8, Loss: 1.1927, Epsilon: 0.100
2026-03-17 05:08:44 | INFO | Episode  199 - Reward: 7.700, Length: 8, Loss: 0.6890, Epsilon: 0.100
2026-03-17 05:08:45 | INFO | Episode  200 - Reward: 9.650, Length: 8, Loss: 2.1406, Epsilon: 0.100
2026-03-17 05:08:49 | INFO | [Episode  200] eps=0.100  avg_reward=   3.570  avg_length= 20.16  avg_loss=  1.2332  eval_success=1.000
2026-03-17 05:08:50 | INFO | Episode  201 - Reward: 7.700, Length: 8, Loss: 1.1589, Epsilon: 0.100
2026-03-17 05:08:51 | INFO | Episode  202 - Reward: 9.550, Length: 10, Loss: 0.7420, Epsilon: 0.100
2026-03-17 05:08:52 | INFO | Episode  203 - Reward: 9.550, Length: 10, Loss: 0.4592, Epsilon: 0.100
2026-03-17 05:08:53 | INFO | Episode  204 - Reward: 9.550, Length: 10, Loss: 1.7895, Epsilon: 0.100
2026-03-17 05:08:54 | INFO | Episode  205 - Reward: -7.250, Length: 40, Loss: 1.0090, Epsilon: 0.100
2026-03-17 05:08:55 | INFO | Episode  206 - Reward: 9.650, Length: 8, Loss: 1.7499, Epsilon: 0.100
2026-03-17 05:08:56 | INFO | Episode  207 - Reward: 7.200, Length: 12, Loss: 1.9047, Epsilon: 0.100
2026-03-17 05:08:58 | INFO | Episode  208 - Reward: -2.000, Length: 40, Loss: 0.6005, Epsilon: 0.100
2026-03-17 05:08:59 | INFO | Episode  209 - Reward: 7.700, Length: 8, Loss: 1.1556, Epsilon: 0.100
2026-03-17 05:09:00 | INFO | Episode  210 - Reward: 9.650, Length: 8, Loss: 1.0373, Epsilon: 0.100
2026-03-17 05:09:01 | INFO | Episode  211 - Reward: 9.650, Length: 8, Loss: 1.3413, Epsilon: 0.100
2026-03-17 05:09:02 | INFO | Episode  212 - Reward: 9.650, Length: 8, Loss: 1.8097, Epsilon: 0.100
2026-03-17 05:09:03 | INFO | Episode  213 - Reward: 7.700, Length: 8, Loss: 0.5072, Epsilon: 0.100
2026-03-17 05:09:04 | INFO | Episode  214 - Reward: 7.600, Length: 10, Loss: 0.8734, Epsilon: 0.100
2026-03-17 05:09:05 | INFO | Episode  215 - Reward: 9.450, Length: 9, Loss: 1.0091, Epsilon: 0.100
2026-03-17 05:09:06 | INFO | Episode  216 - Reward: 7.700, Length: 8, Loss: 1.0698, Epsilon: 0.100
2026-03-17 05:09:06 | INFO | Episode  217 - Reward: 9.650, Length: 8, Loss: 1.6189, Epsilon: 0.100
2026-03-17 05:09:07 | INFO | Episode  218 - Reward: -7.250, Length: 40, Loss: 1.0859, Epsilon: 0.100
2026-03-17 05:09:08 | INFO | Episode  219 - Reward: 7.400, Length: 11, Loss: 1.3113, Epsilon: 0.100
2026-03-17 05:09:10 | INFO | Episode  220 - Reward: 7.700, Length: 8, Loss: 1.3162, Epsilon: 0.100
2026-03-17 05:09:11 | INFO | Episode  221 - Reward: 9.650, Length: 8, Loss: 1.0686, Epsilon: 0.100
2026-03-17 05:09:12 | INFO | Episode  222 - Reward: 7.500, Length: 9, Loss: 1.0385, Epsilon: 0.100
2026-03-17 05:09:13 | INFO | Episode  223 - Reward: 9.650, Length: 8, Loss: 1.5471, Epsilon: 0.100
2026-03-17 05:09:14 | INFO | Episode  224 - Reward: 9.650, Length: 8, Loss: 1.1692, Epsilon: 0.100
2026-03-17 05:09:15 | INFO | Episode  225 - Reward: -8.300, Length: 40, Loss: 1.5842, Epsilon: 0.100
2026-03-17 05:09:16 | INFO | Episode  226 - Reward: 9.650, Length: 8, Loss: 1.0010, Epsilon: 0.100
2026-03-17 05:09:17 | INFO | Episode  227 - Reward: 9.650, Length: 8, Loss: 1.2397, Epsilon: 0.100
2026-03-17 05:09:18 | INFO | Episode  228 - Reward: -7.250, Length: 40, Loss: 0.4232, Epsilon: 0.100
2026-03-17 05:09:19 | INFO | Episode  229 - Reward: 9.650, Length: 8, Loss: 0.5244, Epsilon: 0.100
2026-03-17 05:09:20 | INFO | Episode  230 - Reward: -6.500, Length: 40, Loss: 1.0858, Epsilon: 0.100
2026-03-17 05:09:21 | INFO | Episode  231 - Reward: -7.400, Length: 40, Loss: 0.9393, Epsilon: 0.100
2026-03-17 05:09:22 | INFO | Episode  232 - Reward: 9.250, Length: 10, Loss: 1.2685, Epsilon: 0.100
2026-03-17 05:09:23 | INFO | Episode  233 - Reward: 9.550, Length: 10, Loss: 0.6416, Epsilon: 0.100
2026-03-17 05:09:25 | INFO | Episode  234 - Reward: 7.700, Length: 8, Loss: 1.7341, Epsilon: 0.100
2026-03-17 05:09:26 | INFO | Episode  235 - Reward: 7.500, Length: 9, Loss: 0.5651, Epsilon: 0.100
2026-03-17 05:09:27 | INFO | Episode  236 - Reward: 7.700, Length: 8, Loss: 1.1154, Epsilon: 0.100
2026-03-17 05:09:28 | INFO | Episode  237 - Reward: 7.500, Length: 12, Loss: 1.8102, Epsilon: 0.100
2026-03-17 05:09:29 | INFO | Episode  238 - Reward: 5.450, Length: 11, Loss: 1.2718, Epsilon: 0.100
2026-03-17 05:09:30 | INFO | Episode  239 - Reward: 7.500, Length: 9, Loss: 1.0185, Epsilon: 0.100
2026-03-17 05:09:31 | INFO | Episode  240 - Reward: 9.550, Length: 10, Loss: 0.5026, Epsilon: 0.100
2026-03-17 05:09:32 | INFO | Episode  241 - Reward: 9.650, Length: 8, Loss: 0.5228, Epsilon: 0.100
2026-03-17 05:09:33 | INFO | Episode  242 - Reward: 7.700, Length: 8, Loss: 0.7486, Epsilon: 0.100
2026-03-17 05:09:34 | INFO | Episode  243 - Reward: 9.550, Length: 10, Loss: 0.5067, Epsilon: 0.100
2026-03-17 05:09:35 | INFO | Episode  244 - Reward: 9.650, Length: 8, Loss: 1.0940, Epsilon: 0.100
2026-03-17 05:09:36 | INFO | Episode  245 - Reward: 9.650, Length: 8, Loss: 1.0846, Epsilon: 0.100
2026-03-17 05:09:37 | INFO | Episode  246 - Reward: 7.700, Length: 8, Loss: 0.5388, Epsilon: 0.100
2026-03-17 05:09:38 | INFO | Episode  247 - Reward: 7.600, Length: 10, Loss: 1.1079, Epsilon: 0.100
2026-03-17 05:09:38 | INFO | Episode  248 - Reward: 9.350, Length: 11, Loss: 0.3982, Epsilon: 0.100
2026-03-17 05:09:39 | INFO | Episode  249 - Reward: 9.650, Length: 8, Loss: 1.3394, Epsilon: 0.100
2026-03-17 05:09:40 | INFO | Episode  250 - Reward: 7.600, Length: 10, Loss: 1.5376, Epsilon: 0.100
2026-03-17 05:09:43 | INFO | [Episode  250] eps=0.100  avg_reward=   6.526  avg_length= 13.30  avg_loss=  1.0795  eval_success=1.000
