2026-03-17 04:58:03 | INFO | ============================================================
2026-03-17 04:58:03 | INFO | DEVICE / COMPUTE INFORMATION
2026-03-17 04:58:03 | INFO |   JAX backend       : GPU
2026-03-17 04:58:03 | INFO |   Platform          : gpu
2026-03-17 04:58:03 | INFO |   Num devices       : 1
2026-03-17 04:58:03 | INFO |   Device            : cuda:0
2026-03-17 04:58:03 | INFO |   GPU name          : NVIDIA GeForce RTX 5060 Laptop GPU
2026-03-17 04:58:03 | INFO | ============================================================
2026-03-17 04:58:03 | INFO | ✓ JAX GPU backend confirmed.
2026-03-17 04:58:04 | INFO | DQN seed=4_gamma=0.99_lr=0.1
2026-03-17 04:58:06 | INFO | Episode    1 - Reward: -7.850, Length: 40, Loss: 0.0000, Epsilon: 0.991
2026-03-17 04:58:06 | INFO | Episode    2 - Reward: -4.250, Length: 40, Loss: 0.0000, Epsilon: 0.982
2026-03-17 04:58:11 | INFO | Episode    3 - Reward: -5.450, Length: 40, Loss: 0.0408, Epsilon: 0.973
2026-03-17 04:58:12 | INFO | Episode    4 - Reward: -4.250, Length: 40, Loss: 0.0110, Epsilon: 0.964
2026-03-17 04:58:13 | INFO | Episode    5 - Reward: -5.300, Length: 40, Loss: 0.1067, Epsilon: 0.955
2026-03-17 04:58:14 | INFO | Episode    6 - Reward: -5.450, Length: 40, Loss: 0.0371, Epsilon: 0.946
2026-03-17 04:58:15 | INFO | Episode    7 - Reward: -3.950, Length: 40, Loss: 0.0069, Epsilon: 0.937
2026-03-17 04:58:16 | INFO | Episode    8 - Reward: -10.100, Length: 40, Loss: 0.0597, Epsilon: 0.928
2026-03-17 04:58:17 | INFO | Episode    9 - Reward: -4.550, Length: 40, Loss: 0.0087, Epsilon: 0.919
2026-03-17 04:58:18 | INFO | Episode   10 - Reward: -9.500, Length: 40, Loss: 0.0925, Epsilon: 0.910
2026-03-17 04:58:20 | INFO | Episode   11 - Reward: 2.150, Length: 38, Loss: 0.0371, Epsilon: 0.901
2026-03-17 04:58:21 | INFO | Episode   12 - Reward: -4.400, Length: 40, Loss: 0.0342, Epsilon: 0.892
2026-03-17 04:58:22 | INFO | Episode   13 - Reward: -5.000, Length: 40, Loss: 0.0338, Epsilon: 0.883
2026-03-17 04:58:23 | INFO | Episode   14 - Reward: -4.100, Length: 40, Loss: 0.9334, Epsilon: 0.874
2026-03-17 04:58:24 | INFO | Episode   15 - Reward: -4.850, Length: 40, Loss: 0.0824, Epsilon: 0.865
2026-03-17 04:58:25 | INFO | Episode   16 - Reward: 7.350, Length: 24, Loss: 0.9472, Epsilon: 0.856
2026-03-17 04:58:26 | INFO | Episode   17 - Reward: 7.350, Length: 24, Loss: 0.0958, Epsilon: 0.847
2026-03-17 04:58:28 | INFO | Episode   18 - Reward: 5.400, Length: 27, Loss: 0.9059, Epsilon: 0.838
2026-03-17 04:58:29 | INFO | Episode   19 - Reward: -6.650, Length: 40, Loss: 0.8445, Epsilon: 0.829
2026-03-17 04:58:30 | INFO | Episode   20 - Reward: -4.850, Length: 40, Loss: 0.8337, Epsilon: 0.820
2026-03-17 04:58:31 | INFO | Episode   21 - Reward: -4.700, Length: 40, Loss: 0.8964, Epsilon: 0.811
2026-03-17 04:58:32 | INFO | Episode   22 - Reward: -6.350, Length: 40, Loss: 1.4337, Epsilon: 0.802
2026-03-17 04:58:33 | INFO | Episode   23 - Reward: -4.250, Length: 40, Loss: 0.1168, Epsilon: 0.793
2026-03-17 04:58:34 | INFO | Episode   24 - Reward: -4.100, Length: 40, Loss: 0.7898, Epsilon: 0.784
2026-03-17 04:58:35 | INFO | Episode   25 - Reward: -11.900, Length: 40, Loss: 0.1690, Epsilon: 0.775
2026-03-17 04:58:36 | INFO | Episode   26 - Reward: 7.250, Length: 29, Loss: 1.8324, Epsilon: 0.766
2026-03-17 04:58:37 | INFO | Episode   27 - Reward: -6.050, Length: 40, Loss: 0.1876, Epsilon: 0.757
2026-03-17 04:58:38 | INFO | Episode   28 - Reward: 5.200, Length: 31, Loss: 0.0951, Epsilon: 0.748
2026-03-17 04:58:39 | INFO | Episode   29 - Reward: -5.600, Length: 40, Loss: 1.4197, Epsilon: 0.739
2026-03-17 04:58:40 | INFO | Episode   30 - Reward: -3.050, Length: 40, Loss: 0.0969, Epsilon: 0.730
2026-03-17 04:58:41 | INFO | Episode   31 - Reward: -4.100, Length: 40, Loss: 0.7001, Epsilon: 0.721
2026-03-17 04:58:42 | INFO | Episode   32 - Reward: 2.650, Length: 40, Loss: 0.1247, Epsilon: 0.712
2026-03-17 04:58:43 | INFO | Episode   33 - Reward: -4.400, Length: 40, Loss: 0.7473, Epsilon: 0.703
2026-03-17 04:58:44 | INFO | Episode   34 - Reward: 7.650, Length: 24, Loss: 1.2380, Epsilon: 0.694
2026-03-17 04:58:45 | INFO | Episode   35 - Reward: 6.200, Length: 26, Loss: 1.8222, Epsilon: 0.685
2026-03-17 04:58:46 | INFO | Episode   36 - Reward: 6.900, Length: 12, Loss: 1.0267, Epsilon: 0.676
2026-03-17 04:58:47 | INFO | Episode   37 - Reward: 3.250, Length: 28, Loss: 0.7127, Epsilon: 0.667
2026-03-17 04:58:49 | INFO | Episode   38 - Reward: -5.300, Length: 40, Loss: 0.3194, Epsilon: 0.658
2026-03-17 04:58:50 | INFO | Episode   39 - Reward: 9.450, Length: 9, Loss: 1.0575, Epsilon: 0.649
2026-03-17 04:58:51 | INFO | Episode   40 - Reward: -10.400, Length: 40, Loss: 0.8127, Epsilon: 0.640
2026-03-17 04:58:52 | INFO | Episode   41 - Reward: 6.250, Length: 40, Loss: 0.1271, Epsilon: 0.631
2026-03-17 04:58:53 | INFO | Episode   42 - Reward: -4.400, Length: 40, Loss: 0.7592, Epsilon: 0.622
2026-03-17 04:58:54 | INFO | Episode   43 - Reward: 8.750, Length: 17, Loss: 1.3654, Epsilon: 0.613
2026-03-17 04:58:55 | INFO | Episode   44 - Reward: -6.800, Length: 40, Loss: 1.3804, Epsilon: 0.604
2026-03-17 04:58:56 | INFO | Episode   45 - Reward: -5.750, Length: 40, Loss: 0.9865, Epsilon: 0.595
2026-03-17 04:58:57 | INFO | Episode   46 - Reward: -4.700, Length: 40, Loss: 0.8410, Epsilon: 0.586
2026-03-17 04:58:59 | INFO | Episode   47 - Reward: 7.750, Length: 19, Loss: 1.0337, Epsilon: 0.577
2026-03-17 04:59:00 | INFO | Episode   48 - Reward: 8.250, Length: 18, Loss: 0.9520, Epsilon: 0.568
2026-03-17 04:59:01 | INFO | Episode   49 - Reward: 6.650, Length: 29, Loss: 0.8255, Epsilon: 0.559
2026-03-17 04:59:02 | INFO | Episode   50 - Reward: 5.400, Length: 27, Loss: 1.0630, Epsilon: 0.550
2026-03-17 04:59:18 | INFO | [Episode   50] eps=0.550  avg_reward=  -1.370  avg_length= 34.84  avg_loss=  0.6009  eval_success=0.000
2026-03-17 04:59:19 | INFO | Episode   51 - Reward: -6.350, Length: 40, Loss: 1.0954, Epsilon: 0.541
2026-03-17 04:59:20 | INFO | Episode   52 - Reward: -5.450, Length: 40, Loss: 1.0024, Epsilon: 0.532
2026-03-17 04:59:21 | INFO | Episode   53 - Reward: -7.250, Length: 40, Loss: 1.0439, Epsilon: 0.523
2026-03-17 04:59:22 | INFO | Episode   54 - Reward: -6.950, Length: 40, Loss: 3.1363, Epsilon: 0.514
2026-03-17 04:59:23 | INFO | Episode   55 - Reward: 6.600, Length: 18, Loss: 4.8851, Epsilon: 0.505
2026-03-17 04:59:25 | INFO | Episode   56 - Reward: -4.700, Length: 40, Loss: 4.6265, Epsilon: 0.496
2026-03-17 04:59:26 | INFO | Episode   57 - Reward: -5.300, Length: 40, Loss: 1.9623, Epsilon: 0.487
2026-03-17 04:59:27 | INFO | Episode   58 - Reward: -6.200, Length: 40, Loss: 2.1084, Epsilon: 0.478
2026-03-17 04:59:28 | INFO | Episode   59 - Reward: -5.000, Length: 40, Loss: 2.0303, Epsilon: 0.469
2026-03-17 04:59:29 | INFO | Episode   60 - Reward: -7.250, Length: 40, Loss: 1.2456, Epsilon: 0.460
2026-03-17 04:59:30 | INFO | Episode   61 - Reward: -9.950, Length: 40, Loss: 2.9565, Epsilon: 0.451
2026-03-17 04:59:31 | INFO | Episode   62 - Reward: -5.000, Length: 40, Loss: 1.7587, Epsilon: 0.442
2026-03-17 04:59:32 | INFO | Episode   63 - Reward: -0.400, Length: 35, Loss: 1.3693, Epsilon: 0.433
2026-03-17 04:59:33 | INFO | Episode   64 - Reward: -5.300, Length: 40, Loss: 2.3851, Epsilon: 0.424
2026-03-17 04:59:34 | INFO | Episode   65 - Reward: -6.800, Length: 40, Loss: 1.9842, Epsilon: 0.415
2026-03-17 04:59:35 | INFO | Episode   66 - Reward: -8.750, Length: 40, Loss: 2.2864, Epsilon: 0.406
2026-03-17 04:59:36 | INFO | Episode   67 - Reward: -7.250, Length: 40, Loss: 1.7885, Epsilon: 0.397
2026-03-17 04:59:38 | INFO | Episode   68 - Reward: -6.500, Length: 40, Loss: 1.6629, Epsilon: 0.388
2026-03-17 04:59:39 | INFO | Episode   69 - Reward: -6.650, Length: 40, Loss: 0.8717, Epsilon: 0.379
2026-03-17 04:59:40 | INFO | Episode   70 - Reward: -6.800, Length: 40, Loss: 2.2707, Epsilon: 0.370
2026-03-17 04:59:41 | INFO | Episode   71 - Reward: -5.300, Length: 40, Loss: 1.6717, Epsilon: 0.361
2026-03-17 04:59:41 | INFO | Episode   72 - Reward: -6.350, Length: 40, Loss: 0.8044, Epsilon: 0.352
2026-03-17 04:59:42 | INFO | Episode   73 - Reward: -5.900, Length: 40, Loss: 0.4691, Epsilon: 0.343
2026-03-17 04:59:43 | INFO | Episode   74 - Reward: -5.600, Length: 40, Loss: 1.2606, Epsilon: 0.334
2026-03-17 04:59:44 | INFO | Episode   75 - Reward: -6.350, Length: 40, Loss: 1.8195, Epsilon: 0.325
2026-03-17 04:59:46 | INFO | Episode   76 - Reward: -5.600, Length: 40, Loss: 1.8973, Epsilon: 0.316
2026-03-17 04:59:47 | INFO | Episode   77 - Reward: -5.750, Length: 40, Loss: 4.2782, Epsilon: 0.307
2026-03-17 04:59:48 | INFO | Episode   78 - Reward: -7.700, Length: 40, Loss: 2.8838, Epsilon: 0.298
2026-03-17 04:59:49 | INFO | Episode   79 - Reward: -5.600, Length: 40, Loss: 9.0822, Epsilon: 0.289
2026-03-17 04:59:50 | INFO | Episode   80 - Reward: -5.900, Length: 40, Loss: 4.2384, Epsilon: 0.280
2026-03-17 04:59:51 | INFO | Episode   81 - Reward: -5.450, Length: 40, Loss: 3.3017, Epsilon: 0.271
2026-03-17 04:59:52 | INFO | Episode   82 - Reward: -4.250, Length: 40, Loss: 1.4527, Epsilon: 0.262
2026-03-17 04:59:53 | INFO | Episode   83 - Reward: -2.450, Length: 40, Loss: 3.6442, Epsilon: 0.253
2026-03-17 04:59:54 | INFO | Episode   84 - Reward: -7.400, Length: 40, Loss: 0.4266, Epsilon: 0.244
2026-03-17 04:59:55 | INFO | Episode   85 - Reward: -7.400, Length: 40, Loss: 2.3866, Epsilon: 0.235
2026-03-17 04:59:56 | INFO | Episode   86 - Reward: -6.650, Length: 40, Loss: 3.9326, Epsilon: 0.226
2026-03-17 04:59:58 | INFO | Episode   87 - Reward: -6.350, Length: 40, Loss: 3.3439, Epsilon: 0.217
2026-03-17 04:59:59 | INFO | Episode   88 - Reward: -2.450, Length: 40, Loss: 3.4103, Epsilon: 0.208
2026-03-17 05:00:00 | INFO | Episode   89 - Reward: -5.900, Length: 40, Loss: 4.5628, Epsilon: 0.199
2026-03-17 05:00:01 | INFO | Episode   90 - Reward: -7.550, Length: 40, Loss: 6.3738, Epsilon: 0.190
2026-03-17 05:00:02 | INFO | Episode   91 - Reward: -6.800, Length: 40, Loss: 6.0753, Epsilon: 0.181
2026-03-17 05:00:03 | INFO | Episode   92 - Reward: -7.700, Length: 40, Loss: 12.0595, Epsilon: 0.172
2026-03-17 05:00:04 | INFO | Episode   93 - Reward: -6.800, Length: 40, Loss: 4.5959, Epsilon: 0.163
2026-03-17 05:00:05 | INFO | Episode   94 - Reward: -7.400, Length: 40, Loss: 5.2874, Epsilon: 0.154
2026-03-17 05:00:06 | INFO | Episode   95 - Reward: -6.950, Length: 40, Loss: 3.1345, Epsilon: 0.145
2026-03-17 05:00:07 | INFO | Episode   96 - Reward: -8.000, Length: 40, Loss: 1.4925, Epsilon: 0.136
2026-03-17 05:00:08 | INFO | Episode   97 - Reward: -7.700, Length: 40, Loss: 6.7580, Epsilon: 0.127
2026-03-17 05:00:09 | INFO | Episode   98 - Reward: -6.050, Length: 40, Loss: 7.9298, Epsilon: 0.118
2026-03-17 05:00:10 | INFO | Episode   99 - Reward: -7.100, Length: 40, Loss: 6.6984, Epsilon: 0.109
2026-03-17 05:00:11 | INFO | Episode  100 - Reward: -7.550, Length: 40, Loss: 10.8881, Epsilon: 0.100
2026-03-17 05:00:23 | INFO | [Episode  100] eps=0.100  avg_reward=  -5.984  avg_length= 39.46  avg_loss=  3.3726  eval_success=0.000
2026-03-17 05:00:24 | INFO | Episode  101 - Reward: -6.650, Length: 40, Loss: 8.5189, Epsilon: 0.100
2026-03-17 05:00:25 | INFO | Episode  102 - Reward: -5.000, Length: 40, Loss: 12.5608, Epsilon: 0.100
2026-03-17 05:00:25 | INFO | Episode  103 - Reward: -6.500, Length: 40, Loss: 14.4717, Epsilon: 0.100
2026-03-17 05:00:26 | INFO | Episode  104 - Reward: -8.000, Length: 40, Loss: 10.4373, Epsilon: 0.100
2026-03-17 05:00:27 | INFO | Episode  105 - Reward: -7.250, Length: 40, Loss: 6.9428, Epsilon: 0.100
2026-03-17 05:00:28 | INFO | Episode  106 - Reward: -6.950, Length: 40, Loss: 6.7494, Epsilon: 0.100
2026-03-17 05:00:29 | INFO | Episode  107 - Reward: -7.100, Length: 40, Loss: 7.7181, Epsilon: 0.100
2026-03-17 05:00:30 | INFO | Episode  108 - Reward: -6.500, Length: 40, Loss: 10.0075, Epsilon: 0.100
2026-03-17 05:00:30 | INFO | Episode  109 - Reward: -7.700, Length: 40, Loss: 10.5095, Epsilon: 0.100
2026-03-17 05:00:31 | INFO | Episode  110 - Reward: -7.100, Length: 40, Loss: 18.7907, Epsilon: 0.100
2026-03-17 05:00:32 | INFO | Episode  111 - Reward: -7.250, Length: 40, Loss: 37.3457, Epsilon: 0.100
2026-03-17 05:00:33 | INFO | Episode  112 - Reward: -7.100, Length: 40, Loss: 124.9374, Epsilon: 0.100
2026-03-17 05:00:34 | INFO | Episode  113 - Reward: -6.800, Length: 40, Loss: 211612.8125, Epsilon: 0.100
2026-03-17 05:00:35 | INFO | Episode  114 - Reward: -7.550, Length: 40, Loss: 89182760.0000, Epsilon: 0.100
2026-03-17 05:00:36 | INFO | Episode  115 - Reward: -8.000, Length: 40, Loss: 2711586865152.0000, Epsilon: 0.100
2026-03-17 05:00:36 | INFO | Episode  116 - Reward: -7.550, Length: 40, Loss: 53121727474958336.0000, Epsilon: 0.100
2026-03-17 05:00:37 | INFO | Episode  117 - Reward: -8.000, Length: 40, Loss: 888347200291573071872.0000, Epsilon: 0.100
2026-03-17 05:00:38 | INFO | Episode  118 - Reward: -7.850, Length: 40, Loss: 3488143547831308754354176.0000, Epsilon: 0.100
2026-03-17 05:00:39 | INFO | Episode  119 - Reward: -7.250, Length: 40, Loss: 631450516457209213563288158208.0000, Epsilon: 0.100
2026-03-17 05:00:40 | INFO | Episode  120 - Reward: -7.100, Length: 40, Loss: 69924156753966576495400204019695616.0000, Epsilon: 0.100
2026-03-17 05:00:41 | INFO | Episode  121 - Reward: -7.550, Length: 40, Loss: inf, Epsilon: 0.100
2026-03-17 05:00:42 | INFO | Episode  122 - Reward: -6.500, Length: 40, Loss: nan, Epsilon: 0.100
2026-03-17 05:00:42 | INFO | Episode  123 - Reward: -6.950, Length: 40, Loss: nan, Epsilon: 0.100
2026-03-17 05:00:43 | INFO | Episode  124 - Reward: -6.500, Length: 40, Loss: nan, Epsilon: 0.100
2026-03-17 05:00:44 | INFO | Episode  125 - Reward: -7.400, Length: 40, Loss: nan, Epsilon: 0.100
2026-03-17 05:00:44 | INFO | Episode  126 - Reward: -7.400, Length: 40, Loss: nan, Epsilon: 0.100
2026-03-17 05:00:45 | INFO | Episode  127 - Reward: -6.200, Length: 40, Loss: nan, Epsilon: 0.100
2026-03-17 05:00:46 | INFO | Episode  128 - Reward: -6.950, Length: 40, Loss: nan, Epsilon: 0.100
2026-03-17 05:00:47 | INFO | Episode  129 - Reward: -7.250, Length: 40, Loss: nan, Epsilon: 0.100
2026-03-17 05:00:48 | INFO | Episode  130 - Reward: 1.050, Length: 36, Loss: nan, Epsilon: 0.100
2026-03-17 05:00:49 | INFO | Episode  131 - Reward: -6.800, Length: 40, Loss: nan, Epsilon: 0.100
2026-03-17 05:00:49 | INFO | Episode  132 - Reward: -6.800, Length: 40, Loss: nan, Epsilon: 0.100
2026-03-17 05:00:50 | INFO | Episode  133 - Reward: -7.400, Length: 40, Loss: nan, Epsilon: 0.100
2026-03-17 05:00:51 | INFO | Episode  134 - Reward: -6.500, Length: 40, Loss: nan, Epsilon: 0.100
2026-03-17 05:00:52 | INFO | Episode  135 - Reward: -7.400, Length: 40, Loss: nan, Epsilon: 0.100
2026-03-17 05:00:53 | INFO | Episode  136 - Reward: -7.250, Length: 40, Loss: nan, Epsilon: 0.100
2026-03-17 05:00:54 | INFO | Episode  137 - Reward: -6.650, Length: 40, Loss: nan, Epsilon: 0.100
2026-03-17 05:00:55 | INFO | Episode  138 - Reward: -6.950, Length: 40, Loss: nan, Epsilon: 0.100
2026-03-17 05:00:55 | INFO | Episode  139 - Reward: -7.100, Length: 40, Loss: nan, Epsilon: 0.100
2026-03-17 05:00:56 | INFO | Episode  140 - Reward: -6.500, Length: 40, Loss: nan, Epsilon: 0.100
2026-03-17 05:00:57 | INFO | Episode  141 - Reward: -6.800, Length: 40, Loss: nan, Epsilon: 0.100
2026-03-17 05:00:58 | INFO | Episode  142 - Reward: -6.650, Length: 40, Loss: nan, Epsilon: 0.100
2026-03-17 05:00:59 | INFO | Episode  143 - Reward: -7.250, Length: 40, Loss: nan, Epsilon: 0.100
2026-03-17 05:01:00 | INFO | Episode  144 - Reward: -6.800, Length: 40, Loss: nan, Epsilon: 0.100
2026-03-17 05:01:01 | INFO | Episode  145 - Reward: -7.100, Length: 40, Loss: nan, Epsilon: 0.100
2026-03-17 05:01:01 | INFO | Episode  146 - Reward: -6.050, Length: 40, Loss: nan, Epsilon: 0.100
2026-03-17 05:01:02 | INFO | Episode  147 - Reward: -6.650, Length: 40, Loss: nan, Epsilon: 0.100
2026-03-17 05:01:03 | INFO | Episode  148 - Reward: -7.400, Length: 40, Loss: nan, Epsilon: 0.100
2026-03-17 05:01:04 | INFO | Episode  149 - Reward: -7.250, Length: 40, Loss: nan, Epsilon: 0.100
2026-03-17 05:01:06 | INFO | Episode  150 - Reward: -7.100, Length: 40, Loss: nan, Epsilon: 0.100
2026-03-17 05:01:21 | INFO | [Episode  150] eps=0.100  avg_reward=  -6.865  avg_length= 39.92  avg_loss=     nan  eval_success=0.000
2026-03-17 05:01:22 | INFO | Episode  151 - Reward: -7.400, Length: 40, Loss: nan, Epsilon: 0.100
2026-03-17 05:01:23 | INFO | Episode  152 - Reward: -7.100, Length: 40, Loss: nan, Epsilon: 0.100
2026-03-17 05:01:24 | INFO | Episode  153 - Reward: -7.400, Length: 40, Loss: nan, Epsilon: 0.100
2026-03-17 05:01:26 | INFO | Episode  154 - Reward: -6.950, Length: 40, Loss: nan, Epsilon: 0.100
2026-03-17 05:01:27 | INFO | Episode  155 - Reward: -7.100, Length: 40, Loss: nan, Epsilon: 0.100
2026-03-17 05:01:28 | INFO | Episode  156 - Reward: -7.250, Length: 40, Loss: nan, Epsilon: 0.100
2026-03-17 05:01:29 | INFO | Episode  157 - Reward: -6.800, Length: 40, Loss: nan, Epsilon: 0.100
2026-03-17 05:01:30 | INFO | Episode  158 - Reward: -7.250, Length: 40, Loss: nan, Epsilon: 0.100
2026-03-17 05:01:31 | INFO | Episode  159 - Reward: -7.250, Length: 40, Loss: nan, Epsilon: 0.100
2026-03-17 05:01:32 | INFO | Episode  160 - Reward: -7.100, Length: 40, Loss: nan, Epsilon: 0.100
2026-03-17 05:01:33 | INFO | Episode  161 - Reward: -6.650, Length: 40, Loss: nan, Epsilon: 0.100
2026-03-17 05:01:34 | INFO | Episode  162 - Reward: -7.400, Length: 40, Loss: nan, Epsilon: 0.100
2026-03-17 05:01:36 | INFO | Episode  163 - Reward: -7.100, Length: 40, Loss: nan, Epsilon: 0.100
2026-03-17 05:01:37 | INFO | Episode  164 - Reward: -7.400, Length: 40, Loss: nan, Epsilon: 0.100
2026-03-17 05:01:38 | INFO | Episode  165 - Reward: -6.500, Length: 40, Loss: nan, Epsilon: 0.100
2026-03-17 05:01:39 | INFO | Episode  166 - Reward: -6.950, Length: 40, Loss: nan, Epsilon: 0.100
2026-03-17 05:01:40 | INFO | Episode  167 - Reward: -6.800, Length: 40, Loss: nan, Epsilon: 0.100
2026-03-17 05:01:41 | INFO | Episode  168 - Reward: -7.400, Length: 40, Loss: nan, Epsilon: 0.100
2026-03-17 05:01:42 | INFO | Episode  169 - Reward: -7.100, Length: 40, Loss: nan, Epsilon: 0.100
2026-03-17 05:01:43 | INFO | Episode  170 - Reward: -6.950, Length: 40, Loss: nan, Epsilon: 0.100
2026-03-17 05:01:44 | INFO | Episode  171 - Reward: -6.950, Length: 40, Loss: nan, Epsilon: 0.100
2026-03-17 05:01:45 | INFO | Episode  172 - Reward: -6.950, Length: 40, Loss: nan, Epsilon: 0.100
2026-03-17 05:01:47 | INFO | Episode  173 - Reward: -6.200, Length: 40, Loss: nan, Epsilon: 0.100
2026-03-17 05:01:47 | INFO | Episode  174 - Reward: -6.200, Length: 40, Loss: nan, Epsilon: 0.100
2026-03-17 05:01:48 | INFO | Episode  175 - Reward: -7.400, Length: 40, Loss: nan, Epsilon: 0.100
2026-03-17 05:01:49 | INFO | Episode  176 - Reward: -7.100, Length: 40, Loss: nan, Epsilon: 0.100
2026-03-17 05:01:50 | INFO | Episode  177 - Reward: -7.400, Length: 40, Loss: nan, Epsilon: 0.100
2026-03-17 05:01:51 | INFO | Episode  178 - Reward: -7.250, Length: 40, Loss: nan, Epsilon: 0.100
2026-03-17 05:01:52 | INFO | Episode  179 - Reward: -7.250, Length: 40, Loss: nan, Epsilon: 0.100
2026-03-17 05:01:53 | INFO | Episode  180 - Reward: -6.800, Length: 40, Loss: nan, Epsilon: 0.100
2026-03-17 05:01:54 | INFO | Episode  181 - Reward: -6.800, Length: 40, Loss: nan, Epsilon: 0.100
2026-03-17 05:01:56 | INFO | Episode  182 - Reward: -7.250, Length: 40, Loss: nan, Epsilon: 0.100
2026-03-17 05:01:57 | INFO | Episode  183 - Reward: -7.100, Length: 40, Loss: nan, Epsilon: 0.100
2026-03-17 05:01:58 | INFO | Episode  184 - Reward: -6.500, Length: 40, Loss: nan, Epsilon: 0.100
2026-03-17 05:01:59 | INFO | Episode  185 - Reward: -7.250, Length: 40, Loss: nan, Epsilon: 0.100
2026-03-17 05:02:00 | INFO | Episode  186 - Reward: -7.100, Length: 40, Loss: nan, Epsilon: 0.100
2026-03-17 05:02:01 | INFO | Episode  187 - Reward: -7.400, Length: 40, Loss: nan, Epsilon: 0.100
2026-03-17 05:02:02 | INFO | Episode  188 - Reward: -6.200, Length: 40, Loss: nan, Epsilon: 0.100
2026-03-17 05:02:03 | INFO | Episode  189 - Reward: -7.400, Length: 40, Loss: nan, Epsilon: 0.100
2026-03-17 05:02:04 | INFO | Episode  190 - Reward: -7.100, Length: 40, Loss: nan, Epsilon: 0.100
2026-03-17 05:02:05 | INFO | Episode  191 - Reward: -7.100, Length: 40, Loss: nan, Epsilon: 0.100
2026-03-17 05:02:06 | INFO | Episode  192 - Reward: -7.400, Length: 40, Loss: nan, Epsilon: 0.100
2026-03-17 05:02:08 | INFO | Episode  193 - Reward: -7.100, Length: 40, Loss: nan, Epsilon: 0.100
2026-03-17 05:02:09 | INFO | Episode  194 - Reward: -8.600, Length: 40, Loss: nan, Epsilon: 0.100
2026-03-17 05:02:10 | INFO | Episode  195 - Reward: -7.400, Length: 40, Loss: nan, Epsilon: 0.100
2026-03-17 05:02:11 | INFO | Episode  196 - Reward: -7.100, Length: 40, Loss: nan, Epsilon: 0.100
2026-03-17 05:02:12 | INFO | Episode  197 - Reward: -7.250, Length: 40, Loss: nan, Epsilon: 0.100
2026-03-17 05:02:13 | INFO | Episode  198 - Reward: -7.100, Length: 40, Loss: nan, Epsilon: 0.100
2026-03-17 05:02:14 | INFO | Episode  199 - Reward: -7.100, Length: 40, Loss: nan, Epsilon: 0.100
2026-03-17 05:02:15 | INFO | Episode  200 - Reward: -6.500, Length: 40, Loss: nan, Epsilon: 0.100
2026-03-17 05:02:30 | INFO | [Episode  200] eps=0.100  avg_reward=  -7.082  avg_length= 40.00  avg_loss=     nan  eval_success=0.000
2026-03-17 05:02:32 | INFO | Episode  201 - Reward: -7.400, Length: 40, Loss: nan, Epsilon: 0.100
2026-03-17 05:02:33 | INFO | Episode  202 - Reward: -6.950, Length: 40, Loss: nan, Epsilon: 0.100
2026-03-17 05:02:34 | INFO | Episode  203 - Reward: -7.400, Length: 40, Loss: nan, Epsilon: 0.100
2026-03-17 05:02:35 | INFO | Episode  204 - Reward: -7.100, Length: 40, Loss: nan, Epsilon: 0.100
2026-03-17 05:02:36 | INFO | Episode  205 - Reward: -7.100, Length: 40, Loss: nan, Epsilon: 0.100
2026-03-17 05:02:37 | INFO | Episode  206 - Reward: -6.200, Length: 40, Loss: nan, Epsilon: 0.100
2026-03-17 05:02:38 | INFO | Episode  207 - Reward: -7.100, Length: 40, Loss: nan, Epsilon: 0.100
2026-03-17 05:02:39 | INFO | Episode  208 - Reward: -6.650, Length: 40, Loss: nan, Epsilon: 0.100
2026-03-17 05:02:41 | INFO | Episode  209 - Reward: -7.400, Length: 40, Loss: nan, Epsilon: 0.100
2026-03-17 05:02:42 | INFO | Episode  210 - Reward: -7.100, Length: 40, Loss: nan, Epsilon: 0.100
2026-03-17 05:02:43 | INFO | Episode  211 - Reward: -7.100, Length: 40, Loss: nan, Epsilon: 0.100
2026-03-17 05:02:44 | INFO | Episode  212 - Reward: 6.450, Length: 24, Loss: nan, Epsilon: 0.100
2026-03-17 05:02:45 | INFO | Episode  213 - Reward: -7.400, Length: 40, Loss: nan, Epsilon: 0.100
2026-03-17 05:02:46 | INFO | Episode  214 - Reward: -6.950, Length: 40, Loss: nan, Epsilon: 0.100
2026-03-17 05:02:47 | INFO | Episode  215 - Reward: -7.250, Length: 40, Loss: nan, Epsilon: 0.100
2026-03-17 05:02:48 | INFO | Episode  216 - Reward: -6.950, Length: 40, Loss: nan, Epsilon: 0.100
2026-03-17 05:02:49 | INFO | Episode  217 - Reward: -6.650, Length: 40, Loss: nan, Epsilon: 0.100
2026-03-17 05:02:50 | INFO | Episode  218 - Reward: -7.400, Length: 40, Loss: nan, Epsilon: 0.100
2026-03-17 05:02:51 | INFO | Episode  219 - Reward: -7.100, Length: 40, Loss: nan, Epsilon: 0.100
2026-03-17 05:02:52 | INFO | Episode  220 - Reward: -7.400, Length: 40, Loss: nan, Epsilon: 0.100
2026-03-17 05:02:53 | INFO | Episode  221 - Reward: -7.250, Length: 40, Loss: nan, Epsilon: 0.100
2026-03-17 05:02:54 | INFO | Episode  222 - Reward: -7.250, Length: 40, Loss: nan, Epsilon: 0.100
2026-03-17 05:02:55 | INFO | Episode  223 - Reward: -7.400, Length: 40, Loss: nan, Epsilon: 0.100
2026-03-17 05:02:56 | INFO | Episode  224 - Reward: -7.400, Length: 40, Loss: nan, Epsilon: 0.100
2026-03-17 05:02:58 | INFO | Episode  225 - Reward: -6.650, Length: 40, Loss: nan, Epsilon: 0.100
2026-03-17 05:02:59 | INFO | Episode  226 - Reward: -7.100, Length: 40, Loss: nan, Epsilon: 0.100
2026-03-17 05:03:00 | INFO | Episode  227 - Reward: -6.950, Length: 40, Loss: nan, Epsilon: 0.100
2026-03-17 05:03:01 | INFO | Episode  228 - Reward: -7.100, Length: 40, Loss: nan, Epsilon: 0.100
2026-03-17 05:03:02 | INFO | Episode  229 - Reward: -7.250, Length: 40, Loss: nan, Epsilon: 0.100
2026-03-17 05:03:03 | INFO | Episode  230 - Reward: -6.800, Length: 40, Loss: nan, Epsilon: 0.100
2026-03-17 05:03:04 | INFO | Episode  231 - Reward: -7.250, Length: 40, Loss: nan, Epsilon: 0.100
2026-03-17 05:03:05 | INFO | Episode  232 - Reward: -6.500, Length: 40, Loss: nan, Epsilon: 0.100
2026-03-17 05:03:06 | INFO | Episode  233 - Reward: -6.800, Length: 40, Loss: nan, Epsilon: 0.100
2026-03-17 05:03:07 | INFO | Episode  234 - Reward: -7.250, Length: 40, Loss: nan, Epsilon: 0.100
2026-03-17 05:03:09 | INFO | Episode  235 - Reward: -7.100, Length: 40, Loss: nan, Epsilon: 0.100
2026-03-17 05:03:10 | INFO | Episode  236 - Reward: -7.250, Length: 40, Loss: nan, Epsilon: 0.100
2026-03-17 05:03:11 | INFO | Episode  237 - Reward: -5.750, Length: 40, Loss: nan, Epsilon: 0.100
2026-03-17 05:03:12 | INFO | Episode  238 - Reward: -6.800, Length: 40, Loss: nan, Epsilon: 0.100
2026-03-17 05:03:13 | INFO | Episode  239 - Reward: -7.100, Length: 40, Loss: nan, Epsilon: 0.100
2026-03-17 05:03:14 | INFO | Episode  240 - Reward: -7.100, Length: 40, Loss: nan, Epsilon: 0.100
2026-03-17 05:03:15 | INFO | Episode  241 - Reward: -7.100, Length: 40, Loss: nan, Epsilon: 0.100
2026-03-17 05:03:16 | INFO | Episode  242 - Reward: -6.650, Length: 40, Loss: nan, Epsilon: 0.100
2026-03-17 05:03:17 | INFO | Episode  243 - Reward: -6.800, Length: 40, Loss: nan, Epsilon: 0.100
2026-03-17 05:03:18 | INFO | Episode  244 - Reward: -7.100, Length: 40, Loss: nan, Epsilon: 0.100
2026-03-17 05:03:20 | INFO | Episode  245 - Reward: -7.100, Length: 40, Loss: nan, Epsilon: 0.100
2026-03-17 05:03:21 | INFO | Episode  246 - Reward: -7.250, Length: 40, Loss: nan, Epsilon: 0.100
2026-03-17 05:03:21 | INFO | Episode  247 - Reward: -7.400, Length: 40, Loss: nan, Epsilon: 0.100
2026-03-17 05:03:22 | INFO | Episode  248 - Reward: -6.800, Length: 40, Loss: nan, Epsilon: 0.100
2026-03-17 05:03:23 | INFO | Episode  249 - Reward: -7.100, Length: 40, Loss: nan, Epsilon: 0.100
2026-03-17 05:03:24 | INFO | Episode  250 - Reward: -6.950, Length: 40, Loss: nan, Epsilon: 0.100
2026-03-17 05:03:37 | INFO | [Episode  250] eps=0.100  avg_reward=  -6.769  avg_length= 39.68  avg_loss=     nan  eval_success=0.000
