2026-03-17 05:26:43 | INFO | ============================================================
2026-03-17 05:26:43 | INFO | DEVICE / COMPUTE INFORMATION
2026-03-17 05:26:43 | INFO |   JAX backend       : GPU
2026-03-17 05:26:43 | INFO |   Platform          : gpu
2026-03-17 05:26:43 | INFO |   Num devices       : 1
2026-03-17 05:26:43 | INFO |   Device            : cuda:0
2026-03-17 05:26:43 | INFO |   GPU name          : NVIDIA GeForce RTX 5060 Laptop GPU
2026-03-17 05:26:43 | INFO | ============================================================
2026-03-17 05:26:43 | INFO | ✓ JAX GPU backend confirmed.
2026-03-17 05:26:44 | INFO | DQN seed=5_gamma=0.9_lr=0.001
2026-03-17 05:26:45 | INFO | Episode    1 - Reward: -5.300, Length: 40, Loss: 0.0000, Epsilon: 0.991
2026-03-17 05:26:46 | INFO | Episode    2 - Reward: -5.150, Length: 40, Loss: 0.0000, Epsilon: 0.982
2026-03-17 05:26:50 | INFO | Episode    3 - Reward: -5.300, Length: 40, Loss: 0.0254, Epsilon: 0.973
2026-03-17 05:26:50 | INFO | Episode    4 - Reward: -4.100, Length: 40, Loss: 0.0202, Epsilon: 0.964
2026-03-17 05:26:51 | INFO | Episode    5 - Reward: -4.550, Length: 40, Loss: 0.0242, Epsilon: 0.955
2026-03-17 05:26:52 | INFO | Episode    6 - Reward: -5.900, Length: 40, Loss: 0.0213, Epsilon: 0.946
2026-03-17 05:26:53 | INFO | Episode    7 - Reward: -5.450, Length: 40, Loss: 0.0200, Epsilon: 0.937
2026-03-17 05:26:54 | INFO | Episode    8 - Reward: -4.100, Length: 40, Loss: 0.0166, Epsilon: 0.928
2026-03-17 05:26:55 | INFO | Episode    9 - Reward: -5.750, Length: 40, Loss: 0.0175, Epsilon: 0.919
2026-03-17 05:26:55 | INFO | Episode   10 - Reward: -4.550, Length: 40, Loss: 0.0163, Epsilon: 0.910
2026-03-17 05:26:57 | INFO | Episode   11 - Reward: -4.700, Length: 40, Loss: 0.0217, Epsilon: 0.901
2026-03-17 05:26:58 | INFO | Episode   12 - Reward: -4.400, Length: 40, Loss: 0.0154, Epsilon: 0.892
2026-03-17 05:26:59 | INFO | Episode   13 - Reward: -3.650, Length: 40, Loss: 0.0211, Epsilon: 0.883
2026-03-17 05:27:00 | INFO | Episode   14 - Reward: -4.700, Length: 40, Loss: 0.0160, Epsilon: 0.874
2026-03-17 05:27:01 | INFO | Episode   15 - Reward: -6.950, Length: 40, Loss: 0.0222, Epsilon: 0.865
2026-03-17 05:27:02 | INFO | Episode   16 - Reward: -5.450, Length: 40, Loss: 0.0532, Epsilon: 0.856
2026-03-17 05:27:03 | INFO | Episode   17 - Reward: -5.300, Length: 40, Loss: 0.0250, Epsilon: 0.847
2026-03-17 05:27:04 | INFO | Episode   18 - Reward: -4.250, Length: 40, Loss: 0.0161, Epsilon: 0.838
2026-03-17 05:27:06 | INFO | Episode   19 - Reward: -5.000, Length: 40, Loss: 0.0210, Epsilon: 0.829
2026-03-17 05:27:07 | INFO | Episode   20 - Reward: -4.850, Length: 40, Loss: 0.0144, Epsilon: 0.820
2026-03-17 05:27:08 | INFO | Episode   21 - Reward: -5.300, Length: 40, Loss: 0.0208, Epsilon: 0.811
2026-03-17 05:27:09 | INFO | Episode   22 - Reward: -5.750, Length: 40, Loss: 0.0168, Epsilon: 0.802
2026-03-17 05:27:10 | INFO | Episode   23 - Reward: -4.550, Length: 40, Loss: 0.0153, Epsilon: 0.793
2026-03-17 05:27:11 | INFO | Episode   24 - Reward: -5.450, Length: 40, Loss: 0.0498, Epsilon: 0.784
2026-03-17 05:27:12 | INFO | Episode   25 - Reward: -5.750, Length: 40, Loss: 0.0165, Epsilon: 0.775
2026-03-17 05:27:13 | INFO | Episode   26 - Reward: -5.150, Length: 40, Loss: 0.0171, Epsilon: 0.766
2026-03-17 05:27:14 | INFO | Episode   27 - Reward: -4.250, Length: 40, Loss: 0.0181, Epsilon: 0.757
2026-03-17 05:27:15 | INFO | Episode   28 - Reward: -12.200, Length: 40, Loss: 0.0149, Epsilon: 0.748
2026-03-17 05:27:16 | INFO | Episode   29 - Reward: -4.550, Length: 40, Loss: 0.0175, Epsilon: 0.739
2026-03-17 05:27:17 | INFO | Episode   30 - Reward: -3.800, Length: 40, Loss: 0.0141, Epsilon: 0.730
2026-03-17 05:27:18 | INFO | Episode   31 - Reward: -4.100, Length: 40, Loss: 0.0470, Epsilon: 0.721
2026-03-17 05:27:20 | INFO | Episode   32 - Reward: -4.700, Length: 40, Loss: 0.0186, Epsilon: 0.712
2026-03-17 05:27:21 | INFO | Episode   33 - Reward: -5.450, Length: 40, Loss: 0.0491, Epsilon: 0.703
2026-03-17 05:27:22 | INFO | Episode   34 - Reward: -5.000, Length: 40, Loss: 0.0462, Epsilon: 0.694
2026-03-17 05:27:23 | INFO | Episode   35 - Reward: -5.300, Length: 40, Loss: 0.0130, Epsilon: 0.685
2026-03-17 05:27:24 | INFO | Episode   36 - Reward: -5.000, Length: 40, Loss: 0.0186, Epsilon: 0.676
2026-03-17 05:27:25 | INFO | Episode   37 - Reward: -4.700, Length: 40, Loss: 0.0150, Epsilon: 0.667
2026-03-17 05:27:26 | INFO | Episode   38 - Reward: -6.050, Length: 40, Loss: 0.0164, Epsilon: 0.658
2026-03-17 05:27:27 | INFO | Episode   39 - Reward: -5.000, Length: 40, Loss: 0.0175, Epsilon: 0.649
2026-03-17 05:27:27 | INFO | Episode   40 - Reward: -5.600, Length: 40, Loss: 0.0150, Epsilon: 0.640
2026-03-17 05:27:29 | INFO | Episode   41 - Reward: -2.050, Length: 38, Loss: 0.0502, Epsilon: 0.631
2026-03-17 05:27:30 | INFO | Episode   42 - Reward: -4.550, Length: 40, Loss: 0.1323, Epsilon: 0.622
2026-03-17 05:27:31 | INFO | Episode   43 - Reward: -5.300, Length: 40, Loss: 0.8622, Epsilon: 0.613
2026-03-17 05:27:32 | INFO | Episode   44 - Reward: -6.500, Length: 40, Loss: 0.0211, Epsilon: 0.604
2026-03-17 05:27:33 | INFO | Episode   45 - Reward: -6.350, Length: 40, Loss: 0.0189, Epsilon: 0.595
2026-03-17 05:27:34 | INFO | Episode   46 - Reward: -5.450, Length: 40, Loss: 0.0204, Epsilon: 0.586
2026-03-17 05:27:35 | INFO | Episode   47 - Reward: -6.500, Length: 40, Loss: 0.0503, Epsilon: 0.577
2026-03-17 05:27:36 | INFO | Episode   48 - Reward: -5.150, Length: 40, Loss: 0.0162, Epsilon: 0.568
2026-03-17 05:27:37 | INFO | Episode   49 - Reward: -9.950, Length: 40, Loss: 0.0190, Epsilon: 0.559
2026-03-17 05:27:38 | INFO | Episode   50 - Reward: -6.200, Length: 40, Loss: 0.0169, Epsilon: 0.550
2026-03-17 05:27:55 | INFO | [Episode   50] eps=0.550  avg_reward=  -5.301  avg_length= 39.96  avg_loss=  0.0410  eval_success=0.000
2026-03-17 05:27:56 | INFO | Episode   51 - Reward: -5.000, Length: 40, Loss: 0.0498, Epsilon: 0.541
2026-03-17 05:27:57 | INFO | Episode   52 - Reward: -5.600, Length: 40, Loss: 0.0480, Epsilon: 0.532
2026-03-17 05:27:58 | INFO | Episode   53 - Reward: -6.200, Length: 40, Loss: 1.6116, Epsilon: 0.523
2026-03-17 05:27:59 | INFO | Episode   54 - Reward: -6.050, Length: 40, Loss: 0.7995, Epsilon: 0.514
2026-03-17 05:28:00 | INFO | Episode   55 - Reward: -6.050, Length: 40, Loss: 0.0190, Epsilon: 0.505
2026-03-17 05:28:01 | INFO | Episode   56 - Reward: -4.700, Length: 40, Loss: 0.0488, Epsilon: 0.496
2026-03-17 05:28:02 | INFO | Episode   57 - Reward: -6.350, Length: 40, Loss: 0.0189, Epsilon: 0.487
2026-03-17 05:28:03 | INFO | Episode   58 - Reward: -4.400, Length: 40, Loss: 0.0208, Epsilon: 0.478
2026-03-17 05:28:04 | INFO | Episode   59 - Reward: 8.450, Length: 14, Loss: 0.0229, Epsilon: 0.469
2026-03-17 05:28:05 | INFO | Episode   60 - Reward: 4.300, Length: 34, Loss: 0.0172, Epsilon: 0.460
2026-03-17 05:28:06 | INFO | Episode   61 - Reward: -7.100, Length: 40, Loss: 0.0207, Epsilon: 0.451
2026-03-17 05:28:07 | INFO | Episode   62 - Reward: -8.300, Length: 40, Loss: 0.8600, Epsilon: 0.442
2026-03-17 05:28:08 | INFO | Episode   63 - Reward: -6.500, Length: 40, Loss: 0.0250, Epsilon: 0.433
2026-03-17 05:28:09 | INFO | Episode   64 - Reward: -5.300, Length: 40, Loss: 0.0777, Epsilon: 0.424
2026-03-17 05:28:11 | INFO | Episode   65 - Reward: -5.900, Length: 40, Loss: 0.0800, Epsilon: 0.415
2026-03-17 05:28:12 | INFO | Episode   66 - Reward: -5.900, Length: 40, Loss: 0.0773, Epsilon: 0.406
2026-03-17 05:28:13 | INFO | Episode   67 - Reward: -5.750, Length: 40, Loss: 0.0183, Epsilon: 0.397
2026-03-17 05:28:14 | INFO | Episode   68 - Reward: -5.600, Length: 40, Loss: 0.0180, Epsilon: 0.388
2026-03-17 05:28:15 | INFO | Episode   69 - Reward: -6.200, Length: 40, Loss: 0.0184, Epsilon: 0.379
2026-03-17 05:28:16 | INFO | Episode   70 - Reward: -5.300, Length: 40, Loss: 0.0206, Epsilon: 0.370
2026-03-17 05:28:17 | INFO | Episode   71 - Reward: -6.200, Length: 40, Loss: 0.0793, Epsilon: 0.361
2026-03-17 05:28:18 | INFO | Episode   72 - Reward: -5.150, Length: 40, Loss: 0.0213, Epsilon: 0.352
2026-03-17 05:28:19 | INFO | Episode   73 - Reward: -5.000, Length: 40, Loss: 0.0201, Epsilon: 0.343
2026-03-17 05:28:20 | INFO | Episode   74 - Reward: -5.900, Length: 40, Loss: 0.0487, Epsilon: 0.334
2026-03-17 05:28:21 | INFO | Episode   75 - Reward: -6.500, Length: 40, Loss: 0.0193, Epsilon: 0.325
2026-03-17 05:28:23 | INFO | Episode   76 - Reward: -5.900, Length: 40, Loss: 0.0804, Epsilon: 0.316
2026-03-17 05:28:24 | INFO | Episode   77 - Reward: 6.700, Length: 16, Loss: 0.0180, Epsilon: 0.307
2026-03-17 05:28:25 | INFO | Episode   78 - Reward: -6.500, Length: 40, Loss: 0.0505, Epsilon: 0.298
2026-03-17 05:28:26 | INFO | Episode   79 - Reward: -6.800, Length: 40, Loss: 0.8616, Epsilon: 0.289
2026-03-17 05:28:27 | INFO | Episode   80 - Reward: -6.500, Length: 40, Loss: 0.0180, Epsilon: 0.280
2026-03-17 05:28:28 | INFO | Episode   81 - Reward: -7.550, Length: 40, Loss: 0.0195, Epsilon: 0.271
2026-03-17 05:28:29 | INFO | Episode   82 - Reward: -5.900, Length: 40, Loss: 0.0204, Epsilon: 0.262
2026-03-17 05:28:29 | INFO | Episode   83 - Reward: -5.600, Length: 40, Loss: 0.0817, Epsilon: 0.253
2026-03-17 05:28:30 | INFO | Episode   84 - Reward: -6.800, Length: 40, Loss: 0.0180, Epsilon: 0.244
2026-03-17 05:28:32 | INFO | Episode   85 - Reward: -6.500, Length: 40, Loss: 0.7989, Epsilon: 0.235
2026-03-17 05:28:33 | INFO | Episode   86 - Reward: -7.850, Length: 40, Loss: 0.0513, Epsilon: 0.226
2026-03-17 05:28:34 | INFO | Episode   87 - Reward: -5.900, Length: 40, Loss: 0.0503, Epsilon: 0.217
2026-03-17 05:28:35 | INFO | Episode   88 - Reward: -5.900, Length: 40, Loss: 0.0237, Epsilon: 0.208
2026-03-17 05:28:36 | INFO | Episode   89 - Reward: -6.350, Length: 40, Loss: 0.0196, Epsilon: 0.199
2026-03-17 05:28:37 | INFO | Episode   90 - Reward: -5.600, Length: 40, Loss: 0.0219, Epsilon: 0.190
2026-03-17 05:28:38 | INFO | Episode   91 - Reward: -6.800, Length: 40, Loss: 0.0518, Epsilon: 0.181
2026-03-17 05:28:39 | INFO | Episode   92 - Reward: -6.800, Length: 40, Loss: 0.0219, Epsilon: 0.172
2026-03-17 05:28:40 | INFO | Episode   93 - Reward: -7.250, Length: 40, Loss: 0.1124, Epsilon: 0.163
2026-03-17 05:28:41 | INFO | Episode   94 - Reward: -6.500, Length: 40, Loss: 0.0555, Epsilon: 0.154
2026-03-17 05:28:42 | INFO | Episode   95 - Reward: -6.500, Length: 40, Loss: 0.0224, Epsilon: 0.145
2026-03-17 05:28:43 | INFO | Episode   96 - Reward: -6.500, Length: 40, Loss: 0.8026, Epsilon: 0.136
2026-03-17 05:28:44 | INFO | Episode   97 - Reward: -7.100, Length: 40, Loss: 0.0537, Epsilon: 0.127
2026-03-17 05:28:45 | INFO | Episode   98 - Reward: -6.950, Length: 40, Loss: 0.8338, Epsilon: 0.118
2026-03-17 05:28:46 | INFO | Episode   99 - Reward: -7.400, Length: 40, Loss: 0.0841, Epsilon: 0.109
2026-03-17 05:28:47 | INFO | Episode  100 - Reward: -7.100, Length: 40, Loss: 0.0525, Epsilon: 0.100
2026-03-17 05:29:00 | INFO | [Episode  100] eps=0.100  avg_reward=  -5.481  avg_length= 38.88  avg_loss=  0.1657  eval_success=0.000
2026-03-17 05:29:01 | INFO | Episode  101 - Reward: -7.400, Length: 40, Loss: 0.0569, Epsilon: 0.100
2026-03-17 05:29:01 | INFO | Episode  102 - Reward: -7.400, Length: 40, Loss: 0.0226, Epsilon: 0.100
2026-03-17 05:29:02 | INFO | Episode  103 - Reward: -6.800, Length: 40, Loss: 0.0549, Epsilon: 0.100
2026-03-17 05:29:02 | INFO | Episode  104 - Reward: -6.200, Length: 40, Loss: 0.0263, Epsilon: 0.100
2026-03-17 05:29:03 | INFO | Episode  105 - Reward: -7.400, Length: 40, Loss: 0.0253, Epsilon: 0.100
2026-03-17 05:29:04 | INFO | Episode  106 - Reward: -6.500, Length: 40, Loss: 0.0253, Epsilon: 0.100
2026-03-17 05:29:05 | INFO | Episode  107 - Reward: -7.400, Length: 40, Loss: 0.0223, Epsilon: 0.100
2026-03-17 05:29:06 | INFO | Episode  108 - Reward: -6.800, Length: 40, Loss: 0.0258, Epsilon: 0.100
2026-03-17 05:29:07 | INFO | Episode  109 - Reward: -6.800, Length: 40, Loss: 0.0239, Epsilon: 0.100
2026-03-17 05:29:07 | INFO | Episode  110 - Reward: -5.900, Length: 40, Loss: 0.0268, Epsilon: 0.100
2026-03-17 05:29:08 | INFO | Episode  111 - Reward: -7.100, Length: 40, Loss: 0.0575, Epsilon: 0.100
2026-03-17 05:29:09 | INFO | Episode  112 - Reward: -6.800, Length: 40, Loss: 0.0261, Epsilon: 0.100
2026-03-17 05:29:10 | INFO | Episode  113 - Reward: -6.200, Length: 40, Loss: 0.8135, Epsilon: 0.100
2026-03-17 05:29:11 | INFO | Episode  114 - Reward: -6.800, Length: 40, Loss: 0.0255, Epsilon: 0.100
2026-03-17 05:29:12 | INFO | Episode  115 - Reward: -6.800, Length: 40, Loss: 0.0261, Epsilon: 0.100
2026-03-17 05:29:12 | INFO | Episode  116 - Reward: -6.800, Length: 40, Loss: 0.0267, Epsilon: 0.100
2026-03-17 05:29:13 | INFO | Episode  117 - Reward: -7.100, Length: 40, Loss: 0.0243, Epsilon: 0.100
2026-03-17 05:29:14 | INFO | Episode  118 - Reward: -7.100, Length: 40, Loss: 0.0261, Epsilon: 0.100
2026-03-17 05:29:15 | INFO | Episode  119 - Reward: -5.900, Length: 40, Loss: 0.0581, Epsilon: 0.100
2026-03-17 05:29:16 | INFO | Episode  120 - Reward: -6.800, Length: 40, Loss: 0.8455, Epsilon: 0.100
2026-03-17 05:29:17 | INFO | Episode  121 - Reward: -6.800, Length: 40, Loss: 0.8156, Epsilon: 0.100
2026-03-17 05:29:18 | INFO | Episode  122 - Reward: -6.500, Length: 40, Loss: 0.0252, Epsilon: 0.100
2026-03-17 05:29:18 | INFO | Episode  123 - Reward: -6.800, Length: 40, Loss: 0.0257, Epsilon: 0.100
2026-03-17 05:29:19 | INFO | Episode  124 - Reward: -6.950, Length: 40, Loss: 0.0246, Epsilon: 0.100
2026-03-17 05:29:20 | INFO | Episode  125 - Reward: -6.800, Length: 40, Loss: 0.0275, Epsilon: 0.100
2026-03-17 05:29:21 | INFO | Episode  126 - Reward: -6.800, Length: 40, Loss: 0.0269, Epsilon: 0.100
2026-03-17 05:29:22 | INFO | Episode  127 - Reward: -7.100, Length: 40, Loss: 0.0266, Epsilon: 0.100
2026-03-17 05:29:23 | INFO | Episode  128 - Reward: -7.100, Length: 40, Loss: 0.0556, Epsilon: 0.100
2026-03-17 05:29:24 | INFO | Episode  129 - Reward: -6.800, Length: 40, Loss: 0.0266, Epsilon: 0.100
2026-03-17 05:29:24 | INFO | Episode  130 - Reward: -2.450, Length: 40, Loss: 0.0255, Epsilon: 0.100
2026-03-17 05:29:25 | INFO | Episode  131 - Reward: -2.300, Length: 40, Loss: 0.0271, Epsilon: 0.100
2026-03-17 05:29:26 | INFO | Episode  132 - Reward: -2.450, Length: 40, Loss: 0.0256, Epsilon: 0.100
2026-03-17 05:29:27 | INFO | Episode  133 - Reward: -2.300, Length: 40, Loss: 0.0565, Epsilon: 0.100
2026-03-17 05:29:28 | INFO | Episode  134 - Reward: -2.450, Length: 40, Loss: 0.0266, Epsilon: 0.100
2026-03-17 05:29:29 | INFO | Episode  135 - Reward: -2.450, Length: 40, Loss: 0.0265, Epsilon: 0.100
2026-03-17 05:29:30 | INFO | Episode  136 - Reward: -2.300, Length: 40, Loss: 0.0247, Epsilon: 0.100
2026-03-17 05:29:30 | INFO | Episode  137 - Reward: -2.600, Length: 40, Loss: 0.0256, Epsilon: 0.100
2026-03-17 05:29:31 | INFO | Episode  138 - Reward: -2.150, Length: 40, Loss: 0.0236, Epsilon: 0.100
2026-03-17 05:29:32 | INFO | Episode  139 - Reward: -2.000, Length: 40, Loss: 0.0234, Epsilon: 0.100
2026-03-17 05:29:33 | INFO | Episode  140 - Reward: -2.750, Length: 40, Loss: 0.0226, Epsilon: 0.100
2026-03-17 05:29:33 | INFO | Episode  141 - Reward: -2.300, Length: 40, Loss: 0.0209, Epsilon: 0.100
2026-03-17 05:29:34 | INFO | Episode  142 - Reward: -10.250, Length: 40, Loss: 0.0206, Epsilon: 0.100
2026-03-17 05:29:35 | INFO | Episode  143 - Reward: -2.150, Length: 40, Loss: 0.0214, Epsilon: 0.100
2026-03-17 05:29:36 | INFO | Episode  144 - Reward: -2.150, Length: 40, Loss: 0.0208, Epsilon: 0.100
2026-03-17 05:29:36 | INFO | Episode  145 - Reward: -3.950, Length: 40, Loss: 0.0206, Epsilon: 0.100
2026-03-17 05:29:37 | INFO | Episode  146 - Reward: -6.800, Length: 40, Loss: 0.0500, Epsilon: 0.100
2026-03-17 05:29:38 | INFO | Episode  147 - Reward: -7.250, Length: 40, Loss: 0.0197, Epsilon: 0.100
2026-03-17 05:29:39 | INFO | Episode  148 - Reward: -7.550, Length: 40, Loss: 0.0210, Epsilon: 0.100
2026-03-17 05:29:40 | INFO | Episode  149 - Reward: -7.250, Length: 40, Loss: 0.0191, Epsilon: 0.100
2026-03-17 05:29:41 | INFO | Episode  150 - Reward: -3.050, Length: 40, Loss: 0.0194, Epsilon: 0.100
2026-03-17 05:29:57 | INFO | [Episode  150] eps=0.100  avg_reward=  -5.531  avg_length= 40.00  avg_loss=  0.0767  eval_success=0.000
2026-03-17 05:29:59 | INFO | Episode  151 - Reward: -3.050, Length: 40, Loss: 0.0204, Epsilon: 0.100
2026-03-17 05:30:00 | INFO | Episode  152 - Reward: -7.550, Length: 40, Loss: 0.0191, Epsilon: 0.100
2026-03-17 05:30:01 | INFO | Episode  153 - Reward: -7.550, Length: 40, Loss: 0.0209, Epsilon: 0.100
2026-03-17 05:30:02 | INFO | Episode  154 - Reward: -6.650, Length: 40, Loss: 0.0508, Epsilon: 0.100
2026-03-17 05:30:03 | INFO | Episode  155 - Reward: -7.550, Length: 40, Loss: 0.0166, Epsilon: 0.100
2026-03-17 05:30:04 | INFO | Episode  156 - Reward: -7.250, Length: 40, Loss: 0.0197, Epsilon: 0.100
2026-03-17 05:30:04 | INFO | Episode  157 - Reward: -8.000, Length: 40, Loss: 0.0176, Epsilon: 0.100
2026-03-17 05:30:06 | INFO | Episode  158 - Reward: -6.800, Length: 40, Loss: 0.0205, Epsilon: 0.100
2026-03-17 05:30:07 | INFO | Episode  159 - Reward: -7.700, Length: 40, Loss: 0.0486, Epsilon: 0.100
2026-03-17 05:30:08 | INFO | Episode  160 - Reward: -7.550, Length: 40, Loss: 0.0512, Epsilon: 0.100
2026-03-17 05:30:09 | INFO | Episode  161 - Reward: -7.850, Length: 40, Loss: 0.0201, Epsilon: 0.100
2026-03-17 05:30:10 | INFO | Episode  162 - Reward: -2.450, Length: 40, Loss: 0.0521, Epsilon: 0.100
2026-03-17 05:30:11 | INFO | Episode  163 - Reward: -4.850, Length: 40, Loss: 0.0188, Epsilon: 0.100
2026-03-17 05:30:12 | INFO | Episode  164 - Reward: -7.250, Length: 40, Loss: 0.0209, Epsilon: 0.100
2026-03-17 05:30:13 | INFO | Episode  165 - Reward: 5.750, Length: 29, Loss: 0.0194, Epsilon: 0.100
2026-03-17 05:30:14 | INFO | Episode  166 - Reward: 3.950, Length: 38, Loss: 0.0203, Epsilon: 0.100
2026-03-17 05:30:16 | INFO | Episode  167 - Reward: -6.950, Length: 40, Loss: 0.0212, Epsilon: 0.100
2026-03-17 05:30:17 | INFO | Episode  168 - Reward: -6.950, Length: 40, Loss: 0.0181, Epsilon: 0.100
2026-03-17 05:30:18 | INFO | Episode  169 - Reward: 8.150, Length: 17, Loss: 0.0202, Epsilon: 0.100
2026-03-17 05:30:19 | INFO | Episode  170 - Reward: -6.950, Length: 40, Loss: 0.0230, Epsilon: 0.100
2026-03-17 05:30:20 | INFO | Episode  171 - Reward: 5.250, Length: 30, Loss: 0.0203, Epsilon: 0.100
2026-03-17 05:30:21 | INFO | Episode  172 - Reward: -7.250, Length: 40, Loss: 0.0198, Epsilon: 0.100
2026-03-17 05:30:22 | INFO | Episode  173 - Reward: -3.050, Length: 40, Loss: 0.0194, Epsilon: 0.100
2026-03-17 05:30:23 | INFO | Episode  174 - Reward: -6.650, Length: 40, Loss: 0.0227, Epsilon: 0.100
2026-03-17 05:30:24 | INFO | Episode  175 - Reward: -5.150, Length: 40, Loss: 0.0186, Epsilon: 0.100
2026-03-17 05:30:25 | INFO | Episode  176 - Reward: -4.850, Length: 40, Loss: 0.0200, Epsilon: 0.100
2026-03-17 05:30:26 | INFO | Episode  177 - Reward: -5.150, Length: 40, Loss: 0.8114, Epsilon: 0.100
2026-03-17 05:30:27 | INFO | Episode  178 - Reward: 7.050, Length: 21, Loss: 0.8097, Epsilon: 0.100
2026-03-17 05:30:29 | INFO | Episode  179 - Reward: -7.250, Length: 40, Loss: 0.0201, Epsilon: 0.100
2026-03-17 05:30:30 | INFO | Episode  180 - Reward: 6.250, Length: 25, Loss: 0.0209, Epsilon: 0.100
2026-03-17 05:30:31 | INFO | Episode  181 - Reward: -2.150, Length: 40, Loss: 0.0197, Epsilon: 0.100
2026-03-17 05:30:32 | INFO | Episode  182 - Reward: -2.150, Length: 40, Loss: 0.0176, Epsilon: 0.100
2026-03-17 05:30:33 | INFO | Episode  183 - Reward: 8.350, Length: 25, Loss: 0.0184, Epsilon: 0.100
2026-03-17 05:30:34 | INFO | Episode  184 - Reward: -2.300, Length: 40, Loss: 0.8076, Epsilon: 0.100
2026-03-17 05:30:35 | INFO | Episode  185 - Reward: -2.150, Length: 40, Loss: 0.8057, Epsilon: 0.100
2026-03-17 05:30:35 | INFO | Episode  186 - Reward: -2.450, Length: 40, Loss: 0.0164, Epsilon: 0.100
2026-03-17 05:30:36 | INFO | Episode  187 - Reward: 9.650, Length: 8, Loss: 0.8323, Epsilon: 0.100
2026-03-17 05:30:38 | INFO | Episode  188 - Reward: -2.300, Length: 40, Loss: 0.8072, Epsilon: 0.100
2026-03-17 05:30:39 | INFO | Episode  189 - Reward: -2.150, Length: 40, Loss: 0.8023, Epsilon: 0.100
2026-03-17 05:30:40 | INFO | Episode  190 - Reward: -2.300, Length: 40, Loss: 0.0180, Epsilon: 0.100
2026-03-17 05:30:41 | INFO | Episode  191 - Reward: -6.800, Length: 40, Loss: 0.0164, Epsilon: 0.100
2026-03-17 05:30:42 | INFO | Episode  192 - Reward: -6.950, Length: 40, Loss: 0.0167, Epsilon: 0.100
2026-03-17 05:30:43 | INFO | Episode  193 - Reward: -7.550, Length: 40, Loss: 0.0171, Epsilon: 0.100
2026-03-17 05:30:44 | INFO | Episode  194 - Reward: -7.700, Length: 40, Loss: 0.8015, Epsilon: 0.100
2026-03-17 05:30:45 | INFO | Episode  195 - Reward: -7.550, Length: 40, Loss: 0.8032, Epsilon: 0.100
2026-03-17 05:30:46 | INFO | Episode  196 - Reward: -6.650, Length: 40, Loss: 0.0166, Epsilon: 0.100
2026-03-17 05:30:47 | INFO | Episode  197 - Reward: -6.950, Length: 40, Loss: 0.0172, Epsilon: 0.100
2026-03-17 05:30:48 | INFO | Episode  198 - Reward: -2.300, Length: 40, Loss: 0.8037, Epsilon: 0.100
2026-03-17 05:30:50 | INFO | Episode  199 - Reward: 9.050, Length: 14, Loss: 0.0165, Epsilon: 0.100
2026-03-17 05:30:51 | INFO | Episode  200 - Reward: -2.300, Length: 40, Loss: 0.0161, Epsilon: 0.100
2026-03-17 05:31:07 | INFO | [Episode  200] eps=0.100  avg_reward=  -3.230  avg_length= 36.94  avg_loss=  0.1795  eval_success=0.000
2026-03-17 05:31:07 | INFO | Episode  201 - Reward: -2.150, Length: 40, Loss: 0.8013, Epsilon: 0.100
2026-03-17 05:31:08 | INFO | Episode  202 - Reward: -7.850, Length: 40, Loss: 0.0180, Epsilon: 0.100
2026-03-17 05:31:09 | INFO | Episode  203 - Reward: 9.650, Length: 8, Loss: 0.0160, Epsilon: 0.100
2026-03-17 05:31:10 | INFO | Episode  204 - Reward: 9.550, Length: 10, Loss: 0.7998, Epsilon: 0.100
2026-03-17 05:31:11 | INFO | Episode  205 - Reward: 9.650, Length: 8, Loss: 0.7984, Epsilon: 0.100
2026-03-17 05:31:12 | INFO | Episode  206 - Reward: 9.650, Length: 8, Loss: 0.7978, Epsilon: 0.100
2026-03-17 05:31:14 | INFO | Episode  207 - Reward: 9.450, Length: 9, Loss: 0.7990, Epsilon: 0.100
2026-03-17 05:31:15 | INFO | Episode  208 - Reward: 9.450, Length: 9, Loss: 1.5807, Epsilon: 0.100
2026-03-17 05:31:16 | INFO | Episode  209 - Reward: 9.350, Length: 11, Loss: 1.5787, Epsilon: 0.100
2026-03-17 05:31:17 | INFO | Episode  210 - Reward: -7.250, Length: 40, Loss: 0.0172, Epsilon: 0.100
2026-03-17 05:31:18 | INFO | Episode  211 - Reward: 3.950, Length: 38, Loss: 0.0187, Epsilon: 0.100
2026-03-17 05:31:19 | INFO | Episode  212 - Reward: 9.650, Length: 8, Loss: 1.5751, Epsilon: 0.100
2026-03-17 05:31:20 | INFO | Episode  213 - Reward: 4.050, Length: 36, Loss: 0.0158, Epsilon: 0.100
2026-03-17 05:31:21 | INFO | Episode  214 - Reward: 4.850, Length: 32, Loss: 3.1265, Epsilon: 0.100
2026-03-17 05:31:22 | INFO | Episode  215 - Reward: 6.550, Length: 25, Loss: 0.7925, Epsilon: 0.100
2026-03-17 05:31:23 | INFO | Episode  216 - Reward: 4.950, Length: 36, Loss: 0.0184, Epsilon: 0.100
2026-03-17 05:31:25 | INFO | Episode  217 - Reward: 5.250, Length: 33, Loss: 3.1127, Epsilon: 0.100
2026-03-17 05:31:26 | INFO | Episode  218 - Reward: -7.250, Length: 40, Loss: 2.3314, Epsilon: 0.100
2026-03-17 05:31:27 | INFO | Episode  219 - Reward: -7.550, Length: 40, Loss: 0.7865, Epsilon: 0.100
2026-03-17 05:31:28 | INFO | Episode  220 - Reward: 6.150, Length: 27, Loss: 0.7851, Epsilon: 0.100
2026-03-17 05:31:30 | INFO | Episode  221 - Reward: -6.650, Length: 40, Loss: 1.5532, Epsilon: 0.100
2026-03-17 05:31:31 | INFO | Episode  222 - Reward: 5.250, Length: 30, Loss: 0.7834, Epsilon: 0.100
2026-03-17 05:31:32 | INFO | Episode  223 - Reward: 5.950, Length: 28, Loss: 0.0176, Epsilon: 0.100
2026-03-17 05:31:33 | INFO | Episode  224 - Reward: 6.050, Length: 26, Loss: 0.7835, Epsilon: 0.100
2026-03-17 05:31:34 | INFO | Episode  225 - Reward: -6.950, Length: 40, Loss: 3.0732, Epsilon: 0.100
2026-03-17 05:31:35 | INFO | Episode  226 - Reward: 5.450, Length: 29, Loss: 1.5415, Epsilon: 0.100
2026-03-17 05:31:36 | INFO | Episode  227 - Reward: -7.100, Length: 40, Loss: 0.7798, Epsilon: 0.100
2026-03-17 05:31:38 | INFO | Episode  228 - Reward: 6.250, Length: 25, Loss: 1.5401, Epsilon: 0.100
2026-03-17 05:31:39 | INFO | Episode  229 - Reward: 6.450, Length: 24, Loss: 2.2918, Epsilon: 0.100
2026-03-17 05:31:39 | INFO | Episode  230 - Reward: -7.250, Length: 40, Loss: 0.7747, Epsilon: 0.100
2026-03-17 05:31:40 | INFO | Episode  231 - Reward: 8.850, Length: 12, Loss: 2.2841, Epsilon: 0.100
2026-03-17 05:31:41 | INFO | Episode  232 - Reward: 9.650, Length: 8, Loss: 0.0182, Epsilon: 0.100
2026-03-17 05:31:42 | INFO | Episode  233 - Reward: 3.550, Length: 40, Loss: 2.2759, Epsilon: 0.100
2026-03-17 05:31:44 | INFO | Episode  234 - Reward: -11.900, Length: 40, Loss: 3.0192, Epsilon: 0.100
2026-03-17 05:31:45 | INFO | Episode  235 - Reward: -6.950, Length: 40, Loss: 1.5146, Epsilon: 0.100
2026-03-17 05:31:46 | INFO | Episode  236 - Reward: 4.450, Length: 34, Loss: 0.0418, Epsilon: 0.100
2026-03-17 05:31:47 | INFO | Episode  237 - Reward: -6.950, Length: 40, Loss: 1.5123, Epsilon: 0.100
2026-03-17 05:31:48 | INFO | Episode  238 - Reward: 8.450, Length: 14, Loss: 0.7636, Epsilon: 0.100
2026-03-17 05:31:49 | INFO | Episode  239 - Reward: 4.950, Length: 33, Loss: 2.2746, Epsilon: 0.100
2026-03-17 05:31:50 | INFO | Episode  240 - Reward: 7.050, Length: 21, Loss: 1.5047, Epsilon: 0.100
2026-03-17 05:31:51 | INFO | Episode  241 - Reward: 7.550, Length: 20, Loss: 2.2403, Epsilon: 0.100
2026-03-17 05:31:52 | INFO | Episode  242 - Reward: -5.750, Length: 40, Loss: 0.0182, Epsilon: 0.100
2026-03-17 05:31:53 | INFO | Episode  243 - Reward: 9.650, Length: 8, Loss: 2.2337, Epsilon: 0.100
2026-03-17 05:31:54 | INFO | Episode  244 - Reward: -7.550, Length: 40, Loss: 2.2262, Epsilon: 0.100
2026-03-17 05:31:55 | INFO | Episode  245 - Reward: -6.650, Length: 40, Loss: 2.9528, Epsilon: 0.100
2026-03-17 05:31:56 | INFO | Episode  246 - Reward: 8.450, Length: 14, Loss: 0.7796, Epsilon: 0.100
2026-03-17 05:31:57 | INFO | Episode  247 - Reward: -6.650, Length: 40, Loss: 0.7493, Epsilon: 0.100
2026-03-17 05:31:58 | INFO | Episode  248 - Reward: 8.250, Length: 15, Loss: 0.0205, Epsilon: 0.100
2026-03-17 05:31:59 | INFO | Episode  249 - Reward: 7.850, Length: 17, Loss: 1.4793, Epsilon: 0.100
2026-03-17 05:31:59 | INFO | Episode  250 - Reward: -6.650, Length: 40, Loss: 0.0196, Epsilon: 0.100
2026-03-17 05:32:11 | INFO | [Episode  250] eps=0.100  avg_reward=   2.344  avg_length= 27.52  avg_loss=  1.2167  eval_success=0.000
