2026-03-17 05:39:30 | INFO | ============================================================
2026-03-17 05:39:30 | INFO | DEVICE / COMPUTE INFORMATION
2026-03-17 05:39:30 | INFO |   JAX backend       : GPU
2026-03-17 05:39:30 | INFO |   Platform          : gpu
2026-03-17 05:39:30 | INFO |   Num devices       : 1
2026-03-17 05:39:30 | INFO |   Device            : cuda:0
2026-03-17 05:39:30 | INFO |   GPU name          : NVIDIA GeForce RTX 5060 Laptop GPU
2026-03-17 05:39:30 | INFO | ============================================================
2026-03-17 05:39:30 | INFO | ✓ JAX GPU backend confirmed.
2026-03-17 05:39:30 | INFO | DQN seed=5_gamma=0.99_lr=0.01
2026-03-17 05:39:32 | INFO | Episode    1 - Reward: -5.300, Length: 40, Loss: 0.0000, Epsilon: 0.991
2026-03-17 05:39:33 | INFO | Episode    2 - Reward: -5.150, Length: 40, Loss: 0.0000, Epsilon: 0.982
2026-03-17 05:39:38 | INFO | Episode    3 - Reward: -5.300, Length: 40, Loss: 0.0244, Epsilon: 0.973
2026-03-17 05:39:39 | INFO | Episode    4 - Reward: -4.100, Length: 40, Loss: 0.0147, Epsilon: 0.964
2026-03-17 05:39:40 | INFO | Episode    5 - Reward: -4.700, Length: 40, Loss: 0.0144, Epsilon: 0.955
2026-03-17 05:39:41 | INFO | Episode    6 - Reward: -5.900, Length: 40, Loss: 0.0136, Epsilon: 0.946
2026-03-17 05:39:42 | INFO | Episode    7 - Reward: -5.450, Length: 40, Loss: 0.0106, Epsilon: 0.937
2026-03-17 05:39:43 | INFO | Episode    8 - Reward: -4.100, Length: 40, Loss: 0.0086, Epsilon: 0.928
2026-03-17 05:39:45 | INFO | Episode    9 - Reward: -5.750, Length: 40, Loss: 0.0152, Epsilon: 0.919
2026-03-17 05:39:46 | INFO | Episode   10 - Reward: -6.800, Length: 40, Loss: 0.0095, Epsilon: 0.910
2026-03-17 05:39:47 | INFO | Episode   11 - Reward: -4.700, Length: 40, Loss: 0.0160, Epsilon: 0.901
2026-03-17 05:39:48 | INFO | Episode   12 - Reward: 2.050, Length: 40, Loss: 0.0680, Epsilon: 0.892
2026-03-17 05:39:49 | INFO | Episode   13 - Reward: -3.650, Length: 40, Loss: 0.8394, Epsilon: 0.883
2026-03-17 05:39:50 | INFO | Episode   14 - Reward: -3.500, Length: 40, Loss: 0.0101, Epsilon: 0.874
2026-03-17 05:39:51 | INFO | Episode   15 - Reward: -9.650, Length: 40, Loss: 0.0377, Epsilon: 0.865
2026-03-17 05:39:52 | INFO | Episode   16 - Reward: -5.150, Length: 40, Loss: 0.0455, Epsilon: 0.856
2026-03-17 05:39:53 | INFO | Episode   17 - Reward: -5.150, Length: 40, Loss: 1.5745, Epsilon: 0.847
2026-03-17 05:39:54 | INFO | Episode   18 - Reward: -5.750, Length: 40, Loss: 0.0670, Epsilon: 0.838
2026-03-17 05:39:56 | INFO | Episode   19 - Reward: 3.700, Length: 34, Loss: 0.7943, Epsilon: 0.829
2026-03-17 05:39:57 | INFO | Episode   20 - Reward: -5.450, Length: 40, Loss: 0.7806, Epsilon: 0.820
2026-03-17 05:39:58 | INFO | Episode   21 - Reward: 4.650, Length: 39, Loss: 0.0933, Epsilon: 0.811
2026-03-17 05:39:59 | INFO | Episode   22 - Reward: -5.600, Length: 40, Loss: 0.0695, Epsilon: 0.802
2026-03-17 05:40:00 | INFO | Episode   23 - Reward: -4.550, Length: 40, Loss: 0.0145, Epsilon: 0.793
2026-03-17 05:40:01 | INFO | Episode   24 - Reward: -14.300, Length: 40, Loss: 0.0351, Epsilon: 0.784
2026-03-17 05:40:01 | INFO | Episode   25 - Reward: -5.300, Length: 40, Loss: 0.0953, Epsilon: 0.775
2026-03-17 05:40:02 | INFO | Episode   26 - Reward: -5.300, Length: 40, Loss: 0.0362, Epsilon: 0.766
2026-03-17 05:40:04 | INFO | Episode   27 - Reward: -4.700, Length: 40, Loss: 0.0381, Epsilon: 0.757
2026-03-17 05:40:05 | INFO | Episode   28 - Reward: 5.800, Length: 19, Loss: 0.8072, Epsilon: 0.748
2026-03-17 05:40:06 | INFO | Episode   29 - Reward: -4.400, Length: 40, Loss: 0.1164, Epsilon: 0.739
2026-03-17 05:40:07 | INFO | Episode   30 - Reward: -9.800, Length: 40, Loss: 0.0968, Epsilon: 0.730
2026-03-17 05:40:08 | INFO | Episode   31 - Reward: -4.850, Length: 40, Loss: 0.0625, Epsilon: 0.721
2026-03-17 05:40:09 | INFO | Episode   32 - Reward: -5.000, Length: 40, Loss: 0.8113, Epsilon: 0.712
2026-03-17 05:40:10 | INFO | Episode   33 - Reward: 8.850, Length: 15, Loss: 0.0644, Epsilon: 0.703
2026-03-17 05:40:11 | INFO | Episode   34 - Reward: 5.800, Length: 28, Loss: 0.8140, Epsilon: 0.694
2026-03-17 05:40:12 | INFO | Episode   35 - Reward: 0.600, Length: 33, Loss: 0.0455, Epsilon: 0.685
2026-03-17 05:40:13 | INFO | Episode   36 - Reward: 4.150, Length: 25, Loss: 0.0904, Epsilon: 0.676
2026-03-17 05:40:14 | INFO | Episode   37 - Reward: -17.150, Length: 40, Loss: 0.0942, Epsilon: 0.667
2026-03-17 05:40:15 | INFO | Episode   38 - Reward: 6.950, Length: 38, Loss: 2.4420, Epsilon: 0.658
2026-03-17 05:40:17 | INFO | Episode   39 - Reward: -4.400, Length: 40, Loss: 0.0119, Epsilon: 0.649
2026-03-17 05:40:18 | INFO | Episode   40 - Reward: -6.950, Length: 40, Loss: 0.0437, Epsilon: 0.640
2026-03-17 05:40:19 | INFO | Episode   41 - Reward: -2.050, Length: 38, Loss: 2.3280, Epsilon: 0.631
2026-03-17 05:40:20 | INFO | Episode   42 - Reward: -3.950, Length: 40, Loss: 0.8210, Epsilon: 0.622
2026-03-17 05:40:21 | INFO | Episode   43 - Reward: -6.350, Length: 40, Loss: 0.0521, Epsilon: 0.613
2026-03-17 05:40:22 | INFO | Episode   44 - Reward: 6.550, Length: 31, Loss: 0.7876, Epsilon: 0.604
2026-03-17 05:40:23 | INFO | Episode   45 - Reward: -7.100, Length: 40, Loss: 0.0655, Epsilon: 0.595
2026-03-17 05:40:24 | INFO | Episode   46 - Reward: -2.700, Length: 39, Loss: 0.8546, Epsilon: 0.586
2026-03-17 05:40:25 | INFO | Episode   47 - Reward: -5.900, Length: 40, Loss: 1.6447, Epsilon: 0.577
2026-03-17 05:40:26 | INFO | Episode   48 - Reward: -5.150, Length: 40, Loss: 0.8123, Epsilon: 0.568
2026-03-17 05:40:27 | INFO | Episode   49 - Reward: -9.950, Length: 40, Loss: 0.8769, Epsilon: 0.559
2026-03-17 05:40:29 | INFO | Episode   50 - Reward: -6.050, Length: 40, Loss: 0.0468, Epsilon: 0.550
2026-03-17 05:40:44 | INFO | [Episode   50] eps=0.550  avg_reward=  -3.759  avg_length= 37.98  avg_loss=  0.3703  eval_success=0.000
2026-03-17 05:40:46 | INFO | Episode   51 - Reward: -6.200, Length: 40, Loss: 1.5278, Epsilon: 0.541
2026-03-17 05:40:47 | INFO | Episode   52 - Reward: -5.600, Length: 40, Loss: 0.0413, Epsilon: 0.532
2026-03-17 05:40:48 | INFO | Episode   53 - Reward: -6.200, Length: 40, Loss: 0.0814, Epsilon: 0.523
2026-03-17 05:40:49 | INFO | Episode   54 - Reward: -6.050, Length: 40, Loss: 0.1290, Epsilon: 0.514
2026-03-17 05:40:50 | INFO | Episode   55 - Reward: -6.050, Length: 40, Loss: 0.8708, Epsilon: 0.505
2026-03-17 05:40:51 | INFO | Episode   56 - Reward: -4.700, Length: 40, Loss: 0.8713, Epsilon: 0.496
2026-03-17 05:40:52 | INFO | Episode   57 - Reward: -5.750, Length: 40, Loss: 0.7717, Epsilon: 0.487
2026-03-17 05:40:53 | INFO | Episode   58 - Reward: -6.500, Length: 40, Loss: 2.1979, Epsilon: 0.478
2026-03-17 05:40:54 | INFO | Episode   59 - Reward: -9.650, Length: 40, Loss: 2.1467, Epsilon: 0.469
2026-03-17 05:40:55 | INFO | Episode   60 - Reward: -5.750, Length: 40, Loss: 0.7589, Epsilon: 0.460
2026-03-17 05:40:56 | INFO | Episode   61 - Reward: 5.850, Length: 30, Loss: 0.1509, Epsilon: 0.451
2026-03-17 05:40:58 | INFO | Episode   62 - Reward: -10.850, Length: 40, Loss: 0.1018, Epsilon: 0.442
2026-03-17 05:40:59 | INFO | Episode   63 - Reward: -6.800, Length: 40, Loss: 0.1114, Epsilon: 0.433
2026-03-17 05:41:00 | INFO | Episode   64 - Reward: 3.250, Length: 28, Loss: 1.5600, Epsilon: 0.424
2026-03-17 05:41:01 | INFO | Episode   65 - Reward: -5.900, Length: 40, Loss: 1.4600, Epsilon: 0.415
2026-03-17 05:41:02 | INFO | Episode   66 - Reward: -4.700, Length: 40, Loss: 0.7805, Epsilon: 0.406
2026-03-17 05:41:03 | INFO | Episode   67 - Reward: 5.600, Length: 23, Loss: 0.0759, Epsilon: 0.397
2026-03-17 05:41:04 | INFO | Episode   68 - Reward: -7.550, Length: 40, Loss: 0.0984, Epsilon: 0.388
2026-03-17 05:41:04 | INFO | Episode   69 - Reward: 7.700, Length: 8, Loss: 2.1194, Epsilon: 0.379
2026-03-17 05:41:06 | INFO | Episode   70 - Reward: 7.600, Length: 10, Loss: 0.7018, Epsilon: 0.370
2026-03-17 05:41:07 | INFO | Episode   71 - Reward: -6.650, Length: 40, Loss: 0.1008, Epsilon: 0.361
2026-03-17 05:41:08 | INFO | Episode   72 - Reward: 3.450, Length: 24, Loss: 0.7521, Epsilon: 0.352
2026-03-17 05:41:09 | INFO | Episode   73 - Reward: 3.700, Length: 34, Loss: 0.0990, Epsilon: 0.343
2026-03-17 05:41:10 | INFO | Episode   74 - Reward: -0.400, Length: 32, Loss: 1.4756, Epsilon: 0.334
2026-03-17 05:41:11 | INFO | Episode   75 - Reward: -5.750, Length: 40, Loss: 0.7860, Epsilon: 0.325
2026-03-17 05:41:12 | INFO | Episode   76 - Reward: -7.400, Length: 40, Loss: 0.8351, Epsilon: 0.316
2026-03-17 05:41:13 | INFO | Episode   77 - Reward: 6.700, Length: 16, Loss: 0.0955, Epsilon: 0.307
2026-03-17 05:41:14 | INFO | Episode   78 - Reward: -7.700, Length: 40, Loss: 0.0996, Epsilon: 0.298
2026-03-17 05:41:15 | INFO | Episode   79 - Reward: -7.400, Length: 40, Loss: 2.0805, Epsilon: 0.289
2026-03-17 05:41:16 | INFO | Episode   80 - Reward: 6.900, Length: 12, Loss: 2.6407, Epsilon: 0.280
2026-03-17 05:41:18 | INFO | Episode   81 - Reward: -10.250, Length: 40, Loss: 1.9947, Epsilon: 0.271
2026-03-17 05:41:19 | INFO | Episode   82 - Reward: 2.150, Length: 29, Loss: 1.4321, Epsilon: 0.262
2026-03-17 05:41:20 | INFO | Episode   83 - Reward: -6.800, Length: 40, Loss: 0.8334, Epsilon: 0.253
2026-03-17 05:41:21 | INFO | Episode   84 - Reward: -6.950, Length: 40, Loss: 0.1457, Epsilon: 0.244
2026-03-17 05:41:22 | INFO | Episode   85 - Reward: -7.550, Length: 40, Loss: 3.0852, Epsilon: 0.235
2026-03-17 05:41:23 | INFO | Episode   86 - Reward: 6.500, Length: 17, Loss: 1.2885, Epsilon: 0.226
2026-03-17 05:41:24 | INFO | Episode   87 - Reward: -6.950, Length: 40, Loss: 0.1738, Epsilon: 0.217
2026-03-17 05:41:25 | INFO | Episode   88 - Reward: 9.250, Length: 10, Loss: 0.1936, Epsilon: 0.208
2026-03-17 05:41:26 | INFO | Episode   89 - Reward: -6.950, Length: 40, Loss: 0.6869, Epsilon: 0.199
2026-03-17 05:41:27 | INFO | Episode   90 - Reward: -7.100, Length: 40, Loss: 1.2589, Epsilon: 0.190
2026-03-17 05:41:28 | INFO | Episode   91 - Reward: -8.300, Length: 40, Loss: 1.8404, Epsilon: 0.181
2026-03-17 05:41:29 | INFO | Episode   92 - Reward: -6.650, Length: 40, Loss: 0.1510, Epsilon: 0.172
2026-03-17 05:41:29 | INFO | Episode   93 - Reward: 6.450, Length: 24, Loss: 1.2909, Epsilon: 0.163
2026-03-17 05:41:30 | INFO | Episode   94 - Reward: -8.000, Length: 40, Loss: 1.7461, Epsilon: 0.154
2026-03-17 05:41:31 | INFO | Episode   95 - Reward: -7.250, Length: 40, Loss: 1.1842, Epsilon: 0.145
2026-03-17 05:41:32 | INFO | Episode   96 - Reward: -7.400, Length: 40, Loss: 1.1743, Epsilon: 0.136
2026-03-17 05:41:33 | INFO | Episode   97 - Reward: -7.850, Length: 40, Loss: 0.7085, Epsilon: 0.127
2026-03-17 05:41:34 | INFO | Episode   98 - Reward: -7.550, Length: 40, Loss: 0.7184, Epsilon: 0.118
2026-03-17 05:41:35 | INFO | Episode   99 - Reward: -7.550, Length: 40, Loss: 1.1120, Epsilon: 0.109
2026-03-17 05:41:36 | INFO | Episode  100 - Reward: -7.850, Length: 40, Loss: 0.2224, Epsilon: 0.100
2026-03-17 05:41:47 | INFO | [Episode  100] eps=0.100  avg_reward=  -3.588  avg_length= 34.74  avg_loss=  0.9352  eval_success=0.000
2026-03-17 05:41:48 | INFO | Episode  101 - Reward: -7.550, Length: 40, Loss: 1.2672, Epsilon: 0.100
2026-03-17 05:41:49 | INFO | Episode  102 - Reward: -6.950, Length: 40, Loss: 0.3049, Epsilon: 0.100
2026-03-17 05:41:50 | INFO | Episode  103 - Reward: 7.450, Length: 19, Loss: 0.6687, Epsilon: 0.100
2026-03-17 05:41:51 | INFO | Episode  104 - Reward: -6.650, Length: 40, Loss: 0.1996, Epsilon: 0.100
2026-03-17 05:41:51 | INFO | Episode  105 - Reward: 4.850, Length: 32, Loss: 1.1085, Epsilon: 0.100
2026-03-17 05:41:52 | INFO | Episode  106 - Reward: 2.750, Length: 26, Loss: 1.0580, Epsilon: 0.100
2026-03-17 05:41:53 | INFO | Episode  107 - Reward: -7.250, Length: 40, Loss: 1.0400, Epsilon: 0.100
2026-03-17 05:41:54 | INFO | Episode  108 - Reward: -7.550, Length: 40, Loss: 1.5911, Epsilon: 0.100
2026-03-17 05:41:55 | INFO | Episode  109 - Reward: -8.900, Length: 40, Loss: 0.6536, Epsilon: 0.100
2026-03-17 05:41:56 | INFO | Episode  110 - Reward: 6.800, Length: 14, Loss: 1.0520, Epsilon: 0.100
2026-03-17 05:41:57 | INFO | Episode  111 - Reward: -8.900, Length: 40, Loss: 1.0378, Epsilon: 0.100
2026-03-17 05:41:57 | INFO | Episode  112 - Reward: 3.500, Length: 29, Loss: 0.7317, Epsilon: 0.100
2026-03-17 05:41:58 | INFO | Episode  113 - Reward: 2.700, Length: 36, Loss: 1.3114, Epsilon: 0.100
2026-03-17 05:41:59 | INFO | Episode  114 - Reward: 3.800, Length: 29, Loss: 0.1983, Epsilon: 0.100
2026-03-17 05:42:00 | INFO | Episode  115 - Reward: -10.250, Length: 40, Loss: 0.1612, Epsilon: 0.100
2026-03-17 05:42:01 | INFO | Episode  116 - Reward: 9.450, Length: 9, Loss: 1.0139, Epsilon: 0.100
2026-03-17 05:42:02 | INFO | Episode  117 - Reward: 9.650, Length: 8, Loss: 1.0848, Epsilon: 0.100
2026-03-17 05:42:03 | INFO | Episode  118 - Reward: 2.400, Length: 36, Loss: 0.6470, Epsilon: 0.100
2026-03-17 05:42:04 | INFO | Episode  119 - Reward: 3.250, Length: 22, Loss: 0.9999, Epsilon: 0.100
2026-03-17 05:42:04 | INFO | Episode  120 - Reward: 9.650, Length: 8, Loss: 0.1642, Epsilon: 0.100
2026-03-17 05:42:05 | INFO | Episode  121 - Reward: 9.550, Length: 10, Loss: 0.6490, Epsilon: 0.100
2026-03-17 05:42:06 | INFO | Episode  122 - Reward: -6.050, Length: 40, Loss: 0.1671, Epsilon: 0.100
2026-03-17 05:42:07 | INFO | Episode  123 - Reward: 9.650, Length: 8, Loss: 1.4128, Epsilon: 0.100
2026-03-17 05:42:07 | INFO | Episode  124 - Reward: 9.450, Length: 9, Loss: 1.3722, Epsilon: 0.100
2026-03-17 05:42:08 | INFO | Episode  125 - Reward: 7.700, Length: 8, Loss: 0.6010, Epsilon: 0.100
2026-03-17 05:42:09 | INFO | Episode  126 - Reward: -10.550, Length: 40, Loss: 1.0452, Epsilon: 0.100
2026-03-17 05:42:10 | INFO | Episode  127 - Reward: 3.100, Length: 34, Loss: 0.6520, Epsilon: 0.100
2026-03-17 05:42:11 | INFO | Episode  128 - Reward: -6.200, Length: 40, Loss: 1.0985, Epsilon: 0.100
2026-03-17 05:42:11 | INFO | Episode  129 - Reward: -6.650, Length: 40, Loss: 0.6449, Epsilon: 0.100
2026-03-17 05:42:12 | INFO | Episode  130 - Reward: -6.650, Length: 40, Loss: 0.1846, Epsilon: 0.100
2026-03-17 05:42:13 | INFO | Episode  131 - Reward: -7.100, Length: 40, Loss: 0.5363, Epsilon: 0.100
2026-03-17 05:42:14 | INFO | Episode  132 - Reward: -6.650, Length: 40, Loss: 0.2332, Epsilon: 0.100
2026-03-17 05:42:15 | INFO | Episode  133 - Reward: -7.100, Length: 40, Loss: 0.1813, Epsilon: 0.100
2026-03-17 05:42:16 | INFO | Episode  134 - Reward: -6.650, Length: 40, Loss: 1.9155, Epsilon: 0.100
2026-03-17 05:42:17 | INFO | Episode  135 - Reward: 8.950, Length: 13, Loss: 0.6031, Epsilon: 0.100
2026-03-17 05:42:18 | INFO | Episode  136 - Reward: 7.300, Length: 10, Loss: 1.4654, Epsilon: 0.100
2026-03-17 05:42:19 | INFO | Episode  137 - Reward: 7.700, Length: 8, Loss: 1.4476, Epsilon: 0.100
2026-03-17 05:42:20 | INFO | Episode  138 - Reward: -6.950, Length: 40, Loss: 0.3090, Epsilon: 0.100
2026-03-17 05:42:21 | INFO | Episode  139 - Reward: 7.700, Length: 8, Loss: 0.9432, Epsilon: 0.100
2026-03-17 05:42:22 | INFO | Episode  140 - Reward: -8.300, Length: 40, Loss: 0.9639, Epsilon: 0.100
2026-03-17 05:42:23 | INFO | Episode  141 - Reward: 1.900, Length: 37, Loss: 0.5395, Epsilon: 0.100
2026-03-17 05:42:24 | INFO | Episode  142 - Reward: 9.550, Length: 10, Loss: 0.2064, Epsilon: 0.100
2026-03-17 05:42:26 | INFO | Episode  143 - Reward: 9.650, Length: 8, Loss: 0.7605, Epsilon: 0.100
2026-03-17 05:42:27 | INFO | Episode  144 - Reward: -7.250, Length: 40, Loss: 1.6935, Epsilon: 0.100
2026-03-17 05:42:28 | INFO | Episode  145 - Reward: 9.550, Length: 10, Loss: 1.4126, Epsilon: 0.100
2026-03-17 05:42:29 | INFO | Episode  146 - Reward: 9.650, Length: 8, Loss: 2.0051, Epsilon: 0.100
2026-03-17 05:42:30 | INFO | Episode  147 - Reward: 2.850, Length: 27, Loss: 1.1753, Epsilon: 0.100
2026-03-17 05:42:31 | INFO | Episode  148 - Reward: 9.650, Length: 8, Loss: 0.5531, Epsilon: 0.100
2026-03-17 05:42:32 | INFO | Episode  149 - Reward: -7.400, Length: 40, Loss: 0.9401, Epsilon: 0.100
2026-03-17 05:42:33 | INFO | Episode  150 - Reward: -6.650, Length: 40, Loss: 1.4193, Epsilon: 0.100
2026-03-17 05:42:37 | INFO | [Episode  150] eps=0.100  avg_reward=   0.520  avg_length= 27.28  avg_loss=  0.8685  eval_success=1.000
2026-03-17 05:42:38 | INFO | Episode  151 - Reward: 9.650, Length: 8, Loss: 0.9052, Epsilon: 0.100
2026-03-17 05:42:38 | INFO | Episode  152 - Reward: -7.400, Length: 40, Loss: 1.0590, Epsilon: 0.100
2026-03-17 05:42:39 | INFO | Episode  153 - Reward: 9.650, Length: 8, Loss: 0.1731, Epsilon: 0.100
2026-03-17 05:42:40 | INFO | Episode  154 - Reward: 9.550, Length: 10, Loss: 0.5972, Epsilon: 0.100
2026-03-17 05:42:41 | INFO | Episode  155 - Reward: 9.450, Length: 9, Loss: 0.9931, Epsilon: 0.100
2026-03-17 05:42:42 | INFO | Episode  156 - Reward: 7.700, Length: 8, Loss: 0.5229, Epsilon: 0.100
2026-03-17 05:42:44 | INFO | Episode  157 - Reward: -7.100, Length: 40, Loss: 0.6327, Epsilon: 0.100
2026-03-17 05:42:45 | INFO | Episode  158 - Reward: 7.500, Length: 9, Loss: 1.6825, Epsilon: 0.100
2026-03-17 05:42:46 | INFO | Episode  159 - Reward: 7.700, Length: 8, Loss: 1.9330, Epsilon: 0.100
2026-03-17 05:42:47 | INFO | Episode  160 - Reward: -8.600, Length: 40, Loss: 0.6794, Epsilon: 0.100
2026-03-17 05:42:48 | INFO | Episode  161 - Reward: 7.600, Length: 10, Loss: 1.1523, Epsilon: 0.100
2026-03-17 05:42:49 | INFO | Episode  162 - Reward: 7.700, Length: 8, Loss: 1.2389, Epsilon: 0.100
2026-03-17 05:42:50 | INFO | Episode  163 - Reward: 9.650, Length: 8, Loss: 0.7533, Epsilon: 0.100
2026-03-17 05:42:51 | INFO | Episode  164 - Reward: 9.450, Length: 9, Loss: 1.4040, Epsilon: 0.100
2026-03-17 05:42:53 | INFO | Episode  165 - Reward: 4.000, Length: 28, Loss: 0.2647, Epsilon: 0.100
2026-03-17 05:42:54 | INFO | Episode  166 - Reward: 9.650, Length: 8, Loss: 1.0959, Epsilon: 0.100
2026-03-17 05:42:55 | INFO | Episode  167 - Reward: 8.750, Length: 14, Loss: 1.1333, Epsilon: 0.100
2026-03-17 05:42:56 | INFO | Episode  168 - Reward: -7.100, Length: 40, Loss: 0.5057, Epsilon: 0.100
2026-03-17 05:42:57 | INFO | Episode  169 - Reward: 6.100, Length: 19, Loss: 1.6121, Epsilon: 0.100
2026-03-17 05:42:58 | INFO | Episode  170 - Reward: -10.250, Length: 40, Loss: 1.9576, Epsilon: 0.100
2026-03-17 05:42:59 | INFO | Episode  171 - Reward: 3.100, Length: 31, Loss: 1.1127, Epsilon: 0.100
2026-03-17 05:43:00 | INFO | Episode  172 - Reward: 9.650, Length: 8, Loss: 1.3270, Epsilon: 0.100
2026-03-17 05:43:01 | INFO | Episode  173 - Reward: 9.650, Length: 8, Loss: 1.8071, Epsilon: 0.100
2026-03-17 05:43:02 | INFO | Episode  174 - Reward: -11.750, Length: 40, Loss: 0.8787, Epsilon: 0.100
2026-03-17 05:43:04 | INFO | Episode  175 - Reward: 4.900, Length: 22, Loss: 1.6061, Epsilon: 0.100
2026-03-17 05:43:05 | INFO | Episode  176 - Reward: 9.650, Length: 8, Loss: 0.2528, Epsilon: 0.100
2026-03-17 05:43:06 | INFO | Episode  177 - Reward: 9.450, Length: 9, Loss: 1.3504, Epsilon: 0.100
2026-03-17 05:43:07 | INFO | Episode  178 - Reward: 9.650, Length: 8, Loss: 0.7759, Epsilon: 0.100
2026-03-17 05:43:08 | INFO | Episode  179 - Reward: 3.050, Length: 23, Loss: 0.1486, Epsilon: 0.100
2026-03-17 05:43:09 | INFO | Episode  180 - Reward: 9.650, Length: 8, Loss: 0.2741, Epsilon: 0.100
2026-03-17 05:43:10 | INFO | Episode  181 - Reward: -6.650, Length: 40, Loss: 1.2280, Epsilon: 0.100
2026-03-17 05:43:11 | INFO | Episode  182 - Reward: 9.650, Length: 8, Loss: 0.2707, Epsilon: 0.100
2026-03-17 05:43:12 | INFO | Episode  183 - Reward: 9.450, Length: 9, Loss: 1.4493, Epsilon: 0.100
2026-03-17 05:43:13 | INFO | Episode  184 - Reward: -9.950, Length: 40, Loss: 1.0786, Epsilon: 0.100
2026-03-17 05:43:14 | INFO | Episode  185 - Reward: 7.700, Length: 8, Loss: 1.5536, Epsilon: 0.100
2026-03-17 05:43:15 | INFO | Episode  186 - Reward: -2.900, Length: 28, Loss: 0.3100, Epsilon: 0.100
2026-03-17 05:43:16 | INFO | Episode  187 - Reward: -8.300, Length: 40, Loss: 0.7950, Epsilon: 0.100
2026-03-17 05:43:17 | INFO | Episode  188 - Reward: 9.650, Length: 8, Loss: 0.8410, Epsilon: 0.100
2026-03-17 05:43:18 | INFO | Episode  189 - Reward: 9.650, Length: 8, Loss: 2.9328, Epsilon: 0.100
2026-03-17 05:43:19 | INFO | Episode  190 - Reward: -8.900, Length: 40, Loss: 0.9076, Epsilon: 0.100
2026-03-17 05:43:21 | INFO | Episode  191 - Reward: -8.900, Length: 40, Loss: 1.3721, Epsilon: 0.100
2026-03-17 05:43:22 | INFO | Episode  192 - Reward: 4.500, Length: 24, Loss: 0.5267, Epsilon: 0.100
2026-03-17 05:43:23 | INFO | Episode  193 - Reward: 7.400, Length: 11, Loss: 1.5326, Epsilon: 0.100
2026-03-17 05:43:24 | INFO | Episode  194 - Reward: -8.900, Length: 40, Loss: 1.4669, Epsilon: 0.100
2026-03-17 05:43:25 | INFO | Episode  195 - Reward: 9.650, Length: 8, Loss: 0.6290, Epsilon: 0.100
2026-03-17 05:43:26 | INFO | Episode  196 - Reward: -7.100, Length: 40, Loss: 1.6633, Epsilon: 0.100
2026-03-17 05:43:27 | INFO | Episode  197 - Reward: 7.450, Length: 19, Loss: 0.0652, Epsilon: 0.100
2026-03-17 05:43:28 | INFO | Episode  198 - Reward: 9.650, Length: 8, Loss: 0.9969, Epsilon: 0.100
2026-03-17 05:43:30 | INFO | Episode  199 - Reward: 7.400, Length: 11, Loss: 0.3500, Epsilon: 0.100
2026-03-17 05:43:31 | INFO | Episode  200 - Reward: 9.450, Length: 9, Loss: 1.6563, Epsilon: 0.100
2026-03-17 05:43:46 | INFO | [Episode  200] eps=0.100  avg_reward=   3.613  avg_length= 19.36  avg_loss=  1.0291  eval_success=0.000
2026-03-17 05:43:47 | INFO | Episode  201 - Reward: 6.500, Length: 14, Loss: 0.5134, Epsilon: 0.100
2026-03-17 05:43:48 | INFO | Episode  202 - Reward: -8.900, Length: 40, Loss: 1.5903, Epsilon: 0.100
2026-03-17 05:43:49 | INFO | Episode  203 - Reward: 9.650, Length: 8, Loss: 0.8844, Epsilon: 0.100
2026-03-17 05:43:50 | INFO | Episode  204 - Reward: -6.950, Length: 40, Loss: 1.0177, Epsilon: 0.100
2026-03-17 05:43:52 | INFO | Episode  205 - Reward: 9.650, Length: 8, Loss: 1.5125, Epsilon: 0.100
2026-03-17 05:43:53 | INFO | Episode  206 - Reward: 6.300, Length: 15, Loss: 2.2830, Epsilon: 0.100
2026-03-17 05:43:54 | INFO | Episode  207 - Reward: -8.600, Length: 40, Loss: 1.6287, Epsilon: 0.100
2026-03-17 05:43:55 | INFO | Episode  208 - Reward: -10.250, Length: 40, Loss: 1.8643, Epsilon: 0.100
2026-03-17 05:43:56 | INFO | Episode  209 - Reward: 9.150, Length: 12, Loss: 1.4055, Epsilon: 0.100
2026-03-17 05:43:57 | INFO | Episode  210 - Reward: 9.550, Length: 10, Loss: 0.7489, Epsilon: 0.100
2026-03-17 05:43:58 | INFO | Episode  211 - Reward: -6.950, Length: 40, Loss: 0.9841, Epsilon: 0.100
2026-03-17 05:43:59 | INFO | Episode  212 - Reward: -6.650, Length: 40, Loss: 1.1911, Epsilon: 0.100
2026-03-17 05:44:01 | INFO | Episode  213 - Reward: 9.450, Length: 9, Loss: 1.2616, Epsilon: 0.100
2026-03-17 05:44:02 | INFO | Episode  214 - Reward: -8.600, Length: 40, Loss: 1.1579, Epsilon: 0.100
2026-03-17 05:44:03 | INFO | Episode  215 - Reward: 9.550, Length: 10, Loss: 1.4162, Epsilon: 0.100
2026-03-17 05:44:04 | INFO | Episode  216 - Reward: 9.350, Length: 11, Loss: 1.0587, Epsilon: 0.100
2026-03-17 05:44:05 | INFO | Episode  217 - Reward: 9.550, Length: 10, Loss: 1.0037, Epsilon: 0.100
2026-03-17 05:44:06 | INFO | Episode  218 - Reward: 3.450, Length: 39, Loss: 1.5591, Epsilon: 0.100
2026-03-17 05:44:07 | INFO | Episode  219 - Reward: 7.700, Length: 8, Loss: 0.9355, Epsilon: 0.100
2026-03-17 05:44:08 | INFO | Episode  220 - Reward: -6.500, Length: 40, Loss: 1.1773, Epsilon: 0.100
2026-03-17 05:44:09 | INFO | Episode  221 - Reward: 2.400, Length: 39, Loss: 1.5655, Epsilon: 0.100
2026-03-17 05:44:11 | INFO | Episode  222 - Reward: 7.500, Length: 9, Loss: 1.5537, Epsilon: 0.100
2026-03-17 05:44:12 | INFO | Episode  223 - Reward: -10.250, Length: 40, Loss: 1.9268, Epsilon: 0.100
2026-03-17 05:44:13 | INFO | Episode  224 - Reward: -7.550, Length: 40, Loss: 1.9526, Epsilon: 0.100
2026-03-17 05:44:13 | INFO | Episode  225 - Reward: 7.700, Length: 8, Loss: 1.7434, Epsilon: 0.100
2026-03-17 05:44:14 | INFO | Episode  226 - Reward: -8.600, Length: 40, Loss: 1.4961, Epsilon: 0.100
2026-03-17 05:44:15 | INFO | Episode  227 - Reward: 9.650, Length: 8, Loss: 0.5948, Epsilon: 0.100
2026-03-17 05:44:16 | INFO | Episode  228 - Reward: 9.450, Length: 9, Loss: 1.9021, Epsilon: 0.100
2026-03-17 05:44:17 | INFO | Episode  229 - Reward: 7.700, Length: 8, Loss: 1.2908, Epsilon: 0.100
2026-03-17 05:44:18 | INFO | Episode  230 - Reward: 9.250, Length: 10, Loss: 1.2282, Epsilon: 0.100
2026-03-17 05:44:19 | INFO | Episode  231 - Reward: 9.550, Length: 10, Loss: 0.9128, Epsilon: 0.100
2026-03-17 05:44:20 | INFO | Episode  232 - Reward: 9.650, Length: 8, Loss: 1.1707, Epsilon: 0.100
2026-03-17 05:44:21 | INFO | Episode  233 - Reward: 7.700, Length: 8, Loss: 1.7866, Epsilon: 0.100
2026-03-17 05:44:22 | INFO | Episode  234 - Reward: -9.950, Length: 40, Loss: 1.1793, Epsilon: 0.100
2026-03-17 05:44:23 | INFO | Episode  235 - Reward: -10.100, Length: 40, Loss: 1.2036, Epsilon: 0.100
2026-03-17 05:44:24 | INFO | Episode  236 - Reward: 9.550, Length: 10, Loss: 1.4119, Epsilon: 0.100
2026-03-17 05:44:25 | INFO | Episode  237 - Reward: -13.850, Length: 40, Loss: 1.0496, Epsilon: 0.100
2026-03-17 05:44:25 | INFO | Episode  238 - Reward: 9.650, Length: 8, Loss: 1.3857, Epsilon: 0.100
2026-03-17 05:44:26 | INFO | Episode  239 - Reward: 9.650, Length: 8, Loss: 0.8370, Epsilon: 0.100
2026-03-17 05:44:27 | INFO | Episode  240 - Reward: 7.700, Length: 8, Loss: 1.5508, Epsilon: 0.100
2026-03-17 05:44:28 | INFO | Episode  241 - Reward: -6.650, Length: 40, Loss: 1.7360, Epsilon: 0.100
2026-03-17 05:44:29 | INFO | Episode  242 - Reward: 7.500, Length: 9, Loss: 1.2732, Epsilon: 0.100
2026-03-17 05:44:30 | INFO | Episode  243 - Reward: 7.700, Length: 8, Loss: 1.0344, Epsilon: 0.100
2026-03-17 05:44:31 | INFO | Episode  244 - Reward: 9.650, Length: 8, Loss: 0.9548, Epsilon: 0.100
2026-03-17 05:44:32 | INFO | Episode  245 - Reward: 9.350, Length: 11, Loss: 1.2676, Epsilon: 0.100
2026-03-17 05:44:33 | INFO | Episode  246 - Reward: 9.250, Length: 10, Loss: 1.0804, Epsilon: 0.100
2026-03-17 05:44:34 | INFO | Episode  247 - Reward: 9.650, Length: 8, Loss: 0.9885, Epsilon: 0.100
2026-03-17 05:44:35 | INFO | Episode  248 - Reward: 9.650, Length: 8, Loss: 1.4320, Epsilon: 0.100
2026-03-17 05:44:35 | INFO | Episode  249 - Reward: 9.650, Length: 8, Loss: 1.0164, Epsilon: 0.100
2026-03-17 05:44:36 | INFO | Episode  250 - Reward: 9.350, Length: 11, Loss: 0.5681, Epsilon: 0.100
2026-03-17 05:44:39 | INFO | [Episode  250] eps=0.100  avg_reward=   3.367  avg_length= 19.72  avg_loss=  1.2857  eval_success=1.000
