2026-03-17 05:44:53 | INFO | ============================================================
2026-03-17 05:44:53 | INFO | DEVICE / COMPUTE INFORMATION
2026-03-17 05:44:53 | INFO |   JAX backend       : GPU
2026-03-17 05:44:53 | INFO |   Platform          : gpu
2026-03-17 05:44:53 | INFO |   Num devices       : 1
2026-03-17 05:44:53 | INFO |   Device            : cuda:0
2026-03-17 05:44:53 | INFO |   GPU name          : NVIDIA GeForce RTX 5060 Laptop GPU
2026-03-17 05:44:53 | INFO | ============================================================
2026-03-17 05:44:53 | INFO | ✓ JAX GPU backend confirmed.
2026-03-17 05:44:54 | INFO | DQN seed=5_gamma=0.99_lr=0.001
2026-03-17 05:44:55 | INFO | Episode    1 - Reward: -5.300, Length: 40, Loss: 0.0000, Epsilon: 0.991
2026-03-17 05:44:56 | INFO | Episode    2 - Reward: -5.150, Length: 40, Loss: 0.0000, Epsilon: 0.982
2026-03-17 05:44:59 | INFO | Episode    3 - Reward: -5.300, Length: 40, Loss: 0.0269, Epsilon: 0.973
2026-03-17 05:45:00 | INFO | Episode    4 - Reward: -4.100, Length: 40, Loss: 0.0222, Epsilon: 0.964
2026-03-17 05:45:01 | INFO | Episode    5 - Reward: -4.550, Length: 40, Loss: 0.0262, Epsilon: 0.955
2026-03-17 05:45:02 | INFO | Episode    6 - Reward: -5.900, Length: 40, Loss: 0.0222, Epsilon: 0.946
2026-03-17 05:45:03 | INFO | Episode    7 - Reward: -5.450, Length: 40, Loss: 0.0213, Epsilon: 0.937
2026-03-17 05:45:04 | INFO | Episode    8 - Reward: -4.100, Length: 40, Loss: 0.0183, Epsilon: 0.928
2026-03-17 05:45:05 | INFO | Episode    9 - Reward: -5.750, Length: 40, Loss: 0.0180, Epsilon: 0.919
2026-03-17 05:45:05 | INFO | Episode   10 - Reward: -4.550, Length: 40, Loss: 0.0179, Epsilon: 0.910
2026-03-17 05:45:06 | INFO | Episode   11 - Reward: -4.700, Length: 40, Loss: 0.0221, Epsilon: 0.901
2026-03-17 05:45:07 | INFO | Episode   12 - Reward: -4.400, Length: 40, Loss: 0.0167, Epsilon: 0.892
2026-03-17 05:45:08 | INFO | Episode   13 - Reward: -3.650, Length: 40, Loss: 0.0230, Epsilon: 0.883
2026-03-17 05:45:09 | INFO | Episode   14 - Reward: -4.700, Length: 40, Loss: 0.0182, Epsilon: 0.874
2026-03-17 05:45:10 | INFO | Episode   15 - Reward: -6.950, Length: 40, Loss: 0.0227, Epsilon: 0.865
2026-03-17 05:45:11 | INFO | Episode   16 - Reward: -5.450, Length: 40, Loss: 0.0540, Epsilon: 0.856
2026-03-17 05:45:12 | INFO | Episode   17 - Reward: -5.300, Length: 40, Loss: 0.0236, Epsilon: 0.847
2026-03-17 05:45:13 | INFO | Episode   18 - Reward: -4.250, Length: 40, Loss: 0.0171, Epsilon: 0.838
2026-03-17 05:45:15 | INFO | Episode   19 - Reward: -5.000, Length: 40, Loss: 0.0226, Epsilon: 0.829
2026-03-17 05:45:16 | INFO | Episode   20 - Reward: -4.850, Length: 40, Loss: 0.0140, Epsilon: 0.820
2026-03-17 05:45:16 | INFO | Episode   21 - Reward: -5.300, Length: 40, Loss: 0.0202, Epsilon: 0.811
2026-03-17 05:45:17 | INFO | Episode   22 - Reward: -5.750, Length: 40, Loss: 0.0162, Epsilon: 0.802
2026-03-17 05:45:18 | INFO | Episode   23 - Reward: -4.550, Length: 40, Loss: 0.0146, Epsilon: 0.793
2026-03-17 05:45:19 | INFO | Episode   24 - Reward: -5.450, Length: 40, Loss: 0.0482, Epsilon: 0.784
2026-03-17 05:45:20 | INFO | Episode   25 - Reward: -5.750, Length: 40, Loss: 0.0155, Epsilon: 0.775
2026-03-17 05:45:21 | INFO | Episode   26 - Reward: -5.150, Length: 40, Loss: 0.0157, Epsilon: 0.766
2026-03-17 05:45:22 | INFO | Episode   27 - Reward: -4.250, Length: 40, Loss: 0.0165, Epsilon: 0.757
2026-03-17 05:45:24 | INFO | Episode   28 - Reward: -12.200, Length: 40, Loss: 0.0141, Epsilon: 0.748
2026-03-17 05:45:25 | INFO | Episode   29 - Reward: -4.550, Length: 40, Loss: 0.0156, Epsilon: 0.739
2026-03-17 05:45:26 | INFO | Episode   30 - Reward: -3.800, Length: 40, Loss: 0.0129, Epsilon: 0.730
2026-03-17 05:45:27 | INFO | Episode   31 - Reward: -4.100, Length: 40, Loss: 0.0462, Epsilon: 0.721
2026-03-17 05:45:28 | INFO | Episode   32 - Reward: -4.700, Length: 40, Loss: 0.0165, Epsilon: 0.712
2026-03-17 05:45:29 | INFO | Episode   33 - Reward: -5.450, Length: 40, Loss: 0.0473, Epsilon: 0.703
2026-03-17 05:45:30 | INFO | Episode   34 - Reward: -5.000, Length: 40, Loss: 0.0430, Epsilon: 0.694
2026-03-17 05:45:31 | INFO | Episode   35 - Reward: -5.300, Length: 40, Loss: 0.0120, Epsilon: 0.685
2026-03-17 05:45:32 | INFO | Episode   36 - Reward: -5.000, Length: 40, Loss: 0.0168, Epsilon: 0.676
2026-03-17 05:45:33 | INFO | Episode   37 - Reward: -4.700, Length: 40, Loss: 0.0135, Epsilon: 0.667
2026-03-17 05:45:35 | INFO | Episode   38 - Reward: -6.050, Length: 40, Loss: 0.0145, Epsilon: 0.658
2026-03-17 05:45:36 | INFO | Episode   39 - Reward: -5.000, Length: 40, Loss: 0.0151, Epsilon: 0.649
2026-03-17 05:45:37 | INFO | Episode   40 - Reward: -5.600, Length: 40, Loss: 0.0126, Epsilon: 0.640
2026-03-17 05:45:38 | INFO | Episode   41 - Reward: -2.050, Length: 38, Loss: 0.0475, Epsilon: 0.631
2026-03-17 05:45:39 | INFO | Episode   42 - Reward: -4.550, Length: 40, Loss: 0.1291, Epsilon: 0.622
2026-03-17 05:45:40 | INFO | Episode   43 - Reward: -5.300, Length: 40, Loss: 0.8566, Epsilon: 0.613
2026-03-17 05:45:41 | INFO | Episode   44 - Reward: -6.500, Length: 40, Loss: 0.0192, Epsilon: 0.604
2026-03-17 05:45:42 | INFO | Episode   45 - Reward: -6.350, Length: 40, Loss: 0.0184, Epsilon: 0.595
2026-03-17 05:45:43 | INFO | Episode   46 - Reward: -5.450, Length: 40, Loss: 0.0186, Epsilon: 0.586
2026-03-17 05:45:44 | INFO | Episode   47 - Reward: -6.500, Length: 40, Loss: 0.0475, Epsilon: 0.577
2026-03-17 05:45:45 | INFO | Episode   48 - Reward: -5.150, Length: 40, Loss: 0.0149, Epsilon: 0.568
2026-03-17 05:45:46 | INFO | Episode   49 - Reward: -9.950, Length: 40, Loss: 0.0164, Epsilon: 0.559
2026-03-17 05:45:47 | INFO | Episode   50 - Reward: -6.200, Length: 40, Loss: 0.0152, Epsilon: 0.550
2026-03-17 05:46:03 | INFO | [Episode   50] eps=0.550  avg_reward=  -5.301  avg_length= 39.96  avg_loss=  0.0403  eval_success=0.000
2026-03-17 05:46:04 | INFO | Episode   51 - Reward: -5.300, Length: 40, Loss: 0.0479, Epsilon: 0.541
2026-03-17 05:46:05 | INFO | Episode   52 - Reward: -5.600, Length: 40, Loss: 0.0457, Epsilon: 0.532
2026-03-17 05:46:06 | INFO | Episode   53 - Reward: -6.200, Length: 40, Loss: 1.6029, Epsilon: 0.523
2026-03-17 05:46:08 | INFO | Episode   54 - Reward: -6.050, Length: 40, Loss: 0.7935, Epsilon: 0.514
2026-03-17 05:46:09 | INFO | Episode   55 - Reward: -6.050, Length: 40, Loss: 0.0165, Epsilon: 0.505
2026-03-17 05:46:10 | INFO | Episode   56 - Reward: -4.700, Length: 40, Loss: 0.0476, Epsilon: 0.496
2026-03-17 05:46:11 | INFO | Episode   57 - Reward: -6.350, Length: 40, Loss: 0.0169, Epsilon: 0.487
2026-03-17 05:46:12 | INFO | Episode   58 - Reward: -4.400, Length: 40, Loss: 0.0192, Epsilon: 0.478
2026-03-17 05:46:13 | INFO | Episode   59 - Reward: 6.150, Length: 27, Loss: 0.0205, Epsilon: 0.469
2026-03-17 05:46:14 | INFO | Episode   60 - Reward: 4.300, Length: 34, Loss: 0.0486, Epsilon: 0.460
2026-03-17 05:46:15 | INFO | Episode   61 - Reward: -7.100, Length: 40, Loss: 0.0188, Epsilon: 0.451
2026-03-17 05:46:16 | INFO | Episode   62 - Reward: -8.300, Length: 40, Loss: 0.0203, Epsilon: 0.442
2026-03-17 05:46:17 | INFO | Episode   63 - Reward: -6.500, Length: 40, Loss: 0.0766, Epsilon: 0.433
2026-03-17 05:46:18 | INFO | Episode   64 - Reward: -5.300, Length: 40, Loss: 0.0746, Epsilon: 0.424
2026-03-17 05:46:19 | INFO | Episode   65 - Reward: -5.900, Length: 40, Loss: 0.0478, Epsilon: 0.415
2026-03-17 05:46:20 | INFO | Episode   66 - Reward: -5.900, Length: 40, Loss: 0.0758, Epsilon: 0.406
2026-03-17 05:46:21 | INFO | Episode   67 - Reward: -5.750, Length: 40, Loss: 0.0173, Epsilon: 0.397
2026-03-17 05:46:22 | INFO | Episode   68 - Reward: -7.550, Length: 40, Loss: 0.0187, Epsilon: 0.388
2026-03-17 05:46:23 | INFO | Episode   69 - Reward: -6.950, Length: 40, Loss: 0.0163, Epsilon: 0.379
2026-03-17 05:46:24 | INFO | Episode   70 - Reward: -5.300, Length: 40, Loss: 0.0218, Epsilon: 0.370
2026-03-17 05:46:25 | INFO | Episode   71 - Reward: -7.550, Length: 40, Loss: 0.0490, Epsilon: 0.361
2026-03-17 05:46:26 | INFO | Episode   72 - Reward: -5.900, Length: 40, Loss: 0.0205, Epsilon: 0.352
2026-03-17 05:46:27 | INFO | Episode   73 - Reward: -5.000, Length: 40, Loss: 0.0211, Epsilon: 0.343
2026-03-17 05:46:28 | INFO | Episode   74 - Reward: -5.900, Length: 40, Loss: 0.0503, Epsilon: 0.334
2026-03-17 05:46:29 | INFO | Episode   75 - Reward: -6.500, Length: 40, Loss: 0.0180, Epsilon: 0.325
2026-03-17 05:46:31 | INFO | Episode   76 - Reward: -5.900, Length: 40, Loss: 0.0788, Epsilon: 0.316
2026-03-17 05:46:32 | INFO | Episode   77 - Reward: 6.700, Length: 16, Loss: 0.0193, Epsilon: 0.307
2026-03-17 05:46:33 | INFO | Episode   78 - Reward: -6.500, Length: 40, Loss: 0.8276, Epsilon: 0.298
2026-03-17 05:46:34 | INFO | Episode   79 - Reward: -6.800, Length: 40, Loss: 0.0781, Epsilon: 0.289
2026-03-17 05:46:35 | INFO | Episode   80 - Reward: -6.500, Length: 40, Loss: 0.0183, Epsilon: 0.280
2026-03-17 05:46:36 | INFO | Episode   81 - Reward: -7.550, Length: 40, Loss: 0.0200, Epsilon: 0.271
2026-03-17 05:46:37 | INFO | Episode   82 - Reward: -5.900, Length: 40, Loss: 0.0192, Epsilon: 0.262
2026-03-17 05:46:38 | INFO | Episode   83 - Reward: -5.600, Length: 40, Loss: 0.0536, Epsilon: 0.253
2026-03-17 05:46:39 | INFO | Episode   84 - Reward: -6.800, Length: 40, Loss: 0.0189, Epsilon: 0.244
2026-03-17 05:46:40 | INFO | Episode   85 - Reward: -6.500, Length: 40, Loss: 0.0177, Epsilon: 0.235
2026-03-17 05:46:41 | INFO | Episode   86 - Reward: -7.850, Length: 40, Loss: 0.8317, Epsilon: 0.226
2026-03-17 05:46:42 | INFO | Episode   87 - Reward: -5.900, Length: 40, Loss: 0.8004, Epsilon: 0.217
2026-03-17 05:46:44 | INFO | Episode   88 - Reward: -5.900, Length: 40, Loss: 0.0543, Epsilon: 0.208
2026-03-17 05:46:45 | INFO | Episode   89 - Reward: -6.350, Length: 40, Loss: 0.0218, Epsilon: 0.199
2026-03-17 05:46:46 | INFO | Episode   90 - Reward: -5.600, Length: 40, Loss: 0.0202, Epsilon: 0.190
2026-03-17 05:46:47 | INFO | Episode   91 - Reward: -6.800, Length: 40, Loss: 0.0530, Epsilon: 0.181
2026-03-17 05:46:48 | INFO | Episode   92 - Reward: -6.800, Length: 40, Loss: 0.0219, Epsilon: 0.172
2026-03-17 05:46:49 | INFO | Episode   93 - Reward: -7.250, Length: 40, Loss: 0.1123, Epsilon: 0.163
2026-03-17 05:46:50 | INFO | Episode   94 - Reward: -6.500, Length: 40, Loss: 0.0548, Epsilon: 0.154
2026-03-17 05:46:50 | INFO | Episode   95 - Reward: -6.500, Length: 40, Loss: 0.0255, Epsilon: 0.145
2026-03-17 05:46:51 | INFO | Episode   96 - Reward: -6.500, Length: 40, Loss: 0.0840, Epsilon: 0.136
2026-03-17 05:46:52 | INFO | Episode   97 - Reward: -7.100, Length: 40, Loss: 0.0542, Epsilon: 0.127
2026-03-17 05:46:54 | INFO | Episode   98 - Reward: -7.550, Length: 40, Loss: 0.0535, Epsilon: 0.118
2026-03-17 05:46:55 | INFO | Episode   99 - Reward: -7.400, Length: 40, Loss: 0.0827, Epsilon: 0.109
2026-03-17 05:46:56 | INFO | Episode  100 - Reward: -7.100, Length: 40, Loss: 0.0516, Epsilon: 0.100
2026-03-17 05:47:08 | INFO | [Episode  100] eps=0.100  avg_reward=  -5.641  avg_length= 39.14  avg_loss=  0.1336  eval_success=0.000
2026-03-17 05:47:09 | INFO | Episode  101 - Reward: -7.400, Length: 40, Loss: 0.0550, Epsilon: 0.100
2026-03-17 05:47:10 | INFO | Episode  102 - Reward: -7.400, Length: 40, Loss: 0.0544, Epsilon: 0.100
2026-03-17 05:47:11 | INFO | Episode  103 - Reward: -6.800, Length: 40, Loss: 0.0548, Epsilon: 0.100
2026-03-17 05:47:11 | INFO | Episode  104 - Reward: -6.200, Length: 40, Loss: 0.0230, Epsilon: 0.100
2026-03-17 05:47:12 | INFO | Episode  105 - Reward: -7.400, Length: 40, Loss: 0.0264, Epsilon: 0.100
2026-03-17 05:47:13 | INFO | Episode  106 - Reward: -6.500, Length: 40, Loss: 0.0547, Epsilon: 0.100
2026-03-17 05:47:14 | INFO | Episode  107 - Reward: -7.400, Length: 40, Loss: 0.0220, Epsilon: 0.100
2026-03-17 05:47:15 | INFO | Episode  108 - Reward: -6.800, Length: 40, Loss: 0.0250, Epsilon: 0.100
2026-03-17 05:47:16 | INFO | Episode  109 - Reward: -6.800, Length: 40, Loss: 0.0260, Epsilon: 0.100
2026-03-17 05:47:16 | INFO | Episode  110 - Reward: -5.900, Length: 40, Loss: 0.0244, Epsilon: 0.100
2026-03-17 05:47:17 | INFO | Episode  111 - Reward: -7.100, Length: 40, Loss: 0.0248, Epsilon: 0.100
2026-03-17 05:47:18 | INFO | Episode  112 - Reward: -6.800, Length: 40, Loss: 0.0551, Epsilon: 0.100
2026-03-17 05:47:19 | INFO | Episode  113 - Reward: -6.200, Length: 40, Loss: 0.0552, Epsilon: 0.100
2026-03-17 05:47:20 | INFO | Episode  114 - Reward: -6.800, Length: 40, Loss: 0.0266, Epsilon: 0.100
2026-03-17 05:47:21 | INFO | Episode  115 - Reward: -6.800, Length: 40, Loss: 0.0567, Epsilon: 0.100
2026-03-17 05:47:22 | INFO | Episode  116 - Reward: -6.800, Length: 40, Loss: 0.0553, Epsilon: 0.100
2026-03-17 05:47:22 | INFO | Episode  117 - Reward: -7.100, Length: 40, Loss: 0.0244, Epsilon: 0.100
2026-03-17 05:47:22 | INFO | Episode  118 - Reward: -7.100, Length: 40, Loss: 0.0255, Epsilon: 0.100
2026-03-17 05:47:23 | INFO | Episode  119 - Reward: -5.900, Length: 40, Loss: 0.0233, Epsilon: 0.100
2026-03-17 05:47:24 | INFO | Episode  120 - Reward: -6.800, Length: 40, Loss: 0.0563, Epsilon: 0.100
2026-03-17 05:47:25 | INFO | Episode  121 - Reward: -6.800, Length: 40, Loss: 0.0582, Epsilon: 0.100
2026-03-17 05:47:26 | INFO | Episode  122 - Reward: -6.500, Length: 40, Loss: 0.0845, Epsilon: 0.100
2026-03-17 05:47:27 | INFO | Episode  123 - Reward: -6.800, Length: 40, Loss: 0.0283, Epsilon: 0.100
2026-03-17 05:47:28 | INFO | Episode  124 - Reward: -6.950, Length: 40, Loss: 0.8126, Epsilon: 0.100
2026-03-17 05:47:28 | INFO | Episode  125 - Reward: -6.800, Length: 40, Loss: 0.0300, Epsilon: 0.100
2026-03-17 05:47:29 | INFO | Episode  126 - Reward: -6.800, Length: 40, Loss: 0.0264, Epsilon: 0.100
2026-03-17 05:47:30 | INFO | Episode  127 - Reward: -7.100, Length: 40, Loss: 0.0277, Epsilon: 0.100
2026-03-17 05:47:31 | INFO | Episode  128 - Reward: -7.100, Length: 40, Loss: 0.0278, Epsilon: 0.100
2026-03-17 05:47:32 | INFO | Episode  129 - Reward: -6.800, Length: 40, Loss: 0.0606, Epsilon: 0.100
2026-03-17 05:47:33 | INFO | Episode  130 - Reward: -6.800, Length: 40, Loss: 0.0289, Epsilon: 0.100
2026-03-17 05:47:34 | INFO | Episode  131 - Reward: -7.100, Length: 40, Loss: 0.0281, Epsilon: 0.100
2026-03-17 05:47:35 | INFO | Episode  132 - Reward: -6.200, Length: 40, Loss: 0.0586, Epsilon: 0.100
2026-03-17 05:47:36 | INFO | Episode  133 - Reward: -6.500, Length: 40, Loss: 0.0280, Epsilon: 0.100
2026-03-17 05:47:36 | INFO | Episode  134 - Reward: -6.800, Length: 40, Loss: 0.0291, Epsilon: 0.100
2026-03-17 05:47:37 | INFO | Episode  135 - Reward: -7.400, Length: 40, Loss: 0.0280, Epsilon: 0.100
2026-03-17 05:47:38 | INFO | Episode  136 - Reward: -6.500, Length: 40, Loss: 0.0298, Epsilon: 0.100
2026-03-17 05:47:39 | INFO | Episode  137 - Reward: -6.950, Length: 40, Loss: 0.0316, Epsilon: 0.100
2026-03-17 05:47:40 | INFO | Episode  138 - Reward: -7.100, Length: 40, Loss: 0.0595, Epsilon: 0.100
2026-03-17 05:47:41 | INFO | Episode  139 - Reward: -2.000, Length: 40, Loss: 0.8173, Epsilon: 0.100
2026-03-17 05:47:42 | INFO | Episode  140 - Reward: -2.750, Length: 40, Loss: 0.0306, Epsilon: 0.100
2026-03-17 05:47:42 | INFO | Episode  141 - Reward: -2.300, Length: 40, Loss: 0.0286, Epsilon: 0.100
2026-03-17 05:47:43 | INFO | Episode  142 - Reward: -2.000, Length: 40, Loss: 0.0271, Epsilon: 0.100
2026-03-17 05:47:44 | INFO | Episode  143 - Reward: -2.150, Length: 40, Loss: 0.0277, Epsilon: 0.100
2026-03-17 05:47:45 | INFO | Episode  144 - Reward: -2.150, Length: 40, Loss: 0.0239, Epsilon: 0.100
2026-03-17 05:47:46 | INFO | Episode  145 - Reward: -2.450, Length: 40, Loss: 0.0245, Epsilon: 0.100
2026-03-17 05:47:47 | INFO | Episode  146 - Reward: -2.150, Length: 40, Loss: 0.0257, Epsilon: 0.100
2026-03-17 05:47:47 | INFO | Episode  147 - Reward: -2.000, Length: 40, Loss: 0.0247, Epsilon: 0.100
2026-03-17 05:47:48 | INFO | Episode  148 - Reward: -2.150, Length: 40, Loss: 0.0236, Epsilon: 0.100
2026-03-17 05:47:49 | INFO | Episode  149 - Reward: -2.000, Length: 40, Loss: 0.0240, Epsilon: 0.100
2026-03-17 05:47:50 | INFO | Episode  150 - Reward: -2.450, Length: 40, Loss: 0.0218, Epsilon: 0.100
2026-03-17 05:48:04 | INFO | [Episode  150] eps=0.100  avg_reward=  -5.711  avg_length= 40.00  avg_loss=  0.0669  eval_success=0.000
2026-03-17 05:48:05 | INFO | Episode  151 - Reward: -3.650, Length: 40, Loss: 0.0208, Epsilon: 0.100
2026-03-17 05:48:06 | INFO | Episode  152 - Reward: -7.700, Length: 40, Loss: 0.0229, Epsilon: 0.100
2026-03-17 05:48:07 | INFO | Episode  153 - Reward: -7.700, Length: 40, Loss: 0.0202, Epsilon: 0.100
2026-03-17 05:48:08 | INFO | Episode  154 - Reward: -7.700, Length: 40, Loss: 0.0213, Epsilon: 0.100
2026-03-17 05:48:09 | INFO | Episode  155 - Reward: -7.100, Length: 40, Loss: 0.0208, Epsilon: 0.100
2026-03-17 05:48:10 | INFO | Episode  156 - Reward: -8.000, Length: 40, Loss: 0.0220, Epsilon: 0.100
2026-03-17 05:48:11 | INFO | Episode  157 - Reward: -8.000, Length: 40, Loss: 0.0226, Epsilon: 0.100
2026-03-17 05:48:12 | INFO | Episode  158 - Reward: -6.800, Length: 40, Loss: 0.0214, Epsilon: 0.100
2026-03-17 05:48:13 | INFO | Episode  159 - Reward: -7.700, Length: 40, Loss: 0.0210, Epsilon: 0.100
2026-03-17 05:48:15 | INFO | Episode  160 - Reward: -7.550, Length: 40, Loss: 0.0241, Epsilon: 0.100
2026-03-17 05:48:16 | INFO | Episode  161 - Reward: -7.250, Length: 40, Loss: 0.0221, Epsilon: 0.100
2026-03-17 05:48:17 | INFO | Episode  162 - Reward: -7.250, Length: 40, Loss: 0.0214, Epsilon: 0.100
2026-03-17 05:48:18 | INFO | Episode  163 - Reward: -4.850, Length: 40, Loss: 0.0212, Epsilon: 0.100
2026-03-17 05:48:19 | INFO | Episode  164 - Reward: -7.250, Length: 40, Loss: 0.0212, Epsilon: 0.100
2026-03-17 05:48:20 | INFO | Episode  165 - Reward: -5.000, Length: 40, Loss: 0.0235, Epsilon: 0.100
2026-03-17 05:48:21 | INFO | Episode  166 - Reward: -6.200, Length: 40, Loss: 0.0184, Epsilon: 0.100
2026-03-17 05:48:22 | INFO | Episode  167 - Reward: -6.950, Length: 40, Loss: 0.0197, Epsilon: 0.100
2026-03-17 05:48:23 | INFO | Episode  168 - Reward: -6.950, Length: 40, Loss: 0.0231, Epsilon: 0.100
2026-03-17 05:48:24 | INFO | Episode  169 - Reward: 8.050, Length: 19, Loss: 0.0214, Epsilon: 0.100
2026-03-17 05:48:25 | INFO | Episode  170 - Reward: -6.950, Length: 40, Loss: 0.0234, Epsilon: 0.100
2026-03-17 05:48:26 | INFO | Episode  171 - Reward: -5.300, Length: 40, Loss: 0.8130, Epsilon: 0.100
2026-03-17 05:48:27 | INFO | Episode  172 - Reward: -7.250, Length: 40, Loss: 0.8097, Epsilon: 0.100
2026-03-17 05:48:28 | INFO | Episode  173 - Reward: -7.250, Length: 40, Loss: 0.0221, Epsilon: 0.100
2026-03-17 05:48:29 | INFO | Episode  174 - Reward: -6.650, Length: 40, Loss: 0.0191, Epsilon: 0.100
2026-03-17 05:48:30 | INFO | Episode  175 - Reward: -6.800, Length: 40, Loss: 0.0207, Epsilon: 0.100
2026-03-17 05:48:31 | INFO | Episode  176 - Reward: -7.250, Length: 40, Loss: 0.0211, Epsilon: 0.100
2026-03-17 05:48:32 | INFO | Episode  177 - Reward: -6.800, Length: 40, Loss: 0.0209, Epsilon: 0.100
2026-03-17 05:48:34 | INFO | Episode  178 - Reward: 6.750, Length: 33, Loss: 0.0205, Epsilon: 0.100
2026-03-17 05:48:35 | INFO | Episode  179 - Reward: -2.000, Length: 40, Loss: 0.0210, Epsilon: 0.100
2026-03-17 05:48:36 | INFO | Episode  180 - Reward: -2.300, Length: 40, Loss: 0.0198, Epsilon: 0.100
2026-03-17 05:48:37 | INFO | Episode  181 - Reward: -3.650, Length: 40, Loss: 0.0205, Epsilon: 0.100
2026-03-17 05:48:38 | INFO | Episode  182 - Reward: -2.150, Length: 40, Loss: 0.0183, Epsilon: 0.100
2026-03-17 05:48:39 | INFO | Episode  183 - Reward: -4.250, Length: 40, Loss: 0.0196, Epsilon: 0.100
2026-03-17 05:48:40 | INFO | Episode  184 - Reward: -7.550, Length: 40, Loss: 0.0192, Epsilon: 0.100
2026-03-17 05:48:41 | INFO | Episode  185 - Reward: -7.250, Length: 40, Loss: 0.0192, Epsilon: 0.100
2026-03-17 05:48:42 | INFO | Episode  186 - Reward: -7.400, Length: 40, Loss: 0.0208, Epsilon: 0.100
2026-03-17 05:48:43 | INFO | Episode  187 - Reward: -7.100, Length: 40, Loss: 0.8094, Epsilon: 0.100
2026-03-17 05:48:44 | INFO | Episode  188 - Reward: -7.400, Length: 40, Loss: 0.0190, Epsilon: 0.100
2026-03-17 05:48:46 | INFO | Episode  189 - Reward: -7.550, Length: 40, Loss: 0.0169, Epsilon: 0.100
2026-03-17 05:48:47 | INFO | Episode  190 - Reward: -2.000, Length: 40, Loss: 0.0193, Epsilon: 0.100
2026-03-17 05:48:48 | INFO | Episode  191 - Reward: 7.050, Length: 21, Loss: 0.0215, Epsilon: 0.100
2026-03-17 05:48:49 | INFO | Episode  192 - Reward: 7.250, Length: 20, Loss: 0.0187, Epsilon: 0.100
2026-03-17 05:48:50 | INFO | Episode  193 - Reward: -7.250, Length: 40, Loss: 0.0170, Epsilon: 0.100
2026-03-17 05:48:51 | INFO | Episode  194 - Reward: -5.750, Length: 40, Loss: 0.0200, Epsilon: 0.100
2026-03-17 05:48:52 | INFO | Episode  195 - Reward: -7.250, Length: 40, Loss: 0.8130, Epsilon: 0.100
2026-03-17 05:48:53 | INFO | Episode  196 - Reward: 5.550, Length: 30, Loss: 0.0206, Epsilon: 0.100
2026-03-17 05:48:54 | INFO | Episode  197 - Reward: 6.650, Length: 23, Loss: 0.0219, Epsilon: 0.100
2026-03-17 05:48:55 | INFO | Episode  198 - Reward: 6.250, Length: 25, Loss: 0.0182, Epsilon: 0.100
2026-03-17 05:48:56 | INFO | Episode  199 - Reward: 8.450, Length: 14, Loss: 0.8128, Epsilon: 0.100
2026-03-17 05:48:57 | INFO | Episode  200 - Reward: -7.550, Length: 40, Loss: 0.0180, Epsilon: 0.100
2026-03-17 05:49:12 | INFO | [Episode  200] eps=0.100  avg_reward=  -4.205  avg_length= 37.30  avg_loss=  0.0997  eval_success=0.000
2026-03-17 05:49:13 | INFO | Episode  201 - Reward: -7.550, Length: 40, Loss: 0.8151, Epsilon: 0.100
2026-03-17 05:49:14 | INFO | Episode  202 - Reward: -7.850, Length: 40, Loss: 1.6006, Epsilon: 0.100
2026-03-17 05:49:15 | INFO | Episode  203 - Reward: -7.550, Length: 40, Loss: 0.0198, Epsilon: 0.100
2026-03-17 05:49:16 | INFO | Episode  204 - Reward: -6.950, Length: 40, Loss: 0.0210, Epsilon: 0.100
2026-03-17 05:49:18 | INFO | Episode  205 - Reward: -7.550, Length: 40, Loss: 0.8095, Epsilon: 0.100
2026-03-17 05:49:19 | INFO | Episode  206 - Reward: -7.550, Length: 40, Loss: 0.0230, Epsilon: 0.100
2026-03-17 05:49:20 | INFO | Episode  207 - Reward: -7.550, Length: 40, Loss: 0.8121, Epsilon: 0.100
2026-03-17 05:49:21 | INFO | Episode  208 - Reward: -7.250, Length: 40, Loss: 0.0235, Epsilon: 0.100
2026-03-17 05:49:22 | INFO | Episode  209 - Reward: -7.250, Length: 40, Loss: 0.0230, Epsilon: 0.100
2026-03-17 05:49:23 | INFO | Episode  210 - Reward: -7.250, Length: 40, Loss: 0.0232, Epsilon: 0.100
2026-03-17 05:49:24 | INFO | Episode  211 - Reward: 1.150, Length: 34, Loss: 0.0220, Epsilon: 0.100
2026-03-17 05:49:25 | INFO | Episode  212 - Reward: 9.650, Length: 8, Loss: 0.0211, Epsilon: 0.100
2026-03-17 05:49:26 | INFO | Episode  213 - Reward: 9.650, Length: 8, Loss: 0.0235, Epsilon: 0.100
2026-03-17 05:49:27 | INFO | Episode  214 - Reward: 9.650, Length: 8, Loss: 2.4020, Epsilon: 0.100
2026-03-17 05:49:28 | INFO | Episode  215 - Reward: 9.150, Length: 12, Loss: 0.0221, Epsilon: 0.100
2026-03-17 05:49:29 | INFO | Episode  216 - Reward: -9.800, Length: 40, Loss: 0.0227, Epsilon: 0.100
2026-03-17 05:49:30 | INFO | Episode  217 - Reward: 9.450, Length: 9, Loss: 1.5978, Epsilon: 0.100
2026-03-17 05:49:31 | INFO | Episode  218 - Reward: 9.650, Length: 8, Loss: 1.5986, Epsilon: 0.100
2026-03-17 05:49:32 | INFO | Episode  219 - Reward: 9.650, Length: 8, Loss: 1.5944, Epsilon: 0.100
2026-03-17 05:49:33 | INFO | Episode  220 - Reward: 9.250, Length: 10, Loss: 0.0214, Epsilon: 0.100
2026-03-17 05:49:34 | INFO | Episode  221 - Reward: 9.650, Length: 8, Loss: 0.0510, Epsilon: 0.100
2026-03-17 05:49:35 | INFO | Episode  222 - Reward: 9.450, Length: 9, Loss: 0.8073, Epsilon: 0.100
2026-03-17 05:49:36 | INFO | Episode  223 - Reward: 9.350, Length: 11, Loss: 0.0211, Epsilon: 0.100
2026-03-17 05:49:37 | INFO | Episode  224 - Reward: 9.450, Length: 9, Loss: 0.8056, Epsilon: 0.100
2026-03-17 05:49:39 | INFO | Episode  225 - Reward: 9.650, Length: 8, Loss: 0.0213, Epsilon: 0.100
2026-03-17 05:49:40 | INFO | Episode  226 - Reward: 9.650, Length: 8, Loss: 1.5911, Epsilon: 0.100
2026-03-17 05:49:41 | INFO | Episode  227 - Reward: 9.450, Length: 9, Loss: 1.5873, Epsilon: 0.100
2026-03-17 05:49:42 | INFO | Episode  228 - Reward: 9.450, Length: 9, Loss: 1.5875, Epsilon: 0.100
2026-03-17 05:49:43 | INFO | Episode  229 - Reward: 9.650, Length: 8, Loss: 1.5856, Epsilon: 0.100
2026-03-17 05:49:44 | INFO | Episode  230 - Reward: 9.550, Length: 10, Loss: 1.6099, Epsilon: 0.100
2026-03-17 05:49:45 | INFO | Episode  231 - Reward: 9.250, Length: 10, Loss: 0.8193, Epsilon: 0.100
2026-03-17 05:49:46 | INFO | Episode  232 - Reward: 9.650, Length: 8, Loss: 0.0789, Epsilon: 0.100
2026-03-17 05:49:47 | INFO | Episode  233 - Reward: 9.650, Length: 8, Loss: 0.8008, Epsilon: 0.100
2026-03-17 05:49:48 | INFO | Episode  234 - Reward: -11.900, Length: 40, Loss: 0.8007, Epsilon: 0.100
2026-03-17 05:49:50 | INFO | Episode  235 - Reward: 9.350, Length: 11, Loss: 0.0206, Epsilon: 0.100
2026-03-17 05:49:51 | INFO | Episode  236 - Reward: 9.450, Length: 9, Loss: 0.7971, Epsilon: 0.100
2026-03-17 05:49:52 | INFO | Episode  237 - Reward: 9.650, Length: 8, Loss: 0.8253, Epsilon: 0.100
2026-03-17 05:49:53 | INFO | Episode  238 - Reward: 9.650, Length: 8, Loss: 3.1277, Epsilon: 0.100
2026-03-17 05:49:54 | INFO | Episode  239 - Reward: 9.650, Length: 8, Loss: 1.5664, Epsilon: 0.100
2026-03-17 05:49:55 | INFO | Episode  240 - Reward: 9.650, Length: 8, Loss: 0.8518, Epsilon: 0.100
2026-03-17 05:49:56 | INFO | Episode  241 - Reward: 9.650, Length: 8, Loss: 1.5673, Epsilon: 0.100
2026-03-17 05:49:57 | INFO | Episode  242 - Reward: 9.550, Length: 10, Loss: 1.5639, Epsilon: 0.100
2026-03-17 05:49:58 | INFO | Episode  243 - Reward: 9.650, Length: 8, Loss: 0.0497, Epsilon: 0.100
2026-03-17 05:49:59 | INFO | Episode  244 - Reward: 9.650, Length: 8, Loss: 1.5627, Epsilon: 0.100
2026-03-17 05:49:59 | INFO | Episode  245 - Reward: 9.450, Length: 9, Loss: 1.5590, Epsilon: 0.100
2026-03-17 05:50:00 | INFO | Episode  246 - Reward: 9.650, Length: 8, Loss: 4.6793, Epsilon: 0.100
2026-03-17 05:50:01 | INFO | Episode  247 - Reward: 9.650, Length: 8, Loss: 0.7839, Epsilon: 0.100
2026-03-17 05:50:02 | INFO | Episode  248 - Reward: 9.650, Length: 8, Loss: 0.0201, Epsilon: 0.100
2026-03-17 05:50:02 | INFO | Episode  249 - Reward: 9.650, Length: 8, Loss: 3.8387, Epsilon: 0.100
2026-03-17 05:50:03 | INFO | Episode  250 - Reward: 9.550, Length: 10, Loss: 3.0617, Epsilon: 0.100
2026-03-17 05:50:06 | INFO | [Episode  250] eps=0.100  avg_reward=   5.172  avg_length= 16.74  avg_loss=  0.9908  eval_success=1.000
