2026-03-17 05:33:12 | INFO | ============================================================
2026-03-17 05:33:12 | INFO | DEVICE / COMPUTE INFORMATION
2026-03-17 05:33:12 | INFO |   JAX backend       : GPU
2026-03-17 05:33:12 | INFO |   Platform          : gpu
2026-03-17 05:33:12 | INFO |   Num devices       : 1
2026-03-17 05:33:12 | INFO |   Device            : cuda:0
2026-03-17 05:33:12 | INFO |   GPU name          : NVIDIA GeForce RTX 5060 Laptop GPU
2026-03-17 05:33:12 | INFO | ============================================================
2026-03-17 05:33:12 | INFO | ✓ JAX GPU backend confirmed.
2026-03-17 05:33:13 | INFO | DQN seed=5_gamma=0.99_lr=0.1
2026-03-17 05:33:14 | INFO | Episode    1 - Reward: -5.300, Length: 40, Loss: 0.0000, Epsilon: 0.991
2026-03-17 05:33:15 | INFO | Episode    2 - Reward: -5.150, Length: 40, Loss: 0.0000, Epsilon: 0.982
2026-03-17 05:33:20 | INFO | Episode    3 - Reward: -5.300, Length: 40, Loss: 0.0174, Epsilon: 0.973
2026-03-17 05:33:21 | INFO | Episode    4 - Reward: -4.100, Length: 40, Loss: 0.0105, Epsilon: 0.964
2026-03-17 05:33:22 | INFO | Episode    5 - Reward: -4.700, Length: 40, Loss: 0.0094, Epsilon: 0.955
2026-03-17 05:33:23 | INFO | Episode    6 - Reward: -5.900, Length: 40, Loss: 0.0097, Epsilon: 0.946
2026-03-17 05:33:24 | INFO | Episode    7 - Reward: -5.450, Length: 40, Loss: 0.0061, Epsilon: 0.937
2026-03-17 05:33:25 | INFO | Episode    8 - Reward: -3.500, Length: 40, Loss: 0.0066, Epsilon: 0.928
2026-03-17 05:33:26 | INFO | Episode    9 - Reward: -5.750, Length: 40, Loss: 0.0089, Epsilon: 0.919
2026-03-17 05:33:28 | INFO | Episode   10 - Reward: -6.050, Length: 40, Loss: 0.0356, Epsilon: 0.910
2026-03-17 05:33:29 | INFO | Episode   11 - Reward: -5.000, Length: 40, Loss: 0.0082, Epsilon: 0.901
2026-03-17 05:33:30 | INFO | Episode   12 - Reward: -8.000, Length: 40, Loss: 0.0059, Epsilon: 0.892
2026-03-17 05:33:31 | INFO | Episode   13 - Reward: -3.650, Length: 40, Loss: 0.0833, Epsilon: 0.883
2026-03-17 05:33:32 | INFO | Episode   14 - Reward: -3.800, Length: 40, Loss: 0.0078, Epsilon: 0.874
2026-03-17 05:33:33 | INFO | Episode   15 - Reward: -9.650, Length: 40, Loss: 0.0587, Epsilon: 0.865
2026-03-17 05:33:34 | INFO | Episode   16 - Reward: -5.150, Length: 40, Loss: 0.0538, Epsilon: 0.856
2026-03-17 05:33:35 | INFO | Episode   17 - Reward: -5.000, Length: 40, Loss: 0.0357, Epsilon: 0.847
2026-03-17 05:33:37 | INFO | Episode   18 - Reward: -5.750, Length: 40, Loss: 0.0299, Epsilon: 0.838
2026-03-17 05:33:38 | INFO | Episode   19 - Reward: -5.000, Length: 40, Loss: 0.0090, Epsilon: 0.829
2026-03-17 05:33:39 | INFO | Episode   20 - Reward: -4.850, Length: 40, Loss: 0.0298, Epsilon: 0.820
2026-03-17 05:33:40 | INFO | Episode   21 - Reward: -5.300, Length: 40, Loss: 0.0653, Epsilon: 0.811
2026-03-17 05:33:41 | INFO | Episode   22 - Reward: -4.700, Length: 40, Loss: 0.0085, Epsilon: 0.802
2026-03-17 05:33:42 | INFO | Episode   23 - Reward: -4.250, Length: 40, Loss: 0.0076, Epsilon: 0.793
2026-03-17 05:33:43 | INFO | Episode   24 - Reward: -4.700, Length: 40, Loss: 0.0834, Epsilon: 0.784
2026-03-17 05:33:44 | INFO | Episode   25 - Reward: -5.450, Length: 40, Loss: 0.0554, Epsilon: 0.775
2026-03-17 05:33:44 | INFO | Episode   26 - Reward: -4.850, Length: 40, Loss: 0.0363, Epsilon: 0.766
2026-03-17 05:33:45 | INFO | Episode   27 - Reward: -4.250, Length: 40, Loss: 0.0355, Epsilon: 0.757
2026-03-17 05:33:46 | INFO | Episode   28 - Reward: -13.400, Length: 40, Loss: 0.0789, Epsilon: 0.748
2026-03-17 05:33:47 | INFO | Episode   29 - Reward: -4.100, Length: 40, Loss: 0.0254, Epsilon: 0.739
2026-03-17 05:33:49 | INFO | Episode   30 - Reward: -3.650, Length: 40, Loss: 0.0211, Epsilon: 0.730
2026-03-17 05:33:50 | INFO | Episode   31 - Reward: -4.400, Length: 40, Loss: 0.0650, Epsilon: 0.721
2026-03-17 05:33:51 | INFO | Episode   32 - Reward: -3.800, Length: 40, Loss: 0.0774, Epsilon: 0.712
2026-03-17 05:33:52 | INFO | Episode   33 - Reward: -5.300, Length: 40, Loss: 0.0533, Epsilon: 0.703
2026-03-17 05:33:53 | INFO | Episode   34 - Reward: -5.600, Length: 40, Loss: 0.0872, Epsilon: 0.694
2026-03-17 05:33:54 | INFO | Episode   35 - Reward: -4.700, Length: 40, Loss: 0.0425, Epsilon: 0.685
2026-03-17 05:33:55 | INFO | Episode   36 - Reward: -4.250, Length: 40, Loss: 0.0204, Epsilon: 0.676
2026-03-17 05:33:56 | INFO | Episode   37 - Reward: -3.800, Length: 40, Loss: 0.0611, Epsilon: 0.667
2026-03-17 05:33:57 | INFO | Episode   38 - Reward: -3.950, Length: 40, Loss: 0.0339, Epsilon: 0.658
2026-03-17 05:33:58 | INFO | Episode   39 - Reward: -5.300, Length: 40, Loss: 0.0102, Epsilon: 0.649
2026-03-17 05:33:59 | INFO | Episode   40 - Reward: -3.200, Length: 40, Loss: 0.0064, Epsilon: 0.640
2026-03-17 05:34:01 | INFO | Episode   41 - Reward: -4.100, Length: 40, Loss: 0.0525, Epsilon: 0.631
2026-03-17 05:34:02 | INFO | Episode   42 - Reward: -3.800, Length: 40, Loss: 0.0160, Epsilon: 0.622
2026-03-17 05:34:03 | INFO | Episode   43 - Reward: -3.050, Length: 40, Loss: 0.0413, Epsilon: 0.613
2026-03-17 05:34:04 | INFO | Episode   44 - Reward: -3.650, Length: 40, Loss: 0.0448, Epsilon: 0.604
2026-03-17 05:34:05 | INFO | Episode   45 - Reward: -4.400, Length: 40, Loss: 0.0990, Epsilon: 0.595
2026-03-17 05:34:06 | INFO | Episode   46 - Reward: -3.800, Length: 40, Loss: 0.0233, Epsilon: 0.586
2026-03-17 05:34:07 | INFO | Episode   47 - Reward: -3.050, Length: 40, Loss: 0.0870, Epsilon: 0.577
2026-03-17 05:34:08 | INFO | Episode   48 - Reward: -3.950, Length: 40, Loss: 0.0145, Epsilon: 0.568
2026-03-17 05:34:09 | INFO | Episode   49 - Reward: -3.950, Length: 40, Loss: 0.0828, Epsilon: 0.559
2026-03-17 05:34:10 | INFO | Episode   50 - Reward: -2.450, Length: 40, Loss: 0.0491, Epsilon: 0.550
2026-03-17 05:34:26 | INFO | [Episode   50] eps=0.550  avg_reward=  -4.844  avg_length= 40.00  avg_loss=  0.0362  eval_success=0.000
2026-03-17 05:34:27 | INFO | Episode   51 - Reward: 8.250, Length: 18, Loss: 0.0315, Epsilon: 0.541
2026-03-17 05:34:29 | INFO | Episode   52 - Reward: -5.750, Length: 40, Loss: 0.0758, Epsilon: 0.532
2026-03-17 05:34:30 | INFO | Episode   53 - Reward: -6.050, Length: 40, Loss: 0.0244, Epsilon: 0.523
2026-03-17 05:34:31 | INFO | Episode   54 - Reward: -5.750, Length: 40, Loss: 0.0177, Epsilon: 0.514
2026-03-17 05:34:32 | INFO | Episode   55 - Reward: -3.050, Length: 40, Loss: 0.0428, Epsilon: 0.505
2026-03-17 05:34:33 | INFO | Episode   56 - Reward: -3.650, Length: 40, Loss: 0.0383, Epsilon: 0.496
2026-03-17 05:34:34 | INFO | Episode   57 - Reward: -3.650, Length: 40, Loss: 0.0759, Epsilon: 0.487
2026-03-17 05:34:35 | INFO | Episode   58 - Reward: -6.500, Length: 40, Loss: 0.0485, Epsilon: 0.478
2026-03-17 05:34:36 | INFO | Episode   59 - Reward: -6.200, Length: 40, Loss: 0.0613, Epsilon: 0.469
2026-03-17 05:34:37 | INFO | Episode   60 - Reward: -3.500, Length: 40, Loss: 0.0579, Epsilon: 0.460
2026-03-17 05:34:38 | INFO | Episode   61 - Reward: -3.350, Length: 40, Loss: 0.0176, Epsilon: 0.451
2026-03-17 05:34:39 | INFO | Episode   62 - Reward: -5.300, Length: 40, Loss: 0.0147, Epsilon: 0.442
2026-03-17 05:34:40 | INFO | Episode   63 - Reward: -5.000, Length: 40, Loss: 0.0092, Epsilon: 0.433
2026-03-17 05:34:42 | INFO | Episode   64 - Reward: -3.800, Length: 40, Loss: 0.0512, Epsilon: 0.424
2026-03-17 05:34:43 | INFO | Episode   65 - Reward: -6.200, Length: 40, Loss: 0.0848, Epsilon: 0.415
2026-03-17 05:34:44 | INFO | Episode   66 - Reward: -5.900, Length: 40, Loss: 0.1198, Epsilon: 0.406
2026-03-17 05:34:45 | INFO | Episode   67 - Reward: -3.350, Length: 40, Loss: 0.0432, Epsilon: 0.397
2026-03-17 05:34:46 | INFO | Episode   68 - Reward: -2.450, Length: 40, Loss: 0.0473, Epsilon: 0.388
2026-03-17 05:34:47 | INFO | Episode   69 - Reward: -2.000, Length: 40, Loss: 0.0376, Epsilon: 0.379
2026-03-17 05:34:47 | INFO | Episode   70 - Reward: -3.200, Length: 40, Loss: 0.0727, Epsilon: 0.370
2026-03-17 05:34:48 | INFO | Episode   71 - Reward: -2.750, Length: 40, Loss: 0.0808, Epsilon: 0.361
2026-03-17 05:34:50 | INFO | Episode   72 - Reward: -6.800, Length: 40, Loss: 0.0632, Epsilon: 0.352
2026-03-17 05:34:51 | INFO | Episode   73 - Reward: -2.450, Length: 40, Loss: 0.0148, Epsilon: 0.343
2026-03-17 05:34:52 | INFO | Episode   74 - Reward: -2.900, Length: 40, Loss: 0.0174, Epsilon: 0.334
2026-03-17 05:34:53 | INFO | Episode   75 - Reward: -3.500, Length: 40, Loss: 0.0189, Epsilon: 0.325
2026-03-17 05:34:54 | INFO | Episode   76 - Reward: -2.750, Length: 40, Loss: 0.0469, Epsilon: 0.316
2026-03-17 05:34:55 | INFO | Episode   77 - Reward: -5.900, Length: 40, Loss: 1.0080, Epsilon: 0.307
2026-03-17 05:34:56 | INFO | Episode   78 - Reward: -5.900, Length: 40, Loss: 0.9135, Epsilon: 0.298
2026-03-17 05:34:57 | INFO | Episode   79 - Reward: -6.800, Length: 40, Loss: 0.0386, Epsilon: 0.289
2026-03-17 05:34:58 | INFO | Episode   80 - Reward: -4.100, Length: 40, Loss: 0.0332, Epsilon: 0.280
2026-03-17 05:34:59 | INFO | Episode   81 - Reward: -7.550, Length: 40, Loss: 0.0236, Epsilon: 0.271
2026-03-17 05:35:00 | INFO | Episode   82 - Reward: 8.850, Length: 15, Loss: 0.0269, Epsilon: 0.262
2026-03-17 05:35:02 | INFO | Episode   83 - Reward: -7.850, Length: 40, Loss: 0.0481, Epsilon: 0.253
2026-03-17 05:35:03 | INFO | Episode   84 - Reward: 8.350, Length: 16, Loss: 0.0584, Epsilon: 0.244
2026-03-17 05:35:04 | INFO | Episode   85 - Reward: 4.400, Length: 29, Loss: 0.0152, Epsilon: 0.235
2026-03-17 05:35:05 | INFO | Episode   86 - Reward: -7.850, Length: 40, Loss: 0.8699, Epsilon: 0.226
2026-03-17 05:35:06 | INFO | Episode   87 - Reward: 6.250, Length: 31, Loss: 0.7983, Epsilon: 0.217
2026-03-17 05:35:07 | INFO | Episode   88 - Reward: 8.850, Length: 12, Loss: 0.0676, Epsilon: 0.208
2026-03-17 05:35:08 | INFO | Episode   89 - Reward: 9.650, Length: 8, Loss: 0.0660, Epsilon: 0.199
2026-03-17 05:35:09 | INFO | Episode   90 - Reward: -7.400, Length: 40, Loss: 0.0434, Epsilon: 0.190
2026-03-17 05:35:10 | INFO | Episode   91 - Reward: 9.650, Length: 8, Loss: 0.0307, Epsilon: 0.181
2026-03-17 05:35:11 | INFO | Episode   92 - Reward: 9.650, Length: 8, Loss: 0.0195, Epsilon: 0.172
2026-03-17 05:35:12 | INFO | Episode   93 - Reward: 9.450, Length: 9, Loss: 0.0293, Epsilon: 0.163
2026-03-17 05:35:12 | INFO | Episode   94 - Reward: 9.550, Length: 10, Loss: 0.0267, Epsilon: 0.154
2026-03-17 05:35:13 | INFO | Episode   95 - Reward: 9.650, Length: 8, Loss: 0.0626, Epsilon: 0.145
2026-03-17 05:35:14 | INFO | Episode   96 - Reward: 9.650, Length: 8, Loss: 0.0406, Epsilon: 0.136
2026-03-17 05:35:15 | INFO | Episode   97 - Reward: 9.450, Length: 9, Loss: 0.8250, Epsilon: 0.127
2026-03-17 05:35:16 | INFO | Episode   98 - Reward: -7.100, Length: 40, Loss: 1.4461, Epsilon: 0.118
2026-03-17 05:35:17 | INFO | Episode   99 - Reward: 9.650, Length: 8, Loss: 0.7151, Epsilon: 0.109
2026-03-17 05:35:18 | INFO | Episode  100 - Reward: 9.650, Length: 8, Loss: 1.2014, Epsilon: 0.100
2026-03-17 05:35:19 | INFO | [Episode  100] eps=0.100  avg_reward=  -0.506  avg_length= 31.30  avg_loss=  0.1924  eval_success=1.000
2026-03-17 05:35:20 | INFO | Episode  101 - Reward: 9.650, Length: 8, Loss: 1.1496, Epsilon: 0.100
2026-03-17 05:35:21 | INFO | Episode  102 - Reward: 9.450, Length: 9, Loss: 0.1942, Epsilon: 0.100
2026-03-17 05:35:22 | INFO | Episode  103 - Reward: 9.650, Length: 8, Loss: 0.0614, Epsilon: 0.100
2026-03-17 05:35:23 | INFO | Episode  104 - Reward: 9.650, Length: 8, Loss: 0.0654, Epsilon: 0.100
2026-03-17 05:35:24 | INFO | Episode  105 - Reward: 9.650, Length: 8, Loss: 1.3931, Epsilon: 0.100
2026-03-17 05:35:25 | INFO | Episode  106 - Reward: -15.200, Length: 40, Loss: 0.7779, Epsilon: 0.100
2026-03-17 05:35:25 | INFO | Episode  107 - Reward: 9.650, Length: 8, Loss: 0.1010, Epsilon: 0.100
2026-03-17 05:35:26 | INFO | Episode  108 - Reward: 9.650, Length: 8, Loss: 0.0791, Epsilon: 0.100
2026-03-17 05:35:27 | INFO | Episode  109 - Reward: 9.650, Length: 8, Loss: 1.4375, Epsilon: 0.100
2026-03-17 05:35:28 | INFO | Episode  110 - Reward: 1.350, Length: 33, Loss: 0.4948, Epsilon: 0.100
2026-03-17 05:35:29 | INFO | Episode  111 - Reward: 9.650, Length: 8, Loss: 0.8397, Epsilon: 0.100
2026-03-17 05:35:30 | INFO | Episode  112 - Reward: 9.650, Length: 8, Loss: 0.3033, Epsilon: 0.100
2026-03-17 05:35:31 | INFO | Episode  113 - Reward: -7.250, Length: 40, Loss: 0.8708, Epsilon: 0.100
2026-03-17 05:35:31 | INFO | Episode  114 - Reward: 9.650, Length: 8, Loss: 0.8239, Epsilon: 0.100
2026-03-17 05:35:32 | INFO | Episode  115 - Reward: 9.650, Length: 8, Loss: 0.7826, Epsilon: 0.100
2026-03-17 05:35:33 | INFO | Episode  116 - Reward: 9.550, Length: 10, Loss: 1.1395, Epsilon: 0.100
2026-03-17 05:35:34 | INFO | Episode  117 - Reward: 4.550, Length: 35, Loss: 0.0803, Epsilon: 0.100
2026-03-17 05:35:35 | INFO | Episode  118 - Reward: 9.650, Length: 8, Loss: 0.6672, Epsilon: 0.100
2026-03-17 05:35:36 | INFO | Episode  119 - Reward: 9.450, Length: 12, Loss: 0.5159, Epsilon: 0.100
2026-03-17 05:35:36 | INFO | Episode  120 - Reward: 9.650, Length: 8, Loss: 0.6023, Epsilon: 0.100
2026-03-17 05:35:37 | INFO | Episode  121 - Reward: 5.200, Length: 22, Loss: 0.8016, Epsilon: 0.100
2026-03-17 05:35:38 | INFO | Episode  122 - Reward: 9.650, Length: 8, Loss: 1.3914, Epsilon: 0.100
2026-03-17 05:35:39 | INFO | Episode  123 - Reward: 9.650, Length: 8, Loss: 0.7519, Epsilon: 0.100
2026-03-17 05:35:40 | INFO | Episode  124 - Reward: 9.650, Length: 8, Loss: 0.5242, Epsilon: 0.100
2026-03-17 05:35:41 | INFO | Episode  125 - Reward: -7.850, Length: 40, Loss: 0.7250, Epsilon: 0.100
2026-03-17 05:35:42 | INFO | Episode  126 - Reward: -7.400, Length: 40, Loss: 1.4430, Epsilon: 0.100
2026-03-17 05:35:42 | INFO | Episode  127 - Reward: -7.850, Length: 40, Loss: 0.8875, Epsilon: 0.100
2026-03-17 05:35:43 | INFO | Episode  128 - Reward: -8.000, Length: 40, Loss: 6.2197, Epsilon: 0.100
2026-03-17 05:35:44 | INFO | Episode  129 - Reward: 5.050, Length: 31, Loss: 1.3346, Epsilon: 0.100
2026-03-17 05:35:45 | INFO | Episode  130 - Reward: 3.750, Length: 39, Loss: 1.1113, Epsilon: 0.100
2026-03-17 05:35:46 | INFO | Episode  131 - Reward: 9.250, Length: 10, Loss: 4.8672, Epsilon: 0.100
2026-03-17 05:35:47 | INFO | Episode  132 - Reward: 9.550, Length: 10, Loss: 1.3768, Epsilon: 0.100
2026-03-17 05:35:48 | INFO | Episode  133 - Reward: 9.450, Length: 9, Loss: 0.8722, Epsilon: 0.100
2026-03-17 05:35:49 | INFO | Episode  134 - Reward: 9.350, Length: 11, Loss: 0.4516, Epsilon: 0.100
2026-03-17 05:35:50 | INFO | Episode  135 - Reward: 3.300, Length: 33, Loss: 1.5646, Epsilon: 0.100
2026-03-17 05:35:50 | INFO | Episode  136 - Reward: 9.450, Length: 12, Loss: 0.5892, Epsilon: 0.100
2026-03-17 05:35:50 | INFO | Episode  137 - Reward: -6.500, Length: 40, Loss: 3.4310, Epsilon: 0.100
2026-03-17 05:35:51 | INFO | Episode  138 - Reward: 9.650, Length: 8, Loss: 1.3470, Epsilon: 0.100
2026-03-17 05:35:52 | INFO | Episode  139 - Reward: 9.650, Length: 8, Loss: 3.1131, Epsilon: 0.100
2026-03-17 05:35:53 | INFO | Episode  140 - Reward: 8.950, Length: 13, Loss: 1.5022, Epsilon: 0.100
2026-03-17 05:35:54 | INFO | Episode  141 - Reward: 9.650, Length: 8, Loss: 1.2034, Epsilon: 0.100
2026-03-17 05:35:55 | INFO | Episode  142 - Reward: -7.400, Length: 40, Loss: 1.4590, Epsilon: 0.100
2026-03-17 05:35:56 | INFO | Episode  143 - Reward: 9.650, Length: 8, Loss: 2.0703, Epsilon: 0.100
2026-03-17 05:35:56 | INFO | Episode  144 - Reward: 9.650, Length: 8, Loss: 3.4207, Epsilon: 0.100
2026-03-17 05:35:57 | INFO | Episode  145 - Reward: -6.950, Length: 40, Loss: 3.7973, Epsilon: 0.100
2026-03-17 05:35:58 | INFO | Episode  146 - Reward: 9.650, Length: 8, Loss: 2.3719, Epsilon: 0.100
2026-03-17 05:35:59 | INFO | Episode  147 - Reward: 9.650, Length: 8, Loss: 1.2730, Epsilon: 0.100
2026-03-17 05:36:00 | INFO | Episode  148 - Reward: 9.650, Length: 8, Loss: 2.1542, Epsilon: 0.100
2026-03-17 05:36:01 | INFO | Episode  149 - Reward: -7.250, Length: 40, Loss: 3.6051, Epsilon: 0.100
2026-03-17 05:36:02 | INFO | Episode  150 - Reward: -7.100, Length: 40, Loss: 3.0555, Epsilon: 0.100
2026-03-17 05:36:16 | INFO | [Episode  150] eps=0.100  avg_reward=   5.010  avg_length= 18.42  avg_loss=  1.4219  eval_success=0.000
2026-03-17 05:36:17 | INFO | Episode  151 - Reward: -2.150, Length: 40, Loss: 1.8493, Epsilon: 0.100
2026-03-17 05:36:18 | INFO | Episode  152 - Reward: -7.100, Length: 40, Loss: 1.4803, Epsilon: 0.100
2026-03-17 05:36:19 | INFO | Episode  153 - Reward: -5.750, Length: 40, Loss: 3.7256, Epsilon: 0.100
2026-03-17 05:36:20 | INFO | Episode  154 - Reward: -2.300, Length: 40, Loss: 3.3998, Epsilon: 0.100
2026-03-17 05:36:21 | INFO | Episode  155 - Reward: -7.100, Length: 40, Loss: 1.4367, Epsilon: 0.100
2026-03-17 05:36:22 | INFO | Episode  156 - Reward: -8.000, Length: 40, Loss: 1.4572, Epsilon: 0.100
2026-03-17 05:36:23 | INFO | Episode  157 - Reward: -6.950, Length: 40, Loss: 2.6846, Epsilon: 0.100
2026-03-17 05:36:24 | INFO | Episode  158 - Reward: 5.050, Length: 31, Loss: 2.4494, Epsilon: 0.100
2026-03-17 05:36:25 | INFO | Episode  159 - Reward: -6.950, Length: 40, Loss: 2.1766, Epsilon: 0.100
2026-03-17 05:36:26 | INFO | Episode  160 - Reward: -4.550, Length: 40, Loss: 3.1499, Epsilon: 0.100
2026-03-17 05:36:27 | INFO | Episode  161 - Reward: -6.950, Length: 40, Loss: 3.3495, Epsilon: 0.100
2026-03-17 05:36:28 | INFO | Episode  162 - Reward: -7.250, Length: 40, Loss: 3.7023, Epsilon: 0.100
2026-03-17 05:36:29 | INFO | Episode  163 - Reward: -4.850, Length: 40, Loss: 2.2206, Epsilon: 0.100
2026-03-17 05:36:30 | INFO | Episode  164 - Reward: 9.650, Length: 8, Loss: 0.9945, Epsilon: 0.100
2026-03-17 05:36:32 | INFO | Episode  165 - Reward: 5.750, Length: 29, Loss: 2.6255, Epsilon: 0.100
2026-03-17 05:36:33 | INFO | Episode  166 - Reward: -6.950, Length: 40, Loss: 4.3371, Epsilon: 0.100
2026-03-17 05:36:34 | INFO | Episode  167 - Reward: -6.950, Length: 40, Loss: 0.6030, Epsilon: 0.100
2026-03-17 05:36:35 | INFO | Episode  168 - Reward: -6.950, Length: 40, Loss: 2.7517, Epsilon: 0.100
2026-03-17 05:36:36 | INFO | Episode  169 - Reward: -7.850, Length: 40, Loss: 1.3149, Epsilon: 0.100
2026-03-17 05:36:37 | INFO | Episode  170 - Reward: -6.950, Length: 40, Loss: 1.6317, Epsilon: 0.100
2026-03-17 05:36:38 | INFO | Episode  171 - Reward: -2.450, Length: 40, Loss: 1.9591, Epsilon: 0.100
2026-03-17 05:36:39 | INFO | Episode  172 - Reward: -6.650, Length: 40, Loss: 1.6251, Epsilon: 0.100
2026-03-17 05:36:41 | INFO | Episode  173 - Reward: 8.250, Length: 15, Loss: 0.6495, Epsilon: 0.100
2026-03-17 05:36:42 | INFO | Episode  174 - Reward: -6.500, Length: 40, Loss: 5.2104, Epsilon: 0.100
2026-03-17 05:36:43 | INFO | Episode  175 - Reward: -7.250, Length: 40, Loss: 1.7101, Epsilon: 0.100
2026-03-17 05:36:44 | INFO | Episode  176 - Reward: -6.500, Length: 40, Loss: 1.5672, Epsilon: 0.100
2026-03-17 05:36:45 | INFO | Episode  177 - Reward: -7.550, Length: 40, Loss: 1.8238, Epsilon: 0.100
2026-03-17 05:36:46 | INFO | Episode  178 - Reward: -7.250, Length: 40, Loss: 3.1592, Epsilon: 0.100
2026-03-17 05:36:47 | INFO | Episode  179 - Reward: -7.250, Length: 40, Loss: 5.0182, Epsilon: 0.100
2026-03-17 05:36:48 | INFO | Episode  180 - Reward: -2.450, Length: 40, Loss: 3.2532, Epsilon: 0.100
2026-03-17 05:36:49 | INFO | Episode  181 - Reward: -4.250, Length: 40, Loss: 1.8995, Epsilon: 0.100
2026-03-17 05:36:50 | INFO | Episode  182 - Reward: -2.150, Length: 40, Loss: 2.6872, Epsilon: 0.100
2026-03-17 05:36:51 | INFO | Episode  183 - Reward: -2.300, Length: 40, Loss: 1.0514, Epsilon: 0.100
2026-03-17 05:36:53 | INFO | Episode  184 - Reward: -7.550, Length: 40, Loss: 0.0593, Epsilon: 0.100
2026-03-17 05:36:53 | INFO | Episode  185 - Reward: -2.300, Length: 40, Loss: 2.9887, Epsilon: 0.100
2026-03-17 05:36:54 | INFO | Episode  186 - Reward: -6.350, Length: 40, Loss: 1.6538, Epsilon: 0.100
2026-03-17 05:36:55 | INFO | Episode  187 - Reward: -7.250, Length: 40, Loss: 1.0447, Epsilon: 0.100
2026-03-17 05:36:56 | INFO | Episode  188 - Reward: -2.300, Length: 40, Loss: 0.8302, Epsilon: 0.100
2026-03-17 05:36:57 | INFO | Episode  189 - Reward: -2.150, Length: 40, Loss: 0.9165, Epsilon: 0.100
2026-03-17 05:36:58 | INFO | Episode  190 - Reward: -2.300, Length: 40, Loss: 1.8644, Epsilon: 0.100
2026-03-17 05:36:59 | INFO | Episode  191 - Reward: -2.150, Length: 40, Loss: 1.5042, Epsilon: 0.100
2026-03-17 05:37:01 | INFO | Episode  192 - Reward: -2.300, Length: 40, Loss: 4.9572, Epsilon: 0.100
2026-03-17 05:37:02 | INFO | Episode  193 - Reward: 9.650, Length: 8, Loss: 0.9570, Epsilon: 0.100
2026-03-17 05:37:03 | INFO | Episode  194 - Reward: -7.400, Length: 40, Loss: 3.1393, Epsilon: 0.100
2026-03-17 05:37:04 | INFO | Episode  195 - Reward: -7.250, Length: 40, Loss: 2.1243, Epsilon: 0.100
2026-03-17 05:37:05 | INFO | Episode  196 - Reward: -6.650, Length: 40, Loss: 3.6724, Epsilon: 0.100
2026-03-17 05:37:06 | INFO | Episode  197 - Reward: -6.950, Length: 40, Loss: 1.9009, Epsilon: 0.100
2026-03-17 05:37:07 | INFO | Episode  198 - Reward: -2.450, Length: 40, Loss: 2.2296, Epsilon: 0.100
2026-03-17 05:37:08 | INFO | Episode  199 - Reward: -7.100, Length: 40, Loss: 2.9386, Epsilon: 0.100
2026-03-17 05:37:10 | INFO | Episode  200 - Reward: -6.800, Length: 40, Loss: 0.2619, Epsilon: 0.100
2026-03-17 05:37:24 | INFO | [Episode  200] eps=0.100  avg_reward=  -4.180  avg_length= 37.82  avg_loss=  2.2399  eval_success=0.000
2026-03-17 05:37:26 | INFO | Episode  201 - Reward: -7.850, Length: 40, Loss: 0.7433, Epsilon: 0.100
2026-03-17 05:37:27 | INFO | Episode  202 - Reward: -7.850, Length: 40, Loss: 2.1985, Epsilon: 0.100
2026-03-17 05:37:28 | INFO | Episode  203 - Reward: -7.100, Length: 40, Loss: 2.9180, Epsilon: 0.100
2026-03-17 05:37:29 | INFO | Episode  204 - Reward: -7.700, Length: 40, Loss: 0.6248, Epsilon: 0.100
2026-03-17 05:37:30 | INFO | Episode  205 - Reward: -2.150, Length: 40, Loss: 0.7723, Epsilon: 0.100
2026-03-17 05:37:31 | INFO | Episode  206 - Reward: 9.150, Length: 18, Loss: 4.2985, Epsilon: 0.100
2026-03-17 05:37:32 | INFO | Episode  207 - Reward: -7.100, Length: 40, Loss: 0.2120, Epsilon: 0.100
2026-03-17 05:37:33 | INFO | Episode  208 - Reward: 9.450, Length: 9, Loss: 1.2998, Epsilon: 0.100
2026-03-17 05:37:35 | INFO | Episode  209 - Reward: -7.850, Length: 40, Loss: 3.2814, Epsilon: 0.100
2026-03-17 05:37:36 | INFO | Episode  210 - Reward: -7.100, Length: 40, Loss: 2.3810, Epsilon: 0.100
2026-03-17 05:37:37 | INFO | Episode  211 - Reward: -2.300, Length: 40, Loss: 3.7813, Epsilon: 0.100
2026-03-17 05:37:38 | INFO | Episode  212 - Reward: -8.000, Length: 40, Loss: 3.1119, Epsilon: 0.100
2026-03-17 05:37:39 | INFO | Episode  213 - Reward: -7.550, Length: 40, Loss: 0.2982, Epsilon: 0.100
2026-03-17 05:37:40 | INFO | Episode  214 - Reward: -2.300, Length: 40, Loss: 4.2718, Epsilon: 0.100
2026-03-17 05:37:41 | INFO | Episode  215 - Reward: -2.900, Length: 40, Loss: 1.2309, Epsilon: 0.100
2026-03-17 05:37:42 | INFO | Episode  216 - Reward: -4.550, Length: 40, Loss: 1.7421, Epsilon: 0.100
2026-03-17 05:37:43 | INFO | Episode  217 - Reward: -6.800, Length: 40, Loss: 4.0568, Epsilon: 0.100
2026-03-17 05:37:44 | INFO | Episode  218 - Reward: -6.500, Length: 40, Loss: 4.7485, Epsilon: 0.100
2026-03-17 05:37:45 | INFO | Episode  219 - Reward: -8.000, Length: 40, Loss: 4.1203, Epsilon: 0.100
2026-03-17 05:37:47 | INFO | Episode  220 - Reward: -7.100, Length: 40, Loss: 3.5185, Epsilon: 0.100
2026-03-17 05:37:48 | INFO | Episode  221 - Reward: -7.850, Length: 40, Loss: 0.8341, Epsilon: 0.100
2026-03-17 05:37:49 | INFO | Episode  222 - Reward: -7.400, Length: 40, Loss: 3.2512, Epsilon: 0.100
2026-03-17 05:37:50 | INFO | Episode  223 - Reward: -7.850, Length: 40, Loss: 3.1386, Epsilon: 0.100
2026-03-17 05:37:51 | INFO | Episode  224 - Reward: 6.050, Length: 26, Loss: 5.6016, Epsilon: 0.100
2026-03-17 05:37:52 | INFO | Episode  225 - Reward: -7.700, Length: 40, Loss: 2.4911, Epsilon: 0.100
2026-03-17 05:37:53 | INFO | Episode  226 - Reward: -7.400, Length: 40, Loss: 0.8364, Epsilon: 0.100
2026-03-17 05:37:54 | INFO | Episode  227 - Reward: -7.550, Length: 40, Loss: 0.7490, Epsilon: 0.100
2026-03-17 05:37:55 | INFO | Episode  228 - Reward: -7.700, Length: 40, Loss: 3.7017, Epsilon: 0.100
2026-03-17 05:37:56 | INFO | Episode  229 - Reward: -7.400, Length: 40, Loss: 2.1115, Epsilon: 0.100
2026-03-17 05:37:57 | INFO | Episode  230 - Reward: 8.450, Length: 17, Loss: 1.4724, Epsilon: 0.100
2026-03-17 05:37:58 | INFO | Episode  231 - Reward: -7.100, Length: 40, Loss: 1.7598, Epsilon: 0.100
2026-03-17 05:37:59 | INFO | Episode  232 - Reward: -7.400, Length: 40, Loss: 2.4385, Epsilon: 0.100
2026-03-17 05:38:00 | INFO | Episode  233 - Reward: -2.150, Length: 40, Loss: 1.4574, Epsilon: 0.100
2026-03-17 05:38:01 | INFO | Episode  234 - Reward: -2.300, Length: 40, Loss: 3.6415, Epsilon: 0.100
2026-03-17 05:38:02 | INFO | Episode  235 - Reward: -6.800, Length: 40, Loss: 3.6182, Epsilon: 0.100
2026-03-17 05:38:04 | INFO | Episode  236 - Reward: -7.250, Length: 40, Loss: 1.5733, Epsilon: 0.100
2026-03-17 05:38:05 | INFO | Episode  237 - Reward: -2.150, Length: 40, Loss: 1.4247, Epsilon: 0.100
2026-03-17 05:38:06 | INFO | Episode  238 - Reward: -7.400, Length: 40, Loss: 2.4932, Epsilon: 0.100
2026-03-17 05:38:07 | INFO | Episode  239 - Reward: -7.850, Length: 40, Loss: 0.0764, Epsilon: 0.100
2026-03-17 05:38:08 | INFO | Episode  240 - Reward: -7.550, Length: 40, Loss: 1.9243, Epsilon: 0.100
2026-03-17 05:38:09 | INFO | Episode  241 - Reward: 7.550, Length: 20, Loss: 1.4662, Epsilon: 0.100
2026-03-17 05:38:10 | INFO | Episode  242 - Reward: -2.750, Length: 40, Loss: 1.9630, Epsilon: 0.100
2026-03-17 05:38:11 | INFO | Episode  243 - Reward: -6.200, Length: 40, Loss: 4.1708, Epsilon: 0.100
2026-03-17 05:38:12 | INFO | Episode  244 - Reward: -7.700, Length: 40, Loss: 1.3016, Epsilon: 0.100
2026-03-17 05:38:13 | INFO | Episode  245 - Reward: -2.450, Length: 40, Loss: 2.7355, Epsilon: 0.100
2026-03-17 05:38:14 | INFO | Episode  246 - Reward: -7.400, Length: 40, Loss: 2.1598, Epsilon: 0.100
2026-03-17 05:38:16 | INFO | Episode  247 - Reward: -2.300, Length: 40, Loss: 2.1848, Epsilon: 0.100
2026-03-17 05:38:17 | INFO | Episode  248 - Reward: -2.150, Length: 40, Loss: 1.5332, Epsilon: 0.100
2026-03-17 05:38:17 | INFO | Episode  249 - Reward: -2.000, Length: 40, Loss: 4.4610, Epsilon: 0.100
2026-03-17 05:38:18 | INFO | Episode  250 - Reward: -7.400, Length: 40, Loss: 0.9307, Epsilon: 0.100
2026-03-17 05:38:30 | INFO | [Episode  250] eps=0.100  avg_reward=  -4.584  avg_length= 37.80  avg_loss=  2.3422  eval_success=0.000
