2026-03-17 05:16:23 | INFO | ============================================================
2026-03-17 05:16:23 | INFO | DEVICE / COMPUTE INFORMATION
2026-03-17 05:16:23 | INFO |   JAX backend       : GPU
2026-03-17 05:16:23 | INFO |   Platform          : gpu
2026-03-17 05:16:23 | INFO |   Num devices       : 1
2026-03-17 05:16:23 | INFO |   Device            : cuda:0
2026-03-17 05:16:23 | INFO |   GPU name          : NVIDIA GeForce RTX 5060 Laptop GPU
2026-03-17 05:16:23 | INFO | ============================================================
2026-03-17 05:16:23 | INFO | ✓ JAX GPU backend confirmed.
2026-03-17 05:16:24 | INFO | DQN seed=5_gamma=0.9_lr=0.1
2026-03-17 05:16:26 | INFO | Episode    1 - Reward: -5.300, Length: 40, Loss: 0.0000, Epsilon: 0.991
2026-03-17 05:16:27 | INFO | Episode    2 - Reward: -5.150, Length: 40, Loss: 0.0000, Epsilon: 0.982
2026-03-17 05:16:31 | INFO | Episode    3 - Reward: -5.300, Length: 40, Loss: 0.0153, Epsilon: 0.973
2026-03-17 05:16:32 | INFO | Episode    4 - Reward: -3.800, Length: 40, Loss: 0.0109, Epsilon: 0.964
2026-03-17 05:16:33 | INFO | Episode    5 - Reward: -4.700, Length: 40, Loss: 0.0087, Epsilon: 0.955
2026-03-17 05:16:34 | INFO | Episode    6 - Reward: -5.900, Length: 40, Loss: 0.0096, Epsilon: 0.946
2026-03-17 05:16:36 | INFO | Episode    7 - Reward: -5.450, Length: 40, Loss: 0.0060, Epsilon: 0.937
2026-03-17 05:16:37 | INFO | Episode    8 - Reward: -3.500, Length: 40, Loss: 0.0057, Epsilon: 0.928
2026-03-17 05:16:38 | INFO | Episode    9 - Reward: -8.150, Length: 40, Loss: 0.0085, Epsilon: 0.919
2026-03-17 05:16:39 | INFO | Episode   10 - Reward: -6.050, Length: 40, Loss: 0.0925, Epsilon: 0.910
2026-03-17 05:16:40 | INFO | Episode   11 - Reward: -5.000, Length: 40, Loss: 0.0081, Epsilon: 0.901
2026-03-17 05:16:41 | INFO | Episode   12 - Reward: 2.050, Length: 40, Loss: 0.0066, Epsilon: 0.892
2026-03-17 05:16:42 | INFO | Episode   13 - Reward: -3.650, Length: 40, Loss: 0.9691, Epsilon: 0.883
2026-03-17 05:16:43 | INFO | Episode   14 - Reward: -4.100, Length: 40, Loss: 0.0364, Epsilon: 0.874
2026-03-17 05:16:44 | INFO | Episode   15 - Reward: 5.950, Length: 37, Loss: 0.0149, Epsilon: 0.865
2026-03-17 05:16:46 | INFO | Episode   16 - Reward: -4.850, Length: 40, Loss: 0.0413, Epsilon: 0.856
2026-03-17 05:16:47 | INFO | Episode   17 - Reward: 7.050, Length: 39, Loss: 0.0582, Epsilon: 0.847
2026-03-17 05:16:48 | INFO | Episode   18 - Reward: -5.450, Length: 40, Loss: 0.8141, Epsilon: 0.838
2026-03-17 05:16:49 | INFO | Episode   19 - Reward: 3.700, Length: 34, Loss: 1.3494, Epsilon: 0.829
2026-03-17 05:16:50 | INFO | Episode   20 - Reward: 0.400, Length: 34, Loss: 0.0681, Epsilon: 0.820
2026-03-17 05:16:51 | INFO | Episode   21 - Reward: -5.750, Length: 40, Loss: 0.6436, Epsilon: 0.811
2026-03-17 05:16:52 | INFO | Episode   22 - Reward: 1.400, Length: 29, Loss: 0.1633, Epsilon: 0.802
2026-03-17 05:16:53 | INFO | Episode   23 - Reward: 6.300, Length: 21, Loss: 0.1421, Epsilon: 0.793
2026-03-17 05:16:54 | INFO | Episode   24 - Reward: 8.250, Length: 24, Loss: 0.1289, Epsilon: 0.784
2026-03-17 05:16:55 | INFO | Episode   25 - Reward: -5.750, Length: 40, Loss: 0.0761, Epsilon: 0.775
2026-03-17 05:16:57 | INFO | Episode   26 - Reward: -9.800, Length: 40, Loss: 0.1740, Epsilon: 0.766
2026-03-17 05:16:58 | INFO | Episode   27 - Reward: 6.650, Length: 38, Loss: 0.0894, Epsilon: 0.757
2026-03-17 05:16:58 | INFO | Episode   28 - Reward: 5.800, Length: 19, Loss: 0.6302, Epsilon: 0.748
2026-03-17 05:16:59 | INFO | Episode   29 - Reward: -4.850, Length: 40, Loss: 1.1599, Epsilon: 0.739
2026-03-17 05:17:00 | INFO | Episode   30 - Reward: 1.950, Length: 39, Loss: 1.4792, Epsilon: 0.730
2026-03-17 05:17:02 | INFO | Episode   31 - Reward: -5.300, Length: 40, Loss: 0.1008, Epsilon: 0.721
2026-03-17 05:17:03 | INFO | Episode   32 - Reward: -3.950, Length: 40, Loss: 0.6564, Epsilon: 0.712
2026-03-17 05:17:04 | INFO | Episode   33 - Reward: -4.850, Length: 40, Loss: 0.1064, Epsilon: 0.703
2026-03-17 05:17:05 | INFO | Episode   34 - Reward: -4.850, Length: 40, Loss: 0.0761, Epsilon: 0.694
2026-03-17 05:17:06 | INFO | Episode   35 - Reward: -5.150, Length: 40, Loss: 1.7121, Epsilon: 0.685
2026-03-17 05:17:07 | INFO | Episode   36 - Reward: 4.150, Length: 25, Loss: 1.5780, Epsilon: 0.676
2026-03-17 05:17:08 | INFO | Episode   37 - Reward: -6.050, Length: 40, Loss: 0.3777, Epsilon: 0.667
2026-03-17 05:17:09 | INFO | Episode   38 - Reward: -6.050, Length: 40, Loss: 0.1330, Epsilon: 0.658
2026-03-17 05:17:10 | INFO | Episode   39 - Reward: -4.400, Length: 40, Loss: 1.1570, Epsilon: 0.649
2026-03-17 05:17:11 | INFO | Episode   40 - Reward: 7.400, Length: 11, Loss: 1.1310, Epsilon: 0.640
2026-03-17 05:17:12 | INFO | Episode   41 - Reward: 4.450, Length: 19, Loss: 0.2600, Epsilon: 0.631
2026-03-17 05:17:14 | INFO | Episode   42 - Reward: -3.950, Length: 40, Loss: 0.7076, Epsilon: 0.622
2026-03-17 05:17:15 | INFO | Episode   43 - Reward: 9.350, Length: 14, Loss: 1.0487, Epsilon: 0.613
2026-03-17 05:17:16 | INFO | Episode   44 - Reward: 4.650, Length: 21, Loss: 0.1832, Epsilon: 0.604
2026-03-17 05:17:17 | INFO | Episode   45 - Reward: -7.100, Length: 40, Loss: 0.8751, Epsilon: 0.595
2026-03-17 05:17:18 | INFO | Episode   46 - Reward: -3.950, Length: 40, Loss: 0.8690, Epsilon: 0.586
2026-03-17 05:17:19 | INFO | Episode   47 - Reward: 7.000, Length: 16, Loss: 0.6315, Epsilon: 0.577
2026-03-17 05:17:20 | INFO | Episode   48 - Reward: -5.150, Length: 40, Loss: 2.5613, Epsilon: 0.568
2026-03-17 05:17:21 | INFO | Episode   49 - Reward: 8.350, Length: 16, Loss: 0.7802, Epsilon: 0.559
2026-03-17 05:17:22 | INFO | Episode   50 - Reward: 8.650, Length: 19, Loss: 0.5863, Epsilon: 0.550
2026-03-17 05:17:34 | INFO | [Episode   50] eps=0.550  avg_reward=  -1.195  avg_length= 34.70  avg_loss=  0.4748  eval_success=0.000
2026-03-17 05:17:35 | INFO | Episode   51 - Reward: -6.200, Length: 40, Loss: 0.6341, Epsilon: 0.541
2026-03-17 05:17:36 | INFO | Episode   52 - Reward: -4.400, Length: 40, Loss: 0.2945, Epsilon: 0.532
2026-03-17 05:17:37 | INFO | Episode   53 - Reward: -6.350, Length: 40, Loss: 0.4211, Epsilon: 0.523
2026-03-17 05:17:38 | INFO | Episode   54 - Reward: -6.050, Length: 40, Loss: 0.5990, Epsilon: 0.514
2026-03-17 05:17:38 | INFO | Episode   55 - Reward: -7.100, Length: 40, Loss: 0.5299, Epsilon: 0.505
2026-03-17 05:17:39 | INFO | Episode   56 - Reward: 9.450, Length: 12, Loss: 0.6158, Epsilon: 0.496
2026-03-17 05:17:40 | INFO | Episode   57 - Reward: -5.750, Length: 40, Loss: 0.7983, Epsilon: 0.487
2026-03-17 05:17:41 | INFO | Episode   58 - Reward: 5.050, Length: 16, Loss: 1.0044, Epsilon: 0.478
2026-03-17 05:17:42 | INFO | Episode   59 - Reward: 9.050, Length: 14, Loss: 1.0133, Epsilon: 0.469
2026-03-17 05:17:43 | INFO | Episode   60 - Reward: -6.200, Length: 40, Loss: 0.3185, Epsilon: 0.460
2026-03-17 05:17:44 | INFO | Episode   61 - Reward: 3.450, Length: 24, Loss: 1.0437, Epsilon: 0.451
2026-03-17 05:17:45 | INFO | Episode   62 - Reward: -10.850, Length: 40, Loss: 0.3870, Epsilon: 0.442
2026-03-17 05:17:45 | INFO | Episode   63 - Reward: -6.800, Length: 40, Loss: 0.5874, Epsilon: 0.433
2026-03-17 05:17:46 | INFO | Episode   64 - Reward: 3.550, Length: 28, Loss: 0.8661, Epsilon: 0.424
2026-03-17 05:17:47 | INFO | Episode   65 - Reward: -7.700, Length: 40, Loss: 0.6034, Epsilon: 0.415
2026-03-17 05:17:48 | INFO | Episode   66 - Reward: -1.500, Length: 24, Loss: 0.7138, Epsilon: 0.406
2026-03-17 05:17:49 | INFO | Episode   67 - Reward: 4.600, Length: 31, Loss: 1.1163, Epsilon: 0.397
2026-03-17 05:17:50 | INFO | Episode   68 - Reward: -6.950, Length: 40, Loss: 0.9757, Epsilon: 0.388
2026-03-17 05:17:51 | INFO | Episode   69 - Reward: -6.950, Length: 40, Loss: 0.5783, Epsilon: 0.379
2026-03-17 05:17:51 | INFO | Episode   70 - Reward: 5.700, Length: 24, Loss: 0.4043, Epsilon: 0.370
2026-03-17 05:17:52 | INFO | Episode   71 - Reward: -0.500, Length: 34, Loss: 1.8257, Epsilon: 0.361
2026-03-17 05:17:53 | INFO | Episode   72 - Reward: 3.450, Length: 24, Loss: 0.7861, Epsilon: 0.352
2026-03-17 05:17:54 | INFO | Episode   73 - Reward: -5.600, Length: 40, Loss: 0.5115, Epsilon: 0.343
2026-03-17 05:17:55 | INFO | Episode   74 - Reward: -6.050, Length: 40, Loss: 0.5213, Epsilon: 0.334
2026-03-17 05:17:56 | INFO | Episode   75 - Reward: -6.200, Length: 40, Loss: 0.4247, Epsilon: 0.325
2026-03-17 05:17:57 | INFO | Episode   76 - Reward: 5.100, Length: 27, Loss: 0.8826, Epsilon: 0.316
2026-03-17 05:17:58 | INFO | Episode   77 - Reward: -5.600, Length: 40, Loss: 1.4794, Epsilon: 0.307
2026-03-17 05:17:58 | INFO | Episode   78 - Reward: -5.900, Length: 40, Loss: 0.6486, Epsilon: 0.298
2026-03-17 05:17:59 | INFO | Episode   79 - Reward: -7.400, Length: 40, Loss: 0.3030, Epsilon: 0.289
2026-03-17 05:18:00 | INFO | Episode   80 - Reward: 9.450, Length: 9, Loss: 0.7680, Epsilon: 0.280
2026-03-17 05:18:01 | INFO | Episode   81 - Reward: 6.400, Length: 16, Loss: 0.8878, Epsilon: 0.271
2026-03-17 05:18:01 | INFO | Episode   82 - Reward: 2.500, Length: 37, Loss: 1.0345, Epsilon: 0.262
2026-03-17 05:18:02 | INFO | Episode   83 - Reward: 1.650, Length: 39, Loss: 0.7675, Epsilon: 0.253
2026-03-17 05:18:03 | INFO | Episode   84 - Reward: -6.350, Length: 40, Loss: 1.0962, Epsilon: 0.244
2026-03-17 05:18:04 | INFO | Episode   85 - Reward: -5.750, Length: 40, Loss: 2.5717, Epsilon: 0.235
2026-03-17 05:18:05 | INFO | Episode   86 - Reward: -9.500, Length: 40, Loss: 0.3274, Epsilon: 0.226
2026-03-17 05:18:05 | INFO | Episode   87 - Reward: 9.150, Length: 12, Loss: 0.6207, Epsilon: 0.217
2026-03-17 05:18:06 | INFO | Episode   88 - Reward: 7.650, Length: 18, Loss: 0.4537, Epsilon: 0.208
2026-03-17 05:18:07 | INFO | Episode   89 - Reward: -6.650, Length: 40, Loss: 0.6142, Epsilon: 0.199
2026-03-17 05:18:08 | INFO | Episode   90 - Reward: 7.250, Length: 23, Loss: 0.6128, Epsilon: 0.190
2026-03-17 05:18:09 | INFO | Episode   91 - Reward: 9.650, Length: 8, Loss: 1.0951, Epsilon: 0.181
2026-03-17 05:18:10 | INFO | Episode   92 - Reward: -7.100, Length: 40, Loss: 0.4847, Epsilon: 0.172
2026-03-17 05:18:11 | INFO | Episode   93 - Reward: -7.400, Length: 40, Loss: 1.3039, Epsilon: 0.163
2026-03-17 05:18:11 | INFO | Episode   94 - Reward: -6.650, Length: 40, Loss: 0.5963, Epsilon: 0.154
2026-03-17 05:18:12 | INFO | Episode   95 - Reward: -7.550, Length: 40, Loss: 0.1948, Epsilon: 0.145
2026-03-17 05:18:13 | INFO | Episode   96 - Reward: 9.650, Length: 8, Loss: 0.9995, Epsilon: 0.136
2026-03-17 05:18:14 | INFO | Episode   97 - Reward: -7.250, Length: 40, Loss: 1.0989, Epsilon: 0.127
2026-03-17 05:18:15 | INFO | Episode   98 - Reward: -7.100, Length: 40, Loss: 0.4782, Epsilon: 0.118
2026-03-17 05:18:16 | INFO | Episode   99 - Reward: -7.550, Length: 40, Loss: 0.4812, Epsilon: 0.109
2026-03-17 05:18:17 | INFO | Episode  100 - Reward: 7.700, Length: 8, Loss: 0.4920, Epsilon: 0.100
2026-03-17 05:18:32 | INFO | [Episode  100] eps=0.100  avg_reward=  -1.569  avg_length= 31.92  avg_loss=  0.7573  eval_success=0.000
2026-03-17 05:18:33 | INFO | Episode  101 - Reward: -7.100, Length: 40, Loss: 0.6546, Epsilon: 0.100
2026-03-17 05:18:35 | INFO | Episode  102 - Reward: -8.900, Length: 40, Loss: 0.3388, Epsilon: 0.100
2026-03-17 05:18:36 | INFO | Episode  103 - Reward: 7.700, Length: 8, Loss: 0.6699, Epsilon: 0.100
2026-03-17 05:18:37 | INFO | Episode  104 - Reward: 3.900, Length: 30, Loss: 1.3212, Epsilon: 0.100
2026-03-17 05:18:38 | INFO | Episode  105 - Reward: -6.950, Length: 40, Loss: 1.5123, Epsilon: 0.100
2026-03-17 05:18:39 | INFO | Episode  106 - Reward: 5.550, Length: 12, Loss: 0.5473, Epsilon: 0.100
2026-03-17 05:18:40 | INFO | Episode  107 - Reward: -6.800, Length: 40, Loss: 0.4771, Epsilon: 0.100
2026-03-17 05:18:41 | INFO | Episode  108 - Reward: 9.650, Length: 8, Loss: 0.9599, Epsilon: 0.100
2026-03-17 05:18:42 | INFO | Episode  109 - Reward: 2.700, Length: 33, Loss: 0.5074, Epsilon: 0.100
2026-03-17 05:18:43 | INFO | Episode  110 - Reward: 6.800, Length: 14, Loss: 1.3366, Epsilon: 0.100
2026-03-17 05:18:45 | INFO | Episode  111 - Reward: -7.400, Length: 40, Loss: 1.1755, Epsilon: 0.100
2026-03-17 05:18:46 | INFO | Episode  112 - Reward: 7.700, Length: 8, Loss: 1.3343, Epsilon: 0.100
2026-03-17 05:18:47 | INFO | Episode  113 - Reward: -6.800, Length: 40, Loss: 0.8567, Epsilon: 0.100
2026-03-17 05:18:48 | INFO | Episode  114 - Reward: 9.650, Length: 8, Loss: 0.5359, Epsilon: 0.100
2026-03-17 05:18:49 | INFO | Episode  115 - Reward: -7.100, Length: 40, Loss: 0.5179, Epsilon: 0.100
2026-03-17 05:18:50 | INFO | Episode  116 - Reward: 7.550, Length: 20, Loss: 1.0921, Epsilon: 0.100
2026-03-17 05:18:51 | INFO | Episode  117 - Reward: 7.700, Length: 8, Loss: 1.4560, Epsilon: 0.100
2026-03-17 05:18:52 | INFO | Episode  118 - Reward: -7.700, Length: 40, Loss: 0.3132, Epsilon: 0.100
2026-03-17 05:18:54 | INFO | Episode  119 - Reward: 9.250, Length: 10, Loss: 0.7646, Epsilon: 0.100
2026-03-17 05:18:55 | INFO | Episode  120 - Reward: 9.650, Length: 8, Loss: 0.8388, Epsilon: 0.100
2026-03-17 05:18:56 | INFO | Episode  121 - Reward: 4.800, Length: 24, Loss: 0.9317, Epsilon: 0.100
2026-03-17 05:18:57 | INFO | Episode  122 - Reward: -8.000, Length: 40, Loss: 0.7439, Epsilon: 0.100
2026-03-17 05:18:58 | INFO | Episode  123 - Reward: -7.850, Length: 40, Loss: 0.4911, Epsilon: 0.100
2026-03-17 05:18:59 | INFO | Episode  124 - Reward: 9.650, Length: 8, Loss: 0.9802, Epsilon: 0.100
2026-03-17 05:19:00 | INFO | Episode  125 - Reward: -2.300, Length: 40, Loss: 0.3589, Epsilon: 0.100
2026-03-17 05:19:01 | INFO | Episode  126 - Reward: 7.500, Length: 9, Loss: 0.8539, Epsilon: 0.100
2026-03-17 05:19:02 | INFO | Episode  127 - Reward: -7.700, Length: 40, Loss: 0.8146, Epsilon: 0.100
2026-03-17 05:19:04 | INFO | Episode  128 - Reward: 5.800, Length: 19, Loss: 0.4960, Epsilon: 0.100
2026-03-17 05:19:04 | INFO | Episode  129 - Reward: 3.400, Length: 31, Loss: 1.3416, Epsilon: 0.100
2026-03-17 05:19:05 | INFO | Episode  130 - Reward: -7.250, Length: 40, Loss: 1.6748, Epsilon: 0.100
2026-03-17 05:19:06 | INFO | Episode  131 - Reward: -7.250, Length: 40, Loss: 0.2545, Epsilon: 0.100
2026-03-17 05:19:07 | INFO | Episode  132 - Reward: 7.600, Length: 10, Loss: 0.9011, Epsilon: 0.100
2026-03-17 05:19:08 | INFO | Episode  133 - Reward: -7.400, Length: 40, Loss: 0.5926, Epsilon: 0.100
2026-03-17 05:19:09 | INFO | Episode  134 - Reward: -6.650, Length: 40, Loss: 0.6533, Epsilon: 0.100
2026-03-17 05:19:11 | INFO | Episode  135 - Reward: -7.700, Length: 40, Loss: 1.4910, Epsilon: 0.100
2026-03-17 05:19:12 | INFO | Episode  136 - Reward: -7.700, Length: 40, Loss: 0.4962, Epsilon: 0.100
2026-03-17 05:19:13 | INFO | Episode  137 - Reward: -7.550, Length: 40, Loss: 0.7859, Epsilon: 0.100
2026-03-17 05:19:14 | INFO | Episode  138 - Reward: -7.700, Length: 40, Loss: 1.1306, Epsilon: 0.100
2026-03-17 05:19:15 | INFO | Episode  139 - Reward: 7.700, Length: 8, Loss: 0.7189, Epsilon: 0.100
2026-03-17 05:19:16 | INFO | Episode  140 - Reward: -6.950, Length: 40, Loss: 0.9336, Epsilon: 0.100
2026-03-17 05:19:17 | INFO | Episode  141 - Reward: -6.950, Length: 40, Loss: 1.1036, Epsilon: 0.100
2026-03-17 05:19:18 | INFO | Episode  142 - Reward: -7.550, Length: 40, Loss: 1.0276, Epsilon: 0.100
2026-03-17 05:19:19 | INFO | Episode  143 - Reward: 9.650, Length: 8, Loss: 0.9825, Epsilon: 0.100
2026-03-17 05:19:20 | INFO | Episode  144 - Reward: -7.550, Length: 40, Loss: 1.5475, Epsilon: 0.100
2026-03-17 05:19:22 | INFO | Episode  145 - Reward: -7.700, Length: 40, Loss: 0.2749, Epsilon: 0.100
2026-03-17 05:19:23 | INFO | Episode  146 - Reward: 7.700, Length: 8, Loss: 1.1090, Epsilon: 0.100
2026-03-17 05:19:24 | INFO | Episode  147 - Reward: 9.650, Length: 8, Loss: 0.3264, Epsilon: 0.100
2026-03-17 05:19:25 | INFO | Episode  148 - Reward: 9.650, Length: 8, Loss: 1.4850, Epsilon: 0.100
2026-03-17 05:19:26 | INFO | Episode  149 - Reward: -7.250, Length: 40, Loss: 0.8928, Epsilon: 0.100
2026-03-17 05:19:27 | INFO | Episode  150 - Reward: -7.250, Length: 40, Loss: 0.3420, Epsilon: 0.100
2026-03-17 05:19:31 | INFO | [Episode  150] eps=0.100  avg_reward=  -0.482  avg_length= 27.76  avg_loss=  0.8589  eval_success=1.000
2026-03-17 05:19:32 | INFO | Episode  151 - Reward: 7.700, Length: 8, Loss: 0.9459, Epsilon: 0.100
2026-03-17 05:19:33 | INFO | Episode  152 - Reward: 9.450, Length: 9, Loss: 0.6210, Epsilon: 0.100
2026-03-17 05:19:34 | INFO | Episode  153 - Reward: 7.700, Length: 8, Loss: 0.7991, Epsilon: 0.100
2026-03-17 05:19:35 | INFO | Episode  154 - Reward: -7.700, Length: 40, Loss: 2.0572, Epsilon: 0.100
2026-03-17 05:19:35 | INFO | Episode  155 - Reward: -7.850, Length: 40, Loss: 1.7934, Epsilon: 0.100
2026-03-17 05:19:36 | INFO | Episode  156 - Reward: -7.100, Length: 40, Loss: 0.2762, Epsilon: 0.100
2026-03-17 05:19:37 | INFO | Episode  157 - Reward: -7.100, Length: 40, Loss: 1.8019, Epsilon: 0.100
2026-03-17 05:19:39 | INFO | Episode  158 - Reward: -6.800, Length: 40, Loss: 0.7927, Epsilon: 0.100
2026-03-17 05:19:40 | INFO | Episode  159 - Reward: 7.700, Length: 8, Loss: 0.4546, Epsilon: 0.100
2026-03-17 05:19:41 | INFO | Episode  160 - Reward: 9.650, Length: 8, Loss: 0.3159, Epsilon: 0.100
2026-03-17 05:19:42 | INFO | Episode  161 - Reward: -7.850, Length: 40, Loss: 0.4008, Epsilon: 0.100
2026-03-17 05:19:43 | INFO | Episode  162 - Reward: 9.450, Length: 9, Loss: 0.5738, Epsilon: 0.100
2026-03-17 05:19:44 | INFO | Episode  163 - Reward: 9.650, Length: 8, Loss: 0.2536, Epsilon: 0.100
2026-03-17 05:19:45 | INFO | Episode  164 - Reward: 9.450, Length: 9, Loss: 0.6698, Epsilon: 0.100
2026-03-17 05:19:46 | INFO | Episode  165 - Reward: 9.650, Length: 8, Loss: 0.3685, Epsilon: 0.100
2026-03-17 05:19:47 | INFO | Episode  166 - Reward: 7.700, Length: 8, Loss: 1.7259, Epsilon: 0.100
2026-03-17 05:19:49 | INFO | Episode  167 - Reward: -8.300, Length: 40, Loss: 0.5046, Epsilon: 0.100
2026-03-17 05:19:50 | INFO | Episode  168 - Reward: 7.700, Length: 8, Loss: 0.2067, Epsilon: 0.100
2026-03-17 05:19:51 | INFO | Episode  169 - Reward: 5.550, Length: 12, Loss: 0.5095, Epsilon: 0.100
2026-03-17 05:19:52 | INFO | Episode  170 - Reward: 9.450, Length: 9, Loss: 0.6251, Epsilon: 0.100
2026-03-17 05:19:53 | INFO | Episode  171 - Reward: -7.400, Length: 40, Loss: 0.6949, Epsilon: 0.100
2026-03-17 05:19:54 | INFO | Episode  172 - Reward: 9.650, Length: 8, Loss: 0.9465, Epsilon: 0.100
2026-03-17 05:19:55 | INFO | Episode  173 - Reward: 8.450, Length: 14, Loss: 0.4146, Epsilon: 0.100
2026-03-17 05:19:56 | INFO | Episode  174 - Reward: -8.000, Length: 40, Loss: 0.8015, Epsilon: 0.100
2026-03-17 05:19:57 | INFO | Episode  175 - Reward: 4.100, Length: 26, Loss: 0.8040, Epsilon: 0.100
2026-03-17 05:19:58 | INFO | Episode  176 - Reward: -7.400, Length: 40, Loss: 0.5468, Epsilon: 0.100
2026-03-17 05:20:00 | INFO | Episode  177 - Reward: 7.500, Length: 9, Loss: 1.2120, Epsilon: 0.100
2026-03-17 05:20:01 | INFO | Episode  178 - Reward: 7.700, Length: 8, Loss: 0.2819, Epsilon: 0.100
2026-03-17 05:20:02 | INFO | Episode  179 - Reward: 5.650, Length: 10, Loss: 0.1698, Epsilon: 0.100
2026-03-17 05:20:03 | INFO | Episode  180 - Reward: 9.650, Length: 8, Loss: 0.4958, Epsilon: 0.100
2026-03-17 05:20:04 | INFO | Episode  181 - Reward: 6.550, Length: 25, Loss: 0.3152, Epsilon: 0.100
2026-03-17 05:20:05 | INFO | Episode  182 - Reward: 7.700, Length: 8, Loss: 0.3509, Epsilon: 0.100
2026-03-17 05:20:06 | INFO | Episode  183 - Reward: 7.700, Length: 8, Loss: 1.7411, Epsilon: 0.100
2026-03-17 05:20:06 | INFO | Episode  184 - Reward: 9.650, Length: 8, Loss: 0.6065, Epsilon: 0.100
2026-03-17 05:20:08 | INFO | Episode  185 - Reward: 9.450, Length: 9, Loss: 2.5343, Epsilon: 0.100
2026-03-17 05:20:09 | INFO | Episode  186 - Reward: 9.650, Length: 8, Loss: 0.9135, Epsilon: 0.100
2026-03-17 05:20:10 | INFO | Episode  187 - Reward: 7.700, Length: 8, Loss: 1.2047, Epsilon: 0.100
2026-03-17 05:20:11 | INFO | Episode  188 - Reward: 9.650, Length: 8, Loss: 0.7055, Epsilon: 0.100
2026-03-17 05:20:11 | INFO | Episode  189 - Reward: 9.650, Length: 8, Loss: 0.4249, Epsilon: 0.100
2026-03-17 05:20:12 | INFO | Episode  190 - Reward: 9.650, Length: 8, Loss: 0.7636, Epsilon: 0.100
2026-03-17 05:20:13 | INFO | Episode  191 - Reward: 7.500, Length: 9, Loss: 0.5150, Epsilon: 0.100
2026-03-17 05:20:14 | INFO | Episode  192 - Reward: -7.550, Length: 40, Loss: 0.6593, Epsilon: 0.100
2026-03-17 05:20:15 | INFO | Episode  193 - Reward: 9.650, Length: 8, Loss: 0.3950, Epsilon: 0.100
2026-03-17 05:20:16 | INFO | Episode  194 - Reward: 7.700, Length: 8, Loss: 0.2162, Epsilon: 0.100
2026-03-17 05:20:17 | INFO | Episode  195 - Reward: 9.650, Length: 8, Loss: 0.3472, Epsilon: 0.100
2026-03-17 05:20:17 | INFO | Episode  196 - Reward: 9.550, Length: 10, Loss: 1.0091, Epsilon: 0.100
2026-03-17 05:20:18 | INFO | Episode  197 - Reward: 9.650, Length: 8, Loss: 1.2927, Epsilon: 0.100
2026-03-17 05:20:19 | INFO | Episode  198 - Reward: 7.700, Length: 8, Loss: 1.4392, Epsilon: 0.100
2026-03-17 05:20:20 | INFO | Episode  199 - Reward: 9.650, Length: 8, Loss: 0.7046, Epsilon: 0.100
2026-03-17 05:20:21 | INFO | Episode  200 - Reward: 9.450, Length: 9, Loss: 1.6964, Epsilon: 0.100
2026-03-17 05:20:24 | INFO | [Episode  200] eps=0.100  avg_reward=   4.966  avg_length= 16.18  avg_loss=  0.7980  eval_success=1.000
2026-03-17 05:20:24 | INFO | Episode  201 - Reward: 9.650, Length: 8, Loss: 2.5909, Epsilon: 0.100
2026-03-17 05:20:25 | INFO | Episode  202 - Reward: -7.850, Length: 40, Loss: 3.1389, Epsilon: 0.100
2026-03-17 05:20:26 | INFO | Episode  203 - Reward: -6.200, Length: 40, Loss: 1.3804, Epsilon: 0.100
2026-03-17 05:20:27 | INFO | Episode  204 - Reward: -6.950, Length: 40, Loss: 0.4203, Epsilon: 0.100
2026-03-17 05:20:28 | INFO | Episode  205 - Reward: 9.650, Length: 8, Loss: 0.5383, Epsilon: 0.100
2026-03-17 05:20:29 | INFO | Episode  206 - Reward: 9.650, Length: 8, Loss: 1.3448, Epsilon: 0.100
2026-03-17 05:20:30 | INFO | Episode  207 - Reward: 9.650, Length: 8, Loss: 0.6235, Epsilon: 0.100
2026-03-17 05:20:31 | INFO | Episode  208 - Reward: 9.550, Length: 10, Loss: 0.4699, Epsilon: 0.100
2026-03-17 05:20:32 | INFO | Episode  209 - Reward: 9.150, Length: 12, Loss: 0.8003, Epsilon: 0.100
2026-03-17 05:20:32 | INFO | Episode  210 - Reward: -6.800, Length: 40, Loss: 0.7909, Epsilon: 0.100
2026-03-17 05:20:33 | INFO | Episode  211 - Reward: -6.500, Length: 40, Loss: 0.8321, Epsilon: 0.100
2026-03-17 05:20:34 | INFO | Episode  212 - Reward: 9.650, Length: 8, Loss: 0.5755, Epsilon: 0.100
2026-03-17 05:20:35 | INFO | Episode  213 - Reward: 9.650, Length: 8, Loss: 0.1927, Epsilon: 0.100
2026-03-17 05:20:36 | INFO | Episode  214 - Reward: 7.700, Length: 8, Loss: 0.8043, Epsilon: 0.100
2026-03-17 05:20:37 | INFO | Episode  215 - Reward: 6.750, Length: 24, Loss: 1.7366, Epsilon: 0.100
2026-03-17 05:20:38 | INFO | Episode  216 - Reward: 9.350, Length: 11, Loss: 0.6433, Epsilon: 0.100
2026-03-17 05:20:39 | INFO | Episode  217 - Reward: 3.500, Length: 32, Loss: 0.2557, Epsilon: 0.100
2026-03-17 05:20:39 | INFO | Episode  218 - Reward: 9.450, Length: 9, Loss: 0.2631, Epsilon: 0.100
2026-03-17 05:20:39 | INFO | Episode  219 - Reward: 9.650, Length: 8, Loss: 1.3691, Epsilon: 0.100
2026-03-17 05:20:40 | INFO | Episode  220 - Reward: -13.700, Length: 40, Loss: 1.3955, Epsilon: 0.100
2026-03-17 05:20:41 | INFO | Episode  221 - Reward: 9.650, Length: 8, Loss: 1.3628, Epsilon: 0.100
2026-03-17 05:20:42 | INFO | Episode  222 - Reward: 5.450, Length: 29, Loss: 0.9592, Epsilon: 0.100
2026-03-17 05:20:43 | INFO | Episode  223 - Reward: 7.500, Length: 12, Loss: 0.8442, Epsilon: 0.100
2026-03-17 05:20:44 | INFO | Episode  224 - Reward: 9.550, Length: 10, Loss: 0.6252, Epsilon: 0.100
2026-03-17 05:20:45 | INFO | Episode  225 - Reward: 7.700, Length: 8, Loss: 0.6615, Epsilon: 0.100
2026-03-17 05:20:45 | INFO | Episode  226 - Reward: 7.700, Length: 8, Loss: 1.2866, Epsilon: 0.100
2026-03-17 05:20:46 | INFO | Episode  227 - Reward: 9.650, Length: 8, Loss: 0.5468, Epsilon: 0.100
2026-03-17 05:20:47 | INFO | Episode  228 - Reward: 7.500, Length: 9, Loss: 0.5263, Epsilon: 0.100
2026-03-17 05:20:48 | INFO | Episode  229 - Reward: 5.850, Length: 27, Loss: 0.5318, Epsilon: 0.100
2026-03-17 05:20:49 | INFO | Episode  230 - Reward: -7.100, Length: 40, Loss: 0.4073, Epsilon: 0.100
2026-03-17 05:20:50 | INFO | Episode  231 - Reward: 7.600, Length: 10, Loss: 0.4549, Epsilon: 0.100
2026-03-17 05:20:51 | INFO | Episode  232 - Reward: 7.700, Length: 8, Loss: 0.5368, Epsilon: 0.100
2026-03-17 05:20:52 | INFO | Episode  233 - Reward: 7.700, Length: 8, Loss: 0.2588, Epsilon: 0.100
2026-03-17 05:20:52 | INFO | Episode  234 - Reward: 5.650, Length: 10, Loss: 0.6345, Epsilon: 0.100
2026-03-17 05:20:53 | INFO | Episode  235 - Reward: 9.150, Length: 12, Loss: 0.4268, Epsilon: 0.100
2026-03-17 05:20:54 | INFO | Episode  236 - Reward: 9.550, Length: 10, Loss: 0.4649, Epsilon: 0.100
2026-03-17 05:20:55 | INFO | Episode  237 - Reward: 7.700, Length: 8, Loss: 0.2758, Epsilon: 0.100
2026-03-17 05:20:56 | INFO | Episode  238 - Reward: 9.650, Length: 8, Loss: 0.9631, Epsilon: 0.100
2026-03-17 05:20:57 | INFO | Episode  239 - Reward: 9.650, Length: 8, Loss: 0.3870, Epsilon: 0.100
2026-03-17 05:20:58 | INFO | Episode  240 - Reward: 9.650, Length: 8, Loss: 0.6069, Epsilon: 0.100
2026-03-17 05:20:59 | INFO | Episode  241 - Reward: 9.650, Length: 8, Loss: 0.6077, Epsilon: 0.100
2026-03-17 05:20:59 | INFO | Episode  242 - Reward: 9.550, Length: 10, Loss: 0.2790, Epsilon: 0.100
2026-03-17 05:21:00 | INFO | Episode  243 - Reward: 7.700, Length: 8, Loss: 1.0581, Epsilon: 0.100
2026-03-17 05:21:01 | INFO | Episode  244 - Reward: 9.650, Length: 8, Loss: 1.1840, Epsilon: 0.100
2026-03-17 05:21:02 | INFO | Episode  245 - Reward: 9.450, Length: 9, Loss: 0.1506, Epsilon: 0.100
2026-03-17 05:21:03 | INFO | Episode  246 - Reward: 9.450, Length: 9, Loss: 0.8141, Epsilon: 0.100
2026-03-17 05:21:04 | INFO | Episode  247 - Reward: 9.650, Length: 8, Loss: 0.5750, Epsilon: 0.100
2026-03-17 05:21:05 | INFO | Episode  248 - Reward: 9.650, Length: 8, Loss: 0.1822, Epsilon: 0.100
2026-03-17 05:21:06 | INFO | Episode  249 - Reward: 9.650, Length: 8, Loss: 0.2827, Epsilon: 0.100
2026-03-17 05:21:07 | INFO | Episode  250 - Reward: 9.550, Length: 10, Loss: 1.5657, Epsilon: 0.100
2026-03-17 05:21:09 | INFO | [Episode  250] eps=0.100  avg_reward=   6.328  avg_length= 14.74  avg_loss=  0.7925  eval_success=1.000
