2026-03-17 06:00:33 | INFO | ============================================================
2026-03-17 06:00:33 | INFO | DEVICE / COMPUTE INFORMATION
2026-03-17 06:00:33 | INFO |   JAX backend       : GPU
2026-03-17 06:00:33 | INFO |   Platform          : gpu
2026-03-17 06:00:33 | INFO |   Num devices       : 1
2026-03-17 06:00:33 | INFO |   Device            : cuda:0
2026-03-17 06:00:33 | INFO |   GPU name          : NVIDIA GeForce RTX 5060 Laptop GPU
2026-03-17 06:00:33 | INFO | ============================================================
2026-03-17 06:00:33 | INFO | ✓ JAX GPU backend confirmed.
2026-03-17 06:00:34 | INFO | DQN seed=6_gamma=0.9_lr=0.001
2026-03-17 06:00:36 | INFO | Episode    1 - Reward: -10.850, Length: 40, Loss: 0.0000, Epsilon: 0.991
2026-03-17 06:00:37 | INFO | Episode    2 - Reward: -5.300, Length: 40, Loss: 0.0000, Epsilon: 0.982
2026-03-17 06:00:41 | INFO | Episode    3 - Reward: -0.650, Length: 31, Loss: 2.8725, Epsilon: 0.973
2026-03-17 06:00:43 | INFO | Episode    4 - Reward: 5.400, Length: 24, Loss: 2.8015, Epsilon: 0.964
2026-03-17 06:00:44 | INFO | Episode    5 - Reward: -4.100, Length: 40, Loss: 1.8889, Epsilon: 0.955
2026-03-17 06:00:45 | INFO | Episode    6 - Reward: -6.500, Length: 40, Loss: 0.1717, Epsilon: 0.946
2026-03-17 06:00:46 | INFO | Episode    7 - Reward: 4.500, Length: 36, Loss: 0.1386, Epsilon: 0.937
2026-03-17 06:00:47 | INFO | Episode    8 - Reward: 3.550, Length: 34, Loss: 2.4320, Epsilon: 0.928
2026-03-17 06:00:48 | INFO | Episode    9 - Reward: -5.900, Length: 40, Loss: 1.8832, Epsilon: 0.919
2026-03-17 06:00:49 | INFO | Episode   10 - Reward: -4.850, Length: 40, Loss: 3.3716, Epsilon: 0.910
2026-03-17 06:00:50 | INFO | Episode   11 - Reward: 4.700, Length: 35, Loss: 0.2709, Epsilon: 0.901
2026-03-17 06:00:51 | INFO | Episode   12 - Reward: -4.700, Length: 40, Loss: 1.6697, Epsilon: 0.892
2026-03-17 06:00:52 | INFO | Episode   13 - Reward: 7.750, Length: 28, Loss: 2.5201, Epsilon: 0.883
2026-03-17 06:00:54 | INFO | Episode   14 - Reward: -4.700, Length: 40, Loss: 1.5396, Epsilon: 0.874
2026-03-17 06:00:55 | INFO | Episode   15 - Reward: -5.150, Length: 40, Loss: 0.9121, Epsilon: 0.865
2026-03-17 06:00:56 | INFO | Episode   16 - Reward: -5.450, Length: 40, Loss: 1.6952, Epsilon: 0.856
2026-03-17 06:00:57 | INFO | Episode   17 - Reward: -5.450, Length: 40, Loss: 1.5871, Epsilon: 0.847
2026-03-17 06:00:58 | INFO | Episode   18 - Reward: -4.400, Length: 40, Loss: 0.0315, Epsilon: 0.838
2026-03-17 06:00:58 | INFO | Episode   19 - Reward: -5.750, Length: 40, Loss: 4.9032, Epsilon: 0.829
2026-03-17 06:00:59 | INFO | Episode   20 - Reward: -7.250, Length: 40, Loss: 0.9563, Epsilon: 0.820
2026-03-17 06:01:00 | INFO | Episode   21 - Reward: -6.050, Length: 40, Loss: 0.0869, Epsilon: 0.811
2026-03-17 06:01:01 | INFO | Episode   22 - Reward: -4.700, Length: 40, Loss: 0.9395, Epsilon: 0.802
2026-03-17 06:01:02 | INFO | Episode   23 - Reward: -5.000, Length: 40, Loss: 0.8721, Epsilon: 0.793
2026-03-17 06:01:04 | INFO | Episode   24 - Reward: -6.500, Length: 40, Loss: 0.8623, Epsilon: 0.784
2026-03-17 06:01:05 | INFO | Episode   25 - Reward: -4.700, Length: 40, Loss: 0.0838, Epsilon: 0.775
2026-03-17 06:01:06 | INFO | Episode   26 - Reward: -4.550, Length: 40, Loss: 0.0544, Epsilon: 0.766
2026-03-17 06:01:07 | INFO | Episode   27 - Reward: 7.550, Length: 23, Loss: 0.1183, Epsilon: 0.757
2026-03-17 06:01:08 | INFO | Episode   28 - Reward: -4.100, Length: 40, Loss: 0.0872, Epsilon: 0.748
2026-03-17 06:01:09 | INFO | Episode   29 - Reward: -4.850, Length: 40, Loss: 2.4182, Epsilon: 0.739
2026-03-17 06:01:10 | INFO | Episode   30 - Reward: -3.200, Length: 40, Loss: 0.8728, Epsilon: 0.730
2026-03-17 06:01:11 | INFO | Episode   31 - Reward: -3.800, Length: 40, Loss: 0.1189, Epsilon: 0.721
2026-03-17 06:01:12 | INFO | Episode   32 - Reward: -5.900, Length: 40, Loss: 0.8302, Epsilon: 0.712
2026-03-17 06:01:13 | INFO | Episode   33 - Reward: 7.850, Length: 23, Loss: 0.8478, Epsilon: 0.703
2026-03-17 06:01:14 | INFO | Episode   34 - Reward: 8.950, Length: 13, Loss: 1.6049, Epsilon: 0.694
2026-03-17 06:01:15 | INFO | Episode   35 - Reward: -4.400, Length: 40, Loss: 1.7154, Epsilon: 0.685
2026-03-17 06:01:16 | INFO | Episode   36 - Reward: 7.050, Length: 24, Loss: 0.9253, Epsilon: 0.676
2026-03-17 06:01:18 | INFO | Episode   37 - Reward: 8.250, Length: 18, Loss: 0.0411, Epsilon: 0.667
2026-03-17 06:01:19 | INFO | Episode   38 - Reward: 7.350, Length: 21, Loss: 0.0851, Epsilon: 0.658
2026-03-17 06:01:20 | INFO | Episode   39 - Reward: 6.450, Length: 30, Loss: 0.0865, Epsilon: 0.649
2026-03-17 06:01:21 | INFO | Episode   40 - Reward: -4.250, Length: 40, Loss: 1.5819, Epsilon: 0.640
2026-03-17 06:01:22 | INFO | Episode   41 - Reward: 6.650, Length: 35, Loss: 2.3268, Epsilon: 0.631
2026-03-17 06:01:23 | INFO | Episode   42 - Reward: 9.250, Length: 13, Loss: 3.7844, Epsilon: 0.622
2026-03-17 06:01:24 | INFO | Episode   43 - Reward: -11.450, Length: 40, Loss: 1.5328, Epsilon: 0.613
2026-03-17 06:01:25 | INFO | Episode   44 - Reward: -5.000, Length: 40, Loss: 0.9083, Epsilon: 0.604
2026-03-17 06:01:26 | INFO | Episode   45 - Reward: 8.150, Length: 20, Loss: 0.0698, Epsilon: 0.595
2026-03-17 06:01:27 | INFO | Episode   46 - Reward: 9.150, Length: 12, Loss: 0.9428, Epsilon: 0.586
2026-03-17 06:01:28 | INFO | Episode   47 - Reward: 7.650, Length: 24, Loss: 2.3356, Epsilon: 0.577
2026-03-17 06:01:29 | INFO | Episode   48 - Reward: -5.450, Length: 40, Loss: 1.5664, Epsilon: 0.568
2026-03-17 06:01:30 | INFO | Episode   49 - Reward: 4.200, Length: 30, Loss: 0.8312, Epsilon: 0.559
2026-03-17 06:01:31 | INFO | Episode   50 - Reward: -7.700, Length: 40, Loss: 1.6412, Epsilon: 0.550
2026-03-17 06:01:44 | INFO | [Episode   50] eps=0.550  avg_reward=  -0.964  avg_length= 34.28  avg_loss=  1.2364  eval_success=0.000
2026-03-17 06:01:45 | INFO | Episode   51 - Reward: -5.150, Length: 40, Loss: 0.8435, Epsilon: 0.541
2026-03-17 06:01:46 | INFO | Episode   52 - Reward: -5.300, Length: 40, Loss: 1.6307, Epsilon: 0.532
2026-03-17 06:01:47 | INFO | Episode   53 - Reward: 7.050, Length: 27, Loss: 0.0416, Epsilon: 0.523
2026-03-17 06:01:48 | INFO | Episode   54 - Reward: 5.800, Length: 25, Loss: 0.7903, Epsilon: 0.514
2026-03-17 06:01:49 | INFO | Episode   55 - Reward: 6.550, Length: 28, Loss: 0.7911, Epsilon: 0.505
2026-03-17 06:01:50 | INFO | Episode   56 - Reward: 9.050, Length: 14, Loss: 0.8434, Epsilon: 0.496
2026-03-17 06:01:50 | INFO | Episode   57 - Reward: 6.100, Length: 22, Loss: 0.0398, Epsilon: 0.487
2026-03-17 06:01:51 | INFO | Episode   58 - Reward: -6.800, Length: 40, Loss: 1.5586, Epsilon: 0.478
2026-03-17 06:01:52 | INFO | Episode   59 - Reward: 8.250, Length: 15, Loss: 0.0514, Epsilon: 0.469
2026-03-17 06:01:53 | INFO | Episode   60 - Reward: -0.200, Length: 37, Loss: 0.8435, Epsilon: 0.460
2026-03-17 06:01:54 | INFO | Episode   61 - Reward: -5.600, Length: 40, Loss: 0.8095, Epsilon: 0.451
2026-03-17 06:01:55 | INFO | Episode   62 - Reward: -1.850, Length: 37, Loss: 2.3390, Epsilon: 0.442
2026-03-17 06:01:55 | INFO | Episode   63 - Reward: 7.850, Length: 20, Loss: 0.8126, Epsilon: 0.433
2026-03-17 06:01:56 | INFO | Episode   64 - Reward: 9.250, Length: 10, Loss: 1.6374, Epsilon: 0.424
2026-03-17 06:01:57 | INFO | Episode   65 - Reward: -6.650, Length: 40, Loss: 0.8409, Epsilon: 0.415
2026-03-17 06:01:58 | INFO | Episode   66 - Reward: 9.250, Length: 10, Loss: 1.6252, Epsilon: 0.406
2026-03-17 06:01:59 | INFO | Episode   67 - Reward: -6.200, Length: 40, Loss: 1.5706, Epsilon: 0.397
2026-03-17 06:02:00 | INFO | Episode   68 - Reward: 9.450, Length: 9, Loss: 1.5395, Epsilon: 0.388
2026-03-17 06:02:00 | INFO | Episode   69 - Reward: 4.150, Length: 40, Loss: 1.5608, Epsilon: 0.379
2026-03-17 06:02:01 | INFO | Episode   70 - Reward: 5.550, Length: 30, Loss: 2.3465, Epsilon: 0.370
2026-03-17 06:02:01 | INFO | Episode   71 - Reward: 7.150, Length: 22, Loss: 0.8229, Epsilon: 0.361
2026-03-17 06:02:02 | INFO | Episode   72 - Reward: 4.550, Length: 38, Loss: 1.6367, Epsilon: 0.352
2026-03-17 06:02:03 | INFO | Episode   73 - Reward: -5.300, Length: 40, Loss: 3.7637, Epsilon: 0.343
2026-03-17 06:02:04 | INFO | Episode   74 - Reward: 7.050, Length: 21, Loss: 0.8394, Epsilon: 0.334
2026-03-17 06:02:05 | INFO | Episode   75 - Reward: 8.250, Length: 15, Loss: 0.0800, Epsilon: 0.325
2026-03-17 06:02:06 | INFO | Episode   76 - Reward: 7.050, Length: 21, Loss: 1.5735, Epsilon: 0.316
2026-03-17 06:02:06 | INFO | Episode   77 - Reward: 5.650, Length: 28, Loss: 0.8623, Epsilon: 0.307
2026-03-17 06:02:07 | INFO | Episode   78 - Reward: -6.500, Length: 40, Loss: 1.6247, Epsilon: 0.298
2026-03-17 06:02:08 | INFO | Episode   79 - Reward: -5.150, Length: 40, Loss: 1.4782, Epsilon: 0.289
2026-03-17 06:02:09 | INFO | Episode   80 - Reward: 9.050, Length: 11, Loss: 0.7480, Epsilon: 0.280
2026-03-17 06:02:10 | INFO | Episode   81 - Reward: 9.650, Length: 8, Loss: 1.5545, Epsilon: 0.271
2026-03-17 06:02:11 | INFO | Episode   82 - Reward: 9.650, Length: 8, Loss: 0.7708, Epsilon: 0.262
2026-03-17 06:02:11 | INFO | Episode   83 - Reward: 9.250, Length: 13, Loss: 0.8836, Epsilon: 0.253
2026-03-17 06:02:12 | INFO | Episode   84 - Reward: 9.550, Length: 10, Loss: 0.7713, Epsilon: 0.244
2026-03-17 06:02:13 | INFO | Episode   85 - Reward: 7.350, Length: 24, Loss: 3.0338, Epsilon: 0.235
2026-03-17 06:02:14 | INFO | Episode   86 - Reward: 7.750, Length: 22, Loss: 1.4671, Epsilon: 0.226
2026-03-17 06:02:15 | INFO | Episode   87 - Reward: 9.650, Length: 8, Loss: 2.8976, Epsilon: 0.217
2026-03-17 06:02:16 | INFO | Episode   88 - Reward: 6.700, Length: 16, Loss: 0.7898, Epsilon: 0.208
2026-03-17 06:02:16 | INFO | Episode   89 - Reward: 9.350, Length: 11, Loss: 1.4575, Epsilon: 0.199
2026-03-17 06:02:17 | INFO | Episode   90 - Reward: 9.150, Length: 15, Loss: 1.5895, Epsilon: 0.190
2026-03-17 06:02:18 | INFO | Episode   91 - Reward: 9.450, Length: 9, Loss: 0.7513, Epsilon: 0.181
2026-03-17 06:02:19 | INFO | Episode   92 - Reward: 9.450, Length: 9, Loss: 4.3521, Epsilon: 0.172
2026-03-17 06:02:20 | INFO | Episode   93 - Reward: 9.650, Length: 8, Loss: 2.2218, Epsilon: 0.163
2026-03-17 06:02:21 | INFO | Episode   94 - Reward: 9.650, Length: 8, Loss: 2.1503, Epsilon: 0.154
2026-03-17 06:02:21 | INFO | Episode   95 - Reward: 9.150, Length: 12, Loss: 0.7898, Epsilon: 0.145
2026-03-17 06:02:22 | INFO | Episode   96 - Reward: 9.550, Length: 10, Loss: 2.2192, Epsilon: 0.136
2026-03-17 06:02:23 | INFO | Episode   97 - Reward: 9.650, Length: 8, Loss: 2.8601, Epsilon: 0.127
2026-03-17 06:02:24 | INFO | Episode   98 - Reward: 9.450, Length: 9, Loss: 2.8774, Epsilon: 0.118
2026-03-17 06:02:25 | INFO | Episode   99 - Reward: 9.650, Length: 8, Loss: 2.2237, Epsilon: 0.109
2026-03-17 06:02:26 | INFO | Episode  100 - Reward: 9.450, Length: 9, Loss: 0.7783, Epsilon: 0.100
2026-03-17 06:02:28 | INFO | [Episode  100] eps=0.100  avg_reward=   5.310  avg_length= 21.30  avg_loss=  1.4477  eval_success=1.000
2026-03-17 06:02:29 | INFO | Episode  101 - Reward: 9.450, Length: 9, Loss: 0.7643, Epsilon: 0.100
2026-03-17 06:02:30 | INFO | Episode  102 - Reward: 9.650, Length: 8, Loss: 0.7375, Epsilon: 0.100
2026-03-17 06:02:31 | INFO | Episode  103 - Reward: 9.450, Length: 9, Loss: 1.4773, Epsilon: 0.100
2026-03-17 06:02:32 | INFO | Episode  104 - Reward: 9.650, Length: 8, Loss: 2.1158, Epsilon: 0.100
2026-03-17 06:02:33 | INFO | Episode  105 - Reward: 9.250, Length: 10, Loss: 4.8684, Epsilon: 0.100
2026-03-17 06:02:34 | INFO | Episode  106 - Reward: 9.450, Length: 9, Loss: 2.7770, Epsilon: 0.100
2026-03-17 06:02:35 | INFO | Episode  107 - Reward: -6.650, Length: 40, Loss: 2.1143, Epsilon: 0.100
2026-03-17 06:02:36 | INFO | Episode  108 - Reward: 6.650, Length: 23, Loss: 1.5413, Epsilon: 0.100
2026-03-17 06:02:37 | INFO | Episode  109 - Reward: -7.250, Length: 40, Loss: 4.2357, Epsilon: 0.100
2026-03-17 06:02:38 | INFO | Episode  110 - Reward: -7.100, Length: 40, Loss: 1.4158, Epsilon: 0.100
2026-03-17 06:02:40 | INFO | Episode  111 - Reward: 8.050, Length: 16, Loss: 0.7366, Epsilon: 0.100
2026-03-17 06:02:41 | INFO | Episode  112 - Reward: 6.050, Length: 26, Loss: 4.2003, Epsilon: 0.100
2026-03-17 06:02:42 | INFO | Episode  113 - Reward: -7.250, Length: 40, Loss: 4.1598, Epsilon: 0.100
2026-03-17 06:02:43 | INFO | Episode  114 - Reward: 7.550, Length: 20, Loss: 2.0642, Epsilon: 0.100
2026-03-17 06:02:44 | INFO | Episode  115 - Reward: 3.450, Length: 39, Loss: 4.0097, Epsilon: 0.100
2026-03-17 06:02:45 | INFO | Episode  116 - Reward: -7.250, Length: 40, Loss: 0.6962, Epsilon: 0.100
2026-03-17 06:02:46 | INFO | Episode  117 - Reward: -7.550, Length: 40, Loss: 0.7067, Epsilon: 0.100
2026-03-17 06:02:47 | INFO | Episode  118 - Reward: -7.250, Length: 40, Loss: 3.3272, Epsilon: 0.100
2026-03-17 06:02:48 | INFO | Episode  119 - Reward: -7.250, Length: 40, Loss: 0.7161, Epsilon: 0.100
2026-03-17 06:02:49 | INFO | Episode  120 - Reward: 9.450, Length: 9, Loss: 3.3313, Epsilon: 0.100
2026-03-17 06:02:50 | INFO | Episode  121 - Reward: -7.250, Length: 40, Loss: 0.7051, Epsilon: 0.100
2026-03-17 06:02:51 | INFO | Episode  122 - Reward: -6.350, Length: 40, Loss: 1.9814, Epsilon: 0.100
2026-03-17 06:02:53 | INFO | Episode  123 - Reward: 3.950, Length: 38, Loss: 1.3965, Epsilon: 0.100
2026-03-17 06:02:54 | INFO | Episode  124 - Reward: -7.550, Length: 40, Loss: 3.4151, Epsilon: 0.100
2026-03-17 06:02:55 | INFO | Episode  125 - Reward: 9.250, Length: 10, Loss: 2.0086, Epsilon: 0.100
2026-03-17 06:02:56 | INFO | Episode  126 - Reward: 9.650, Length: 8, Loss: 1.9963, Epsilon: 0.100
2026-03-17 06:02:57 | INFO | Episode  127 - Reward: -7.250, Length: 40, Loss: 0.0432, Epsilon: 0.100
2026-03-17 06:02:58 | INFO | Episode  128 - Reward: 5.250, Length: 30, Loss: 2.5878, Epsilon: 0.100
2026-03-17 06:02:59 | INFO | Episode  129 - Reward: -7.250, Length: 40, Loss: 3.2778, Epsilon: 0.100
2026-03-17 06:03:00 | INFO | Episode  130 - Reward: -6.650, Length: 40, Loss: 3.8385, Epsilon: 0.100
2026-03-17 06:03:01 | INFO | Episode  131 - Reward: -7.250, Length: 40, Loss: 3.2012, Epsilon: 0.100
2026-03-17 06:03:02 | INFO | Episode  132 - Reward: -7.550, Length: 40, Loss: 1.9157, Epsilon: 0.100
2026-03-17 06:03:03 | INFO | Episode  133 - Reward: -6.650, Length: 40, Loss: 3.3406, Epsilon: 0.100
2026-03-17 06:03:04 | INFO | Episode  134 - Reward: 5.950, Length: 28, Loss: 2.1271, Epsilon: 0.100
2026-03-17 06:03:05 | INFO | Episode  135 - Reward: 6.850, Length: 22, Loss: 2.5499, Epsilon: 0.100
2026-03-17 06:03:06 | INFO | Episode  136 - Reward: 8.950, Length: 13, Loss: 1.9043, Epsilon: 0.100
2026-03-17 06:03:07 | INFO | Episode  137 - Reward: 4.450, Length: 34, Loss: 2.6793, Epsilon: 0.100
2026-03-17 06:03:08 | INFO | Episode  138 - Reward: -7.250, Length: 40, Loss: 2.4932, Epsilon: 0.100
2026-03-17 06:03:09 | INFO | Episode  139 - Reward: 4.750, Length: 37, Loss: 3.6678, Epsilon: 0.100
2026-03-17 06:03:10 | INFO | Episode  140 - Reward: -7.250, Length: 40, Loss: 1.3135, Epsilon: 0.100
2026-03-17 06:03:11 | INFO | Episode  141 - Reward: 5.250, Length: 33, Loss: 3.0699, Epsilon: 0.100
2026-03-17 06:03:12 | INFO | Episode  142 - Reward: 7.950, Length: 18, Loss: 1.8905, Epsilon: 0.100
2026-03-17 06:03:13 | INFO | Episode  143 - Reward: -7.550, Length: 40, Loss: 0.6598, Epsilon: 0.100
2026-03-17 06:03:14 | INFO | Episode  144 - Reward: -6.650, Length: 40, Loss: 2.5019, Epsilon: 0.100
2026-03-17 06:03:15 | INFO | Episode  145 - Reward: 4.850, Length: 32, Loss: 1.2591, Epsilon: 0.100
2026-03-17 06:03:17 | INFO | Episode  146 - Reward: -7.550, Length: 40, Loss: 3.7870, Epsilon: 0.100
2026-03-17 06:03:18 | INFO | Episode  147 - Reward: 5.350, Length: 31, Loss: 3.1860, Epsilon: 0.100
2026-03-17 06:03:19 | INFO | Episode  148 - Reward: 4.650, Length: 33, Loss: 2.9342, Epsilon: 0.100
2026-03-17 06:03:20 | INFO | Episode  149 - Reward: 9.250, Length: 10, Loss: 1.7930, Epsilon: 0.100
2026-03-17 06:03:21 | INFO | Episode  150 - Reward: 3.650, Length: 38, Loss: 3.4697, Epsilon: 0.100
2026-03-17 06:03:36 | INFO | [Episode  150] eps=0.100  avg_reward=   0.811  avg_length= 29.62  avg_loss=  2.3398  eval_success=0.000
2026-03-17 06:03:37 | INFO | Episode  151 - Reward: -7.550, Length: 40, Loss: 1.7833, Epsilon: 0.100
2026-03-17 06:03:38 | INFO | Episode  152 - Reward: 8.950, Length: 13, Loss: 1.1862, Epsilon: 0.100
2026-03-17 06:03:39 | INFO | Episode  153 - Reward: -6.650, Length: 40, Loss: 3.4497, Epsilon: 0.100
2026-03-17 06:03:40 | INFO | Episode  154 - Reward: 8.750, Length: 14, Loss: 2.2718, Epsilon: 0.100
2026-03-17 06:03:41 | INFO | Episode  155 - Reward: -7.100, Length: 40, Loss: 3.0794, Epsilon: 0.100
2026-03-17 06:03:42 | INFO | Episode  156 - Reward: -7.400, Length: 40, Loss: 3.3886, Epsilon: 0.100
2026-03-17 06:03:43 | INFO | Episode  157 - Reward: 6.450, Length: 24, Loss: 2.2428, Epsilon: 0.100
2026-03-17 06:03:45 | INFO | Episode  158 - Reward: -7.550, Length: 40, Loss: 1.1527, Epsilon: 0.100
2026-03-17 06:03:46 | INFO | Episode  159 - Reward: 9.450, Length: 9, Loss: 3.2883, Epsilon: 0.100
2026-03-17 06:03:47 | INFO | Episode  160 - Reward: 8.650, Length: 13, Loss: 3.2547, Epsilon: 0.100
2026-03-17 06:03:48 | INFO | Episode  161 - Reward: -7.250, Length: 40, Loss: 2.2076, Epsilon: 0.100
2026-03-17 06:03:49 | INFO | Episode  162 - Reward: 5.250, Length: 30, Loss: 3.7560, Epsilon: 0.100
2026-03-17 06:03:50 | INFO | Episode  163 - Reward: -7.250, Length: 40, Loss: 3.1804, Epsilon: 0.100
2026-03-17 06:03:51 | INFO | Episode  164 - Reward: -6.650, Length: 40, Loss: 0.5681, Epsilon: 0.100
2026-03-17 06:03:52 | INFO | Episode  165 - Reward: -6.650, Length: 40, Loss: 1.0813, Epsilon: 0.100
2026-03-17 06:03:53 | INFO | Episode  166 - Reward: 8.450, Length: 14, Loss: 2.1117, Epsilon: 0.100
2026-03-17 06:03:54 | INFO | Episode  167 - Reward: 3.250, Length: 40, Loss: 2.0830, Epsilon: 0.100
2026-03-17 06:03:55 | INFO | Episode  168 - Reward: 5.750, Length: 29, Loss: 2.0919, Epsilon: 0.100
2026-03-17 06:03:56 | INFO | Episode  169 - Reward: 4.050, Length: 36, Loss: 1.0565, Epsilon: 0.100
2026-03-17 06:03:58 | INFO | Episode  170 - Reward: -7.550, Length: 40, Loss: 2.5566, Epsilon: 0.100
2026-03-17 06:03:59 | INFO | Episode  171 - Reward: 6.850, Length: 22, Loss: 0.0804, Epsilon: 0.100
2026-03-17 06:04:00 | INFO | Episode  172 - Reward: 4.150, Length: 37, Loss: 2.0329, Epsilon: 0.100
2026-03-17 06:04:01 | INFO | Episode  173 - Reward: 5.650, Length: 28, Loss: 1.5372, Epsilon: 0.100
2026-03-17 06:04:02 | INFO | Episode  174 - Reward: 9.650, Length: 8, Loss: 1.0694, Epsilon: 0.100
2026-03-17 06:04:03 | INFO | Episode  175 - Reward: 9.250, Length: 10, Loss: 0.5466, Epsilon: 0.100
2026-03-17 06:04:04 | INFO | Episode  176 - Reward: -7.400, Length: 40, Loss: 1.5295, Epsilon: 0.100
2026-03-17 06:04:05 | INFO | Episode  177 - Reward: -7.550, Length: 40, Loss: 2.9968, Epsilon: 0.100
2026-03-17 06:04:06 | INFO | Episode  178 - Reward: 8.650, Length: 13, Loss: 2.4577, Epsilon: 0.100
2026-03-17 06:04:07 | INFO | Episode  179 - Reward: 3.650, Length: 38, Loss: 1.9738, Epsilon: 0.100
2026-03-17 06:04:07 | INFO | Episode  180 - Reward: 7.250, Length: 20, Loss: 1.0207, Epsilon: 0.100
2026-03-17 06:04:09 | INFO | Episode  181 - Reward: -7.250, Length: 40, Loss: 1.4781, Epsilon: 0.100
2026-03-17 06:04:10 | INFO | Episode  182 - Reward: 9.650, Length: 8, Loss: 1.0231, Epsilon: 0.100
2026-03-17 06:04:11 | INFO | Episode  183 - Reward: 8.050, Length: 16, Loss: 1.9268, Epsilon: 0.100
2026-03-17 06:04:12 | INFO | Episode  184 - Reward: -7.550, Length: 40, Loss: 0.5176, Epsilon: 0.100
2026-03-17 06:04:13 | INFO | Episode  185 - Reward: -7.250, Length: 40, Loss: 0.9767, Epsilon: 0.100
2026-03-17 06:04:14 | INFO | Episode  186 - Reward: -7.400, Length: 40, Loss: 0.1262, Epsilon: 0.100
2026-03-17 06:04:15 | INFO | Episode  187 - Reward: -7.250, Length: 40, Loss: 0.9960, Epsilon: 0.100
2026-03-17 06:04:16 | INFO | Episode  188 - Reward: 5.850, Length: 30, Loss: 0.9874, Epsilon: 0.100
2026-03-17 06:04:17 | INFO | Episode  189 - Reward: -6.950, Length: 40, Loss: 0.9890, Epsilon: 0.100
2026-03-17 06:04:18 | INFO | Episode  190 - Reward: -7.550, Length: 40, Loss: 1.4394, Epsilon: 0.100
2026-03-17 06:04:19 | INFO | Episode  191 - Reward: 9.050, Length: 11, Loss: 0.5070, Epsilon: 0.100
2026-03-17 06:04:20 | INFO | Episode  192 - Reward: -7.250, Length: 40, Loss: 0.9653, Epsilon: 0.100
2026-03-17 06:04:21 | INFO | Episode  193 - Reward: -6.950, Length: 40, Loss: 1.4296, Epsilon: 0.100
2026-03-17 06:04:22 | INFO | Episode  194 - Reward: -7.250, Length: 40, Loss: 1.8836, Epsilon: 0.100
2026-03-17 06:04:23 | INFO | Episode  195 - Reward: 8.050, Length: 16, Loss: 1.8783, Epsilon: 0.100
2026-03-17 06:04:24 | INFO | Episode  196 - Reward: -7.550, Length: 40, Loss: 0.9832, Epsilon: 0.100
2026-03-17 06:04:25 | INFO | Episode  197 - Reward: 7.650, Length: 18, Loss: 2.2787, Epsilon: 0.100
2026-03-17 06:04:26 | INFO | Episode  198 - Reward: -6.500, Length: 40, Loss: 1.4347, Epsilon: 0.100
2026-03-17 06:04:27 | INFO | Episode  199 - Reward: -7.250, Length: 40, Loss: 0.9479, Epsilon: 0.100
2026-03-17 06:04:28 | INFO | Episode  200 - Reward: 9.650, Length: 8, Loss: 0.9280, Epsilon: 0.100
2026-03-17 06:04:30 | INFO | [Episode  200] eps=0.100  avg_reward=   0.031  avg_length= 30.10  avg_loss=  1.6946  eval_success=1.000
2026-03-17 06:04:31 | INFO | Episode  201 - Reward: 9.050, Length: 11, Loss: 2.2776, Epsilon: 0.100
2026-03-17 06:04:32 | INFO | Episode  202 - Reward: 9.650, Length: 8, Loss: 1.8051, Epsilon: 0.100
2026-03-17 06:04:33 | INFO | Episode  203 - Reward: 9.450, Length: 9, Loss: 0.4754, Epsilon: 0.100
2026-03-17 06:04:34 | INFO | Episode  204 - Reward: -7.250, Length: 40, Loss: 0.9235, Epsilon: 0.100
2026-03-17 06:04:35 | INFO | Episode  205 - Reward: 9.650, Length: 8, Loss: 1.7532, Epsilon: 0.100
2026-03-17 06:04:36 | INFO | Episode  206 - Reward: 9.550, Length: 10, Loss: 0.4929, Epsilon: 0.100
2026-03-17 06:04:36 | INFO | Episode  207 - Reward: 9.650, Length: 8, Loss: 1.7617, Epsilon: 0.100
2026-03-17 06:04:37 | INFO | Episode  208 - Reward: 9.650, Length: 8, Loss: 1.2979, Epsilon: 0.100
2026-03-17 06:04:38 | INFO | Episode  209 - Reward: 9.650, Length: 8, Loss: 2.1737, Epsilon: 0.100
2026-03-17 06:04:39 | INFO | Episode  210 - Reward: 9.550, Length: 10, Loss: 1.6988, Epsilon: 0.100
2026-03-17 06:04:39 | INFO | Episode  211 - Reward: 9.650, Length: 8, Loss: 0.9177, Epsilon: 0.100
2026-03-17 06:04:40 | INFO | Episode  212 - Reward: 9.450, Length: 9, Loss: 1.6984, Epsilon: 0.100
2026-03-17 06:04:41 | INFO | Episode  213 - Reward: 9.650, Length: 8, Loss: 1.6742, Epsilon: 0.100
2026-03-17 06:04:42 | INFO | Episode  214 - Reward: 9.650, Length: 8, Loss: 0.9062, Epsilon: 0.100
2026-03-17 06:04:42 | INFO | Episode  215 - Reward: 9.250, Length: 10, Loss: 1.3238, Epsilon: 0.100
2026-03-17 06:04:43 | INFO | Episode  216 - Reward: 9.450, Length: 9, Loss: 0.0964, Epsilon: 0.100
2026-03-17 06:04:44 | INFO | Episode  217 - Reward: 9.550, Length: 10, Loss: 1.2326, Epsilon: 0.100
2026-03-17 06:04:45 | INFO | Episode  218 - Reward: 9.450, Length: 9, Loss: 2.1039, Epsilon: 0.100
2026-03-17 06:04:46 | INFO | Episode  219 - Reward: 9.650, Length: 8, Loss: 2.3996, Epsilon: 0.100
2026-03-17 06:04:47 | INFO | Episode  220 - Reward: 9.650, Length: 8, Loss: 1.3227, Epsilon: 0.100
2026-03-17 06:04:47 | INFO | Episode  221 - Reward: 9.650, Length: 8, Loss: 1.2637, Epsilon: 0.100
2026-03-17 06:04:48 | INFO | Episode  222 - Reward: 9.650, Length: 8, Loss: 1.6270, Epsilon: 0.100
2026-03-17 06:04:49 | INFO | Episode  223 - Reward: 9.650, Length: 8, Loss: 1.1888, Epsilon: 0.100
2026-03-17 06:04:50 | INFO | Episode  224 - Reward: 9.650, Length: 8, Loss: 1.2025, Epsilon: 0.100
2026-03-17 06:04:51 | INFO | Episode  225 - Reward: 9.650, Length: 8, Loss: 1.2267, Epsilon: 0.100
2026-03-17 06:04:52 | INFO | Episode  226 - Reward: 9.650, Length: 8, Loss: 0.4613, Epsilon: 0.100
2026-03-17 06:04:52 | INFO | Episode  227 - Reward: 9.650, Length: 8, Loss: 0.5052, Epsilon: 0.100
2026-03-17 06:04:53 | INFO | Episode  228 - Reward: 9.650, Length: 8, Loss: 1.5877, Epsilon: 0.100
2026-03-17 06:04:54 | INFO | Episode  229 - Reward: 9.650, Length: 8, Loss: 2.3237, Epsilon: 0.100
2026-03-17 06:04:55 | INFO | Episode  230 - Reward: -8.600, Length: 40, Loss: 0.8146, Epsilon: 0.100
2026-03-17 06:04:56 | INFO | Episode  231 - Reward: 4.200, Length: 27, Loss: 0.7915, Epsilon: 0.100
2026-03-17 06:04:57 | INFO | Episode  232 - Reward: 9.650, Length: 8, Loss: 1.5339, Epsilon: 0.100
2026-03-17 06:04:57 | INFO | Episode  233 - Reward: 9.450, Length: 9, Loss: 1.5396, Epsilon: 0.100
2026-03-17 06:04:58 | INFO | Episode  234 - Reward: 9.650, Length: 8, Loss: 1.4954, Epsilon: 0.100
2026-03-17 06:04:59 | INFO | Episode  235 - Reward: 9.450, Length: 9, Loss: 1.2820, Epsilon: 0.100
2026-03-17 06:05:00 | INFO | Episode  236 - Reward: 9.450, Length: 9, Loss: 1.1802, Epsilon: 0.100
2026-03-17 06:05:01 | INFO | Episode  237 - Reward: 9.650, Length: 8, Loss: 1.2541, Epsilon: 0.100
2026-03-17 06:05:02 | INFO | Episode  238 - Reward: -9.200, Length: 40, Loss: 0.7940, Epsilon: 0.100
2026-03-17 06:05:03 | INFO | Episode  239 - Reward: 9.450, Length: 9, Loss: 1.0950, Epsilon: 0.100
2026-03-17 06:05:04 | INFO | Episode  240 - Reward: 9.650, Length: 8, Loss: 3.2171, Epsilon: 0.100
2026-03-17 06:05:04 | INFO | Episode  241 - Reward: 9.450, Length: 9, Loss: 3.1433, Epsilon: 0.100
2026-03-17 06:05:05 | INFO | Episode  242 - Reward: 9.450, Length: 9, Loss: 0.8314, Epsilon: 0.100
2026-03-17 06:05:06 | INFO | Episode  243 - Reward: 9.650, Length: 8, Loss: 1.1254, Epsilon: 0.100
2026-03-17 06:05:07 | INFO | Episode  244 - Reward: 9.350, Length: 11, Loss: 1.7899, Epsilon: 0.100
2026-03-17 06:05:08 | INFO | Episode  245 - Reward: 9.650, Length: 8, Loss: 0.8079, Epsilon: 0.100
2026-03-17 06:05:09 | INFO | Episode  246 - Reward: 9.550, Length: 10, Loss: 2.3283, Epsilon: 0.100
2026-03-17 06:05:10 | INFO | Episode  247 - Reward: 9.350, Length: 11, Loss: 1.3871, Epsilon: 0.100
2026-03-17 06:05:10 | INFO | Episode  248 - Reward: 9.650, Length: 8, Loss: 1.3988, Epsilon: 0.100
2026-03-17 06:05:11 | INFO | Episode  249 - Reward: 9.650, Length: 8, Loss: 3.2031, Epsilon: 0.100
2026-03-17 06:05:12 | INFO | Episode  250 - Reward: -7.400, Length: 40, Loss: 0.8091, Epsilon: 0.100
2026-03-17 06:05:14 | INFO | [Episode  250] eps=0.100  avg_reward=   8.040  avg_length= 11.52  avg_loss=  1.4309  eval_success=1.000
