2026-03-17 06:16:11 | INFO | ============================================================
2026-03-17 06:16:11 | INFO | DEVICE / COMPUTE INFORMATION
2026-03-17 06:16:11 | INFO |   JAX backend       : GPU
2026-03-17 06:16:11 | INFO |   Platform          : gpu
2026-03-17 06:16:11 | INFO |   Num devices       : 1
2026-03-17 06:16:11 | INFO |   Device            : cuda:0
2026-03-17 06:16:11 | INFO |   GPU name          : NVIDIA GeForce RTX 5060 Laptop GPU
2026-03-17 06:16:11 | INFO | ============================================================
2026-03-17 06:16:11 | INFO | ✓ JAX GPU backend confirmed.
2026-03-17 06:16:12 | INFO | DQN seed=6_gamma=0.99_lr=0.001
2026-03-17 06:16:14 | INFO | Episode    1 - Reward: -10.850, Length: 40, Loss: 0.0000, Epsilon: 0.991
2026-03-17 06:16:14 | INFO | Episode    2 - Reward: -5.300, Length: 40, Loss: 0.0000, Epsilon: 0.982
2026-03-17 06:16:18 | INFO | Episode    3 - Reward: -0.650, Length: 31, Loss: 2.8728, Epsilon: 0.973
2026-03-17 06:16:19 | INFO | Episode    4 - Reward: 5.400, Length: 24, Loss: 2.8016, Epsilon: 0.964
2026-03-17 06:16:19 | INFO | Episode    5 - Reward: -4.100, Length: 40, Loss: 1.8887, Epsilon: 0.955
2026-03-17 06:16:20 | INFO | Episode    6 - Reward: -6.500, Length: 40, Loss: 0.1717, Epsilon: 0.946
2026-03-17 06:16:21 | INFO | Episode    7 - Reward: 4.500, Length: 36, Loss: 0.1401, Epsilon: 0.937
2026-03-17 06:16:22 | INFO | Episode    8 - Reward: 3.550, Length: 34, Loss: 2.4325, Epsilon: 0.928
2026-03-17 06:16:23 | INFO | Episode    9 - Reward: -5.900, Length: 40, Loss: 1.8822, Epsilon: 0.919
2026-03-17 06:16:24 | INFO | Episode   10 - Reward: -4.850, Length: 40, Loss: 3.3696, Epsilon: 0.910
2026-03-17 06:16:25 | INFO | Episode   11 - Reward: 4.700, Length: 35, Loss: 0.2691, Epsilon: 0.901
2026-03-17 06:16:25 | INFO | Episode   12 - Reward: -4.700, Length: 40, Loss: 1.6696, Epsilon: 0.892
2026-03-17 06:16:26 | INFO | Episode   13 - Reward: 7.750, Length: 28, Loss: 2.5183, Epsilon: 0.883
2026-03-17 06:16:27 | INFO | Episode   14 - Reward: -4.700, Length: 40, Loss: 1.5395, Epsilon: 0.874
2026-03-17 06:16:28 | INFO | Episode   15 - Reward: -5.150, Length: 40, Loss: 0.9118, Epsilon: 0.865
2026-03-17 06:16:29 | INFO | Episode   16 - Reward: -5.450, Length: 40, Loss: 1.6949, Epsilon: 0.856
2026-03-17 06:16:31 | INFO | Episode   17 - Reward: -5.450, Length: 40, Loss: 1.5872, Epsilon: 0.847
2026-03-17 06:16:32 | INFO | Episode   18 - Reward: -4.400, Length: 40, Loss: 0.0340, Epsilon: 0.838
2026-03-17 06:16:33 | INFO | Episode   19 - Reward: -5.750, Length: 40, Loss: 4.8989, Epsilon: 0.829
2026-03-17 06:16:34 | INFO | Episode   20 - Reward: -7.250, Length: 40, Loss: 0.9537, Epsilon: 0.820
2026-03-17 06:16:35 | INFO | Episode   21 - Reward: -6.050, Length: 40, Loss: 0.0871, Epsilon: 0.811
2026-03-17 06:16:36 | INFO | Episode   22 - Reward: -4.700, Length: 40, Loss: 0.9393, Epsilon: 0.802
2026-03-17 06:16:37 | INFO | Episode   23 - Reward: -4.700, Length: 40, Loss: 0.8707, Epsilon: 0.793
2026-03-17 06:16:38 | INFO | Episode   24 - Reward: -6.500, Length: 40, Loss: 0.8613, Epsilon: 0.784
2026-03-17 06:16:40 | INFO | Episode   25 - Reward: -4.250, Length: 40, Loss: 0.0861, Epsilon: 0.775
2026-03-17 06:16:41 | INFO | Episode   26 - Reward: -4.550, Length: 40, Loss: 0.0556, Epsilon: 0.766
2026-03-17 06:16:42 | INFO | Episode   27 - Reward: 7.550, Length: 23, Loss: 0.1190, Epsilon: 0.757
2026-03-17 06:16:42 | INFO | Episode   28 - Reward: -4.100, Length: 40, Loss: 0.0887, Epsilon: 0.748
2026-03-17 06:16:44 | INFO | Episode   29 - Reward: -4.850, Length: 40, Loss: 2.4145, Epsilon: 0.739
2026-03-17 06:16:45 | INFO | Episode   30 - Reward: -3.200, Length: 40, Loss: 0.8729, Epsilon: 0.730
2026-03-17 06:16:46 | INFO | Episode   31 - Reward: -3.800, Length: 40, Loss: 0.1176, Epsilon: 0.721
2026-03-17 06:16:47 | INFO | Episode   32 - Reward: -5.900, Length: 40, Loss: 0.8298, Epsilon: 0.712
2026-03-17 06:16:49 | INFO | Episode   33 - Reward: 7.850, Length: 23, Loss: 0.8468, Epsilon: 0.703
2026-03-17 06:16:50 | INFO | Episode   34 - Reward: 8.950, Length: 13, Loss: 1.6023, Epsilon: 0.694
2026-03-17 06:16:51 | INFO | Episode   35 - Reward: -4.400, Length: 40, Loss: 1.7104, Epsilon: 0.685
2026-03-17 06:16:52 | INFO | Episode   36 - Reward: 7.050, Length: 24, Loss: 0.9234, Epsilon: 0.676
2026-03-17 06:16:53 | INFO | Episode   37 - Reward: 8.250, Length: 18, Loss: 0.0412, Epsilon: 0.667
2026-03-17 06:16:54 | INFO | Episode   38 - Reward: 7.350, Length: 21, Loss: 0.0859, Epsilon: 0.658
2026-03-17 06:16:56 | INFO | Episode   39 - Reward: 6.450, Length: 30, Loss: 0.0860, Epsilon: 0.649
2026-03-17 06:16:57 | INFO | Episode   40 - Reward: -4.250, Length: 40, Loss: 1.5789, Epsilon: 0.640
2026-03-17 06:16:58 | INFO | Episode   41 - Reward: 6.650, Length: 35, Loss: 2.3232, Epsilon: 0.631
2026-03-17 06:16:59 | INFO | Episode   42 - Reward: 9.250, Length: 13, Loss: 3.7789, Epsilon: 0.622
2026-03-17 06:17:00 | INFO | Episode   43 - Reward: -11.450, Length: 40, Loss: 1.5303, Epsilon: 0.613
2026-03-17 06:17:01 | INFO | Episode   44 - Reward: -5.000, Length: 40, Loss: 0.9047, Epsilon: 0.604
2026-03-17 06:17:02 | INFO | Episode   45 - Reward: 8.150, Length: 20, Loss: 0.0693, Epsilon: 0.595
2026-03-17 06:17:03 | INFO | Episode   46 - Reward: 9.150, Length: 12, Loss: 0.9390, Epsilon: 0.586
2026-03-17 06:17:04 | INFO | Episode   47 - Reward: 7.650, Length: 24, Loss: 2.3310, Epsilon: 0.577
2026-03-17 06:17:06 | INFO | Episode   48 - Reward: -5.450, Length: 40, Loss: 1.5646, Epsilon: 0.568
2026-03-17 06:17:07 | INFO | Episode   49 - Reward: 4.200, Length: 30, Loss: 0.8286, Epsilon: 0.559
2026-03-17 06:17:08 | INFO | Episode   50 - Reward: -7.700, Length: 40, Loss: 1.6374, Epsilon: 0.550
2026-03-17 06:17:24 | INFO | [Episode   50] eps=0.550  avg_reward=  -0.949  avg_length= 34.28  avg_loss=  1.2352  eval_success=0.000
2026-03-17 06:17:25 | INFO | Episode   51 - Reward: -5.150, Length: 40, Loss: 0.8405, Epsilon: 0.541
2026-03-17 06:17:26 | INFO | Episode   52 - Reward: -5.300, Length: 40, Loss: 1.6281, Epsilon: 0.532
2026-03-17 06:17:27 | INFO | Episode   53 - Reward: 7.050, Length: 27, Loss: 0.0408, Epsilon: 0.523
2026-03-17 06:17:28 | INFO | Episode   54 - Reward: 5.800, Length: 25, Loss: 0.7884, Epsilon: 0.514
2026-03-17 06:17:29 | INFO | Episode   55 - Reward: 6.550, Length: 28, Loss: 0.7894, Epsilon: 0.505
2026-03-17 06:17:30 | INFO | Episode   56 - Reward: 9.050, Length: 14, Loss: 0.8407, Epsilon: 0.496
2026-03-17 06:17:31 | INFO | Episode   57 - Reward: 6.100, Length: 22, Loss: 0.0399, Epsilon: 0.487
2026-03-17 06:17:32 | INFO | Episode   58 - Reward: -6.800, Length: 40, Loss: 1.5541, Epsilon: 0.478
2026-03-17 06:17:34 | INFO | Episode   59 - Reward: 8.250, Length: 15, Loss: 0.0506, Epsilon: 0.469
2026-03-17 06:17:35 | INFO | Episode   60 - Reward: -0.200, Length: 37, Loss: 0.8411, Epsilon: 0.460
2026-03-17 06:17:36 | INFO | Episode   61 - Reward: -5.600, Length: 40, Loss: 0.8054, Epsilon: 0.451
2026-03-17 06:17:37 | INFO | Episode   62 - Reward: -1.850, Length: 37, Loss: 2.3305, Epsilon: 0.442
2026-03-17 06:17:38 | INFO | Episode   63 - Reward: 7.850, Length: 20, Loss: 0.8107, Epsilon: 0.433
2026-03-17 06:17:39 | INFO | Episode   64 - Reward: 9.250, Length: 10, Loss: 1.6301, Epsilon: 0.424
2026-03-17 06:17:40 | INFO | Episode   65 - Reward: -6.650, Length: 40, Loss: 0.8377, Epsilon: 0.415
2026-03-17 06:17:41 | INFO | Episode   66 - Reward: 9.250, Length: 10, Loss: 1.6175, Epsilon: 0.406
2026-03-17 06:17:42 | INFO | Episode   67 - Reward: -6.200, Length: 40, Loss: 1.5648, Epsilon: 0.397
2026-03-17 06:17:43 | INFO | Episode   68 - Reward: 9.450, Length: 9, Loss: 1.5336, Epsilon: 0.388
2026-03-17 06:17:44 | INFO | Episode   69 - Reward: 4.150, Length: 40, Loss: 1.5538, Epsilon: 0.379
2026-03-17 06:17:45 | INFO | Episode   70 - Reward: 5.550, Length: 30, Loss: 2.3401, Epsilon: 0.370
2026-03-17 06:17:46 | INFO | Episode   71 - Reward: 7.150, Length: 22, Loss: 0.8194, Epsilon: 0.361
2026-03-17 06:17:47 | INFO | Episode   72 - Reward: 4.550, Length: 38, Loss: 1.6286, Epsilon: 0.352
2026-03-17 06:17:48 | INFO | Episode   73 - Reward: -5.300, Length: 40, Loss: 3.7491, Epsilon: 0.343
2026-03-17 06:17:49 | INFO | Episode   74 - Reward: 7.050, Length: 21, Loss: 0.8373, Epsilon: 0.334
2026-03-17 06:17:50 | INFO | Episode   75 - Reward: 8.250, Length: 15, Loss: 0.0795, Epsilon: 0.325
2026-03-17 06:17:51 | INFO | Episode   76 - Reward: 7.050, Length: 21, Loss: 1.5659, Epsilon: 0.316
2026-03-17 06:17:52 | INFO | Episode   77 - Reward: 9.150, Length: 12, Loss: 0.8243, Epsilon: 0.307
2026-03-17 06:17:54 | INFO | Episode   78 - Reward: -6.500, Length: 40, Loss: 1.5487, Epsilon: 0.298
2026-03-17 06:17:55 | INFO | Episode   79 - Reward: 9.050, Length: 14, Loss: 2.1948, Epsilon: 0.289
2026-03-17 06:17:56 | INFO | Episode   80 - Reward: 9.050, Length: 11, Loss: 0.7653, Epsilon: 0.280
2026-03-17 06:17:57 | INFO | Episode   81 - Reward: 9.650, Length: 8, Loss: 1.5412, Epsilon: 0.271
2026-03-17 06:17:58 | INFO | Episode   82 - Reward: 9.650, Length: 8, Loss: 0.7673, Epsilon: 0.262
2026-03-17 06:17:59 | INFO | Episode   83 - Reward: 9.250, Length: 13, Loss: 0.8776, Epsilon: 0.253
2026-03-17 06:18:00 | INFO | Episode   84 - Reward: 9.550, Length: 10, Loss: 0.7676, Epsilon: 0.244
2026-03-17 06:18:01 | INFO | Episode   85 - Reward: 7.350, Length: 24, Loss: 3.7287, Epsilon: 0.235
2026-03-17 06:18:02 | INFO | Episode   86 - Reward: 7.750, Length: 22, Loss: 1.5295, Epsilon: 0.226
2026-03-17 06:18:04 | INFO | Episode   87 - Reward: 9.650, Length: 8, Loss: 3.5884, Epsilon: 0.217
2026-03-17 06:18:05 | INFO | Episode   88 - Reward: 6.700, Length: 16, Loss: 0.7826, Epsilon: 0.208
2026-03-17 06:18:06 | INFO | Episode   89 - Reward: 9.350, Length: 11, Loss: 1.4507, Epsilon: 0.199
2026-03-17 06:18:07 | INFO | Episode   90 - Reward: 9.150, Length: 15, Loss: 3.0003, Epsilon: 0.190
2026-03-17 06:18:08 | INFO | Episode   91 - Reward: 9.450, Length: 9, Loss: 1.4519, Epsilon: 0.181
2026-03-17 06:18:09 | INFO | Episode   92 - Reward: 9.450, Length: 9, Loss: 3.6182, Epsilon: 0.172
2026-03-17 06:18:10 | INFO | Episode   93 - Reward: 9.650, Length: 8, Loss: 2.1987, Epsilon: 0.163
2026-03-17 06:18:11 | INFO | Episode   94 - Reward: 9.650, Length: 8, Loss: 2.8282, Epsilon: 0.154
2026-03-17 06:18:12 | INFO | Episode   95 - Reward: 9.150, Length: 12, Loss: 1.4793, Epsilon: 0.145
2026-03-17 06:18:13 | INFO | Episode   96 - Reward: 9.550, Length: 10, Loss: 2.8953, Epsilon: 0.136
2026-03-17 06:18:14 | INFO | Episode   97 - Reward: 9.650, Length: 8, Loss: 2.8245, Epsilon: 0.127
2026-03-17 06:18:16 | INFO | Episode   98 - Reward: 9.450, Length: 9, Loss: 3.6102, Epsilon: 0.118
2026-03-17 06:18:16 | INFO | Episode   99 - Reward: 8.150, Length: 17, Loss: 2.1976, Epsilon: 0.109
2026-03-17 06:18:17 | INFO | Episode  100 - Reward: -7.100, Length: 40, Loss: 0.0862, Epsilon: 0.100
2026-03-17 06:18:29 | INFO | [Episode  100] eps=0.100  avg_reward=   5.303  avg_length= 21.26  avg_loss=  1.5535  eval_success=0.000
2026-03-17 06:18:30 | INFO | Episode  101 - Reward: 4.850, Length: 35, Loss: 2.2085, Epsilon: 0.100
2026-03-17 06:18:31 | INFO | Episode  102 - Reward: -7.250, Length: 40, Loss: 0.7356, Epsilon: 0.100
2026-03-17 06:18:32 | INFO | Episode  103 - Reward: 9.250, Length: 10, Loss: 0.7403, Epsilon: 0.100
2026-03-17 06:18:33 | INFO | Episode  104 - Reward: 8.450, Length: 14, Loss: 2.0930, Epsilon: 0.100
2026-03-17 06:18:34 | INFO | Episode  105 - Reward: 8.150, Length: 17, Loss: 4.1200, Epsilon: 0.100
2026-03-17 06:18:35 | INFO | Episode  106 - Reward: 1.150, Length: 34, Loss: 1.4830, Epsilon: 0.100
2026-03-17 06:18:35 | INFO | Episode  107 - Reward: -6.650, Length: 40, Loss: 1.4186, Epsilon: 0.100
2026-03-17 06:18:36 | INFO | Episode  108 - Reward: 6.650, Length: 23, Loss: 2.2815, Epsilon: 0.100
2026-03-17 06:18:37 | INFO | Episode  109 - Reward: -7.250, Length: 40, Loss: 3.5227, Epsilon: 0.100
2026-03-17 06:18:38 | INFO | Episode  110 - Reward: -7.100, Length: 40, Loss: 1.4088, Epsilon: 0.100
2026-03-17 06:18:39 | INFO | Episode  111 - Reward: 8.050, Length: 16, Loss: 1.4045, Epsilon: 0.100
2026-03-17 06:18:40 | INFO | Episode  112 - Reward: 6.050, Length: 26, Loss: 2.1579, Epsilon: 0.100
2026-03-17 06:18:41 | INFO | Episode  113 - Reward: -7.250, Length: 40, Loss: 4.1251, Epsilon: 0.100
2026-03-17 06:18:41 | INFO | Episode  114 - Reward: 7.550, Length: 20, Loss: 1.4653, Epsilon: 0.100
2026-03-17 06:18:42 | INFO | Episode  115 - Reward: 3.450, Length: 39, Loss: 3.9898, Epsilon: 0.100
2026-03-17 06:18:43 | INFO | Episode  116 - Reward: -7.250, Length: 40, Loss: 0.7118, Epsilon: 0.100
2026-03-17 06:18:44 | INFO | Episode  117 - Reward: -7.550, Length: 40, Loss: 0.7057, Epsilon: 0.100
2026-03-17 06:18:45 | INFO | Episode  118 - Reward: -7.250, Length: 40, Loss: 4.7184, Epsilon: 0.100
2026-03-17 06:18:46 | INFO | Episode  119 - Reward: -7.250, Length: 40, Loss: 0.7146, Epsilon: 0.100
2026-03-17 06:18:47 | INFO | Episode  120 - Reward: 9.450, Length: 9, Loss: 3.3160, Epsilon: 0.100
2026-03-17 06:18:47 | INFO | Episode  121 - Reward: -7.250, Length: 40, Loss: 0.0639, Epsilon: 0.100
2026-03-17 06:18:48 | INFO | Episode  122 - Reward: -6.350, Length: 40, Loss: 0.6862, Epsilon: 0.100
2026-03-17 06:18:49 | INFO | Episode  123 - Reward: 3.950, Length: 38, Loss: 2.0298, Epsilon: 0.100
2026-03-17 06:18:49 | INFO | Episode  124 - Reward: -7.550, Length: 40, Loss: 3.3864, Epsilon: 0.100
2026-03-17 06:18:50 | INFO | Episode  125 - Reward: 9.250, Length: 10, Loss: 1.3642, Epsilon: 0.100
2026-03-17 06:18:51 | INFO | Episode  126 - Reward: 9.650, Length: 8, Loss: 3.2649, Epsilon: 0.100
2026-03-17 06:18:52 | INFO | Episode  127 - Reward: -7.250, Length: 40, Loss: 0.0497, Epsilon: 0.100
2026-03-17 06:18:53 | INFO | Episode  128 - Reward: 5.250, Length: 30, Loss: 3.8228, Epsilon: 0.100
2026-03-17 06:18:54 | INFO | Episode  129 - Reward: -7.250, Length: 40, Loss: 1.9672, Epsilon: 0.100
2026-03-17 06:18:55 | INFO | Episode  130 - Reward: -6.650, Length: 40, Loss: 4.4055, Epsilon: 0.100
2026-03-17 06:18:56 | INFO | Episode  131 - Reward: -7.250, Length: 40, Loss: 2.5571, Epsilon: 0.100
2026-03-17 06:18:56 | INFO | Episode  132 - Reward: -7.550, Length: 40, Loss: 2.4987, Epsilon: 0.100
2026-03-17 06:18:57 | INFO | Episode  133 - Reward: -6.650, Length: 40, Loss: 2.0767, Epsilon: 0.100
2026-03-17 06:18:58 | INFO | Episode  134 - Reward: 5.950, Length: 28, Loss: 2.0990, Epsilon: 0.100
2026-03-17 06:18:59 | INFO | Episode  135 - Reward: 6.850, Length: 22, Loss: 1.3139, Epsilon: 0.100
2026-03-17 06:19:00 | INFO | Episode  136 - Reward: 8.950, Length: 13, Loss: 2.0516, Epsilon: 0.100
2026-03-17 06:19:01 | INFO | Episode  137 - Reward: 4.450, Length: 34, Loss: 2.0350, Epsilon: 0.100
2026-03-17 06:19:02 | INFO | Episode  138 - Reward: -7.250, Length: 40, Loss: 0.6712, Epsilon: 0.100
2026-03-17 06:19:03 | INFO | Episode  139 - Reward: 4.750, Length: 37, Loss: 1.2907, Epsilon: 0.100
2026-03-17 06:19:03 | INFO | Episode  140 - Reward: -7.250, Length: 40, Loss: 3.0937, Epsilon: 0.100
2026-03-17 06:19:04 | INFO | Episode  141 - Reward: 5.250, Length: 33, Loss: 3.0522, Epsilon: 0.100
2026-03-17 06:19:05 | INFO | Episode  142 - Reward: 7.950, Length: 18, Loss: 2.4858, Epsilon: 0.100
2026-03-17 06:19:06 | INFO | Episode  143 - Reward: -7.550, Length: 40, Loss: 1.2565, Epsilon: 0.100
2026-03-17 06:19:07 | INFO | Episode  144 - Reward: -6.650, Length: 40, Loss: 3.0723, Epsilon: 0.100
2026-03-17 06:19:08 | INFO | Episode  145 - Reward: 4.850, Length: 32, Loss: 1.2299, Epsilon: 0.100
2026-03-17 06:19:09 | INFO | Episode  146 - Reward: -7.550, Length: 40, Loss: 2.5409, Epsilon: 0.100
2026-03-17 06:19:09 | INFO | Episode  147 - Reward: 5.350, Length: 31, Loss: 2.4098, Epsilon: 0.100
2026-03-17 06:19:10 | INFO | Episode  148 - Reward: 4.650, Length: 33, Loss: 2.9329, Epsilon: 0.100
2026-03-17 06:19:11 | INFO | Episode  149 - Reward: 9.250, Length: 10, Loss: 1.7788, Epsilon: 0.100
2026-03-17 06:19:12 | INFO | Episode  150 - Reward: 3.650, Length: 38, Loss: 2.8863, Epsilon: 0.100
2026-03-17 06:19:26 | INFO | [Episode  150] eps=0.100  avg_reward=   0.165  avg_length= 31.56  avg_loss=  2.1539  eval_success=0.000
2026-03-17 06:19:27 | INFO | Episode  151 - Reward: -7.550, Length: 40, Loss: 4.0276, Epsilon: 0.100
2026-03-17 06:19:29 | INFO | Episode  152 - Reward: 8.950, Length: 13, Loss: 2.2778, Epsilon: 0.100
2026-03-17 06:19:30 | INFO | Episode  153 - Reward: -6.650, Length: 40, Loss: 3.0281, Epsilon: 0.100
2026-03-17 06:19:31 | INFO | Episode  154 - Reward: 8.750, Length: 14, Loss: 2.2595, Epsilon: 0.100
2026-03-17 06:19:32 | INFO | Episode  155 - Reward: -7.100, Length: 40, Loss: 1.1717, Epsilon: 0.100
2026-03-17 06:19:33 | INFO | Episode  156 - Reward: -7.400, Length: 40, Loss: 2.2426, Epsilon: 0.100
2026-03-17 06:19:34 | INFO | Episode  157 - Reward: 6.450, Length: 24, Loss: 3.9080, Epsilon: 0.100
2026-03-17 06:19:35 | INFO | Episode  158 - Reward: -7.550, Length: 40, Loss: 2.7820, Epsilon: 0.100
2026-03-17 06:19:36 | INFO | Episode  159 - Reward: 9.450, Length: 9, Loss: 1.6348, Epsilon: 0.100
2026-03-17 06:19:38 | INFO | Episode  160 - Reward: 8.650, Length: 13, Loss: 2.1719, Epsilon: 0.100
2026-03-17 06:19:39 | INFO | Episode  161 - Reward: -7.250, Length: 40, Loss: 0.5700, Epsilon: 0.100
2026-03-17 06:19:40 | INFO | Episode  162 - Reward: 5.250, Length: 30, Loss: 0.5868, Epsilon: 0.100
2026-03-17 06:19:41 | INFO | Episode  163 - Reward: -7.250, Length: 40, Loss: 0.5829, Epsilon: 0.100
2026-03-17 06:19:42 | INFO | Episode  164 - Reward: -6.650, Length: 40, Loss: 2.6515, Epsilon: 0.100
2026-03-17 06:19:43 | INFO | Episode  165 - Reward: -6.650, Length: 40, Loss: 2.1431, Epsilon: 0.100
2026-03-17 06:19:44 | INFO | Episode  166 - Reward: 8.450, Length: 14, Loss: 3.1586, Epsilon: 0.100
2026-03-17 06:19:45 | INFO | Episode  167 - Reward: 3.250, Length: 40, Loss: 2.8448, Epsilon: 0.100
2026-03-17 06:19:46 | INFO | Episode  168 - Reward: 5.750, Length: 29, Loss: 1.6560, Epsilon: 0.100
2026-03-17 06:19:48 | INFO | Episode  169 - Reward: 4.050, Length: 36, Loss: 3.0753, Epsilon: 0.100
2026-03-17 06:19:49 | INFO | Episode  170 - Reward: -7.550, Length: 40, Loss: 1.8089, Epsilon: 0.100
2026-03-17 06:19:50 | INFO | Episode  171 - Reward: 6.850, Length: 22, Loss: 2.5491, Epsilon: 0.100
2026-03-17 06:19:51 | INFO | Episode  172 - Reward: 4.150, Length: 37, Loss: 0.5555, Epsilon: 0.100
2026-03-17 06:19:52 | INFO | Episode  173 - Reward: 5.650, Length: 28, Loss: 1.7957, Epsilon: 0.100
2026-03-17 06:19:53 | INFO | Episode  174 - Reward: 9.650, Length: 8, Loss: 1.5653, Epsilon: 0.100
2026-03-17 06:19:54 | INFO | Episode  175 - Reward: 9.250, Length: 10, Loss: 1.5217, Epsilon: 0.100
2026-03-17 06:19:55 | INFO | Episode  176 - Reward: -7.400, Length: 40, Loss: 1.0241, Epsilon: 0.100
2026-03-17 06:19:56 | INFO | Episode  177 - Reward: -7.550, Length: 40, Loss: 2.0031, Epsilon: 0.100
2026-03-17 06:19:57 | INFO | Episode  178 - Reward: 8.650, Length: 13, Loss: 0.5719, Epsilon: 0.100
2026-03-17 06:19:59 | INFO | Episode  179 - Reward: 3.650, Length: 38, Loss: 1.4990, Epsilon: 0.100
2026-03-17 06:20:00 | INFO | Episode  180 - Reward: 7.250, Length: 20, Loss: 0.5309, Epsilon: 0.100
2026-03-17 06:20:01 | INFO | Episode  181 - Reward: -7.250, Length: 40, Loss: 1.9620, Epsilon: 0.100
2026-03-17 06:20:02 | INFO | Episode  182 - Reward: 9.650, Length: 8, Loss: 0.9949, Epsilon: 0.100
2026-03-17 06:20:03 | INFO | Episode  183 - Reward: 8.050, Length: 16, Loss: 1.4548, Epsilon: 0.100
2026-03-17 06:20:04 | INFO | Episode  184 - Reward: -7.550, Length: 40, Loss: 2.3825, Epsilon: 0.100
2026-03-17 06:20:05 | INFO | Episode  185 - Reward: -7.250, Length: 40, Loss: 1.9301, Epsilon: 0.100
2026-03-17 06:20:05 | INFO | Episode  186 - Reward: -7.400, Length: 40, Loss: 0.5401, Epsilon: 0.100
2026-03-17 06:20:07 | INFO | Episode  187 - Reward: -7.250, Length: 40, Loss: 0.5083, Epsilon: 0.100
2026-03-17 06:20:08 | INFO | Episode  188 - Reward: 5.850, Length: 30, Loss: 0.9919, Epsilon: 0.100
2026-03-17 06:20:09 | INFO | Episode  189 - Reward: -6.950, Length: 40, Loss: 0.5457, Epsilon: 0.100
2026-03-17 06:20:10 | INFO | Episode  190 - Reward: -7.550, Length: 40, Loss: 0.5101, Epsilon: 0.100
2026-03-17 06:20:11 | INFO | Episode  191 - Reward: 9.050, Length: 11, Loss: 0.5831, Epsilon: 0.100
2026-03-17 06:20:12 | INFO | Episode  192 - Reward: -7.250, Length: 40, Loss: 1.8794, Epsilon: 0.100
2026-03-17 06:20:13 | INFO | Episode  193 - Reward: -6.950, Length: 40, Loss: 0.5318, Epsilon: 0.100
2026-03-17 06:20:14 | INFO | Episode  194 - Reward: -7.250, Length: 40, Loss: 0.9510, Epsilon: 0.100
2026-03-17 06:20:15 | INFO | Episode  195 - Reward: 8.050, Length: 16, Loss: 0.9446, Epsilon: 0.100
2026-03-17 06:20:16 | INFO | Episode  196 - Reward: -7.550, Length: 40, Loss: 0.0846, Epsilon: 0.100
2026-03-17 06:20:18 | INFO | Episode  197 - Reward: 7.650, Length: 18, Loss: 0.9534, Epsilon: 0.100
2026-03-17 06:20:19 | INFO | Episode  198 - Reward: -6.500, Length: 40, Loss: 0.9793, Epsilon: 0.100
2026-03-17 06:20:20 | INFO | Episode  199 - Reward: -7.250, Length: 40, Loss: 1.0171, Epsilon: 0.100
2026-03-17 06:20:21 | INFO | Episode  200 - Reward: 9.650, Length: 8, Loss: 0.5256, Epsilon: 0.100
2026-03-17 06:20:24 | INFO | [Episode  200] eps=0.100  avg_reward=   0.031  avg_length= 30.10  avg_loss=  1.5694  eval_success=1.000
2026-03-17 06:20:26 | INFO | Episode  201 - Reward: 9.050, Length: 11, Loss: 0.4832, Epsilon: 0.100
2026-03-17 06:20:27 | INFO | Episode  202 - Reward: 9.650, Length: 8, Loss: 0.4896, Epsilon: 0.100
2026-03-17 06:20:28 | INFO | Episode  203 - Reward: 9.450, Length: 9, Loss: 0.0405, Epsilon: 0.100
2026-03-17 06:20:29 | INFO | Episode  204 - Reward: -7.250, Length: 40, Loss: 0.9964, Epsilon: 0.100
2026-03-17 06:20:30 | INFO | Episode  205 - Reward: 9.650, Length: 8, Loss: 1.4218, Epsilon: 0.100
2026-03-17 06:20:31 | INFO | Episode  206 - Reward: 9.550, Length: 10, Loss: 2.3069, Epsilon: 0.100
2026-03-17 06:20:32 | INFO | Episode  207 - Reward: 9.650, Length: 8, Loss: 0.5831, Epsilon: 0.100
2026-03-17 06:20:34 | INFO | Episode  208 - Reward: 9.650, Length: 8, Loss: 1.3466, Epsilon: 0.100
2026-03-17 06:20:35 | INFO | Episode  209 - Reward: 9.650, Length: 8, Loss: 0.5065, Epsilon: 0.100
2026-03-17 06:20:36 | INFO | Episode  210 - Reward: 9.550, Length: 10, Loss: 1.3568, Epsilon: 0.100
2026-03-17 06:20:37 | INFO | Episode  211 - Reward: 9.650, Length: 8, Loss: 0.9427, Epsilon: 0.100
2026-03-17 06:20:37 | INFO | Episode  212 - Reward: 9.450, Length: 9, Loss: 0.9332, Epsilon: 0.100
2026-03-17 06:20:38 | INFO | Episode  213 - Reward: 9.650, Length: 8, Loss: 1.3112, Epsilon: 0.100
2026-03-17 06:20:39 | INFO | Episode  214 - Reward: 9.650, Length: 8, Loss: 1.3499, Epsilon: 0.100
2026-03-17 06:20:41 | INFO | Episode  215 - Reward: 9.250, Length: 10, Loss: 0.9284, Epsilon: 0.100
2026-03-17 06:20:42 | INFO | Episode  216 - Reward: 9.450, Length: 9, Loss: 1.3060, Epsilon: 0.100
2026-03-17 06:20:43 | INFO | Episode  217 - Reward: 9.550, Length: 10, Loss: 2.1048, Epsilon: 0.100
2026-03-17 06:20:44 | INFO | Episode  218 - Reward: 9.450, Length: 9, Loss: 0.4488, Epsilon: 0.100
2026-03-17 06:20:45 | INFO | Episode  219 - Reward: 9.650, Length: 8, Loss: 1.7534, Epsilon: 0.100
2026-03-17 06:20:46 | INFO | Episode  220 - Reward: 9.650, Length: 8, Loss: 2.9289, Epsilon: 0.100
2026-03-17 06:20:47 | INFO | Episode  221 - Reward: 9.650, Length: 8, Loss: 0.9332, Epsilon: 0.100
2026-03-17 06:20:48 | INFO | Episode  222 - Reward: 9.650, Length: 8, Loss: 1.2788, Epsilon: 0.100
2026-03-17 06:20:49 | INFO | Episode  223 - Reward: 9.650, Length: 8, Loss: 2.0168, Epsilon: 0.100
2026-03-17 06:20:51 | INFO | Episode  224 - Reward: 9.650, Length: 8, Loss: 0.8522, Epsilon: 0.100
2026-03-17 06:20:52 | INFO | Episode  225 - Reward: 9.650, Length: 8, Loss: 2.0332, Epsilon: 0.100
2026-03-17 06:20:53 | INFO | Episode  226 - Reward: 9.650, Length: 8, Loss: 1.2144, Epsilon: 0.100
2026-03-17 06:20:54 | INFO | Episode  227 - Reward: 9.650, Length: 8, Loss: 0.8516, Epsilon: 0.100
2026-03-17 06:20:55 | INFO | Episode  228 - Reward: 9.650, Length: 8, Loss: 1.9830, Epsilon: 0.100
2026-03-17 06:20:56 | INFO | Episode  229 - Reward: 9.650, Length: 8, Loss: 2.6762, Epsilon: 0.100
2026-03-17 06:20:57 | INFO | Episode  230 - Reward: -8.600, Length: 40, Loss: 0.1095, Epsilon: 0.100
2026-03-17 06:20:58 | INFO | Episode  231 - Reward: 4.200, Length: 27, Loss: 0.4610, Epsilon: 0.100
2026-03-17 06:20:59 | INFO | Episode  232 - Reward: 9.650, Length: 8, Loss: 0.9471, Epsilon: 0.100
2026-03-17 06:21:01 | INFO | Episode  233 - Reward: 9.450, Length: 9, Loss: 1.5750, Epsilon: 0.100
2026-03-17 06:21:01 | INFO | Episode  234 - Reward: 9.650, Length: 8, Loss: 0.8334, Epsilon: 0.100
2026-03-17 06:21:02 | INFO | Episode  235 - Reward: 9.450, Length: 9, Loss: 1.2401, Epsilon: 0.100
2026-03-17 06:21:03 | INFO | Episode  236 - Reward: 9.450, Length: 9, Loss: 1.1303, Epsilon: 0.100
2026-03-17 06:21:04 | INFO | Episode  237 - Reward: 9.650, Length: 8, Loss: 1.1770, Epsilon: 0.100
2026-03-17 06:21:05 | INFO | Episode  238 - Reward: -9.200, Length: 40, Loss: 0.9774, Epsilon: 0.100
2026-03-17 06:21:06 | INFO | Episode  239 - Reward: 9.450, Length: 9, Loss: 1.5088, Epsilon: 0.100
2026-03-17 06:21:07 | INFO | Episode  240 - Reward: 9.650, Length: 8, Loss: 1.9718, Epsilon: 0.100
2026-03-17 06:21:08 | INFO | Episode  241 - Reward: 9.450, Length: 9, Loss: 2.1928, Epsilon: 0.100
2026-03-17 06:21:09 | INFO | Episode  242 - Reward: 9.450, Length: 9, Loss: 1.7707, Epsilon: 0.100
2026-03-17 06:21:09 | INFO | Episode  243 - Reward: 9.650, Length: 8, Loss: 1.7124, Epsilon: 0.100
2026-03-17 06:21:10 | INFO | Episode  244 - Reward: 9.350, Length: 11, Loss: 0.6318, Epsilon: 0.100
2026-03-17 06:21:11 | INFO | Episode  245 - Reward: 9.650, Length: 8, Loss: 1.8713, Epsilon: 0.100
2026-03-17 06:21:12 | INFO | Episode  246 - Reward: 9.550, Length: 10, Loss: 2.4532, Epsilon: 0.100
2026-03-17 06:21:12 | INFO | Episode  247 - Reward: 9.350, Length: 11, Loss: 2.1235, Epsilon: 0.100
2026-03-17 06:21:13 | INFO | Episode  248 - Reward: 9.650, Length: 8, Loss: 0.8553, Epsilon: 0.100
2026-03-17 06:21:14 | INFO | Episode  249 - Reward: 9.650, Length: 8, Loss: 2.3412, Epsilon: 0.100
2026-03-17 06:21:15 | INFO | Episode  250 - Reward: -7.400, Length: 40, Loss: 1.9928, Epsilon: 0.100
2026-03-17 06:21:18 | INFO | [Episode  250] eps=0.100  avg_reward=   8.040  avg_length= 11.52  avg_loss=  1.3451  eval_success=1.000
