2026-03-17 06:05:30 | INFO | ============================================================
2026-03-17 06:05:30 | INFO | DEVICE / COMPUTE INFORMATION
2026-03-17 06:05:30 | INFO |   JAX backend       : GPU
2026-03-17 06:05:30 | INFO |   Platform          : gpu
2026-03-17 06:05:30 | INFO |   Num devices       : 1
2026-03-17 06:05:30 | INFO |   Device            : cuda:0
2026-03-17 06:05:30 | INFO |   GPU name          : NVIDIA GeForce RTX 5060 Laptop GPU
2026-03-17 06:05:30 | INFO | ============================================================
2026-03-17 06:05:30 | INFO | ✓ JAX GPU backend confirmed.
2026-03-17 06:05:32 | INFO | DQN seed=6_gamma=0.99_lr=0.1
2026-03-17 06:05:34 | INFO | Episode    1 - Reward: -10.850, Length: 40, Loss: 0.0000, Epsilon: 0.991
2026-03-17 06:05:35 | INFO | Episode    2 - Reward: -5.300, Length: 40, Loss: 0.0000, Epsilon: 0.982
2026-03-17 06:05:39 | INFO | Episode    3 - Reward: -0.650, Length: 31, Loss: 2.4972, Epsilon: 0.973
2026-03-17 06:05:40 | INFO | Episode    4 - Reward: 5.400, Length: 24, Loss: 2.6168, Epsilon: 0.964
2026-03-17 06:05:41 | INFO | Episode    5 - Reward: -4.100, Length: 40, Loss: 1.4953, Epsilon: 0.955
2026-03-17 06:05:42 | INFO | Episode    6 - Reward: -8.450, Length: 40, Loss: 0.2347, Epsilon: 0.946
2026-03-17 06:05:43 | INFO | Episode    7 - Reward: 4.500, Length: 36, Loss: 0.2434, Epsilon: 0.937
2026-03-17 06:05:44 | INFO | Episode    8 - Reward: 3.250, Length: 37, Loss: 0.8287, Epsilon: 0.928
2026-03-17 06:05:45 | INFO | Episode    9 - Reward: -5.900, Length: 40, Loss: 0.2796, Epsilon: 0.919
2026-03-17 06:05:46 | INFO | Episode   10 - Reward: -4.850, Length: 40, Loss: 0.0877, Epsilon: 0.910
2026-03-17 06:05:47 | INFO | Episode   11 - Reward: 4.700, Length: 35, Loss: 0.6559, Epsilon: 0.901
2026-03-17 06:05:48 | INFO | Episode   12 - Reward: -4.700, Length: 40, Loss: 0.8298, Epsilon: 0.892
2026-03-17 06:05:49 | INFO | Episode   13 - Reward: 7.750, Length: 28, Loss: 1.7015, Epsilon: 0.883
2026-03-17 06:05:50 | INFO | Episode   14 - Reward: -4.550, Length: 40, Loss: 0.2525, Epsilon: 0.874
2026-03-17 06:05:51 | INFO | Episode   15 - Reward: -5.150, Length: 40, Loss: 0.7106, Epsilon: 0.865
2026-03-17 06:05:53 | INFO | Episode   16 - Reward: -6.950, Length: 40, Loss: 1.3007, Epsilon: 0.856
2026-03-17 06:05:54 | INFO | Episode   17 - Reward: -5.450, Length: 40, Loss: 0.2718, Epsilon: 0.847
2026-03-17 06:05:55 | INFO | Episode   18 - Reward: -4.400, Length: 40, Loss: 1.8623, Epsilon: 0.838
2026-03-17 06:05:56 | INFO | Episode   19 - Reward: -5.750, Length: 40, Loss: 1.3655, Epsilon: 0.829
2026-03-17 06:05:57 | INFO | Episode   20 - Reward: -13.850, Length: 40, Loss: 0.3272, Epsilon: 0.820
2026-03-17 06:05:58 | INFO | Episode   21 - Reward: -6.050, Length: 40, Loss: 0.2453, Epsilon: 0.811
2026-03-17 06:05:59 | INFO | Episode   22 - Reward: -4.700, Length: 40, Loss: 0.8943, Epsilon: 0.802
2026-03-17 06:06:00 | INFO | Episode   23 - Reward: -3.500, Length: 40, Loss: 0.7984, Epsilon: 0.793
2026-03-17 06:06:01 | INFO | Episode   24 - Reward: -6.500, Length: 40, Loss: 1.5088, Epsilon: 0.784
2026-03-17 06:06:03 | INFO | Episode   25 - Reward: 5.900, Length: 23, Loss: 0.2890, Epsilon: 0.775
2026-03-17 06:06:04 | INFO | Episode   26 - Reward: 6.700, Length: 19, Loss: 0.7669, Epsilon: 0.766
2026-03-17 06:06:05 | INFO | Episode   27 - Reward: 8.850, Length: 15, Loss: 0.2118, Epsilon: 0.757
2026-03-17 06:06:06 | INFO | Episode   28 - Reward: 7.650, Length: 21, Loss: 0.7852, Epsilon: 0.748
2026-03-17 06:06:07 | INFO | Episode   29 - Reward: -0.650, Length: 28, Loss: 1.2574, Epsilon: 0.739
2026-03-17 06:06:08 | INFO | Episode   30 - Reward: 3.650, Length: 29, Loss: 0.8934, Epsilon: 0.730
2026-03-17 06:06:09 | INFO | Episode   31 - Reward: 1.200, Length: 33, Loss: 0.9399, Epsilon: 0.721
2026-03-17 06:06:10 | INFO | Episode   32 - Reward: 8.350, Length: 22, Loss: 0.5622, Epsilon: 0.712
2026-03-17 06:06:12 | INFO | Episode   33 - Reward: -4.850, Length: 40, Loss: 1.0043, Epsilon: 0.703
2026-03-17 06:06:13 | INFO | Episode   34 - Reward: 6.700, Length: 16, Loss: 1.0108, Epsilon: 0.694
2026-03-17 06:06:13 | INFO | Episode   35 - Reward: -4.400, Length: 40, Loss: 1.4095, Epsilon: 0.685
2026-03-17 06:06:14 | INFO | Episode   36 - Reward: 7.200, Length: 15, Loss: 1.0395, Epsilon: 0.676
2026-03-17 06:06:15 | INFO | Episode   37 - Reward: 2.850, Length: 30, Loss: 0.3072, Epsilon: 0.667
2026-03-17 06:06:16 | INFO | Episode   38 - Reward: 7.350, Length: 21, Loss: 2.9745, Epsilon: 0.658
2026-03-17 06:06:17 | INFO | Episode   39 - Reward: 5.350, Length: 37, Loss: 0.3518, Epsilon: 0.649
2026-03-17 06:06:18 | INFO | Episode   40 - Reward: 7.250, Length: 32, Loss: 0.5642, Epsilon: 0.640
2026-03-17 06:06:19 | INFO | Episode   41 - Reward: 6.650, Length: 35, Loss: 1.2809, Epsilon: 0.631
2026-03-17 06:06:21 | INFO | Episode   42 - Reward: -8.150, Length: 40, Loss: 1.5100, Epsilon: 0.622
2026-03-17 06:06:22 | INFO | Episode   43 - Reward: 2.750, Length: 38, Loss: 0.2385, Epsilon: 0.613
2026-03-17 06:06:23 | INFO | Episode   44 - Reward: -6.650, Length: 40, Loss: 0.8394, Epsilon: 0.604
2026-03-17 06:06:24 | INFO | Episode   45 - Reward: -6.050, Length: 40, Loss: 0.5670, Epsilon: 0.595
2026-03-17 06:06:25 | INFO | Episode   46 - Reward: 6.550, Length: 31, Loss: 0.4356, Epsilon: 0.586
2026-03-17 06:06:26 | INFO | Episode   47 - Reward: 8.650, Length: 19, Loss: 0.4026, Epsilon: 0.577
2026-03-17 06:06:27 | INFO | Episode   48 - Reward: -6.350, Length: 40, Loss: 0.2132, Epsilon: 0.568
2026-03-17 06:06:28 | INFO | Episode   49 - Reward: -8.000, Length: 40, Loss: 0.6472, Epsilon: 0.559
2026-03-17 06:06:29 | INFO | Episode   50 - Reward: -7.550, Length: 40, Loss: 0.9204, Epsilon: 0.550
2026-03-17 06:06:34 | INFO | [Episode   50] eps=0.550  avg_reward=  -0.702  avg_length= 33.90  avg_loss=  0.8486  eval_success=1.000
2026-03-17 06:06:35 | INFO | Episode   51 - Reward: 7.200, Length: 12, Loss: 0.2626, Epsilon: 0.541
2026-03-17 06:06:36 | INFO | Episode   52 - Reward: -5.300, Length: 40, Loss: 1.5640, Epsilon: 0.532
2026-03-17 06:06:37 | INFO | Episode   53 - Reward: -4.850, Length: 40, Loss: 0.9650, Epsilon: 0.523
2026-03-17 06:06:38 | INFO | Episode   54 - Reward: -6.050, Length: 40, Loss: 1.1990, Epsilon: 0.514
2026-03-17 06:06:39 | INFO | Episode   55 - Reward: 4.300, Length: 31, Loss: 1.6520, Epsilon: 0.505
2026-03-17 06:06:40 | INFO | Episode   56 - Reward: 9.250, Length: 13, Loss: 0.5865, Epsilon: 0.496
2026-03-17 06:06:42 | INFO | Episode   57 - Reward: -4.700, Length: 40, Loss: 0.4502, Epsilon: 0.487
2026-03-17 06:06:43 | INFO | Episode   58 - Reward: -5.900, Length: 40, Loss: 1.0448, Epsilon: 0.478
2026-03-17 06:06:44 | INFO | Episode   59 - Reward: -5.450, Length: 40, Loss: 0.9940, Epsilon: 0.469
2026-03-17 06:06:44 | INFO | Episode   60 - Reward: 9.650, Length: 8, Loss: 0.7674, Epsilon: 0.460
2026-03-17 06:06:45 | INFO | Episode   61 - Reward: 1.250, Length: 17, Loss: 0.5913, Epsilon: 0.451
2026-03-17 06:06:46 | INFO | Episode   62 - Reward: -4.700, Length: 40, Loss: 0.2411, Epsilon: 0.442
2026-03-17 06:06:47 | INFO | Episode   63 - Reward: -6.200, Length: 40, Loss: 1.2228, Epsilon: 0.433
2026-03-17 06:06:48 | INFO | Episode   64 - Reward: -5.600, Length: 40, Loss: 0.1216, Epsilon: 0.424
2026-03-17 06:06:49 | INFO | Episode   65 - Reward: 6.000, Length: 21, Loss: 0.4082, Epsilon: 0.415
2026-03-17 06:06:50 | INFO | Episode   66 - Reward: 9.450, Length: 12, Loss: 1.5052, Epsilon: 0.406
2026-03-17 06:06:52 | INFO | Episode   67 - Reward: -4.700, Length: 40, Loss: 0.5835, Epsilon: 0.397
2026-03-17 06:06:53 | INFO | Episode   68 - Reward: -6.650, Length: 40, Loss: 1.1480, Epsilon: 0.388
2026-03-17 06:06:54 | INFO | Episode   69 - Reward: -3.200, Length: 40, Loss: 1.5432, Epsilon: 0.379
2026-03-17 06:06:55 | INFO | Episode   70 - Reward: -9.350, Length: 40, Loss: 1.0196, Epsilon: 0.370
2026-03-17 06:06:56 | INFO | Episode   71 - Reward: -13.700, Length: 40, Loss: 1.2991, Epsilon: 0.361
2026-03-17 06:06:57 | INFO | Episode   72 - Reward: -7.700, Length: 40, Loss: 0.9182, Epsilon: 0.352
2026-03-17 06:06:58 | INFO | Episode   73 - Reward: -5.900, Length: 40, Loss: 0.5175, Epsilon: 0.343
2026-03-17 06:07:00 | INFO | Episode   74 - Reward: 6.800, Length: 17, Loss: 0.5910, Epsilon: 0.334
2026-03-17 06:07:01 | INFO | Episode   75 - Reward: -5.750, Length: 40, Loss: 0.4769, Epsilon: 0.325
2026-03-17 06:07:02 | INFO | Episode   76 - Reward: 2.400, Length: 39, Loss: 0.4541, Epsilon: 0.316
2026-03-17 06:07:03 | INFO | Episode   77 - Reward: -5.750, Length: 40, Loss: 0.9238, Epsilon: 0.307
2026-03-17 06:07:04 | INFO | Episode   78 - Reward: -6.500, Length: 40, Loss: 0.7370, Epsilon: 0.298
2026-03-17 06:07:05 | INFO | Episode   79 - Reward: -5.600, Length: 40, Loss: 1.7121, Epsilon: 0.289
2026-03-17 06:07:06 | INFO | Episode   80 - Reward: -6.650, Length: 40, Loss: 0.5866, Epsilon: 0.280
2026-03-17 06:07:07 | INFO | Episode   81 - Reward: -7.550, Length: 40, Loss: 1.1094, Epsilon: 0.271
2026-03-17 06:07:09 | INFO | Episode   82 - Reward: -6.800, Length: 40, Loss: 1.2663, Epsilon: 0.262
2026-03-17 06:07:10 | INFO | Episode   83 - Reward: -7.100, Length: 40, Loss: 0.3544, Epsilon: 0.253
2026-03-17 06:07:10 | INFO | Episode   84 - Reward: 8.950, Length: 13, Loss: 0.8738, Epsilon: 0.244
2026-03-17 06:07:11 | INFO | Episode   85 - Reward: 8.650, Length: 13, Loss: 2.7702, Epsilon: 0.235
2026-03-17 06:07:12 | INFO | Episode   86 - Reward: -7.100, Length: 40, Loss: 2.1278, Epsilon: 0.226
2026-03-17 06:07:13 | INFO | Episode   87 - Reward: -7.550, Length: 40, Loss: 1.7309, Epsilon: 0.217
2026-03-17 06:07:14 | INFO | Episode   88 - Reward: -6.950, Length: 40, Loss: 1.7625, Epsilon: 0.208
2026-03-17 06:07:15 | INFO | Episode   89 - Reward: -2.300, Length: 40, Loss: 2.2597, Epsilon: 0.199
2026-03-17 06:07:15 | INFO | Episode   90 - Reward: -6.800, Length: 40, Loss: 2.5065, Epsilon: 0.190
2026-03-17 06:07:15 | INFO | Episode   91 - Reward: -6.500, Length: 40, Loss: 0.6937, Epsilon: 0.181
2026-03-17 06:07:16 | INFO | Episode   92 - Reward: 5.500, Length: 19, Loss: 3.5633, Epsilon: 0.172
2026-03-17 06:07:17 | INFO | Episode   93 - Reward: 5.750, Length: 29, Loss: 2.1956, Epsilon: 0.163
2026-03-17 06:07:18 | INFO | Episode   94 - Reward: -6.200, Length: 40, Loss: 1.4447, Epsilon: 0.154
2026-03-17 06:07:19 | INFO | Episode   95 - Reward: -2.300, Length: 40, Loss: 0.1353, Epsilon: 0.145
2026-03-17 06:07:20 | INFO | Episode   96 - Reward: 3.900, Length: 30, Loss: 0.8483, Epsilon: 0.136
2026-03-17 06:07:21 | INFO | Episode   97 - Reward: -5.450, Length: 40, Loss: 2.9976, Epsilon: 0.127
2026-03-17 06:07:21 | INFO | Episode   98 - Reward: -9.050, Length: 40, Loss: 2.3702, Epsilon: 0.118
2026-03-17 06:07:22 | INFO | Episode   99 - Reward: -7.100, Length: 40, Loss: 1.1689, Epsilon: 0.109
2026-03-17 06:07:23 | INFO | Episode  100 - Reward: -2.450, Length: 40, Loss: 1.2752, Epsilon: 0.100
2026-03-17 06:07:35 | INFO | [Episode  100] eps=0.100  avg_reward=  -2.647  avg_length= 34.28  avg_loss=  1.1908  eval_success=0.000
2026-03-17 06:07:36 | INFO | Episode  101 - Reward: -7.400, Length: 40, Loss: 0.6159, Epsilon: 0.100
2026-03-17 06:07:37 | INFO | Episode  102 - Reward: 1.450, Length: 31, Loss: 2.4183, Epsilon: 0.100
2026-03-17 06:07:38 | INFO | Episode  103 - Reward: -7.550, Length: 40, Loss: 2.2328, Epsilon: 0.100
2026-03-17 06:07:39 | INFO | Episode  104 - Reward: -7.700, Length: 40, Loss: 0.0799, Epsilon: 0.100
2026-03-17 06:07:40 | INFO | Episode  105 - Reward: 8.950, Length: 13, Loss: 1.1358, Epsilon: 0.100
2026-03-17 06:07:41 | INFO | Episode  106 - Reward: 8.150, Length: 17, Loss: 0.0645, Epsilon: 0.100
2026-03-17 06:07:42 | INFO | Episode  107 - Reward: 5.750, Length: 29, Loss: 1.0798, Epsilon: 0.100
2026-03-17 06:07:42 | INFO | Episode  108 - Reward: 9.650, Length: 8, Loss: 0.6167, Epsilon: 0.100
2026-03-17 06:07:43 | INFO | Episode  109 - Reward: -6.650, Length: 40, Loss: 1.5125, Epsilon: 0.100
2026-03-17 06:07:44 | INFO | Episode  110 - Reward: -7.550, Length: 40, Loss: 1.4930, Epsilon: 0.100
2026-03-17 06:07:45 | INFO | Episode  111 - Reward: -9.050, Length: 40, Loss: 0.9841, Epsilon: 0.100
2026-03-17 06:07:46 | INFO | Episode  112 - Reward: -6.950, Length: 40, Loss: 0.5699, Epsilon: 0.100
2026-03-17 06:07:47 | INFO | Episode  113 - Reward: -8.300, Length: 40, Loss: 1.6892, Epsilon: 0.100
2026-03-17 06:07:47 | INFO | Episode  114 - Reward: -5.750, Length: 40, Loss: 1.1057, Epsilon: 0.100
2026-03-17 06:07:48 | INFO | Episode  115 - Reward: -6.500, Length: 40, Loss: 0.6037, Epsilon: 0.100
2026-03-17 06:07:48 | INFO | Episode  116 - Reward: -8.000, Length: 40, Loss: 1.1498, Epsilon: 0.100
2026-03-17 06:07:49 | INFO | Episode  117 - Reward: -6.800, Length: 40, Loss: 1.5787, Epsilon: 0.100
2026-03-17 06:07:50 | INFO | Episode  118 - Reward: -7.850, Length: 40, Loss: 0.8205, Epsilon: 0.100
2026-03-17 06:07:51 | INFO | Episode  119 - Reward: -6.200, Length: 40, Loss: 1.3924, Epsilon: 0.100
2026-03-17 06:07:52 | INFO | Episode  120 - Reward: 7.500, Length: 9, Loss: 1.2512, Epsilon: 0.100
2026-03-17 06:07:53 | INFO | Episode  121 - Reward: -7.250, Length: 40, Loss: 2.1371, Epsilon: 0.100
2026-03-17 06:07:54 | INFO | Episode  122 - Reward: 5.450, Length: 11, Loss: 1.1115, Epsilon: 0.100
2026-03-17 06:07:54 | INFO | Episode  123 - Reward: -7.250, Length: 40, Loss: 2.1190, Epsilon: 0.100
2026-03-17 06:07:55 | INFO | Episode  124 - Reward: -2.150, Length: 40, Loss: 1.6405, Epsilon: 0.100
2026-03-17 06:07:56 | INFO | Episode  125 - Reward: -7.400, Length: 40, Loss: 1.7901, Epsilon: 0.100
2026-03-17 06:07:57 | INFO | Episode  126 - Reward: -7.400, Length: 40, Loss: 2.0952, Epsilon: 0.100
2026-03-17 06:07:58 | INFO | Episode  127 - Reward: -8.300, Length: 40, Loss: 1.1896, Epsilon: 0.100
2026-03-17 06:07:59 | INFO | Episode  128 - Reward: -4.100, Length: 40, Loss: 1.2259, Epsilon: 0.100
2026-03-17 06:08:00 | INFO | Episode  129 - Reward: -7.850, Length: 40, Loss: 2.1949, Epsilon: 0.100
2026-03-17 06:08:01 | INFO | Episode  130 - Reward: -6.800, Length: 40, Loss: 1.1248, Epsilon: 0.100
2026-03-17 06:08:02 | INFO | Episode  131 - Reward: -3.800, Length: 40, Loss: 0.4511, Epsilon: 0.100
2026-03-17 06:08:03 | INFO | Episode  132 - Reward: -2.000, Length: 40, Loss: 2.3642, Epsilon: 0.100
2026-03-17 06:08:04 | INFO | Episode  133 - Reward: -2.450, Length: 40, Loss: 0.1220, Epsilon: 0.100
2026-03-17 06:08:05 | INFO | Episode  134 - Reward: -7.700, Length: 40, Loss: 1.0835, Epsilon: 0.100
2026-03-17 06:08:06 | INFO | Episode  135 - Reward: -6.950, Length: 40, Loss: 1.4012, Epsilon: 0.100
2026-03-17 06:08:07 | INFO | Episode  136 - Reward: -7.400, Length: 40, Loss: 1.1658, Epsilon: 0.100
2026-03-17 06:08:08 | INFO | Episode  137 - Reward: -7.550, Length: 40, Loss: 1.2745, Epsilon: 0.100
2026-03-17 06:08:10 | INFO | Episode  138 - Reward: -7.250, Length: 40, Loss: 0.0657, Epsilon: 0.100
2026-03-17 06:08:11 | INFO | Episode  139 - Reward: -6.950, Length: 40, Loss: 0.6838, Epsilon: 0.100
2026-03-17 06:08:12 | INFO | Episode  140 - Reward: -2.300, Length: 40, Loss: 0.6263, Epsilon: 0.100
2026-03-17 06:08:13 | INFO | Episode  141 - Reward: -8.300, Length: 40, Loss: 0.5990, Epsilon: 0.100
2026-03-17 06:08:14 | INFO | Episode  142 - Reward: 8.850, Length: 12, Loss: 1.8261, Epsilon: 0.100
2026-03-17 06:08:15 | INFO | Episode  143 - Reward: -2.000, Length: 40, Loss: 0.6029, Epsilon: 0.100
2026-03-17 06:08:16 | INFO | Episode  144 - Reward: -7.100, Length: 40, Loss: 1.6579, Epsilon: 0.100
2026-03-17 06:08:17 | INFO | Episode  145 - Reward: -3.650, Length: 40, Loss: 2.2391, Epsilon: 0.100
2026-03-17 06:08:19 | INFO | Episode  146 - Reward: -2.450, Length: 40, Loss: 1.5785, Epsilon: 0.100
2026-03-17 06:08:19 | INFO | Episode  147 - Reward: -7.400, Length: 40, Loss: 1.6669, Epsilon: 0.100
2026-03-17 06:08:20 | INFO | Episode  148 - Reward: -3.650, Length: 40, Loss: 2.5257, Epsilon: 0.100
2026-03-17 06:08:21 | INFO | Episode  149 - Reward: -7.700, Length: 40, Loss: 0.6000, Epsilon: 0.100
2026-03-17 06:08:22 | INFO | Episode  150 - Reward: -2.150, Length: 40, Loss: 3.1170, Epsilon: 0.100
2026-03-17 06:08:38 | INFO | [Episode  150] eps=0.100  avg_reward=  -4.075  avg_length= 36.20  avg_loss=  1.2935  eval_success=0.000
2026-03-17 06:08:39 | INFO | Episode  151 - Reward: -7.400, Length: 40, Loss: 2.0957, Epsilon: 0.100
2026-03-17 06:08:40 | INFO | Episode  152 - Reward: -7.400, Length: 40, Loss: 1.0429, Epsilon: 0.100
2026-03-17 06:08:41 | INFO | Episode  153 - Reward: -6.800, Length: 40, Loss: 1.2606, Epsilon: 0.100
2026-03-17 06:08:42 | INFO | Episode  154 - Reward: 8.450, Length: 14, Loss: 1.5752, Epsilon: 0.100
2026-03-17 06:08:44 | INFO | Episode  155 - Reward: -7.850, Length: 40, Loss: 2.9812, Epsilon: 0.100
2026-03-17 06:08:45 | INFO | Episode  156 - Reward: -7.550, Length: 40, Loss: 0.9895, Epsilon: 0.100
2026-03-17 06:08:46 | INFO | Episode  157 - Reward: -7.700, Length: 40, Loss: 3.0040, Epsilon: 0.100
2026-03-17 06:08:47 | INFO | Episode  158 - Reward: -7.100, Length: 40, Loss: 1.4256, Epsilon: 0.100
2026-03-17 06:08:48 | INFO | Episode  159 - Reward: 7.700, Length: 8, Loss: 0.0945, Epsilon: 0.100
2026-03-17 06:08:49 | INFO | Episode  160 - Reward: -6.800, Length: 40, Loss: 0.4273, Epsilon: 0.100
2026-03-17 06:08:50 | INFO | Episode  161 - Reward: -2.150, Length: 40, Loss: 3.1092, Epsilon: 0.100
2026-03-17 06:08:50 | INFO | Episode  162 - Reward: -7.100, Length: 40, Loss: 2.3084, Epsilon: 0.100
2026-03-17 06:08:52 | INFO | Episode  163 - Reward: -7.100, Length: 40, Loss: 0.6291, Epsilon: 0.100
2026-03-17 06:08:53 | INFO | Episode  164 - Reward: -7.700, Length: 40, Loss: 1.0235, Epsilon: 0.100
2026-03-17 06:08:54 | INFO | Episode  165 - Reward: -6.950, Length: 40, Loss: 0.5365, Epsilon: 0.100
2026-03-17 06:08:55 | INFO | Episode  166 - Reward: -7.700, Length: 40, Loss: 1.4725, Epsilon: 0.100
2026-03-17 06:08:56 | INFO | Episode  167 - Reward: -6.650, Length: 40, Loss: 1.9103, Epsilon: 0.100
2026-03-17 06:08:57 | INFO | Episode  168 - Reward: -7.100, Length: 40, Loss: 0.9277, Epsilon: 0.100
2026-03-17 06:08:58 | INFO | Episode  169 - Reward: 4.550, Length: 35, Loss: 1.4721, Epsilon: 0.100
2026-03-17 06:09:00 | INFO | Episode  170 - Reward: -2.000, Length: 40, Loss: 1.8788, Epsilon: 0.100
2026-03-17 06:09:01 | INFO | Episode  171 - Reward: -7.550, Length: 40, Loss: 0.7135, Epsilon: 0.100
2026-03-17 06:09:02 | INFO | Episode  172 - Reward: -3.050, Length: 40, Loss: 1.5061, Epsilon: 0.100
2026-03-17 06:09:03 | INFO | Episode  173 - Reward: -7.250, Length: 40, Loss: 1.4880, Epsilon: 0.100
2026-03-17 06:09:04 | INFO | Episode  174 - Reward: -7.100, Length: 40, Loss: 0.6959, Epsilon: 0.100
2026-03-17 06:09:05 | INFO | Episode  175 - Reward: -2.450, Length: 40, Loss: 0.4953, Epsilon: 0.100
2026-03-17 06:09:06 | INFO | Episode  176 - Reward: -2.150, Length: 40, Loss: 1.6758, Epsilon: 0.100
2026-03-17 06:09:07 | INFO | Episode  177 - Reward: -8.000, Length: 40, Loss: 2.6528, Epsilon: 0.100
2026-03-17 06:09:08 | INFO | Episode  178 - Reward: -7.100, Length: 40, Loss: 2.3664, Epsilon: 0.100
2026-03-17 06:09:09 | INFO | Episode  179 - Reward: -6.500, Length: 40, Loss: 2.3202, Epsilon: 0.100
2026-03-17 06:09:11 | INFO | Episode  180 - Reward: -7.700, Length: 40, Loss: 1.4357, Epsilon: 0.100
2026-03-17 06:09:12 | INFO | Episode  181 - Reward: -7.100, Length: 40, Loss: 1.0173, Epsilon: 0.100
2026-03-17 06:09:13 | INFO | Episode  182 - Reward: -7.400, Length: 40, Loss: 1.1188, Epsilon: 0.100
2026-03-17 06:09:14 | INFO | Episode  183 - Reward: -7.250, Length: 40, Loss: 0.6844, Epsilon: 0.100
2026-03-17 06:09:15 | INFO | Episode  184 - Reward: -2.000, Length: 40, Loss: 1.0700, Epsilon: 0.100
2026-03-17 06:09:16 | INFO | Episode  185 - Reward: -7.400, Length: 40, Loss: 0.3470, Epsilon: 0.100
2026-03-17 06:09:17 | INFO | Episode  186 - Reward: -6.050, Length: 40, Loss: 1.7861, Epsilon: 0.100
2026-03-17 06:09:18 | INFO | Episode  187 - Reward: 9.650, Length: 8, Loss: 0.0747, Epsilon: 0.100
2026-03-17 06:09:19 | INFO | Episode  188 - Reward: -7.700, Length: 40, Loss: 2.2322, Epsilon: 0.100
2026-03-17 06:09:21 | INFO | Episode  189 - Reward: -7.700, Length: 40, Loss: 0.5060, Epsilon: 0.100
2026-03-17 06:09:22 | INFO | Episode  190 - Reward: 9.650, Length: 8, Loss: 0.9293, Epsilon: 0.100
2026-03-17 06:09:22 | INFO | Episode  191 - Reward: -6.500, Length: 40, Loss: 1.1736, Epsilon: 0.100
2026-03-17 06:09:23 | INFO | Episode  192 - Reward: -7.550, Length: 40, Loss: 1.1537, Epsilon: 0.100
2026-03-17 06:09:24 | INFO | Episode  193 - Reward: -2.300, Length: 40, Loss: 1.2266, Epsilon: 0.100
2026-03-17 06:09:25 | INFO | Episode  194 - Reward: -8.000, Length: 40, Loss: 0.3331, Epsilon: 0.100
2026-03-17 06:09:26 | INFO | Episode  195 - Reward: -2.150, Length: 40, Loss: 0.8267, Epsilon: 0.100
2026-03-17 06:09:27 | INFO | Episode  196 - Reward: -6.800, Length: 40, Loss: 0.6024, Epsilon: 0.100
2026-03-17 06:09:29 | INFO | Episode  197 - Reward: -7.250, Length: 40, Loss: 1.5918, Epsilon: 0.100
2026-03-17 06:09:30 | INFO | Episode  198 - Reward: -7.400, Length: 40, Loss: 0.0445, Epsilon: 0.100
2026-03-17 06:09:31 | INFO | Episode  199 - Reward: 9.650, Length: 8, Loss: 0.5943, Epsilon: 0.100
2026-03-17 06:09:32 | INFO | Episode  200 - Reward: -3.050, Length: 40, Loss: 0.6101, Epsilon: 0.100
2026-03-17 06:09:47 | INFO | [Episode  200] eps=0.100  avg_reward=  -4.517  avg_length= 36.82  avg_loss=  1.2687  eval_success=0.000
2026-03-17 06:09:49 | INFO | Episode  201 - Reward: -3.350, Length: 40, Loss: 1.0480, Epsilon: 0.100
2026-03-17 06:09:50 | INFO | Episode  202 - Reward: -7.400, Length: 40, Loss: 1.1436, Epsilon: 0.100
2026-03-17 06:09:51 | INFO | Episode  203 - Reward: 9.450, Length: 9, Loss: 1.2446, Epsilon: 0.100
2026-03-17 06:09:52 | INFO | Episode  204 - Reward: -7.100, Length: 40, Loss: 0.4817, Epsilon: 0.100
2026-03-17 06:09:53 | INFO | Episode  205 - Reward: 9.650, Length: 8, Loss: 1.2194, Epsilon: 0.100
2026-03-17 06:09:54 | INFO | Episode  206 - Reward: 9.550, Length: 10, Loss: 1.3346, Epsilon: 0.100
2026-03-17 06:09:55 | INFO | Episode  207 - Reward: 9.650, Length: 8, Loss: 0.3196, Epsilon: 0.100
2026-03-17 06:09:56 | INFO | Episode  208 - Reward: 7.700, Length: 8, Loss: 1.5538, Epsilon: 0.100
2026-03-17 06:09:57 | INFO | Episode  209 - Reward: -7.700, Length: 40, Loss: 0.8696, Epsilon: 0.100
2026-03-17 06:09:58 | INFO | Episode  210 - Reward: -6.800, Length: 40, Loss: 0.5680, Epsilon: 0.100
2026-03-17 06:09:59 | INFO | Episode  211 - Reward: -4.250, Length: 40, Loss: 1.3396, Epsilon: 0.100
2026-03-17 06:10:00 | INFO | Episode  212 - Reward: -6.650, Length: 40, Loss: 0.7775, Epsilon: 0.100
2026-03-17 06:10:02 | INFO | Episode  213 - Reward: -8.750, Length: 40, Loss: 0.7585, Epsilon: 0.100
2026-03-17 06:10:03 | INFO | Episode  214 - Reward: 9.650, Length: 8, Loss: 0.2694, Epsilon: 0.100
2026-03-17 06:10:04 | INFO | Episode  215 - Reward: -8.900, Length: 40, Loss: 0.8364, Epsilon: 0.100
2026-03-17 06:10:05 | INFO | Episode  216 - Reward: -2.450, Length: 40, Loss: 0.0300, Epsilon: 0.100
2026-03-17 06:10:06 | INFO | Episode  217 - Reward: -10.550, Length: 40, Loss: 1.3486, Epsilon: 0.100
2026-03-17 06:10:07 | INFO | Episode  218 - Reward: 9.450, Length: 9, Loss: 1.3933, Epsilon: 0.100
2026-03-17 06:10:08 | INFO | Episode  219 - Reward: -2.150, Length: 40, Loss: 0.6042, Epsilon: 0.100
2026-03-17 06:10:09 | INFO | Episode  220 - Reward: 9.650, Length: 8, Loss: 0.4741, Epsilon: 0.100
2026-03-17 06:10:10 | INFO | Episode  221 - Reward: 7.700, Length: 8, Loss: 1.2141, Epsilon: 0.100
2026-03-17 06:10:11 | INFO | Episode  222 - Reward: -2.000, Length: 40, Loss: 0.3133, Epsilon: 0.100
2026-03-17 06:10:12 | INFO | Episode  223 - Reward: 9.650, Length: 8, Loss: 0.2228, Epsilon: 0.100
2026-03-17 06:10:13 | INFO | Episode  224 - Reward: 7.700, Length: 8, Loss: 0.8515, Epsilon: 0.100
2026-03-17 06:10:14 | INFO | Episode  225 - Reward: 5.300, Length: 20, Loss: 0.9055, Epsilon: 0.100
2026-03-17 06:10:15 | INFO | Episode  226 - Reward: -7.250, Length: 40, Loss: 0.4904, Epsilon: 0.100
2026-03-17 06:10:16 | INFO | Episode  227 - Reward: -6.950, Length: 40, Loss: 1.2360, Epsilon: 0.100
2026-03-17 06:10:17 | INFO | Episode  228 - Reward: 7.050, Length: 21, Loss: 1.2661, Epsilon: 0.100
2026-03-17 06:10:18 | INFO | Episode  229 - Reward: 3.750, Length: 39, Loss: 0.6290, Epsilon: 0.100
2026-03-17 06:10:18 | INFO | Episode  230 - Reward: -7.400, Length: 40, Loss: 0.7644, Epsilon: 0.100
2026-03-17 06:10:19 | INFO | Episode  231 - Reward: -7.400, Length: 40, Loss: 0.9451, Epsilon: 0.100
2026-03-17 06:10:20 | INFO | Episode  232 - Reward: 9.650, Length: 8, Loss: 0.7948, Epsilon: 0.100
2026-03-17 06:10:21 | INFO | Episode  233 - Reward: -7.400, Length: 40, Loss: 0.6518, Epsilon: 0.100
2026-03-17 06:10:22 | INFO | Episode  234 - Reward: -6.950, Length: 40, Loss: 0.8364, Epsilon: 0.100
2026-03-17 06:10:23 | INFO | Episode  235 - Reward: -7.100, Length: 40, Loss: 0.4534, Epsilon: 0.100
2026-03-17 06:10:24 | INFO | Episode  236 - Reward: -8.750, Length: 40, Loss: 0.9042, Epsilon: 0.100
2026-03-17 06:10:25 | INFO | Episode  237 - Reward: -7.550, Length: 40, Loss: 1.0315, Epsilon: 0.100
2026-03-17 06:10:25 | INFO | Episode  238 - Reward: -7.700, Length: 40, Loss: 0.2544, Epsilon: 0.100
2026-03-17 06:10:25 | INFO | Episode  239 - Reward: 9.650, Length: 8, Loss: 0.6274, Epsilon: 0.100
2026-03-17 06:10:26 | INFO | Episode  240 - Reward: 9.650, Length: 8, Loss: 1.3259, Epsilon: 0.100
2026-03-17 06:10:27 | INFO | Episode  241 - Reward: 7.500, Length: 9, Loss: 0.6362, Epsilon: 0.100
2026-03-17 06:10:28 | INFO | Episode  242 - Reward: -6.800, Length: 40, Loss: 1.1167, Epsilon: 0.100
2026-03-17 06:10:29 | INFO | Episode  243 - Reward: 9.450, Length: 9, Loss: 1.0269, Epsilon: 0.100
2026-03-17 06:10:30 | INFO | Episode  244 - Reward: -7.850, Length: 40, Loss: 0.7477, Epsilon: 0.100
2026-03-17 06:10:31 | INFO | Episode  245 - Reward: 5.100, Length: 21, Loss: 0.6370, Epsilon: 0.100
2026-03-17 06:10:32 | INFO | Episode  246 - Reward: -7.100, Length: 40, Loss: 0.6038, Epsilon: 0.100
2026-03-17 06:10:33 | INFO | Episode  247 - Reward: -6.800, Length: 40, Loss: 0.3396, Epsilon: 0.100
2026-03-17 06:10:33 | INFO | Episode  248 - Reward: 9.650, Length: 8, Loss: 0.2040, Epsilon: 0.100
2026-03-17 06:10:34 | INFO | Episode  249 - Reward: -6.950, Length: 40, Loss: 0.4288, Epsilon: 0.100
2026-03-17 06:10:35 | INFO | Episode  250 - Reward: -6.950, Length: 40, Loss: 0.3171, Epsilon: 0.100
2026-03-17 06:10:38 | INFO | [Episode  250] eps=0.100  avg_reward=  -0.368  avg_length= 28.06  avg_loss=  0.7878  eval_success=1.000
