2026-03-17 06:10:52 | INFO | ============================================================
2026-03-17 06:10:52 | INFO | DEVICE / COMPUTE INFORMATION
2026-03-17 06:10:52 | INFO |   JAX backend       : GPU
2026-03-17 06:10:52 | INFO |   Platform          : gpu
2026-03-17 06:10:52 | INFO |   Num devices       : 1
2026-03-17 06:10:52 | INFO |   Device            : cuda:0
2026-03-17 06:10:52 | INFO |   GPU name          : NVIDIA GeForce RTX 5060 Laptop GPU
2026-03-17 06:10:52 | INFO | ============================================================
2026-03-17 06:10:52 | INFO | ✓ JAX GPU backend confirmed.
2026-03-17 06:10:53 | INFO | DQN seed=6_gamma=0.99_lr=0.01
2026-03-17 06:10:55 | INFO | Episode    1 - Reward: -10.850, Length: 40, Loss: 0.0000, Epsilon: 0.991
2026-03-17 06:10:56 | INFO | Episode    2 - Reward: -5.300, Length: 40, Loss: 0.0000, Epsilon: 0.982
2026-03-17 06:10:58 | INFO | Episode    3 - Reward: -0.650, Length: 31, Loss: 2.8128, Epsilon: 0.973
2026-03-17 06:10:59 | INFO | Episode    4 - Reward: 5.400, Length: 24, Loss: 2.6266, Epsilon: 0.964
2026-03-17 06:11:00 | INFO | Episode    5 - Reward: -4.100, Length: 40, Loss: 1.7414, Epsilon: 0.955
2026-03-17 06:11:01 | INFO | Episode    6 - Reward: -4.850, Length: 40, Loss: 0.1683, Epsilon: 0.946
2026-03-17 06:11:02 | INFO | Episode    7 - Reward: 4.500, Length: 36, Loss: 0.1293, Epsilon: 0.937
2026-03-17 06:11:03 | INFO | Episode    8 - Reward: 3.550, Length: 37, Loss: 0.8770, Epsilon: 0.928
2026-03-17 06:11:03 | INFO | Episode    9 - Reward: -5.600, Length: 40, Loss: 0.1478, Epsilon: 0.919
2026-03-17 06:11:05 | INFO | Episode   10 - Reward: -4.850, Length: 40, Loss: 0.0351, Epsilon: 0.910
2026-03-17 06:11:06 | INFO | Episode   11 - Reward: 4.700, Length: 35, Loss: 0.8206, Epsilon: 0.901
2026-03-17 06:11:07 | INFO | Episode   12 - Reward: -4.700, Length: 40, Loss: 0.9044, Epsilon: 0.892
2026-03-17 06:11:08 | INFO | Episode   13 - Reward: -5.750, Length: 40, Loss: 1.7097, Epsilon: 0.883
2026-03-17 06:11:09 | INFO | Episode   14 - Reward: -4.250, Length: 40, Loss: 1.6113, Epsilon: 0.874
2026-03-17 06:11:10 | INFO | Episode   15 - Reward: -4.550, Length: 40, Loss: 0.8313, Epsilon: 0.865
2026-03-17 06:11:11 | INFO | Episode   16 - Reward: -5.300, Length: 40, Loss: 0.0998, Epsilon: 0.856
2026-03-17 06:11:12 | INFO | Episode   17 - Reward: -5.450, Length: 40, Loss: 0.8305, Epsilon: 0.847
2026-03-17 06:11:13 | INFO | Episode   18 - Reward: -4.400, Length: 40, Loss: 2.3182, Epsilon: 0.838
2026-03-17 06:11:15 | INFO | Episode   19 - Reward: 2.150, Length: 35, Loss: 2.3423, Epsilon: 0.829
2026-03-17 06:11:16 | INFO | Episode   20 - Reward: -1.150, Length: 38, Loss: 0.9249, Epsilon: 0.820
2026-03-17 06:11:17 | INFO | Episode   21 - Reward: -5.450, Length: 40, Loss: 1.5420, Epsilon: 0.811
2026-03-17 06:11:18 | INFO | Episode   22 - Reward: -4.550, Length: 40, Loss: 0.1249, Epsilon: 0.802
2026-03-17 06:11:19 | INFO | Episode   23 - Reward: -5.000, Length: 40, Loss: 0.8271, Epsilon: 0.793
2026-03-17 06:11:20 | INFO | Episode   24 - Reward: -6.500, Length: 40, Loss: 1.6135, Epsilon: 0.784
2026-03-17 06:11:21 | INFO | Episode   25 - Reward: -4.550, Length: 40, Loss: 0.0863, Epsilon: 0.775
2026-03-17 06:11:22 | INFO | Episode   26 - Reward: -4.550, Length: 40, Loss: 1.4803, Epsilon: 0.766
2026-03-17 06:11:23 | INFO | Episode   27 - Reward: -13.100, Length: 40, Loss: 0.8936, Epsilon: 0.757
2026-03-17 06:11:24 | INFO | Episode   28 - Reward: -9.650, Length: 40, Loss: 0.0687, Epsilon: 0.748
2026-03-17 06:11:25 | INFO | Episode   29 - Reward: -5.150, Length: 40, Loss: 0.0444, Epsilon: 0.739
2026-03-17 06:11:27 | INFO | Episode   30 - Reward: 3.650, Length: 29, Loss: 0.1754, Epsilon: 0.730
2026-03-17 06:11:28 | INFO | Episode   31 - Reward: 1.200, Length: 33, Loss: 0.0951, Epsilon: 0.721
2026-03-17 06:11:28 | INFO | Episode   32 - Reward: 8.250, Length: 21, Loss: 2.1794, Epsilon: 0.712
2026-03-17 06:11:29 | INFO | Episode   33 - Reward: -5.150, Length: 40, Loss: 0.1444, Epsilon: 0.703
2026-03-17 06:11:31 | INFO | Episode   34 - Reward: -5.150, Length: 40, Loss: 0.8105, Epsilon: 0.694
2026-03-17 06:11:32 | INFO | Episode   35 - Reward: -4.400, Length: 40, Loss: 1.4685, Epsilon: 0.685
2026-03-17 06:11:33 | INFO | Episode   36 - Reward: 2.800, Length: 37, Loss: 0.0552, Epsilon: 0.676
2026-03-17 06:11:34 | INFO | Episode   37 - Reward: 7.050, Length: 21, Loss: 1.4230, Epsilon: 0.667
2026-03-17 06:11:35 | INFO | Episode   38 - Reward: 8.250, Length: 18, Loss: 1.6197, Epsilon: 0.658
2026-03-17 06:11:36 | INFO | Episode   39 - Reward: -8.300, Length: 40, Loss: 0.8194, Epsilon: 0.649
2026-03-17 06:11:37 | INFO | Episode   40 - Reward: -6.950, Length: 40, Loss: 0.1445, Epsilon: 0.640
2026-03-17 06:11:38 | INFO | Episode   41 - Reward: -6.200, Length: 40, Loss: 0.1318, Epsilon: 0.631
2026-03-17 06:11:39 | INFO | Episode   42 - Reward: -6.650, Length: 40, Loss: 0.8232, Epsilon: 0.622
2026-03-17 06:11:40 | INFO | Episode   43 - Reward: -6.950, Length: 40, Loss: 0.8574, Epsilon: 0.613
2026-03-17 06:11:41 | INFO | Episode   44 - Reward: -5.450, Length: 40, Loss: 0.1871, Epsilon: 0.604
2026-03-17 06:11:43 | INFO | Episode   45 - Reward: 7.950, Length: 18, Loss: 2.1560, Epsilon: 0.595
2026-03-17 06:11:44 | INFO | Episode   46 - Reward: 6.550, Length: 31, Loss: 1.4474, Epsilon: 0.586
2026-03-17 06:11:45 | INFO | Episode   47 - Reward: 6.400, Length: 22, Loss: 0.1358, Epsilon: 0.577
2026-03-17 06:11:46 | INFO | Episode   48 - Reward: -5.150, Length: 40, Loss: 0.0762, Epsilon: 0.568
2026-03-17 06:11:47 | INFO | Episode   49 - Reward: 7.950, Length: 27, Loss: 1.4997, Epsilon: 0.559
2026-03-17 06:11:48 | INFO | Episode   50 - Reward: -7.550, Length: 40, Loss: 1.3455, Epsilon: 0.550
2026-03-17 06:12:04 | INFO | [Episode   50] eps=0.550  avg_reward=  -2.356  avg_length= 36.26  avg_loss=  0.9041  eval_success=0.000
2026-03-17 06:12:05 | INFO | Episode   51 - Reward: -5.750, Length: 40, Loss: 0.7881, Epsilon: 0.541
2026-03-17 06:12:07 | INFO | Episode   52 - Reward: 7.400, Length: 11, Loss: 1.3805, Epsilon: 0.532
2026-03-17 06:12:08 | INFO | Episode   53 - Reward: -6.050, Length: 40, Loss: 1.4664, Epsilon: 0.523
2026-03-17 06:12:09 | INFO | Episode   54 - Reward: -6.050, Length: 40, Loss: 1.3838, Epsilon: 0.514
2026-03-17 06:12:10 | INFO | Episode   55 - Reward: 4.300, Length: 31, Loss: 0.7899, Epsilon: 0.505
2026-03-17 06:12:11 | INFO | Episode   56 - Reward: 7.200, Length: 12, Loss: 0.1915, Epsilon: 0.496
2026-03-17 06:12:12 | INFO | Episode   57 - Reward: 5.550, Length: 12, Loss: 0.1810, Epsilon: 0.487
2026-03-17 06:12:13 | INFO | Episode   58 - Reward: 7.850, Length: 23, Loss: 0.6870, Epsilon: 0.478
2026-03-17 06:12:14 | INFO | Episode   59 - Reward: 8.950, Length: 13, Loss: 0.1095, Epsilon: 0.469
2026-03-17 06:12:15 | INFO | Episode   60 - Reward: 9.650, Length: 8, Loss: 0.7614, Epsilon: 0.460
2026-03-17 06:12:16 | INFO | Episode   61 - Reward: 3.500, Length: 38, Loss: 0.1201, Epsilon: 0.451
2026-03-17 06:12:17 | INFO | Episode   62 - Reward: 9.350, Length: 11, Loss: 0.1088, Epsilon: 0.442
2026-03-17 06:12:19 | INFO | Episode   63 - Reward: 6.800, Length: 17, Loss: 0.0634, Epsilon: 0.433
2026-03-17 06:12:20 | INFO | Episode   64 - Reward: 9.250, Length: 10, Loss: 1.9187, Epsilon: 0.424
2026-03-17 06:12:21 | INFO | Episode   65 - Reward: 4.950, Length: 18, Loss: 0.8194, Epsilon: 0.415
2026-03-17 06:12:22 | INFO | Episode   66 - Reward: 9.450, Length: 12, Loss: 1.3084, Epsilon: 0.406
2026-03-17 06:12:23 | INFO | Episode   67 - Reward: -6.500, Length: 40, Loss: 0.8394, Epsilon: 0.397
2026-03-17 06:12:24 | INFO | Episode   68 - Reward: -6.650, Length: 40, Loss: 1.8971, Epsilon: 0.388
2026-03-17 06:12:25 | INFO | Episode   69 - Reward: -9.350, Length: 40, Loss: 0.6638, Epsilon: 0.379
2026-03-17 06:12:26 | INFO | Episode   70 - Reward: 6.150, Length: 30, Loss: 1.2391, Epsilon: 0.370
2026-03-17 06:12:27 | INFO | Episode   71 - Reward: -13.700, Length: 40, Loss: 0.1134, Epsilon: 0.361
2026-03-17 06:12:28 | INFO | Episode   72 - Reward: -7.700, Length: 40, Loss: 0.7770, Epsilon: 0.352
2026-03-17 06:12:30 | INFO | Episode   73 - Reward: 9.350, Length: 11, Loss: 0.1762, Epsilon: 0.343
2026-03-17 06:12:30 | INFO | Episode   74 - Reward: 7.950, Length: 21, Loss: 0.6959, Epsilon: 0.334
2026-03-17 06:12:31 | INFO | Episode   75 - Reward: -9.350, Length: 40, Loss: 0.2180, Epsilon: 0.325
2026-03-17 06:12:32 | INFO | Episode   76 - Reward: 9.250, Length: 10, Loss: 1.2188, Epsilon: 0.316
2026-03-17 06:12:33 | INFO | Episode   77 - Reward: -8.000, Length: 40, Loss: 1.2003, Epsilon: 0.307
2026-03-17 06:12:34 | INFO | Episode   78 - Reward: 4.650, Length: 15, Loss: 1.7050, Epsilon: 0.298
2026-03-17 06:12:35 | INFO | Episode   79 - Reward: -5.600, Length: 40, Loss: 0.6646, Epsilon: 0.289
2026-03-17 06:12:36 | INFO | Episode   80 - Reward: 0.400, Length: 28, Loss: 0.7221, Epsilon: 0.280
2026-03-17 06:12:37 | INFO | Episode   81 - Reward: 9.650, Length: 8, Loss: 0.0936, Epsilon: 0.271
2026-03-17 06:12:39 | INFO | Episode   82 - Reward: 9.650, Length: 8, Loss: 1.2551, Epsilon: 0.262
2026-03-17 06:12:40 | INFO | Episode   83 - Reward: 9.350, Length: 11, Loss: 1.6300, Epsilon: 0.253
2026-03-17 06:12:41 | INFO | Episode   84 - Reward: 7.400, Length: 11, Loss: 1.1234, Epsilon: 0.244
2026-03-17 06:12:42 | INFO | Episode   85 - Reward: 8.850, Length: 12, Loss: 0.6801, Epsilon: 0.235
2026-03-17 06:12:43 | INFO | Episode   86 - Reward: -10.700, Length: 40, Loss: 0.6789, Epsilon: 0.226
2026-03-17 06:12:44 | INFO | Episode   87 - Reward: -7.550, Length: 40, Loss: 1.0912, Epsilon: 0.217
2026-03-17 06:12:45 | INFO | Episode   88 - Reward: 8.050, Length: 19, Loss: 1.0714, Epsilon: 0.208
2026-03-17 06:12:46 | INFO | Episode   89 - Reward: 7.100, Length: 11, Loss: 0.6878, Epsilon: 0.199
2026-03-17 06:12:47 | INFO | Episode   90 - Reward: -8.300, Length: 40, Loss: 1.0796, Epsilon: 0.190
2026-03-17 06:12:48 | INFO | Episode   91 - Reward: 9.650, Length: 8, Loss: 1.5615, Epsilon: 0.181
2026-03-17 06:12:49 | INFO | Episode   92 - Reward: 5.500, Length: 19, Loss: 0.1941, Epsilon: 0.172
2026-03-17 06:12:51 | INFO | Episode   93 - Reward: 9.450, Length: 9, Loss: 1.2182, Epsilon: 0.163
2026-03-17 06:12:52 | INFO | Episode   94 - Reward: -6.500, Length: 40, Loss: 1.1358, Epsilon: 0.154
2026-03-17 06:12:53 | INFO | Episode   95 - Reward: 3.550, Length: 40, Loss: 0.1338, Epsilon: 0.145
2026-03-17 06:12:54 | INFO | Episode   96 - Reward: -6.650, Length: 40, Loss: 1.6454, Epsilon: 0.136
2026-03-17 06:12:54 | INFO | Episode   97 - Reward: -5.450, Length: 40, Loss: 0.7014, Epsilon: 0.127
2026-03-17 06:12:55 | INFO | Episode   98 - Reward: -6.800, Length: 40, Loss: 1.1629, Epsilon: 0.118
2026-03-17 06:12:56 | INFO | Episode   99 - Reward: -6.350, Length: 40, Loss: 0.6310, Epsilon: 0.109
2026-03-17 06:12:57 | INFO | Episode  100 - Reward: -6.950, Length: 40, Loss: 1.1530, Epsilon: 0.100
2026-03-17 06:13:09 | INFO | [Episode  100] eps=0.100  avg_reward=   1.404  avg_length= 25.74  avg_loss=  0.8627  eval_success=0.000
2026-03-17 06:13:10 | INFO | Episode  101 - Reward: 4.550, Length: 35, Loss: 1.6643, Epsilon: 0.100
2026-03-17 06:13:10 | INFO | Episode  102 - Reward: 9.650, Length: 8, Loss: 0.8210, Epsilon: 0.100
2026-03-17 06:13:11 | INFO | Episode  103 - Reward: -7.550, Length: 40, Loss: 2.2795, Epsilon: 0.100
2026-03-17 06:13:12 | INFO | Episode  104 - Reward: -8.750, Length: 40, Loss: 2.3716, Epsilon: 0.100
2026-03-17 06:13:13 | INFO | Episode  105 - Reward: 0.600, Length: 30, Loss: 0.5758, Epsilon: 0.100
2026-03-17 06:13:14 | INFO | Episode  106 - Reward: 9.650, Length: 8, Loss: 1.3591, Epsilon: 0.100
2026-03-17 06:13:15 | INFO | Episode  107 - Reward: -6.200, Length: 40, Loss: 1.3870, Epsilon: 0.100
2026-03-17 06:13:16 | INFO | Episode  108 - Reward: -8.150, Length: 40, Loss: 0.9897, Epsilon: 0.100
2026-03-17 06:13:17 | INFO | Episode  109 - Reward: -10.550, Length: 40, Loss: 1.5973, Epsilon: 0.100
2026-03-17 06:13:17 | INFO | Episode  110 - Reward: -8.450, Length: 40, Loss: 1.6388, Epsilon: 0.100
2026-03-17 06:13:18 | INFO | Episode  111 - Reward: 5.600, Length: 20, Loss: 0.9760, Epsilon: 0.100
2026-03-17 06:13:19 | INFO | Episode  112 - Reward: 0.050, Length: 38, Loss: 1.5365, Epsilon: 0.100
2026-03-17 06:13:20 | INFO | Episode  113 - Reward: -7.100, Length: 40, Loss: 1.0920, Epsilon: 0.100
2026-03-17 06:13:21 | INFO | Episode  114 - Reward: 9.550, Length: 10, Loss: 2.1041, Epsilon: 0.100
2026-03-17 06:13:22 | INFO | Episode  115 - Reward: -6.500, Length: 40, Loss: 1.6964, Epsilon: 0.100
2026-03-17 06:13:23 | INFO | Episode  116 - Reward: -8.750, Length: 40, Loss: 1.0288, Epsilon: 0.100
2026-03-17 06:13:23 | INFO | Episode  117 - Reward: -8.450, Length: 40, Loss: 0.1949, Epsilon: 0.100
2026-03-17 06:13:24 | INFO | Episode  118 - Reward: 7.350, Length: 21, Loss: 0.8427, Epsilon: 0.100
2026-03-17 06:13:25 | INFO | Episode  119 - Reward: 9.550, Length: 10, Loss: 0.8370, Epsilon: 0.100
2026-03-17 06:13:26 | INFO | Episode  120 - Reward: -10.550, Length: 40, Loss: 0.7088, Epsilon: 0.100
2026-03-17 06:13:27 | INFO | Episode  121 - Reward: -6.800, Length: 40, Loss: 0.6023, Epsilon: 0.100
2026-03-17 06:13:28 | INFO | Episode  122 - Reward: 3.550, Length: 40, Loss: 0.4719, Epsilon: 0.100
2026-03-17 06:13:29 | INFO | Episode  123 - Reward: 9.650, Length: 8, Loss: 1.3251, Epsilon: 0.100
2026-03-17 06:13:29 | INFO | Episode  124 - Reward: -7.400, Length: 40, Loss: 0.9405, Epsilon: 0.100
2026-03-17 06:13:30 | INFO | Episode  125 - Reward: -6.650, Length: 40, Loss: 0.1088, Epsilon: 0.100
2026-03-17 06:13:31 | INFO | Episode  126 - Reward: -6.950, Length: 40, Loss: 0.5342, Epsilon: 0.100
2026-03-17 06:13:32 | INFO | Episode  127 - Reward: 9.450, Length: 9, Loss: 1.1682, Epsilon: 0.100
2026-03-17 06:13:33 | INFO | Episode  128 - Reward: -8.600, Length: 40, Loss: 0.9063, Epsilon: 0.100
2026-03-17 06:13:33 | INFO | Episode  129 - Reward: -10.550, Length: 40, Loss: 0.6684, Epsilon: 0.100
2026-03-17 06:13:34 | INFO | Episode  130 - Reward: -11.450, Length: 40, Loss: 0.5354, Epsilon: 0.100
2026-03-17 06:13:35 | INFO | Episode  131 - Reward: 9.650, Length: 8, Loss: 0.9469, Epsilon: 0.100
2026-03-17 06:13:36 | INFO | Episode  132 - Reward: 9.650, Length: 8, Loss: 1.8371, Epsilon: 0.100
2026-03-17 06:13:37 | INFO | Episode  133 - Reward: 9.550, Length: 10, Loss: 0.7426, Epsilon: 0.100
2026-03-17 06:13:37 | INFO | Episode  134 - Reward: -6.500, Length: 40, Loss: 0.2240, Epsilon: 0.100
2026-03-17 06:13:38 | INFO | Episode  135 - Reward: 7.050, Length: 21, Loss: 0.5398, Epsilon: 0.100
2026-03-17 06:13:39 | INFO | Episode  136 - Reward: -6.500, Length: 40, Loss: 1.5732, Epsilon: 0.100
2026-03-17 06:13:40 | INFO | Episode  137 - Reward: 2.000, Length: 38, Loss: 1.7596, Epsilon: 0.100
2026-03-17 06:13:41 | INFO | Episode  138 - Reward: 7.700, Length: 8, Loss: 0.2459, Epsilon: 0.100
2026-03-17 06:13:42 | INFO | Episode  139 - Reward: 9.450, Length: 9, Loss: 1.3649, Epsilon: 0.100
2026-03-17 06:13:43 | INFO | Episode  140 - Reward: 4.900, Length: 22, Loss: 1.2222, Epsilon: 0.100
2026-03-17 06:13:44 | INFO | Episode  141 - Reward: -10.100, Length: 40, Loss: 3.7009, Epsilon: 0.100
2026-03-17 06:13:44 | INFO | Episode  142 - Reward: 8.450, Length: 14, Loss: 0.8406, Epsilon: 0.100
2026-03-17 06:13:45 | INFO | Episode  143 - Reward: 9.650, Length: 8, Loss: 0.9155, Epsilon: 0.100
2026-03-17 06:13:46 | INFO | Episode  144 - Reward: 9.650, Length: 8, Loss: 1.2896, Epsilon: 0.100
2026-03-17 06:13:47 | INFO | Episode  145 - Reward: 9.650, Length: 8, Loss: 1.2066, Epsilon: 0.100
2026-03-17 06:13:48 | INFO | Episode  146 - Reward: -8.300, Length: 40, Loss: 1.8232, Epsilon: 0.100
2026-03-17 06:13:49 | INFO | Episode  147 - Reward: -8.750, Length: 40, Loss: 0.8699, Epsilon: 0.100
2026-03-17 06:13:51 | INFO | Episode  148 - Reward: 7.600, Length: 10, Loss: 2.0689, Epsilon: 0.100
2026-03-17 06:13:52 | INFO | Episode  149 - Reward: 9.650, Length: 8, Loss: 1.6968, Epsilon: 0.100
2026-03-17 06:13:53 | INFO | Episode  150 - Reward: -6.950, Length: 40, Loss: 1.0472, Epsilon: 0.100
2026-03-17 06:14:08 | INFO | [Episode  150] eps=0.100  avg_reward=  -0.054  avg_length= 27.54  avg_loss=  1.1776  eval_success=0.000
2026-03-17 06:14:09 | INFO | Episode  151 - Reward: -7.850, Length: 40, Loss: 0.9326, Epsilon: 0.100
2026-03-17 06:14:10 | INFO | Episode  152 - Reward: 9.150, Length: 12, Loss: 0.8728, Epsilon: 0.100
2026-03-17 06:14:11 | INFO | Episode  153 - Reward: 9.650, Length: 8, Loss: 1.7535, Epsilon: 0.100
2026-03-17 06:14:12 | INFO | Episode  154 - Reward: 6.600, Length: 15, Loss: 1.5001, Epsilon: 0.100
2026-03-17 06:14:13 | INFO | Episode  155 - Reward: -8.900, Length: 40, Loss: 0.7793, Epsilon: 0.100
2026-03-17 06:14:14 | INFO | Episode  156 - Reward: 5.800, Length: 19, Loss: 1.4373, Epsilon: 0.100
2026-03-17 06:14:16 | INFO | Episode  157 - Reward: 9.650, Length: 8, Loss: 0.8491, Epsilon: 0.100
2026-03-17 06:14:17 | INFO | Episode  158 - Reward: 6.900, Length: 12, Loss: 1.4085, Epsilon: 0.100
2026-03-17 06:14:18 | INFO | Episode  159 - Reward: 9.650, Length: 8, Loss: 1.1927, Epsilon: 0.100
2026-03-17 06:14:19 | INFO | Episode  160 - Reward: 2.500, Length: 34, Loss: 0.6058, Epsilon: 0.100
2026-03-17 06:14:20 | INFO | Episode  161 - Reward: 9.350, Length: 11, Loss: 0.7863, Epsilon: 0.100
2026-03-17 06:14:21 | INFO | Episode  162 - Reward: 9.450, Length: 9, Loss: 1.4625, Epsilon: 0.100
2026-03-17 06:14:22 | INFO | Episode  163 - Reward: -7.100, Length: 40, Loss: 1.2429, Epsilon: 0.100
2026-03-17 06:14:23 | INFO | Episode  164 - Reward: 9.650, Length: 8, Loss: 2.1536, Epsilon: 0.100
2026-03-17 06:14:25 | INFO | Episode  165 - Reward: -1.550, Length: 31, Loss: 1.3910, Epsilon: 0.100
2026-03-17 06:14:26 | INFO | Episode  166 - Reward: -12.350, Length: 40, Loss: 0.6323, Epsilon: 0.100
2026-03-17 06:14:27 | INFO | Episode  167 - Reward: 9.650, Length: 8, Loss: 0.9115, Epsilon: 0.100
2026-03-17 06:14:28 | INFO | Episode  168 - Reward: 9.650, Length: 8, Loss: 0.1229, Epsilon: 0.100
2026-03-17 06:14:29 | INFO | Episode  169 - Reward: 4.550, Length: 35, Loss: 0.8426, Epsilon: 0.100
2026-03-17 06:14:30 | INFO | Episode  170 - Reward: -6.800, Length: 40, Loss: 0.8761, Epsilon: 0.100
2026-03-17 06:14:31 | INFO | Episode  171 - Reward: -6.950, Length: 40, Loss: 0.5014, Epsilon: 0.100
2026-03-17 06:14:33 | INFO | Episode  172 - Reward: 9.650, Length: 8, Loss: 1.7029, Epsilon: 0.100
2026-03-17 06:14:34 | INFO | Episode  173 - Reward: -10.250, Length: 40, Loss: 1.2570, Epsilon: 0.100
2026-03-17 06:14:35 | INFO | Episode  174 - Reward: 7.500, Length: 9, Loss: 2.2106, Epsilon: 0.100
2026-03-17 06:14:36 | INFO | Episode  175 - Reward: 9.450, Length: 9, Loss: 0.8770, Epsilon: 0.100
2026-03-17 06:14:36 | INFO | Episode  176 - Reward: -7.100, Length: 40, Loss: 2.0066, Epsilon: 0.100
2026-03-17 06:14:37 | INFO | Episode  177 - Reward: -7.400, Length: 40, Loss: 1.6048, Epsilon: 0.100
2026-03-17 06:14:38 | INFO | Episode  178 - Reward: 9.650, Length: 8, Loss: 0.6540, Epsilon: 0.100
2026-03-17 06:14:40 | INFO | Episode  179 - Reward: -8.300, Length: 40, Loss: 1.3934, Epsilon: 0.100
2026-03-17 06:14:41 | INFO | Episode  180 - Reward: 4.100, Length: 26, Loss: 1.4635, Epsilon: 0.100
2026-03-17 06:14:42 | INFO | Episode  181 - Reward: -8.600, Length: 40, Loss: 1.0822, Epsilon: 0.100
2026-03-17 06:14:43 | INFO | Episode  182 - Reward: 9.650, Length: 8, Loss: 1.2094, Epsilon: 0.100
2026-03-17 06:14:44 | INFO | Episode  183 - Reward: 9.650, Length: 8, Loss: 1.5170, Epsilon: 0.100
2026-03-17 06:14:45 | INFO | Episode  184 - Reward: 9.550, Length: 10, Loss: 1.6010, Epsilon: 0.100
2026-03-17 06:14:46 | INFO | Episode  185 - Reward: -10.250, Length: 40, Loss: 0.7888, Epsilon: 0.100
2026-03-17 06:14:47 | INFO | Episode  186 - Reward: 1.850, Length: 29, Loss: 1.0262, Epsilon: 0.100
2026-03-17 06:14:48 | INFO | Episode  187 - Reward: 4.250, Length: 17, Loss: 2.3931, Epsilon: 0.100
2026-03-17 06:14:49 | INFO | Episode  188 - Reward: 7.600, Length: 10, Loss: 0.4663, Epsilon: 0.100
2026-03-17 06:14:51 | INFO | Episode  189 - Reward: 9.550, Length: 10, Loss: 1.4977, Epsilon: 0.100
2026-03-17 06:14:52 | INFO | Episode  190 - Reward: -8.600, Length: 40, Loss: 1.2889, Epsilon: 0.100
2026-03-17 06:14:53 | INFO | Episode  191 - Reward: -6.500, Length: 40, Loss: 1.5933, Epsilon: 0.100
2026-03-17 06:14:54 | INFO | Episode  192 - Reward: 7.700, Length: 8, Loss: 1.2618, Epsilon: 0.100
2026-03-17 06:14:55 | INFO | Episode  193 - Reward: 7.600, Length: 10, Loss: 1.5876, Epsilon: 0.100
2026-03-17 06:14:56 | INFO | Episode  194 - Reward: 9.650, Length: 8, Loss: 1.3988, Epsilon: 0.100
2026-03-17 06:14:57 | INFO | Episode  195 - Reward: 9.650, Length: 8, Loss: 0.7908, Epsilon: 0.100
2026-03-17 06:14:58 | INFO | Episode  196 - Reward: -6.800, Length: 40, Loss: 1.3771, Epsilon: 0.100
2026-03-17 06:14:59 | INFO | Episode  197 - Reward: 9.650, Length: 8, Loss: 1.1832, Epsilon: 0.100
2026-03-17 06:15:01 | INFO | Episode  198 - Reward: 9.250, Length: 13, Loss: 0.8051, Epsilon: 0.100
2026-03-17 06:15:02 | INFO | Episode  199 - Reward: 9.650, Length: 8, Loss: 0.9107, Epsilon: 0.100
2026-03-17 06:15:03 | INFO | Episode  200 - Reward: 9.650, Length: 8, Loss: 2.3224, Epsilon: 0.100
2026-03-17 06:15:06 | INFO | [Episode  200] eps=0.100  avg_reward=   3.043  avg_length= 20.98  avg_loss=  1.2305  eval_success=1.000
2026-03-17 06:15:07 | INFO | Episode  201 - Reward: 5.650, Length: 10, Loss: 1.3667, Epsilon: 0.100
2026-03-17 06:15:08 | INFO | Episode  202 - Reward: 4.850, Length: 35, Loss: 1.9218, Epsilon: 0.100
2026-03-17 06:15:09 | INFO | Episode  203 - Reward: 7.600, Length: 10, Loss: 0.3110, Epsilon: 0.100
2026-03-17 06:15:10 | INFO | Episode  204 - Reward: 9.650, Length: 8, Loss: 1.5387, Epsilon: 0.100
2026-03-17 06:15:11 | INFO | Episode  205 - Reward: 9.650, Length: 8, Loss: 1.2065, Epsilon: 0.100
2026-03-17 06:15:12 | INFO | Episode  206 - Reward: 9.550, Length: 10, Loss: 1.4653, Epsilon: 0.100
2026-03-17 06:15:13 | INFO | Episode  207 - Reward: 7.700, Length: 8, Loss: 2.0781, Epsilon: 0.100
2026-03-17 06:15:14 | INFO | Episode  208 - Reward: -7.400, Length: 40, Loss: 0.8261, Epsilon: 0.100
2026-03-17 06:15:16 | INFO | Episode  209 - Reward: 9.650, Length: 8, Loss: 0.7803, Epsilon: 0.100
2026-03-17 06:15:17 | INFO | Episode  210 - Reward: 7.600, Length: 10, Loss: 1.3949, Epsilon: 0.100
2026-03-17 06:15:18 | INFO | Episode  211 - Reward: 9.650, Length: 8, Loss: 1.1443, Epsilon: 0.100
2026-03-17 06:15:19 | INFO | Episode  212 - Reward: 9.550, Length: 10, Loss: 1.3494, Epsilon: 0.100
2026-03-17 06:15:20 | INFO | Episode  213 - Reward: 9.650, Length: 8, Loss: 2.4261, Epsilon: 0.100
2026-03-17 06:15:21 | INFO | Episode  214 - Reward: -8.900, Length: 40, Loss: 1.6345, Epsilon: 0.100
2026-03-17 06:15:22 | INFO | Episode  215 - Reward: 9.650, Length: 8, Loss: 1.1092, Epsilon: 0.100
2026-03-17 06:15:23 | INFO | Episode  216 - Reward: 9.450, Length: 9, Loss: 0.8040, Epsilon: 0.100
2026-03-17 06:15:25 | INFO | Episode  217 - Reward: 7.500, Length: 9, Loss: 2.0955, Epsilon: 0.100
2026-03-17 06:15:26 | INFO | Episode  218 - Reward: 4.300, Length: 25, Loss: 0.9608, Epsilon: 0.100
2026-03-17 06:15:27 | INFO | Episode  219 - Reward: -12.200, Length: 40, Loss: 2.1221, Epsilon: 0.100
2026-03-17 06:15:28 | INFO | Episode  220 - Reward: 7.700, Length: 8, Loss: 0.6946, Epsilon: 0.100
2026-03-17 06:15:29 | INFO | Episode  221 - Reward: 9.650, Length: 8, Loss: 0.8184, Epsilon: 0.100
2026-03-17 06:15:30 | INFO | Episode  222 - Reward: 9.650, Length: 8, Loss: 1.2365, Epsilon: 0.100
2026-03-17 06:15:32 | INFO | Episode  223 - Reward: -6.500, Length: 40, Loss: 1.3405, Epsilon: 0.100
2026-03-17 06:15:33 | INFO | Episode  224 - Reward: -7.250, Length: 40, Loss: 1.2623, Epsilon: 0.100
2026-03-17 06:15:33 | INFO | Episode  225 - Reward: 9.650, Length: 8, Loss: 0.8872, Epsilon: 0.100
2026-03-17 06:15:34 | INFO | Episode  226 - Reward: 9.450, Length: 9, Loss: 0.4717, Epsilon: 0.100
2026-03-17 06:15:35 | INFO | Episode  227 - Reward: 9.650, Length: 8, Loss: 0.8219, Epsilon: 0.100
2026-03-17 06:15:36 | INFO | Episode  228 - Reward: 9.650, Length: 8, Loss: 1.4034, Epsilon: 0.100
2026-03-17 06:15:37 | INFO | Episode  229 - Reward: -13.850, Length: 40, Loss: 1.4380, Epsilon: 0.100
2026-03-17 06:15:38 | INFO | Episode  230 - Reward: 5.150, Length: 14, Loss: 1.0730, Epsilon: 0.100
2026-03-17 06:15:39 | INFO | Episode  231 - Reward: 5.650, Length: 10, Loss: 1.2620, Epsilon: 0.100
2026-03-17 06:15:39 | INFO | Episode  232 - Reward: 9.650, Length: 8, Loss: 1.7667, Epsilon: 0.100
2026-03-17 06:15:40 | INFO | Episode  233 - Reward: 1.300, Length: 40, Loss: 1.0405, Epsilon: 0.100
2026-03-17 06:15:40 | INFO | Episode  234 - Reward: 7.700, Length: 8, Loss: 0.7819, Epsilon: 0.100
2026-03-17 06:15:41 | INFO | Episode  235 - Reward: 7.700, Length: 8, Loss: 0.8746, Epsilon: 0.100
2026-03-17 06:15:42 | INFO | Episode  236 - Reward: 9.650, Length: 8, Loss: 1.1138, Epsilon: 0.100
2026-03-17 06:15:43 | INFO | Episode  237 - Reward: -7.550, Length: 40, Loss: 1.5454, Epsilon: 0.100
2026-03-17 06:15:44 | INFO | Episode  238 - Reward: 5.450, Length: 11, Loss: 1.7996, Epsilon: 0.100
2026-03-17 06:15:45 | INFO | Episode  239 - Reward: 7.700, Length: 8, Loss: 1.0316, Epsilon: 0.100
2026-03-17 06:15:46 | INFO | Episode  240 - Reward: 9.650, Length: 8, Loss: 0.9113, Epsilon: 0.100
2026-03-17 06:15:46 | INFO | Episode  241 - Reward: 9.650, Length: 8, Loss: 1.7567, Epsilon: 0.100
2026-03-17 06:15:47 | INFO | Episode  242 - Reward: 9.550, Length: 10, Loss: 1.6959, Epsilon: 0.100
2026-03-17 06:15:48 | INFO | Episode  243 - Reward: 7.700, Length: 8, Loss: 0.4338, Epsilon: 0.100
2026-03-17 06:15:49 | INFO | Episode  244 - Reward: 9.550, Length: 10, Loss: 1.4103, Epsilon: 0.100
2026-03-17 06:15:50 | INFO | Episode  245 - Reward: -6.800, Length: 40, Loss: 1.4490, Epsilon: 0.100
2026-03-17 06:15:51 | INFO | Episode  246 - Reward: 9.350, Length: 11, Loss: 1.3314, Epsilon: 0.100
2026-03-17 06:15:52 | INFO | Episode  247 - Reward: 7.050, Length: 24, Loss: 1.5630, Epsilon: 0.100
2026-03-17 06:15:53 | INFO | Episode  248 - Reward: 4.600, Length: 25, Loss: 0.7292, Epsilon: 0.100
2026-03-17 06:15:54 | INFO | Episode  249 - Reward: 9.650, Length: 8, Loss: 0.8749, Epsilon: 0.100
2026-03-17 06:15:54 | INFO | Episode  250 - Reward: 9.550, Length: 10, Loss: 1.0383, Epsilon: 0.100
2026-03-17 06:15:57 | INFO | [Episode  250] eps=0.100  avg_reward=   5.457  avg_length= 15.96  avg_loss=  1.2479  eval_success=1.000
