2026-03-17 05:50:20 | INFO | ============================================================
2026-03-17 05:50:20 | INFO | DEVICE / COMPUTE INFORMATION
2026-03-17 05:50:20 | INFO |   JAX backend       : GPU
2026-03-17 05:50:20 | INFO |   Platform          : gpu
2026-03-17 05:50:20 | INFO |   Num devices       : 1
2026-03-17 05:50:20 | INFO |   Device            : cuda:0
2026-03-17 05:50:20 | INFO |   GPU name          : NVIDIA GeForce RTX 5060 Laptop GPU
2026-03-17 05:50:20 | INFO | ============================================================
2026-03-17 05:50:20 | INFO | ✓ JAX GPU backend confirmed.
2026-03-17 05:50:21 | INFO | DQN seed=6_gamma=0.9_lr=0.1
2026-03-17 05:50:23 | INFO | Episode    1 - Reward: -10.850, Length: 40, Loss: 0.0000, Epsilon: 0.991
2026-03-17 05:50:23 | INFO | Episode    2 - Reward: -5.300, Length: 40, Loss: 0.0000, Epsilon: 0.982
2026-03-17 05:50:27 | INFO | Episode    3 - Reward: -0.650, Length: 31, Loss: 2.5030, Epsilon: 0.973
2026-03-17 05:50:27 | INFO | Episode    4 - Reward: 5.400, Length: 24, Loss: 2.5924, Epsilon: 0.964
2026-03-17 05:50:28 | INFO | Episode    5 - Reward: -4.100, Length: 40, Loss: 1.5117, Epsilon: 0.955
2026-03-17 05:50:29 | INFO | Episode    6 - Reward: -8.450, Length: 40, Loss: 0.2319, Epsilon: 0.946
2026-03-17 05:50:30 | INFO | Episode    7 - Reward: 4.500, Length: 36, Loss: 0.2329, Epsilon: 0.937
2026-03-17 05:50:30 | INFO | Episode    8 - Reward: 3.250, Length: 37, Loss: 0.8403, Epsilon: 0.928
2026-03-17 05:50:31 | INFO | Episode    9 - Reward: -5.900, Length: 40, Loss: 0.2648, Epsilon: 0.919
2026-03-17 05:50:32 | INFO | Episode   10 - Reward: -4.850, Length: 40, Loss: 0.0787, Epsilon: 0.910
2026-03-17 05:50:33 | INFO | Episode   11 - Reward: 4.700, Length: 35, Loss: 0.6937, Epsilon: 0.901
2026-03-17 05:50:34 | INFO | Episode   12 - Reward: -4.700, Length: 40, Loss: 0.8396, Epsilon: 0.892
2026-03-17 05:50:34 | INFO | Episode   13 - Reward: 7.750, Length: 28, Loss: 1.8689, Epsilon: 0.883
2026-03-17 05:50:35 | INFO | Episode   14 - Reward: -4.550, Length: 40, Loss: 0.2335, Epsilon: 0.874
2026-03-17 05:50:36 | INFO | Episode   15 - Reward: -5.150, Length: 40, Loss: 0.7480, Epsilon: 0.865
2026-03-17 05:50:37 | INFO | Episode   16 - Reward: -5.450, Length: 40, Loss: 1.4058, Epsilon: 0.856
2026-03-17 05:50:38 | INFO | Episode   17 - Reward: -5.450, Length: 40, Loss: 0.1852, Epsilon: 0.847
2026-03-17 05:50:39 | INFO | Episode   18 - Reward: -4.400, Length: 40, Loss: 1.9642, Epsilon: 0.838
2026-03-17 05:50:39 | INFO | Episode   19 - Reward: -5.750, Length: 40, Loss: 1.5377, Epsilon: 0.829
2026-03-17 05:50:40 | INFO | Episode   20 - Reward: -13.850, Length: 40, Loss: 0.2711, Epsilon: 0.820
2026-03-17 05:50:41 | INFO | Episode   21 - Reward: -6.050, Length: 40, Loss: 0.2198, Epsilon: 0.811
2026-03-17 05:50:42 | INFO | Episode   22 - Reward: -4.700, Length: 40, Loss: 0.8204, Epsilon: 0.802
2026-03-17 05:50:43 | INFO | Episode   23 - Reward: -3.500, Length: 40, Loss: 0.6409, Epsilon: 0.793
2026-03-17 05:50:44 | INFO | Episode   24 - Reward: -6.500, Length: 40, Loss: 1.1045, Epsilon: 0.784
2026-03-17 05:50:44 | INFO | Episode   25 - Reward: -8.150, Length: 40, Loss: 1.0648, Epsilon: 0.775
2026-03-17 05:50:45 | INFO | Episode   26 - Reward: 9.050, Length: 11, Loss: 0.5834, Epsilon: 0.766
2026-03-17 05:50:46 | INFO | Episode   27 - Reward: 9.050, Length: 14, Loss: 0.1413, Epsilon: 0.757
2026-03-17 05:50:47 | INFO | Episode   28 - Reward: 7.650, Length: 21, Loss: 1.4217, Epsilon: 0.748
2026-03-17 05:50:48 | INFO | Episode   29 - Reward: -4.550, Length: 40, Loss: 0.3719, Epsilon: 0.739
2026-03-17 05:50:49 | INFO | Episode   30 - Reward: 3.650, Length: 29, Loss: 0.6659, Epsilon: 0.730
2026-03-17 05:50:49 | INFO | Episode   31 - Reward: 1.200, Length: 33, Loss: 0.6045, Epsilon: 0.721
2026-03-17 05:50:50 | INFO | Episode   32 - Reward: -4.850, Length: 40, Loss: 1.7038, Epsilon: 0.712
2026-03-17 05:50:51 | INFO | Episode   33 - Reward: -4.850, Length: 40, Loss: 0.2564, Epsilon: 0.703
2026-03-17 05:50:53 | INFO | Episode   34 - Reward: -8.150, Length: 40, Loss: 1.4134, Epsilon: 0.694
2026-03-17 05:50:54 | INFO | Episode   35 - Reward: 8.650, Length: 16, Loss: 0.3876, Epsilon: 0.685
2026-03-17 05:50:55 | INFO | Episode   36 - Reward: 5.900, Length: 23, Loss: 0.3000, Epsilon: 0.676
2026-03-17 05:50:56 | INFO | Episode   37 - Reward: 8.050, Length: 19, Loss: 0.4802, Epsilon: 0.667
2026-03-17 05:50:57 | INFO | Episode   38 - Reward: 8.250, Length: 18, Loss: 0.9147, Epsilon: 0.658
2026-03-17 05:50:58 | INFO | Episode   39 - Reward: -5.450, Length: 40, Loss: 0.6368, Epsilon: 0.649
2026-03-17 05:50:59 | INFO | Episode   40 - Reward: -5.900, Length: 40, Loss: 1.1420, Epsilon: 0.640
2026-03-17 05:51:00 | INFO | Episode   41 - Reward: 5.100, Length: 33, Loss: 0.5748, Epsilon: 0.631
2026-03-17 05:51:01 | INFO | Episode   42 - Reward: 9.250, Length: 13, Loss: 0.7628, Epsilon: 0.622
2026-03-17 05:51:02 | INFO | Episode   43 - Reward: -6.500, Length: 40, Loss: 0.4517, Epsilon: 0.613
2026-03-17 05:51:03 | INFO | Episode   44 - Reward: -4.700, Length: 40, Loss: 0.2815, Epsilon: 0.604
2026-03-17 05:51:04 | INFO | Episode   45 - Reward: 8.050, Length: 22, Loss: 0.4761, Epsilon: 0.595
2026-03-17 05:51:05 | INFO | Episode   46 - Reward: -5.750, Length: 40, Loss: 0.2640, Epsilon: 0.586
2026-03-17 05:51:06 | INFO | Episode   47 - Reward: -5.150, Length: 40, Loss: 1.6977, Epsilon: 0.577
2026-03-17 05:51:07 | INFO | Episode   48 - Reward: -5.450, Length: 40, Loss: 0.4102, Epsilon: 0.568
2026-03-17 05:51:08 | INFO | Episode   49 - Reward: 4.200, Length: 30, Loss: 0.6487, Epsilon: 0.559
2026-03-17 05:51:09 | INFO | Episode   50 - Reward: -7.550, Length: 40, Loss: 1.4172, Epsilon: 0.550
2026-03-17 05:51:25 | INFO | [Episode   50] eps=0.550  avg_reward=  -1.470  avg_length= 34.26  avg_loss=  0.7972  eval_success=0.000
2026-03-17 05:51:27 | INFO | Episode   51 - Reward: -5.750, Length: 40, Loss: 0.6152, Epsilon: 0.541
2026-03-17 05:51:28 | INFO | Episode   52 - Reward: -5.600, Length: 40, Loss: 2.7687, Epsilon: 0.532
2026-03-17 05:51:29 | INFO | Episode   53 - Reward: -6.050, Length: 40, Loss: 1.5214, Epsilon: 0.523
2026-03-17 05:51:30 | INFO | Episode   54 - Reward: -6.050, Length: 40, Loss: 0.5434, Epsilon: 0.514
2026-03-17 05:51:31 | INFO | Episode   55 - Reward: 4.300, Length: 31, Loss: 0.6086, Epsilon: 0.505
2026-03-17 05:51:32 | INFO | Episode   56 - Reward: 7.200, Length: 12, Loss: 1.2769, Epsilon: 0.496
2026-03-17 05:51:32 | INFO | Episode   57 - Reward: -5.300, Length: 40, Loss: 0.9170, Epsilon: 0.487
2026-03-17 05:51:34 | INFO | Episode   58 - Reward: -6.050, Length: 40, Loss: 0.8270, Epsilon: 0.478
2026-03-17 05:51:35 | INFO | Episode   59 - Reward: 6.200, Length: 17, Loss: 0.7324, Epsilon: 0.469
2026-03-17 05:51:36 | INFO | Episode   60 - Reward: -6.650, Length: 40, Loss: 0.4750, Epsilon: 0.460
2026-03-17 05:51:37 | INFO | Episode   61 - Reward: 1.250, Length: 17, Loss: 1.1643, Epsilon: 0.451
2026-03-17 05:51:38 | INFO | Episode   62 - Reward: 9.350, Length: 11, Loss: 1.0947, Epsilon: 0.442
2026-03-17 05:51:39 | INFO | Episode   63 - Reward: 2.650, Length: 28, Loss: 0.8358, Epsilon: 0.433
2026-03-17 05:51:40 | INFO | Episode   64 - Reward: 7.500, Length: 9, Loss: 0.2631, Epsilon: 0.424
2026-03-17 05:51:41 | INFO | Episode   65 - Reward: 4.950, Length: 18, Loss: 0.7097, Epsilon: 0.415
2026-03-17 05:51:42 | INFO | Episode   66 - Reward: 9.250, Length: 13, Loss: 1.1570, Epsilon: 0.406
2026-03-17 05:51:43 | INFO | Episode   67 - Reward: 3.250, Length: 31, Loss: 0.7251, Epsilon: 0.397
2026-03-17 05:51:44 | INFO | Episode   68 - Reward: -6.650, Length: 40, Loss: 0.5171, Epsilon: 0.388
2026-03-17 05:51:45 | INFO | Episode   69 - Reward: 7.500, Length: 12, Loss: 0.4287, Epsilon: 0.379
2026-03-17 05:51:46 | INFO | Episode   70 - Reward: 6.150, Length: 30, Loss: 1.2271, Epsilon: 0.370
2026-03-17 05:51:47 | INFO | Episode   71 - Reward: -6.650, Length: 40, Loss: 1.0025, Epsilon: 0.361
2026-03-17 05:51:48 | INFO | Episode   72 - Reward: -7.100, Length: 40, Loss: 1.3458, Epsilon: 0.352
2026-03-17 05:51:50 | INFO | Episode   73 - Reward: -14.900, Length: 40, Loss: 0.7454, Epsilon: 0.343
2026-03-17 05:51:51 | INFO | Episode   74 - Reward: -9.200, Length: 40, Loss: 0.8449, Epsilon: 0.334
2026-03-17 05:51:52 | INFO | Episode   75 - Reward: -7.550, Length: 40, Loss: 0.6647, Epsilon: 0.325
2026-03-17 05:51:53 | INFO | Episode   76 - Reward: -6.950, Length: 40, Loss: 0.6606, Epsilon: 0.316
2026-03-17 05:51:54 | INFO | Episode   77 - Reward: 7.400, Length: 11, Loss: 0.3892, Epsilon: 0.307
2026-03-17 05:51:55 | INFO | Episode   78 - Reward: 4.650, Length: 15, Loss: 0.5910, Epsilon: 0.298
2026-03-17 05:51:56 | INFO | Episode   79 - Reward: 1.500, Length: 24, Loss: 0.7291, Epsilon: 0.289
2026-03-17 05:51:57 | INFO | Episode   80 - Reward: -6.800, Length: 40, Loss: 0.5282, Epsilon: 0.280
2026-03-17 05:51:58 | INFO | Episode   81 - Reward: -7.400, Length: 40, Loss: 0.2310, Epsilon: 0.271
2026-03-17 05:51:59 | INFO | Episode   82 - Reward: -3.950, Length: 40, Loss: 1.0111, Epsilon: 0.262
2026-03-17 05:52:00 | INFO | Episode   83 - Reward: 7.500, Length: 12, Loss: 0.7478, Epsilon: 0.253
2026-03-17 05:52:01 | INFO | Episode   84 - Reward: 7.600, Length: 10, Loss: 0.4890, Epsilon: 0.244
2026-03-17 05:52:03 | INFO | Episode   85 - Reward: 8.250, Length: 15, Loss: 0.6195, Epsilon: 0.235
2026-03-17 05:52:04 | INFO | Episode   86 - Reward: -7.100, Length: 40, Loss: 0.5225, Epsilon: 0.226
2026-03-17 05:52:05 | INFO | Episode   87 - Reward: -7.550, Length: 40, Loss: 0.6478, Epsilon: 0.217
2026-03-17 05:52:05 | INFO | Episode   88 - Reward: -6.950, Length: 40, Loss: 0.3350, Epsilon: 0.208
2026-03-17 05:52:06 | INFO | Episode   89 - Reward: 7.100, Length: 11, Loss: 0.3913, Epsilon: 0.199
2026-03-17 05:52:07 | INFO | Episode   90 - Reward: -8.900, Length: 40, Loss: 0.5209, Epsilon: 0.190
2026-03-17 05:52:08 | INFO | Episode   91 - Reward: 2.250, Length: 30, Loss: 0.5135, Epsilon: 0.181
2026-03-17 05:52:09 | INFO | Episode   92 - Reward: 6.100, Length: 16, Loss: 1.3643, Epsilon: 0.172
2026-03-17 05:52:10 | INFO | Episode   93 - Reward: 7.750, Length: 19, Loss: 0.5946, Epsilon: 0.163
2026-03-17 05:52:12 | INFO | Episode   94 - Reward: 7.100, Length: 17, Loss: 1.1029, Epsilon: 0.154
2026-03-17 05:52:13 | INFO | Episode   95 - Reward: -7.250, Length: 40, Loss: 0.4890, Epsilon: 0.145
2026-03-17 05:52:14 | INFO | Episode   96 - Reward: 3.600, Length: 30, Loss: 0.3692, Epsilon: 0.136
2026-03-17 05:52:15 | INFO | Episode   97 - Reward: 7.700, Length: 8, Loss: 0.1791, Epsilon: 0.127
2026-03-17 05:52:16 | INFO | Episode   98 - Reward: 9.650, Length: 8, Loss: 1.2396, Epsilon: 0.118
2026-03-17 05:52:17 | INFO | Episode   99 - Reward: 7.000, Length: 13, Loss: 0.2208, Epsilon: 0.109
2026-03-17 05:52:18 | INFO | Episode  100 - Reward: -6.350, Length: 40, Loss: 0.4388, Epsilon: 0.100
2026-03-17 05:52:33 | INFO | [Episode  100] eps=0.100  avg_reward=   0.040  avg_length= 27.76  avg_loss=  0.7587  eval_success=0.000
2026-03-17 05:52:34 | INFO | Episode  101 - Reward: 6.150, Length: 30, Loss: 0.3285, Epsilon: 0.100
2026-03-17 05:52:35 | INFO | Episode  102 - Reward: 7.700, Length: 8, Loss: 0.2933, Epsilon: 0.100
2026-03-17 05:52:35 | INFO | Episode  103 - Reward: -8.300, Length: 40, Loss: 1.0700, Epsilon: 0.100
2026-03-17 05:52:37 | INFO | Episode  104 - Reward: 7.300, Length: 10, Loss: 0.7150, Epsilon: 0.100
2026-03-17 05:52:38 | INFO | Episode  105 - Reward: -6.050, Length: 40, Loss: 0.4177, Epsilon: 0.100
2026-03-17 05:52:39 | INFO | Episode  106 - Reward: 7.500, Length: 9, Loss: 0.7287, Epsilon: 0.100
2026-03-17 05:52:40 | INFO | Episode  107 - Reward: -7.400, Length: 40, Loss: 0.8013, Epsilon: 0.100
2026-03-17 05:52:41 | INFO | Episode  108 - Reward: -10.250, Length: 40, Loss: 0.3604, Epsilon: 0.100
2026-03-17 05:52:42 | INFO | Episode  109 - Reward: -7.400, Length: 40, Loss: 0.6025, Epsilon: 0.100
2026-03-17 05:52:43 | INFO | Episode  110 - Reward: 7.700, Length: 8, Loss: 0.7217, Epsilon: 0.100
2026-03-17 05:52:44 | INFO | Episode  111 - Reward: -8.900, Length: 40, Loss: 0.6406, Epsilon: 0.100
2026-03-17 05:52:45 | INFO | Episode  112 - Reward: 5.300, Length: 20, Loss: 0.7157, Epsilon: 0.100
2026-03-17 05:52:46 | INFO | Episode  113 - Reward: -7.700, Length: 40, Loss: 0.4957, Epsilon: 0.100
2026-03-17 05:52:47 | INFO | Episode  114 - Reward: 6.400, Length: 16, Loss: 1.0474, Epsilon: 0.100
2026-03-17 05:52:48 | INFO | Episode  115 - Reward: -8.900, Length: 40, Loss: 0.5990, Epsilon: 0.100
2026-03-17 05:52:49 | INFO | Episode  116 - Reward: 9.450, Length: 9, Loss: 0.6924, Epsilon: 0.100
2026-03-17 05:52:50 | INFO | Episode  117 - Reward: -7.550, Length: 40, Loss: 0.3707, Epsilon: 0.100
2026-03-17 05:52:51 | INFO | Episode  118 - Reward: -10.250, Length: 40, Loss: 0.7038, Epsilon: 0.100
2026-03-17 05:52:53 | INFO | Episode  119 - Reward: 9.550, Length: 10, Loss: 0.7198, Epsilon: 0.100
2026-03-17 05:52:54 | INFO | Episode  120 - Reward: -7.250, Length: 40, Loss: 0.9521, Epsilon: 0.100
2026-03-17 05:52:55 | INFO | Episode  121 - Reward: 7.500, Length: 9, Loss: 0.5257, Epsilon: 0.100
2026-03-17 05:52:56 | INFO | Episode  122 - Reward: -6.950, Length: 40, Loss: 0.6357, Epsilon: 0.100
2026-03-17 05:52:57 | INFO | Episode  123 - Reward: 3.850, Length: 37, Loss: 0.9952, Epsilon: 0.100
2026-03-17 05:52:58 | INFO | Episode  124 - Reward: 5.650, Length: 28, Loss: 1.2513, Epsilon: 0.100
2026-03-17 05:52:59 | INFO | Episode  125 - Reward: -7.550, Length: 40, Loss: 1.2626, Epsilon: 0.100
2026-03-17 05:53:00 | INFO | Episode  126 - Reward: 1.600, Length: 40, Loss: 0.5409, Epsilon: 0.100
2026-03-17 05:53:01 | INFO | Episode  127 - Reward: 5.300, Length: 20, Loss: 1.3185, Epsilon: 0.100
2026-03-17 05:53:02 | INFO | Episode  128 - Reward: -7.400, Length: 40, Loss: 0.1907, Epsilon: 0.100
2026-03-17 05:53:03 | INFO | Episode  129 - Reward: 7.500, Length: 9, Loss: 0.4489, Epsilon: 0.100
2026-03-17 05:53:04 | INFO | Episode  130 - Reward: -6.800, Length: 40, Loss: 0.3582, Epsilon: 0.100
2026-03-17 05:53:04 | INFO | Episode  131 - Reward: -7.700, Length: 40, Loss: 0.6611, Epsilon: 0.100
2026-03-17 05:53:05 | INFO | Episode  132 - Reward: 7.700, Length: 8, Loss: 0.8844, Epsilon: 0.100
2026-03-17 05:53:06 | INFO | Episode  133 - Reward: -7.400, Length: 40, Loss: 0.8683, Epsilon: 0.100
2026-03-17 05:53:07 | INFO | Episode  134 - Reward: 9.550, Length: 10, Loss: 0.6270, Epsilon: 0.100
2026-03-17 05:53:07 | INFO | Episode  135 - Reward: 9.450, Length: 9, Loss: 1.7019, Epsilon: 0.100
2026-03-17 05:53:08 | INFO | Episode  136 - Reward: 8.950, Length: 13, Loss: 1.4181, Epsilon: 0.100
2026-03-17 05:53:09 | INFO | Episode  137 - Reward: 9.650, Length: 8, Loss: 0.6183, Epsilon: 0.100
2026-03-17 05:53:10 | INFO | Episode  138 - Reward: 9.450, Length: 9, Loss: 0.6268, Epsilon: 0.100
2026-03-17 05:53:10 | INFO | Episode  139 - Reward: 7.500, Length: 9, Loss: 0.7032, Epsilon: 0.100
2026-03-17 05:53:11 | INFO | Episode  140 - Reward: -7.550, Length: 40, Loss: 0.6948, Epsilon: 0.100
2026-03-17 05:53:12 | INFO | Episode  141 - Reward: 9.650, Length: 8, Loss: 0.2631, Epsilon: 0.100
2026-03-17 05:53:13 | INFO | Episode  142 - Reward: 7.700, Length: 8, Loss: 1.4932, Epsilon: 0.100
2026-03-17 05:53:14 | INFO | Episode  143 - Reward: -6.500, Length: 40, Loss: 0.6971, Epsilon: 0.100
2026-03-17 05:53:15 | INFO | Episode  144 - Reward: 9.650, Length: 8, Loss: 0.4527, Epsilon: 0.100
2026-03-17 05:53:15 | INFO | Episode  145 - Reward: 9.650, Length: 8, Loss: 0.4075, Epsilon: 0.100
2026-03-17 05:53:16 | INFO | Episode  146 - Reward: -8.000, Length: 40, Loss: 1.5097, Epsilon: 0.100
2026-03-17 05:53:17 | INFO | Episode  147 - Reward: -2.150, Length: 40, Loss: 0.6218, Epsilon: 0.100
2026-03-17 05:53:18 | INFO | Episode  148 - Reward: -7.100, Length: 40, Loss: 1.8849, Epsilon: 0.100
2026-03-17 05:53:19 | INFO | Episode  149 - Reward: -7.700, Length: 40, Loss: 1.5902, Epsilon: 0.100
2026-03-17 05:53:20 | INFO | Episode  150 - Reward: -7.850, Length: 40, Loss: 1.1892, Epsilon: 0.100
2026-03-17 05:53:22 | INFO | [Episode  150] eps=0.100  avg_reward=   0.335  avg_length= 26.42  avg_loss=  0.7883  eval_success=1.000
2026-03-17 05:53:23 | INFO | Episode  151 - Reward: -7.850, Length: 40, Loss: 0.8230, Epsilon: 0.100
2026-03-17 05:53:24 | INFO | Episode  152 - Reward: 7.600, Length: 10, Loss: 0.5985, Epsilon: 0.100
2026-03-17 05:53:25 | INFO | Episode  153 - Reward: 7.500, Length: 9, Loss: 1.1456, Epsilon: 0.100
2026-03-17 05:53:26 | INFO | Episode  154 - Reward: 9.450, Length: 9, Loss: 0.2372, Epsilon: 0.100
2026-03-17 05:53:26 | INFO | Episode  155 - Reward: 8.250, Length: 15, Loss: 0.1560, Epsilon: 0.100
2026-03-17 05:53:27 | INFO | Episode  156 - Reward: 9.550, Length: 10, Loss: 0.3165, Epsilon: 0.100
2026-03-17 05:53:28 | INFO | Episode  157 - Reward: 9.650, Length: 8, Loss: 1.0584, Epsilon: 0.100
2026-03-17 05:53:29 | INFO | Episode  158 - Reward: 7.500, Length: 9, Loss: 1.5159, Epsilon: 0.100
2026-03-17 05:53:30 | INFO | Episode  159 - Reward: 7.700, Length: 8, Loss: 0.3856, Epsilon: 0.100
2026-03-17 05:53:31 | INFO | Episode  160 - Reward: 7.300, Length: 10, Loss: 1.3592, Epsilon: 0.100
2026-03-17 05:53:32 | INFO | Episode  161 - Reward: 7.400, Length: 11, Loss: 0.1970, Epsilon: 0.100
2026-03-17 05:53:32 | INFO | Episode  162 - Reward: 7.500, Length: 9, Loss: 0.1205, Epsilon: 0.100
2026-03-17 05:53:33 | INFO | Episode  163 - Reward: 9.450, Length: 9, Loss: 0.3173, Epsilon: 0.100
2026-03-17 05:53:34 | INFO | Episode  164 - Reward: 9.650, Length: 8, Loss: 0.3604, Epsilon: 0.100
2026-03-17 05:53:35 | INFO | Episode  165 - Reward: 7.700, Length: 8, Loss: 0.4473, Epsilon: 0.100
2026-03-17 05:53:36 | INFO | Episode  166 - Reward: 9.450, Length: 9, Loss: 0.5448, Epsilon: 0.100
2026-03-17 05:53:37 | INFO | Episode  167 - Reward: -2.450, Length: 40, Loss: 0.8993, Epsilon: 0.100
2026-03-17 05:53:38 | INFO | Episode  168 - Reward: 9.650, Length: 8, Loss: 0.7683, Epsilon: 0.100
2026-03-17 05:53:39 | INFO | Episode  169 - Reward: 7.600, Length: 10, Loss: 0.8679, Epsilon: 0.100
2026-03-17 05:53:39 | INFO | Episode  170 - Reward: 9.650, Length: 8, Loss: 1.2337, Epsilon: 0.100
2026-03-17 05:53:39 | INFO | Episode  171 - Reward: 7.600, Length: 10, Loss: 0.8807, Epsilon: 0.100
2026-03-17 05:53:40 | INFO | Episode  172 - Reward: 4.950, Length: 33, Loss: 0.4899, Epsilon: 0.100
2026-03-17 05:53:41 | INFO | Episode  173 - Reward: -7.700, Length: 40, Loss: 1.1393, Epsilon: 0.100
2026-03-17 05:53:42 | INFO | Episode  174 - Reward: -7.100, Length: 40, Loss: 1.4351, Epsilon: 0.100
2026-03-17 05:53:43 | INFO | Episode  175 - Reward: 9.550, Length: 10, Loss: 1.6649, Epsilon: 0.100
2026-03-17 05:53:44 | INFO | Episode  176 - Reward: 9.450, Length: 9, Loss: 0.7053, Epsilon: 0.100
2026-03-17 05:53:44 | INFO | Episode  177 - Reward: 9.650, Length: 8, Loss: 0.3332, Epsilon: 0.100
2026-03-17 05:53:45 | INFO | Episode  178 - Reward: 9.450, Length: 9, Loss: 0.3583, Epsilon: 0.100
2026-03-17 05:53:46 | INFO | Episode  179 - Reward: 9.550, Length: 10, Loss: 0.9707, Epsilon: 0.100
2026-03-17 05:53:47 | INFO | Episode  180 - Reward: -2.150, Length: 40, Loss: 0.4582, Epsilon: 0.100
2026-03-17 05:53:48 | INFO | Episode  181 - Reward: -8.000, Length: 40, Loss: 0.4253, Epsilon: 0.100
2026-03-17 05:53:49 | INFO | Episode  182 - Reward: 9.650, Length: 8, Loss: 0.6797, Epsilon: 0.100
2026-03-17 05:53:50 | INFO | Episode  183 - Reward: 7.500, Length: 9, Loss: 0.7173, Epsilon: 0.100
2026-03-17 05:53:50 | INFO | Episode  184 - Reward: 7.600, Length: 10, Loss: 0.8199, Epsilon: 0.100
2026-03-17 05:53:51 | INFO | Episode  185 - Reward: 7.700, Length: 8, Loss: 0.8461, Epsilon: 0.100
2026-03-17 05:53:52 | INFO | Episode  186 - Reward: 7.700, Length: 8, Loss: 1.0176, Epsilon: 0.100
2026-03-17 05:53:53 | INFO | Episode  187 - Reward: -7.400, Length: 40, Loss: 0.6317, Epsilon: 0.100
2026-03-17 05:53:54 | INFO | Episode  188 - Reward: 7.600, Length: 10, Loss: 1.7947, Epsilon: 0.100
2026-03-17 05:53:55 | INFO | Episode  189 - Reward: 4.600, Length: 25, Loss: 0.3779, Epsilon: 0.100
2026-03-17 05:53:56 | INFO | Episode  190 - Reward: -8.000, Length: 40, Loss: 0.2110, Epsilon: 0.100
2026-03-17 05:53:56 | INFO | Episode  191 - Reward: 9.550, Length: 10, Loss: 0.6605, Epsilon: 0.100
2026-03-17 05:53:57 | INFO | Episode  192 - Reward: -8.000, Length: 40, Loss: 1.4354, Epsilon: 0.100
2026-03-17 05:53:58 | INFO | Episode  193 - Reward: 9.550, Length: 10, Loss: 1.7179, Epsilon: 0.100
2026-03-17 05:53:59 | INFO | Episode  194 - Reward: 9.650, Length: 8, Loss: 0.4049, Epsilon: 0.100
2026-03-17 05:54:00 | INFO | Episode  195 - Reward: 7.700, Length: 8, Loss: 0.2708, Epsilon: 0.100
2026-03-17 05:54:01 | INFO | Episode  196 - Reward: -8.900, Length: 40, Loss: 1.0716, Epsilon: 0.100
2026-03-17 05:54:02 | INFO | Episode  197 - Reward: 9.650, Length: 8, Loss: 0.2185, Epsilon: 0.100
2026-03-17 05:54:03 | INFO | Episode  198 - Reward: 9.250, Length: 13, Loss: 0.9796, Epsilon: 0.100
2026-03-17 05:54:04 | INFO | Episode  199 - Reward: 9.650, Length: 8, Loss: 0.2949, Epsilon: 0.100
2026-03-17 05:54:05 | INFO | Episode  200 - Reward: 7.700, Length: 8, Loss: 0.1561, Epsilon: 0.100
2026-03-17 05:54:08 | INFO | [Episode  200] eps=0.100  avg_reward=   5.405  avg_length= 16.16  avg_loss=  0.7304  eval_success=1.000
2026-03-17 05:54:09 | INFO | Episode  201 - Reward: 5.650, Length: 10, Loss: 0.6887, Epsilon: 0.100
2026-03-17 05:54:10 | INFO | Episode  202 - Reward: 9.650, Length: 8, Loss: 1.0744, Epsilon: 0.100
2026-03-17 05:54:11 | INFO | Episode  203 - Reward: -6.650, Length: 40, Loss: 0.6140, Epsilon: 0.100
2026-03-17 05:54:12 | INFO | Episode  204 - Reward: 9.650, Length: 8, Loss: 0.1790, Epsilon: 0.100
2026-03-17 05:54:13 | INFO | Episode  205 - Reward: 9.650, Length: 8, Loss: 1.1874, Epsilon: 0.100
2026-03-17 05:54:14 | INFO | Episode  206 - Reward: -7.100, Length: 40, Loss: 0.5076, Epsilon: 0.100
2026-03-17 05:54:15 | INFO | Episode  207 - Reward: 7.700, Length: 8, Loss: 1.3870, Epsilon: 0.100
2026-03-17 05:54:16 | INFO | Episode  208 - Reward: 9.650, Length: 8, Loss: 0.4040, Epsilon: 0.100
2026-03-17 05:54:17 | INFO | Episode  209 - Reward: 9.650, Length: 8, Loss: 0.2078, Epsilon: 0.100
2026-03-17 05:54:18 | INFO | Episode  210 - Reward: 7.600, Length: 10, Loss: 0.8128, Epsilon: 0.100
2026-03-17 05:54:19 | INFO | Episode  211 - Reward: 7.700, Length: 8, Loss: 0.1018, Epsilon: 0.100
2026-03-17 05:54:21 | INFO | Episode  212 - Reward: 7.600, Length: 10, Loss: 0.3339, Epsilon: 0.100
2026-03-17 05:54:22 | INFO | Episode  213 - Reward: 7.700, Length: 8, Loss: 0.3268, Epsilon: 0.100
2026-03-17 05:54:23 | INFO | Episode  214 - Reward: 7.700, Length: 8, Loss: 1.1705, Epsilon: 0.100
2026-03-17 05:54:24 | INFO | Episode  215 - Reward: 6.600, Length: 15, Loss: 1.3628, Epsilon: 0.100
2026-03-17 05:54:25 | INFO | Episode  216 - Reward: 9.450, Length: 9, Loss: 0.1450, Epsilon: 0.100
2026-03-17 05:54:26 | INFO | Episode  217 - Reward: 7.500, Length: 9, Loss: 0.4010, Epsilon: 0.100
2026-03-17 05:54:27 | INFO | Episode  218 - Reward: 7.300, Length: 10, Loss: 1.1180, Epsilon: 0.100
2026-03-17 05:54:28 | INFO | Episode  219 - Reward: 7.700, Length: 8, Loss: 0.5763, Epsilon: 0.100
2026-03-17 05:54:29 | INFO | Episode  220 - Reward: 7.700, Length: 8, Loss: 0.8370, Epsilon: 0.100
2026-03-17 05:54:31 | INFO | Episode  221 - Reward: 7.700, Length: 8, Loss: 1.4373, Epsilon: 0.100
2026-03-17 05:54:32 | INFO | Episode  222 - Reward: 7.700, Length: 8, Loss: 1.0400, Epsilon: 0.100
2026-03-17 05:54:33 | INFO | Episode  223 - Reward: 1.350, Length: 33, Loss: 0.8659, Epsilon: 0.100
2026-03-17 05:54:34 | INFO | Episode  224 - Reward: -8.900, Length: 40, Loss: 0.6230, Epsilon: 0.100
2026-03-17 05:54:35 | INFO | Episode  225 - Reward: 7.700, Length: 8, Loss: 1.5961, Epsilon: 0.100
2026-03-17 05:54:36 | INFO | Episode  226 - Reward: 9.650, Length: 8, Loss: 0.5863, Epsilon: 0.100
2026-03-17 05:54:37 | INFO | Episode  227 - Reward: 7.700, Length: 8, Loss: 0.4829, Epsilon: 0.100
2026-03-17 05:54:38 | INFO | Episode  228 - Reward: 7.700, Length: 8, Loss: 0.5855, Epsilon: 0.100
2026-03-17 05:54:39 | INFO | Episode  229 - Reward: 9.650, Length: 8, Loss: 0.2295, Epsilon: 0.100
2026-03-17 05:54:40 | INFO | Episode  230 - Reward: 9.450, Length: 12, Loss: 0.3417, Epsilon: 0.100
2026-03-17 05:54:41 | INFO | Episode  231 - Reward: 9.550, Length: 10, Loss: 0.2755, Epsilon: 0.100
2026-03-17 05:54:42 | INFO | Episode  232 - Reward: -6.800, Length: 40, Loss: 0.6714, Epsilon: 0.100
2026-03-17 05:54:43 | INFO | Episode  233 - Reward: -7.400, Length: 40, Loss: 0.5703, Epsilon: 0.100
2026-03-17 05:54:44 | INFO | Episode  234 - Reward: 9.650, Length: 8, Loss: 0.0866, Epsilon: 0.100
2026-03-17 05:54:45 | INFO | Episode  235 - Reward: 7.700, Length: 8, Loss: 0.8778, Epsilon: 0.100
2026-03-17 05:54:46 | INFO | Episode  236 - Reward: 9.650, Length: 8, Loss: 0.1252, Epsilon: 0.100
2026-03-17 05:54:47 | INFO | Episode  237 - Reward: -7.250, Length: 40, Loss: 0.1837, Epsilon: 0.100
2026-03-17 05:54:48 | INFO | Episode  238 - Reward: 5.650, Length: 10, Loss: 0.8961, Epsilon: 0.100
2026-03-17 05:54:49 | INFO | Episode  239 - Reward: 7.700, Length: 8, Loss: 0.0957, Epsilon: 0.100
2026-03-17 05:54:50 | INFO | Episode  240 - Reward: 9.650, Length: 8, Loss: 1.4806, Epsilon: 0.100
2026-03-17 05:54:52 | INFO | Episode  241 - Reward: -7.250, Length: 40, Loss: 0.4347, Epsilon: 0.100
2026-03-17 05:54:53 | INFO | Episode  242 - Reward: 7.600, Length: 10, Loss: 0.5723, Epsilon: 0.100
2026-03-17 05:54:54 | INFO | Episode  243 - Reward: 6.900, Length: 12, Loss: 1.2326, Epsilon: 0.100
2026-03-17 05:54:55 | INFO | Episode  244 - Reward: 7.400, Length: 11, Loss: 1.0926, Epsilon: 0.100
2026-03-17 05:54:56 | INFO | Episode  245 - Reward: 7.700, Length: 8, Loss: 1.5073, Epsilon: 0.100
2026-03-17 05:54:57 | INFO | Episode  246 - Reward: 9.350, Length: 11, Loss: 1.0356, Epsilon: 0.100
2026-03-17 05:54:59 | INFO | Episode  247 - Reward: 7.200, Length: 12, Loss: 0.3665, Epsilon: 0.100
2026-03-17 05:55:00 | INFO | Episode  248 - Reward: 9.650, Length: 8, Loss: 0.2330, Epsilon: 0.100
2026-03-17 05:55:01 | INFO | Episode  249 - Reward: 9.650, Length: 8, Loss: 0.8670, Epsilon: 0.100
2026-03-17 05:55:02 | INFO | Episode  250 - Reward: 9.550, Length: 10, Loss: 0.4589, Epsilon: 0.100
2026-03-17 05:55:05 | INFO | [Episode  250] eps=0.100  avg_reward=   5.959  avg_length= 13.84  avg_loss=  0.6857  eval_success=1.000
