2026-03-17 06:31:15 | INFO | ============================================================
2026-03-17 06:31:15 | INFO | DEVICE / COMPUTE INFORMATION
2026-03-17 06:31:15 | INFO |   JAX backend       : GPU
2026-03-17 06:31:15 | INFO |   Platform          : gpu
2026-03-17 06:31:15 | INFO |   Num devices       : 1
2026-03-17 06:31:15 | INFO |   Device            : cuda:0
2026-03-17 06:31:15 | INFO |   GPU name          : NVIDIA GeForce RTX 5060 Laptop GPU
2026-03-17 06:31:15 | INFO | ============================================================
2026-03-17 06:31:15 | INFO | ✓ JAX GPU backend confirmed.
2026-03-17 06:31:16 | INFO | DQN seed=7_gamma=0.9_lr=0.001
2026-03-17 06:31:18 | INFO | Episode    1 - Reward: -3.200, Length: 40, Loss: 0.0000, Epsilon: 0.991
2026-03-17 06:31:19 | INFO | Episode    2 - Reward: -7.850, Length: 40, Loss: 0.0000, Epsilon: 0.982
2026-03-17 06:31:24 | INFO | Episode    3 - Reward: -4.700, Length: 40, Loss: 0.3191, Epsilon: 0.973
2026-03-17 06:31:25 | INFO | Episode    4 - Reward: -7.850, Length: 40, Loss: 0.3390, Epsilon: 0.964
2026-03-17 06:31:26 | INFO | Episode    5 - Reward: -4.400, Length: 40, Loss: 0.2324, Epsilon: 0.955
2026-03-17 06:31:27 | INFO | Episode    6 - Reward: -5.600, Length: 40, Loss: 0.2032, Epsilon: 0.946
2026-03-17 06:31:28 | INFO | Episode    7 - Reward: -3.950, Length: 40, Loss: 0.1743, Epsilon: 0.937
2026-03-17 06:31:30 | INFO | Episode    8 - Reward: -5.150, Length: 40, Loss: 0.2189, Epsilon: 0.928
2026-03-17 06:31:31 | INFO | Episode    9 - Reward: -5.450, Length: 40, Loss: 0.1078, Epsilon: 0.919
2026-03-17 06:31:32 | INFO | Episode   10 - Reward: -5.600, Length: 40, Loss: 0.1134, Epsilon: 0.910
2026-03-17 06:31:33 | INFO | Episode   11 - Reward: -7.250, Length: 40, Loss: 0.1314, Epsilon: 0.901
2026-03-17 06:31:34 | INFO | Episode   12 - Reward: -4.250, Length: 40, Loss: 0.1142, Epsilon: 0.892
2026-03-17 06:31:35 | INFO | Episode   13 - Reward: -5.600, Length: 40, Loss: 0.1183, Epsilon: 0.883
2026-03-17 06:31:36 | INFO | Episode   14 - Reward: -4.700, Length: 40, Loss: 0.1178, Epsilon: 0.874
2026-03-17 06:31:37 | INFO | Episode   15 - Reward: -5.000, Length: 40, Loss: 0.1068, Epsilon: 0.865
2026-03-17 06:31:38 | INFO | Episode   16 - Reward: -5.150, Length: 40, Loss: 0.0757, Epsilon: 0.856
2026-03-17 06:31:39 | INFO | Episode   17 - Reward: -4.850, Length: 40, Loss: 0.0848, Epsilon: 0.847
2026-03-17 06:31:40 | INFO | Episode   18 - Reward: 6.500, Length: 23, Loss: 0.1351, Epsilon: 0.838
2026-03-17 06:31:41 | INFO | Episode   19 - Reward: -4.550, Length: 40, Loss: 0.0520, Epsilon: 0.829
2026-03-17 06:31:42 | INFO | Episode   20 - Reward: -5.000, Length: 40, Loss: 0.0697, Epsilon: 0.820
2026-03-17 06:31:43 | INFO | Episode   21 - Reward: -4.250, Length: 40, Loss: 0.0725, Epsilon: 0.811
2026-03-17 06:31:44 | INFO | Episode   22 - Reward: -6.200, Length: 40, Loss: 0.0577, Epsilon: 0.802
2026-03-17 06:31:46 | INFO | Episode   23 - Reward: -5.150, Length: 40, Loss: 0.0583, Epsilon: 0.793
2026-03-17 06:31:47 | INFO | Episode   24 - Reward: -4.700, Length: 40, Loss: 0.1183, Epsilon: 0.784
2026-03-17 06:31:48 | INFO | Episode   25 - Reward: -4.850, Length: 40, Loss: 0.0388, Epsilon: 0.775
2026-03-17 06:31:49 | INFO | Episode   26 - Reward: -4.400, Length: 40, Loss: 0.0675, Epsilon: 0.766
2026-03-17 06:31:50 | INFO | Episode   27 - Reward: -5.150, Length: 40, Loss: 0.1003, Epsilon: 0.757
2026-03-17 06:31:51 | INFO | Episode   28 - Reward: -5.450, Length: 40, Loss: 0.0309, Epsilon: 0.748
2026-03-17 06:31:52 | INFO | Episode   29 - Reward: -5.450, Length: 40, Loss: 0.0348, Epsilon: 0.739
2026-03-17 06:31:53 | INFO | Episode   30 - Reward: -5.600, Length: 40, Loss: 0.8584, Epsilon: 0.730
2026-03-17 06:31:54 | INFO | Episode   31 - Reward: -5.150, Length: 40, Loss: 0.0502, Epsilon: 0.721
2026-03-17 06:31:55 | INFO | Episode   32 - Reward: -5.450, Length: 40, Loss: 0.0216, Epsilon: 0.712
2026-03-17 06:31:56 | INFO | Episode   33 - Reward: -5.750, Length: 40, Loss: 0.8544, Epsilon: 0.703
2026-03-17 06:31:57 | INFO | Episode   34 - Reward: -5.300, Length: 40, Loss: 0.0269, Epsilon: 0.694
2026-03-17 06:31:59 | INFO | Episode   35 - Reward: -5.000, Length: 40, Loss: 0.0264, Epsilon: 0.685
2026-03-17 06:32:00 | INFO | Episode   36 - Reward: -4.850, Length: 40, Loss: 0.0966, Epsilon: 0.676
2026-03-17 06:32:01 | INFO | Episode   37 - Reward: -4.550, Length: 40, Loss: 0.0664, Epsilon: 0.667
2026-03-17 06:32:02 | INFO | Episode   38 - Reward: -7.400, Length: 40, Loss: 0.0174, Epsilon: 0.658
2026-03-17 06:32:03 | INFO | Episode   39 - Reward: -5.150, Length: 40, Loss: 0.0417, Epsilon: 0.649
2026-03-17 06:32:04 | INFO | Episode   40 - Reward: -5.900, Length: 40, Loss: 0.0169, Epsilon: 0.640
2026-03-17 06:32:05 | INFO | Episode   41 - Reward: -6.650, Length: 40, Loss: 0.0465, Epsilon: 0.631
2026-03-17 06:32:06 | INFO | Episode   42 - Reward: -4.850, Length: 40, Loss: 0.0426, Epsilon: 0.622
2026-03-17 06:32:07 | INFO | Episode   43 - Reward: -4.700, Length: 40, Loss: 0.0437, Epsilon: 0.613
2026-03-17 06:32:08 | INFO | Episode   44 - Reward: -4.850, Length: 40, Loss: 0.0184, Epsilon: 0.604
2026-03-17 06:32:09 | INFO | Episode   45 - Reward: -4.100, Length: 40, Loss: 0.0207, Epsilon: 0.595
2026-03-17 06:32:10 | INFO | Episode   46 - Reward: -3.650, Length: 40, Loss: 0.0427, Epsilon: 0.586
2026-03-17 06:32:11 | INFO | Episode   47 - Reward: -5.900, Length: 40, Loss: 0.0176, Epsilon: 0.577
2026-03-17 06:32:12 | INFO | Episode   48 - Reward: -5.150, Length: 40, Loss: 0.0169, Epsilon: 0.568
2026-03-17 06:32:13 | INFO | Episode   49 - Reward: -5.900, Length: 40, Loss: 0.0471, Epsilon: 0.559
2026-03-17 06:32:14 | INFO | Episode   50 - Reward: -5.450, Length: 40, Loss: 0.0172, Epsilon: 0.550
2026-03-17 06:32:31 | INFO | [Episode   50] eps=0.550  avg_reward=  -5.010  avg_length= 39.66  avg_loss=  0.1137  eval_success=0.000
2026-03-17 06:32:32 | INFO | Episode   51 - Reward: -4.700, Length: 40, Loss: 0.0158, Epsilon: 0.541
2026-03-17 06:32:33 | INFO | Episode   52 - Reward: -6.650, Length: 40, Loss: 0.0167, Epsilon: 0.532
2026-03-17 06:32:34 | INFO | Episode   53 - Reward: -5.750, Length: 40, Loss: 0.0170, Epsilon: 0.523
2026-03-17 06:32:35 | INFO | Episode   54 - Reward: -3.650, Length: 40, Loss: 0.0172, Epsilon: 0.514
2026-03-17 06:32:36 | INFO | Episode   55 - Reward: -3.050, Length: 40, Loss: 0.0171, Epsilon: 0.505
2026-03-17 06:32:38 | INFO | Episode   56 - Reward: -5.450, Length: 40, Loss: 0.0162, Epsilon: 0.496
2026-03-17 06:32:39 | INFO | Episode   57 - Reward: -3.950, Length: 40, Loss: 0.0154, Epsilon: 0.487
2026-03-17 06:32:40 | INFO | Episode   58 - Reward: -4.250, Length: 40, Loss: 0.8205, Epsilon: 0.478
2026-03-17 06:32:40 | INFO | Episode   59 - Reward: -2.750, Length: 40, Loss: 0.8457, Epsilon: 0.469
2026-03-17 06:32:41 | INFO | Episode   60 - Reward: -4.100, Length: 40, Loss: 0.0159, Epsilon: 0.460
2026-03-17 06:32:42 | INFO | Episode   61 - Reward: -3.950, Length: 40, Loss: 0.8464, Epsilon: 0.451
2026-03-17 06:32:43 | INFO | Episode   62 - Reward: -3.650, Length: 40, Loss: 0.0112, Epsilon: 0.442
2026-03-17 06:32:44 | INFO | Episode   63 - Reward: -3.950, Length: 40, Loss: 0.0140, Epsilon: 0.433
2026-03-17 06:32:46 | INFO | Episode   64 - Reward: -6.050, Length: 40, Loss: 0.0130, Epsilon: 0.424
2026-03-17 06:32:47 | INFO | Episode   65 - Reward: -10.100, Length: 40, Loss: 0.0379, Epsilon: 0.415
2026-03-17 06:32:48 | INFO | Episode   66 - Reward: -3.800, Length: 40, Loss: 0.0429, Epsilon: 0.406
2026-03-17 06:32:49 | INFO | Episode   67 - Reward: -3.950, Length: 40, Loss: 0.0173, Epsilon: 0.397
2026-03-17 06:32:50 | INFO | Episode   68 - Reward: -3.950, Length: 40, Loss: 0.0642, Epsilon: 0.388
2026-03-17 06:32:51 | INFO | Episode   69 - Reward: -5.150, Length: 40, Loss: 0.0392, Epsilon: 0.379
2026-03-17 06:32:52 | INFO | Episode   70 - Reward: -6.350, Length: 40, Loss: 0.0366, Epsilon: 0.370
2026-03-17 06:32:53 | INFO | Episode   71 - Reward: -3.800, Length: 40, Loss: 0.0147, Epsilon: 0.361
2026-03-17 06:32:54 | INFO | Episode   72 - Reward: -4.550, Length: 40, Loss: 0.0131, Epsilon: 0.352
2026-03-17 06:32:55 | INFO | Episode   73 - Reward: -3.350, Length: 40, Loss: 0.0131, Epsilon: 0.343
2026-03-17 06:32:56 | INFO | Episode   74 - Reward: -3.050, Length: 40, Loss: 0.0405, Epsilon: 0.334
2026-03-17 06:32:57 | INFO | Episode   75 - Reward: -3.200, Length: 40, Loss: 0.0127, Epsilon: 0.325
2026-03-17 06:32:58 | INFO | Episode   76 - Reward: -3.650, Length: 40, Loss: 0.0136, Epsilon: 0.316
2026-03-17 06:32:59 | INFO | Episode   77 - Reward: -3.500, Length: 40, Loss: 0.0695, Epsilon: 0.307
2026-03-17 06:33:00 | INFO | Episode   78 - Reward: -5.300, Length: 40, Loss: 0.0128, Epsilon: 0.298
2026-03-17 06:33:01 | INFO | Episode   79 - Reward: -3.650, Length: 40, Loss: 0.0673, Epsilon: 0.289
2026-03-17 06:33:02 | INFO | Episode   80 - Reward: -6.200, Length: 40, Loss: 0.0133, Epsilon: 0.280
2026-03-17 06:33:03 | INFO | Episode   81 - Reward: -6.350, Length: 40, Loss: 0.0105, Epsilon: 0.271
2026-03-17 06:33:03 | INFO | Episode   82 - Reward: -6.650, Length: 40, Loss: 0.0133, Epsilon: 0.262
2026-03-17 06:33:04 | INFO | Episode   83 - Reward: -6.950, Length: 40, Loss: 0.0136, Epsilon: 0.253
2026-03-17 06:33:05 | INFO | Episode   84 - Reward: -6.650, Length: 40, Loss: 0.0681, Epsilon: 0.244
2026-03-17 06:33:06 | INFO | Episode   85 - Reward: -6.650, Length: 40, Loss: 0.0413, Epsilon: 0.235
2026-03-17 06:33:07 | INFO | Episode   86 - Reward: -6.050, Length: 40, Loss: 0.0158, Epsilon: 0.226
2026-03-17 06:33:08 | INFO | Episode   87 - Reward: -6.950, Length: 40, Loss: 0.0700, Epsilon: 0.217
2026-03-17 06:33:09 | INFO | Episode   88 - Reward: -2.450, Length: 40, Loss: 0.0131, Epsilon: 0.208
2026-03-17 06:33:09 | INFO | Episode   89 - Reward: -5.150, Length: 40, Loss: 0.0124, Epsilon: 0.199
2026-03-17 06:33:10 | INFO | Episode   90 - Reward: -2.450, Length: 40, Loss: 0.0417, Epsilon: 0.190
2026-03-17 06:33:11 | INFO | Episode   91 - Reward: -2.150, Length: 40, Loss: 0.0128, Epsilon: 0.181
2026-03-17 06:33:12 | INFO | Episode   92 - Reward: -2.150, Length: 40, Loss: 0.0126, Epsilon: 0.172
2026-03-17 06:33:12 | INFO | Episode   93 - Reward: -2.300, Length: 40, Loss: 0.0152, Epsilon: 0.163
2026-03-17 06:33:13 | INFO | Episode   94 - Reward: -2.900, Length: 40, Loss: 0.0421, Epsilon: 0.154
2026-03-17 06:33:14 | INFO | Episode   95 - Reward: -2.750, Length: 40, Loss: 0.0129, Epsilon: 0.145
2026-03-17 06:33:15 | INFO | Episode   96 - Reward: -2.450, Length: 40, Loss: 0.0123, Epsilon: 0.136
2026-03-17 06:33:15 | INFO | Episode   97 - Reward: -2.150, Length: 40, Loss: 0.0125, Epsilon: 0.127
2026-03-17 06:33:16 | INFO | Episode   98 - Reward: -2.450, Length: 40, Loss: 0.0102, Epsilon: 0.118
2026-03-17 06:33:17 | INFO | Episode   99 - Reward: -3.950, Length: 40, Loss: 0.0126, Epsilon: 0.109
2026-03-17 06:33:18 | INFO | Episode  100 - Reward: -2.150, Length: 40, Loss: 0.0105, Epsilon: 0.100
2026-03-17 06:33:31 | INFO | [Episode  100] eps=0.100  avg_reward=  -4.343  avg_length= 40.00  avg_loss=  0.0729  eval_success=0.000
2026-03-17 06:33:32 | INFO | Episode  101 - Reward: -2.000, Length: 40, Loss: 0.0106, Epsilon: 0.100
2026-03-17 06:33:32 | INFO | Episode  102 - Reward: -2.000, Length: 40, Loss: 0.0370, Epsilon: 0.100
2026-03-17 06:33:33 | INFO | Episode  103 - Reward: -2.150, Length: 40, Loss: 0.0365, Epsilon: 0.100
2026-03-17 06:33:34 | INFO | Episode  104 - Reward: -2.450, Length: 40, Loss: 0.0108, Epsilon: 0.100
2026-03-17 06:33:35 | INFO | Episode  105 - Reward: -2.150, Length: 40, Loss: 0.0354, Epsilon: 0.100
2026-03-17 06:33:36 | INFO | Episode  106 - Reward: -6.050, Length: 40, Loss: 0.0104, Epsilon: 0.100
2026-03-17 06:33:37 | INFO | Episode  107 - Reward: -2.150, Length: 40, Loss: 0.0114, Epsilon: 0.100
2026-03-17 06:33:38 | INFO | Episode  108 - Reward: -5.600, Length: 40, Loss: 0.0642, Epsilon: 0.100
2026-03-17 06:33:38 | INFO | Episode  109 - Reward: -2.450, Length: 40, Loss: 0.0098, Epsilon: 0.100
2026-03-17 06:33:39 | INFO | Episode  110 - Reward: -2.300, Length: 40, Loss: 0.0356, Epsilon: 0.100
2026-03-17 06:33:40 | INFO | Episode  111 - Reward: -2.300, Length: 40, Loss: 0.0367, Epsilon: 0.100
2026-03-17 06:33:41 | INFO | Episode  112 - Reward: -2.300, Length: 40, Loss: 0.0105, Epsilon: 0.100
2026-03-17 06:33:42 | INFO | Episode  113 - Reward: -2.450, Length: 40, Loss: 0.0082, Epsilon: 0.100
2026-03-17 06:33:43 | INFO | Episode  114 - Reward: -7.550, Length: 40, Loss: 0.0088, Epsilon: 0.100
2026-03-17 06:33:43 | INFO | Episode  115 - Reward: -3.500, Length: 40, Loss: 0.0088, Epsilon: 0.100
2026-03-17 06:33:44 | INFO | Episode  116 - Reward: -2.450, Length: 40, Loss: 0.0084, Epsilon: 0.100
2026-03-17 06:33:44 | INFO | Episode  117 - Reward: -2.600, Length: 40, Loss: 0.0099, Epsilon: 0.100
2026-03-17 06:33:45 | INFO | Episode  118 - Reward: -2.600, Length: 40, Loss: 0.0115, Epsilon: 0.100
2026-03-17 06:33:46 | INFO | Episode  119 - Reward: -2.600, Length: 40, Loss: 0.0091, Epsilon: 0.100
2026-03-17 06:33:47 | INFO | Episode  120 - Reward: -2.150, Length: 40, Loss: 0.0105, Epsilon: 0.100
2026-03-17 06:33:48 | INFO | Episode  121 - Reward: -2.300, Length: 40, Loss: 0.0093, Epsilon: 0.100
2026-03-17 06:33:49 | INFO | Episode  122 - Reward: -7.250, Length: 40, Loss: 0.0114, Epsilon: 0.100
2026-03-17 06:33:50 | INFO | Episode  123 - Reward: -2.150, Length: 40, Loss: 0.0089, Epsilon: 0.100
2026-03-17 06:33:51 | INFO | Episode  124 - Reward: -2.300, Length: 40, Loss: 0.0085, Epsilon: 0.100
2026-03-17 06:33:52 | INFO | Episode  125 - Reward: -2.000, Length: 40, Loss: 0.0114, Epsilon: 0.100
2026-03-17 06:33:53 | INFO | Episode  126 - Reward: -2.450, Length: 40, Loss: 0.0360, Epsilon: 0.100
2026-03-17 06:33:54 | INFO | Episode  127 - Reward: -2.150, Length: 40, Loss: 0.0101, Epsilon: 0.100
2026-03-17 06:33:55 | INFO | Episode  128 - Reward: -6.200, Length: 40, Loss: 0.0101, Epsilon: 0.100
2026-03-17 06:33:57 | INFO | Episode  129 - Reward: -2.600, Length: 40, Loss: 0.0100, Epsilon: 0.100
2026-03-17 06:33:58 | INFO | Episode  130 - Reward: -2.150, Length: 40, Loss: 0.0092, Epsilon: 0.100
2026-03-17 06:33:59 | INFO | Episode  131 - Reward: -7.550, Length: 40, Loss: 0.0099, Epsilon: 0.100
2026-03-17 06:34:00 | INFO | Episode  132 - Reward: -7.550, Length: 40, Loss: 0.0086, Epsilon: 0.100
2026-03-17 06:34:01 | INFO | Episode  133 - Reward: -2.300, Length: 40, Loss: 0.0388, Epsilon: 0.100
2026-03-17 06:34:02 | INFO | Episode  134 - Reward: -2.750, Length: 40, Loss: 0.0102, Epsilon: 0.100
2026-03-17 06:34:03 | INFO | Episode  135 - Reward: -2.450, Length: 40, Loss: 0.0103, Epsilon: 0.100
2026-03-17 06:34:04 | INFO | Episode  136 - Reward: -2.150, Length: 40, Loss: 0.0369, Epsilon: 0.100
2026-03-17 06:34:05 | INFO | Episode  137 - Reward: -2.450, Length: 40, Loss: 0.0103, Epsilon: 0.100
2026-03-17 06:34:07 | INFO | Episode  138 - Reward: -2.150, Length: 40, Loss: 0.0095, Epsilon: 0.100
2026-03-17 06:34:08 | INFO | Episode  139 - Reward: -2.150, Length: 40, Loss: 0.0094, Epsilon: 0.100
2026-03-17 06:34:09 | INFO | Episode  140 - Reward: -2.000, Length: 40, Loss: 0.0110, Epsilon: 0.100
2026-03-17 06:34:10 | INFO | Episode  141 - Reward: -2.450, Length: 40, Loss: 0.0110, Epsilon: 0.100
2026-03-17 06:34:11 | INFO | Episode  142 - Reward: -2.300, Length: 40, Loss: 0.0092, Epsilon: 0.100
2026-03-17 06:34:12 | INFO | Episode  143 - Reward: -2.450, Length: 40, Loss: 0.0103, Epsilon: 0.100
2026-03-17 06:34:13 | INFO | Episode  144 - Reward: -2.300, Length: 40, Loss: 0.0090, Epsilon: 0.100
2026-03-17 06:34:14 | INFO | Episode  145 - Reward: -2.150, Length: 40, Loss: 0.0109, Epsilon: 0.100
2026-03-17 06:34:15 | INFO | Episode  146 - Reward: -2.000, Length: 40, Loss: 0.0087, Epsilon: 0.100
2026-03-17 06:34:16 | INFO | Episode  147 - Reward: -2.300, Length: 40, Loss: 0.0074, Epsilon: 0.100
2026-03-17 06:34:17 | INFO | Episode  148 - Reward: -2.000, Length: 40, Loss: 0.0088, Epsilon: 0.100
2026-03-17 06:34:18 | INFO | Episode  149 - Reward: -2.150, Length: 40, Loss: 0.0061, Epsilon: 0.100
2026-03-17 06:34:19 | INFO | Episode  150 - Reward: -2.150, Length: 40, Loss: 0.0065, Epsilon: 0.100
2026-03-17 06:34:35 | INFO | [Episode  150] eps=0.100  avg_reward=  -2.942  avg_length= 40.00  avg_loss=  0.0150  eval_success=0.000
2026-03-17 06:34:36 | INFO | Episode  151 - Reward: -2.150, Length: 40, Loss: 0.0067, Epsilon: 0.100
2026-03-17 06:34:37 | INFO | Episode  152 - Reward: -2.600, Length: 40, Loss: 0.0068, Epsilon: 0.100
2026-03-17 06:34:38 | INFO | Episode  153 - Reward: -2.150, Length: 40, Loss: 0.0072, Epsilon: 0.100
2026-03-17 06:34:39 | INFO | Episode  154 - Reward: -2.450, Length: 40, Loss: 0.0303, Epsilon: 0.100
2026-03-17 06:34:40 | INFO | Episode  155 - Reward: -2.600, Length: 40, Loss: 0.0075, Epsilon: 0.100
2026-03-17 06:34:41 | INFO | Episode  156 - Reward: -2.900, Length: 40, Loss: 0.0060, Epsilon: 0.100
2026-03-17 06:34:43 | INFO | Episode  157 - Reward: -2.300, Length: 40, Loss: 0.0065, Epsilon: 0.100
2026-03-17 06:34:44 | INFO | Episode  158 - Reward: -2.150, Length: 40, Loss: 0.0080, Epsilon: 0.100
2026-03-17 06:34:45 | INFO | Episode  159 - Reward: -2.300, Length: 40, Loss: 0.0071, Epsilon: 0.100
2026-03-17 06:34:46 | INFO | Episode  160 - Reward: -2.150, Length: 40, Loss: 0.0060, Epsilon: 0.100
2026-03-17 06:34:46 | INFO | Episode  161 - Reward: -2.300, Length: 40, Loss: 0.0065, Epsilon: 0.100
2026-03-17 06:34:47 | INFO | Episode  162 - Reward: -2.450, Length: 40, Loss: 0.0073, Epsilon: 0.100
2026-03-17 06:34:48 | INFO | Episode  163 - Reward: -2.000, Length: 40, Loss: 0.0063, Epsilon: 0.100
2026-03-17 06:34:50 | INFO | Episode  164 - Reward: -2.300, Length: 40, Loss: 0.0081, Epsilon: 0.100
2026-03-17 06:34:51 | INFO | Episode  165 - Reward: -2.300, Length: 40, Loss: 0.0054, Epsilon: 0.100
2026-03-17 06:34:52 | INFO | Episode  166 - Reward: -2.000, Length: 40, Loss: 0.0074, Epsilon: 0.100
2026-03-17 06:34:53 | INFO | Episode  167 - Reward: -2.600, Length: 40, Loss: 0.0078, Epsilon: 0.100
2026-03-17 06:34:54 | INFO | Episode  168 - Reward: -2.150, Length: 40, Loss: 0.0059, Epsilon: 0.100
2026-03-17 06:34:55 | INFO | Episode  169 - Reward: -2.450, Length: 40, Loss: 0.0075, Epsilon: 0.100
2026-03-17 06:34:56 | INFO | Episode  170 - Reward: -2.150, Length: 40, Loss: 0.0073, Epsilon: 0.100
2026-03-17 06:34:57 | INFO | Episode  171 - Reward: -2.150, Length: 40, Loss: 0.0065, Epsilon: 0.100
2026-03-17 06:34:58 | INFO | Episode  172 - Reward: -2.150, Length: 40, Loss: 0.0057, Epsilon: 0.100
2026-03-17 06:34:59 | INFO | Episode  173 - Reward: -2.300, Length: 40, Loss: 0.0067, Epsilon: 0.100
2026-03-17 06:35:00 | INFO | Episode  174 - Reward: -2.000, Length: 40, Loss: 0.0061, Epsilon: 0.100
2026-03-17 06:35:02 | INFO | Episode  175 - Reward: -2.300, Length: 40, Loss: 0.0056, Epsilon: 0.100
2026-03-17 06:35:03 | INFO | Episode  176 - Reward: -2.450, Length: 40, Loss: 0.0049, Epsilon: 0.100
2026-03-17 06:35:04 | INFO | Episode  177 - Reward: -2.000, Length: 40, Loss: 0.0051, Epsilon: 0.100
2026-03-17 06:35:05 | INFO | Episode  178 - Reward: -2.000, Length: 40, Loss: 0.0049, Epsilon: 0.100
2026-03-17 06:35:06 | INFO | Episode  179 - Reward: -2.000, Length: 40, Loss: 0.0050, Epsilon: 0.100
2026-03-17 06:35:07 | INFO | Episode  180 - Reward: -2.150, Length: 40, Loss: 0.0046, Epsilon: 0.100
2026-03-17 06:35:08 | INFO | Episode  181 - Reward: -2.150, Length: 40, Loss: 0.0047, Epsilon: 0.100
2026-03-17 06:35:09 | INFO | Episode  182 - Reward: -2.150, Length: 40, Loss: 0.0041, Epsilon: 0.100
2026-03-17 06:35:10 | INFO | Episode  183 - Reward: -2.300, Length: 40, Loss: 0.0064, Epsilon: 0.100
2026-03-17 06:35:12 | INFO | Episode  184 - Reward: -2.300, Length: 40, Loss: 0.0052, Epsilon: 0.100
2026-03-17 06:35:13 | INFO | Episode  185 - Reward: -2.150, Length: 40, Loss: 0.0052, Epsilon: 0.100
2026-03-17 06:35:14 | INFO | Episode  186 - Reward: -2.300, Length: 40, Loss: 0.0045, Epsilon: 0.100
2026-03-17 06:35:15 | INFO | Episode  187 - Reward: -2.600, Length: 40, Loss: 0.0044, Epsilon: 0.100
2026-03-17 06:35:16 | INFO | Episode  188 - Reward: -2.000, Length: 40, Loss: 0.0055, Epsilon: 0.100
2026-03-17 06:35:17 | INFO | Episode  189 - Reward: -2.300, Length: 40, Loss: 0.0057, Epsilon: 0.100
2026-03-17 06:35:17 | INFO | Episode  190 - Reward: -2.300, Length: 40, Loss: 0.0052, Epsilon: 0.100
2026-03-17 06:35:18 | INFO | Episode  191 - Reward: -2.150, Length: 40, Loss: 0.0046, Epsilon: 0.100
2026-03-17 06:35:20 | INFO | Episode  192 - Reward: -2.300, Length: 40, Loss: 0.0050, Epsilon: 0.100
2026-03-17 06:35:21 | INFO | Episode  193 - Reward: -2.150, Length: 40, Loss: 0.0054, Epsilon: 0.100
2026-03-17 06:35:22 | INFO | Episode  194 - Reward: -2.150, Length: 40, Loss: 0.0053, Epsilon: 0.100
2026-03-17 06:35:23 | INFO | Episode  195 - Reward: -2.150, Length: 40, Loss: 0.0050, Epsilon: 0.100
2026-03-17 06:35:24 | INFO | Episode  196 - Reward: -2.300, Length: 40, Loss: 0.0028, Epsilon: 0.100
2026-03-17 06:35:25 | INFO | Episode  197 - Reward: -2.300, Length: 40, Loss: 0.0036, Epsilon: 0.100
2026-03-17 06:35:26 | INFO | Episode  198 - Reward: -2.150, Length: 40, Loss: 0.0039, Epsilon: 0.100
2026-03-17 06:35:27 | INFO | Episode  199 - Reward: -2.000, Length: 40, Loss: 0.0050, Epsilon: 0.100
2026-03-17 06:35:28 | INFO | Episode  200 - Reward: -2.450, Length: 40, Loss: 0.0037, Epsilon: 0.100
2026-03-17 06:35:44 | INFO | [Episode  200] eps=0.100  avg_reward=  -2.252  avg_length= 40.00  avg_loss=  0.0062  eval_success=0.000
2026-03-17 06:35:45 | INFO | Episode  201 - Reward: -2.000, Length: 40, Loss: 0.0045, Epsilon: 0.100
2026-03-17 06:35:46 | INFO | Episode  202 - Reward: -2.300, Length: 40, Loss: 0.0035, Epsilon: 0.100
2026-03-17 06:35:48 | INFO | Episode  203 - Reward: -2.600, Length: 40, Loss: 0.0056, Epsilon: 0.100
2026-03-17 06:35:49 | INFO | Episode  204 - Reward: -2.300, Length: 40, Loss: 0.0045, Epsilon: 0.100
2026-03-17 06:35:49 | INFO | Episode  205 - Reward: -2.000, Length: 40, Loss: 0.0049, Epsilon: 0.100
2026-03-17 06:35:50 | INFO | Episode  206 - Reward: -2.450, Length: 40, Loss: 0.0038, Epsilon: 0.100
2026-03-17 06:35:51 | INFO | Episode  207 - Reward: -2.300, Length: 40, Loss: 0.0052, Epsilon: 0.100
2026-03-17 06:35:52 | INFO | Episode  208 - Reward: -2.750, Length: 40, Loss: 0.0036, Epsilon: 0.100
2026-03-17 06:35:53 | INFO | Episode  209 - Reward: -2.450, Length: 40, Loss: 0.0039, Epsilon: 0.100
2026-03-17 06:35:54 | INFO | Episode  210 - Reward: -2.300, Length: 40, Loss: 0.0035, Epsilon: 0.100
2026-03-17 06:35:56 | INFO | Episode  211 - Reward: -2.300, Length: 40, Loss: 0.0052, Epsilon: 0.100
2026-03-17 06:35:56 | INFO | Episode  212 - Reward: -7.100, Length: 40, Loss: 0.0043, Epsilon: 0.100
2026-03-17 06:35:57 | INFO | Episode  213 - Reward: -7.400, Length: 40, Loss: 0.0046, Epsilon: 0.100
2026-03-17 06:35:58 | INFO | Episode  214 - Reward: -6.800, Length: 40, Loss: 0.0040, Epsilon: 0.100
2026-03-17 06:35:59 | INFO | Episode  215 - Reward: -6.200, Length: 40, Loss: 0.0070, Epsilon: 0.100
2026-03-17 06:36:00 | INFO | Episode  216 - Reward: -7.100, Length: 40, Loss: 0.0055, Epsilon: 0.100
2026-03-17 06:36:01 | INFO | Episode  217 - Reward: -7.100, Length: 40, Loss: 0.0089, Epsilon: 0.100
2026-03-17 06:36:02 | INFO | Episode  218 - Reward: -7.100, Length: 40, Loss: 0.0050, Epsilon: 0.100
2026-03-17 06:36:02 | INFO | Episode  219 - Reward: -7.100, Length: 40, Loss: 0.0085, Epsilon: 0.100
2026-03-17 06:36:03 | INFO | Episode  220 - Reward: -6.800, Length: 40, Loss: 0.0074, Epsilon: 0.100
2026-03-17 06:36:04 | INFO | Episode  221 - Reward: -7.100, Length: 40, Loss: 0.0088, Epsilon: 0.100
2026-03-17 06:36:05 | INFO | Episode  222 - Reward: -6.800, Length: 40, Loss: 0.0100, Epsilon: 0.100
2026-03-17 06:36:06 | INFO | Episode  223 - Reward: -6.350, Length: 40, Loss: 0.0116, Epsilon: 0.100
2026-03-17 06:36:07 | INFO | Episode  224 - Reward: -6.500, Length: 40, Loss: 0.0118, Epsilon: 0.100
2026-03-17 06:36:08 | INFO | Episode  225 - Reward: -2.300, Length: 40, Loss: 0.0121, Epsilon: 0.100
2026-03-17 06:36:09 | INFO | Episode  226 - Reward: -2.000, Length: 40, Loss: 0.0088, Epsilon: 0.100
2026-03-17 06:36:09 | INFO | Episode  227 - Reward: -2.300, Length: 40, Loss: 0.0089, Epsilon: 0.100
2026-03-17 06:36:10 | INFO | Episode  228 - Reward: -2.150, Length: 40, Loss: 0.0090, Epsilon: 0.100
2026-03-17 06:36:11 | INFO | Episode  229 - Reward: -2.750, Length: 40, Loss: 0.0117, Epsilon: 0.100
2026-03-17 06:36:12 | INFO | Episode  230 - Reward: -2.150, Length: 40, Loss: 0.0105, Epsilon: 0.100
2026-03-17 06:36:13 | INFO | Episode  231 - Reward: -2.300, Length: 40, Loss: 0.0102, Epsilon: 0.100
2026-03-17 06:36:14 | INFO | Episode  232 - Reward: -2.450, Length: 40, Loss: 0.0093, Epsilon: 0.100
2026-03-17 06:36:15 | INFO | Episode  233 - Reward: -2.600, Length: 40, Loss: 0.0112, Epsilon: 0.100
2026-03-17 06:36:16 | INFO | Episode  234 - Reward: -2.300, Length: 40, Loss: 0.0103, Epsilon: 0.100
2026-03-17 06:36:16 | INFO | Episode  235 - Reward: -2.300, Length: 40, Loss: 0.0092, Epsilon: 0.100
2026-03-17 06:36:17 | INFO | Episode  236 - Reward: -2.300, Length: 40, Loss: 0.0088, Epsilon: 0.100
2026-03-17 06:36:18 | INFO | Episode  237 - Reward: -2.000, Length: 40, Loss: 0.0102, Epsilon: 0.100
2026-03-17 06:36:19 | INFO | Episode  238 - Reward: -2.000, Length: 40, Loss: 0.0080, Epsilon: 0.100
2026-03-17 06:36:20 | INFO | Episode  239 - Reward: -2.300, Length: 40, Loss: 0.0094, Epsilon: 0.100
2026-03-17 06:36:21 | INFO | Episode  240 - Reward: -2.600, Length: 40, Loss: 0.0093, Epsilon: 0.100
2026-03-17 06:36:21 | INFO | Episode  241 - Reward: -2.150, Length: 40, Loss: 0.0091, Epsilon: 0.100
2026-03-17 06:36:22 | INFO | Episode  242 - Reward: -2.600, Length: 40, Loss: 0.0087, Epsilon: 0.100
2026-03-17 06:36:23 | INFO | Episode  243 - Reward: -2.600, Length: 40, Loss: 0.0096, Epsilon: 0.100
2026-03-17 06:36:24 | INFO | Episode  244 - Reward: -2.600, Length: 40, Loss: 0.0089, Epsilon: 0.100
2026-03-17 06:36:25 | INFO | Episode  245 - Reward: -2.300, Length: 40, Loss: 0.0090, Epsilon: 0.100
2026-03-17 06:36:26 | INFO | Episode  246 - Reward: -2.300, Length: 40, Loss: 0.0091, Epsilon: 0.100
2026-03-17 06:36:26 | INFO | Episode  247 - Reward: -2.150, Length: 40, Loss: 0.0094, Epsilon: 0.100
2026-03-17 06:36:27 | INFO | Episode  248 - Reward: -2.150, Length: 40, Loss: 0.0127, Epsilon: 0.100
2026-03-17 06:36:28 | INFO | Episode  249 - Reward: -2.150, Length: 40, Loss: 0.0088, Epsilon: 0.100
2026-03-17 06:36:29 | INFO | Episode  250 - Reward: -2.300, Length: 40, Loss: 0.0089, Epsilon: 0.100
2026-03-17 06:36:42 | INFO | [Episode  250] eps=0.100  avg_reward=  -3.506  avg_length= 40.00  avg_loss=  0.0079  eval_success=0.000
