2026-03-17 06:43:15 | INFO | ============================================================
2026-03-17 06:43:15 | INFO | DEVICE / COMPUTE INFORMATION
2026-03-17 06:43:15 | INFO |   JAX backend       : GPU
2026-03-17 06:43:15 | INFO |   Platform          : gpu
2026-03-17 06:43:15 | INFO |   Num devices       : 1
2026-03-17 06:43:15 | INFO |   Device            : cuda:0
2026-03-17 06:43:15 | INFO |   GPU name          : NVIDIA GeForce RTX 5060 Laptop GPU
2026-03-17 06:43:15 | INFO | ============================================================
2026-03-17 06:43:15 | INFO | ✓ JAX GPU backend confirmed.
2026-03-17 06:43:16 | INFO | DQN seed=7_gamma=0.99_lr=0.01
2026-03-17 06:43:18 | INFO | Episode    1 - Reward: -3.200, Length: 40, Loss: 0.0000, Epsilon: 0.991
2026-03-17 06:43:19 | INFO | Episode    2 - Reward: -7.850, Length: 40, Loss: 0.0000, Epsilon: 0.982
2026-03-17 06:43:22 | INFO | Episode    3 - Reward: -4.700, Length: 40, Loss: 0.2750, Epsilon: 0.973
2026-03-17 06:43:23 | INFO | Episode    4 - Reward: -7.850, Length: 40, Loss: 0.1929, Epsilon: 0.964
2026-03-17 06:43:24 | INFO | Episode    5 - Reward: -4.400, Length: 40, Loss: 0.1123, Epsilon: 0.955
2026-03-17 06:43:24 | INFO | Episode    6 - Reward: -5.600, Length: 40, Loss: 0.0700, Epsilon: 0.946
2026-03-17 06:43:25 | INFO | Episode    7 - Reward: -3.950, Length: 40, Loss: 0.0411, Epsilon: 0.937
2026-03-17 06:43:26 | INFO | Episode    8 - Reward: -5.150, Length: 40, Loss: 0.0954, Epsilon: 0.928
2026-03-17 06:43:27 | INFO | Episode    9 - Reward: -4.550, Length: 40, Loss: 0.0128, Epsilon: 0.919
2026-03-17 06:43:28 | INFO | Episode   10 - Reward: -4.850, Length: 40, Loss: 0.0392, Epsilon: 0.910
2026-03-17 06:43:30 | INFO | Episode   11 - Reward: -7.550, Length: 40, Loss: 0.0669, Epsilon: 0.901
2026-03-17 06:43:31 | INFO | Episode   12 - Reward: -6.050, Length: 40, Loss: 0.0369, Epsilon: 0.892
2026-03-17 06:43:32 | INFO | Episode   13 - Reward: -3.950, Length: 40, Loss: 0.0366, Epsilon: 0.883
2026-03-17 06:43:33 | INFO | Episode   14 - Reward: -4.700, Length: 40, Loss: 0.0661, Epsilon: 0.874
2026-03-17 06:43:34 | INFO | Episode   15 - Reward: -5.300, Length: 40, Loss: 0.0354, Epsilon: 0.865
2026-03-17 06:43:35 | INFO | Episode   16 - Reward: -5.000, Length: 40, Loss: 0.0404, Epsilon: 0.856
2026-03-17 06:43:36 | INFO | Episode   17 - Reward: -5.000, Length: 40, Loss: 0.0384, Epsilon: 0.847
2026-03-17 06:43:38 | INFO | Episode   18 - Reward: 6.500, Length: 23, Loss: 0.0909, Epsilon: 0.838
2026-03-17 06:43:39 | INFO | Episode   19 - Reward: -4.850, Length: 40, Loss: 0.0102, Epsilon: 0.829
2026-03-17 06:43:40 | INFO | Episode   20 - Reward: -3.650, Length: 40, Loss: 0.0392, Epsilon: 0.820
2026-03-17 06:43:41 | INFO | Episode   21 - Reward: -3.950, Length: 40, Loss: 0.0369, Epsilon: 0.811
2026-03-17 06:43:41 | INFO | Episode   22 - Reward: -5.000, Length: 40, Loss: 0.0110, Epsilon: 0.802
2026-03-17 06:43:42 | INFO | Episode   23 - Reward: -3.050, Length: 40, Loss: 0.0404, Epsilon: 0.793
2026-03-17 06:43:43 | INFO | Episode   24 - Reward: 4.450, Length: 25, Loss: 0.0409, Epsilon: 0.784
2026-03-17 06:43:45 | INFO | Episode   25 - Reward: -4.700, Length: 40, Loss: 0.0625, Epsilon: 0.775
2026-03-17 06:43:46 | INFO | Episode   26 - Reward: -4.550, Length: 40, Loss: 0.0680, Epsilon: 0.766
2026-03-17 06:43:47 | INFO | Episode   27 - Reward: -3.950, Length: 40, Loss: 0.0142, Epsilon: 0.757
2026-03-17 06:43:48 | INFO | Episode   28 - Reward: -5.150, Length: 40, Loss: 0.0965, Epsilon: 0.748
2026-03-17 06:43:49 | INFO | Episode   29 - Reward: -4.850, Length: 40, Loss: 0.0385, Epsilon: 0.739
2026-03-17 06:43:50 | INFO | Episode   30 - Reward: -4.400, Length: 40, Loss: 0.0382, Epsilon: 0.730
2026-03-17 06:43:51 | INFO | Episode   31 - Reward: -4.250, Length: 40, Loss: 0.0100, Epsilon: 0.721
2026-03-17 06:43:52 | INFO | Episode   32 - Reward: -4.700, Length: 40, Loss: 0.0406, Epsilon: 0.712
2026-03-17 06:43:53 | INFO | Episode   33 - Reward: -4.850, Length: 40, Loss: 0.0374, Epsilon: 0.703
2026-03-17 06:43:54 | INFO | Episode   34 - Reward: -4.250, Length: 40, Loss: 0.0659, Epsilon: 0.694
2026-03-17 06:43:56 | INFO | Episode   35 - Reward: -4.550, Length: 40, Loss: 0.0398, Epsilon: 0.685
2026-03-17 06:43:57 | INFO | Episode   36 - Reward: -3.650, Length: 40, Loss: 0.0972, Epsilon: 0.676
2026-03-17 06:43:58 | INFO | Episode   37 - Reward: 7.750, Length: 19, Loss: 0.0130, Epsilon: 0.667
2026-03-17 06:43:59 | INFO | Episode   38 - Reward: 8.750, Length: 14, Loss: 0.8330, Epsilon: 0.658
2026-03-17 06:44:00 | INFO | Episode   39 - Reward: -4.400, Length: 40, Loss: 0.0112, Epsilon: 0.649
2026-03-17 06:44:01 | INFO | Episode   40 - Reward: 8.550, Length: 15, Loss: 0.0115, Epsilon: 0.640
2026-03-17 06:44:02 | INFO | Episode   41 - Reward: -3.350, Length: 40, Loss: 1.6859, Epsilon: 0.631
2026-03-17 06:44:03 | INFO | Episode   42 - Reward: 5.500, Length: 22, Loss: 0.9219, Epsilon: 0.622
2026-03-17 06:44:04 | INFO | Episode   43 - Reward: -7.400, Length: 40, Loss: 0.0108, Epsilon: 0.613
2026-03-17 06:44:05 | INFO | Episode   44 - Reward: 7.050, Length: 27, Loss: 0.0099, Epsilon: 0.604
2026-03-17 06:44:06 | INFO | Episode   45 - Reward: 4.300, Length: 31, Loss: 0.0945, Epsilon: 0.595
2026-03-17 06:44:07 | INFO | Episode   46 - Reward: 7.150, Length: 25, Loss: 2.4531, Epsilon: 0.586
2026-03-17 06:44:09 | INFO | Episode   47 - Reward: 6.550, Length: 31, Loss: 0.0120, Epsilon: 0.577
2026-03-17 06:44:10 | INFO | Episode   48 - Reward: 9.450, Length: 9, Loss: 1.5877, Epsilon: 0.568
2026-03-17 06:44:11 | INFO | Episode   49 - Reward: 9.250, Length: 13, Loss: 2.3531, Epsilon: 0.559
2026-03-17 06:44:12 | INFO | Episode   50 - Reward: 7.750, Length: 22, Loss: 0.0571, Epsilon: 0.550
2026-03-17 06:44:16 | INFO | [Episode   50] eps=0.550  avg_reward=  -1.723  avg_length= 35.12  avg_loss=  0.2418  eval_success=1.000
2026-03-17 06:44:17 | INFO | Episode   51 - Reward: -4.850, Length: 40, Loss: 0.7687, Epsilon: 0.541
2026-03-17 06:44:18 | INFO | Episode   52 - Reward: 4.550, Length: 26, Loss: 1.6161, Epsilon: 0.532
2026-03-17 06:44:19 | INFO | Episode   53 - Reward: 9.150, Length: 12, Loss: 1.6125, Epsilon: 0.523
2026-03-17 06:44:20 | INFO | Episode   54 - Reward: 1.500, Length: 27, Loss: 1.5511, Epsilon: 0.514
2026-03-17 06:44:21 | INFO | Episode   55 - Reward: 4.650, Length: 39, Loss: 0.8154, Epsilon: 0.505
2026-03-17 06:44:22 | INFO | Episode   56 - Reward: 8.050, Length: 19, Loss: 0.0389, Epsilon: 0.496
2026-03-17 06:44:23 | INFO | Episode   57 - Reward: 8.550, Length: 15, Loss: 1.5171, Epsilon: 0.487
2026-03-17 06:44:24 | INFO | Episode   58 - Reward: 9.450, Length: 9, Loss: 2.8740, Epsilon: 0.478
2026-03-17 06:44:25 | INFO | Episode   59 - Reward: -6.500, Length: 40, Loss: 0.0503, Epsilon: 0.469
2026-03-17 06:44:26 | INFO | Episode   60 - Reward: -7.400, Length: 40, Loss: 1.4376, Epsilon: 0.460
2026-03-17 06:44:28 | INFO | Episode   61 - Reward: 9.150, Length: 15, Loss: 0.7437, Epsilon: 0.451
2026-03-17 06:44:29 | INFO | Episode   62 - Reward: -4.850, Length: 40, Loss: 0.7017, Epsilon: 0.442
2026-03-17 06:44:30 | INFO | Episode   63 - Reward: 8.150, Length: 17, Loss: 1.3580, Epsilon: 0.433
2026-03-17 06:44:31 | INFO | Episode   64 - Reward: 9.150, Length: 12, Loss: 1.2935, Epsilon: 0.424
2026-03-17 06:44:32 | INFO | Episode   65 - Reward: 8.550, Length: 15, Loss: 0.1336, Epsilon: 0.415
2026-03-17 06:44:33 | INFO | Episode   66 - Reward: -10.550, Length: 40, Loss: 0.7066, Epsilon: 0.406
2026-03-17 06:44:34 | INFO | Episode   67 - Reward: 4.300, Length: 37, Loss: 2.2825, Epsilon: 0.397
2026-03-17 06:44:35 | INFO | Episode   68 - Reward: 7.850, Length: 20, Loss: 0.0591, Epsilon: 0.388
2026-03-17 06:44:36 | INFO | Episode   69 - Reward: 9.250, Length: 10, Loss: 1.8642, Epsilon: 0.379
2026-03-17 06:44:38 | INFO | Episode   70 - Reward: 4.450, Length: 37, Loss: 0.0678, Epsilon: 0.370
2026-03-17 06:44:39 | INFO | Episode   71 - Reward: 9.350, Length: 11, Loss: 3.0145, Epsilon: 0.361
2026-03-17 06:44:40 | INFO | Episode   72 - Reward: -5.900, Length: 40, Loss: 1.2018, Epsilon: 0.352
2026-03-17 06:44:41 | INFO | Episode   73 - Reward: -7.100, Length: 40, Loss: 1.2591, Epsilon: 0.343
2026-03-17 06:44:42 | INFO | Episode   74 - Reward: -7.700, Length: 40, Loss: 0.6870, Epsilon: 0.334
2026-03-17 06:44:43 | INFO | Episode   75 - Reward: 4.450, Length: 40, Loss: 1.7116, Epsilon: 0.325
2026-03-17 06:44:44 | INFO | Episode   76 - Reward: -6.350, Length: 40, Loss: 1.6117, Epsilon: 0.316
2026-03-17 06:44:45 | INFO | Episode   77 - Reward: -6.650, Length: 40, Loss: 0.2785, Epsilon: 0.307
2026-03-17 06:44:46 | INFO | Episode   78 - Reward: 0.600, Length: 33, Loss: 0.3045, Epsilon: 0.298
2026-03-17 06:44:47 | INFO | Episode   79 - Reward: 5.450, Length: 29, Loss: 1.1135, Epsilon: 0.289
2026-03-17 06:44:48 | INFO | Episode   80 - Reward: -6.500, Length: 40, Loss: 1.7584, Epsilon: 0.280
2026-03-17 06:44:49 | INFO | Episode   81 - Reward: -6.650, Length: 40, Loss: 0.6236, Epsilon: 0.271
2026-03-17 06:44:50 | INFO | Episode   82 - Reward: 8.750, Length: 14, Loss: 0.6273, Epsilon: 0.262
2026-03-17 06:44:51 | INFO | Episode   83 - Reward: 6.750, Length: 24, Loss: 1.5943, Epsilon: 0.253
2026-03-17 06:44:53 | INFO | Episode   84 - Reward: 9.450, Length: 9, Loss: 3.2965, Epsilon: 0.244
2026-03-17 06:44:54 | INFO | Episode   85 - Reward: 9.050, Length: 11, Loss: 0.3687, Epsilon: 0.235
2026-03-17 06:44:55 | INFO | Episode   86 - Reward: 8.950, Length: 13, Loss: 1.9266, Epsilon: 0.226
2026-03-17 06:44:56 | INFO | Episode   87 - Reward: -6.950, Length: 40, Loss: 1.0946, Epsilon: 0.217
2026-03-17 06:44:57 | INFO | Episode   88 - Reward: -9.650, Length: 40, Loss: 1.3636, Epsilon: 0.208
2026-03-17 06:44:57 | INFO | Episode   89 - Reward: -6.650, Length: 40, Loss: 1.2780, Epsilon: 0.199
2026-03-17 06:44:58 | INFO | Episode   90 - Reward: -6.950, Length: 40, Loss: 1.1436, Epsilon: 0.190
2026-03-17 06:44:59 | INFO | Episode   91 - Reward: -7.550, Length: 40, Loss: 1.2813, Epsilon: 0.181
2026-03-17 06:45:00 | INFO | Episode   92 - Reward: -7.550, Length: 40, Loss: 0.8884, Epsilon: 0.172
2026-03-17 06:45:01 | INFO | Episode   93 - Reward: -7.250, Length: 40, Loss: 0.8690, Epsilon: 0.163
2026-03-17 06:45:02 | INFO | Episode   94 - Reward: -6.800, Length: 40, Loss: 1.6408, Epsilon: 0.154
2026-03-17 06:45:03 | INFO | Episode   95 - Reward: -6.950, Length: 40, Loss: 0.8896, Epsilon: 0.145
2026-03-17 06:45:04 | INFO | Episode   96 - Reward: -6.950, Length: 40, Loss: 0.7134, Epsilon: 0.136
2026-03-17 06:45:05 | INFO | Episode   97 - Reward: -7.550, Length: 40, Loss: 0.9733, Epsilon: 0.127
2026-03-17 06:45:05 | INFO | Episode   98 - Reward: -6.950, Length: 40, Loss: 0.7759, Epsilon: 0.118
2026-03-17 06:45:06 | INFO | Episode   99 - Reward: -7.550, Length: 40, Loss: 1.3667, Epsilon: 0.109
2026-03-17 06:45:07 | INFO | Episode  100 - Reward: -7.250, Length: 40, Loss: 0.7331, Epsilon: 0.100
2026-03-17 06:45:19 | INFO | [Episode  100] eps=0.100  avg_reward=  -0.280  avg_length= 30.68  avg_loss=  1.1576  eval_success=0.000
2026-03-17 06:45:20 | INFO | Episode  101 - Reward: -7.550, Length: 40, Loss: 0.6634, Epsilon: 0.100
2026-03-17 06:45:21 | INFO | Episode  102 - Reward: -7.250, Length: 40, Loss: 1.3780, Epsilon: 0.100
2026-03-17 06:45:22 | INFO | Episode  103 - Reward: -7.550, Length: 40, Loss: 1.2673, Epsilon: 0.100
2026-03-17 06:45:23 | INFO | Episode  104 - Reward: -7.550, Length: 40, Loss: 0.6713, Epsilon: 0.100
2026-03-17 06:45:24 | INFO | Episode  105 - Reward: 9.450, Length: 9, Loss: 0.8499, Epsilon: 0.100
2026-03-17 06:45:25 | INFO | Episode  106 - Reward: 6.350, Length: 26, Loss: 0.5873, Epsilon: 0.100
2026-03-17 06:45:26 | INFO | Episode  107 - Reward: -7.250, Length: 40, Loss: 0.6409, Epsilon: 0.100
2026-03-17 06:45:27 | INFO | Episode  108 - Reward: -7.700, Length: 40, Loss: 0.6748, Epsilon: 0.100
2026-03-17 06:45:27 | INFO | Episode  109 - Reward: -7.700, Length: 40, Loss: 0.8865, Epsilon: 0.100
2026-03-17 06:45:28 | INFO | Episode  110 - Reward: -7.700, Length: 40, Loss: 1.1440, Epsilon: 0.100
2026-03-17 06:45:29 | INFO | Episode  111 - Reward: 4.650, Length: 33, Loss: 1.0576, Epsilon: 0.100
2026-03-17 06:45:30 | INFO | Episode  112 - Reward: -7.850, Length: 40, Loss: 0.7124, Epsilon: 0.100
2026-03-17 06:45:31 | INFO | Episode  113 - Reward: -7.550, Length: 40, Loss: 1.4721, Epsilon: 0.100
2026-03-17 06:45:32 | INFO | Episode  114 - Reward: -7.550, Length: 40, Loss: 0.4856, Epsilon: 0.100
2026-03-17 06:45:33 | INFO | Episode  115 - Reward: -7.250, Length: 40, Loss: 0.6462, Epsilon: 0.100
2026-03-17 06:45:34 | INFO | Episode  116 - Reward: 9.150, Length: 12, Loss: 1.1552, Epsilon: 0.100
2026-03-17 06:45:35 | INFO | Episode  117 - Reward: -7.850, Length: 40, Loss: 0.9241, Epsilon: 0.100
2026-03-17 06:45:35 | INFO | Episode  118 - Reward: -6.950, Length: 40, Loss: 0.6371, Epsilon: 0.100
2026-03-17 06:45:36 | INFO | Episode  119 - Reward: -7.250, Length: 40, Loss: 0.7150, Epsilon: 0.100
2026-03-17 06:45:37 | INFO | Episode  120 - Reward: -8.000, Length: 40, Loss: 1.2637, Epsilon: 0.100
2026-03-17 06:45:38 | INFO | Episode  121 - Reward: 9.450, Length: 9, Loss: 0.9071, Epsilon: 0.100
2026-03-17 06:45:39 | INFO | Episode  122 - Reward: -7.250, Length: 40, Loss: 0.7039, Epsilon: 0.100
2026-03-17 06:45:40 | INFO | Episode  123 - Reward: -6.650, Length: 40, Loss: 0.4613, Epsilon: 0.100
2026-03-17 06:45:41 | INFO | Episode  124 - Reward: -7.550, Length: 40, Loss: 0.9356, Epsilon: 0.100
2026-03-17 06:45:42 | INFO | Episode  125 - Reward: -7.100, Length: 40, Loss: 0.8650, Epsilon: 0.100
2026-03-17 06:45:42 | INFO | Episode  126 - Reward: 7.650, Length: 18, Loss: 0.6910, Epsilon: 0.100
2026-03-17 06:45:43 | INFO | Episode  127 - Reward: -6.350, Length: 40, Loss: 1.0766, Epsilon: 0.100
2026-03-17 06:45:44 | INFO | Episode  128 - Reward: -7.100, Length: 40, Loss: 0.5544, Epsilon: 0.100
2026-03-17 06:45:45 | INFO | Episode  129 - Reward: 6.750, Length: 24, Loss: 0.8430, Epsilon: 0.100
2026-03-17 06:45:46 | INFO | Episode  130 - Reward: -7.550, Length: 40, Loss: 0.5519, Epsilon: 0.100
2026-03-17 06:45:46 | INFO | Episode  131 - Reward: -7.550, Length: 40, Loss: 0.6117, Epsilon: 0.100
2026-03-17 06:45:47 | INFO | Episode  132 - Reward: -7.550, Length: 40, Loss: 0.5706, Epsilon: 0.100
2026-03-17 06:45:48 | INFO | Episode  133 - Reward: 7.850, Length: 17, Loss: 0.4665, Epsilon: 0.100
2026-03-17 06:45:49 | INFO | Episode  134 - Reward: 7.350, Length: 21, Loss: 0.8121, Epsilon: 0.100
2026-03-17 06:45:50 | INFO | Episode  135 - Reward: 2.200, Length: 37, Loss: 0.9048, Epsilon: 0.100
2026-03-17 06:45:51 | INFO | Episode  136 - Reward: -7.250, Length: 40, Loss: 0.5423, Epsilon: 0.100
2026-03-17 06:45:52 | INFO | Episode  137 - Reward: 7.150, Length: 22, Loss: 0.4253, Epsilon: 0.100
2026-03-17 06:45:52 | INFO | Episode  138 - Reward: -6.950, Length: 40, Loss: 0.4559, Epsilon: 0.100
2026-03-17 06:45:54 | INFO | Episode  139 - Reward: -7.850, Length: 40, Loss: 0.4085, Epsilon: 0.100
2026-03-17 06:45:55 | INFO | Episode  140 - Reward: -7.550, Length: 40, Loss: 0.2366, Epsilon: 0.100
2026-03-17 06:45:56 | INFO | Episode  141 - Reward: -8.000, Length: 40, Loss: 0.3626, Epsilon: 0.100
2026-03-17 06:45:57 | INFO | Episode  142 - Reward: 8.250, Length: 15, Loss: 0.5440, Epsilon: 0.100
2026-03-17 06:45:58 | INFO | Episode  143 - Reward: 6.850, Length: 22, Loss: 1.2029, Epsilon: 0.100
2026-03-17 06:45:59 | INFO | Episode  144 - Reward: -7.550, Length: 40, Loss: 1.0102, Epsilon: 0.100
2026-03-17 06:46:01 | INFO | Episode  145 - Reward: -6.950, Length: 40, Loss: 0.5396, Epsilon: 0.100
2026-03-17 06:46:02 | INFO | Episode  146 - Reward: -7.250, Length: 40, Loss: 0.2400, Epsilon: 0.100
2026-03-17 06:46:03 | INFO | Episode  147 - Reward: -7.550, Length: 40, Loss: 0.2185, Epsilon: 0.100
2026-03-17 06:46:04 | INFO | Episode  148 - Reward: 8.850, Length: 12, Loss: 0.1625, Epsilon: 0.100
2026-03-17 06:46:05 | INFO | Episode  149 - Reward: 2.600, Length: 35, Loss: 0.3945, Epsilon: 0.100
2026-03-17 06:46:06 | INFO | Episode  150 - Reward: -7.550, Length: 40, Loss: 0.3636, Epsilon: 0.100
2026-03-17 06:46:23 | INFO | [Episode  150] eps=0.100  avg_reward=  -3.101  avg_length= 34.24  avg_loss=  0.7179  eval_success=0.000
2026-03-17 06:46:24 | INFO | Episode  151 - Reward: 4.650, Length: 36, Loss: 0.2897, Epsilon: 0.100
2026-03-17 06:46:25 | INFO | Episode  152 - Reward: 6.050, Length: 26, Loss: 0.3928, Epsilon: 0.100
2026-03-17 06:46:26 | INFO | Episode  153 - Reward: 5.850, Length: 30, Loss: 0.4904, Epsilon: 0.100
2026-03-17 06:46:27 | INFO | Episode  154 - Reward: -7.250, Length: 40, Loss: 0.4073, Epsilon: 0.100
2026-03-17 06:46:28 | INFO | Episode  155 - Reward: 3.250, Length: 40, Loss: 0.4197, Epsilon: 0.100
2026-03-17 06:46:30 | INFO | Episode  156 - Reward: -7.550, Length: 40, Loss: 0.3800, Epsilon: 0.100
2026-03-17 06:46:31 | INFO | Episode  157 - Reward: 7.850, Length: 17, Loss: 0.9029, Epsilon: 0.100
2026-03-17 06:46:32 | INFO | Episode  158 - Reward: 9.650, Length: 8, Loss: 0.2728, Epsilon: 0.100
2026-03-17 06:46:33 | INFO | Episode  159 - Reward: 9.450, Length: 9, Loss: 0.6862, Epsilon: 0.100
2026-03-17 06:46:35 | INFO | Episode  160 - Reward: 5.650, Length: 28, Loss: 0.2522, Epsilon: 0.100
2026-03-17 06:46:36 | INFO | Episode  161 - Reward: 8.150, Length: 17, Loss: 0.2140, Epsilon: 0.100
2026-03-17 06:46:37 | INFO | Episode  162 - Reward: 9.650, Length: 8, Loss: 0.4176, Epsilon: 0.100
2026-03-17 06:46:38 | INFO | Episode  163 - Reward: -7.250, Length: 40, Loss: 0.3283, Epsilon: 0.100
2026-03-17 06:46:39 | INFO | Episode  164 - Reward: 9.450, Length: 9, Loss: 0.2832, Epsilon: 0.100
2026-03-17 06:46:41 | INFO | Episode  165 - Reward: 9.650, Length: 8, Loss: 0.4447, Epsilon: 0.100
2026-03-17 06:46:42 | INFO | Episode  166 - Reward: 9.650, Length: 8, Loss: 0.2622, Epsilon: 0.100
2026-03-17 06:46:43 | INFO | Episode  167 - Reward: 6.750, Length: 24, Loss: 0.5065, Epsilon: 0.100
2026-03-17 06:46:44 | INFO | Episode  168 - Reward: 9.650, Length: 8, Loss: 0.3962, Epsilon: 0.100
2026-03-17 06:46:45 | INFO | Episode  169 - Reward: 9.650, Length: 8, Loss: 0.3092, Epsilon: 0.100
2026-03-17 06:46:46 | INFO | Episode  170 - Reward: 9.550, Length: 10, Loss: 0.4873, Epsilon: 0.100
2026-03-17 06:46:48 | INFO | Episode  171 - Reward: 9.650, Length: 8, Loss: 0.3859, Epsilon: 0.100
2026-03-17 06:46:49 | INFO | Episode  172 - Reward: 9.650, Length: 8, Loss: 0.2618, Epsilon: 0.100
2026-03-17 06:46:49 | INFO | Episode  173 - Reward: 9.350, Length: 11, Loss: 0.7360, Epsilon: 0.100
2026-03-17 06:46:50 | INFO | Episode  174 - Reward: -7.550, Length: 40, Loss: 0.4986, Epsilon: 0.100
2026-03-17 06:46:51 | INFO | Episode  175 - Reward: 9.450, Length: 9, Loss: 0.4572, Epsilon: 0.100
2026-03-17 06:46:53 | INFO | Episode  176 - Reward: 9.650, Length: 8, Loss: 0.1962, Epsilon: 0.100
2026-03-17 06:46:54 | INFO | Episode  177 - Reward: 9.650, Length: 8, Loss: 0.5546, Epsilon: 0.100
2026-03-17 06:46:55 | INFO | Episode  178 - Reward: 9.650, Length: 8, Loss: 0.5903, Epsilon: 0.100
2026-03-17 06:46:56 | INFO | Episode  179 - Reward: 9.650, Length: 8, Loss: 0.6949, Epsilon: 0.100
2026-03-17 06:46:57 | INFO | Episode  180 - Reward: 9.650, Length: 8, Loss: 0.7545, Epsilon: 0.100
2026-03-17 06:46:59 | INFO | Episode  181 - Reward: 9.450, Length: 9, Loss: 0.3957, Epsilon: 0.100
2026-03-17 06:47:00 | INFO | Episode  182 - Reward: 9.650, Length: 8, Loss: 0.7201, Epsilon: 0.100
2026-03-17 06:47:01 | INFO | Episode  183 - Reward: 9.650, Length: 8, Loss: 0.4961, Epsilon: 0.100
2026-03-17 06:47:02 | INFO | Episode  184 - Reward: 9.650, Length: 8, Loss: 0.3609, Epsilon: 0.100
2026-03-17 06:47:03 | INFO | Episode  185 - Reward: 9.450, Length: 12, Loss: 0.3600, Epsilon: 0.100
2026-03-17 06:47:04 | INFO | Episode  186 - Reward: 9.650, Length: 8, Loss: 0.2827, Epsilon: 0.100
2026-03-17 06:47:06 | INFO | Episode  187 - Reward: 9.550, Length: 10, Loss: 0.2491, Epsilon: 0.100
2026-03-17 06:47:07 | INFO | Episode  188 - Reward: 9.650, Length: 8, Loss: 0.5268, Epsilon: 0.100
2026-03-17 06:47:08 | INFO | Episode  189 - Reward: 9.650, Length: 8, Loss: 0.2795, Epsilon: 0.100
2026-03-17 06:47:09 | INFO | Episode  190 - Reward: 9.050, Length: 14, Loss: 0.4079, Epsilon: 0.100
2026-03-17 06:47:10 | INFO | Episode  191 - Reward: 9.650, Length: 8, Loss: 0.6577, Epsilon: 0.100
2026-03-17 06:47:12 | INFO | Episode  192 - Reward: 9.450, Length: 9, Loss: 0.8505, Epsilon: 0.100
2026-03-17 06:47:13 | INFO | Episode  193 - Reward: 9.550, Length: 10, Loss: 0.7191, Epsilon: 0.100
2026-03-17 06:47:14 | INFO | Episode  194 - Reward: 9.650, Length: 8, Loss: 0.4084, Epsilon: 0.100
2026-03-17 06:47:15 | INFO | Episode  195 - Reward: 9.650, Length: 8, Loss: 0.4199, Epsilon: 0.100
2026-03-17 06:47:16 | INFO | Episode  196 - Reward: 9.650, Length: 8, Loss: 0.1973, Epsilon: 0.100
2026-03-17 06:47:17 | INFO | Episode  197 - Reward: 9.650, Length: 8, Loss: 0.7317, Epsilon: 0.100
2026-03-17 06:47:19 | INFO | Episode  198 - Reward: -8.000, Length: 40, Loss: 0.5144, Epsilon: 0.100
2026-03-17 06:47:20 | INFO | Episode  199 - Reward: 9.550, Length: 10, Loss: 0.8303, Epsilon: 0.100
2026-03-17 06:47:21 | INFO | Episode  200 - Reward: 9.650, Length: 8, Loss: 0.8728, Epsilon: 0.100
2026-03-17 06:47:24 | INFO | [Episode  200] eps=0.100  avg_reward=   7.303  avg_length= 14.80  avg_loss=  0.4711  eval_success=1.000
2026-03-17 06:47:25 | INFO | Episode  201 - Reward: 9.650, Length: 8, Loss: 0.8511, Epsilon: 0.100
2026-03-17 06:47:26 | INFO | Episode  202 - Reward: 9.650, Length: 8, Loss: 0.7693, Epsilon: 0.100
2026-03-17 06:47:27 | INFO | Episode  203 - Reward: 9.650, Length: 8, Loss: 0.7999, Epsilon: 0.100
2026-03-17 06:47:29 | INFO | Episode  204 - Reward: 9.650, Length: 8, Loss: 0.7423, Epsilon: 0.100
2026-03-17 06:47:30 | INFO | Episode  205 - Reward: 9.650, Length: 8, Loss: 0.8311, Epsilon: 0.100
2026-03-17 06:47:31 | INFO | Episode  206 - Reward: 9.650, Length: 8, Loss: 1.3652, Epsilon: 0.100
2026-03-17 06:47:32 | INFO | Episode  207 - Reward: 9.650, Length: 8, Loss: 0.6964, Epsilon: 0.100
2026-03-17 06:47:34 | INFO | Episode  208 - Reward: 9.450, Length: 9, Loss: 0.4328, Epsilon: 0.100
2026-03-17 06:47:35 | INFO | Episode  209 - Reward: 9.650, Length: 8, Loss: 1.8559, Epsilon: 0.100
2026-03-17 06:47:36 | INFO | Episode  210 - Reward: 9.150, Length: 12, Loss: 0.9524, Epsilon: 0.100
2026-03-17 06:47:37 | INFO | Episode  211 - Reward: 9.650, Length: 8, Loss: 1.1265, Epsilon: 0.100
2026-03-17 06:47:38 | INFO | Episode  212 - Reward: 9.450, Length: 9, Loss: 0.9332, Epsilon: 0.100
2026-03-17 06:47:39 | INFO | Episode  213 - Reward: 9.650, Length: 8, Loss: 1.0724, Epsilon: 0.100
2026-03-17 06:47:40 | INFO | Episode  214 - Reward: 9.650, Length: 8, Loss: 1.6056, Epsilon: 0.100
2026-03-17 06:47:41 | INFO | Episode  215 - Reward: 9.550, Length: 10, Loss: 0.8691, Epsilon: 0.100
2026-03-17 06:47:42 | INFO | Episode  216 - Reward: 9.650, Length: 8, Loss: 1.7078, Epsilon: 0.100
2026-03-17 06:47:43 | INFO | Episode  217 - Reward: 9.650, Length: 8, Loss: 0.7186, Epsilon: 0.100
2026-03-17 06:47:43 | INFO | Episode  218 - Reward: 9.650, Length: 8, Loss: 0.6809, Epsilon: 0.100
2026-03-17 06:47:44 | INFO | Episode  219 - Reward: 9.550, Length: 10, Loss: 0.8451, Epsilon: 0.100
2026-03-17 06:47:45 | INFO | Episode  220 - Reward: 9.650, Length: 8, Loss: 0.8751, Epsilon: 0.100
2026-03-17 06:47:46 | INFO | Episode  221 - Reward: 9.650, Length: 8, Loss: 0.7132, Epsilon: 0.100
2026-03-17 06:47:47 | INFO | Episode  222 - Reward: 9.650, Length: 8, Loss: 0.9576, Epsilon: 0.100
2026-03-17 06:47:48 | INFO | Episode  223 - Reward: 9.550, Length: 10, Loss: 0.8258, Epsilon: 0.100
2026-03-17 06:47:49 | INFO | Episode  224 - Reward: 9.650, Length: 8, Loss: 0.6797, Epsilon: 0.100
2026-03-17 06:47:50 | INFO | Episode  225 - Reward: 9.450, Length: 9, Loss: 0.7314, Epsilon: 0.100
2026-03-17 06:47:50 | INFO | Episode  226 - Reward: 9.650, Length: 8, Loss: 0.7673, Epsilon: 0.100
2026-03-17 06:47:51 | INFO | Episode  227 - Reward: 6.800, Length: 14, Loss: 0.5803, Epsilon: 0.100
2026-03-17 06:47:52 | INFO | Episode  228 - Reward: 9.650, Length: 8, Loss: 0.8709, Epsilon: 0.100
2026-03-17 06:47:52 | INFO | Episode  229 - Reward: 9.050, Length: 11, Loss: 1.2925, Epsilon: 0.100
2026-03-17 06:47:53 | INFO | Episode  230 - Reward: 9.650, Length: 8, Loss: 0.6914, Epsilon: 0.100
2026-03-17 06:47:54 | INFO | Episode  231 - Reward: 9.650, Length: 8, Loss: 0.9665, Epsilon: 0.100
2026-03-17 06:47:55 | INFO | Episode  232 - Reward: 9.450, Length: 9, Loss: 1.6506, Epsilon: 0.100
2026-03-17 06:47:56 | INFO | Episode  233 - Reward: 9.650, Length: 8, Loss: 1.1442, Epsilon: 0.100
2026-03-17 06:47:57 | INFO | Episode  234 - Reward: 9.650, Length: 8, Loss: 0.7035, Epsilon: 0.100
2026-03-17 06:47:58 | INFO | Episode  235 - Reward: 9.550, Length: 10, Loss: 0.8688, Epsilon: 0.100
2026-03-17 06:47:59 | INFO | Episode  236 - Reward: 9.450, Length: 9, Loss: 0.7867, Epsilon: 0.100
2026-03-17 06:47:59 | INFO | Episode  237 - Reward: 9.650, Length: 8, Loss: 0.7701, Epsilon: 0.100
2026-03-17 06:48:00 | INFO | Episode  238 - Reward: 9.650, Length: 8, Loss: 0.9677, Epsilon: 0.100
2026-03-17 06:48:01 | INFO | Episode  239 - Reward: 7.550, Length: 20, Loss: 0.7056, Epsilon: 0.100
2026-03-17 06:48:02 | INFO | Episode  240 - Reward: 9.650, Length: 8, Loss: 1.4992, Epsilon: 0.100
2026-03-17 06:48:03 | INFO | Episode  241 - Reward: 9.650, Length: 8, Loss: 1.6651, Epsilon: 0.100
2026-03-17 06:48:04 | INFO | Episode  242 - Reward: 9.450, Length: 9, Loss: 0.6062, Epsilon: 0.100
2026-03-17 06:48:05 | INFO | Episode  243 - Reward: 9.350, Length: 11, Loss: 1.2859, Epsilon: 0.100
2026-03-17 06:48:06 | INFO | Episode  244 - Reward: 9.450, Length: 9, Loss: 0.4435, Epsilon: 0.100
2026-03-17 06:48:07 | INFO | Episode  245 - Reward: 9.650, Length: 8, Loss: 0.5819, Epsilon: 0.100
2026-03-17 06:48:07 | INFO | Episode  246 - Reward: 9.150, Length: 12, Loss: 0.5153, Epsilon: 0.100
2026-03-17 06:48:09 | INFO | Episode  247 - Reward: 9.650, Length: 8, Loss: 0.3067, Epsilon: 0.100
2026-03-17 06:48:10 | INFO | Episode  248 - Reward: 9.650, Length: 8, Loss: 0.7110, Epsilon: 0.100
2026-03-17 06:48:10 | INFO | Episode  249 - Reward: 9.550, Length: 10, Loss: 0.8349, Epsilon: 0.100
2026-03-17 06:48:11 | INFO | Episode  250 - Reward: 9.550, Length: 10, Loss: 0.3545, Epsilon: 0.100
2026-03-17 06:48:14 | INFO | [Episode  250] eps=0.100  avg_reward=   9.473  avg_length=  9.02  avg_loss=  0.9042  eval_success=1.000
