2026-03-17 06:48:29 | INFO | ============================================================
2026-03-17 06:48:29 | INFO | DEVICE / COMPUTE INFORMATION
2026-03-17 06:48:29 | INFO |   JAX backend       : GPU
2026-03-17 06:48:29 | INFO |   Platform          : gpu
2026-03-17 06:48:29 | INFO |   Num devices       : 1
2026-03-17 06:48:29 | INFO |   Device            : cuda:0
2026-03-17 06:48:29 | INFO |   GPU name          : NVIDIA GeForce RTX 5060 Laptop GPU
2026-03-17 06:48:29 | INFO | ============================================================
2026-03-17 06:48:29 | INFO | ✓ JAX GPU backend confirmed.
2026-03-17 06:48:30 | INFO | DQN seed=7_gamma=0.99_lr=0.001
2026-03-17 06:48:31 | INFO | Episode    1 - Reward: -3.200, Length: 40, Loss: 0.0000, Epsilon: 0.991
2026-03-17 06:48:32 | INFO | Episode    2 - Reward: -7.850, Length: 40, Loss: 0.0000, Epsilon: 0.982
2026-03-17 06:48:37 | INFO | Episode    3 - Reward: -4.700, Length: 40, Loss: 0.3453, Epsilon: 0.973
2026-03-17 06:48:39 | INFO | Episode    4 - Reward: -7.850, Length: 40, Loss: 0.3559, Epsilon: 0.964
2026-03-17 06:48:40 | INFO | Episode    5 - Reward: -4.400, Length: 40, Loss: 0.2448, Epsilon: 0.955
2026-03-17 06:48:41 | INFO | Episode    6 - Reward: -5.600, Length: 40, Loss: 0.2167, Epsilon: 0.946
2026-03-17 06:48:42 | INFO | Episode    7 - Reward: -3.950, Length: 40, Loss: 0.1868, Epsilon: 0.937
2026-03-17 06:48:44 | INFO | Episode    8 - Reward: -5.150, Length: 40, Loss: 0.2297, Epsilon: 0.928
2026-03-17 06:48:45 | INFO | Episode    9 - Reward: -5.450, Length: 40, Loss: 0.1150, Epsilon: 0.919
2026-03-17 06:48:46 | INFO | Episode   10 - Reward: -5.600, Length: 40, Loss: 0.1209, Epsilon: 0.910
2026-03-17 06:48:47 | INFO | Episode   11 - Reward: -7.250, Length: 40, Loss: 0.1383, Epsilon: 0.901
2026-03-17 06:48:49 | INFO | Episode   12 - Reward: -4.250, Length: 40, Loss: 0.1217, Epsilon: 0.892
2026-03-17 06:48:50 | INFO | Episode   13 - Reward: -5.600, Length: 40, Loss: 0.1251, Epsilon: 0.883
2026-03-17 06:48:51 | INFO | Episode   14 - Reward: -4.700, Length: 40, Loss: 0.1222, Epsilon: 0.874
2026-03-17 06:48:52 | INFO | Episode   15 - Reward: -5.000, Length: 40, Loss: 0.1125, Epsilon: 0.865
2026-03-17 06:48:53 | INFO | Episode   16 - Reward: -5.150, Length: 40, Loss: 0.0793, Epsilon: 0.856
2026-03-17 06:48:55 | INFO | Episode   17 - Reward: -4.850, Length: 40, Loss: 0.0896, Epsilon: 0.847
2026-03-17 06:48:55 | INFO | Episode   18 - Reward: 6.500, Length: 23, Loss: 0.1392, Epsilon: 0.838
2026-03-17 06:48:56 | INFO | Episode   19 - Reward: -4.550, Length: 40, Loss: 0.0555, Epsilon: 0.829
2026-03-17 06:48:57 | INFO | Episode   20 - Reward: -5.000, Length: 40, Loss: 0.0723, Epsilon: 0.820
2026-03-17 06:48:58 | INFO | Episode   21 - Reward: -4.250, Length: 40, Loss: 0.0754, Epsilon: 0.811
2026-03-17 06:49:00 | INFO | Episode   22 - Reward: -6.200, Length: 40, Loss: 0.0616, Epsilon: 0.802
2026-03-17 06:49:01 | INFO | Episode   23 - Reward: -5.150, Length: 40, Loss: 0.0595, Epsilon: 0.793
2026-03-17 06:49:02 | INFO | Episode   24 - Reward: -4.700, Length: 40, Loss: 0.1190, Epsilon: 0.784
2026-03-17 06:49:03 | INFO | Episode   25 - Reward: -4.850, Length: 40, Loss: 0.0406, Epsilon: 0.775
2026-03-17 06:49:05 | INFO | Episode   26 - Reward: -4.400, Length: 40, Loss: 0.0687, Epsilon: 0.766
2026-03-17 06:49:06 | INFO | Episode   27 - Reward: -5.150, Length: 40, Loss: 0.1002, Epsilon: 0.757
2026-03-17 06:49:07 | INFO | Episode   28 - Reward: -5.450, Length: 40, Loss: 0.0321, Epsilon: 0.748
2026-03-17 06:49:08 | INFO | Episode   29 - Reward: -5.450, Length: 40, Loss: 0.0361, Epsilon: 0.739
2026-03-17 06:49:09 | INFO | Episode   30 - Reward: -5.600, Length: 40, Loss: 0.8575, Epsilon: 0.730
2026-03-17 06:49:11 | INFO | Episode   31 - Reward: -5.150, Length: 40, Loss: 0.0509, Epsilon: 0.721
2026-03-17 06:49:12 | INFO | Episode   32 - Reward: -5.450, Length: 40, Loss: 0.0215, Epsilon: 0.712
2026-03-17 06:49:14 | INFO | Episode   33 - Reward: -5.750, Length: 40, Loss: 0.8537, Epsilon: 0.703
2026-03-17 06:49:15 | INFO | Episode   34 - Reward: -5.300, Length: 40, Loss: 0.0277, Epsilon: 0.694
2026-03-17 06:49:16 | INFO | Episode   35 - Reward: -5.000, Length: 40, Loss: 0.0272, Epsilon: 0.685
2026-03-17 06:49:17 | INFO | Episode   36 - Reward: -4.850, Length: 40, Loss: 0.0962, Epsilon: 0.676
2026-03-17 06:49:18 | INFO | Episode   37 - Reward: -4.850, Length: 40, Loss: 0.0659, Epsilon: 0.667
2026-03-17 06:49:19 | INFO | Episode   38 - Reward: -7.700, Length: 40, Loss: 0.0180, Epsilon: 0.658
2026-03-17 06:49:21 | INFO | Episode   39 - Reward: -5.150, Length: 40, Loss: 0.0403, Epsilon: 0.649
2026-03-17 06:49:22 | INFO | Episode   40 - Reward: -5.900, Length: 40, Loss: 0.0173, Epsilon: 0.640
2026-03-17 06:49:23 | INFO | Episode   41 - Reward: -6.650, Length: 40, Loss: 0.0460, Epsilon: 0.631
2026-03-17 06:49:24 | INFO | Episode   42 - Reward: -4.850, Length: 40, Loss: 0.0424, Epsilon: 0.622
2026-03-17 06:49:25 | INFO | Episode   43 - Reward: -4.700, Length: 40, Loss: 0.0435, Epsilon: 0.613
2026-03-17 06:49:26 | INFO | Episode   44 - Reward: -4.850, Length: 40, Loss: 0.0186, Epsilon: 0.604
2026-03-17 06:49:26 | INFO | Episode   45 - Reward: -4.100, Length: 40, Loss: 0.0211, Epsilon: 0.595
2026-03-17 06:49:28 | INFO | Episode   46 - Reward: -3.650, Length: 40, Loss: 0.0430, Epsilon: 0.586
2026-03-17 06:49:29 | INFO | Episode   47 - Reward: -5.900, Length: 40, Loss: 0.0179, Epsilon: 0.577
2026-03-17 06:49:30 | INFO | Episode   48 - Reward: -4.400, Length: 40, Loss: 0.0171, Epsilon: 0.568
2026-03-17 06:49:31 | INFO | Episode   49 - Reward: -5.900, Length: 40, Loss: 0.0472, Epsilon: 0.559
2026-03-17 06:49:32 | INFO | Episode   50 - Reward: -6.050, Length: 40, Loss: 0.0428, Epsilon: 0.550
2026-03-17 06:49:49 | INFO | [Episode   50] eps=0.550  avg_reward=  -5.019  avg_length= 39.66  avg_loss=  0.1176  eval_success=0.000
2026-03-17 06:49:50 | INFO | Episode   51 - Reward: -4.700, Length: 40, Loss: 0.0165, Epsilon: 0.541
2026-03-17 06:49:52 | INFO | Episode   52 - Reward: -6.650, Length: 40, Loss: 0.0168, Epsilon: 0.532
2026-03-17 06:49:53 | INFO | Episode   53 - Reward: -5.750, Length: 40, Loss: 0.0174, Epsilon: 0.523
2026-03-17 06:49:54 | INFO | Episode   54 - Reward: -6.500, Length: 40, Loss: 0.0175, Epsilon: 0.514
2026-03-17 06:49:55 | INFO | Episode   55 - Reward: -3.050, Length: 40, Loss: 0.0177, Epsilon: 0.505
2026-03-17 06:49:56 | INFO | Episode   56 - Reward: -5.450, Length: 40, Loss: 0.0174, Epsilon: 0.496
2026-03-17 06:49:57 | INFO | Episode   57 - Reward: -3.950, Length: 40, Loss: 0.0169, Epsilon: 0.487
2026-03-17 06:49:58 | INFO | Episode   58 - Reward: -4.250, Length: 40, Loss: 0.8198, Epsilon: 0.478
2026-03-17 06:49:59 | INFO | Episode   59 - Reward: -2.750, Length: 40, Loss: 0.8457, Epsilon: 0.469
2026-03-17 06:50:00 | INFO | Episode   60 - Reward: -4.100, Length: 40, Loss: 0.0161, Epsilon: 0.460
2026-03-17 06:50:01 | INFO | Episode   61 - Reward: -3.950, Length: 40, Loss: 0.8463, Epsilon: 0.451
2026-03-17 06:50:02 | INFO | Episode   62 - Reward: -3.650, Length: 40, Loss: 0.0118, Epsilon: 0.442
2026-03-17 06:50:03 | INFO | Episode   63 - Reward: -3.950, Length: 40, Loss: 0.0146, Epsilon: 0.433
2026-03-17 06:50:04 | INFO | Episode   64 - Reward: -6.050, Length: 40, Loss: 0.0136, Epsilon: 0.424
2026-03-17 06:50:05 | INFO | Episode   65 - Reward: -3.950, Length: 40, Loss: 0.0388, Epsilon: 0.415
2026-03-17 06:50:06 | INFO | Episode   66 - Reward: -3.800, Length: 40, Loss: 0.0433, Epsilon: 0.406
2026-03-17 06:50:08 | INFO | Episode   67 - Reward: -3.950, Length: 40, Loss: 0.0180, Epsilon: 0.397
2026-03-17 06:50:09 | INFO | Episode   68 - Reward: -3.950, Length: 40, Loss: 0.0389, Epsilon: 0.388
2026-03-17 06:50:10 | INFO | Episode   69 - Reward: -5.150, Length: 40, Loss: 0.0393, Epsilon: 0.379
2026-03-17 06:50:11 | INFO | Episode   70 - Reward: -6.350, Length: 40, Loss: 0.0374, Epsilon: 0.370
2026-03-17 06:50:12 | INFO | Episode   71 - Reward: -3.800, Length: 40, Loss: 0.0145, Epsilon: 0.361
2026-03-17 06:50:13 | INFO | Episode   72 - Reward: -4.550, Length: 40, Loss: 0.0135, Epsilon: 0.352
2026-03-17 06:50:15 | INFO | Episode   73 - Reward: -3.350, Length: 40, Loss: 0.0136, Epsilon: 0.343
2026-03-17 06:50:16 | INFO | Episode   74 - Reward: -3.050, Length: 40, Loss: 0.0411, Epsilon: 0.334
2026-03-17 06:50:17 | INFO | Episode   75 - Reward: -3.200, Length: 40, Loss: 0.0408, Epsilon: 0.325
2026-03-17 06:50:18 | INFO | Episode   76 - Reward: -3.650, Length: 40, Loss: 0.0133, Epsilon: 0.316
2026-03-17 06:50:19 | INFO | Episode   77 - Reward: -3.500, Length: 40, Loss: 0.0158, Epsilon: 0.307
2026-03-17 06:50:20 | INFO | Episode   78 - Reward: -3.650, Length: 40, Loss: 0.0137, Epsilon: 0.298
2026-03-17 06:50:21 | INFO | Episode   79 - Reward: -6.650, Length: 40, Loss: 0.0406, Epsilon: 0.289
2026-03-17 06:50:22 | INFO | Episode   80 - Reward: -6.200, Length: 40, Loss: 0.0141, Epsilon: 0.280
2026-03-17 06:50:23 | INFO | Episode   81 - Reward: -6.350, Length: 40, Loss: 0.0132, Epsilon: 0.271
2026-03-17 06:50:25 | INFO | Episode   82 - Reward: -6.650, Length: 40, Loss: 0.0145, Epsilon: 0.262
2026-03-17 06:50:26 | INFO | Episode   83 - Reward: -6.950, Length: 40, Loss: 0.0136, Epsilon: 0.253
2026-03-17 06:50:27 | INFO | Episode   84 - Reward: -6.650, Length: 40, Loss: 0.0152, Epsilon: 0.244
2026-03-17 06:50:28 | INFO | Episode   85 - Reward: -6.650, Length: 40, Loss: 0.0142, Epsilon: 0.235
2026-03-17 06:50:29 | INFO | Episode   86 - Reward: -6.050, Length: 40, Loss: 0.0165, Epsilon: 0.226
2026-03-17 06:50:30 | INFO | Episode   87 - Reward: -5.150, Length: 40, Loss: 0.0163, Epsilon: 0.217
2026-03-17 06:50:30 | INFO | Episode   88 - Reward: -2.450, Length: 40, Loss: 0.0140, Epsilon: 0.208
2026-03-17 06:50:31 | INFO | Episode   89 - Reward: -5.150, Length: 40, Loss: 0.0138, Epsilon: 0.199
2026-03-17 06:50:32 | INFO | Episode   90 - Reward: -2.450, Length: 40, Loss: 0.0144, Epsilon: 0.190
2026-03-17 06:50:33 | INFO | Episode   91 - Reward: -2.000, Length: 40, Loss: 0.0138, Epsilon: 0.181
2026-03-17 06:50:33 | INFO | Episode   92 - Reward: -2.150, Length: 40, Loss: 0.0130, Epsilon: 0.172
2026-03-17 06:50:34 | INFO | Episode   93 - Reward: -2.300, Length: 40, Loss: 0.0155, Epsilon: 0.163
2026-03-17 06:50:35 | INFO | Episode   94 - Reward: -4.850, Length: 40, Loss: 0.0151, Epsilon: 0.154
2026-03-17 06:50:36 | INFO | Episode   95 - Reward: -4.550, Length: 40, Loss: 0.0409, Epsilon: 0.145
2026-03-17 06:50:37 | INFO | Episode   96 - Reward: -2.300, Length: 40, Loss: 0.0133, Epsilon: 0.136
2026-03-17 06:50:38 | INFO | Episode   97 - Reward: -2.000, Length: 40, Loss: 0.0126, Epsilon: 0.127
2026-03-17 06:50:39 | INFO | Episode   98 - Reward: -2.300, Length: 40, Loss: 0.0107, Epsilon: 0.118
2026-03-17 06:50:40 | INFO | Episode   99 - Reward: -6.050, Length: 40, Loss: 0.0134, Epsilon: 0.109
2026-03-17 06:50:41 | INFO | Episode  100 - Reward: -2.150, Length: 40, Loss: 0.0097, Epsilon: 0.100
2026-03-17 06:50:53 | INFO | [Episode  100] eps=0.100  avg_reward=  -4.373  avg_length= 40.00  avg_loss=  0.0686  eval_success=0.000
2026-03-17 06:50:54 | INFO | Episode  101 - Reward: -5.450, Length: 40, Loss: 0.0121, Epsilon: 0.100
2026-03-17 06:50:55 | INFO | Episode  102 - Reward: -2.000, Length: 40, Loss: 0.0109, Epsilon: 0.100
2026-03-17 06:50:56 | INFO | Episode  103 - Reward: -2.000, Length: 40, Loss: 0.0105, Epsilon: 0.100
2026-03-17 06:50:56 | INFO | Episode  104 - Reward: -2.450, Length: 40, Loss: 0.0121, Epsilon: 0.100
2026-03-17 06:50:57 | INFO | Episode  105 - Reward: -2.150, Length: 40, Loss: 0.0092, Epsilon: 0.100
2026-03-17 06:50:58 | INFO | Episode  106 - Reward: -6.050, Length: 40, Loss: 0.0116, Epsilon: 0.100
2026-03-17 06:50:59 | INFO | Episode  107 - Reward: -2.150, Length: 40, Loss: 0.0122, Epsilon: 0.100
2026-03-17 06:51:00 | INFO | Episode  108 - Reward: -5.600, Length: 40, Loss: 0.0102, Epsilon: 0.100
2026-03-17 06:51:01 | INFO | Episode  109 - Reward: -2.450, Length: 40, Loss: 0.0118, Epsilon: 0.100
2026-03-17 06:51:01 | INFO | Episode  110 - Reward: -2.150, Length: 40, Loss: 0.0138, Epsilon: 0.100
2026-03-17 06:51:02 | INFO | Episode  111 - Reward: -2.150, Length: 40, Loss: 0.0104, Epsilon: 0.100
2026-03-17 06:51:03 | INFO | Episode  112 - Reward: -2.150, Length: 40, Loss: 0.0119, Epsilon: 0.100
2026-03-17 06:51:04 | INFO | Episode  113 - Reward: -2.450, Length: 40, Loss: 0.0116, Epsilon: 0.100
2026-03-17 06:51:04 | INFO | Episode  114 - Reward: -7.550, Length: 40, Loss: 0.0107, Epsilon: 0.100
2026-03-17 06:51:05 | INFO | Episode  115 - Reward: -3.800, Length: 40, Loss: 0.0109, Epsilon: 0.100
2026-03-17 06:51:06 | INFO | Episode  116 - Reward: -2.150, Length: 40, Loss: 0.0094, Epsilon: 0.100
2026-03-17 06:51:07 | INFO | Episode  117 - Reward: -2.600, Length: 40, Loss: 0.0112, Epsilon: 0.100
2026-03-17 06:51:08 | INFO | Episode  118 - Reward: -2.600, Length: 40, Loss: 0.0146, Epsilon: 0.100
2026-03-17 06:51:09 | INFO | Episode  119 - Reward: -2.450, Length: 40, Loss: 0.0116, Epsilon: 0.100
2026-03-17 06:51:10 | INFO | Episode  120 - Reward: -2.150, Length: 40, Loss: 0.0126, Epsilon: 0.100
2026-03-17 06:51:11 | INFO | Episode  121 - Reward: -2.150, Length: 40, Loss: 0.0116, Epsilon: 0.100
2026-03-17 06:51:11 | INFO | Episode  122 - Reward: -7.250, Length: 40, Loss: 0.0110, Epsilon: 0.100
2026-03-17 06:51:12 | INFO | Episode  123 - Reward: -2.150, Length: 40, Loss: 0.0120, Epsilon: 0.100
2026-03-17 06:51:13 | INFO | Episode  124 - Reward: -2.300, Length: 40, Loss: 0.0095, Epsilon: 0.100
2026-03-17 06:51:14 | INFO | Episode  125 - Reward: -2.000, Length: 40, Loss: 0.0121, Epsilon: 0.100
2026-03-17 06:51:15 | INFO | Episode  126 - Reward: -2.300, Length: 40, Loss: 0.0112, Epsilon: 0.100
2026-03-17 06:51:16 | INFO | Episode  127 - Reward: -2.150, Length: 40, Loss: 0.0104, Epsilon: 0.100
2026-03-17 06:51:17 | INFO | Episode  128 - Reward: -2.300, Length: 40, Loss: 0.0107, Epsilon: 0.100
2026-03-17 06:51:17 | INFO | Episode  129 - Reward: -2.300, Length: 40, Loss: 0.0121, Epsilon: 0.100
2026-03-17 06:51:18 | INFO | Episode  130 - Reward: -2.150, Length: 40, Loss: 0.0095, Epsilon: 0.100
2026-03-17 06:51:20 | INFO | Episode  131 - Reward: -2.000, Length: 40, Loss: 0.0103, Epsilon: 0.100
2026-03-17 06:51:21 | INFO | Episode  132 - Reward: -2.000, Length: 40, Loss: 0.0098, Epsilon: 0.100
2026-03-17 06:51:22 | INFO | Episode  133 - Reward: -2.150, Length: 40, Loss: 0.0107, Epsilon: 0.100
2026-03-17 06:51:23 | INFO | Episode  134 - Reward: -2.450, Length: 40, Loss: 0.0103, Epsilon: 0.100
2026-03-17 06:51:24 | INFO | Episode  135 - Reward: -2.150, Length: 40, Loss: 0.0089, Epsilon: 0.100
2026-03-17 06:51:25 | INFO | Episode  136 - Reward: -2.150, Length: 40, Loss: 0.0098, Epsilon: 0.100
2026-03-17 06:51:26 | INFO | Episode  137 - Reward: -2.300, Length: 40, Loss: 0.0089, Epsilon: 0.100
2026-03-17 06:51:27 | INFO | Episode  138 - Reward: -2.000, Length: 40, Loss: 0.0114, Epsilon: 0.100
2026-03-17 06:51:29 | INFO | Episode  139 - Reward: -2.150, Length: 40, Loss: 0.0092, Epsilon: 0.100
2026-03-17 06:51:30 | INFO | Episode  140 - Reward: -2.000, Length: 40, Loss: 0.0104, Epsilon: 0.100
2026-03-17 06:51:31 | INFO | Episode  141 - Reward: -2.450, Length: 40, Loss: 0.0085, Epsilon: 0.100
2026-03-17 06:51:32 | INFO | Episode  142 - Reward: -2.150, Length: 40, Loss: 0.0103, Epsilon: 0.100
2026-03-17 06:51:32 | INFO | Episode  143 - Reward: -2.150, Length: 40, Loss: 0.0095, Epsilon: 0.100
2026-03-17 06:51:33 | INFO | Episode  144 - Reward: -2.300, Length: 40, Loss: 0.0091, Epsilon: 0.100
2026-03-17 06:51:35 | INFO | Episode  145 - Reward: -2.150, Length: 40, Loss: 0.0097, Epsilon: 0.100
2026-03-17 06:51:36 | INFO | Episode  146 - Reward: -2.000, Length: 40, Loss: 0.0082, Epsilon: 0.100
2026-03-17 06:51:37 | INFO | Episode  147 - Reward: -2.300, Length: 40, Loss: 0.0064, Epsilon: 0.100
2026-03-17 06:51:38 | INFO | Episode  148 - Reward: -2.000, Length: 40, Loss: 0.0072, Epsilon: 0.100
2026-03-17 06:51:39 | INFO | Episode  149 - Reward: -2.150, Length: 40, Loss: 0.0071, Epsilon: 0.100
2026-03-17 06:51:41 | INFO | Episode  150 - Reward: -2.150, Length: 40, Loss: 0.0063, Epsilon: 0.100
2026-03-17 06:51:56 | INFO | [Episode  150] eps=0.100  avg_reward=  -2.654  avg_length= 40.00  avg_loss=  0.0104  eval_success=0.000
2026-03-17 06:51:57 | INFO | Episode  151 - Reward: -2.150, Length: 40, Loss: 0.0052, Epsilon: 0.100
2026-03-17 06:51:58 | INFO | Episode  152 - Reward: -2.600, Length: 40, Loss: 0.0061, Epsilon: 0.100
2026-03-17 06:51:59 | INFO | Episode  153 - Reward: -2.150, Length: 40, Loss: 0.0052, Epsilon: 0.100
2026-03-17 06:52:01 | INFO | Episode  154 - Reward: -2.450, Length: 40, Loss: 0.0048, Epsilon: 0.100
2026-03-17 06:52:02 | INFO | Episode  155 - Reward: -2.450, Length: 40, Loss: 0.0065, Epsilon: 0.100
2026-03-17 06:52:03 | INFO | Episode  156 - Reward: -2.900, Length: 40, Loss: 0.0061, Epsilon: 0.100
2026-03-17 06:52:04 | INFO | Episode  157 - Reward: -2.300, Length: 40, Loss: 0.0069, Epsilon: 0.100
2026-03-17 06:52:04 | INFO | Episode  158 - Reward: -2.300, Length: 40, Loss: 0.0055, Epsilon: 0.100
2026-03-17 06:52:05 | INFO | Episode  159 - Reward: -2.300, Length: 40, Loss: 0.0063, Epsilon: 0.100
2026-03-17 06:52:06 | INFO | Episode  160 - Reward: -2.450, Length: 40, Loss: 0.0054, Epsilon: 0.100
2026-03-17 06:52:08 | INFO | Episode  161 - Reward: -2.300, Length: 40, Loss: 0.0063, Epsilon: 0.100
2026-03-17 06:52:09 | INFO | Episode  162 - Reward: -2.450, Length: 40, Loss: 0.0064, Epsilon: 0.100
2026-03-17 06:52:10 | INFO | Episode  163 - Reward: -7.250, Length: 40, Loss: 0.0068, Epsilon: 0.100
2026-03-17 06:52:11 | INFO | Episode  164 - Reward: -6.800, Length: 40, Loss: 0.0072, Epsilon: 0.100
2026-03-17 06:52:12 | INFO | Episode  165 - Reward: -6.950, Length: 40, Loss: 0.0076, Epsilon: 0.100
2026-03-17 06:52:14 | INFO | Episode  166 - Reward: -6.350, Length: 40, Loss: 0.0077, Epsilon: 0.100
2026-03-17 06:52:15 | INFO | Episode  167 - Reward: -6.650, Length: 40, Loss: 0.0083, Epsilon: 0.100
2026-03-17 06:52:16 | INFO | Episode  168 - Reward: -4.850, Length: 40, Loss: 0.0076, Epsilon: 0.100
2026-03-17 06:52:17 | INFO | Episode  169 - Reward: -6.050, Length: 40, Loss: 0.0089, Epsilon: 0.100
2026-03-17 06:52:18 | INFO | Episode  170 - Reward: -7.250, Length: 40, Loss: 0.0088, Epsilon: 0.100
2026-03-17 06:52:19 | INFO | Episode  171 - Reward: -2.450, Length: 40, Loss: 0.0093, Epsilon: 0.100
2026-03-17 06:52:20 | INFO | Episode  172 - Reward: -2.150, Length: 40, Loss: 0.0085, Epsilon: 0.100
2026-03-17 06:52:21 | INFO | Episode  173 - Reward: -2.300, Length: 40, Loss: 0.0073, Epsilon: 0.100
2026-03-17 06:52:22 | INFO | Episode  174 - Reward: -2.000, Length: 40, Loss: 0.0083, Epsilon: 0.100
2026-03-17 06:52:24 | INFO | Episode  175 - Reward: -2.300, Length: 40, Loss: 0.0058, Epsilon: 0.100
2026-03-17 06:52:25 | INFO | Episode  176 - Reward: -6.950, Length: 40, Loss: 0.0070, Epsilon: 0.100
2026-03-17 06:52:26 | INFO | Episode  177 - Reward: -7.400, Length: 40, Loss: 0.0095, Epsilon: 0.100
2026-03-17 06:52:27 | INFO | Episode  178 - Reward: -7.700, Length: 40, Loss: 0.0100, Epsilon: 0.100
2026-03-17 06:52:28 | INFO | Episode  179 - Reward: -2.000, Length: 40, Loss: 0.0109, Epsilon: 0.100
2026-03-17 06:52:29 | INFO | Episode  180 - Reward: -2.150, Length: 40, Loss: 0.0089, Epsilon: 0.100
2026-03-17 06:52:30 | INFO | Episode  181 - Reward: -2.150, Length: 40, Loss: 0.0097, Epsilon: 0.100
2026-03-17 06:52:32 | INFO | Episode  182 - Reward: -2.150, Length: 40, Loss: 0.0088, Epsilon: 0.100
2026-03-17 06:52:33 | INFO | Episode  183 - Reward: -2.300, Length: 40, Loss: 0.0104, Epsilon: 0.100
2026-03-17 06:52:34 | INFO | Episode  184 - Reward: -2.300, Length: 40, Loss: 0.0080, Epsilon: 0.100
2026-03-17 06:52:35 | INFO | Episode  185 - Reward: -2.150, Length: 40, Loss: 0.0075, Epsilon: 0.100
2026-03-17 06:52:35 | INFO | Episode  186 - Reward: -2.300, Length: 40, Loss: 0.0082, Epsilon: 0.100
2026-03-17 06:52:36 | INFO | Episode  187 - Reward: -2.600, Length: 40, Loss: 0.0094, Epsilon: 0.100
2026-03-17 06:52:38 | INFO | Episode  188 - Reward: -2.000, Length: 40, Loss: 0.0085, Epsilon: 0.100
2026-03-17 06:52:39 | INFO | Episode  189 - Reward: -2.300, Length: 40, Loss: 0.0097, Epsilon: 0.100
2026-03-17 06:52:40 | INFO | Episode  190 - Reward: -5.600, Length: 40, Loss: 0.0080, Epsilon: 0.100
2026-03-17 06:52:41 | INFO | Episode  191 - Reward: -7.100, Length: 40, Loss: 0.0097, Epsilon: 0.100
2026-03-17 06:52:42 | INFO | Episode  192 - Reward: -6.800, Length: 40, Loss: 0.0104, Epsilon: 0.100
2026-03-17 06:52:43 | INFO | Episode  193 - Reward: -6.800, Length: 40, Loss: 0.0095, Epsilon: 0.100
2026-03-17 06:52:44 | INFO | Episode  194 - Reward: -6.500, Length: 40, Loss: 0.0104, Epsilon: 0.100
2026-03-17 06:52:45 | INFO | Episode  195 - Reward: -7.400, Length: 40, Loss: 0.0127, Epsilon: 0.100
2026-03-17 06:52:47 | INFO | Episode  196 - Reward: -6.800, Length: 40, Loss: 0.0119, Epsilon: 0.100
2026-03-17 06:52:48 | INFO | Episode  197 - Reward: -7.100, Length: 40, Loss: 0.0111, Epsilon: 0.100
2026-03-17 06:52:49 | INFO | Episode  198 - Reward: -6.800, Length: 40, Loss: 0.0109, Epsilon: 0.100
2026-03-17 06:52:50 | INFO | Episode  199 - Reward: -7.100, Length: 40, Loss: 0.0119, Epsilon: 0.100
2026-03-17 06:52:51 | INFO | Episode  200 - Reward: -7.400, Length: 40, Loss: 0.0115, Epsilon: 0.100
2026-03-17 06:53:07 | INFO | [Episode  200] eps=0.100  avg_reward=  -4.280  avg_length= 40.00  avg_loss=  0.0083  eval_success=0.000
2026-03-17 06:53:07 | INFO | Episode  201 - Reward: -7.100, Length: 40, Loss: 0.0121, Epsilon: 0.100
2026-03-17 06:53:08 | INFO | Episode  202 - Reward: -7.100, Length: 40, Loss: 0.0118, Epsilon: 0.100
2026-03-17 06:53:09 | INFO | Episode  203 - Reward: -7.100, Length: 40, Loss: 0.0171, Epsilon: 0.100
2026-03-17 06:53:11 | INFO | Episode  204 - Reward: -6.800, Length: 40, Loss: 0.0147, Epsilon: 0.100
2026-03-17 06:53:12 | INFO | Episode  205 - Reward: -7.400, Length: 40, Loss: 0.0151, Epsilon: 0.100
2026-03-17 06:53:13 | INFO | Episode  206 - Reward: -7.100, Length: 40, Loss: 0.0144, Epsilon: 0.100
2026-03-17 06:53:14 | INFO | Episode  207 - Reward: -7.100, Length: 40, Loss: 0.0193, Epsilon: 0.100
2026-03-17 06:53:15 | INFO | Episode  208 - Reward: -7.100, Length: 40, Loss: 0.0153, Epsilon: 0.100
2026-03-17 06:53:16 | INFO | Episode  209 - Reward: -2.450, Length: 40, Loss: 0.0146, Epsilon: 0.100
2026-03-17 06:53:18 | INFO | Episode  210 - Reward: -2.450, Length: 40, Loss: 0.0183, Epsilon: 0.100
2026-03-17 06:53:19 | INFO | Episode  211 - Reward: -2.150, Length: 40, Loss: 0.0174, Epsilon: 0.100
2026-03-17 06:53:20 | INFO | Episode  212 - Reward: -2.150, Length: 40, Loss: 0.0179, Epsilon: 0.100
2026-03-17 06:53:21 | INFO | Episode  213 - Reward: -2.000, Length: 40, Loss: 0.0165, Epsilon: 0.100
2026-03-17 06:53:22 | INFO | Episode  214 - Reward: -2.150, Length: 40, Loss: 0.0152, Epsilon: 0.100
2026-03-17 06:53:23 | INFO | Episode  215 - Reward: -2.000, Length: 40, Loss: 0.0170, Epsilon: 0.100
2026-03-17 06:53:24 | INFO | Episode  216 - Reward: -2.150, Length: 40, Loss: 0.0168, Epsilon: 0.100
2026-03-17 06:53:25 | INFO | Episode  217 - Reward: -2.300, Length: 40, Loss: 0.0172, Epsilon: 0.100
2026-03-17 06:53:27 | INFO | Episode  218 - Reward: -2.450, Length: 40, Loss: 0.0153, Epsilon: 0.100
2026-03-17 06:53:28 | INFO | Episode  219 - Reward: -2.600, Length: 40, Loss: 0.0154, Epsilon: 0.100
2026-03-17 06:53:29 | INFO | Episode  220 - Reward: -2.150, Length: 40, Loss: 0.0186, Epsilon: 0.100
2026-03-17 06:53:30 | INFO | Episode  221 - Reward: -2.150, Length: 40, Loss: 0.0162, Epsilon: 0.100
2026-03-17 06:53:31 | INFO | Episode  222 - Reward: -2.150, Length: 40, Loss: 0.0201, Epsilon: 0.100
2026-03-17 06:53:32 | INFO | Episode  223 - Reward: -2.150, Length: 40, Loss: 0.0187, Epsilon: 0.100
2026-03-17 06:53:33 | INFO | Episode  224 - Reward: -2.300, Length: 40, Loss: 0.0143, Epsilon: 0.100
2026-03-17 06:53:35 | INFO | Episode  225 - Reward: -2.150, Length: 40, Loss: 0.0157, Epsilon: 0.100
2026-03-17 06:53:36 | INFO | Episode  226 - Reward: -2.000, Length: 40, Loss: 0.0141, Epsilon: 0.100
2026-03-17 06:53:37 | INFO | Episode  227 - Reward: -2.150, Length: 40, Loss: 0.0151, Epsilon: 0.100
2026-03-17 06:53:37 | INFO | Episode  228 - Reward: -2.150, Length: 40, Loss: 0.0152, Epsilon: 0.100
2026-03-17 06:53:38 | INFO | Episode  229 - Reward: -2.450, Length: 40, Loss: 0.0145, Epsilon: 0.100
2026-03-17 06:53:38 | INFO | Episode  230 - Reward: -2.300, Length: 40, Loss: 0.0159, Epsilon: 0.100
2026-03-17 06:53:39 | INFO | Episode  231 - Reward: -2.450, Length: 40, Loss: 0.0160, Epsilon: 0.100
2026-03-17 06:53:40 | INFO | Episode  232 - Reward: -2.150, Length: 40, Loss: 0.0129, Epsilon: 0.100
2026-03-17 06:53:41 | INFO | Episode  233 - Reward: -2.300, Length: 40, Loss: 0.0152, Epsilon: 0.100
2026-03-17 06:53:42 | INFO | Episode  234 - Reward: -2.000, Length: 40, Loss: 0.0116, Epsilon: 0.100
2026-03-17 06:53:43 | INFO | Episode  235 - Reward: -2.600, Length: 40, Loss: 0.0150, Epsilon: 0.100
2026-03-17 06:53:44 | INFO | Episode  236 - Reward: -2.150, Length: 40, Loss: 0.0118, Epsilon: 0.100
2026-03-17 06:53:45 | INFO | Episode  237 - Reward: -2.150, Length: 40, Loss: 0.0134, Epsilon: 0.100
2026-03-17 06:53:46 | INFO | Episode  238 - Reward: -2.000, Length: 40, Loss: 0.0154, Epsilon: 0.100
2026-03-17 06:53:46 | INFO | Episode  239 - Reward: -2.300, Length: 40, Loss: 0.0128, Epsilon: 0.100
2026-03-17 06:53:47 | INFO | Episode  240 - Reward: -2.300, Length: 40, Loss: 0.0147, Epsilon: 0.100
2026-03-17 06:53:48 | INFO | Episode  241 - Reward: -2.000, Length: 40, Loss: 0.0115, Epsilon: 0.100
2026-03-17 06:53:49 | INFO | Episode  242 - Reward: -2.600, Length: 40, Loss: 0.0137, Epsilon: 0.100
2026-03-17 06:53:50 | INFO | Episode  243 - Reward: -2.600, Length: 40, Loss: 0.0134, Epsilon: 0.100
2026-03-17 06:53:51 | INFO | Episode  244 - Reward: -2.600, Length: 40, Loss: 0.0105, Epsilon: 0.100
2026-03-17 06:53:52 | INFO | Episode  245 - Reward: -2.300, Length: 40, Loss: 0.0129, Epsilon: 0.100
2026-03-17 06:53:53 | INFO | Episode  246 - Reward: -2.300, Length: 40, Loss: 0.0124, Epsilon: 0.100
2026-03-17 06:53:54 | INFO | Episode  247 - Reward: -2.000, Length: 40, Loss: 0.0120, Epsilon: 0.100
2026-03-17 06:53:55 | INFO | Episode  248 - Reward: -2.000, Length: 40, Loss: 0.0126, Epsilon: 0.100
2026-03-17 06:53:56 | INFO | Episode  249 - Reward: -2.150, Length: 40, Loss: 0.0142, Epsilon: 0.100
2026-03-17 06:53:57 | INFO | Episode  250 - Reward: -2.900, Length: 40, Loss: 0.0132, Epsilon: 0.100
2026-03-17 06:54:10 | INFO | [Episode  250] eps=0.100  avg_reward=  -3.032  avg_length= 40.00  avg_loss=  0.0149  eval_success=0.000
