2026-03-17 06:37:46 | INFO | ============================================================
2026-03-17 06:37:46 | INFO | DEVICE / COMPUTE INFORMATION
2026-03-17 06:37:46 | INFO |   JAX backend       : GPU
2026-03-17 06:37:46 | INFO |   Platform          : gpu
2026-03-17 06:37:46 | INFO |   Num devices       : 1
2026-03-17 06:37:46 | INFO |   Device            : cuda:0
2026-03-17 06:37:46 | INFO |   GPU name          : NVIDIA GeForce RTX 5060 Laptop GPU
2026-03-17 06:37:46 | INFO | ============================================================
2026-03-17 06:37:46 | INFO | ✓ JAX GPU backend confirmed.
2026-03-17 06:37:47 | INFO | DQN seed=7_gamma=0.99_lr=0.1
2026-03-17 06:37:49 | INFO | Episode    1 - Reward: -3.200, Length: 40, Loss: 0.0000, Epsilon: 0.991
2026-03-17 06:37:50 | INFO | Episode    2 - Reward: -7.850, Length: 40, Loss: 0.0000, Epsilon: 0.982
2026-03-17 06:37:54 | INFO | Episode    3 - Reward: -4.700, Length: 40, Loss: 0.1263, Epsilon: 0.973
2026-03-17 06:37:55 | INFO | Episode    4 - Reward: -7.850, Length: 40, Loss: 0.1295, Epsilon: 0.964
2026-03-17 06:37:56 | INFO | Episode    5 - Reward: -6.050, Length: 40, Loss: 0.0910, Epsilon: 0.955
2026-03-17 06:37:57 | INFO | Episode    6 - Reward: -5.450, Length: 40, Loss: 0.0621, Epsilon: 0.946
2026-03-17 06:37:58 | INFO | Episode    7 - Reward: -3.950, Length: 40, Loss: 0.0401, Epsilon: 0.937
2026-03-17 06:37:59 | INFO | Episode    8 - Reward: -4.550, Length: 40, Loss: 0.0922, Epsilon: 0.928
2026-03-17 06:38:00 | INFO | Episode    9 - Reward: -3.650, Length: 40, Loss: 0.0069, Epsilon: 0.919
2026-03-17 06:38:01 | INFO | Episode   10 - Reward: -4.850, Length: 40, Loss: 0.0376, Epsilon: 0.910
2026-03-17 06:38:03 | INFO | Episode   11 - Reward: 1.900, Length: 31, Loss: 0.1178, Epsilon: 0.901
2026-03-17 06:38:04 | INFO | Episode   12 - Reward: -6.050, Length: 40, Loss: 0.0606, Epsilon: 0.892
2026-03-17 06:38:05 | INFO | Episode   13 - Reward: -4.100, Length: 40, Loss: 0.0645, Epsilon: 0.883
2026-03-17 06:38:06 | INFO | Episode   14 - Reward: -5.000, Length: 40, Loss: 0.0825, Epsilon: 0.874
2026-03-17 06:38:07 | INFO | Episode   15 - Reward: -5.300, Length: 40, Loss: 0.0149, Epsilon: 0.865
2026-03-17 06:38:08 | INFO | Episode   16 - Reward: -4.550, Length: 40, Loss: 0.0330, Epsilon: 0.856
2026-03-17 06:38:10 | INFO | Episode   17 - Reward: -4.550, Length: 40, Loss: 0.0337, Epsilon: 0.847
2026-03-17 06:38:11 | INFO | Episode   18 - Reward: 6.500, Length: 23, Loss: 0.9657, Epsilon: 0.838
2026-03-17 06:38:12 | INFO | Episode   19 - Reward: -4.250, Length: 40, Loss: 0.9215, Epsilon: 0.829
2026-03-17 06:38:13 | INFO | Episode   20 - Reward: -4.700, Length: 40, Loss: 0.0443, Epsilon: 0.820
2026-03-17 06:38:14 | INFO | Episode   21 - Reward: 6.850, Length: 31, Loss: 0.0095, Epsilon: 0.811
2026-03-17 06:38:15 | INFO | Episode   22 - Reward: -4.400, Length: 40, Loss: 1.7041, Epsilon: 0.802
2026-03-17 06:38:17 | INFO | Episode   23 - Reward: -3.950, Length: 40, Loss: 0.0805, Epsilon: 0.793
2026-03-17 06:38:18 | INFO | Episode   24 - Reward: 6.150, Length: 33, Loss: 0.0580, Epsilon: 0.784
2026-03-17 06:38:19 | INFO | Episode   25 - Reward: -4.700, Length: 40, Loss: 0.1253, Epsilon: 0.775
2026-03-17 06:38:20 | INFO | Episode   26 - Reward: -6.350, Length: 40, Loss: 0.7846, Epsilon: 0.766
2026-03-17 06:38:21 | INFO | Episode   27 - Reward: -3.950, Length: 40, Loss: 0.0454, Epsilon: 0.757
2026-03-17 06:38:22 | INFO | Episode   28 - Reward: -5.450, Length: 40, Loss: 0.0584, Epsilon: 0.748
2026-03-17 06:38:23 | INFO | Episode   29 - Reward: 6.500, Length: 17, Loss: 0.7608, Epsilon: 0.739
2026-03-17 06:38:24 | INFO | Episode   30 - Reward: -5.150, Length: 40, Loss: 0.7648, Epsilon: 0.730
2026-03-17 06:38:25 | INFO | Episode   31 - Reward: -4.400, Length: 40, Loss: 0.7239, Epsilon: 0.721
2026-03-17 06:38:26 | INFO | Episode   32 - Reward: -4.400, Length: 40, Loss: 0.0473, Epsilon: 0.712
2026-03-17 06:38:27 | INFO | Episode   33 - Reward: 8.050, Length: 19, Loss: 0.0580, Epsilon: 0.703
2026-03-17 06:38:28 | INFO | Episode   34 - Reward: -3.800, Length: 40, Loss: 0.0579, Epsilon: 0.694
2026-03-17 06:38:29 | INFO | Episode   35 - Reward: -5.000, Length: 40, Loss: 0.0908, Epsilon: 0.685
2026-03-17 06:38:30 | INFO | Episode   36 - Reward: 1.300, Length: 28, Loss: 0.7810, Epsilon: 0.676
2026-03-17 06:38:31 | INFO | Episode   37 - Reward: 7.050, Length: 24, Loss: 0.7473, Epsilon: 0.667
2026-03-17 06:38:32 | INFO | Episode   38 - Reward: -10.700, Length: 40, Loss: 0.7000, Epsilon: 0.658
2026-03-17 06:38:33 | INFO | Episode   39 - Reward: 2.250, Length: 33, Loss: 0.6948, Epsilon: 0.649
2026-03-17 06:38:34 | INFO | Episode   40 - Reward: -5.900, Length: 40, Loss: 0.6124, Epsilon: 0.640
2026-03-17 06:38:35 | INFO | Episode   41 - Reward: -5.450, Length: 40, Loss: 0.0407, Epsilon: 0.631
2026-03-17 06:38:37 | INFO | Episode   42 - Reward: -6.350, Length: 40, Loss: 1.7765, Epsilon: 0.622
2026-03-17 06:38:38 | INFO | Episode   43 - Reward: -6.200, Length: 40, Loss: 0.1300, Epsilon: 0.613
2026-03-17 06:38:39 | INFO | Episode   44 - Reward: 6.750, Length: 27, Loss: 0.6764, Epsilon: 0.604
2026-03-17 06:38:40 | INFO | Episode   45 - Reward: 4.300, Length: 31, Loss: 0.6288, Epsilon: 0.595
2026-03-17 06:38:41 | INFO | Episode   46 - Reward: 6.400, Length: 19, Loss: 1.2000, Epsilon: 0.586
2026-03-17 06:38:42 | INFO | Episode   47 - Reward: -6.350, Length: 40, Loss: 0.0907, Epsilon: 0.577
2026-03-17 06:38:43 | INFO | Episode   48 - Reward: 7.350, Length: 21, Loss: 1.5229, Epsilon: 0.568
2026-03-17 06:38:44 | INFO | Episode   49 - Reward: 9.150, Length: 12, Loss: 0.0862, Epsilon: 0.559
2026-03-17 06:38:45 | INFO | Episode   50 - Reward: -7.550, Length: 40, Loss: 0.0747, Epsilon: 0.550
2026-03-17 06:39:00 | INFO | [Episode   50] eps=0.550  avg_reward=  -2.203  avg_length= 35.78  avg_loss=  0.3611  eval_success=0.000
2026-03-17 06:39:02 | INFO | Episode   51 - Reward: -0.400, Length: 38, Loss: 0.1067, Epsilon: 0.541
2026-03-17 06:39:03 | INFO | Episode   52 - Reward: 6.500, Length: 20, Loss: 0.5674, Epsilon: 0.532
2026-03-17 06:39:04 | INFO | Episode   53 - Reward: 5.900, Length: 17, Loss: 0.5645, Epsilon: 0.523
2026-03-17 06:39:05 | INFO | Episode   54 - Reward: 7.050, Length: 30, Loss: 1.0681, Epsilon: 0.514
2026-03-17 06:39:06 | INFO | Episode   55 - Reward: 6.500, Length: 17, Loss: 1.2920, Epsilon: 0.505
2026-03-17 06:39:07 | INFO | Episode   56 - Reward: -9.650, Length: 40, Loss: 0.5345, Epsilon: 0.496
2026-03-17 06:39:08 | INFO | Episode   57 - Reward: 5.400, Length: 27, Loss: 0.6294, Epsilon: 0.487
2026-03-17 06:39:09 | INFO | Episode   58 - Reward: 7.850, Length: 20, Loss: 0.9695, Epsilon: 0.478
2026-03-17 06:39:10 | INFO | Episode   59 - Reward: 1.950, Length: 33, Loss: 0.9117, Epsilon: 0.469
2026-03-17 06:39:11 | INFO | Episode   60 - Reward: -5.300, Length: 40, Loss: 0.9717, Epsilon: 0.460
2026-03-17 06:39:12 | INFO | Episode   61 - Reward: 8.150, Length: 20, Loss: 0.9379, Epsilon: 0.451
2026-03-17 06:39:14 | INFO | Episode   62 - Reward: -6.350, Length: 40, Loss: 0.4638, Epsilon: 0.442
2026-03-17 06:39:15 | INFO | Episode   63 - Reward: 7.350, Length: 21, Loss: 0.5989, Epsilon: 0.433
2026-03-17 06:39:16 | INFO | Episode   64 - Reward: -5.600, Length: 40, Loss: 1.2333, Epsilon: 0.424
2026-03-17 06:39:17 | INFO | Episode   65 - Reward: 8.750, Length: 14, Loss: 0.7141, Epsilon: 0.415
2026-03-17 06:39:18 | INFO | Episode   66 - Reward: -6.350, Length: 40, Loss: 0.2523, Epsilon: 0.406
2026-03-17 06:39:19 | INFO | Episode   67 - Reward: -8.450, Length: 40, Loss: 0.6171, Epsilon: 0.397
2026-03-17 06:39:20 | INFO | Episode   68 - Reward: 3.050, Length: 29, Loss: 0.6271, Epsilon: 0.388
2026-03-17 06:39:21 | INFO | Episode   69 - Reward: -7.100, Length: 40, Loss: 0.5063, Epsilon: 0.379
2026-03-17 06:39:22 | INFO | Episode   70 - Reward: 4.450, Length: 37, Loss: 0.8125, Epsilon: 0.370
2026-03-17 06:39:23 | INFO | Episode   71 - Reward: 6.400, Length: 16, Loss: 1.0074, Epsilon: 0.361
2026-03-17 06:39:25 | INFO | Episode   72 - Reward: 5.900, Length: 17, Loss: 1.2381, Epsilon: 0.352
2026-03-17 06:39:26 | INFO | Episode   73 - Reward: -7.100, Length: 40, Loss: 1.9665, Epsilon: 0.343
2026-03-17 06:39:27 | INFO | Episode   74 - Reward: -6.650, Length: 40, Loss: 1.0877, Epsilon: 0.334
2026-03-17 06:39:28 | INFO | Episode   75 - Reward: 5.800, Length: 19, Loss: 0.9138, Epsilon: 0.325
2026-03-17 06:39:29 | INFO | Episode   76 - Reward: -6.350, Length: 40, Loss: 0.6376, Epsilon: 0.316
2026-03-17 06:39:29 | INFO | Episode   77 - Reward: 8.150, Length: 20, Loss: 0.8628, Epsilon: 0.307
2026-03-17 06:39:30 | INFO | Episode   78 - Reward: 0.600, Length: 33, Loss: 0.4185, Epsilon: 0.298
2026-03-17 06:39:31 | INFO | Episode   79 - Reward: 3.000, Length: 36, Loss: 0.3678, Epsilon: 0.289
2026-03-17 06:39:32 | INFO | Episode   80 - Reward: -8.000, Length: 40, Loss: 0.6342, Epsilon: 0.280
2026-03-17 06:39:33 | INFO | Episode   81 - Reward: -9.050, Length: 40, Loss: 1.1288, Epsilon: 0.271
2026-03-17 06:39:34 | INFO | Episode   82 - Reward: -7.400, Length: 40, Loss: 1.6057, Epsilon: 0.262
2026-03-17 06:39:35 | INFO | Episode   83 - Reward: -6.950, Length: 40, Loss: 0.8566, Epsilon: 0.253
2026-03-17 06:39:36 | INFO | Episode   84 - Reward: -6.950, Length: 40, Loss: 0.4822, Epsilon: 0.244
2026-03-17 06:39:36 | INFO | Episode   85 - Reward: 3.250, Length: 40, Loss: 0.5367, Epsilon: 0.235
2026-03-17 06:39:37 | INFO | Episode   86 - Reward: 9.150, Length: 12, Loss: 0.7942, Epsilon: 0.226
2026-03-17 06:39:38 | INFO | Episode   87 - Reward: 2.400, Length: 39, Loss: 0.2304, Epsilon: 0.217
2026-03-17 06:39:39 | INFO | Episode   88 - Reward: 7.500, Length: 12, Loss: 1.3366, Epsilon: 0.208
2026-03-17 06:39:40 | INFO | Episode   89 - Reward: 6.400, Length: 19, Loss: 1.3510, Epsilon: 0.199
2026-03-17 06:39:41 | INFO | Episode   90 - Reward: 5.650, Length: 10, Loss: 0.9198, Epsilon: 0.190
2026-03-17 06:39:41 | INFO | Episode   91 - Reward: 9.650, Length: 8, Loss: 0.5419, Epsilon: 0.181
2026-03-17 06:39:42 | INFO | Episode   92 - Reward: -7.550, Length: 40, Loss: 1.6870, Epsilon: 0.172
2026-03-17 06:39:43 | INFO | Episode   93 - Reward: 9.650, Length: 8, Loss: 0.4848, Epsilon: 0.163
2026-03-17 06:39:44 | INFO | Episode   94 - Reward: 6.950, Length: 23, Loss: 0.7336, Epsilon: 0.154
2026-03-17 06:39:45 | INFO | Episode   95 - Reward: -7.100, Length: 40, Loss: 1.6654, Epsilon: 0.145
2026-03-17 06:39:46 | INFO | Episode   96 - Reward: -7.250, Length: 40, Loss: 0.5750, Epsilon: 0.136
2026-03-17 06:39:47 | INFO | Episode   97 - Reward: -7.700, Length: 40, Loss: 0.6101, Epsilon: 0.127
2026-03-17 06:39:47 | INFO | Episode   98 - Reward: 5.500, Length: 19, Loss: 1.8189, Epsilon: 0.118
2026-03-17 06:39:48 | INFO | Episode   99 - Reward: -7.100, Length: 40, Loss: 0.9868, Epsilon: 0.109
2026-03-17 06:39:49 | INFO | Episode  100 - Reward: 9.650, Length: 8, Loss: 1.1086, Epsilon: 0.100
2026-03-17 06:40:00 | INFO | [Episode  100] eps=0.100  avg_reward=   0.683  avg_length= 29.24  avg_loss=  0.8593  eval_success=0.000
2026-03-17 06:40:01 | INFO | Episode  101 - Reward: -8.750, Length: 40, Loss: 1.0280, Epsilon: 0.100
2026-03-17 06:40:02 | INFO | Episode  102 - Reward: -2.150, Length: 40, Loss: 0.6121, Epsilon: 0.100
2026-03-17 06:40:03 | INFO | Episode  103 - Reward: -8.900, Length: 40, Loss: 1.4238, Epsilon: 0.100
2026-03-17 06:40:04 | INFO | Episode  104 - Reward: -7.100, Length: 40, Loss: 1.2949, Epsilon: 0.100
2026-03-17 06:40:05 | INFO | Episode  105 - Reward: -6.800, Length: 40, Loss: 0.8384, Epsilon: 0.100
2026-03-17 06:40:06 | INFO | Episode  106 - Reward: -7.700, Length: 40, Loss: 0.7540, Epsilon: 0.100
2026-03-17 06:40:06 | INFO | Episode  107 - Reward: 7.600, Length: 10, Loss: 1.5794, Epsilon: 0.100
2026-03-17 06:40:07 | INFO | Episode  108 - Reward: 3.850, Length: 19, Loss: 1.3526, Epsilon: 0.100
2026-03-17 06:40:08 | INFO | Episode  109 - Reward: 5.800, Length: 19, Loss: 0.1502, Epsilon: 0.100
2026-03-17 06:40:09 | INFO | Episode  110 - Reward: 5.800, Length: 19, Loss: 1.5903, Epsilon: 0.100
2026-03-17 06:40:10 | INFO | Episode  111 - Reward: -8.450, Length: 40, Loss: 0.6186, Epsilon: 0.100
2026-03-17 06:40:11 | INFO | Episode  112 - Reward: 9.650, Length: 8, Loss: 0.4656, Epsilon: 0.100
2026-03-17 06:40:12 | INFO | Episode  113 - Reward: 2.600, Length: 35, Loss: 0.5867, Epsilon: 0.100
2026-03-17 06:40:12 | INFO | Episode  114 - Reward: -6.350, Length: 40, Loss: 1.4789, Epsilon: 0.100
2026-03-17 06:40:13 | INFO | Episode  115 - Reward: -6.650, Length: 40, Loss: 1.3752, Epsilon: 0.100
2026-03-17 06:40:14 | INFO | Episode  116 - Reward: 9.150, Length: 12, Loss: 0.9824, Epsilon: 0.100
2026-03-17 06:40:15 | INFO | Episode  117 - Reward: -11.600, Length: 40, Loss: 2.9138, Epsilon: 0.100
2026-03-17 06:40:16 | INFO | Episode  118 - Reward: -5.900, Length: 40, Loss: 0.6057, Epsilon: 0.100
2026-03-17 06:40:17 | INFO | Episode  119 - Reward: -8.150, Length: 40, Loss: 0.9683, Epsilon: 0.100
2026-03-17 06:40:18 | INFO | Episode  120 - Reward: -7.100, Length: 40, Loss: 1.1331, Epsilon: 0.100
2026-03-17 06:40:18 | INFO | Episode  121 - Reward: -6.650, Length: 40, Loss: 1.3953, Epsilon: 0.100
2026-03-17 06:40:19 | INFO | Episode  122 - Reward: -7.250, Length: 40, Loss: 1.2081, Epsilon: 0.100
2026-03-17 06:40:20 | INFO | Episode  123 - Reward: -6.950, Length: 40, Loss: 1.9523, Epsilon: 0.100
2026-03-17 06:40:21 | INFO | Episode  124 - Reward: 5.700, Length: 18, Loss: 0.7765, Epsilon: 0.100
2026-03-17 06:40:22 | INFO | Episode  125 - Reward: 7.700, Length: 8, Loss: 3.4268, Epsilon: 0.100
2026-03-17 06:40:23 | INFO | Episode  126 - Reward: 0.550, Length: 37, Loss: 0.7804, Epsilon: 0.100
2026-03-17 06:40:24 | INFO | Episode  127 - Reward: -12.050, Length: 40, Loss: 1.4487, Epsilon: 0.100
2026-03-17 06:40:25 | INFO | Episode  128 - Reward: 9.650, Length: 8, Loss: 0.7419, Epsilon: 0.100
2026-03-17 06:40:25 | INFO | Episode  129 - Reward: 7.550, Length: 20, Loss: 0.4937, Epsilon: 0.100
2026-03-17 06:40:26 | INFO | Episode  130 - Reward: -8.000, Length: 40, Loss: 0.5144, Epsilon: 0.100
2026-03-17 06:40:28 | INFO | Episode  131 - Reward: -7.400, Length: 40, Loss: 0.8900, Epsilon: 0.100
2026-03-17 06:40:29 | INFO | Episode  132 - Reward: 9.450, Length: 9, Loss: 1.2467, Epsilon: 0.100
2026-03-17 06:40:30 | INFO | Episode  133 - Reward: 9.650, Length: 8, Loss: 0.5349, Epsilon: 0.100
2026-03-17 06:40:31 | INFO | Episode  134 - Reward: 4.650, Length: 36, Loss: 0.8952, Epsilon: 0.100
2026-03-17 06:40:32 | INFO | Episode  135 - Reward: -7.550, Length: 40, Loss: 2.4524, Epsilon: 0.100
2026-03-17 06:40:32 | INFO | Episode  136 - Reward: -7.100, Length: 40, Loss: 0.6167, Epsilon: 0.100
2026-03-17 06:40:33 | INFO | Episode  137 - Reward: 9.350, Length: 11, Loss: 0.7157, Epsilon: 0.100
2026-03-17 06:40:35 | INFO | Episode  138 - Reward: 7.700, Length: 8, Loss: 0.8330, Epsilon: 0.100
2026-03-17 06:40:36 | INFO | Episode  139 - Reward: -7.700, Length: 40, Loss: 1.6468, Epsilon: 0.100
2026-03-17 06:40:37 | INFO | Episode  140 - Reward: -7.400, Length: 40, Loss: 1.1260, Epsilon: 0.100
2026-03-17 06:40:38 | INFO | Episode  141 - Reward: 9.550, Length: 10, Loss: 1.1285, Epsilon: 0.100
2026-03-17 06:40:39 | INFO | Episode  142 - Reward: 9.650, Length: 8, Loss: 1.7027, Epsilon: 0.100
2026-03-17 06:40:40 | INFO | Episode  143 - Reward: -7.250, Length: 40, Loss: 2.1077, Epsilon: 0.100
2026-03-17 06:40:41 | INFO | Episode  144 - Reward: -7.100, Length: 40, Loss: 1.4783, Epsilon: 0.100
2026-03-17 06:40:42 | INFO | Episode  145 - Reward: 5.600, Length: 20, Loss: 2.8053, Epsilon: 0.100
2026-03-17 06:40:43 | INFO | Episode  146 - Reward: -6.950, Length: 40, Loss: 1.5149, Epsilon: 0.100
2026-03-17 06:40:45 | INFO | Episode  147 - Reward: -7.100, Length: 40, Loss: 1.6770, Epsilon: 0.100
2026-03-17 06:40:46 | INFO | Episode  148 - Reward: 8.450, Length: 14, Loss: 1.5820, Epsilon: 0.100
2026-03-17 06:40:47 | INFO | Episode  149 - Reward: -6.650, Length: 40, Loss: 0.1936, Epsilon: 0.100
2026-03-17 06:40:48 | INFO | Episode  150 - Reward: -7.400, Length: 40, Loss: 0.8176, Epsilon: 0.100
2026-03-17 06:41:03 | INFO | [Episode  150] eps=0.100  avg_reward=  -1.329  avg_length= 29.94  avg_loss=  1.2091  eval_success=0.000
2026-03-17 06:41:03 | INFO | Episode  151 - Reward: -1.600, Length: 38, Loss: 1.2201, Epsilon: 0.100
2026-03-17 06:41:04 | INFO | Episode  152 - Reward: -6.800, Length: 40, Loss: 1.1330, Epsilon: 0.100
2026-03-17 06:41:05 | INFO | Episode  153 - Reward: -7.400, Length: 40, Loss: 1.6522, Epsilon: 0.100
2026-03-17 06:41:06 | INFO | Episode  154 - Reward: -9.950, Length: 40, Loss: 0.5728, Epsilon: 0.100
2026-03-17 06:41:08 | INFO | Episode  155 - Reward: 0.950, Length: 35, Loss: 1.3011, Epsilon: 0.100
2026-03-17 06:41:09 | INFO | Episode  156 - Reward: 8.950, Length: 13, Loss: 0.4952, Epsilon: 0.100
2026-03-17 06:41:10 | INFO | Episode  157 - Reward: 5.300, Length: 20, Loss: 0.8654, Epsilon: 0.100
2026-03-17 06:41:11 | INFO | Episode  158 - Reward: -6.650, Length: 40, Loss: 1.5573, Epsilon: 0.100
2026-03-17 06:41:12 | INFO | Episode  159 - Reward: -6.800, Length: 40, Loss: 1.6830, Epsilon: 0.100
2026-03-17 06:41:13 | INFO | Episode  160 - Reward: 6.750, Length: 24, Loss: 1.8377, Epsilon: 0.100
2026-03-17 06:41:14 | INFO | Episode  161 - Reward: -7.550, Length: 40, Loss: 1.7334, Epsilon: 0.100
2026-03-17 06:41:15 | INFO | Episode  162 - Reward: 9.650, Length: 8, Loss: 0.1014, Epsilon: 0.100
2026-03-17 06:41:16 | INFO | Episode  163 - Reward: -6.650, Length: 40, Loss: 2.0394, Epsilon: 0.100
2026-03-17 06:41:17 | INFO | Episode  164 - Reward: -6.350, Length: 40, Loss: 1.7844, Epsilon: 0.100
2026-03-17 06:41:19 | INFO | Episode  165 - Reward: -9.650, Length: 40, Loss: 0.2291, Epsilon: 0.100
2026-03-17 06:41:20 | INFO | Episode  166 - Reward: 9.050, Length: 14, Loss: 0.6301, Epsilon: 0.100
2026-03-17 06:41:21 | INFO | Episode  167 - Reward: 7.350, Length: 21, Loss: 0.1106, Epsilon: 0.100
2026-03-17 06:41:22 | INFO | Episode  168 - Reward: 8.450, Length: 14, Loss: 0.9742, Epsilon: 0.100
2026-03-17 06:41:23 | INFO | Episode  169 - Reward: 9.650, Length: 8, Loss: 1.6668, Epsilon: 0.100
2026-03-17 06:41:24 | INFO | Episode  170 - Reward: -7.250, Length: 40, Loss: 0.5827, Epsilon: 0.100
2026-03-17 06:41:25 | INFO | Episode  171 - Reward: 5.300, Length: 20, Loss: 2.4611, Epsilon: 0.100
2026-03-17 06:41:26 | INFO | Episode  172 - Reward: -6.950, Length: 40, Loss: 0.6955, Epsilon: 0.100
2026-03-17 06:41:27 | INFO | Episode  173 - Reward: 7.600, Length: 10, Loss: 2.4174, Epsilon: 0.100
2026-03-17 06:41:28 | INFO | Episode  174 - Reward: -6.950, Length: 40, Loss: 2.7709, Epsilon: 0.100
2026-03-17 06:41:30 | INFO | Episode  175 - Reward: 9.650, Length: 8, Loss: 1.8280, Epsilon: 0.100
2026-03-17 06:41:31 | INFO | Episode  176 - Reward: -7.700, Length: 40, Loss: 0.9087, Epsilon: 0.100
2026-03-17 06:41:32 | INFO | Episode  177 - Reward: -8.600, Length: 40, Loss: 2.2916, Epsilon: 0.100
2026-03-17 06:41:33 | INFO | Episode  178 - Reward: -7.700, Length: 40, Loss: 1.6382, Epsilon: 0.100
2026-03-17 06:41:34 | INFO | Episode  179 - Reward: 9.650, Length: 8, Loss: 1.2698, Epsilon: 0.100
2026-03-17 06:41:35 | INFO | Episode  180 - Reward: 7.700, Length: 8, Loss: 2.2925, Epsilon: 0.100
2026-03-17 06:41:36 | INFO | Episode  181 - Reward: -7.400, Length: 40, Loss: 1.3935, Epsilon: 0.100
2026-03-17 06:41:37 | INFO | Episode  182 - Reward: 6.700, Length: 13, Loss: 1.6358, Epsilon: 0.100
2026-03-17 06:41:38 | INFO | Episode  183 - Reward: -6.800, Length: 40, Loss: 1.7683, Epsilon: 0.100
2026-03-17 06:41:39 | INFO | Episode  184 - Reward: -6.950, Length: 40, Loss: 3.6554, Epsilon: 0.100
2026-03-17 06:41:40 | INFO | Episode  185 - Reward: -7.250, Length: 40, Loss: 2.3160, Epsilon: 0.100
2026-03-17 06:41:41 | INFO | Episode  186 - Reward: 1.850, Length: 29, Loss: 2.2671, Epsilon: 0.100
2026-03-17 06:41:42 | INFO | Episode  187 - Reward: -6.200, Length: 40, Loss: 2.2762, Epsilon: 0.100
2026-03-17 06:41:43 | INFO | Episode  188 - Reward: -7.250, Length: 40, Loss: 1.3339, Epsilon: 0.100
2026-03-17 06:41:44 | INFO | Episode  189 - Reward: 6.900, Length: 12, Loss: 0.9723, Epsilon: 0.100
2026-03-17 06:41:46 | INFO | Episode  190 - Reward: -7.400, Length: 40, Loss: 2.1561, Epsilon: 0.100
2026-03-17 06:41:47 | INFO | Episode  191 - Reward: -10.550, Length: 40, Loss: 1.3335, Epsilon: 0.100
2026-03-17 06:41:48 | INFO | Episode  192 - Reward: 2.650, Length: 25, Loss: 1.9254, Epsilon: 0.100
2026-03-17 06:41:49 | INFO | Episode  193 - Reward: -7.850, Length: 40, Loss: 1.9771, Epsilon: 0.100
2026-03-17 06:41:50 | INFO | Episode  194 - Reward: -7.100, Length: 40, Loss: 2.5074, Epsilon: 0.100
2026-03-17 06:41:51 | INFO | Episode  195 - Reward: -7.700, Length: 40, Loss: 1.8701, Epsilon: 0.100
2026-03-17 06:41:52 | INFO | Episode  196 - Reward: -8.000, Length: 40, Loss: 1.1984, Epsilon: 0.100
2026-03-17 06:41:53 | INFO | Episode  197 - Reward: -6.800, Length: 40, Loss: 1.1628, Epsilon: 0.100
2026-03-17 06:41:54 | INFO | Episode  198 - Reward: -7.700, Length: 40, Loss: 1.1914, Epsilon: 0.100
2026-03-17 06:41:55 | INFO | Episode  199 - Reward: -7.850, Length: 40, Loss: 1.6348, Epsilon: 0.100
2026-03-17 06:41:57 | INFO | Episode  200 - Reward: -6.500, Length: 40, Loss: 1.2165, Epsilon: 0.100
2026-03-17 06:42:11 | INFO | [Episode  200] eps=0.100  avg_reward=  -2.195  avg_length= 31.36  avg_loss=  1.5307  eval_success=0.000
2026-03-17 06:42:12 | INFO | Episode  201 - Reward: -6.800, Length: 40, Loss: 0.9855, Epsilon: 0.100
2026-03-17 06:42:13 | INFO | Episode  202 - Reward: 9.650, Length: 8, Loss: 0.7644, Epsilon: 0.100
2026-03-17 06:42:14 | INFO | Episode  203 - Reward: 6.650, Length: 23, Loss: 2.2103, Epsilon: 0.100
2026-03-17 06:42:15 | INFO | Episode  204 - Reward: -6.500, Length: 40, Loss: 1.1228, Epsilon: 0.100
2026-03-17 06:42:17 | INFO | Episode  205 - Reward: 9.650, Length: 8, Loss: 2.4116, Epsilon: 0.100
2026-03-17 06:42:18 | INFO | Episode  206 - Reward: -7.700, Length: 40, Loss: 2.2868, Epsilon: 0.100
2026-03-17 06:42:19 | INFO | Episode  207 - Reward: -6.500, Length: 40, Loss: 1.3504, Epsilon: 0.100
2026-03-17 06:42:20 | INFO | Episode  208 - Reward: -7.100, Length: 40, Loss: 0.6402, Epsilon: 0.100
2026-03-17 06:42:21 | INFO | Episode  209 - Reward: -7.250, Length: 40, Loss: 3.1475, Epsilon: 0.100
2026-03-17 06:42:22 | INFO | Episode  210 - Reward: -6.650, Length: 40, Loss: 1.8046, Epsilon: 0.100
2026-03-17 06:42:23 | INFO | Episode  211 - Reward: -7.100, Length: 40, Loss: 1.6987, Epsilon: 0.100
2026-03-17 06:42:24 | INFO | Episode  212 - Reward: -7.250, Length: 40, Loss: 3.5396, Epsilon: 0.100
2026-03-17 06:42:25 | INFO | Episode  213 - Reward: -7.400, Length: 40, Loss: 0.2911, Epsilon: 0.100
2026-03-17 06:42:26 | INFO | Episode  214 - Reward: -25.400, Length: 40, Loss: 1.9676, Epsilon: 0.100
2026-03-17 06:42:28 | INFO | Episode  215 - Reward: -7.850, Length: 40, Loss: 2.0810, Epsilon: 0.100
2026-03-17 06:42:29 | INFO | Episode  216 - Reward: -7.100, Length: 40, Loss: 0.6448, Epsilon: 0.100
2026-03-17 06:42:30 | INFO | Episode  217 - Reward: -7.850, Length: 40, Loss: 1.3366, Epsilon: 0.100
2026-03-17 06:42:31 | INFO | Episode  218 - Reward: -6.200, Length: 40, Loss: 2.4576, Epsilon: 0.100
2026-03-17 06:42:32 | INFO | Episode  219 - Reward: 5.750, Length: 32, Loss: 1.6859, Epsilon: 0.100
2026-03-17 06:42:33 | INFO | Episode  220 - Reward: -7.850, Length: 40, Loss: 0.6871, Epsilon: 0.100
2026-03-17 06:42:34 | INFO | Episode  221 - Reward: -8.000, Length: 40, Loss: 0.4783, Epsilon: 0.100
2026-03-17 06:42:35 | INFO | Episode  222 - Reward: -7.850, Length: 40, Loss: 1.2879, Epsilon: 0.100
2026-03-17 06:42:36 | INFO | Episode  223 - Reward: -7.400, Length: 40, Loss: 1.6891, Epsilon: 0.100
2026-03-17 06:42:37 | INFO | Episode  224 - Reward: 9.650, Length: 8, Loss: 0.1379, Epsilon: 0.100
2026-03-17 06:42:38 | INFO | Episode  225 - Reward: 7.050, Length: 21, Loss: 1.1518, Epsilon: 0.100
2026-03-17 06:42:38 | INFO | Episode  226 - Reward: -8.600, Length: 40, Loss: 1.5356, Epsilon: 0.100
2026-03-17 06:42:39 | INFO | Episode  227 - Reward: -8.300, Length: 40, Loss: 0.4745, Epsilon: 0.100
2026-03-17 06:42:39 | INFO | Episode  228 - Reward: -7.100, Length: 40, Loss: 0.9554, Epsilon: 0.100
2026-03-17 06:42:40 | INFO | Episode  229 - Reward: -10.550, Length: 40, Loss: 1.2711, Epsilon: 0.100
2026-03-17 06:42:41 | INFO | Episode  230 - Reward: -6.800, Length: 40, Loss: 0.9964, Epsilon: 0.100
2026-03-17 06:42:42 | INFO | Episode  231 - Reward: -10.250, Length: 40, Loss: 0.8819, Epsilon: 0.100
2026-03-17 06:42:43 | INFO | Episode  232 - Reward: 9.650, Length: 8, Loss: 1.7218, Epsilon: 0.100
2026-03-17 06:42:44 | INFO | Episode  233 - Reward: 4.300, Length: 25, Loss: 1.3092, Epsilon: 0.100
2026-03-17 06:42:45 | INFO | Episode  234 - Reward: -7.400, Length: 40, Loss: 0.0813, Epsilon: 0.100
2026-03-17 06:42:45 | INFO | Episode  235 - Reward: -7.400, Length: 40, Loss: 1.1282, Epsilon: 0.100
2026-03-17 06:42:46 | INFO | Episode  236 - Reward: -6.800, Length: 40, Loss: 1.5427, Epsilon: 0.100
2026-03-17 06:42:47 | INFO | Episode  237 - Reward: 9.650, Length: 8, Loss: 0.6159, Epsilon: 0.100
2026-03-17 06:42:48 | INFO | Episode  238 - Reward: 4.900, Length: 22, Loss: 0.4400, Epsilon: 0.100
2026-03-17 06:42:49 | INFO | Episode  239 - Reward: -2.150, Length: 40, Loss: 1.4367, Epsilon: 0.100
2026-03-17 06:42:50 | INFO | Episode  240 - Reward: -12.050, Length: 40, Loss: 1.2400, Epsilon: 0.100
2026-03-17 06:42:51 | INFO | Episode  241 - Reward: 9.250, Length: 10, Loss: 1.2250, Epsilon: 0.100
2026-03-17 06:42:51 | INFO | Episode  242 - Reward: -6.500, Length: 40, Loss: 1.1229, Epsilon: 0.100
2026-03-17 06:42:52 | INFO | Episode  243 - Reward: 5.450, Length: 11, Loss: 0.9396, Epsilon: 0.100
2026-03-17 06:42:53 | INFO | Episode  244 - Reward: 7.600, Length: 10, Loss: 1.1251, Epsilon: 0.100
2026-03-17 06:42:54 | INFO | Episode  245 - Reward: -6.800, Length: 40, Loss: 1.2643, Epsilon: 0.100
2026-03-17 06:42:55 | INFO | Episode  246 - Reward: -6.650, Length: 40, Loss: 0.8081, Epsilon: 0.100
2026-03-17 06:42:56 | INFO | Episode  247 - Reward: -7.700, Length: 40, Loss: 1.0529, Epsilon: 0.100
2026-03-17 06:42:57 | INFO | Episode  248 - Reward: -10.550, Length: 40, Loss: 1.0998, Epsilon: 0.100
2026-03-17 06:42:58 | INFO | Episode  249 - Reward: -7.400, Length: 40, Loss: 1.3793, Epsilon: 0.100
2026-03-17 06:42:59 | INFO | Episode  250 - Reward: 7.850, Length: 17, Loss: 1.7265, Epsilon: 0.100
2026-03-17 06:43:01 | INFO | [Episode  250] eps=0.100  avg_reward=  -3.634  avg_length= 33.02  avg_loss=  1.3047  eval_success=1.000
