2026-03-17 06:21:32 | INFO | ============================================================
2026-03-17 06:21:32 | INFO | DEVICE / COMPUTE INFORMATION
2026-03-17 06:21:32 | INFO |   JAX backend       : GPU
2026-03-17 06:21:32 | INFO |   Platform          : gpu
2026-03-17 06:21:32 | INFO |   Num devices       : 1
2026-03-17 06:21:32 | INFO |   Device            : cuda:0
2026-03-17 06:21:32 | INFO |   GPU name          : NVIDIA GeForce RTX 5060 Laptop GPU
2026-03-17 06:21:32 | INFO | ============================================================
2026-03-17 06:21:32 | INFO | ✓ JAX GPU backend confirmed.
2026-03-17 06:21:33 | INFO | DQN seed=7_gamma=0.9_lr=0.1
2026-03-17 06:21:35 | INFO | Episode    1 - Reward: -3.200, Length: 40, Loss: 0.0000, Epsilon: 0.991
2026-03-17 06:21:36 | INFO | Episode    2 - Reward: -7.850, Length: 40, Loss: 0.0000, Epsilon: 0.982
2026-03-17 06:21:39 | INFO | Episode    3 - Reward: -4.700, Length: 40, Loss: 0.1185, Epsilon: 0.973
2026-03-17 06:21:40 | INFO | Episode    4 - Reward: -7.850, Length: 40, Loss: 0.1293, Epsilon: 0.964
2026-03-17 06:21:40 | INFO | Episode    5 - Reward: -6.050, Length: 40, Loss: 0.0906, Epsilon: 0.955
2026-03-17 06:21:40 | INFO | Episode    6 - Reward: -5.450, Length: 40, Loss: 0.0629, Epsilon: 0.946
2026-03-17 06:21:41 | INFO | Episode    7 - Reward: -3.950, Length: 40, Loss: 0.0395, Epsilon: 0.937
2026-03-17 06:21:42 | INFO | Episode    8 - Reward: -4.550, Length: 40, Loss: 0.0921, Epsilon: 0.928
2026-03-17 06:21:43 | INFO | Episode    9 - Reward: -4.250, Length: 40, Loss: 0.0075, Epsilon: 0.919
2026-03-17 06:21:44 | INFO | Episode   10 - Reward: -4.850, Length: 40, Loss: 0.0375, Epsilon: 0.910
2026-03-17 06:21:45 | INFO | Episode   11 - Reward: 1.900, Length: 31, Loss: 0.1194, Epsilon: 0.901
2026-03-17 06:21:45 | INFO | Episode   12 - Reward: -5.150, Length: 40, Loss: 0.0615, Epsilon: 0.892
2026-03-17 06:21:46 | INFO | Episode   13 - Reward: -4.100, Length: 40, Loss: 0.0637, Epsilon: 0.883
2026-03-17 06:21:47 | INFO | Episode   14 - Reward: -5.000, Length: 40, Loss: 0.0816, Epsilon: 0.874
2026-03-17 06:21:48 | INFO | Episode   15 - Reward: -5.300, Length: 40, Loss: 0.0147, Epsilon: 0.865
2026-03-17 06:21:49 | INFO | Episode   16 - Reward: -4.550, Length: 40, Loss: 0.0324, Epsilon: 0.856
2026-03-17 06:21:50 | INFO | Episode   17 - Reward: -4.550, Length: 40, Loss: 0.0331, Epsilon: 0.847
2026-03-17 06:21:51 | INFO | Episode   18 - Reward: 6.500, Length: 23, Loss: 0.9694, Epsilon: 0.838
2026-03-17 06:21:51 | INFO | Episode   19 - Reward: -11.900, Length: 40, Loss: 1.0278, Epsilon: 0.829
2026-03-17 06:21:52 | INFO | Episode   20 - Reward: -5.000, Length: 40, Loss: 0.0391, Epsilon: 0.820
2026-03-17 06:21:53 | INFO | Episode   21 - Reward: -4.550, Length: 40, Loss: 0.8670, Epsilon: 0.811
2026-03-17 06:21:54 | INFO | Episode   22 - Reward: -4.700, Length: 40, Loss: 0.1049, Epsilon: 0.802
2026-03-17 06:21:55 | INFO | Episode   23 - Reward: -3.950, Length: 40, Loss: 0.0805, Epsilon: 0.793
2026-03-17 06:21:56 | INFO | Episode   24 - Reward: -0.850, Length: 32, Loss: 0.8325, Epsilon: 0.784
2026-03-17 06:21:57 | INFO | Episode   25 - Reward: -4.700, Length: 40, Loss: 0.8477, Epsilon: 0.775
2026-03-17 06:21:59 | INFO | Episode   26 - Reward: 3.800, Length: 38, Loss: 0.0666, Epsilon: 0.766
2026-03-17 06:22:00 | INFO | Episode   27 - Reward: -3.950, Length: 40, Loss: 0.7485, Epsilon: 0.757
2026-03-17 06:22:01 | INFO | Episode   28 - Reward: -5.150, Length: 40, Loss: 0.9151, Epsilon: 0.748
2026-03-17 06:22:02 | INFO | Episode   29 - Reward: 6.500, Length: 17, Loss: 0.0402, Epsilon: 0.739
2026-03-17 06:22:03 | INFO | Episode   30 - Reward: -4.850, Length: 40, Loss: 0.0165, Epsilon: 0.730
2026-03-17 06:22:04 | INFO | Episode   31 - Reward: -4.400, Length: 40, Loss: 1.4930, Epsilon: 0.721
2026-03-17 06:22:05 | INFO | Episode   32 - Reward: 9.150, Length: 15, Loss: 0.0699, Epsilon: 0.712
2026-03-17 06:22:06 | INFO | Episode   33 - Reward: -10.550, Length: 40, Loss: 0.7972, Epsilon: 0.703
2026-03-17 06:22:07 | INFO | Episode   34 - Reward: 2.300, Length: 32, Loss: 0.8196, Epsilon: 0.694
2026-03-17 06:22:09 | INFO | Episode   35 - Reward: -5.000, Length: 40, Loss: 0.6929, Epsilon: 0.685
2026-03-17 06:22:10 | INFO | Episode   36 - Reward: -5.450, Length: 40, Loss: 0.1656, Epsilon: 0.676
2026-03-17 06:22:11 | INFO | Episode   37 - Reward: -5.150, Length: 40, Loss: 0.1713, Epsilon: 0.667
2026-03-17 06:22:11 | INFO | Episode   38 - Reward: -6.950, Length: 40, Loss: 0.0991, Epsilon: 0.658
2026-03-17 06:22:12 | INFO | Episode   39 - Reward: -4.400, Length: 40, Loss: 0.1543, Epsilon: 0.649
2026-03-17 06:22:13 | INFO | Episode   40 - Reward: -5.900, Length: 40, Loss: 0.6163, Epsilon: 0.640
2026-03-17 06:22:14 | INFO | Episode   41 - Reward: -6.350, Length: 40, Loss: 0.6299, Epsilon: 0.631
2026-03-17 06:22:16 | INFO | Episode   42 - Reward: -6.350, Length: 40, Loss: 0.2386, Epsilon: 0.622
2026-03-17 06:22:17 | INFO | Episode   43 - Reward: 8.350, Length: 16, Loss: 0.0661, Epsilon: 0.613
2026-03-17 06:22:18 | INFO | Episode   44 - Reward: 3.600, Length: 36, Loss: 0.7007, Epsilon: 0.604
2026-03-17 06:22:19 | INFO | Episode   45 - Reward: 7.100, Length: 11, Loss: 0.1539, Epsilon: 0.595
2026-03-17 06:22:20 | INFO | Episode   46 - Reward: 4.350, Length: 21, Loss: 0.6810, Epsilon: 0.586
2026-03-17 06:22:21 | INFO | Episode   47 - Reward: 7.200, Length: 15, Loss: 0.0892, Epsilon: 0.577
2026-03-17 06:22:22 | INFO | Episode   48 - Reward: 9.550, Length: 10, Loss: 0.2255, Epsilon: 0.568
2026-03-17 06:22:23 | INFO | Episode   49 - Reward: 5.350, Length: 34, Loss: 0.6608, Epsilon: 0.559
2026-03-17 06:22:24 | INFO | Episode   50 - Reward: -7.700, Length: 40, Loss: 0.1159, Epsilon: 0.550
2026-03-17 06:22:29 | INFO | [Episode   50] eps=0.550  avg_reward=  -2.470  avg_length= 35.42  avg_loss=  0.3236  eval_success=1.000
2026-03-17 06:22:30 | INFO | Episode   51 - Reward: 6.400, Length: 16, Loss: 0.0381, Epsilon: 0.541
2026-03-17 06:22:31 | INFO | Episode   52 - Reward: 8.350, Length: 19, Loss: 1.2592, Epsilon: 0.532
2026-03-17 06:22:32 | INFO | Episode   53 - Reward: 8.250, Length: 15, Loss: 1.2535, Epsilon: 0.523
2026-03-17 06:22:33 | INFO | Episode   54 - Reward: 4.600, Length: 28, Loss: 1.1808, Epsilon: 0.514
2026-03-17 06:22:34 | INFO | Episode   55 - Reward: -5.000, Length: 40, Loss: 0.1734, Epsilon: 0.505
2026-03-17 06:22:36 | INFO | Episode   56 - Reward: -6.200, Length: 40, Loss: 0.1615, Epsilon: 0.496
2026-03-17 06:22:37 | INFO | Episode   57 - Reward: 3.900, Length: 33, Loss: 1.2059, Epsilon: 0.487
2026-03-17 06:22:38 | INFO | Episode   58 - Reward: 9.350, Length: 11, Loss: 0.1251, Epsilon: 0.478
2026-03-17 06:22:39 | INFO | Episode   59 - Reward: -5.750, Length: 40, Loss: 0.6748, Epsilon: 0.469
2026-03-17 06:22:40 | INFO | Episode   60 - Reward: -12.200, Length: 40, Loss: 1.1773, Epsilon: 0.460
2026-03-17 06:22:41 | INFO | Episode   61 - Reward: 3.050, Length: 26, Loss: 1.0684, Epsilon: 0.451
2026-03-17 06:22:42 | INFO | Episode   62 - Reward: -5.300, Length: 40, Loss: 0.2234, Epsilon: 0.442
2026-03-17 06:22:42 | INFO | Episode   63 - Reward: -6.650, Length: 40, Loss: 1.6210, Epsilon: 0.433
2026-03-17 06:22:43 | INFO | Episode   64 - Reward: 9.150, Length: 12, Loss: 0.1498, Epsilon: 0.424
2026-03-17 06:22:45 | INFO | Episode   65 - Reward: 8.250, Length: 15, Loss: 0.1442, Epsilon: 0.415
2026-03-17 06:22:46 | INFO | Episode   66 - Reward: -6.350, Length: 40, Loss: 0.5712, Epsilon: 0.406
2026-03-17 06:22:47 | INFO | Episode   67 - Reward: -6.050, Length: 40, Loss: 0.2093, Epsilon: 0.397
2026-03-17 06:22:48 | INFO | Episode   68 - Reward: -9.650, Length: 40, Loss: 0.6038, Epsilon: 0.388
2026-03-17 06:22:49 | INFO | Episode   69 - Reward: -7.100, Length: 40, Loss: 1.1410, Epsilon: 0.379
2026-03-17 06:22:50 | INFO | Episode   70 - Reward: -6.350, Length: 40, Loss: 0.5022, Epsilon: 0.370
2026-03-17 06:22:51 | INFO | Episode   71 - Reward: -11.300, Length: 40, Loss: 0.8965, Epsilon: 0.361
2026-03-17 06:22:52 | INFO | Episode   72 - Reward: 5.650, Length: 10, Loss: 0.6119, Epsilon: 0.352
2026-03-17 06:22:53 | INFO | Episode   73 - Reward: 7.850, Length: 20, Loss: 0.5795, Epsilon: 0.343
2026-03-17 06:22:54 | INFO | Episode   74 - Reward: 6.700, Length: 13, Loss: 0.2342, Epsilon: 0.334
2026-03-17 06:22:55 | INFO | Episode   75 - Reward: 4.450, Length: 40, Loss: 1.1302, Epsilon: 0.325
2026-03-17 06:22:57 | INFO | Episode   76 - Reward: -6.350, Length: 40, Loss: 1.6481, Epsilon: 0.316
2026-03-17 06:22:58 | INFO | Episode   77 - Reward: -7.100, Length: 40, Loss: 1.1967, Epsilon: 0.307
2026-03-17 06:22:59 | INFO | Episode   78 - Reward: -5.450, Length: 40, Loss: 0.8437, Epsilon: 0.298
2026-03-17 06:23:00 | INFO | Episode   79 - Reward: -5.600, Length: 40, Loss: 0.6765, Epsilon: 0.289
2026-03-17 06:23:01 | INFO | Episode   80 - Reward: -8.000, Length: 40, Loss: 0.5148, Epsilon: 0.280
2026-03-17 06:23:02 | INFO | Episode   81 - Reward: -9.050, Length: 40, Loss: 0.2087, Epsilon: 0.271
2026-03-17 06:23:03 | INFO | Episode   82 - Reward: 9.150, Length: 15, Loss: 0.2041, Epsilon: 0.262
2026-03-17 06:23:04 | INFO | Episode   83 - Reward: -6.950, Length: 40, Loss: 1.2506, Epsilon: 0.253
2026-03-17 06:23:05 | INFO | Episode   84 - Reward: -1.450, Length: 32, Loss: 0.8321, Epsilon: 0.244
2026-03-17 06:23:07 | INFO | Episode   85 - Reward: 3.250, Length: 40, Loss: 0.5012, Epsilon: 0.235
2026-03-17 06:23:08 | INFO | Episode   86 - Reward: -0.050, Length: 40, Loss: 0.6232, Epsilon: 0.226
2026-03-17 06:23:09 | INFO | Episode   87 - Reward: -6.350, Length: 40, Loss: 1.3035, Epsilon: 0.217
2026-03-17 06:23:10 | INFO | Episode   88 - Reward: -5.900, Length: 40, Loss: 0.4823, Epsilon: 0.208
2026-03-17 06:23:11 | INFO | Episode   89 - Reward: 3.900, Length: 33, Loss: 0.6349, Epsilon: 0.199
2026-03-17 06:23:12 | INFO | Episode   90 - Reward: 8.650, Length: 16, Loss: 0.6301, Epsilon: 0.190
2026-03-17 06:23:13 | INFO | Episode   91 - Reward: -7.850, Length: 40, Loss: 0.4518, Epsilon: 0.181
2026-03-17 06:23:14 | INFO | Episode   92 - Reward: -7.400, Length: 40, Loss: 0.8378, Epsilon: 0.172
2026-03-17 06:23:14 | INFO | Episode   93 - Reward: -10.400, Length: 40, Loss: 0.5498, Epsilon: 0.163
2026-03-17 06:23:15 | INFO | Episode   94 - Reward: -9.200, Length: 40, Loss: 0.1918, Epsilon: 0.154
2026-03-17 06:23:16 | INFO | Episode   95 - Reward: 9.650, Length: 8, Loss: 0.9424, Epsilon: 0.145
2026-03-17 06:23:17 | INFO | Episode   96 - Reward: 3.700, Length: 31, Loss: 0.7380, Epsilon: 0.136
2026-03-17 06:23:19 | INFO | Episode   97 - Reward: -10.550, Length: 40, Loss: 0.7555, Epsilon: 0.127
2026-03-17 06:23:20 | INFO | Episode   98 - Reward: -7.250, Length: 40, Loss: 0.8502, Epsilon: 0.118
2026-03-17 06:23:21 | INFO | Episode   99 - Reward: 1.800, Length: 39, Loss: 0.7893, Epsilon: 0.109
2026-03-17 06:23:22 | INFO | Episode  100 - Reward: -7.550, Length: 40, Loss: 0.4901, Epsilon: 0.100
2026-03-17 06:23:38 | INFO | [Episode  100] eps=0.100  avg_reward=  -1.686  avg_length= 32.64  avg_loss=  0.7017  eval_success=0.000
2026-03-17 06:23:39 | INFO | Episode  101 - Reward: -7.100, Length: 40, Loss: 0.4472, Epsilon: 0.100
2026-03-17 06:23:40 | INFO | Episode  102 - Reward: -10.550, Length: 40, Loss: 0.3055, Epsilon: 0.100
2026-03-17 06:23:41 | INFO | Episode  103 - Reward: -7.550, Length: 40, Loss: 0.8071, Epsilon: 0.100
2026-03-17 06:23:42 | INFO | Episode  104 - Reward: -2.300, Length: 40, Loss: 0.4709, Epsilon: 0.100
2026-03-17 06:23:43 | INFO | Episode  105 - Reward: -6.800, Length: 40, Loss: 0.1617, Epsilon: 0.100
2026-03-17 06:23:45 | INFO | Episode  106 - Reward: 5.650, Length: 10, Loss: 0.7499, Epsilon: 0.100
2026-03-17 06:23:46 | INFO | Episode  107 - Reward: -8.000, Length: 40, Loss: 1.2967, Epsilon: 0.100
2026-03-17 06:23:46 | INFO | Episode  108 - Reward: 5.350, Length: 31, Loss: 0.5772, Epsilon: 0.100
2026-03-17 06:23:47 | INFO | Episode  109 - Reward: -2.150, Length: 40, Loss: 0.6857, Epsilon: 0.100
2026-03-17 06:23:48 | INFO | Episode  110 - Reward: -6.800, Length: 40, Loss: 0.1935, Epsilon: 0.100
2026-03-17 06:23:49 | INFO | Episode  111 - Reward: 9.050, Length: 11, Loss: 0.4242, Epsilon: 0.100
2026-03-17 06:23:50 | INFO | Episode  112 - Reward: -8.900, Length: 40, Loss: 0.6152, Epsilon: 0.100
2026-03-17 06:23:51 | INFO | Episode  113 - Reward: 6.900, Length: 12, Loss: 0.8592, Epsilon: 0.100
2026-03-17 06:23:52 | INFO | Episode  114 - Reward: -6.350, Length: 40, Loss: 0.5568, Epsilon: 0.100
2026-03-17 06:23:54 | INFO | Episode  115 - Reward: 7.500, Length: 9, Loss: 0.6844, Epsilon: 0.100
2026-03-17 06:23:54 | INFO | Episode  116 - Reward: -10.250, Length: 40, Loss: 0.4047, Epsilon: 0.100
2026-03-17 06:23:55 | INFO | Episode  117 - Reward: -8.000, Length: 40, Loss: 1.0402, Epsilon: 0.100
2026-03-17 06:23:56 | INFO | Episode  118 - Reward: 7.600, Length: 10, Loss: 0.6838, Epsilon: 0.100
2026-03-17 06:23:57 | INFO | Episode  119 - Reward: 9.450, Length: 9, Loss: 0.6123, Epsilon: 0.100
2026-03-17 06:23:58 | INFO | Episode  120 - Reward: -7.550, Length: 40, Loss: 0.0986, Epsilon: 0.100
2026-03-17 06:23:59 | INFO | Episode  121 - Reward: 9.650, Length: 8, Loss: 0.9946, Epsilon: 0.100
2026-03-17 06:23:59 | INFO | Episode  122 - Reward: 2.500, Length: 40, Loss: 1.2442, Epsilon: 0.100
2026-03-17 06:24:00 | INFO | Episode  123 - Reward: -8.000, Length: 40, Loss: 0.1725, Epsilon: 0.100
2026-03-17 06:24:01 | INFO | Episode  124 - Reward: 7.700, Length: 8, Loss: 1.3183, Epsilon: 0.100
2026-03-17 06:24:02 | INFO | Episode  125 - Reward: -7.250, Length: 40, Loss: 1.3858, Epsilon: 0.100
2026-03-17 06:24:03 | INFO | Episode  126 - Reward: -6.350, Length: 40, Loss: 0.5467, Epsilon: 0.100
2026-03-17 06:24:04 | INFO | Episode  127 - Reward: 6.400, Length: 19, Loss: 0.3264, Epsilon: 0.100
2026-03-17 06:24:05 | INFO | Episode  128 - Reward: -7.250, Length: 40, Loss: 0.8342, Epsilon: 0.100
2026-03-17 06:24:06 | INFO | Episode  129 - Reward: -7.100, Length: 40, Loss: 0.8048, Epsilon: 0.100
2026-03-17 06:24:06 | INFO | Episode  130 - Reward: 7.700, Length: 8, Loss: 0.5646, Epsilon: 0.100
2026-03-17 06:24:07 | INFO | Episode  131 - Reward: -7.550, Length: 40, Loss: 0.8286, Epsilon: 0.100
2026-03-17 06:24:08 | INFO | Episode  132 - Reward: -6.950, Length: 40, Loss: 0.4681, Epsilon: 0.100
2026-03-17 06:24:09 | INFO | Episode  133 - Reward: 8.150, Length: 17, Loss: 1.4854, Epsilon: 0.100
2026-03-17 06:24:10 | INFO | Episode  134 - Reward: 4.450, Length: 37, Loss: 0.9072, Epsilon: 0.100
2026-03-17 06:24:11 | INFO | Episode  135 - Reward: 4.350, Length: 36, Loss: 0.3462, Epsilon: 0.100
2026-03-17 06:24:12 | INFO | Episode  136 - Reward: 5.450, Length: 11, Loss: 0.8594, Epsilon: 0.100
2026-03-17 06:24:12 | INFO | Episode  137 - Reward: 7.200, Length: 12, Loss: 0.5863, Epsilon: 0.100
2026-03-17 06:24:13 | INFO | Episode  138 - Reward: 9.650, Length: 8, Loss: 0.7080, Epsilon: 0.100
2026-03-17 06:24:14 | INFO | Episode  139 - Reward: -2.150, Length: 40, Loss: 0.9570, Epsilon: 0.100
2026-03-17 06:24:15 | INFO | Episode  140 - Reward: 3.500, Length: 29, Loss: 0.6781, Epsilon: 0.100
2026-03-17 06:24:16 | INFO | Episode  141 - Reward: -6.500, Length: 40, Loss: 1.3644, Epsilon: 0.100
2026-03-17 06:24:17 | INFO | Episode  142 - Reward: -4.100, Length: 40, Loss: 0.4825, Epsilon: 0.100
2026-03-17 06:24:17 | INFO | Episode  143 - Reward: -7.550, Length: 40, Loss: 1.2877, Epsilon: 0.100
2026-03-17 06:24:18 | INFO | Episode  144 - Reward: 7.300, Length: 10, Loss: 0.2544, Epsilon: 0.100
2026-03-17 06:24:18 | INFO | Episode  145 - Reward: 4.700, Length: 23, Loss: 0.3193, Epsilon: 0.100
2026-03-17 06:24:19 | INFO | Episode  146 - Reward: 9.650, Length: 8, Loss: 0.3588, Epsilon: 0.100
2026-03-17 06:24:20 | INFO | Episode  147 - Reward: 7.700, Length: 8, Loss: 1.8968, Epsilon: 0.100
2026-03-17 06:24:21 | INFO | Episode  148 - Reward: 9.650, Length: 8, Loss: 0.7891, Epsilon: 0.100
2026-03-17 06:24:22 | INFO | Episode  149 - Reward: -10.250, Length: 40, Loss: 0.2949, Epsilon: 0.100
2026-03-17 06:24:23 | INFO | Episode  150 - Reward: 9.650, Length: 8, Loss: 0.3411, Epsilon: 0.100
2026-03-17 06:24:25 | INFO | [Episode  150] eps=0.100  avg_reward=   0.071  avg_length= 27.80  avg_loss=  0.7016  eval_success=1.000
2026-03-17 06:24:26 | INFO | Episode  151 - Reward: 9.650, Length: 8, Loss: 0.6789, Epsilon: 0.100
2026-03-17 06:24:27 | INFO | Episode  152 - Reward: 1.800, Length: 39, Loss: 3.9831, Epsilon: 0.100
2026-03-17 06:24:28 | INFO | Episode  153 - Reward: -6.800, Length: 40, Loss: 8.8122, Epsilon: 0.100
2026-03-17 06:24:29 | INFO | Episode  154 - Reward: -7.700, Length: 40, Loss: 3.4331, Epsilon: 0.100
2026-03-17 06:24:30 | INFO | Episode  155 - Reward: -7.100, Length: 40, Loss: 1.1766, Epsilon: 0.100
2026-03-17 06:24:31 | INFO | Episode  156 - Reward: -6.050, Length: 40, Loss: 1.1873, Epsilon: 0.100
2026-03-17 06:24:31 | INFO | Episode  157 - Reward: -7.550, Length: 40, Loss: 1.3309, Epsilon: 0.100
2026-03-17 06:24:32 | INFO | Episode  158 - Reward: 9.650, Length: 8, Loss: 0.7143, Epsilon: 0.100
2026-03-17 06:24:33 | INFO | Episode  159 - Reward: -10.250, Length: 40, Loss: 0.3636, Epsilon: 0.100
2026-03-17 06:24:34 | INFO | Episode  160 - Reward: 6.750, Length: 24, Loss: 1.6744, Epsilon: 0.100
2026-03-17 06:24:35 | INFO | Episode  161 - Reward: -7.550, Length: 40, Loss: 0.6690, Epsilon: 0.100
2026-03-17 06:24:36 | INFO | Episode  162 - Reward: 7.700, Length: 8, Loss: 0.7127, Epsilon: 0.100
2026-03-17 06:24:37 | INFO | Episode  163 - Reward: -10.550, Length: 40, Loss: 0.6666, Epsilon: 0.100
2026-03-17 06:24:38 | INFO | Episode  164 - Reward: -6.350, Length: 40, Loss: 1.4537, Epsilon: 0.100
2026-03-17 06:24:39 | INFO | Episode  165 - Reward: 9.650, Length: 8, Loss: 1.6197, Epsilon: 0.100
2026-03-17 06:24:39 | INFO | Episode  166 - Reward: 6.700, Length: 16, Loss: 1.5184, Epsilon: 0.100
2026-03-17 06:24:40 | INFO | Episode  167 - Reward: -6.650, Length: 40, Loss: 0.6714, Epsilon: 0.100
2026-03-17 06:24:41 | INFO | Episode  168 - Reward: 8.450, Length: 14, Loss: 0.3229, Epsilon: 0.100
2026-03-17 06:24:42 | INFO | Episode  169 - Reward: -8.800, Length: 26, Loss: 2.1790, Epsilon: 0.100
2026-03-17 06:24:43 | INFO | Episode  170 - Reward: -8.900, Length: 40, Loss: 0.4316, Epsilon: 0.100
2026-03-17 06:24:44 | INFO | Episode  171 - Reward: 7.700, Length: 8, Loss: 0.6987, Epsilon: 0.100
2026-03-17 06:24:44 | INFO | Episode  172 - Reward: -7.100, Length: 40, Loss: 0.6195, Epsilon: 0.100
2026-03-17 06:24:45 | INFO | Episode  173 - Reward: -6.800, Length: 40, Loss: 1.1284, Epsilon: 0.100
2026-03-17 06:24:46 | INFO | Episode  174 - Reward: -7.100, Length: 40, Loss: 1.6075, Epsilon: 0.100
2026-03-17 06:24:47 | INFO | Episode  175 - Reward: 7.700, Length: 8, Loss: 0.3605, Epsilon: 0.100
2026-03-17 06:24:48 | INFO | Episode  176 - Reward: -2.300, Length: 40, Loss: 0.8786, Epsilon: 0.100
2026-03-17 06:24:49 | INFO | Episode  177 - Reward: 9.450, Length: 9, Loss: 1.0067, Epsilon: 0.100
2026-03-17 06:24:49 | INFO | Episode  178 - Reward: -7.400, Length: 40, Loss: 0.8025, Epsilon: 0.100
2026-03-17 06:24:50 | INFO | Episode  179 - Reward: -7.250, Length: 40, Loss: 2.7673, Epsilon: 0.100
2026-03-17 06:24:50 | INFO | Episode  180 - Reward: -7.550, Length: 40, Loss: 0.8985, Epsilon: 0.100
2026-03-17 06:24:51 | INFO | Episode  181 - Reward: -7.400, Length: 40, Loss: 0.8784, Epsilon: 0.100
2026-03-17 06:24:52 | INFO | Episode  182 - Reward: -7.550, Length: 40, Loss: 0.7622, Epsilon: 0.100
2026-03-17 06:24:53 | INFO | Episode  183 - Reward: -6.650, Length: 40, Loss: 1.2098, Epsilon: 0.100
2026-03-17 06:24:54 | INFO | Episode  184 - Reward: -6.950, Length: 40, Loss: 1.4643, Epsilon: 0.100
2026-03-17 06:24:55 | INFO | Episode  185 - Reward: 5.250, Length: 33, Loss: 0.3964, Epsilon: 0.100
2026-03-17 06:24:56 | INFO | Episode  186 - Reward: -6.650, Length: 40, Loss: 0.7130, Epsilon: 0.100
2026-03-17 06:24:57 | INFO | Episode  187 - Reward: 7.950, Length: 18, Loss: 0.9220, Epsilon: 0.100
2026-03-17 06:24:58 | INFO | Episode  188 - Reward: 6.900, Length: 12, Loss: 0.8632, Epsilon: 0.100
2026-03-17 06:24:59 | INFO | Episode  189 - Reward: 9.650, Length: 8, Loss: 1.2465, Epsilon: 0.100
2026-03-17 06:25:00 | INFO | Episode  190 - Reward: 9.050, Length: 14, Loss: 1.3951, Epsilon: 0.100
2026-03-17 06:25:01 | INFO | Episode  191 - Reward: -7.400, Length: 40, Loss: 1.0652, Epsilon: 0.100
2026-03-17 06:25:03 | INFO | Episode  192 - Reward: -7.250, Length: 40, Loss: 1.8729, Epsilon: 0.100
2026-03-17 06:25:04 | INFO | Episode  193 - Reward: -6.650, Length: 40, Loss: 0.9057, Epsilon: 0.100
2026-03-17 06:25:05 | INFO | Episode  194 - Reward: -2.150, Length: 40, Loss: 0.8809, Epsilon: 0.100
2026-03-17 06:25:06 | INFO | Episode  195 - Reward: 7.700, Length: 8, Loss: 0.4385, Epsilon: 0.100
2026-03-17 06:25:07 | INFO | Episode  196 - Reward: 7.700, Length: 8, Loss: 0.7463, Epsilon: 0.100
2026-03-17 06:25:08 | INFO | Episode  197 - Reward: 7.700, Length: 8, Loss: 0.5410, Epsilon: 0.100
2026-03-17 06:25:09 | INFO | Episode  198 - Reward: 5.450, Length: 14, Loss: 0.6206, Epsilon: 0.100
2026-03-17 06:25:11 | INFO | Episode  199 - Reward: -2.750, Length: 40, Loss: 0.4764, Epsilon: 0.100
2026-03-17 06:25:12 | INFO | Episode  200 - Reward: -7.850, Length: 40, Loss: 0.4669, Epsilon: 0.100
2026-03-17 06:25:15 | INFO | [Episode  200] eps=0.100  avg_reward=  -1.129  avg_length= 29.18  avg_loss=  1.2447  eval_success=1.000
2026-03-17 06:25:16 | INFO | Episode  201 - Reward: 9.650, Length: 8, Loss: 0.9153, Epsilon: 0.100
2026-03-17 06:25:18 | INFO | Episode  202 - Reward: -10.250, Length: 40, Loss: 0.6554, Epsilon: 0.100
2026-03-17 06:25:19 | INFO | Episode  203 - Reward: 3.500, Length: 29, Loss: 1.3056, Epsilon: 0.100
2026-03-17 06:25:20 | INFO | Episode  204 - Reward: 9.650, Length: 8, Loss: 0.3921, Epsilon: 0.100
2026-03-17 06:25:20 | INFO | Episode  205 - Reward: 9.650, Length: 8, Loss: 0.4814, Epsilon: 0.100
2026-03-17 06:25:21 | INFO | Episode  206 - Reward: 9.650, Length: 8, Loss: 0.5390, Epsilon: 0.100
2026-03-17 06:25:22 | INFO | Episode  207 - Reward: -2.450, Length: 40, Loss: 0.4983, Epsilon: 0.100
2026-03-17 06:25:23 | INFO | Episode  208 - Reward: 9.650, Length: 8, Loss: 0.7463, Epsilon: 0.100
2026-03-17 06:25:24 | INFO | Episode  209 - Reward: -7.550, Length: 40, Loss: 0.5618, Epsilon: 0.100
2026-03-17 06:25:25 | INFO | Episode  210 - Reward: 8.250, Length: 15, Loss: 0.2401, Epsilon: 0.100
2026-03-17 06:25:26 | INFO | Episode  211 - Reward: 7.700, Length: 8, Loss: 0.3189, Epsilon: 0.100
2026-03-17 06:25:28 | INFO | Episode  212 - Reward: 9.550, Length: 10, Loss: 0.3635, Epsilon: 0.100
2026-03-17 06:25:29 | INFO | Episode  213 - Reward: -7.700, Length: 40, Loss: 0.3538, Epsilon: 0.100
2026-03-17 06:25:30 | INFO | Episode  214 - Reward: 9.650, Length: 8, Loss: 0.2529, Epsilon: 0.100
2026-03-17 06:25:31 | INFO | Episode  215 - Reward: 9.550, Length: 10, Loss: 1.1934, Epsilon: 0.100
2026-03-17 06:25:32 | INFO | Episode  216 - Reward: -6.950, Length: 40, Loss: 0.5432, Epsilon: 0.100
2026-03-17 06:25:33 | INFO | Episode  217 - Reward: 7.700, Length: 8, Loss: 0.3989, Epsilon: 0.100
2026-03-17 06:25:34 | INFO | Episode  218 - Reward: 9.650, Length: 8, Loss: 0.9200, Epsilon: 0.100
2026-03-17 06:25:35 | INFO | Episode  219 - Reward: -6.350, Length: 40, Loss: 0.4473, Epsilon: 0.100
2026-03-17 06:25:36 | INFO | Episode  220 - Reward: 9.650, Length: 8, Loss: 0.2835, Epsilon: 0.100
2026-03-17 06:25:38 | INFO | Episode  221 - Reward: 9.650, Length: 8, Loss: 0.7206, Epsilon: 0.100
2026-03-17 06:25:39 | INFO | Episode  222 - Reward: -7.250, Length: 40, Loss: 1.0917, Epsilon: 0.100
2026-03-17 06:25:40 | INFO | Episode  223 - Reward: -7.100, Length: 40, Loss: 0.5920, Epsilon: 0.100
2026-03-17 06:25:41 | INFO | Episode  224 - Reward: 4.100, Length: 35, Loss: 0.7818, Epsilon: 0.100
2026-03-17 06:25:42 | INFO | Episode  225 - Reward: 9.450, Length: 9, Loss: 0.3231, Epsilon: 0.100
2026-03-17 06:25:43 | INFO | Episode  226 - Reward: 7.700, Length: 8, Loss: 0.1053, Epsilon: 0.100
2026-03-17 06:25:44 | INFO | Episode  227 - Reward: 9.550, Length: 10, Loss: 0.4576, Epsilon: 0.100
2026-03-17 06:25:45 | INFO | Episode  228 - Reward: 7.700, Length: 8, Loss: 0.9938, Epsilon: 0.100
2026-03-17 06:25:46 | INFO | Episode  229 - Reward: 9.050, Length: 11, Loss: 0.9246, Epsilon: 0.100
2026-03-17 06:25:47 | INFO | Episode  230 - Reward: 7.700, Length: 8, Loss: 0.4171, Epsilon: 0.100
2026-03-17 06:25:48 | INFO | Episode  231 - Reward: 9.650, Length: 8, Loss: 0.4975, Epsilon: 0.100
2026-03-17 06:25:50 | INFO | Episode  232 - Reward: 9.450, Length: 9, Loss: 1.7517, Epsilon: 0.100
2026-03-17 06:25:51 | INFO | Episode  233 - Reward: 9.650, Length: 8, Loss: 1.7117, Epsilon: 0.100
2026-03-17 06:25:52 | INFO | Episode  234 - Reward: 7.700, Length: 8, Loss: 1.0304, Epsilon: 0.100
2026-03-17 06:25:52 | INFO | Episode  235 - Reward: 6.900, Length: 12, Loss: 0.8202, Epsilon: 0.100
2026-03-17 06:25:53 | INFO | Episode  236 - Reward: 9.650, Length: 8, Loss: 0.9513, Epsilon: 0.100
2026-03-17 06:25:54 | INFO | Episode  237 - Reward: 9.650, Length: 8, Loss: 0.1623, Epsilon: 0.100
2026-03-17 06:25:55 | INFO | Episode  238 - Reward: 7.700, Length: 8, Loss: 1.1009, Epsilon: 0.100
2026-03-17 06:25:56 | INFO | Episode  239 - Reward: -8.000, Length: 40, Loss: 1.0901, Epsilon: 0.100
2026-03-17 06:25:57 | INFO | Episode  240 - Reward: -9.950, Length: 40, Loss: 1.1451, Epsilon: 0.100
2026-03-17 06:25:59 | INFO | Episode  241 - Reward: 9.650, Length: 8, Loss: 0.5564, Epsilon: 0.100
2026-03-17 06:26:00 | INFO | Episode  242 - Reward: 9.450, Length: 9, Loss: 0.5592, Epsilon: 0.100
2026-03-17 06:26:01 | INFO | Episode  243 - Reward: 7.400, Length: 11, Loss: 0.8223, Epsilon: 0.100
2026-03-17 06:26:02 | INFO | Episode  244 - Reward: 9.450, Length: 9, Loss: 1.1054, Epsilon: 0.100
2026-03-17 06:26:03 | INFO | Episode  245 - Reward: 9.650, Length: 8, Loss: 0.4047, Epsilon: 0.100
2026-03-17 06:26:04 | INFO | Episode  246 - Reward: 7.500, Length: 12, Loss: 0.6402, Epsilon: 0.100
2026-03-17 06:26:06 | INFO | Episode  247 - Reward: 9.650, Length: 8, Loss: 1.0102, Epsilon: 0.100
2026-03-17 06:26:07 | INFO | Episode  248 - Reward: -6.950, Length: 40, Loss: 0.3264, Epsilon: 0.100
2026-03-17 06:26:08 | INFO | Episode  249 - Reward: 7.600, Length: 10, Loss: 0.8041, Epsilon: 0.100
2026-03-17 06:26:09 | INFO | Episode  250 - Reward: 9.550, Length: 10, Loss: 1.2334, Epsilon: 0.100
2026-03-17 06:26:12 | INFO | [Episode  250] eps=0.100  avg_reward=   5.162  avg_length= 16.70  avg_loss=  0.7108  eval_success=1.000
