2026-03-17 07:06:25 | INFO | ============================================================
2026-03-17 07:06:25 | INFO | DEVICE / COMPUTE INFORMATION
2026-03-17 07:06:25 | INFO |   JAX backend       : GPU
2026-03-17 07:06:25 | INFO |   Platform          : gpu
2026-03-17 07:06:25 | INFO |   Num devices       : 1
2026-03-17 07:06:25 | INFO |   Device            : cuda:0
2026-03-17 07:06:25 | INFO |   GPU name          : NVIDIA GeForce RTX 5060 Laptop GPU
2026-03-17 07:06:25 | INFO | ============================================================
2026-03-17 07:06:25 | INFO | ✓ JAX GPU backend confirmed.
2026-03-17 07:06:25 | INFO | DQN seed=8_gamma=0.9_lr=0.001
2026-03-17 07:06:27 | INFO | Episode    1 - Reward: -4.700, Length: 40, Loss: 0.0000, Epsilon: 0.991
2026-03-17 07:06:28 | INFO | Episode    2 - Reward: 3.250, Length: 28, Loss: 0.0000, Epsilon: 0.982
2026-03-17 07:06:29 | INFO | Episode    3 - Reward: 6.200, Length: 23, Loss: 0.0000, Epsilon: 0.973
2026-03-17 07:06:33 | INFO | Episode    4 - Reward: -5.150, Length: 40, Loss: 1.6221, Epsilon: 0.964
2026-03-17 07:06:34 | INFO | Episode    5 - Reward: 8.350, Length: 16, Loss: 0.8086, Epsilon: 0.955
2026-03-17 07:06:35 | INFO | Episode    6 - Reward: -5.000, Length: 40, Loss: 0.0907, Epsilon: 0.946
2026-03-17 07:06:36 | INFO | Episode    7 - Reward: -3.950, Length: 40, Loss: 1.5635, Epsilon: 0.937
2026-03-17 07:06:38 | INFO | Episode    8 - Reward: -5.900, Length: 40, Loss: 2.2809, Epsilon: 0.928
2026-03-17 07:06:39 | INFO | Episode    9 - Reward: -5.000, Length: 40, Loss: 0.0732, Epsilon: 0.919
2026-03-17 07:06:40 | INFO | Episode   10 - Reward: -4.700, Length: 40, Loss: 1.5435, Epsilon: 0.910
2026-03-17 07:06:41 | INFO | Episode   11 - Reward: -6.050, Length: 40, Loss: 1.5426, Epsilon: 0.901
2026-03-17 07:06:42 | INFO | Episode   12 - Reward: -3.650, Length: 40, Loss: 0.1248, Epsilon: 0.892
2026-03-17 07:06:43 | INFO | Episode   13 - Reward: -3.650, Length: 40, Loss: 2.2440, Epsilon: 0.883
2026-03-17 07:06:44 | INFO | Episode   14 - Reward: -5.450, Length: 40, Loss: 0.7669, Epsilon: 0.874
2026-03-17 07:06:45 | INFO | Episode   15 - Reward: -9.350, Length: 40, Loss: 0.7918, Epsilon: 0.865
2026-03-17 07:06:46 | INFO | Episode   16 - Reward: 6.250, Length: 34, Loss: 0.1021, Epsilon: 0.856
2026-03-17 07:06:47 | INFO | Episode   17 - Reward: 3.750, Length: 33, Loss: 0.0930, Epsilon: 0.847
2026-03-17 07:06:48 | INFO | Episode   18 - Reward: 7.650, Length: 27, Loss: 0.0756, Epsilon: 0.838
2026-03-17 07:06:49 | INFO | Episode   19 - Reward: -4.700, Length: 40, Loss: 0.8845, Epsilon: 0.829
2026-03-17 07:06:50 | INFO | Episode   20 - Reward: -4.550, Length: 40, Loss: 2.2793, Epsilon: 0.820
2026-03-17 07:06:51 | INFO | Episode   21 - Reward: -6.050, Length: 40, Loss: 0.8042, Epsilon: 0.811
2026-03-17 07:06:52 | INFO | Episode   22 - Reward: -8.150, Length: 40, Loss: 0.1085, Epsilon: 0.802
2026-03-17 07:06:53 | INFO | Episode   23 - Reward: -4.700, Length: 40, Loss: 1.4996, Epsilon: 0.793
2026-03-17 07:06:54 | INFO | Episode   24 - Reward: -5.600, Length: 40, Loss: 2.2270, Epsilon: 0.784
2026-03-17 07:06:56 | INFO | Episode   25 - Reward: 8.450, Length: 17, Loss: 0.0875, Epsilon: 0.775
2026-03-17 07:06:57 | INFO | Episode   26 - Reward: 2.300, Length: 26, Loss: 0.0878, Epsilon: 0.766
2026-03-17 07:06:58 | INFO | Episode   27 - Reward: -7.550, Length: 40, Loss: 2.2303, Epsilon: 0.757
2026-03-17 07:06:59 | INFO | Episode   28 - Reward: 8.350, Length: 22, Loss: 1.4787, Epsilon: 0.748
2026-03-17 07:07:00 | INFO | Episode   29 - Reward: 5.950, Length: 34, Loss: 1.5228, Epsilon: 0.739
2026-03-17 07:07:01 | INFO | Episode   30 - Reward: 4.150, Length: 25, Loss: 2.2687, Epsilon: 0.730
2026-03-17 07:07:02 | INFO | Episode   31 - Reward: 5.800, Length: 25, Loss: 0.8204, Epsilon: 0.721
2026-03-17 07:07:03 | INFO | Episode   32 - Reward: 6.800, Length: 14, Loss: 2.1963, Epsilon: 0.712
2026-03-17 07:07:04 | INFO | Episode   33 - Reward: 7.550, Length: 29, Loss: 0.9000, Epsilon: 0.703
2026-03-17 07:07:05 | INFO | Episode   34 - Reward: -8.300, Length: 40, Loss: 2.9216, Epsilon: 0.694
2026-03-17 07:07:06 | INFO | Episode   35 - Reward: 7.950, Length: 24, Loss: 0.7809, Epsilon: 0.685
2026-03-17 07:07:07 | INFO | Episode   36 - Reward: 8.050, Length: 25, Loss: 3.0209, Epsilon: 0.676
2026-03-17 07:07:09 | INFO | Episode   37 - Reward: 7.850, Length: 23, Loss: 0.7775, Epsilon: 0.667
2026-03-17 07:07:10 | INFO | Episode   38 - Reward: 4.300, Length: 37, Loss: 0.1127, Epsilon: 0.658
2026-03-17 07:07:11 | INFO | Episode   39 - Reward: 8.650, Length: 19, Loss: 0.8749, Epsilon: 0.649
2026-03-17 07:07:12 | INFO | Episode   40 - Reward: -6.500, Length: 40, Loss: 2.9689, Epsilon: 0.640
2026-03-17 07:07:13 | INFO | Episode   41 - Reward: -6.950, Length: 40, Loss: 0.0384, Epsilon: 0.631
2026-03-17 07:07:14 | INFO | Episode   42 - Reward: -6.500, Length: 40, Loss: 2.2239, Epsilon: 0.622
2026-03-17 07:07:15 | INFO | Episode   43 - Reward: 6.000, Length: 18, Loss: 0.7689, Epsilon: 0.613
2026-03-17 07:07:16 | INFO | Episode   44 - Reward: -8.150, Length: 40, Loss: 0.8120, Epsilon: 0.604
2026-03-17 07:07:16 | INFO | Episode   45 - Reward: 7.850, Length: 23, Loss: 2.2037, Epsilon: 0.595
2026-03-17 07:07:18 | INFO | Episode   46 - Reward: -4.850, Length: 40, Loss: 0.7309, Epsilon: 0.586
2026-03-17 07:07:19 | INFO | Episode   47 - Reward: 5.900, Length: 20, Loss: 2.1344, Epsilon: 0.577
2026-03-17 07:07:20 | INFO | Episode   48 - Reward: 7.000, Length: 16, Loss: 1.5049, Epsilon: 0.568
2026-03-17 07:07:21 | INFO | Episode   49 - Reward: 7.550, Length: 26, Loss: 0.1522, Epsilon: 0.559
2026-03-17 07:07:22 | INFO | Episode   50 - Reward: 2.150, Length: 35, Loss: 1.5088, Epsilon: 0.550
2026-03-17 07:07:38 | INFO | [Episode   50] eps=0.550  avg_reward=   0.259  avg_length= 32.38  avg_loss=  1.1331  eval_success=0.000
2026-03-17 07:07:40 | INFO | Episode   51 - Reward: 5.350, Length: 37, Loss: 0.0479, Epsilon: 0.541
2026-03-17 07:07:41 | INFO | Episode   52 - Reward: -8.750, Length: 40, Loss: 3.0217, Epsilon: 0.532
2026-03-17 07:07:42 | INFO | Episode   53 - Reward: -6.950, Length: 40, Loss: 0.0796, Epsilon: 0.523
2026-03-17 07:07:43 | INFO | Episode   54 - Reward: 6.800, Length: 14, Loss: 0.7736, Epsilon: 0.514
2026-03-17 07:07:44 | INFO | Episode   55 - Reward: -7.100, Length: 40, Loss: 1.5503, Epsilon: 0.505
2026-03-17 07:07:45 | INFO | Episode   56 - Reward: 5.350, Length: 40, Loss: 2.2018, Epsilon: 0.496
2026-03-17 07:07:46 | INFO | Episode   57 - Reward: -5.150, Length: 40, Loss: 0.8897, Epsilon: 0.487
2026-03-17 07:07:47 | INFO | Episode   58 - Reward: 5.000, Length: 26, Loss: 0.7608, Epsilon: 0.478
2026-03-17 07:07:48 | INFO | Episode   59 - Reward: 3.000, Length: 36, Loss: 4.9648, Epsilon: 0.469
2026-03-17 07:07:49 | INFO | Episode   60 - Reward: 2.850, Length: 24, Loss: 0.8114, Epsilon: 0.460
2026-03-17 07:07:50 | INFO | Episode   61 - Reward: 5.550, Length: 39, Loss: 1.5177, Epsilon: 0.451
2026-03-17 07:07:51 | INFO | Episode   62 - Reward: 4.000, Length: 34, Loss: 1.4487, Epsilon: 0.442
2026-03-17 07:07:52 | INFO | Episode   63 - Reward: -0.400, Length: 38, Loss: 0.7661, Epsilon: 0.433
2026-03-17 07:07:53 | INFO | Episode   64 - Reward: -7.100, Length: 40, Loss: 0.7855, Epsilon: 0.424
2026-03-17 07:07:54 | INFO | Episode   65 - Reward: 7.150, Length: 22, Loss: 2.1454, Epsilon: 0.415
2026-03-17 07:07:55 | INFO | Episode   66 - Reward: 3.500, Length: 32, Loss: 0.7819, Epsilon: 0.406
2026-03-17 07:07:56 | INFO | Episode   67 - Reward: -6.350, Length: 40, Loss: 0.1242, Epsilon: 0.397
2026-03-17 07:07:57 | INFO | Episode   68 - Reward: -9.350, Length: 40, Loss: 0.8405, Epsilon: 0.388
2026-03-17 07:07:58 | INFO | Episode   69 - Reward: -7.700, Length: 40, Loss: 0.7279, Epsilon: 0.379
2026-03-17 07:07:59 | INFO | Episode   70 - Reward: 4.450, Length: 16, Loss: 1.6321, Epsilon: 0.370
2026-03-17 07:08:00 | INFO | Episode   71 - Reward: -7.400, Length: 40, Loss: 2.9075, Epsilon: 0.361
2026-03-17 07:08:02 | INFO | Episode   72 - Reward: -6.650, Length: 40, Loss: 0.1870, Epsilon: 0.352
2026-03-17 07:08:03 | INFO | Episode   73 - Reward: -8.450, Length: 40, Loss: 1.5937, Epsilon: 0.343
2026-03-17 07:08:04 | INFO | Episode   74 - Reward: 5.900, Length: 20, Loss: 2.8251, Epsilon: 0.334
2026-03-17 07:08:05 | INFO | Episode   75 - Reward: -7.400, Length: 40, Loss: 0.8270, Epsilon: 0.325
2026-03-17 07:08:06 | INFO | Episode   76 - Reward: -6.500, Length: 40, Loss: 2.1620, Epsilon: 0.316
2026-03-17 07:08:07 | INFO | Episode   77 - Reward: 4.700, Length: 26, Loss: 0.7958, Epsilon: 0.307
2026-03-17 07:08:08 | INFO | Episode   78 - Reward: -7.400, Length: 40, Loss: 0.8904, Epsilon: 0.298
2026-03-17 07:08:09 | INFO | Episode   79 - Reward: -6.650, Length: 40, Loss: 0.0696, Epsilon: 0.289
2026-03-17 07:08:10 | INFO | Episode   80 - Reward: 9.050, Length: 11, Loss: 0.1445, Epsilon: 0.280
2026-03-17 07:08:11 | INFO | Episode   81 - Reward: -7.250, Length: 40, Loss: 2.9137, Epsilon: 0.271
2026-03-17 07:08:13 | INFO | Episode   82 - Reward: -11.450, Length: 40, Loss: 0.8553, Epsilon: 0.262
2026-03-17 07:08:14 | INFO | Episode   83 - Reward: 5.900, Length: 17, Loss: 0.8080, Epsilon: 0.253
2026-03-17 07:08:14 | INFO | Episode   84 - Reward: 5.250, Length: 36, Loss: 1.6114, Epsilon: 0.244
2026-03-17 07:08:15 | INFO | Episode   85 - Reward: 9.350, Length: 14, Loss: 4.3896, Epsilon: 0.235
2026-03-17 07:08:16 | INFO | Episode   86 - Reward: 5.900, Length: 23, Loss: 0.8090, Epsilon: 0.226
2026-03-17 07:08:17 | INFO | Episode   87 - Reward: 7.700, Length: 8, Loss: 2.1837, Epsilon: 0.217
2026-03-17 07:08:18 | INFO | Episode   88 - Reward: 6.700, Length: 13, Loss: 1.6501, Epsilon: 0.208
2026-03-17 07:08:19 | INFO | Episode   89 - Reward: -9.950, Length: 40, Loss: 1.6170, Epsilon: 0.199
2026-03-17 07:08:19 | INFO | Episode   90 - Reward: 9.150, Length: 12, Loss: 2.3023, Epsilon: 0.190
2026-03-17 07:08:20 | INFO | Episode   91 - Reward: 5.600, Length: 20, Loss: 0.7383, Epsilon: 0.181
2026-03-17 07:08:20 | INFO | Episode   92 - Reward: 9.650, Length: 8, Loss: 0.2101, Epsilon: 0.172
2026-03-17 07:08:21 | INFO | Episode   93 - Reward: 9.650, Length: 8, Loss: 2.2135, Epsilon: 0.163
2026-03-17 07:08:22 | INFO | Episode   94 - Reward: 9.650, Length: 8, Loss: 0.0913, Epsilon: 0.154
2026-03-17 07:08:23 | INFO | Episode   95 - Reward: 9.550, Length: 10, Loss: 0.0769, Epsilon: 0.145
2026-03-17 07:08:24 | INFO | Episode   96 - Reward: 9.150, Length: 15, Loss: 2.1021, Epsilon: 0.136
2026-03-17 07:08:25 | INFO | Episode   97 - Reward: 5.500, Length: 19, Loss: 1.5422, Epsilon: 0.127
2026-03-17 07:08:25 | INFO | Episode   98 - Reward: 9.650, Length: 8, Loss: 2.7931, Epsilon: 0.118
2026-03-17 07:08:26 | INFO | Episode   99 - Reward: 9.450, Length: 9, Loss: 2.7841, Epsilon: 0.109
2026-03-17 07:08:27 | INFO | Episode  100 - Reward: 9.550, Length: 10, Loss: 2.0956, Epsilon: 0.100
2026-03-17 07:08:40 | INFO | [Episode  100] eps=0.100  avg_reward=   1.441  avg_length= 27.46  avg_loss=  1.4412  eval_success=0.000
2026-03-17 07:08:40 | INFO | Episode  101 - Reward: -10.550, Length: 40, Loss: 0.1671, Epsilon: 0.100
2026-03-17 07:08:41 | INFO | Episode  102 - Reward: 6.300, Length: 15, Loss: 2.7583, Epsilon: 0.100
2026-03-17 07:08:42 | INFO | Episode  103 - Reward: -8.600, Length: 40, Loss: 2.2649, Epsilon: 0.100
2026-03-17 07:08:43 | INFO | Episode  104 - Reward: -8.750, Length: 40, Loss: 3.4496, Epsilon: 0.100
2026-03-17 07:08:44 | INFO | Episode  105 - Reward: 3.500, Length: 29, Loss: 2.0204, Epsilon: 0.100
2026-03-17 07:08:45 | INFO | Episode  106 - Reward: 4.100, Length: 26, Loss: 6.5520, Epsilon: 0.100
2026-03-17 07:08:46 | INFO | Episode  107 - Reward: 9.650, Length: 8, Loss: 0.0790, Epsilon: 0.100
2026-03-17 07:08:47 | INFO | Episode  108 - Reward: 9.450, Length: 9, Loss: 0.8213, Epsilon: 0.100
2026-03-17 07:08:47 | INFO | Episode  109 - Reward: 9.650, Length: 8, Loss: 2.7857, Epsilon: 0.100
2026-03-17 07:08:48 | INFO | Episode  110 - Reward: 9.650, Length: 8, Loss: 4.5716, Epsilon: 0.100
2026-03-17 07:08:49 | INFO | Episode  111 - Reward: 0.400, Length: 28, Loss: 2.8863, Epsilon: 0.100
2026-03-17 07:08:50 | INFO | Episode  112 - Reward: -9.800, Length: 40, Loss: 0.8308, Epsilon: 0.100
2026-03-17 07:08:51 | INFO | Episode  113 - Reward: 9.450, Length: 9, Loss: 2.2337, Epsilon: 0.100
2026-03-17 07:08:51 | INFO | Episode  114 - Reward: 9.550, Length: 10, Loss: 1.3595, Epsilon: 0.100
2026-03-17 07:08:52 | INFO | Episode  115 - Reward: 9.650, Length: 8, Loss: 1.5014, Epsilon: 0.100
2026-03-17 07:08:53 | INFO | Episode  116 - Reward: 9.550, Length: 10, Loss: 0.7723, Epsilon: 0.100
2026-03-17 07:08:53 | INFO | Episode  117 - Reward: 9.650, Length: 8, Loss: 0.1344, Epsilon: 0.100
2026-03-17 07:08:54 | INFO | Episode  118 - Reward: 9.650, Length: 8, Loss: 2.1880, Epsilon: 0.100
2026-03-17 07:08:55 | INFO | Episode  119 - Reward: 9.550, Length: 10, Loss: 4.1191, Epsilon: 0.100
2026-03-17 07:08:56 | INFO | Episode  120 - Reward: -10.550, Length: 40, Loss: 2.0415, Epsilon: 0.100
2026-03-17 07:08:57 | INFO | Episode  121 - Reward: 9.550, Length: 10, Loss: 1.3854, Epsilon: 0.100
2026-03-17 07:08:58 | INFO | Episode  122 - Reward: 9.650, Length: 8, Loss: 4.6662, Epsilon: 0.100
2026-03-17 07:08:58 | INFO | Episode  123 - Reward: -7.850, Length: 40, Loss: 1.5945, Epsilon: 0.100
2026-03-17 07:08:59 | INFO | Episode  124 - Reward: 9.450, Length: 9, Loss: 3.4568, Epsilon: 0.100
2026-03-17 07:09:00 | INFO | Episode  125 - Reward: -8.600, Length: 40, Loss: 2.1168, Epsilon: 0.100
2026-03-17 07:09:01 | INFO | Episode  126 - Reward: 9.650, Length: 8, Loss: 0.9355, Epsilon: 0.100
2026-03-17 07:09:02 | INFO | Episode  127 - Reward: 9.650, Length: 8, Loss: 3.3958, Epsilon: 0.100
2026-03-17 07:09:03 | INFO | Episode  128 - Reward: 9.650, Length: 8, Loss: 4.6882, Epsilon: 0.100
2026-03-17 07:09:03 | INFO | Episode  129 - Reward: 9.650, Length: 8, Loss: 0.8330, Epsilon: 0.100
2026-03-17 07:09:04 | INFO | Episode  130 - Reward: 9.650, Length: 8, Loss: 1.4554, Epsilon: 0.100
2026-03-17 07:09:05 | INFO | Episode  131 - Reward: 9.450, Length: 9, Loss: 2.6983, Epsilon: 0.100
2026-03-17 07:09:06 | INFO | Episode  132 - Reward: 9.650, Length: 8, Loss: 3.3330, Epsilon: 0.100
2026-03-17 07:09:07 | INFO | Episode  133 - Reward: 9.650, Length: 8, Loss: 2.0925, Epsilon: 0.100
2026-03-17 07:09:08 | INFO | Episode  134 - Reward: 9.650, Length: 8, Loss: 2.7894, Epsilon: 0.100
2026-03-17 07:09:09 | INFO | Episode  135 - Reward: 9.250, Length: 10, Loss: 3.3016, Epsilon: 0.100
2026-03-17 07:09:10 | INFO | Episode  136 - Reward: 9.350, Length: 11, Loss: 2.0893, Epsilon: 0.100
2026-03-17 07:09:10 | INFO | Episode  137 - Reward: 9.650, Length: 8, Loss: 1.4846, Epsilon: 0.100
2026-03-17 07:09:11 | INFO | Episode  138 - Reward: 9.650, Length: 8, Loss: 2.6392, Epsilon: 0.100
2026-03-17 07:09:12 | INFO | Episode  139 - Reward: 9.650, Length: 8, Loss: 3.3391, Epsilon: 0.100
2026-03-17 07:09:13 | INFO | Episode  140 - Reward: 3.800, Length: 29, Loss: 1.5005, Epsilon: 0.100
2026-03-17 07:09:14 | INFO | Episode  141 - Reward: 7.400, Length: 11, Loss: 1.3767, Epsilon: 0.100
2026-03-17 07:09:15 | INFO | Episode  142 - Reward: 9.550, Length: 10, Loss: 1.3775, Epsilon: 0.100
2026-03-17 07:09:16 | INFO | Episode  143 - Reward: 9.650, Length: 8, Loss: 3.2003, Epsilon: 0.100
2026-03-17 07:09:18 | INFO | Episode  144 - Reward: 9.450, Length: 9, Loss: 0.1184, Epsilon: 0.100
2026-03-17 07:09:19 | INFO | Episode  145 - Reward: 5.800, Length: 19, Loss: 3.1921, Epsilon: 0.100
2026-03-17 07:09:20 | INFO | Episode  146 - Reward: 9.650, Length: 8, Loss: 2.0168, Epsilon: 0.100
2026-03-17 07:09:21 | INFO | Episode  147 - Reward: 9.650, Length: 8, Loss: 5.1273, Epsilon: 0.100
2026-03-17 07:09:22 | INFO | Episode  148 - Reward: 9.550, Length: 10, Loss: 3.1555, Epsilon: 0.100
2026-03-17 07:09:22 | INFO | Episode  149 - Reward: 7.500, Length: 9, Loss: 1.9253, Epsilon: 0.100
2026-03-17 07:09:23 | INFO | Episode  150 - Reward: 9.650, Length: 8, Loss: 3.8709, Epsilon: 0.100
2026-03-17 07:09:27 | INFO | [Episode  150] eps=0.100  avg_reward=   6.191  avg_length= 14.96  avg_loss=  2.3739  eval_success=1.000
2026-03-17 07:09:28 | INFO | Episode  151 - Reward: 9.550, Length: 10, Loss: 4.8623, Epsilon: 0.100
2026-03-17 07:09:29 | INFO | Episode  152 - Reward: 7.500, Length: 9, Loss: 4.4109, Epsilon: 0.100
2026-03-17 07:09:30 | INFO | Episode  153 - Reward: 9.650, Length: 8, Loss: 4.4143, Epsilon: 0.100
2026-03-17 07:09:31 | INFO | Episode  154 - Reward: -8.600, Length: 40, Loss: 1.4651, Epsilon: 0.100
2026-03-17 07:09:32 | INFO | Episode  155 - Reward: 7.100, Length: 11, Loss: 2.5202, Epsilon: 0.100
2026-03-17 07:09:33 | INFO | Episode  156 - Reward: -8.600, Length: 40, Loss: 1.8552, Epsilon: 0.100
2026-03-17 07:09:34 | INFO | Episode  157 - Reward: 0.150, Length: 39, Loss: 1.3439, Epsilon: 0.100
2026-03-17 07:09:35 | INFO | Episode  158 - Reward: -10.400, Length: 40, Loss: 1.9419, Epsilon: 0.100
2026-03-17 07:09:36 | INFO | Episode  159 - Reward: 6.900, Length: 12, Loss: 2.6097, Epsilon: 0.100
2026-03-17 07:09:38 | INFO | Episode  160 - Reward: -8.450, Length: 40, Loss: 3.3531, Epsilon: 0.100
2026-03-17 07:09:39 | INFO | Episode  161 - Reward: 9.650, Length: 8, Loss: 3.0354, Epsilon: 0.100
2026-03-17 07:09:40 | INFO | Episode  162 - Reward: 9.650, Length: 8, Loss: 3.6580, Epsilon: 0.100
2026-03-17 07:09:41 | INFO | Episode  163 - Reward: 9.450, Length: 9, Loss: 2.4706, Epsilon: 0.100
2026-03-17 07:09:42 | INFO | Episode  164 - Reward: 9.650, Length: 8, Loss: 3.8049, Epsilon: 0.100
2026-03-17 07:09:43 | INFO | Episode  165 - Reward: -8.150, Length: 40, Loss: 1.3227, Epsilon: 0.100
2026-03-17 07:09:44 | INFO | Episode  166 - Reward: 9.450, Length: 9, Loss: 4.1197, Epsilon: 0.100
2026-03-17 07:09:45 | INFO | Episode  167 - Reward: 9.550, Length: 10, Loss: 4.7802, Epsilon: 0.100
2026-03-17 07:09:47 | INFO | Episode  168 - Reward: -8.300, Length: 40, Loss: 1.9748, Epsilon: 0.100
2026-03-17 07:09:48 | INFO | Episode  169 - Reward: -8.450, Length: 40, Loss: 1.8664, Epsilon: 0.100
2026-03-17 07:09:49 | INFO | Episode  170 - Reward: 9.650, Length: 8, Loss: 1.9007, Epsilon: 0.100
2026-03-17 07:09:50 | INFO | Episode  171 - Reward: 9.550, Length: 10, Loss: 2.8986, Epsilon: 0.100
2026-03-17 07:09:51 | INFO | Episode  172 - Reward: -10.250, Length: 40, Loss: 2.5390, Epsilon: 0.100
2026-03-17 07:09:52 | INFO | Episode  173 - Reward: 9.650, Length: 8, Loss: 1.8752, Epsilon: 0.100
2026-03-17 07:09:53 | INFO | Episode  174 - Reward: 9.650, Length: 8, Loss: 2.4971, Epsilon: 0.100
2026-03-17 07:09:53 | INFO | Episode  175 - Reward: 9.550, Length: 10, Loss: 1.8719, Epsilon: 0.100
2026-03-17 07:09:54 | INFO | Episode  176 - Reward: 9.650, Length: 8, Loss: 4.0892, Epsilon: 0.100
2026-03-17 07:09:55 | INFO | Episode  177 - Reward: 9.650, Length: 8, Loss: 3.3405, Epsilon: 0.100
2026-03-17 07:09:57 | INFO | Episode  178 - Reward: 7.200, Length: 12, Loss: 1.9062, Epsilon: 0.100
2026-03-17 07:09:58 | INFO | Episode  179 - Reward: 3.300, Length: 30, Loss: 1.9706, Epsilon: 0.100
2026-03-17 07:09:59 | INFO | Episode  180 - Reward: 9.650, Length: 8, Loss: 2.8069, Epsilon: 0.100
2026-03-17 07:10:00 | INFO | Episode  181 - Reward: 4.500, Length: 24, Loss: 4.5646, Epsilon: 0.100
2026-03-17 07:10:01 | INFO | Episode  182 - Reward: -8.600, Length: 40, Loss: 1.8882, Epsilon: 0.100
2026-03-17 07:10:02 | INFO | Episode  183 - Reward: 9.450, Length: 9, Loss: 2.9345, Epsilon: 0.100
2026-03-17 07:10:03 | INFO | Episode  184 - Reward: 9.650, Length: 8, Loss: 2.4480, Epsilon: 0.100
2026-03-17 07:10:04 | INFO | Episode  185 - Reward: 9.450, Length: 9, Loss: 3.7736, Epsilon: 0.100
2026-03-17 07:10:06 | INFO | Episode  186 - Reward: 9.650, Length: 8, Loss: 1.4659, Epsilon: 0.100
2026-03-17 07:10:07 | INFO | Episode  187 - Reward: 8.850, Length: 12, Loss: 1.8575, Epsilon: 0.100
2026-03-17 07:10:08 | INFO | Episode  188 - Reward: 9.250, Length: 10, Loss: 1.3225, Epsilon: 0.100
2026-03-17 07:10:09 | INFO | Episode  189 - Reward: 9.650, Length: 8, Loss: 0.7145, Epsilon: 0.100
2026-03-17 07:10:10 | INFO | Episode  190 - Reward: -5.900, Length: 40, Loss: 3.1022, Epsilon: 0.100
2026-03-17 07:10:11 | INFO | Episode  191 - Reward: -7.100, Length: 40, Loss: 0.1969, Epsilon: 0.100
2026-03-17 07:10:12 | INFO | Episode  192 - Reward: -7.400, Length: 40, Loss: 3.9743, Epsilon: 0.100
2026-03-17 07:10:13 | INFO | Episode  193 - Reward: 6.250, Length: 25, Loss: 4.5571, Epsilon: 0.100
2026-03-17 07:10:14 | INFO | Episode  194 - Reward: -7.400, Length: 40, Loss: 2.8714, Epsilon: 0.100
2026-03-17 07:10:15 | INFO | Episode  195 - Reward: -6.800, Length: 40, Loss: 0.7417, Epsilon: 0.100
2026-03-17 07:10:17 | INFO | Episode  196 - Reward: 8.250, Length: 18, Loss: 2.9674, Epsilon: 0.100
2026-03-17 07:10:18 | INFO | Episode  197 - Reward: -6.950, Length: 40, Loss: 2.3367, Epsilon: 0.100
2026-03-17 07:10:19 | INFO | Episode  198 - Reward: -7.100, Length: 40, Loss: 4.5870, Epsilon: 0.100
2026-03-17 07:10:20 | INFO | Episode  199 - Reward: -7.100, Length: 40, Loss: 3.2528, Epsilon: 0.100
2026-03-17 07:10:21 | INFO | Episode  200 - Reward: 6.150, Length: 27, Loss: 2.3177, Epsilon: 0.100
2026-03-17 07:10:24 | INFO | [Episode  200] eps=0.100  avg_reward=   2.826  avg_length= 21.78  avg_loss=  2.7076  eval_success=1.000
2026-03-17 07:10:25 | INFO | Episode  201 - Reward: 9.650, Length: 8, Loss: 1.7635, Epsilon: 0.100
2026-03-17 07:10:26 | INFO | Episode  202 - Reward: 9.650, Length: 8, Loss: 4.0431, Epsilon: 0.100
2026-03-17 07:10:27 | INFO | Episode  203 - Reward: 9.450, Length: 9, Loss: 4.2942, Epsilon: 0.100
2026-03-17 07:10:28 | INFO | Episode  204 - Reward: 9.650, Length: 8, Loss: 3.8492, Epsilon: 0.100
2026-03-17 07:10:29 | INFO | Episode  205 - Reward: 9.650, Length: 8, Loss: 2.2194, Epsilon: 0.100
2026-03-17 07:10:30 | INFO | Episode  206 - Reward: 4.050, Length: 18, Loss: 1.3197, Epsilon: 0.100
2026-03-17 07:10:32 | INFO | Episode  207 - Reward: 9.550, Length: 10, Loss: 3.5346, Epsilon: 0.100
2026-03-17 07:10:33 | INFO | Episode  208 - Reward: -10.400, Length: 40, Loss: 2.8991, Epsilon: 0.100
2026-03-17 07:10:34 | INFO | Episode  209 - Reward: 9.550, Length: 10, Loss: 2.1776, Epsilon: 0.100
2026-03-17 07:10:35 | INFO | Episode  210 - Reward: 9.250, Length: 10, Loss: 3.2085, Epsilon: 0.100
2026-03-17 07:10:36 | INFO | Episode  211 - Reward: -8.750, Length: 40, Loss: 4.2212, Epsilon: 0.100
2026-03-17 07:10:37 | INFO | Episode  212 - Reward: -8.600, Length: 40, Loss: 5.6568, Epsilon: 0.100
2026-03-17 07:10:38 | INFO | Episode  213 - Reward: -8.000, Length: 40, Loss: 1.2791, Epsilon: 0.100
2026-03-17 07:10:39 | INFO | Episode  214 - Reward: 1.650, Length: 30, Loss: 3.3233, Epsilon: 0.100
2026-03-17 07:10:40 | INFO | Episode  215 - Reward: -8.600, Length: 40, Loss: 1.6577, Epsilon: 0.100
2026-03-17 07:10:41 | INFO | Episode  216 - Reward: 0.400, Length: 28, Loss: 2.2000, Epsilon: 0.100
2026-03-17 07:10:42 | INFO | Episode  217 - Reward: -12.050, Length: 40, Loss: 2.8173, Epsilon: 0.100
2026-03-17 07:10:44 | INFO | Episode  218 - Reward: -10.550, Length: 40, Loss: 2.7808, Epsilon: 0.100
2026-03-17 07:10:45 | INFO | Episode  219 - Reward: 3.700, Length: 28, Loss: 2.1263, Epsilon: 0.100
2026-03-17 07:10:46 | INFO | Episode  220 - Reward: 6.700, Length: 13, Loss: 4.2481, Epsilon: 0.100
2026-03-17 07:10:47 | INFO | Episode  221 - Reward: -9.650, Length: 40, Loss: 2.8042, Epsilon: 0.100
2026-03-17 07:10:47 | INFO | Episode  222 - Reward: 3.100, Length: 31, Loss: 2.8288, Epsilon: 0.100
2026-03-17 07:10:48 | INFO | Episode  223 - Reward: -1.600, Length: 38, Loss: 4.1503, Epsilon: 0.100
2026-03-17 07:10:49 | INFO | Episode  224 - Reward: -8.900, Length: 40, Loss: 6.0373, Epsilon: 0.100
2026-03-17 07:10:50 | INFO | Episode  225 - Reward: 9.650, Length: 8, Loss: 2.5686, Epsilon: 0.100
2026-03-17 07:10:51 | INFO | Episode  226 - Reward: 7.100, Length: 11, Loss: 1.7861, Epsilon: 0.100
2026-03-17 07:10:52 | INFO | Episode  227 - Reward: -0.100, Length: 32, Loss: 2.3237, Epsilon: 0.100
2026-03-17 07:10:52 | INFO | Episode  228 - Reward: 6.900, Length: 12, Loss: 1.5371, Epsilon: 0.100
2026-03-17 07:10:53 | INFO | Episode  229 - Reward: 7.300, Length: 10, Loss: 3.7092, Epsilon: 0.100
2026-03-17 07:10:54 | INFO | Episode  230 - Reward: -8.750, Length: 40, Loss: 4.0687, Epsilon: 0.100
2026-03-17 07:10:55 | INFO | Episode  231 - Reward: 2.900, Length: 32, Loss: 2.3331, Epsilon: 0.100
2026-03-17 07:10:56 | INFO | Episode  232 - Reward: -8.600, Length: 40, Loss: 2.2564, Epsilon: 0.100
2026-03-17 07:10:56 | INFO | Episode  233 - Reward: -9.650, Length: 40, Loss: 1.7069, Epsilon: 0.100
2026-03-17 07:10:57 | INFO | Episode  234 - Reward: 1.500, Length: 39, Loss: 1.2566, Epsilon: 0.100
2026-03-17 07:10:58 | INFO | Episode  235 - Reward: 9.650, Length: 8, Loss: 2.4882, Epsilon: 0.100
2026-03-17 07:10:59 | INFO | Episode  236 - Reward: -8.450, Length: 40, Loss: 1.7278, Epsilon: 0.100
2026-03-17 07:10:59 | INFO | Episode  237 - Reward: -10.550, Length: 40, Loss: 2.5912, Epsilon: 0.100
2026-03-17 07:11:00 | INFO | Episode  238 - Reward: -8.900, Length: 40, Loss: 3.7473, Epsilon: 0.100
2026-03-17 07:11:01 | INFO | Episode  239 - Reward: 6.100, Length: 16, Loss: 2.7552, Epsilon: 0.100
2026-03-17 07:11:02 | INFO | Episode  240 - Reward: -8.300, Length: 40, Loss: 3.4798, Epsilon: 0.100
2026-03-17 07:11:03 | INFO | Episode  241 - Reward: 6.800, Length: 14, Loss: 3.2224, Epsilon: 0.100
2026-03-17 07:11:04 | INFO | Episode  242 - Reward: -10.400, Length: 40, Loss: 1.5725, Epsilon: 0.100
2026-03-17 07:11:05 | INFO | Episode  243 - Reward: -8.900, Length: 40, Loss: 2.0370, Epsilon: 0.100
2026-03-17 07:11:05 | INFO | Episode  244 - Reward: 6.500, Length: 14, Loss: 3.9719, Epsilon: 0.100
2026-03-17 07:11:06 | INFO | Episode  245 - Reward: 4.100, Length: 26, Loss: 1.6407, Epsilon: 0.100
2026-03-17 07:11:07 | INFO | Episode  246 - Reward: -8.750, Length: 40, Loss: 2.0254, Epsilon: 0.100
2026-03-17 07:11:08 | INFO | Episode  247 - Reward: 9.650, Length: 8, Loss: 1.7567, Epsilon: 0.100
2026-03-17 07:11:09 | INFO | Episode  248 - Reward: 9.650, Length: 8, Loss: 2.4025, Epsilon: 0.100
2026-03-17 07:11:10 | INFO | Episode  249 - Reward: 9.650, Length: 8, Loss: 1.7602, Epsilon: 0.100
2026-03-17 07:11:11 | INFO | Episode  250 - Reward: 9.650, Length: 8, Loss: 0.7793, Epsilon: 0.100
2026-03-17 07:11:13 | INFO | [Episode  250] eps=0.100  avg_reward=   0.493  avg_length= 25.42  avg_loss=  2.7389  eval_success=1.000
