2026-03-17 06:55:12 | INFO | ============================================================
2026-03-17 06:55:12 | INFO | DEVICE / COMPUTE INFORMATION
2026-03-17 06:55:12 | INFO |   JAX backend       : GPU
2026-03-17 06:55:12 | INFO |   Platform          : gpu
2026-03-17 06:55:12 | INFO |   Num devices       : 1
2026-03-17 06:55:12 | INFO |   Device            : cuda:0
2026-03-17 06:55:12 | INFO |   GPU name          : NVIDIA GeForce RTX 5060 Laptop GPU
2026-03-17 06:55:12 | INFO | ============================================================
2026-03-17 06:55:12 | INFO | ✓ JAX GPU backend confirmed.
2026-03-17 06:55:12 | INFO | DQN seed=8_gamma=0.9_lr=0.1
2026-03-17 06:55:15 | INFO | Episode    1 - Reward: -4.700, Length: 40, Loss: 0.0000, Epsilon: 0.991
2026-03-17 06:55:16 | INFO | Episode    2 - Reward: 3.250, Length: 28, Loss: 0.0000, Epsilon: 0.982
2026-03-17 06:55:17 | INFO | Episode    3 - Reward: 6.200, Length: 23, Loss: 0.0000, Epsilon: 0.973
2026-03-17 06:55:22 | INFO | Episode    4 - Reward: -5.150, Length: 40, Loss: 1.5952, Epsilon: 0.964
2026-03-17 06:55:23 | INFO | Episode    5 - Reward: 8.350, Length: 16, Loss: 0.7171, Epsilon: 0.955
2026-03-17 06:55:25 | INFO | Episode    6 - Reward: -6.800, Length: 40, Loss: 0.2117, Epsilon: 0.946
2026-03-17 06:55:26 | INFO | Episode    7 - Reward: -3.950, Length: 40, Loss: 1.4718, Epsilon: 0.937
2026-03-17 06:55:27 | INFO | Episode    8 - Reward: -5.600, Length: 40, Loss: 1.9590, Epsilon: 0.928
2026-03-17 06:55:28 | INFO | Episode    9 - Reward: -5.150, Length: 40, Loss: 0.1271, Epsilon: 0.919
2026-03-17 06:55:29 | INFO | Episode   10 - Reward: -5.000, Length: 40, Loss: 1.1192, Epsilon: 0.910
2026-03-17 06:55:30 | INFO | Episode   11 - Reward: -5.750, Length: 40, Loss: 0.9809, Epsilon: 0.901
2026-03-17 06:55:31 | INFO | Episode   12 - Reward: -9.500, Length: 40, Loss: 0.3293, Epsilon: 0.892
2026-03-17 06:55:32 | INFO | Episode   13 - Reward: 2.550, Length: 39, Loss: 1.0796, Epsilon: 0.883
2026-03-17 06:55:33 | INFO | Episode   14 - Reward: 6.150, Length: 33, Loss: 1.0941, Epsilon: 0.874
2026-03-17 06:55:34 | INFO | Episode   15 - Reward: -9.050, Length: 40, Loss: 0.6669, Epsilon: 0.865
2026-03-17 06:55:35 | INFO | Episode   16 - Reward: 6.050, Length: 35, Loss: 0.2493, Epsilon: 0.856
2026-03-17 06:55:37 | INFO | Episode   17 - Reward: -9.200, Length: 40, Loss: 0.1713, Epsilon: 0.847
2026-03-17 06:55:38 | INFO | Episode   18 - Reward: 7.650, Length: 27, Loss: 0.6608, Epsilon: 0.838
2026-03-17 06:55:39 | INFO | Episode   19 - Reward: -4.700, Length: 40, Loss: 0.6716, Epsilon: 0.829
2026-03-17 06:55:40 | INFO | Episode   20 - Reward: -4.550, Length: 40, Loss: 0.1916, Epsilon: 0.820
2026-03-17 06:55:41 | INFO | Episode   21 - Reward: -6.050, Length: 40, Loss: 0.5093, Epsilon: 0.811
2026-03-17 06:55:42 | INFO | Episode   22 - Reward: -4.700, Length: 40, Loss: 0.0691, Epsilon: 0.802
2026-03-17 06:55:43 | INFO | Episode   23 - Reward: 6.650, Length: 35, Loss: 0.1805, Epsilon: 0.793
2026-03-17 06:55:44 | INFO | Episode   24 - Reward: -5.600, Length: 40, Loss: 0.1840, Epsilon: 0.784
2026-03-17 06:55:44 | INFO | Episode   25 - Reward: 8.450, Length: 17, Loss: 0.5629, Epsilon: 0.775
2026-03-17 06:55:45 | INFO | Episode   26 - Reward: -4.700, Length: 40, Loss: 0.1342, Epsilon: 0.766
2026-03-17 06:55:47 | INFO | Episode   27 - Reward: -4.100, Length: 40, Loss: 0.1233, Epsilon: 0.757
2026-03-17 06:55:48 | INFO | Episode   28 - Reward: -5.450, Length: 40, Loss: 0.6084, Epsilon: 0.748
2026-03-17 06:55:49 | INFO | Episode   29 - Reward: 5.950, Length: 34, Loss: 0.9847, Epsilon: 0.739
2026-03-17 06:55:50 | INFO | Episode   30 - Reward: 4.150, Length: 25, Loss: 0.1755, Epsilon: 0.730
2026-03-17 06:55:51 | INFO | Episode   31 - Reward: 0.700, Length: 34, Loss: 0.5993, Epsilon: 0.721
2026-03-17 06:55:52 | INFO | Episode   32 - Reward: 6.450, Length: 33, Loss: 0.4161, Epsilon: 0.712
2026-03-17 06:55:53 | INFO | Episode   33 - Reward: 6.250, Length: 37, Loss: 0.7756, Epsilon: 0.703
2026-03-17 06:55:54 | INFO | Episode   34 - Reward: -6.200, Length: 40, Loss: 0.7056, Epsilon: 0.694
2026-03-17 06:55:55 | INFO | Episode   35 - Reward: 7.950, Length: 24, Loss: 0.2803, Epsilon: 0.685
2026-03-17 06:55:56 | INFO | Episode   36 - Reward: -6.350, Length: 40, Loss: 0.2044, Epsilon: 0.676
2026-03-17 06:55:58 | INFO | Episode   37 - Reward: 7.850, Length: 23, Loss: 0.1863, Epsilon: 0.667
2026-03-17 06:55:59 | INFO | Episode   38 - Reward: -4.250, Length: 40, Loss: 0.1041, Epsilon: 0.658
2026-03-17 06:56:00 | INFO | Episode   39 - Reward: -4.250, Length: 40, Loss: 0.0543, Epsilon: 0.649
2026-03-17 06:56:01 | INFO | Episode   40 - Reward: -8.600, Length: 40, Loss: 0.9531, Epsilon: 0.640
2026-03-17 06:56:02 | INFO | Episode   41 - Reward: -5.150, Length: 40, Loss: 0.3914, Epsilon: 0.631
2026-03-17 06:56:03 | INFO | Episode   42 - Reward: -6.200, Length: 40, Loss: 0.4681, Epsilon: 0.622
2026-03-17 06:56:04 | INFO | Episode   43 - Reward: 6.000, Length: 18, Loss: 0.9222, Epsilon: 0.613
2026-03-17 06:56:05 | INFO | Episode   44 - Reward: -5.900, Length: 40, Loss: 1.4185, Epsilon: 0.604
2026-03-17 06:56:06 | INFO | Episode   45 - Reward: 8.350, Length: 22, Loss: 0.3795, Epsilon: 0.595
2026-03-17 06:56:08 | INFO | Episode   46 - Reward: 6.250, Length: 40, Loss: 0.8516, Epsilon: 0.586
2026-03-17 06:56:09 | INFO | Episode   47 - Reward: 7.300, Length: 13, Loss: 1.1687, Epsilon: 0.577
2026-03-17 06:56:10 | INFO | Episode   48 - Reward: -0.950, Length: 31, Loss: 1.1399, Epsilon: 0.568
2026-03-17 06:56:11 | INFO | Episode   49 - Reward: -6.050, Length: 40, Loss: 0.7782, Epsilon: 0.559
2026-03-17 06:56:12 | INFO | Episode   50 - Reward: -5.600, Length: 40, Loss: 0.7479, Epsilon: 0.550
2026-03-17 06:56:27 | INFO | [Episode   50] eps=0.550  avg_reward=  -0.934  avg_length= 34.94  avg_loss=  0.5875  eval_success=0.000
2026-03-17 06:56:28 | INFO | Episode   51 - Reward: 7.650, Length: 24, Loss: 0.3175, Epsilon: 0.541
2026-03-17 06:56:29 | INFO | Episode   52 - Reward: -6.650, Length: 40, Loss: 0.6061, Epsilon: 0.532
2026-03-17 06:56:30 | INFO | Episode   53 - Reward: -5.900, Length: 40, Loss: 0.6510, Epsilon: 0.523
2026-03-17 06:56:31 | INFO | Episode   54 - Reward: 9.150, Length: 12, Loss: 0.4543, Epsilon: 0.514
2026-03-17 06:56:32 | INFO | Episode   55 - Reward: -4.550, Length: 40, Loss: 0.3656, Epsilon: 0.505
2026-03-17 06:56:33 | INFO | Episode   56 - Reward: -5.750, Length: 40, Loss: 0.3734, Epsilon: 0.496
2026-03-17 06:56:34 | INFO | Episode   57 - Reward: -7.250, Length: 40, Loss: 0.5907, Epsilon: 0.487
2026-03-17 06:56:35 | INFO | Episode   58 - Reward: -4.400, Length: 40, Loss: 1.8235, Epsilon: 0.478
2026-03-17 06:56:37 | INFO | Episode   59 - Reward: -6.350, Length: 40, Loss: 0.4359, Epsilon: 0.469
2026-03-17 06:56:38 | INFO | Episode   60 - Reward: 3.300, Length: 36, Loss: 0.6606, Epsilon: 0.460
2026-03-17 06:56:39 | INFO | Episode   61 - Reward: 8.550, Length: 18, Loss: 0.8164, Epsilon: 0.451
2026-03-17 06:56:40 | INFO | Episode   62 - Reward: 8.650, Length: 19, Loss: 0.7717, Epsilon: 0.442
2026-03-17 06:56:41 | INFO | Episode   63 - Reward: -5.450, Length: 40, Loss: 0.2726, Epsilon: 0.433
2026-03-17 06:56:42 | INFO | Episode   64 - Reward: -6.800, Length: 40, Loss: 0.2610, Epsilon: 0.424
2026-03-17 06:56:43 | INFO | Episode   65 - Reward: 6.000, Length: 18, Loss: 0.8260, Epsilon: 0.415
2026-03-17 06:56:44 | INFO | Episode   66 - Reward: 4.600, Length: 28, Loss: 0.9911, Epsilon: 0.406
2026-03-17 06:56:45 | INFO | Episode   67 - Reward: -3.150, Length: 39, Loss: 1.0556, Epsilon: 0.397
2026-03-17 06:56:46 | INFO | Episode   68 - Reward: -9.350, Length: 40, Loss: 0.2761, Epsilon: 0.388
2026-03-17 06:56:47 | INFO | Episode   69 - Reward: 7.100, Length: 14, Loss: 0.9840, Epsilon: 0.379
2026-03-17 06:56:47 | INFO | Episode   70 - Reward: 5.850, Length: 30, Loss: 0.9762, Epsilon: 0.370
2026-03-17 06:56:49 | INFO | Episode   71 - Reward: -6.500, Length: 40, Loss: 1.2195, Epsilon: 0.361
2026-03-17 06:56:50 | INFO | Episode   72 - Reward: -5.600, Length: 40, Loss: 0.5308, Epsilon: 0.352
2026-03-17 06:56:51 | INFO | Episode   73 - Reward: -6.500, Length: 40, Loss: 0.5622, Epsilon: 0.343
2026-03-17 06:56:52 | INFO | Episode   74 - Reward: 6.200, Length: 20, Loss: 0.6850, Epsilon: 0.334
2026-03-17 06:56:53 | INFO | Episode   75 - Reward: -5.600, Length: 40, Loss: 0.6249, Epsilon: 0.325
2026-03-17 06:56:54 | INFO | Episode   76 - Reward: 7.100, Length: 11, Loss: 0.9706, Epsilon: 0.316
2026-03-17 06:56:55 | INFO | Episode   77 - Reward: 5.550, Length: 30, Loss: 0.9623, Epsilon: 0.307
2026-03-17 06:56:56 | INFO | Episode   78 - Reward: -8.000, Length: 40, Loss: 1.0508, Epsilon: 0.298
2026-03-17 06:56:57 | INFO | Episode   79 - Reward: -7.100, Length: 40, Loss: 1.2284, Epsilon: 0.289
2026-03-17 06:56:58 | INFO | Episode   80 - Reward: 7.200, Length: 12, Loss: 0.2803, Epsilon: 0.280
2026-03-17 06:56:59 | INFO | Episode   81 - Reward: -3.650, Length: 40, Loss: 0.9205, Epsilon: 0.271
2026-03-17 06:57:00 | INFO | Episode   82 - Reward: -5.600, Length: 40, Loss: 0.5744, Epsilon: 0.262
2026-03-17 06:57:02 | INFO | Episode   83 - Reward: -5.900, Length: 40, Loss: 0.4744, Epsilon: 0.253
2026-03-17 06:57:03 | INFO | Episode   84 - Reward: 9.250, Length: 10, Loss: 1.7560, Epsilon: 0.244
2026-03-17 06:57:04 | INFO | Episode   85 - Reward: 9.350, Length: 14, Loss: 1.3213, Epsilon: 0.235
2026-03-17 06:57:05 | INFO | Episode   86 - Reward: -6.050, Length: 40, Loss: 0.4583, Epsilon: 0.226
2026-03-17 06:57:06 | INFO | Episode   87 - Reward: -6.950, Length: 40, Loss: 1.1028, Epsilon: 0.217
2026-03-17 06:57:07 | INFO | Episode   88 - Reward: -8.900, Length: 40, Loss: 0.3546, Epsilon: 0.208
2026-03-17 06:57:07 | INFO | Episode   89 - Reward: -6.350, Length: 40, Loss: 0.6694, Epsilon: 0.199
2026-03-17 06:57:08 | INFO | Episode   90 - Reward: -6.500, Length: 40, Loss: 0.9015, Epsilon: 0.190
2026-03-17 06:57:09 | INFO | Episode   91 - Reward: -8.000, Length: 40, Loss: 0.2590, Epsilon: 0.181
2026-03-17 06:57:10 | INFO | Episode   92 - Reward: 0.650, Length: 35, Loss: 0.4894, Epsilon: 0.172
2026-03-17 06:57:11 | INFO | Episode   93 - Reward: -6.950, Length: 40, Loss: 0.7611, Epsilon: 0.163
2026-03-17 06:57:12 | INFO | Episode   94 - Reward: 9.650, Length: 8, Loss: 0.7011, Epsilon: 0.154
2026-03-17 06:57:12 | INFO | Episode   95 - Reward: 6.500, Length: 20, Loss: 0.3760, Epsilon: 0.145
2026-03-17 06:57:13 | INFO | Episode   96 - Reward: -5.450, Length: 40, Loss: 0.1689, Epsilon: 0.136
2026-03-17 06:57:14 | INFO | Episode   97 - Reward: 5.500, Length: 19, Loss: 0.3233, Epsilon: 0.127
2026-03-17 06:57:15 | INFO | Episode   98 - Reward: 4.250, Length: 17, Loss: 0.5825, Epsilon: 0.118
2026-03-17 06:57:16 | INFO | Episode   99 - Reward: 9.450, Length: 9, Loss: 0.2017, Epsilon: 0.109
2026-03-17 06:57:17 | INFO | Episode  100 - Reward: 9.150, Length: 12, Loss: 0.4400, Epsilon: 0.100
2026-03-17 06:57:28 | INFO | [Episode  100] eps=0.100  avg_reward=  -0.491  avg_length= 30.70  avg_loss=  0.6892  eval_success=0.000
2026-03-17 06:57:29 | INFO | Episode  101 - Reward: -7.850, Length: 40, Loss: 0.5067, Epsilon: 0.100
2026-03-17 06:57:30 | INFO | Episode  102 - Reward: -7.100, Length: 40, Loss: 0.2203, Epsilon: 0.100
2026-03-17 06:57:31 | INFO | Episode  103 - Reward: 2.850, Length: 24, Loss: 0.5616, Epsilon: 0.100
2026-03-17 06:57:32 | INFO | Episode  104 - Reward: -7.550, Length: 40, Loss: 0.3230, Epsilon: 0.100
2026-03-17 06:57:32 | INFO | Episode  105 - Reward: -10.550, Length: 40, Loss: 0.2022, Epsilon: 0.100
2026-03-17 06:57:33 | INFO | Episode  106 - Reward: -10.550, Length: 40, Loss: 0.5197, Epsilon: 0.100
2026-03-17 06:57:34 | INFO | Episode  107 - Reward: -7.550, Length: 40, Loss: 0.5540, Epsilon: 0.100
2026-03-17 06:57:35 | INFO | Episode  108 - Reward: -8.300, Length: 40, Loss: 0.5953, Epsilon: 0.100
2026-03-17 06:57:36 | INFO | Episode  109 - Reward: -6.950, Length: 40, Loss: 0.7119, Epsilon: 0.100
2026-03-17 06:57:37 | INFO | Episode  110 - Reward: -8.600, Length: 40, Loss: 0.3967, Epsilon: 0.100
2026-03-17 06:57:38 | INFO | Episode  111 - Reward: 9.650, Length: 8, Loss: 0.7561, Epsilon: 0.100
2026-03-17 06:57:38 | INFO | Episode  112 - Reward: -10.100, Length: 40, Loss: 0.3680, Epsilon: 0.100
2026-03-17 06:57:39 | INFO | Episode  113 - Reward: 7.500, Length: 9, Loss: 0.7865, Epsilon: 0.100
2026-03-17 06:57:40 | INFO | Episode  114 - Reward: -6.500, Length: 40, Loss: 0.6674, Epsilon: 0.100
2026-03-17 06:57:41 | INFO | Episode  115 - Reward: 9.650, Length: 8, Loss: 0.3363, Epsilon: 0.100
2026-03-17 06:57:42 | INFO | Episode  116 - Reward: 9.550, Length: 10, Loss: 1.0380, Epsilon: 0.100
2026-03-17 06:57:43 | INFO | Episode  117 - Reward: -6.500, Length: 40, Loss: 1.0112, Epsilon: 0.100
2026-03-17 06:57:43 | INFO | Episode  118 - Reward: 7.700, Length: 8, Loss: 0.4661, Epsilon: 0.100
2026-03-17 06:57:44 | INFO | Episode  119 - Reward: -7.850, Length: 40, Loss: 0.8391, Epsilon: 0.100
2026-03-17 06:57:45 | INFO | Episode  120 - Reward: -10.550, Length: 40, Loss: 0.2004, Epsilon: 0.100
2026-03-17 06:57:46 | INFO | Episode  121 - Reward: 9.550, Length: 10, Loss: 0.7002, Epsilon: 0.100
2026-03-17 06:57:47 | INFO | Episode  122 - Reward: -7.250, Length: 40, Loss: 0.8646, Epsilon: 0.100
2026-03-17 06:57:48 | INFO | Episode  123 - Reward: -7.850, Length: 40, Loss: 0.7574, Epsilon: 0.100
2026-03-17 06:57:49 | INFO | Episode  124 - Reward: 7.500, Length: 9, Loss: 1.1171, Epsilon: 0.100
2026-03-17 06:57:49 | INFO | Episode  125 - Reward: 7.600, Length: 10, Loss: 0.2991, Epsilon: 0.100
2026-03-17 06:57:50 | INFO | Episode  126 - Reward: 7.450, Length: 22, Loss: 0.5585, Epsilon: 0.100
2026-03-17 06:57:50 | INFO | Episode  127 - Reward: -6.800, Length: 40, Loss: 0.7330, Epsilon: 0.100
2026-03-17 06:57:51 | INFO | Episode  128 - Reward: -8.000, Length: 40, Loss: 0.9853, Epsilon: 0.100
2026-03-17 06:57:52 | INFO | Episode  129 - Reward: -3.950, Length: 40, Loss: 0.5785, Epsilon: 0.100
2026-03-17 06:57:53 | INFO | Episode  130 - Reward: -7.250, Length: 40, Loss: 1.0157, Epsilon: 0.100
2026-03-17 06:57:54 | INFO | Episode  131 - Reward: -6.350, Length: 40, Loss: 0.7578, Epsilon: 0.100
2026-03-17 06:57:55 | INFO | Episode  132 - Reward: -8.900, Length: 40, Loss: 0.5173, Epsilon: 0.100
2026-03-17 06:57:55 | INFO | Episode  133 - Reward: -7.250, Length: 40, Loss: 1.0285, Epsilon: 0.100
2026-03-17 06:57:56 | INFO | Episode  134 - Reward: -7.250, Length: 40, Loss: 1.0398, Epsilon: 0.100
2026-03-17 06:57:57 | INFO | Episode  135 - Reward: -7.100, Length: 40, Loss: 0.5109, Epsilon: 0.100
2026-03-17 06:57:58 | INFO | Episode  136 - Reward: 9.350, Length: 11, Loss: 0.6749, Epsilon: 0.100
2026-03-17 06:57:59 | INFO | Episode  137 - Reward: -7.100, Length: 40, Loss: 0.4126, Epsilon: 0.100
2026-03-17 06:58:00 | INFO | Episode  138 - Reward: 9.650, Length: 8, Loss: 0.7011, Epsilon: 0.100
2026-03-17 06:58:00 | INFO | Episode  139 - Reward: 9.650, Length: 8, Loss: 0.7351, Epsilon: 0.100
2026-03-17 06:58:01 | INFO | Episode  140 - Reward: -7.550, Length: 40, Loss: 0.7137, Epsilon: 0.100
2026-03-17 06:58:03 | INFO | Episode  141 - Reward: -6.950, Length: 40, Loss: 1.3474, Epsilon: 0.100
2026-03-17 06:58:04 | INFO | Episode  142 - Reward: 7.600, Length: 10, Loss: 0.6250, Epsilon: 0.100
2026-03-17 06:58:05 | INFO | Episode  143 - Reward: -6.950, Length: 40, Loss: 2.8573, Epsilon: 0.100
2026-03-17 06:58:06 | INFO | Episode  144 - Reward: -7.700, Length: 40, Loss: 0.6706, Epsilon: 0.100
2026-03-17 06:58:07 | INFO | Episode  145 - Reward: 7.400, Length: 11, Loss: 0.7562, Epsilon: 0.100
2026-03-17 06:58:08 | INFO | Episode  146 - Reward: 7.450, Length: 19, Loss: 0.5839, Epsilon: 0.100
2026-03-17 06:58:09 | INFO | Episode  147 - Reward: 9.650, Length: 8, Loss: 0.3801, Epsilon: 0.100
2026-03-17 06:58:10 | INFO | Episode  148 - Reward: -7.250, Length: 40, Loss: 0.6373, Epsilon: 0.100
2026-03-17 06:58:11 | INFO | Episode  149 - Reward: 7.700, Length: 8, Loss: 1.6041, Epsilon: 0.100
2026-03-17 06:58:13 | INFO | Episode  150 - Reward: -2.150, Length: 40, Loss: 0.9029, Epsilon: 0.100
2026-03-17 06:58:28 | INFO | [Episode  150] eps=0.100  avg_reward=  -1.853  avg_length= 29.62  avg_loss=  0.7225  eval_success=0.000
2026-03-17 06:58:29 | INFO | Episode  151 - Reward: -7.250, Length: 40, Loss: 1.5966, Epsilon: 0.100
2026-03-17 06:58:30 | INFO | Episode  152 - Reward: 9.650, Length: 8, Loss: 0.5348, Epsilon: 0.100
2026-03-17 06:58:31 | INFO | Episode  153 - Reward: -7.700, Length: 40, Loss: 0.6214, Epsilon: 0.100
2026-03-17 06:58:32 | INFO | Episode  154 - Reward: 7.200, Length: 12, Loss: 0.6932, Epsilon: 0.100
2026-03-17 06:58:34 | INFO | Episode  155 - Reward: -7.100, Length: 40, Loss: 1.1153, Epsilon: 0.100
2026-03-17 06:58:35 | INFO | Episode  156 - Reward: -6.800, Length: 40, Loss: 0.1016, Epsilon: 0.100
2026-03-17 06:58:36 | INFO | Episode  157 - Reward: 7.400, Length: 11, Loss: 0.6684, Epsilon: 0.100
2026-03-17 06:58:37 | INFO | Episode  158 - Reward: 9.650, Length: 8, Loss: 0.4704, Epsilon: 0.100
2026-03-17 06:58:38 | INFO | Episode  159 - Reward: 9.650, Length: 8, Loss: 0.7260, Epsilon: 0.100
2026-03-17 06:58:39 | INFO | Episode  160 - Reward: 7.500, Length: 9, Loss: 0.4633, Epsilon: 0.100
2026-03-17 06:58:40 | INFO | Episode  161 - Reward: 7.700, Length: 8, Loss: 0.7530, Epsilon: 0.100
2026-03-17 06:58:42 | INFO | Episode  162 - Reward: 4.300, Length: 25, Loss: 1.2809, Epsilon: 0.100
2026-03-17 06:58:43 | INFO | Episode  163 - Reward: 9.650, Length: 8, Loss: 0.8170, Epsilon: 0.100
2026-03-17 06:58:44 | INFO | Episode  164 - Reward: 7.700, Length: 8, Loss: 0.5419, Epsilon: 0.100
2026-03-17 06:58:45 | INFO | Episode  165 - Reward: 7.300, Length: 13, Loss: 0.4312, Epsilon: 0.100
2026-03-17 06:58:46 | INFO | Episode  166 - Reward: 7.300, Length: 10, Loss: 0.3979, Epsilon: 0.100
2026-03-17 06:58:47 | INFO | Episode  167 - Reward: 5.650, Length: 10, Loss: 0.5278, Epsilon: 0.100
2026-03-17 06:58:48 | INFO | Episode  168 - Reward: 9.650, Length: 8, Loss: 0.4604, Epsilon: 0.100
2026-03-17 06:58:49 | INFO | Episode  169 - Reward: 7.600, Length: 10, Loss: 0.7704, Epsilon: 0.100
2026-03-17 06:58:51 | INFO | Episode  170 - Reward: 9.650, Length: 8, Loss: 0.5078, Epsilon: 0.100
2026-03-17 06:58:52 | INFO | Episode  171 - Reward: 4.600, Length: 25, Loss: 1.6725, Epsilon: 0.100
2026-03-17 06:58:53 | INFO | Episode  172 - Reward: 4.200, Length: 27, Loss: 0.7344, Epsilon: 0.100
2026-03-17 06:58:53 | INFO | Episode  173 - Reward: 9.650, Length: 8, Loss: 0.8871, Epsilon: 0.100
2026-03-17 06:58:54 | INFO | Episode  174 - Reward: 9.650, Length: 8, Loss: 0.2271, Epsilon: 0.100
2026-03-17 06:58:55 | INFO | Episode  175 - Reward: 9.550, Length: 10, Loss: 1.0431, Epsilon: 0.100
2026-03-17 06:58:56 | INFO | Episode  176 - Reward: 9.650, Length: 8, Loss: 0.7507, Epsilon: 0.100
2026-03-17 06:58:57 | INFO | Episode  177 - Reward: 9.650, Length: 8, Loss: 0.1553, Epsilon: 0.100
2026-03-17 06:58:58 | INFO | Episode  178 - Reward: 7.400, Length: 11, Loss: 0.5448, Epsilon: 0.100
2026-03-17 06:59:00 | INFO | Episode  179 - Reward: -2.300, Length: 40, Loss: 0.6785, Epsilon: 0.100
2026-03-17 06:59:01 | INFO | Episode  180 - Reward: 9.650, Length: 8, Loss: 0.2656, Epsilon: 0.100
2026-03-17 06:59:02 | INFO | Episode  181 - Reward: 9.650, Length: 8, Loss: 1.0734, Epsilon: 0.100
2026-03-17 06:59:03 | INFO | Episode  182 - Reward: 9.650, Length: 8, Loss: 1.0875, Epsilon: 0.100
2026-03-17 06:59:04 | INFO | Episode  183 - Reward: 9.450, Length: 9, Loss: 1.6361, Epsilon: 0.100
2026-03-17 06:59:05 | INFO | Episode  184 - Reward: -7.850, Length: 40, Loss: 1.2566, Epsilon: 0.100
2026-03-17 06:59:06 | INFO | Episode  185 - Reward: 7.700, Length: 8, Loss: 0.5407, Epsilon: 0.100
2026-03-17 06:59:07 | INFO | Episode  186 - Reward: 9.650, Length: 8, Loss: 0.4995, Epsilon: 0.100
2026-03-17 06:59:08 | INFO | Episode  187 - Reward: 9.650, Length: 8, Loss: 0.2935, Epsilon: 0.100
2026-03-17 06:59:09 | INFO | Episode  188 - Reward: -7.700, Length: 40, Loss: 0.7070, Epsilon: 0.100
2026-03-17 06:59:11 | INFO | Episode  189 - Reward: -7.250, Length: 40, Loss: 1.6408, Epsilon: 0.100
2026-03-17 06:59:12 | INFO | Episode  190 - Reward: -5.900, Length: 40, Loss: 1.0696, Epsilon: 0.100
2026-03-17 06:59:13 | INFO | Episode  191 - Reward: 7.500, Length: 9, Loss: 0.8432, Epsilon: 0.100
2026-03-17 06:59:14 | INFO | Episode  192 - Reward: 4.400, Length: 26, Loss: 0.9164, Epsilon: 0.100
2026-03-17 06:59:15 | INFO | Episode  193 - Reward: 6.250, Length: 25, Loss: 0.4519, Epsilon: 0.100
2026-03-17 06:59:16 | INFO | Episode  194 - Reward: -8.000, Length: 40, Loss: 0.8845, Epsilon: 0.100
2026-03-17 06:59:17 | INFO | Episode  195 - Reward: -2.300, Length: 40, Loss: 1.7335, Epsilon: 0.100
2026-03-17 06:59:18 | INFO | Episode  196 - Reward: -6.650, Length: 40, Loss: 1.4666, Epsilon: 0.100
2026-03-17 06:59:19 | INFO | Episode  197 - Reward: 9.650, Length: 8, Loss: 1.4523, Epsilon: 0.100
2026-03-17 06:59:21 | INFO | Episode  198 - Reward: -7.100, Length: 40, Loss: 0.5255, Epsilon: 0.100
2026-03-17 06:59:22 | INFO | Episode  199 - Reward: 7.700, Length: 8, Loss: 0.4361, Epsilon: 0.100
2026-03-17 06:59:23 | INFO | Episode  200 - Reward: 6.150, Length: 27, Loss: 0.8737, Epsilon: 0.100
2026-03-17 06:59:25 | INFO | [Episode  200] eps=0.100  avg_reward=   4.301  avg_length= 18.98  avg_loss=  0.7965  eval_success=1.000
2026-03-17 06:59:27 | INFO | Episode  201 - Reward: 9.650, Length: 8, Loss: 0.5898, Epsilon: 0.100
2026-03-17 06:59:28 | INFO | Episode  202 - Reward: 9.650, Length: 8, Loss: 0.5077, Epsilon: 0.100
2026-03-17 06:59:29 | INFO | Episode  203 - Reward: 8.850, Length: 12, Loss: 0.4063, Epsilon: 0.100
2026-03-17 06:59:30 | INFO | Episode  204 - Reward: 7.700, Length: 8, Loss: 0.2993, Epsilon: 0.100
2026-03-17 06:59:31 | INFO | Episode  205 - Reward: 9.650, Length: 8, Loss: 0.1600, Epsilon: 0.100
2026-03-17 06:59:32 | INFO | Episode  206 - Reward: 9.650, Length: 8, Loss: 0.3961, Epsilon: 0.100
2026-03-17 06:59:33 | INFO | Episode  207 - Reward: 9.550, Length: 10, Loss: 0.2320, Epsilon: 0.100
2026-03-17 06:59:34 | INFO | Episode  208 - Reward: 7.700, Length: 8, Loss: 2.0862, Epsilon: 0.100
2026-03-17 06:59:35 | INFO | Episode  209 - Reward: 9.550, Length: 10, Loss: 0.9303, Epsilon: 0.100
2026-03-17 06:59:36 | INFO | Episode  210 - Reward: 9.250, Length: 10, Loss: 0.6567, Epsilon: 0.100
2026-03-17 06:59:37 | INFO | Episode  211 - Reward: -8.750, Length: 40, Loss: 0.8778, Epsilon: 0.100
2026-03-17 06:59:39 | INFO | Episode  212 - Reward: 7.600, Length: 10, Loss: 0.7232, Epsilon: 0.100
2026-03-17 06:59:40 | INFO | Episode  213 - Reward: 9.550, Length: 10, Loss: 0.3619, Epsilon: 0.100
2026-03-17 06:59:41 | INFO | Episode  214 - Reward: 9.650, Length: 8, Loss: 0.5209, Epsilon: 0.100
2026-03-17 06:59:42 | INFO | Episode  215 - Reward: 9.650, Length: 8, Loss: 0.6555, Epsilon: 0.100
2026-03-17 06:59:43 | INFO | Episode  216 - Reward: 9.650, Length: 8, Loss: 0.3550, Epsilon: 0.100
2026-03-17 06:59:44 | INFO | Episode  217 - Reward: 9.650, Length: 8, Loss: 0.4214, Epsilon: 0.100
2026-03-17 06:59:45 | INFO | Episode  218 - Reward: 7.700, Length: 8, Loss: 0.5993, Epsilon: 0.100
2026-03-17 06:59:46 | INFO | Episode  219 - Reward: 7.700, Length: 8, Loss: 1.1176, Epsilon: 0.100
2026-03-17 06:59:47 | INFO | Episode  220 - Reward: 9.650, Length: 8, Loss: 0.9126, Epsilon: 0.100
2026-03-17 06:59:48 | INFO | Episode  221 - Reward: 9.450, Length: 12, Loss: 0.4376, Epsilon: 0.100
2026-03-17 06:59:49 | INFO | Episode  222 - Reward: 7.700, Length: 8, Loss: 1.1362, Epsilon: 0.100
2026-03-17 06:59:50 | INFO | Episode  223 - Reward: -1.600, Length: 38, Loss: 0.9482, Epsilon: 0.100
2026-03-17 06:59:50 | INFO | Episode  224 - Reward: 9.650, Length: 8, Loss: 0.7721, Epsilon: 0.100
2026-03-17 06:59:51 | INFO | Episode  225 - Reward: 9.650, Length: 8, Loss: 0.4463, Epsilon: 0.100
2026-03-17 06:59:52 | INFO | Episode  226 - Reward: 9.650, Length: 8, Loss: 0.1805, Epsilon: 0.100
2026-03-17 06:59:53 | INFO | Episode  227 - Reward: 9.650, Length: 8, Loss: 0.8271, Epsilon: 0.100
2026-03-17 06:59:54 | INFO | Episode  228 - Reward: 7.500, Length: 9, Loss: 1.2147, Epsilon: 0.100
2026-03-17 06:59:55 | INFO | Episode  229 - Reward: -7.100, Length: 40, Loss: 0.5425, Epsilon: 0.100
2026-03-17 06:59:56 | INFO | Episode  230 - Reward: -7.100, Length: 40, Loss: 0.9436, Epsilon: 0.100
2026-03-17 06:59:56 | INFO | Episode  231 - Reward: 9.650, Length: 8, Loss: 0.3057, Epsilon: 0.100
2026-03-17 06:59:56 | INFO | Episode  232 - Reward: 7.400, Length: 14, Loss: 0.7653, Epsilon: 0.100
2026-03-17 06:59:57 | INFO | Episode  233 - Reward: 9.050, Length: 17, Loss: 0.6257, Epsilon: 0.100
2026-03-17 06:59:58 | INFO | Episode  234 - Reward: 7.700, Length: 8, Loss: 0.3125, Epsilon: 0.100
2026-03-17 06:59:59 | INFO | Episode  235 - Reward: 9.650, Length: 8, Loss: 0.4662, Epsilon: 0.100
2026-03-17 07:00:00 | INFO | Episode  236 - Reward: 7.550, Length: 20, Loss: 0.5836, Epsilon: 0.100
2026-03-17 07:00:01 | INFO | Episode  237 - Reward: 9.650, Length: 8, Loss: 0.9889, Epsilon: 0.100
2026-03-17 07:00:02 | INFO | Episode  238 - Reward: 9.650, Length: 8, Loss: 0.1160, Epsilon: 0.100
2026-03-17 07:00:02 | INFO | Episode  239 - Reward: 9.650, Length: 8, Loss: 0.9152, Epsilon: 0.100
2026-03-17 07:00:03 | INFO | Episode  240 - Reward: 9.450, Length: 9, Loss: 0.4991, Epsilon: 0.100
2026-03-17 07:00:04 | INFO | Episode  241 - Reward: 9.550, Length: 10, Loss: 0.1859, Epsilon: 0.100
2026-03-17 07:00:05 | INFO | Episode  242 - Reward: 9.650, Length: 8, Loss: 1.1612, Epsilon: 0.100
2026-03-17 07:00:06 | INFO | Episode  243 - Reward: 7.700, Length: 8, Loss: 0.3253, Epsilon: 0.100
2026-03-17 07:00:07 | INFO | Episode  244 - Reward: 9.650, Length: 8, Loss: 0.9547, Epsilon: 0.100
2026-03-17 07:00:08 | INFO | Episode  245 - Reward: 9.650, Length: 8, Loss: 0.3580, Epsilon: 0.100
2026-03-17 07:00:09 | INFO | Episode  246 - Reward: 7.700, Length: 8, Loss: 0.7098, Epsilon: 0.100
2026-03-17 07:00:10 | INFO | Episode  247 - Reward: 9.650, Length: 8, Loss: 0.1710, Epsilon: 0.100
2026-03-17 07:00:10 | INFO | Episode  248 - Reward: 9.650, Length: 8, Loss: 0.8616, Epsilon: 0.100
2026-03-17 07:00:11 | INFO | Episode  249 - Reward: -7.400, Length: 40, Loss: 0.6352, Epsilon: 0.100
2026-03-17 07:00:12 | INFO | Episode  250 - Reward: 7.700, Length: 8, Loss: 1.1567, Epsilon: 0.100
2026-03-17 07:00:25 | INFO | [Episode  250] eps=0.100  avg_reward=   7.472  avg_length= 12.14  avg_loss=  0.6471  eval_success=0.000
