2026-03-17 07:22:51 | INFO | ============================================================
2026-03-17 07:22:51 | INFO | DEVICE / COMPUTE INFORMATION
2026-03-17 07:22:51 | INFO |   JAX backend       : GPU
2026-03-17 07:22:51 | INFO |   Platform          : gpu
2026-03-17 07:22:51 | INFO |   Num devices       : 1
2026-03-17 07:22:51 | INFO |   Device            : cuda:0
2026-03-17 07:22:51 | INFO |   GPU name          : NVIDIA GeForce RTX 5060 Laptop GPU
2026-03-17 07:22:51 | INFO | ============================================================
2026-03-17 07:22:51 | INFO | ✓ JAX GPU backend confirmed.
2026-03-17 07:22:52 | INFO | DQN seed=8_gamma=0.99_lr=0.001
2026-03-17 07:22:54 | INFO | Episode    1 - Reward: -4.700, Length: 40, Loss: 0.0000, Epsilon: 0.991
2026-03-17 07:22:55 | INFO | Episode    2 - Reward: 3.250, Length: 28, Loss: 0.0000, Epsilon: 0.982
2026-03-17 07:22:55 | INFO | Episode    3 - Reward: 6.200, Length: 23, Loss: 0.0000, Epsilon: 0.973
2026-03-17 07:22:59 | INFO | Episode    4 - Reward: -5.150, Length: 40, Loss: 1.6230, Epsilon: 0.964
2026-03-17 07:22:59 | INFO | Episode    5 - Reward: 8.350, Length: 16, Loss: 0.8102, Epsilon: 0.955
2026-03-17 07:23:00 | INFO | Episode    6 - Reward: -5.000, Length: 40, Loss: 0.0906, Epsilon: 0.946
2026-03-17 07:23:01 | INFO | Episode    7 - Reward: -3.950, Length: 40, Loss: 1.5658, Epsilon: 0.937
2026-03-17 07:23:01 | INFO | Episode    8 - Reward: -5.900, Length: 40, Loss: 2.2849, Epsilon: 0.928
2026-03-17 07:23:02 | INFO | Episode    9 - Reward: -5.000, Length: 40, Loss: 0.0750, Epsilon: 0.919
2026-03-17 07:23:03 | INFO | Episode   10 - Reward: -4.700, Length: 40, Loss: 1.5443, Epsilon: 0.910
2026-03-17 07:23:04 | INFO | Episode   11 - Reward: -6.050, Length: 40, Loss: 1.5436, Epsilon: 0.901
2026-03-17 07:23:05 | INFO | Episode   12 - Reward: -3.650, Length: 40, Loss: 0.1267, Epsilon: 0.892
2026-03-17 07:23:06 | INFO | Episode   13 - Reward: -3.650, Length: 40, Loss: 2.2452, Epsilon: 0.883
2026-03-17 07:23:06 | INFO | Episode   14 - Reward: -5.450, Length: 40, Loss: 0.7683, Epsilon: 0.874
2026-03-17 07:23:07 | INFO | Episode   15 - Reward: -9.350, Length: 40, Loss: 0.7945, Epsilon: 0.865
2026-03-17 07:23:08 | INFO | Episode   16 - Reward: 6.250, Length: 34, Loss: 0.1026, Epsilon: 0.856
2026-03-17 07:23:09 | INFO | Episode   17 - Reward: 3.750, Length: 33, Loss: 0.0947, Epsilon: 0.847
2026-03-17 07:23:10 | INFO | Episode   18 - Reward: 7.650, Length: 27, Loss: 0.0769, Epsilon: 0.838
2026-03-17 07:23:11 | INFO | Episode   19 - Reward: -4.700, Length: 40, Loss: 0.8810, Epsilon: 0.829
2026-03-17 07:23:13 | INFO | Episode   20 - Reward: -4.550, Length: 40, Loss: 2.2771, Epsilon: 0.820
2026-03-17 07:23:14 | INFO | Episode   21 - Reward: -6.050, Length: 40, Loss: 0.8027, Epsilon: 0.811
2026-03-17 07:23:15 | INFO | Episode   22 - Reward: -8.150, Length: 40, Loss: 0.1083, Epsilon: 0.802
2026-03-17 07:23:16 | INFO | Episode   23 - Reward: -4.700, Length: 40, Loss: 1.4973, Epsilon: 0.793
2026-03-17 07:23:17 | INFO | Episode   24 - Reward: -5.600, Length: 40, Loss: 2.2247, Epsilon: 0.784
2026-03-17 07:23:18 | INFO | Episode   25 - Reward: 8.450, Length: 17, Loss: 0.0879, Epsilon: 0.775
2026-03-17 07:23:19 | INFO | Episode   26 - Reward: 2.300, Length: 26, Loss: 0.0877, Epsilon: 0.766
2026-03-17 07:23:20 | INFO | Episode   27 - Reward: -7.550, Length: 40, Loss: 2.2276, Epsilon: 0.757
2026-03-17 07:23:22 | INFO | Episode   28 - Reward: 8.350, Length: 22, Loss: 1.4765, Epsilon: 0.748
2026-03-17 07:23:23 | INFO | Episode   29 - Reward: 5.950, Length: 34, Loss: 1.5206, Epsilon: 0.739
2026-03-17 07:23:24 | INFO | Episode   30 - Reward: 4.150, Length: 25, Loss: 2.2633, Epsilon: 0.730
2026-03-17 07:23:25 | INFO | Episode   31 - Reward: 5.800, Length: 25, Loss: 0.8176, Epsilon: 0.721
2026-03-17 07:23:26 | INFO | Episode   32 - Reward: 7.100, Length: 14, Loss: 2.1938, Epsilon: 0.712
2026-03-17 07:23:27 | INFO | Episode   33 - Reward: 7.550, Length: 29, Loss: 0.8989, Epsilon: 0.703
2026-03-17 07:23:28 | INFO | Episode   34 - Reward: -8.300, Length: 40, Loss: 2.9155, Epsilon: 0.694
2026-03-17 07:23:29 | INFO | Episode   35 - Reward: 7.950, Length: 24, Loss: 0.7820, Epsilon: 0.685
2026-03-17 07:23:30 | INFO | Episode   36 - Reward: 8.050, Length: 25, Loss: 3.0117, Epsilon: 0.676
2026-03-17 07:23:31 | INFO | Episode   37 - Reward: 7.850, Length: 23, Loss: 0.7769, Epsilon: 0.667
2026-03-17 07:23:32 | INFO | Episode   38 - Reward: 4.300, Length: 37, Loss: 0.1169, Epsilon: 0.658
2026-03-17 07:23:33 | INFO | Episode   39 - Reward: 8.650, Length: 19, Loss: 0.8711, Epsilon: 0.649
2026-03-17 07:23:34 | INFO | Episode   40 - Reward: -6.500, Length: 40, Loss: 2.9600, Epsilon: 0.640
2026-03-17 07:23:35 | INFO | Episode   41 - Reward: -6.950, Length: 40, Loss: 0.0439, Epsilon: 0.631
2026-03-17 07:23:36 | INFO | Episode   42 - Reward: -6.500, Length: 40, Loss: 2.2153, Epsilon: 0.622
2026-03-17 07:23:38 | INFO | Episode   43 - Reward: 6.000, Length: 18, Loss: 0.7698, Epsilon: 0.613
2026-03-17 07:23:39 | INFO | Episode   44 - Reward: 8.850, Length: 18, Loss: 1.4676, Epsilon: 0.604
2026-03-17 07:23:40 | INFO | Episode   45 - Reward: 7.850, Length: 23, Loss: 0.7825, Epsilon: 0.595
2026-03-17 07:23:41 | INFO | Episode   46 - Reward: -4.850, Length: 40, Loss: 1.5551, Epsilon: 0.586
2026-03-17 07:23:42 | INFO | Episode   47 - Reward: 5.900, Length: 20, Loss: 3.7192, Epsilon: 0.577
2026-03-17 07:23:43 | INFO | Episode   48 - Reward: 7.000, Length: 16, Loss: 2.8930, Epsilon: 0.568
2026-03-17 07:23:44 | INFO | Episode   49 - Reward: 7.550, Length: 26, Loss: 1.4067, Epsilon: 0.559
2026-03-17 07:23:45 | INFO | Episode   50 - Reward: 5.600, Length: 23, Loss: 1.4935, Epsilon: 0.550
2026-03-17 07:24:02 | INFO | [Episode   50] eps=0.550  avg_reward=   0.674  avg_length= 31.70  avg_loss=  1.2178  eval_success=0.000
2026-03-17 07:24:03 | INFO | Episode   51 - Reward: 5.650, Length: 37, Loss: 2.1789, Epsilon: 0.541
2026-03-17 07:24:03 | INFO | Episode   52 - Reward: -6.650, Length: 40, Loss: 2.9474, Epsilon: 0.532
2026-03-17 07:24:04 | INFO | Episode   53 - Reward: 3.950, Length: 23, Loss: 0.0741, Epsilon: 0.523
2026-03-17 07:24:05 | INFO | Episode   54 - Reward: 9.450, Length: 12, Loss: 0.8378, Epsilon: 0.514
2026-03-17 07:24:07 | INFO | Episode   55 - Reward: -9.350, Length: 40, Loss: 3.6334, Epsilon: 0.505
2026-03-17 07:24:08 | INFO | Episode   56 - Reward: -5.750, Length: 40, Loss: 0.7653, Epsilon: 0.496
2026-03-17 07:24:09 | INFO | Episode   57 - Reward: -6.500, Length: 40, Loss: 0.0975, Epsilon: 0.487
2026-03-17 07:24:10 | INFO | Episode   58 - Reward: 5.000, Length: 26, Loss: 0.1456, Epsilon: 0.478
2026-03-17 07:24:11 | INFO | Episode   59 - Reward: -6.650, Length: 40, Loss: 1.4201, Epsilon: 0.469
2026-03-17 07:24:12 | INFO | Episode   60 - Reward: 2.850, Length: 24, Loss: 1.5137, Epsilon: 0.460
2026-03-17 07:24:13 | INFO | Episode   61 - Reward: -6.350, Length: 40, Loss: 1.3939, Epsilon: 0.451
2026-03-17 07:24:14 | INFO | Episode   62 - Reward: 4.000, Length: 34, Loss: 0.0716, Epsilon: 0.442
2026-03-17 07:24:15 | INFO | Episode   63 - Reward: -0.400, Length: 38, Loss: 2.9328, Epsilon: 0.433
2026-03-17 07:24:16 | INFO | Episode   64 - Reward: -7.100, Length: 40, Loss: 1.4875, Epsilon: 0.424
2026-03-17 07:24:17 | INFO | Episode   65 - Reward: 7.150, Length: 22, Loss: 0.7806, Epsilon: 0.415
2026-03-17 07:24:19 | INFO | Episode   66 - Reward: 3.500, Length: 32, Loss: 0.7596, Epsilon: 0.406
2026-03-17 07:24:20 | INFO | Episode   67 - Reward: -6.350, Length: 40, Loss: 1.5205, Epsilon: 0.397
2026-03-17 07:24:21 | INFO | Episode   68 - Reward: -9.350, Length: 40, Loss: 2.1815, Epsilon: 0.388
2026-03-17 07:24:22 | INFO | Episode   69 - Reward: -7.700, Length: 40, Loss: 0.7520, Epsilon: 0.379
2026-03-17 07:24:23 | INFO | Episode   70 - Reward: 4.450, Length: 16, Loss: 0.0597, Epsilon: 0.370
2026-03-17 07:24:24 | INFO | Episode   71 - Reward: -7.400, Length: 40, Loss: 0.7917, Epsilon: 0.361
2026-03-17 07:24:25 | INFO | Episode   72 - Reward: -6.650, Length: 40, Loss: 1.5825, Epsilon: 0.352
2026-03-17 07:24:26 | INFO | Episode   73 - Reward: -8.450, Length: 40, Loss: 0.7435, Epsilon: 0.343
2026-03-17 07:24:27 | INFO | Episode   74 - Reward: 5.900, Length: 20, Loss: 2.1046, Epsilon: 0.334
2026-03-17 07:24:28 | INFO | Episode   75 - Reward: -7.400, Length: 40, Loss: 1.6523, Epsilon: 0.325
2026-03-17 07:24:29 | INFO | Episode   76 - Reward: 6.000, Length: 21, Loss: 3.5751, Epsilon: 0.316
2026-03-17 07:24:30 | INFO | Episode   77 - Reward: 5.550, Length: 30, Loss: 0.1166, Epsilon: 0.307
2026-03-17 07:24:31 | INFO | Episode   78 - Reward: -7.400, Length: 40, Loss: 0.8271, Epsilon: 0.298
2026-03-17 07:24:33 | INFO | Episode   79 - Reward: -6.650, Length: 40, Loss: 0.0871, Epsilon: 0.289
2026-03-17 07:24:34 | INFO | Episode   80 - Reward: 9.050, Length: 11, Loss: 3.5283, Epsilon: 0.280
2026-03-17 07:24:35 | INFO | Episode   81 - Reward: 5.700, Length: 18, Loss: 2.9612, Epsilon: 0.271
2026-03-17 07:24:35 | INFO | Episode   82 - Reward: -11.450, Length: 40, Loss: 2.1614, Epsilon: 0.262
2026-03-17 07:24:36 | INFO | Episode   83 - Reward: 5.900, Length: 17, Loss: 2.0945, Epsilon: 0.253
2026-03-17 07:24:37 | INFO | Episode   84 - Reward: 5.250, Length: 36, Loss: 2.1597, Epsilon: 0.244
2026-03-17 07:24:38 | INFO | Episode   85 - Reward: 9.350, Length: 14, Loss: 3.4921, Epsilon: 0.235
2026-03-17 07:24:39 | INFO | Episode   86 - Reward: 5.900, Length: 23, Loss: 2.8495, Epsilon: 0.226
2026-03-17 07:24:40 | INFO | Episode   87 - Reward: 7.700, Length: 8, Loss: 2.2120, Epsilon: 0.217
2026-03-17 07:24:41 | INFO | Episode   88 - Reward: 6.700, Length: 13, Loss: 1.5005, Epsilon: 0.208
2026-03-17 07:24:43 | INFO | Episode   89 - Reward: -9.950, Length: 40, Loss: 2.2183, Epsilon: 0.199
2026-03-17 07:24:44 | INFO | Episode   90 - Reward: 7.400, Length: 11, Loss: 2.3636, Epsilon: 0.190
2026-03-17 07:24:45 | INFO | Episode   91 - Reward: 5.600, Length: 20, Loss: 0.7658, Epsilon: 0.181
2026-03-17 07:24:46 | INFO | Episode   92 - Reward: 0.950, Length: 35, Loss: 0.1059, Epsilon: 0.172
2026-03-17 07:24:47 | INFO | Episode   93 - Reward: 9.650, Length: 8, Loss: 1.4695, Epsilon: 0.163
2026-03-17 07:24:48 | INFO | Episode   94 - Reward: 9.650, Length: 8, Loss: 1.4137, Epsilon: 0.154
2026-03-17 07:24:49 | INFO | Episode   95 - Reward: 9.550, Length: 10, Loss: 0.0780, Epsilon: 0.145
2026-03-17 07:24:50 | INFO | Episode   96 - Reward: 9.150, Length: 15, Loss: 1.4594, Epsilon: 0.136
2026-03-17 07:24:51 | INFO | Episode   97 - Reward: 5.500, Length: 19, Loss: 2.9686, Epsilon: 0.127
2026-03-17 07:24:52 | INFO | Episode   98 - Reward: 9.650, Length: 8, Loss: 0.1112, Epsilon: 0.118
2026-03-17 07:24:54 | INFO | Episode   99 - Reward: -11.600, Length: 40, Loss: 2.7855, Epsilon: 0.109
2026-03-17 07:24:55 | INFO | Episode  100 - Reward: 8.550, Length: 15, Loss: 1.4771, Epsilon: 0.100
2026-03-17 07:25:06 | INFO | [Episode  100] eps=0.100  avg_reward=   0.911  avg_length= 27.68  avg_loss=  1.5442  eval_success=0.000
2026-03-17 07:25:07 | INFO | Episode  101 - Reward: 7.250, Length: 20, Loss: 1.5288, Epsilon: 0.100
2026-03-17 07:25:08 | INFO | Episode  102 - Reward: 8.650, Length: 13, Loss: 2.7618, Epsilon: 0.100
2026-03-17 07:25:09 | INFO | Episode  103 - Reward: 6.150, Length: 27, Loss: 1.4634, Epsilon: 0.100
2026-03-17 07:25:10 | INFO | Episode  104 - Reward: 9.250, Length: 10, Loss: 2.7473, Epsilon: 0.100
2026-03-17 07:25:10 | INFO | Episode  105 - Reward: 9.650, Length: 8, Loss: 3.9592, Epsilon: 0.100
2026-03-17 07:25:11 | INFO | Episode  106 - Reward: 9.650, Length: 8, Loss: 2.1078, Epsilon: 0.100
2026-03-17 07:25:12 | INFO | Episode  107 - Reward: 9.650, Length: 8, Loss: 2.0451, Epsilon: 0.100
2026-03-17 07:25:13 | INFO | Episode  108 - Reward: 9.450, Length: 9, Loss: 0.1671, Epsilon: 0.100
2026-03-17 07:25:14 | INFO | Episode  109 - Reward: 9.650, Length: 8, Loss: 4.6924, Epsilon: 0.100
2026-03-17 07:25:15 | INFO | Episode  110 - Reward: 9.650, Length: 8, Loss: 3.9031, Epsilon: 0.100
2026-03-17 07:25:16 | INFO | Episode  111 - Reward: 9.650, Length: 8, Loss: 4.6851, Epsilon: 0.100
2026-03-17 07:25:16 | INFO | Episode  112 - Reward: 9.650, Length: 8, Loss: 2.8035, Epsilon: 0.100
2026-03-17 07:25:17 | INFO | Episode  113 - Reward: 9.450, Length: 9, Loss: 1.5251, Epsilon: 0.100
2026-03-17 07:25:18 | INFO | Episode  114 - Reward: 8.350, Length: 16, Loss: 2.6265, Epsilon: 0.100
2026-03-17 07:25:19 | INFO | Episode  115 - Reward: 9.650, Length: 8, Loss: 1.9942, Epsilon: 0.100
2026-03-17 07:25:20 | INFO | Episode  116 - Reward: 9.550, Length: 10, Loss: 3.1040, Epsilon: 0.100
2026-03-17 07:25:21 | INFO | Episode  117 - Reward: -8.300, Length: 40, Loss: 3.9688, Epsilon: 0.100
2026-03-17 07:25:22 | INFO | Episode  118 - Reward: 9.650, Length: 8, Loss: 2.5378, Epsilon: 0.100
2026-03-17 07:25:22 | INFO | Episode  119 - Reward: 6.600, Length: 15, Loss: 2.6302, Epsilon: 0.100
2026-03-17 07:25:23 | INFO | Episode  120 - Reward: -10.550, Length: 40, Loss: 1.9815, Epsilon: 0.100
2026-03-17 07:25:24 | INFO | Episode  121 - Reward: 4.050, Length: 18, Loss: 3.0528, Epsilon: 0.100
2026-03-17 07:25:25 | INFO | Episode  122 - Reward: 6.300, Length: 15, Loss: 3.3996, Epsilon: 0.100
2026-03-17 07:25:26 | INFO | Episode  123 - Reward: -7.850, Length: 40, Loss: 2.6822, Epsilon: 0.100
2026-03-17 07:25:27 | INFO | Episode  124 - Reward: -8.900, Length: 40, Loss: 3.1920, Epsilon: 0.100
2026-03-17 07:25:28 | INFO | Episode  125 - Reward: -8.900, Length: 40, Loss: 4.4000, Epsilon: 0.100
2026-03-17 07:25:28 | INFO | Episode  126 - Reward: -7.550, Length: 40, Loss: 1.4152, Epsilon: 0.100
2026-03-17 07:25:29 | INFO | Episode  127 - Reward: 6.700, Length: 13, Loss: 1.9165, Epsilon: 0.100
2026-03-17 07:25:30 | INFO | Episode  128 - Reward: -8.900, Length: 40, Loss: 1.3911, Epsilon: 0.100
2026-03-17 07:25:31 | INFO | Episode  129 - Reward: 3.900, Length: 27, Loss: 1.2638, Epsilon: 0.100
2026-03-17 07:25:32 | INFO | Episode  130 - Reward: 9.650, Length: 8, Loss: 4.0251, Epsilon: 0.100
2026-03-17 07:25:33 | INFO | Episode  131 - Reward: 9.450, Length: 9, Loss: 3.6957, Epsilon: 0.100
2026-03-17 07:25:34 | INFO | Episode  132 - Reward: 2.900, Length: 32, Loss: 1.9634, Epsilon: 0.100
2026-03-17 07:25:35 | INFO | Episode  133 - Reward: -2.000, Length: 40, Loss: 2.5054, Epsilon: 0.100
2026-03-17 07:25:35 | INFO | Episode  134 - Reward: 9.650, Length: 8, Loss: 1.3327, Epsilon: 0.100
2026-03-17 07:25:36 | INFO | Episode  135 - Reward: 9.250, Length: 10, Loss: 2.4553, Epsilon: 0.100
2026-03-17 07:25:37 | INFO | Episode  136 - Reward: 1.800, Length: 39, Loss: 3.0305, Epsilon: 0.100
2026-03-17 07:25:37 | INFO | Episode  137 - Reward: 4.900, Length: 22, Loss: 2.7827, Epsilon: 0.100
2026-03-17 07:25:38 | INFO | Episode  138 - Reward: 9.650, Length: 8, Loss: 3.0935, Epsilon: 0.100
2026-03-17 07:25:39 | INFO | Episode  139 - Reward: 9.650, Length: 8, Loss: 1.7831, Epsilon: 0.100
2026-03-17 07:25:40 | INFO | Episode  140 - Reward: -8.600, Length: 40, Loss: 4.1604, Epsilon: 0.100
2026-03-17 07:25:41 | INFO | Episode  141 - Reward: 7.400, Length: 11, Loss: 1.4491, Epsilon: 0.100
2026-03-17 07:25:41 | INFO | Episode  142 - Reward: 3.600, Length: 30, Loss: 2.3763, Epsilon: 0.100
2026-03-17 07:25:42 | INFO | Episode  143 - Reward: -8.450, Length: 40, Loss: 3.5328, Epsilon: 0.100
2026-03-17 07:25:43 | INFO | Episode  144 - Reward: 6.900, Length: 12, Loss: 1.8502, Epsilon: 0.100
2026-03-17 07:25:44 | INFO | Episode  145 - Reward: 5.800, Length: 19, Loss: 3.2063, Epsilon: 0.100
2026-03-17 07:25:45 | INFO | Episode  146 - Reward: 9.650, Length: 8, Loss: 1.8827, Epsilon: 0.100
2026-03-17 07:25:46 | INFO | Episode  147 - Reward: 9.650, Length: 8, Loss: 1.9170, Epsilon: 0.100
2026-03-17 07:25:47 | INFO | Episode  148 - Reward: 9.550, Length: 10, Loss: 1.3971, Epsilon: 0.100
2026-03-17 07:25:47 | INFO | Episode  149 - Reward: 7.500, Length: 9, Loss: 5.3371, Epsilon: 0.100
2026-03-17 07:25:48 | INFO | Episode  150 - Reward: 9.650, Length: 8, Loss: 1.3644, Epsilon: 0.100
2026-03-17 07:26:04 | INFO | [Episode  150] eps=0.100  avg_reward=   4.782  avg_length= 18.66  avg_loss=  2.6217  eval_success=0.000
2026-03-17 07:26:05 | INFO | Episode  151 - Reward: -6.950, Length: 40, Loss: 1.2479, Epsilon: 0.100
2026-03-17 07:26:06 | INFO | Episode  152 - Reward: 8.050, Length: 16, Loss: 1.3467, Epsilon: 0.100
2026-03-17 07:26:07 | INFO | Episode  153 - Reward: -7.100, Length: 40, Loss: 1.8591, Epsilon: 0.100
2026-03-17 07:26:08 | INFO | Episode  154 - Reward: -6.800, Length: 40, Loss: 2.8815, Epsilon: 0.100
2026-03-17 07:26:09 | INFO | Episode  155 - Reward: 9.650, Length: 8, Loss: 2.4257, Epsilon: 0.100
2026-03-17 07:26:09 | INFO | Episode  156 - Reward: -8.450, Length: 40, Loss: 1.4186, Epsilon: 0.100
2026-03-17 07:26:10 | INFO | Episode  157 - Reward: 8.950, Length: 13, Loss: 3.6749, Epsilon: 0.100
2026-03-17 07:26:11 | INFO | Episode  158 - Reward: 5.250, Length: 30, Loss: 4.0903, Epsilon: 0.100
2026-03-17 07:26:13 | INFO | Episode  159 - Reward: 8.450, Length: 14, Loss: 3.0381, Epsilon: 0.100
2026-03-17 07:26:14 | INFO | Episode  160 - Reward: -7.100, Length: 40, Loss: 4.1552, Epsilon: 0.100
2026-03-17 07:26:15 | INFO | Episode  161 - Reward: -6.500, Length: 40, Loss: 3.4211, Epsilon: 0.100
2026-03-17 07:26:16 | INFO | Episode  162 - Reward: 5.850, Length: 27, Loss: 0.7008, Epsilon: 0.100
2026-03-17 07:26:17 | INFO | Episode  163 - Reward: 6.250, Length: 25, Loss: 1.3073, Epsilon: 0.100
2026-03-17 07:26:18 | INFO | Episode  164 - Reward: -6.950, Length: 40, Loss: 3.0198, Epsilon: 0.100
2026-03-17 07:26:19 | INFO | Episode  165 - Reward: -6.800, Length: 40, Loss: 1.2506, Epsilon: 0.100
2026-03-17 07:26:20 | INFO | Episode  166 - Reward: -6.650, Length: 40, Loss: 1.3665, Epsilon: 0.100
2026-03-17 07:26:22 | INFO | Episode  167 - Reward: -7.400, Length: 40, Loss: 0.7706, Epsilon: 0.100
2026-03-17 07:26:23 | INFO | Episode  168 - Reward: 9.250, Length: 10, Loss: 1.3271, Epsilon: 0.100
2026-03-17 07:26:24 | INFO | Episode  169 - Reward: -6.650, Length: 40, Loss: 1.3098, Epsilon: 0.100
2026-03-17 07:26:25 | INFO | Episode  170 - Reward: 4.150, Length: 37, Loss: 1.8145, Epsilon: 0.100
2026-03-17 07:26:26 | INFO | Episode  171 - Reward: 3.250, Length: 40, Loss: 0.7098, Epsilon: 0.100
2026-03-17 07:26:27 | INFO | Episode  172 - Reward: -6.950, Length: 40, Loss: 2.3432, Epsilon: 0.100
2026-03-17 07:26:28 | INFO | Episode  173 - Reward: -6.650, Length: 40, Loss: 2.3409, Epsilon: 0.100
2026-03-17 07:26:29 | INFO | Episode  174 - Reward: -6.950, Length: 40, Loss: 4.4985, Epsilon: 0.100
2026-03-17 07:26:30 | INFO | Episode  175 - Reward: -6.800, Length: 40, Loss: 3.1004, Epsilon: 0.100
2026-03-17 07:26:31 | INFO | Episode  176 - Reward: 5.850, Length: 30, Loss: 1.2057, Epsilon: 0.100
2026-03-17 07:26:33 | INFO | Episode  177 - Reward: -6.950, Length: 40, Loss: 1.1916, Epsilon: 0.100
2026-03-17 07:26:34 | INFO | Episode  178 - Reward: -7.100, Length: 40, Loss: 2.9371, Epsilon: 0.100
2026-03-17 07:26:35 | INFO | Episode  179 - Reward: 4.650, Length: 33, Loss: 1.8234, Epsilon: 0.100
2026-03-17 07:26:36 | INFO | Episode  180 - Reward: -7.400, Length: 40, Loss: 1.3100, Epsilon: 0.100
2026-03-17 07:26:37 | INFO | Episode  181 - Reward: -7.400, Length: 40, Loss: 2.1946, Epsilon: 0.100
2026-03-17 07:26:38 | INFO | Episode  182 - Reward: 9.450, Length: 9, Loss: 2.4051, Epsilon: 0.100
2026-03-17 07:26:39 | INFO | Episode  183 - Reward: -7.100, Length: 40, Loss: 2.8167, Epsilon: 0.100
2026-03-17 07:26:40 | INFO | Episode  184 - Reward: 7.050, Length: 21, Loss: 2.7937, Epsilon: 0.100
2026-03-17 07:26:40 | INFO | Episode  185 - Reward: -7.250, Length: 40, Loss: 3.8937, Epsilon: 0.100
2026-03-17 07:26:41 | INFO | Episode  186 - Reward: 9.650, Length: 8, Loss: 3.7531, Epsilon: 0.100
2026-03-17 07:26:43 | INFO | Episode  187 - Reward: 9.650, Length: 8, Loss: 4.7323, Epsilon: 0.100
2026-03-17 07:26:44 | INFO | Episode  188 - Reward: -10.400, Length: 40, Loss: 2.6943, Epsilon: 0.100
2026-03-17 07:26:45 | INFO | Episode  189 - Reward: 6.700, Length: 13, Loss: 1.8097, Epsilon: 0.100
2026-03-17 07:26:46 | INFO | Episode  190 - Reward: 9.650, Length: 8, Loss: 1.2855, Epsilon: 0.100
2026-03-17 07:26:47 | INFO | Episode  191 - Reward: 9.450, Length: 9, Loss: 2.5451, Epsilon: 0.100
2026-03-17 07:26:48 | INFO | Episode  192 - Reward: 3.250, Length: 22, Loss: 2.4842, Epsilon: 0.100
2026-03-17 07:26:49 | INFO | Episode  193 - Reward: -8.900, Length: 40, Loss: 3.1471, Epsilon: 0.100
2026-03-17 07:26:50 | INFO | Episode  194 - Reward: -10.550, Length: 40, Loss: 1.1296, Epsilon: 0.100
2026-03-17 07:26:51 | INFO | Episode  195 - Reward: -8.450, Length: 40, Loss: 1.6739, Epsilon: 0.100
2026-03-17 07:26:52 | INFO | Episode  196 - Reward: -13.700, Length: 40, Loss: 2.2385, Epsilon: 0.100
2026-03-17 07:26:54 | INFO | Episode  197 - Reward: 3.500, Length: 29, Loss: 1.1683, Epsilon: 0.100
2026-03-17 07:26:55 | INFO | Episode  198 - Reward: 4.700, Length: 23, Loss: 2.1216, Epsilon: 0.100
2026-03-17 07:26:56 | INFO | Episode  199 - Reward: 7.700, Length: 8, Loss: 2.6086, Epsilon: 0.100
2026-03-17 07:26:57 | INFO | Episode  200 - Reward: -8.450, Length: 40, Loss: 2.4831, Epsilon: 0.100
2026-03-17 07:27:12 | INFO | [Episode  200] eps=0.100  avg_reward=  -0.960  avg_length= 30.42  avg_loss=  2.2773  eval_success=0.000
2026-03-17 07:27:13 | INFO | Episode  201 - Reward: -7.550, Length: 40, Loss: 2.1889, Epsilon: 0.100
2026-03-17 07:27:14 | INFO | Episode  202 - Reward: -8.300, Length: 40, Loss: 1.5984, Epsilon: 0.100
2026-03-17 07:27:15 | INFO | Episode  203 - Reward: -8.300, Length: 40, Loss: 1.2697, Epsilon: 0.100
2026-03-17 07:27:16 | INFO | Episode  204 - Reward: 6.300, Length: 15, Loss: 1.5007, Epsilon: 0.100
2026-03-17 07:27:18 | INFO | Episode  205 - Reward: 5.850, Length: 27, Loss: 2.3409, Epsilon: 0.100
2026-03-17 07:27:19 | INFO | Episode  206 - Reward: 4.050, Length: 18, Loss: 2.1770, Epsilon: 0.100
2026-03-17 07:27:20 | INFO | Episode  207 - Reward: 0.250, Length: 37, Loss: 1.1580, Epsilon: 0.100
2026-03-17 07:27:21 | INFO | Episode  208 - Reward: -10.400, Length: 40, Loss: 0.6580, Epsilon: 0.100
2026-03-17 07:27:22 | INFO | Episode  209 - Reward: -10.250, Length: 40, Loss: 1.0934, Epsilon: 0.100
2026-03-17 07:27:23 | INFO | Episode  210 - Reward: 5.700, Length: 18, Loss: 1.2159, Epsilon: 0.100
2026-03-17 07:27:24 | INFO | Episode  211 - Reward: -8.750, Length: 40, Loss: 1.6915, Epsilon: 0.100
2026-03-17 07:27:25 | INFO | Episode  212 - Reward: -8.600, Length: 40, Loss: 0.8595, Epsilon: 0.100
2026-03-17 07:27:26 | INFO | Episode  213 - Reward: 5.600, Length: 20, Loss: 0.6488, Epsilon: 0.100
2026-03-17 07:27:27 | INFO | Episode  214 - Reward: 1.650, Length: 30, Loss: 2.1613, Epsilon: 0.100
2026-03-17 07:27:28 | INFO | Episode  215 - Reward: -8.600, Length: 40, Loss: 1.1269, Epsilon: 0.100
2026-03-17 07:27:29 | INFO | Episode  216 - Reward: 0.400, Length: 28, Loss: 2.0767, Epsilon: 0.100
2026-03-17 07:27:30 | INFO | Episode  217 - Reward: -12.050, Length: 40, Loss: 1.0610, Epsilon: 0.100
2026-03-17 07:27:32 | INFO | Episode  218 - Reward: -10.550, Length: 40, Loss: 1.1335, Epsilon: 0.100
2026-03-17 07:27:33 | INFO | Episode  219 - Reward: 3.700, Length: 28, Loss: 2.8246, Epsilon: 0.100
2026-03-17 07:27:34 | INFO | Episode  220 - Reward: 6.700, Length: 13, Loss: 1.1733, Epsilon: 0.100
2026-03-17 07:27:35 | INFO | Episode  221 - Reward: 9.450, Length: 12, Loss: 2.3159, Epsilon: 0.100
2026-03-17 07:27:36 | INFO | Episode  222 - Reward: 9.650, Length: 8, Loss: 0.7696, Epsilon: 0.100
2026-03-17 07:27:37 | INFO | Episode  223 - Reward: -1.300, Length: 38, Loss: 2.5927, Epsilon: 0.100
2026-03-17 07:27:38 | INFO | Episode  224 - Reward: 9.650, Length: 8, Loss: 0.7079, Epsilon: 0.100
2026-03-17 07:27:39 | INFO | Episode  225 - Reward: 9.650, Length: 8, Loss: 0.7931, Epsilon: 0.100
2026-03-17 07:27:40 | INFO | Episode  226 - Reward: 9.650, Length: 8, Loss: 0.6724, Epsilon: 0.100
2026-03-17 07:27:41 | INFO | Episode  227 - Reward: 9.650, Length: 8, Loss: 2.3632, Epsilon: 0.100
2026-03-17 07:27:43 | INFO | Episode  228 - Reward: 9.050, Length: 11, Loss: 2.0663, Epsilon: 0.100
2026-03-17 07:27:44 | INFO | Episode  229 - Reward: 5.450, Length: 29, Loss: 2.4418, Epsilon: 0.100
2026-03-17 07:27:44 | INFO | Episode  230 - Reward: 9.650, Length: 8, Loss: 2.2249, Epsilon: 0.100
2026-03-17 07:27:45 | INFO | Episode  231 - Reward: 9.650, Length: 8, Loss: 2.2429, Epsilon: 0.100
2026-03-17 07:27:46 | INFO | Episode  232 - Reward: -8.000, Length: 40, Loss: 1.5314, Epsilon: 0.100
2026-03-17 07:27:47 | INFO | Episode  233 - Reward: 9.050, Length: 17, Loss: 1.6647, Epsilon: 0.100
2026-03-17 07:27:48 | INFO | Episode  234 - Reward: 9.650, Length: 8, Loss: 0.7335, Epsilon: 0.100
2026-03-17 07:27:49 | INFO | Episode  235 - Reward: 9.650, Length: 8, Loss: 1.5538, Epsilon: 0.100
2026-03-17 07:27:50 | INFO | Episode  236 - Reward: 9.650, Length: 8, Loss: 1.6283, Epsilon: 0.100
2026-03-17 07:27:51 | INFO | Episode  237 - Reward: 9.650, Length: 8, Loss: 1.0539, Epsilon: 0.100
2026-03-17 07:27:52 | INFO | Episode  238 - Reward: 9.650, Length: 8, Loss: 1.2447, Epsilon: 0.100
2026-03-17 07:27:53 | INFO | Episode  239 - Reward: 9.650, Length: 8, Loss: 0.7747, Epsilon: 0.100
2026-03-17 07:27:53 | INFO | Episode  240 - Reward: 9.450, Length: 9, Loss: 1.1012, Epsilon: 0.100
2026-03-17 07:27:54 | INFO | Episode  241 - Reward: 9.550, Length: 10, Loss: 2.2047, Epsilon: 0.100
2026-03-17 07:27:55 | INFO | Episode  242 - Reward: 9.650, Length: 8, Loss: 1.9843, Epsilon: 0.100
2026-03-17 07:27:56 | INFO | Episode  243 - Reward: 9.650, Length: 8, Loss: 0.7199, Epsilon: 0.100
2026-03-17 07:27:57 | INFO | Episode  244 - Reward: 9.650, Length: 8, Loss: 0.8361, Epsilon: 0.100
2026-03-17 07:27:58 | INFO | Episode  245 - Reward: 9.650, Length: 8, Loss: 2.5382, Epsilon: 0.100
2026-03-17 07:27:59 | INFO | Episode  246 - Reward: 9.650, Length: 8, Loss: 1.2454, Epsilon: 0.100
2026-03-17 07:28:00 | INFO | Episode  247 - Reward: 9.650, Length: 8, Loss: 2.4483, Epsilon: 0.100
2026-03-17 07:28:01 | INFO | Episode  248 - Reward: 1.050, Length: 33, Loss: 1.1784, Epsilon: 0.100
2026-03-17 07:28:01 | INFO | Episode  249 - Reward: 9.650, Length: 8, Loss: 0.1602, Epsilon: 0.100
2026-03-17 07:28:02 | INFO | Episode  250 - Reward: 9.650, Length: 8, Loss: 3.4468, Epsilon: 0.100
2026-03-17 07:28:15 | INFO | [Episode  250] eps=0.100  avg_reward=   3.865  avg_length= 20.02  avg_loss=  1.5439  eval_success=0.000
