2026-03-17 07:11:28 | INFO | ============================================================
2026-03-17 07:11:28 | INFO | DEVICE / COMPUTE INFORMATION
2026-03-17 07:11:28 | INFO |   JAX backend       : GPU
2026-03-17 07:11:28 | INFO |   Platform          : gpu
2026-03-17 07:11:28 | INFO |   Num devices       : 1
2026-03-17 07:11:28 | INFO |   Device            : cuda:0
2026-03-17 07:11:28 | INFO |   GPU name          : NVIDIA GeForce RTX 5060 Laptop GPU
2026-03-17 07:11:28 | INFO | ============================================================
2026-03-17 07:11:28 | INFO | ✓ JAX GPU backend confirmed.
2026-03-17 07:11:28 | INFO | DQN seed=8_gamma=0.99_lr=0.1
2026-03-17 07:11:30 | INFO | Episode    1 - Reward: -4.700, Length: 40, Loss: 0.0000, Epsilon: 0.991
2026-03-17 07:11:30 | INFO | Episode    2 - Reward: 3.250, Length: 28, Loss: 0.0000, Epsilon: 0.982
2026-03-17 07:11:31 | INFO | Episode    3 - Reward: 6.200, Length: 23, Loss: 0.0000, Epsilon: 0.973
2026-03-17 07:11:34 | INFO | Episode    4 - Reward: -5.150, Length: 40, Loss: 1.5936, Epsilon: 0.964
2026-03-17 07:11:35 | INFO | Episode    5 - Reward: 8.350, Length: 16, Loss: 0.7221, Epsilon: 0.955
2026-03-17 07:11:36 | INFO | Episode    6 - Reward: -6.800, Length: 40, Loss: 0.2140, Epsilon: 0.946
2026-03-17 07:11:37 | INFO | Episode    7 - Reward: -3.950, Length: 40, Loss: 1.4550, Epsilon: 0.937
2026-03-17 07:11:38 | INFO | Episode    8 - Reward: -5.600, Length: 40, Loss: 1.9465, Epsilon: 0.928
2026-03-17 07:11:39 | INFO | Episode    9 - Reward: -5.000, Length: 40, Loss: 0.1324, Epsilon: 0.919
2026-03-17 07:11:39 | INFO | Episode   10 - Reward: -4.700, Length: 40, Loss: 1.0835, Epsilon: 0.910
2026-03-17 07:11:40 | INFO | Episode   11 - Reward: -5.750, Length: 40, Loss: 0.9400, Epsilon: 0.901
2026-03-17 07:11:41 | INFO | Episode   12 - Reward: -9.500, Length: 40, Loss: 0.3275, Epsilon: 0.892
2026-03-17 07:11:42 | INFO | Episode   13 - Reward: 2.550, Length: 39, Loss: 1.0346, Epsilon: 0.883
2026-03-17 07:11:43 | INFO | Episode   14 - Reward: 6.150, Length: 33, Loss: 1.0363, Epsilon: 0.874
2026-03-17 07:11:45 | INFO | Episode   15 - Reward: -9.050, Length: 40, Loss: 0.6704, Epsilon: 0.865
2026-03-17 07:11:46 | INFO | Episode   16 - Reward: 6.050, Length: 35, Loss: 0.3089, Epsilon: 0.856
2026-03-17 07:11:47 | INFO | Episode   17 - Reward: -9.200, Length: 40, Loss: 0.2136, Epsilon: 0.847
2026-03-17 07:11:48 | INFO | Episode   18 - Reward: 7.650, Length: 27, Loss: 0.7283, Epsilon: 0.838
2026-03-17 07:11:49 | INFO | Episode   19 - Reward: -4.700, Length: 40, Loss: 0.6520, Epsilon: 0.829
2026-03-17 07:11:50 | INFO | Episode   20 - Reward: -4.550, Length: 40, Loss: 0.2790, Epsilon: 0.820
2026-03-17 07:11:51 | INFO | Episode   21 - Reward: -6.050, Length: 40, Loss: 0.4544, Epsilon: 0.811
2026-03-17 07:11:52 | INFO | Episode   22 - Reward: -4.700, Length: 40, Loss: 0.0989, Epsilon: 0.802
2026-03-17 07:11:53 | INFO | Episode   23 - Reward: -4.700, Length: 40, Loss: 1.2575, Epsilon: 0.793
2026-03-17 07:11:55 | INFO | Episode   24 - Reward: -9.950, Length: 40, Loss: 2.7007, Epsilon: 0.784
2026-03-17 07:11:56 | INFO | Episode   25 - Reward: 6.150, Length: 39, Loss: 0.6370, Epsilon: 0.775
2026-03-17 07:11:57 | INFO | Episode   26 - Reward: 0.350, Length: 26, Loss: 0.4979, Epsilon: 0.766
2026-03-17 07:11:58 | INFO | Episode   27 - Reward: -7.550, Length: 40, Loss: 0.7305, Epsilon: 0.757
2026-03-17 07:11:59 | INFO | Episode   28 - Reward: -9.800, Length: 40, Loss: 0.4276, Epsilon: 0.748
2026-03-17 07:11:59 | INFO | Episode   29 - Reward: 5.950, Length: 34, Loss: 0.7805, Epsilon: 0.739
2026-03-17 07:12:01 | INFO | Episode   30 - Reward: -3.500, Length: 40, Loss: 0.7158, Epsilon: 0.730
2026-03-17 07:12:02 | INFO | Episode   31 - Reward: 1.000, Length: 34, Loss: 0.5267, Epsilon: 0.721
2026-03-17 07:12:03 | INFO | Episode   32 - Reward: 7.100, Length: 14, Loss: 0.7044, Epsilon: 0.712
2026-03-17 07:12:04 | INFO | Episode   33 - Reward: 7.550, Length: 29, Loss: 1.5613, Epsilon: 0.703
2026-03-17 07:12:05 | INFO | Episode   34 - Reward: 4.700, Length: 35, Loss: 1.6266, Epsilon: 0.694
2026-03-17 07:12:06 | INFO | Episode   35 - Reward: 7.950, Length: 24, Loss: 0.8847, Epsilon: 0.685
2026-03-17 07:12:07 | INFO | Episode   36 - Reward: -6.350, Length: 40, Loss: 0.4323, Epsilon: 0.676
2026-03-17 07:12:08 | INFO | Episode   37 - Reward: 7.650, Length: 24, Loss: 0.5940, Epsilon: 0.667
2026-03-17 07:12:09 | INFO | Episode   38 - Reward: -6.350, Length: 40, Loss: 1.8721, Epsilon: 0.658
2026-03-17 07:12:10 | INFO | Episode   39 - Reward: -5.900, Length: 40, Loss: 0.9824, Epsilon: 0.649
2026-03-17 07:12:11 | INFO | Episode   40 - Reward: -8.900, Length: 40, Loss: 1.0540, Epsilon: 0.640
2026-03-17 07:12:12 | INFO | Episode   41 - Reward: -6.950, Length: 40, Loss: 0.3712, Epsilon: 0.631
2026-03-17 07:12:14 | INFO | Episode   42 - Reward: -6.500, Length: 40, Loss: 0.5421, Epsilon: 0.622
2026-03-17 07:12:15 | INFO | Episode   43 - Reward: 6.000, Length: 18, Loss: 1.6860, Epsilon: 0.613
2026-03-17 07:12:16 | INFO | Episode   44 - Reward: -4.100, Length: 40, Loss: 1.0519, Epsilon: 0.604
2026-03-17 07:12:17 | INFO | Episode   45 - Reward: 6.250, Length: 34, Loss: 0.6216, Epsilon: 0.595
2026-03-17 07:12:18 | INFO | Episode   46 - Reward: -7.850, Length: 40, Loss: 0.5383, Epsilon: 0.586
2026-03-17 07:12:19 | INFO | Episode   47 - Reward: 4.350, Length: 18, Loss: 0.6075, Epsilon: 0.577
2026-03-17 07:12:20 | INFO | Episode   48 - Reward: 7.850, Length: 20, Loss: 0.5937, Epsilon: 0.568
2026-03-17 07:12:21 | INFO | Episode   49 - Reward: 4.850, Length: 20, Loss: 1.3109, Epsilon: 0.559
2026-03-17 07:12:22 | INFO | Episode   50 - Reward: -5.600, Length: 40, Loss: 2.2879, Epsilon: 0.550
2026-03-17 07:12:38 | INFO | [Episode   50] eps=0.550  avg_reward=  -1.310  avg_length= 34.60  avg_loss=  0.8298  eval_success=0.000
2026-03-17 07:12:39 | INFO | Episode   51 - Reward: -4.550, Length: 40, Loss: 1.5746, Epsilon: 0.541
2026-03-17 07:12:40 | INFO | Episode   52 - Reward: -7.250, Length: 40, Loss: 1.0653, Epsilon: 0.532
2026-03-17 07:12:42 | INFO | Episode   53 - Reward: -3.650, Length: 40, Loss: 0.7157, Epsilon: 0.523
2026-03-17 07:12:43 | INFO | Episode   54 - Reward: 9.450, Length: 12, Loss: 0.3844, Epsilon: 0.514
2026-03-17 07:12:44 | INFO | Episode   55 - Reward: 3.700, Length: 40, Loss: 0.3242, Epsilon: 0.505
2026-03-17 07:12:45 | INFO | Episode   56 - Reward: -4.250, Length: 40, Loss: 0.4303, Epsilon: 0.496
2026-03-17 07:12:46 | INFO | Episode   57 - Reward: -6.350, Length: 40, Loss: 0.4060, Epsilon: 0.487
2026-03-17 07:12:47 | INFO | Episode   58 - Reward: 5.300, Length: 26, Loss: 0.2901, Epsilon: 0.478
2026-03-17 07:12:48 | INFO | Episode   59 - Reward: 0.300, Length: 33, Loss: 0.9712, Epsilon: 0.469
2026-03-17 07:12:49 | INFO | Episode   60 - Reward: -5.450, Length: 40, Loss: 1.0787, Epsilon: 0.460
2026-03-17 07:12:50 | INFO | Episode   61 - Reward: 8.550, Length: 18, Loss: 1.0870, Epsilon: 0.451
2026-03-17 07:12:51 | INFO | Episode   62 - Reward: 6.650, Length: 32, Loss: 0.7896, Epsilon: 0.442
2026-03-17 07:12:53 | INFO | Episode   63 - Reward: 0.200, Length: 38, Loss: 0.9660, Epsilon: 0.433
2026-03-17 07:12:54 | INFO | Episode   64 - Reward: -9.500, Length: 40, Loss: 0.6139, Epsilon: 0.424
2026-03-17 07:12:55 | INFO | Episode   65 - Reward: 7.000, Length: 13, Loss: 0.7541, Epsilon: 0.415
2026-03-17 07:12:56 | INFO | Episode   66 - Reward: 4.250, Length: 20, Loss: 0.7903, Epsilon: 0.406
2026-03-17 07:12:57 | INFO | Episode   67 - Reward: -3.450, Length: 39, Loss: 0.5079, Epsilon: 0.397
2026-03-17 07:12:58 | INFO | Episode   68 - Reward: 2.650, Length: 28, Loss: 0.8009, Epsilon: 0.388
2026-03-17 07:12:59 | INFO | Episode   69 - Reward: 7.100, Length: 14, Loss: 0.4649, Epsilon: 0.379
2026-03-17 07:13:00 | INFO | Episode   70 - Reward: 4.750, Length: 16, Loss: 0.5640, Epsilon: 0.370
2026-03-17 07:13:01 | INFO | Episode   71 - Reward: -6.350, Length: 40, Loss: 0.4313, Epsilon: 0.361
2026-03-17 07:13:02 | INFO | Episode   72 - Reward: -7.400, Length: 40, Loss: 0.2725, Epsilon: 0.352
2026-03-17 07:13:03 | INFO | Episode   73 - Reward: 8.450, Length: 17, Loss: 0.6336, Epsilon: 0.343
2026-03-17 07:13:04 | INFO | Episode   74 - Reward: 5.550, Length: 12, Loss: 0.5419, Epsilon: 0.334
2026-03-17 07:13:05 | INFO | Episode   75 - Reward: 9.450, Length: 9, Loss: 0.5293, Epsilon: 0.325
2026-03-17 07:13:06 | INFO | Episode   76 - Reward: 7.500, Length: 9, Loss: 0.8529, Epsilon: 0.316
2026-03-17 07:13:07 | INFO | Episode   77 - Reward: 4.700, Length: 26, Loss: 0.7159, Epsilon: 0.307
2026-03-17 07:13:08 | INFO | Episode   78 - Reward: 7.300, Length: 10, Loss: 2.3506, Epsilon: 0.298
2026-03-17 07:13:09 | INFO | Episode   79 - Reward: 7.700, Length: 8, Loss: 1.1961, Epsilon: 0.289
2026-03-17 07:13:10 | INFO | Episode   80 - Reward: -9.200, Length: 40, Loss: 1.8497, Epsilon: 0.280
2026-03-17 07:13:11 | INFO | Episode   81 - Reward: 1.800, Length: 39, Loss: 0.9362, Epsilon: 0.271
2026-03-17 07:13:13 | INFO | Episode   82 - Reward: -5.150, Length: 40, Loss: 1.5065, Epsilon: 0.262
2026-03-17 07:13:14 | INFO | Episode   83 - Reward: 5.900, Length: 17, Loss: 0.8062, Epsilon: 0.253
2026-03-17 07:13:15 | INFO | Episode   84 - Reward: -6.500, Length: 40, Loss: 1.1423, Epsilon: 0.244
2026-03-17 07:13:16 | INFO | Episode   85 - Reward: 4.700, Length: 23, Loss: 2.4353, Epsilon: 0.235
2026-03-17 07:13:17 | INFO | Episode   86 - Reward: 5.300, Length: 23, Loss: 1.6713, Epsilon: 0.226
2026-03-17 07:13:18 | INFO | Episode   87 - Reward: -6.950, Length: 40, Loss: 4.3714, Epsilon: 0.217
2026-03-17 07:13:19 | INFO | Episode   88 - Reward: -7.400, Length: 40, Loss: 2.6092, Epsilon: 0.208
2026-03-17 07:13:20 | INFO | Episode   89 - Reward: -6.200, Length: 40, Loss: 1.7098, Epsilon: 0.199
2026-03-17 07:13:22 | INFO | Episode   90 - Reward: -6.500, Length: 40, Loss: 1.4470, Epsilon: 0.190
2026-03-17 07:13:23 | INFO | Episode   91 - Reward: -6.200, Length: 40, Loss: 0.4060, Epsilon: 0.181
2026-03-17 07:13:24 | INFO | Episode   92 - Reward: 0.950, Length: 35, Loss: 1.4435, Epsilon: 0.172
2026-03-17 07:13:24 | INFO | Episode   93 - Reward: -6.950, Length: 40, Loss: 0.4795, Epsilon: 0.163
2026-03-17 07:13:25 | INFO | Episode   94 - Reward: 5.850, Length: 30, Loss: 1.4032, Epsilon: 0.154
2026-03-17 07:13:26 | INFO | Episode   95 - Reward: 3.650, Length: 23, Loss: 1.8125, Epsilon: 0.145
2026-03-17 07:13:27 | INFO | Episode   96 - Reward: -15.950, Length: 40, Loss: 1.5625, Epsilon: 0.136
2026-03-17 07:13:28 | INFO | Episode   97 - Reward: -6.650, Length: 40, Loss: 1.9248, Epsilon: 0.127
2026-03-17 07:13:29 | INFO | Episode   98 - Reward: -7.100, Length: 40, Loss: 0.3783, Epsilon: 0.118
2026-03-17 07:13:30 | INFO | Episode   99 - Reward: 6.200, Length: 17, Loss: 0.1333, Epsilon: 0.109
2026-03-17 07:13:30 | INFO | Episode  100 - Reward: 3.200, Length: 35, Loss: 1.5864, Epsilon: 0.100
2026-03-17 07:13:42 | INFO | [Episode  100] eps=0.100  avg_reward=  -0.017  avg_length= 30.04  avg_loss=  1.0744  eval_success=0.000
2026-03-17 07:13:43 | INFO | Episode  101 - Reward: -10.550, Length: 40, Loss: 2.9113, Epsilon: 0.100
2026-03-17 07:13:44 | INFO | Episode  102 - Reward: -6.350, Length: 40, Loss: 0.7221, Epsilon: 0.100
2026-03-17 07:13:45 | INFO | Episode  103 - Reward: -6.800, Length: 40, Loss: 0.1715, Epsilon: 0.100
2026-03-17 07:13:46 | INFO | Episode  104 - Reward: -6.800, Length: 40, Loss: 1.0447, Epsilon: 0.100
2026-03-17 07:13:46 | INFO | Episode  105 - Reward: -8.750, Length: 40, Loss: 1.2177, Epsilon: 0.100
2026-03-17 07:13:47 | INFO | Episode  106 - Reward: -7.400, Length: 40, Loss: 0.9095, Epsilon: 0.100
2026-03-17 07:13:48 | INFO | Episode  107 - Reward: -2.150, Length: 40, Loss: 2.6039, Epsilon: 0.100
2026-03-17 07:13:49 | INFO | Episode  108 - Reward: -7.550, Length: 40, Loss: 2.4519, Epsilon: 0.100
2026-03-17 07:13:50 | INFO | Episode  109 - Reward: -8.600, Length: 40, Loss: 5.0643, Epsilon: 0.100
2026-03-17 07:13:51 | INFO | Episode  110 - Reward: -7.550, Length: 40, Loss: 1.9253, Epsilon: 0.100
2026-03-17 07:13:52 | INFO | Episode  111 - Reward: 0.400, Length: 28, Loss: 0.2793, Epsilon: 0.100
2026-03-17 07:13:52 | INFO | Episode  112 - Reward: -6.800, Length: 40, Loss: 1.9899, Epsilon: 0.100
2026-03-17 07:13:53 | INFO | Episode  113 - Reward: -7.550, Length: 40, Loss: 3.2181, Epsilon: 0.100
2026-03-17 07:13:54 | INFO | Episode  114 - Reward: -7.400, Length: 40, Loss: 1.6025, Epsilon: 0.100
2026-03-17 07:13:55 | INFO | Episode  115 - Reward: -7.400, Length: 40, Loss: 4.1373, Epsilon: 0.100
2026-03-17 07:13:56 | INFO | Episode  116 - Reward: -7.250, Length: 40, Loss: 2.3211, Epsilon: 0.100
2026-03-17 07:13:57 | INFO | Episode  117 - Reward: -8.000, Length: 40, Loss: 1.1039, Epsilon: 0.100
2026-03-17 07:13:58 | INFO | Episode  118 - Reward: -2.150, Length: 40, Loss: 0.8476, Epsilon: 0.100
2026-03-17 07:13:58 | INFO | Episode  119 - Reward: 3.950, Length: 38, Loss: 0.9361, Epsilon: 0.100
2026-03-17 07:13:59 | INFO | Episode  120 - Reward: -7.700, Length: 40, Loss: 2.5882, Epsilon: 0.100
2026-03-17 07:14:00 | INFO | Episode  121 - Reward: -2.150, Length: 40, Loss: 1.3054, Epsilon: 0.100
2026-03-17 07:14:01 | INFO | Episode  122 - Reward: -7.400, Length: 40, Loss: 2.4279, Epsilon: 0.100
2026-03-17 07:14:02 | INFO | Episode  123 - Reward: -7.700, Length: 40, Loss: 0.3533, Epsilon: 0.100
2026-03-17 07:14:03 | INFO | Episode  124 - Reward: -8.000, Length: 40, Loss: 0.1222, Epsilon: 0.100
2026-03-17 07:14:03 | INFO | Episode  125 - Reward: -7.700, Length: 40, Loss: 0.9802, Epsilon: 0.100
2026-03-17 07:14:04 | INFO | Episode  126 - Reward: -2.600, Length: 40, Loss: 2.0622, Epsilon: 0.100
2026-03-17 07:14:05 | INFO | Episode  127 - Reward: -2.300, Length: 40, Loss: 0.7710, Epsilon: 0.100
2026-03-17 07:14:05 | INFO | Episode  128 - Reward: -2.000, Length: 40, Loss: 0.1048, Epsilon: 0.100
2026-03-17 07:14:06 | INFO | Episode  129 - Reward: -6.800, Length: 40, Loss: 2.9528, Epsilon: 0.100
2026-03-17 07:14:07 | INFO | Episode  130 - Reward: -7.550, Length: 40, Loss: 0.2029, Epsilon: 0.100
2026-03-17 07:14:08 | INFO | Episode  131 - Reward: -7.550, Length: 40, Loss: 2.1272, Epsilon: 0.100
2026-03-17 07:14:09 | INFO | Episode  132 - Reward: -7.700, Length: 40, Loss: 3.0138, Epsilon: 0.100
2026-03-17 07:14:10 | INFO | Episode  133 - Reward: -7.700, Length: 40, Loss: 0.2703, Epsilon: 0.100
2026-03-17 07:14:11 | INFO | Episode  134 - Reward: -2.150, Length: 40, Loss: 3.9991, Epsilon: 0.100
2026-03-17 07:14:11 | INFO | Episode  135 - Reward: -7.100, Length: 40, Loss: 1.6890, Epsilon: 0.100
2026-03-17 07:14:12 | INFO | Episode  136 - Reward: -7.100, Length: 40, Loss: 1.7578, Epsilon: 0.100
2026-03-17 07:14:13 | INFO | Episode  137 - Reward: -6.800, Length: 40, Loss: 2.1123, Epsilon: 0.100
2026-03-17 07:14:14 | INFO | Episode  138 - Reward: -8.000, Length: 40, Loss: 2.3969, Epsilon: 0.100
2026-03-17 07:14:15 | INFO | Episode  139 - Reward: -7.700, Length: 40, Loss: 2.8180, Epsilon: 0.100
2026-03-17 07:14:16 | INFO | Episode  140 - Reward: -7.850, Length: 40, Loss: 2.9096, Epsilon: 0.100
2026-03-17 07:14:17 | INFO | Episode  141 - Reward: -7.400, Length: 40, Loss: 2.8026, Epsilon: 0.100
2026-03-17 07:14:18 | INFO | Episode  142 - Reward: -7.700, Length: 40, Loss: 2.7030, Epsilon: 0.100
2026-03-17 07:14:19 | INFO | Episode  143 - Reward: -7.250, Length: 40, Loss: 2.8439, Epsilon: 0.100
2026-03-17 07:14:20 | INFO | Episode  144 - Reward: -7.700, Length: 40, Loss: 1.7427, Epsilon: 0.100
2026-03-17 07:14:21 | INFO | Episode  145 - Reward: -6.950, Length: 40, Loss: 2.8124, Epsilon: 0.100
2026-03-17 07:14:23 | INFO | Episode  146 - Reward: -6.800, Length: 40, Loss: 2.8887, Epsilon: 0.100
2026-03-17 07:14:24 | INFO | Episode  147 - Reward: -7.100, Length: 40, Loss: 3.7851, Epsilon: 0.100
2026-03-17 07:14:25 | INFO | Episode  148 - Reward: -6.950, Length: 40, Loss: 3.8157, Epsilon: 0.100
2026-03-17 07:14:26 | INFO | Episode  149 - Reward: -7.100, Length: 40, Loss: 1.5560, Epsilon: 0.100
2026-03-17 07:14:27 | INFO | Episode  150 - Reward: -7.700, Length: 40, Loss: 0.9626, Epsilon: 0.100
2026-03-17 07:14:42 | INFO | [Episode  150] eps=0.100  avg_reward=  -6.378  avg_length= 39.72  avg_loss=  1.9667  eval_success=0.000
2026-03-17 07:14:43 | INFO | Episode  151 - Reward: -6.800, Length: 40, Loss: 1.3747, Epsilon: 0.100
2026-03-17 07:14:44 | INFO | Episode  152 - Reward: -2.150, Length: 40, Loss: 3.1732, Epsilon: 0.100
2026-03-17 07:14:45 | INFO | Episode  153 - Reward: -7.700, Length: 40, Loss: 6.2057, Epsilon: 0.100
2026-03-17 07:14:47 | INFO | Episode  154 - Reward: -7.400, Length: 40, Loss: 4.9003, Epsilon: 0.100
2026-03-17 07:14:48 | INFO | Episode  155 - Reward: -7.100, Length: 40, Loss: 4.7714, Epsilon: 0.100
2026-03-17 07:14:49 | INFO | Episode  156 - Reward: -8.000, Length: 40, Loss: 0.7849, Epsilon: 0.100
2026-03-17 07:14:50 | INFO | Episode  157 - Reward: -7.400, Length: 40, Loss: 1.7431, Epsilon: 0.100
2026-03-17 07:14:51 | INFO | Episode  158 - Reward: -7.850, Length: 40, Loss: 0.2487, Epsilon: 0.100
2026-03-17 07:14:52 | INFO | Episode  159 - Reward: -7.550, Length: 40, Loss: 0.0192, Epsilon: 0.100
2026-03-17 07:14:53 | INFO | Episode  160 - Reward: -8.000, Length: 40, Loss: 0.0220, Epsilon: 0.100
2026-03-17 07:14:54 | INFO | Episode  161 - Reward: -2.150, Length: 40, Loss: 0.0383, Epsilon: 0.100
2026-03-17 07:14:56 | INFO | Episode  162 - Reward: -2.150, Length: 40, Loss: 3.8249, Epsilon: 0.100
2026-03-17 07:14:57 | INFO | Episode  163 - Reward: -7.550, Length: 40, Loss: 6.4611, Epsilon: 0.100
2026-03-17 07:14:58 | INFO | Episode  164 - Reward: -7.700, Length: 40, Loss: 2.3400, Epsilon: 0.100
2026-03-17 07:14:59 | INFO | Episode  165 - Reward: -6.800, Length: 40, Loss: 3.4457, Epsilon: 0.100
2026-03-17 07:15:00 | INFO | Episode  166 - Reward: -7.100, Length: 40, Loss: 2.0630, Epsilon: 0.100
2026-03-17 07:15:01 | INFO | Episode  167 - Reward: -8.000, Length: 40, Loss: 3.7103, Epsilon: 0.100
2026-03-17 07:15:02 | INFO | Episode  168 - Reward: -7.100, Length: 40, Loss: 3.3006, Epsilon: 0.100
2026-03-17 07:15:03 | INFO | Episode  169 - Reward: -7.550, Length: 40, Loss: 3.5583, Epsilon: 0.100
2026-03-17 07:15:05 | INFO | Episode  170 - Reward: -7.400, Length: 40, Loss: 4.9598, Epsilon: 0.100
2026-03-17 07:15:06 | INFO | Episode  171 - Reward: -7.100, Length: 40, Loss: 3.2693, Epsilon: 0.100
2026-03-17 07:15:07 | INFO | Episode  172 - Reward: -7.550, Length: 40, Loss: 2.5710, Epsilon: 0.100
2026-03-17 07:15:08 | INFO | Episode  173 - Reward: -7.400, Length: 40, Loss: 1.7816, Epsilon: 0.100
2026-03-17 07:15:08 | INFO | Episode  174 - Reward: -6.950, Length: 40, Loss: 2.4689, Epsilon: 0.100
2026-03-17 07:15:09 | INFO | Episode  175 - Reward: -7.550, Length: 40, Loss: 2.4679, Epsilon: 0.100
2026-03-17 07:15:10 | INFO | Episode  176 - Reward: -6.500, Length: 40, Loss: 1.0552, Epsilon: 0.100
2026-03-17 07:15:11 | INFO | Episode  177 - Reward: -7.250, Length: 40, Loss: 5.9304, Epsilon: 0.100
2026-03-17 07:15:12 | INFO | Episode  178 - Reward: -7.250, Length: 40, Loss: 1.2110, Epsilon: 0.100
2026-03-17 07:15:14 | INFO | Episode  179 - Reward: -7.400, Length: 40, Loss: 2.2552, Epsilon: 0.100
2026-03-17 07:15:15 | INFO | Episode  180 - Reward: -7.550, Length: 40, Loss: 2.2272, Epsilon: 0.100
2026-03-17 07:15:16 | INFO | Episode  181 - Reward: -6.950, Length: 40, Loss: 1.4736, Epsilon: 0.100
2026-03-17 07:15:17 | INFO | Episode  182 - Reward: -2.300, Length: 40, Loss: 2.7262, Epsilon: 0.100
2026-03-17 07:15:18 | INFO | Episode  183 - Reward: -7.100, Length: 40, Loss: 2.6047, Epsilon: 0.100
2026-03-17 07:15:19 | INFO | Episode  184 - Reward: -2.150, Length: 40, Loss: 2.5718, Epsilon: 0.100
2026-03-17 07:15:20 | INFO | Episode  185 - Reward: -7.700, Length: 40, Loss: 2.1724, Epsilon: 0.100
2026-03-17 07:15:21 | INFO | Episode  186 - Reward: -7.550, Length: 40, Loss: 0.6513, Epsilon: 0.100
2026-03-17 07:15:23 | INFO | Episode  187 - Reward: -6.950, Length: 40, Loss: 1.2919, Epsilon: 0.100
2026-03-17 07:15:24 | INFO | Episode  188 - Reward: -7.700, Length: 40, Loss: 3.0220, Epsilon: 0.100
2026-03-17 07:15:25 | INFO | Episode  189 - Reward: -7.400, Length: 40, Loss: 1.9942, Epsilon: 0.100
2026-03-17 07:15:26 | INFO | Episode  190 - Reward: -6.050, Length: 40, Loss: 1.8242, Epsilon: 0.100
2026-03-17 07:15:27 | INFO | Episode  191 - Reward: 4.100, Length: 35, Loss: 2.0237, Epsilon: 0.100
2026-03-17 07:15:28 | INFO | Episode  192 - Reward: -7.250, Length: 40, Loss: 3.2296, Epsilon: 0.100
2026-03-17 07:15:29 | INFO | Episode  193 - Reward: -7.700, Length: 40, Loss: 2.5972, Epsilon: 0.100
2026-03-17 07:15:30 | INFO | Episode  194 - Reward: -7.550, Length: 40, Loss: 2.4469, Epsilon: 0.100
2026-03-17 07:15:32 | INFO | Episode  195 - Reward: -7.700, Length: 40, Loss: 1.2104, Epsilon: 0.100
2026-03-17 07:15:33 | INFO | Episode  196 - Reward: -7.700, Length: 40, Loss: 0.6230, Epsilon: 0.100
2026-03-17 07:15:34 | INFO | Episode  197 - Reward: -2.000, Length: 40, Loss: 0.6327, Epsilon: 0.100
2026-03-17 07:15:35 | INFO | Episode  198 - Reward: 2.600, Length: 35, Loss: 2.3563, Epsilon: 0.100
2026-03-17 07:15:36 | INFO | Episode  199 - Reward: 9.450, Length: 9, Loss: 1.5365, Epsilon: 0.100
2026-03-17 07:15:37 | INFO | Episode  200 - Reward: 5.950, Length: 28, Loss: 2.8605, Epsilon: 0.100
2026-03-17 07:15:52 | INFO | [Episode  200] eps=0.100  avg_reward=  -5.712  avg_length= 38.94  avg_loss=  2.4406  eval_success=0.000
2026-03-17 07:15:54 | INFO | Episode  201 - Reward: -2.000, Length: 40, Loss: 2.7060, Epsilon: 0.100
2026-03-17 07:15:55 | INFO | Episode  202 - Reward: -7.550, Length: 40, Loss: 2.2511, Epsilon: 0.100
2026-03-17 07:15:56 | INFO | Episode  203 - Reward: -7.400, Length: 40, Loss: 2.6875, Epsilon: 0.100
2026-03-17 07:15:57 | INFO | Episode  204 - Reward: 7.250, Length: 29, Loss: 2.1936, Epsilon: 0.100
2026-03-17 07:15:58 | INFO | Episode  205 - Reward: 3.300, Length: 30, Loss: 1.8402, Epsilon: 0.100
2026-03-17 07:15:59 | INFO | Episode  206 - Reward: -2.150, Length: 40, Loss: 2.0304, Epsilon: 0.100
2026-03-17 07:16:00 | INFO | Episode  207 - Reward: -7.850, Length: 40, Loss: 1.0959, Epsilon: 0.100
2026-03-17 07:16:01 | INFO | Episode  208 - Reward: -4.850, Length: 40, Loss: 1.5732, Epsilon: 0.100
2026-03-17 07:16:02 | INFO | Episode  209 - Reward: 5.700, Length: 21, Loss: 0.5172, Epsilon: 0.100
2026-03-17 07:16:03 | INFO | Episode  210 - Reward: 5.700, Length: 18, Loss: 0.5607, Epsilon: 0.100
2026-03-17 07:16:05 | INFO | Episode  211 - Reward: -7.850, Length: 40, Loss: 0.9654, Epsilon: 0.100
2026-03-17 07:16:06 | INFO | Episode  212 - Reward: -8.600, Length: 40, Loss: 2.0390, Epsilon: 0.100
2026-03-17 07:16:07 | INFO | Episode  213 - Reward: 9.550, Length: 10, Loss: 1.6551, Epsilon: 0.100
2026-03-17 07:16:08 | INFO | Episode  214 - Reward: -7.850, Length: 40, Loss: 2.3581, Epsilon: 0.100
2026-03-17 07:16:09 | INFO | Episode  215 - Reward: -8.000, Length: 40, Loss: 1.6104, Epsilon: 0.100
2026-03-17 07:16:10 | INFO | Episode  216 - Reward: -7.400, Length: 40, Loss: 1.3693, Epsilon: 0.100
2026-03-17 07:16:11 | INFO | Episode  217 - Reward: -7.100, Length: 40, Loss: 0.5668, Epsilon: 0.100
2026-03-17 07:16:11 | INFO | Episode  218 - Reward: -2.450, Length: 40, Loss: 1.0537, Epsilon: 0.100
2026-03-17 07:16:13 | INFO | Episode  219 - Reward: 9.650, Length: 8, Loss: 2.0842, Epsilon: 0.100
2026-03-17 07:16:14 | INFO | Episode  220 - Reward: -7.400, Length: 40, Loss: 1.6994, Epsilon: 0.100
2026-03-17 07:16:15 | INFO | Episode  221 - Reward: -2.450, Length: 40, Loss: 1.9620, Epsilon: 0.100
2026-03-17 07:16:16 | INFO | Episode  222 - Reward: 4.900, Length: 31, Loss: 2.7889, Epsilon: 0.100
2026-03-17 07:16:16 | INFO | Episode  223 - Reward: -7.700, Length: 40, Loss: 0.1776, Epsilon: 0.100
2026-03-17 07:16:17 | INFO | Episode  224 - Reward: -7.700, Length: 40, Loss: 3.1936, Epsilon: 0.100
2026-03-17 07:16:18 | INFO | Episode  225 - Reward: -7.400, Length: 40, Loss: 2.7872, Epsilon: 0.100
2026-03-17 07:16:19 | INFO | Episode  226 - Reward: -7.850, Length: 40, Loss: 0.6735, Epsilon: 0.100
2026-03-17 07:16:20 | INFO | Episode  227 - Reward: -6.650, Length: 40, Loss: 1.1074, Epsilon: 0.100
2026-03-17 07:16:21 | INFO | Episode  228 - Reward: -7.400, Length: 40, Loss: 1.1482, Epsilon: 0.100
2026-03-17 07:16:22 | INFO | Episode  229 - Reward: -8.600, Length: 40, Loss: 1.0592, Epsilon: 0.100
2026-03-17 07:16:22 | INFO | Episode  230 - Reward: -7.250, Length: 40, Loss: 1.5633, Epsilon: 0.100
2026-03-17 07:16:23 | INFO | Episode  231 - Reward: 2.900, Length: 32, Loss: 2.4384, Epsilon: 0.100
2026-03-17 07:16:24 | INFO | Episode  232 - Reward: -7.550, Length: 40, Loss: 2.2249, Epsilon: 0.100
2026-03-17 07:16:25 | INFO | Episode  233 - Reward: 9.050, Length: 17, Loss: 1.6529, Epsilon: 0.100
2026-03-17 07:16:26 | INFO | Episode  234 - Reward: -7.850, Length: 40, Loss: 2.1373, Epsilon: 0.100
2026-03-17 07:16:27 | INFO | Episode  235 - Reward: -5.750, Length: 40, Loss: 1.4357, Epsilon: 0.100
2026-03-17 07:16:28 | INFO | Episode  236 - Reward: -7.550, Length: 40, Loss: 0.8414, Epsilon: 0.100
2026-03-17 07:16:29 | INFO | Episode  237 - Reward: -6.950, Length: 40, Loss: 0.4214, Epsilon: 0.100
2026-03-17 07:16:29 | INFO | Episode  238 - Reward: -2.000, Length: 40, Loss: 0.0739, Epsilon: 0.100
2026-03-17 07:16:30 | INFO | Episode  239 - Reward: -6.950, Length: 40, Loss: 0.4449, Epsilon: 0.100
2026-03-17 07:16:31 | INFO | Episode  240 - Reward: -7.400, Length: 40, Loss: 1.2393, Epsilon: 0.100
2026-03-17 07:16:32 | INFO | Episode  241 - Reward: -2.300, Length: 40, Loss: 1.7901, Epsilon: 0.100
2026-03-17 07:16:33 | INFO | Episode  242 - Reward: -7.100, Length: 40, Loss: 2.2674, Epsilon: 0.100
2026-03-17 07:16:34 | INFO | Episode  243 - Reward: -7.400, Length: 40, Loss: 0.6365, Epsilon: 0.100
2026-03-17 07:16:35 | INFO | Episode  244 - Reward: -5.150, Length: 40, Loss: 1.1592, Epsilon: 0.100
2026-03-17 07:16:36 | INFO | Episode  245 - Reward: -7.250, Length: 40, Loss: 0.5041, Epsilon: 0.100
2026-03-17 07:16:36 | INFO | Episode  246 - Reward: -7.550, Length: 40, Loss: 0.4661, Epsilon: 0.100
2026-03-17 07:16:37 | INFO | Episode  247 - Reward: 9.250, Length: 10, Loss: 2.0307, Epsilon: 0.100
2026-03-17 07:16:38 | INFO | Episode  248 - Reward: -7.550, Length: 40, Loss: 1.4624, Epsilon: 0.100
2026-03-17 07:16:39 | INFO | Episode  249 - Reward: -7.850, Length: 40, Loss: 1.5280, Epsilon: 0.100
2026-03-17 07:16:40 | INFO | Episode  250 - Reward: -5.300, Length: 40, Loss: 2.0865, Epsilon: 0.100
2026-03-17 07:16:52 | INFO | [Episode  250] eps=0.100  avg_reward=  -3.873  avg_length= 36.12  avg_loss=  1.5232  eval_success=0.000
