2026-03-17 07:17:58 | INFO | ============================================================
2026-03-17 07:17:58 | INFO | DEVICE / COMPUTE INFORMATION
2026-03-17 07:17:58 | INFO |   JAX backend       : GPU
2026-03-17 07:17:58 | INFO |   Platform          : gpu
2026-03-17 07:17:58 | INFO |   Num devices       : 1
2026-03-17 07:17:58 | INFO |   Device            : cuda:0
2026-03-17 07:17:58 | INFO |   GPU name          : NVIDIA GeForce RTX 5060 Laptop GPU
2026-03-17 07:17:58 | INFO | ============================================================
2026-03-17 07:17:58 | INFO | ✓ JAX GPU backend confirmed.
2026-03-17 07:17:59 | INFO | DQN seed=8_gamma=0.99_lr=0.01
2026-03-17 07:18:01 | INFO | Episode    1 - Reward: -4.700, Length: 40, Loss: 0.0000, Epsilon: 0.991
2026-03-17 07:18:02 | INFO | Episode    2 - Reward: 3.250, Length: 28, Loss: 0.0000, Epsilon: 0.982
2026-03-17 07:18:03 | INFO | Episode    3 - Reward: 6.200, Length: 23, Loss: 0.0000, Epsilon: 0.973
2026-03-17 07:18:08 | INFO | Episode    4 - Reward: -5.150, Length: 40, Loss: 1.6076, Epsilon: 0.964
2026-03-17 07:18:09 | INFO | Episode    5 - Reward: 8.350, Length: 16, Loss: 0.7728, Epsilon: 0.955
2026-03-17 07:18:10 | INFO | Episode    6 - Reward: -5.300, Length: 40, Loss: 0.0880, Epsilon: 0.946
2026-03-17 07:18:11 | INFO | Episode    7 - Reward: -3.950, Length: 40, Loss: 1.5016, Epsilon: 0.937
2026-03-17 07:18:12 | INFO | Episode    8 - Reward: -5.600, Length: 40, Loss: 2.1103, Epsilon: 0.928
2026-03-17 07:18:13 | INFO | Episode    9 - Reward: -5.000, Length: 40, Loss: 0.0744, Epsilon: 0.919
2026-03-17 07:18:14 | INFO | Episode   10 - Reward: -5.000, Length: 40, Loss: 1.3915, Epsilon: 0.910
2026-03-17 07:18:16 | INFO | Episode   11 - Reward: -5.750, Length: 40, Loss: 1.3655, Epsilon: 0.901
2026-03-17 07:18:17 | INFO | Episode   12 - Reward: -9.800, Length: 40, Loss: 0.2464, Epsilon: 0.892
2026-03-17 07:18:17 | INFO | Episode   13 - Reward: -4.850, Length: 40, Loss: 1.9533, Epsilon: 0.883
2026-03-17 07:18:18 | INFO | Episode   14 - Reward: 5.950, Length: 34, Loss: 0.7588, Epsilon: 0.874
2026-03-17 07:18:19 | INFO | Episode   15 - Reward: -4.400, Length: 40, Loss: 0.2165, Epsilon: 0.865
2026-03-17 07:18:21 | INFO | Episode   16 - Reward: 6.050, Length: 35, Loss: 1.8708, Epsilon: 0.856
2026-03-17 07:18:22 | INFO | Episode   17 - Reward: 2.650, Length: 34, Loss: 0.1253, Epsilon: 0.847
2026-03-17 07:18:23 | INFO | Episode   18 - Reward: 7.950, Length: 27, Loss: 0.7339, Epsilon: 0.838
2026-03-17 07:18:24 | INFO | Episode   19 - Reward: -4.700, Length: 40, Loss: 0.7374, Epsilon: 0.829
2026-03-17 07:18:25 | INFO | Episode   20 - Reward: -4.100, Length: 40, Loss: 1.2497, Epsilon: 0.820
2026-03-17 07:18:26 | INFO | Episode   21 - Reward: -6.050, Length: 40, Loss: 0.6855, Epsilon: 0.811
2026-03-17 07:18:27 | INFO | Episode   22 - Reward: -4.700, Length: 40, Loss: 0.1299, Epsilon: 0.802
2026-03-17 07:18:28 | INFO | Episode   23 - Reward: -4.700, Length: 40, Loss: 0.1456, Epsilon: 0.793
2026-03-17 07:18:29 | INFO | Episode   24 - Reward: -5.600, Length: 40, Loss: 0.0922, Epsilon: 0.784
2026-03-17 07:18:30 | INFO | Episode   25 - Reward: 8.650, Length: 16, Loss: 1.1535, Epsilon: 0.775
2026-03-17 07:18:31 | INFO | Episode   26 - Reward: 0.350, Length: 26, Loss: 1.1706, Epsilon: 0.766
2026-03-17 07:18:32 | INFO | Episode   27 - Reward: 4.300, Length: 37, Loss: 3.1875, Epsilon: 0.757
2026-03-17 07:18:33 | INFO | Episode   28 - Reward: -4.550, Length: 40, Loss: 0.6816, Epsilon: 0.748
2026-03-17 07:18:34 | INFO | Episode   29 - Reward: 6.150, Length: 33, Loss: 0.5998, Epsilon: 0.739
2026-03-17 07:18:36 | INFO | Episode   30 - Reward: 4.150, Length: 25, Loss: 1.1554, Epsilon: 0.730
2026-03-17 07:18:37 | INFO | Episode   31 - Reward: 5.800, Length: 25, Loss: 1.7630, Epsilon: 0.721
2026-03-17 07:18:38 | INFO | Episode   32 - Reward: 6.800, Length: 14, Loss: 0.7488, Epsilon: 0.712
2026-03-17 07:18:39 | INFO | Episode   33 - Reward: 6.100, Length: 28, Loss: 1.0797, Epsilon: 0.703
2026-03-17 07:18:40 | INFO | Episode   34 - Reward: -8.300, Length: 40, Loss: 0.6328, Epsilon: 0.694
2026-03-17 07:18:41 | INFO | Episode   35 - Reward: 7.950, Length: 24, Loss: 1.9798, Epsilon: 0.685
2026-03-17 07:18:42 | INFO | Episode   36 - Reward: 8.050, Length: 25, Loss: 0.5479, Epsilon: 0.676
2026-03-17 07:18:43 | INFO | Episode   37 - Reward: 7.850, Length: 23, Loss: 0.6452, Epsilon: 0.667
2026-03-17 07:18:44 | INFO | Episode   38 - Reward: 4.300, Length: 37, Loss: 0.9892, Epsilon: 0.658
2026-03-17 07:18:45 | INFO | Episode   39 - Reward: 8.650, Length: 19, Loss: 0.6883, Epsilon: 0.649
2026-03-17 07:18:46 | INFO | Episode   40 - Reward: -8.900, Length: 40, Loss: 0.1885, Epsilon: 0.640
2026-03-17 07:18:48 | INFO | Episode   41 - Reward: -6.950, Length: 40, Loss: 0.5796, Epsilon: 0.631
2026-03-17 07:18:49 | INFO | Episode   42 - Reward: -6.500, Length: 40, Loss: 0.1888, Epsilon: 0.622
2026-03-17 07:18:49 | INFO | Episode   43 - Reward: 8.850, Length: 15, Loss: 0.9847, Epsilon: 0.613
2026-03-17 07:18:50 | INFO | Episode   44 - Reward: 8.850, Length: 18, Loss: 0.1722, Epsilon: 0.604
2026-03-17 07:18:51 | INFO | Episode   45 - Reward: 8.350, Length: 22, Loss: 1.7406, Epsilon: 0.595
2026-03-17 07:18:52 | INFO | Episode   46 - Reward: -7.850, Length: 40, Loss: 1.2014, Epsilon: 0.586
2026-03-17 07:18:53 | INFO | Episode   47 - Reward: 5.900, Length: 20, Loss: 1.4469, Epsilon: 0.577
2026-03-17 07:18:55 | INFO | Episode   48 - Reward: 8.650, Length: 16, Loss: 1.3158, Epsilon: 0.568
2026-03-17 07:18:56 | INFO | Episode   49 - Reward: 8.550, Length: 21, Loss: 0.2063, Epsilon: 0.559
2026-03-17 07:18:57 | INFO | Episode   50 - Reward: 8.850, Length: 15, Loss: 0.5802, Epsilon: 0.550
2026-03-17 07:19:01 | INFO | [Episode   50] eps=0.550  avg_reward=   0.902  avg_length= 31.52  avg_loss=  0.8697  eval_success=1.000
2026-03-17 07:19:03 | INFO | Episode   51 - Reward: -11.900, Length: 40, Loss: 0.9006, Epsilon: 0.541
2026-03-17 07:19:04 | INFO | Episode   52 - Reward: -6.650, Length: 40, Loss: 0.9686, Epsilon: 0.532
2026-03-17 07:19:05 | INFO | Episode   53 - Reward: 6.300, Length: 21, Loss: 0.6330, Epsilon: 0.523
2026-03-17 07:19:06 | INFO | Episode   54 - Reward: 7.650, Length: 24, Loss: 0.8212, Epsilon: 0.514
2026-03-17 07:19:07 | INFO | Episode   55 - Reward: 5.550, Length: 36, Loss: 1.6432, Epsilon: 0.505
2026-03-17 07:19:08 | INFO | Episode   56 - Reward: -5.450, Length: 40, Loss: 0.7634, Epsilon: 0.496
2026-03-17 07:19:09 | INFO | Episode   57 - Reward: 6.700, Length: 13, Loss: 1.2368, Epsilon: 0.487
2026-03-17 07:19:10 | INFO | Episode   58 - Reward: 3.650, Length: 26, Loss: 1.2134, Epsilon: 0.478
2026-03-17 07:19:11 | INFO | Episode   59 - Reward: 8.550, Length: 15, Loss: 1.5025, Epsilon: 0.469
2026-03-17 07:19:12 | INFO | Episode   60 - Reward: 9.050, Length: 14, Loss: 0.5028, Epsilon: 0.460
2026-03-17 07:19:13 | INFO | Episode   61 - Reward: 8.950, Length: 16, Loss: 0.4458, Epsilon: 0.451
2026-03-17 07:19:14 | INFO | Episode   62 - Reward: 6.650, Length: 32, Loss: 1.0864, Epsilon: 0.442
2026-03-17 07:19:15 | INFO | Episode   63 - Reward: 8.550, Length: 18, Loss: 1.2804, Epsilon: 0.433
2026-03-17 07:19:16 | INFO | Episode   64 - Reward: -7.250, Length: 40, Loss: 1.4742, Epsilon: 0.424
2026-03-17 07:19:17 | INFO | Episode   65 - Reward: 6.000, Length: 18, Loss: 1.1691, Epsilon: 0.415
2026-03-17 07:19:19 | INFO | Episode   66 - Reward: 5.050, Length: 16, Loss: 0.8621, Epsilon: 0.406
2026-03-17 07:19:20 | INFO | Episode   67 - Reward: -3.450, Length: 39, Loss: 1.2227, Epsilon: 0.397
2026-03-17 07:19:20 | INFO | Episode   68 - Reward: -9.350, Length: 40, Loss: 0.9044, Epsilon: 0.388
2026-03-17 07:19:21 | INFO | Episode   69 - Reward: 7.100, Length: 14, Loss: 1.8954, Epsilon: 0.379
2026-03-17 07:19:22 | INFO | Episode   70 - Reward: 5.850, Length: 30, Loss: 0.9820, Epsilon: 0.370
2026-03-17 07:19:23 | INFO | Episode   71 - Reward: -5.000, Length: 40, Loss: 0.4772, Epsilon: 0.361
2026-03-17 07:19:24 | INFO | Episode   72 - Reward: -5.600, Length: 40, Loss: 1.3891, Epsilon: 0.352
2026-03-17 07:19:25 | INFO | Episode   73 - Reward: 8.450, Length: 17, Loss: 1.2181, Epsilon: 0.343
2026-03-17 07:19:26 | INFO | Episode   74 - Reward: 5.550, Length: 12, Loss: 1.1993, Epsilon: 0.334
2026-03-17 07:19:27 | INFO | Episode   75 - Reward: -7.550, Length: 40, Loss: 0.6552, Epsilon: 0.325
2026-03-17 07:19:28 | INFO | Episode   76 - Reward: 8.350, Length: 16, Loss: 0.4551, Epsilon: 0.316
2026-03-17 07:19:29 | INFO | Episode   77 - Reward: -6.350, Length: 40, Loss: 0.9065, Epsilon: 0.307
2026-03-17 07:19:29 | INFO | Episode   78 - Reward: 6.150, Length: 27, Loss: 1.3435, Epsilon: 0.298
2026-03-17 07:19:30 | INFO | Episode   79 - Reward: 9.650, Length: 8, Loss: 1.5832, Epsilon: 0.289
2026-03-17 07:19:31 | INFO | Episode   80 - Reward: 9.350, Length: 11, Loss: 0.8279, Epsilon: 0.280
2026-03-17 07:19:32 | INFO | Episode   81 - Reward: 9.050, Length: 11, Loss: 0.6955, Epsilon: 0.271
2026-03-17 07:19:33 | INFO | Episode   82 - Reward: 9.650, Length: 8, Loss: 0.8063, Epsilon: 0.262
2026-03-17 07:19:34 | INFO | Episode   83 - Reward: -6.200, Length: 40, Loss: 1.1016, Epsilon: 0.253
2026-03-17 07:19:35 | INFO | Episode   84 - Reward: 5.350, Length: 37, Loss: 0.9528, Epsilon: 0.244
2026-03-17 07:19:35 | INFO | Episode   85 - Reward: 9.150, Length: 15, Loss: 0.6601, Epsilon: 0.235
2026-03-17 07:19:36 | INFO | Episode   86 - Reward: 5.900, Length: 23, Loss: 0.3588, Epsilon: 0.226
2026-03-17 07:19:37 | INFO | Episode   87 - Reward: 7.700, Length: 8, Loss: 0.5569, Epsilon: 0.217
2026-03-17 07:19:38 | INFO | Episode   88 - Reward: -7.400, Length: 40, Loss: 0.2769, Epsilon: 0.208
2026-03-17 07:19:39 | INFO | Episode   89 - Reward: 9.650, Length: 8, Loss: 1.4751, Epsilon: 0.199
2026-03-17 07:19:40 | INFO | Episode   90 - Reward: -6.500, Length: 40, Loss: 0.3974, Epsilon: 0.190
2026-03-17 07:19:40 | INFO | Episode   91 - Reward: -8.000, Length: 40, Loss: 0.5825, Epsilon: 0.181
2026-03-17 07:19:41 | INFO | Episode   92 - Reward: 9.650, Length: 8, Loss: 0.3201, Epsilon: 0.172
2026-03-17 07:19:42 | INFO | Episode   93 - Reward: 9.650, Length: 8, Loss: 0.8290, Epsilon: 0.163
2026-03-17 07:19:43 | INFO | Episode   94 - Reward: 9.650, Length: 8, Loss: 0.7713, Epsilon: 0.154
2026-03-17 07:19:44 | INFO | Episode   95 - Reward: 7.750, Length: 22, Loss: 0.8259, Epsilon: 0.145
2026-03-17 07:19:45 | INFO | Episode   96 - Reward: 7.450, Length: 22, Loss: 0.6070, Epsilon: 0.136
2026-03-17 07:19:45 | INFO | Episode   97 - Reward: 9.650, Length: 8, Loss: 0.9036, Epsilon: 0.127
2026-03-17 07:19:46 | INFO | Episode   98 - Reward: -7.100, Length: 40, Loss: 1.1573, Epsilon: 0.118
2026-03-17 07:19:47 | INFO | Episode   99 - Reward: 7.050, Length: 24, Loss: 0.9561, Epsilon: 0.109
2026-03-17 07:19:48 | INFO | Episode  100 - Reward: 9.550, Length: 10, Loss: 1.2026, Epsilon: 0.100
2026-03-17 07:19:51 | INFO | [Episode  100] eps=0.100  avg_reward=   3.324  avg_length= 24.06  avg_loss=  0.9400  eval_success=1.000
2026-03-17 07:19:52 | INFO | Episode  101 - Reward: 9.650, Length: 8, Loss: 1.0257, Epsilon: 0.100
2026-03-17 07:19:52 | INFO | Episode  102 - Reward: -7.400, Length: 40, Loss: 0.9110, Epsilon: 0.100
2026-03-17 07:19:52 | INFO | Episode  103 - Reward: 9.650, Length: 8, Loss: 0.9094, Epsilon: 0.100
2026-03-17 07:19:53 | INFO | Episode  104 - Reward: 9.650, Length: 8, Loss: 0.6772, Epsilon: 0.100
2026-03-17 07:19:54 | INFO | Episode  105 - Reward: 9.650, Length: 8, Loss: 0.7628, Epsilon: 0.100
2026-03-17 07:19:55 | INFO | Episode  106 - Reward: 4.100, Length: 26, Loss: 1.4032, Epsilon: 0.100
2026-03-17 07:19:56 | INFO | Episode  107 - Reward: 9.650, Length: 8, Loss: 0.7687, Epsilon: 0.100
2026-03-17 07:19:57 | INFO | Episode  108 - Reward: 9.450, Length: 9, Loss: 1.7501, Epsilon: 0.100
2026-03-17 07:19:58 | INFO | Episode  109 - Reward: 9.650, Length: 8, Loss: 0.5376, Epsilon: 0.100
2026-03-17 07:19:58 | INFO | Episode  110 - Reward: 9.650, Length: 8, Loss: 0.6419, Epsilon: 0.100
2026-03-17 07:19:59 | INFO | Episode  111 - Reward: 9.650, Length: 8, Loss: 0.9198, Epsilon: 0.100
2026-03-17 07:20:00 | INFO | Episode  112 - Reward: -9.800, Length: 40, Loss: 1.0243, Epsilon: 0.100
2026-03-17 07:20:01 | INFO | Episode  113 - Reward: -7.550, Length: 40, Loss: 0.5700, Epsilon: 0.100
2026-03-17 07:20:02 | INFO | Episode  114 - Reward: -7.400, Length: 40, Loss: 0.8648, Epsilon: 0.100
2026-03-17 07:20:03 | INFO | Episode  115 - Reward: 9.650, Length: 8, Loss: 0.7353, Epsilon: 0.100
2026-03-17 07:20:04 | INFO | Episode  116 - Reward: 9.550, Length: 10, Loss: 0.7700, Epsilon: 0.100
2026-03-17 07:20:04 | INFO | Episode  117 - Reward: 9.650, Length: 8, Loss: 0.9521, Epsilon: 0.100
2026-03-17 07:20:05 | INFO | Episode  118 - Reward: 9.650, Length: 8, Loss: 0.7172, Epsilon: 0.100
2026-03-17 07:20:06 | INFO | Episode  119 - Reward: 9.550, Length: 10, Loss: 0.6507, Epsilon: 0.100
2026-03-17 07:20:07 | INFO | Episode  120 - Reward: -10.550, Length: 40, Loss: 1.3934, Epsilon: 0.100
2026-03-17 07:20:08 | INFO | Episode  121 - Reward: 4.050, Length: 18, Loss: 0.3344, Epsilon: 0.100
2026-03-17 07:20:09 | INFO | Episode  122 - Reward: 9.650, Length: 8, Loss: 0.7566, Epsilon: 0.100
2026-03-17 07:20:09 | INFO | Episode  123 - Reward: -7.850, Length: 40, Loss: 0.5356, Epsilon: 0.100
2026-03-17 07:20:10 | INFO | Episode  124 - Reward: 9.450, Length: 9, Loss: 1.1367, Epsilon: 0.100
2026-03-17 07:20:11 | INFO | Episode  125 - Reward: -6.950, Length: 40, Loss: 1.1832, Epsilon: 0.100
2026-03-17 07:20:12 | INFO | Episode  126 - Reward: 9.650, Length: 8, Loss: 0.8143, Epsilon: 0.100
2026-03-17 07:20:13 | INFO | Episode  127 - Reward: 7.850, Length: 17, Loss: 0.9453, Epsilon: 0.100
2026-03-17 07:20:14 | INFO | Episode  128 - Reward: -8.900, Length: 40, Loss: 1.3657, Epsilon: 0.100
2026-03-17 07:20:15 | INFO | Episode  129 - Reward: 9.650, Length: 8, Loss: 1.2796, Epsilon: 0.100
2026-03-17 07:20:16 | INFO | Episode  130 - Reward: 9.650, Length: 8, Loss: 0.3996, Epsilon: 0.100
2026-03-17 07:20:17 | INFO | Episode  131 - Reward: -6.350, Length: 40, Loss: 1.1396, Epsilon: 0.100
2026-03-17 07:20:18 | INFO | Episode  132 - Reward: 9.650, Length: 8, Loss: 1.5852, Epsilon: 0.100
2026-03-17 07:20:18 | INFO | Episode  133 - Reward: 9.650, Length: 8, Loss: 0.6433, Epsilon: 0.100
2026-03-17 07:20:19 | INFO | Episode  134 - Reward: 9.650, Length: 8, Loss: 0.9518, Epsilon: 0.100
2026-03-17 07:20:20 | INFO | Episode  135 - Reward: 7.550, Length: 20, Loss: 0.6324, Epsilon: 0.100
2026-03-17 07:20:21 | INFO | Episode  136 - Reward: 1.800, Length: 39, Loss: 0.6518, Epsilon: 0.100
2026-03-17 07:20:22 | INFO | Episode  137 - Reward: 9.650, Length: 8, Loss: 0.8411, Epsilon: 0.100
2026-03-17 07:20:23 | INFO | Episode  138 - Reward: 9.650, Length: 8, Loss: 0.9807, Epsilon: 0.100
2026-03-17 07:20:23 | INFO | Episode  139 - Reward: 9.650, Length: 8, Loss: 0.9145, Epsilon: 0.100
2026-03-17 07:20:24 | INFO | Episode  140 - Reward: -7.100, Length: 40, Loss: 1.7712, Epsilon: 0.100
2026-03-17 07:20:24 | INFO | Episode  141 - Reward: 7.400, Length: 11, Loss: 1.0078, Epsilon: 0.100
2026-03-17 07:20:25 | INFO | Episode  142 - Reward: -7.100, Length: 40, Loss: 0.8636, Epsilon: 0.100
2026-03-17 07:20:26 | INFO | Episode  143 - Reward: 9.650, Length: 8, Loss: 0.6909, Epsilon: 0.100
2026-03-17 07:20:27 | INFO | Episode  144 - Reward: -6.800, Length: 40, Loss: 0.5025, Epsilon: 0.100
2026-03-17 07:20:28 | INFO | Episode  145 - Reward: 7.550, Length: 20, Loss: 1.0018, Epsilon: 0.100
2026-03-17 07:20:29 | INFO | Episode  146 - Reward: 7.450, Length: 19, Loss: 1.0081, Epsilon: 0.100
2026-03-17 07:20:30 | INFO | Episode  147 - Reward: 5.350, Length: 31, Loss: 0.5824, Epsilon: 0.100
2026-03-17 07:20:31 | INFO | Episode  148 - Reward: 9.550, Length: 10, Loss: 0.5392, Epsilon: 0.100
2026-03-17 07:20:32 | INFO | Episode  149 - Reward: 7.500, Length: 9, Loss: 1.0615, Epsilon: 0.100
2026-03-17 07:20:33 | INFO | Episode  150 - Reward: -8.150, Length: 40, Loss: 1.1997, Epsilon: 0.100
2026-03-17 07:20:49 | INFO | [Episode  150] eps=0.100  avg_reward=   4.371  avg_length= 19.08  avg_loss=  0.9061  eval_success=0.000
2026-03-17 07:20:50 | INFO | Episode  151 - Reward: -10.550, Length: 40, Loss: 0.8245, Epsilon: 0.100
2026-03-17 07:20:51 | INFO | Episode  152 - Reward: 8.050, Length: 16, Loss: 1.6902, Epsilon: 0.100
2026-03-17 07:20:52 | INFO | Episode  153 - Reward: 9.450, Length: 9, Loss: 0.9683, Epsilon: 0.100
2026-03-17 07:20:53 | INFO | Episode  154 - Reward: -8.450, Length: 40, Loss: 0.4246, Epsilon: 0.100
2026-03-17 07:20:54 | INFO | Episode  155 - Reward: 9.650, Length: 8, Loss: 0.6137, Epsilon: 0.100
2026-03-17 07:20:54 | INFO | Episode  156 - Reward: -6.800, Length: 40, Loss: 1.3468, Epsilon: 0.100
2026-03-17 07:20:56 | INFO | Episode  157 - Reward: 9.550, Length: 10, Loss: 1.4150, Epsilon: 0.100
2026-03-17 07:20:57 | INFO | Episode  158 - Reward: -7.850, Length: 40, Loss: 1.4828, Epsilon: 0.100
2026-03-17 07:20:58 | INFO | Episode  159 - Reward: -7.550, Length: 40, Loss: 0.9391, Epsilon: 0.100
2026-03-17 07:20:59 | INFO | Episode  160 - Reward: -8.450, Length: 40, Loss: 0.8680, Epsilon: 0.100
2026-03-17 07:21:00 | INFO | Episode  161 - Reward: 9.650, Length: 8, Loss: 1.1536, Epsilon: 0.100
2026-03-17 07:21:01 | INFO | Episode  162 - Reward: -6.800, Length: 40, Loss: 0.6465, Epsilon: 0.100
2026-03-17 07:21:02 | INFO | Episode  163 - Reward: 9.450, Length: 9, Loss: 2.0277, Epsilon: 0.100
2026-03-17 07:21:03 | INFO | Episode  164 - Reward: -10.400, Length: 40, Loss: 0.6027, Epsilon: 0.100
2026-03-17 07:21:05 | INFO | Episode  165 - Reward: -8.150, Length: 40, Loss: 0.9630, Epsilon: 0.100
2026-03-17 07:21:06 | INFO | Episode  166 - Reward: 9.650, Length: 8, Loss: 0.9418, Epsilon: 0.100
2026-03-17 07:21:07 | INFO | Episode  167 - Reward: 9.550, Length: 10, Loss: 0.7335, Epsilon: 0.100
2026-03-17 07:21:08 | INFO | Episode  168 - Reward: 9.650, Length: 8, Loss: 0.5236, Epsilon: 0.100
2026-03-17 07:21:09 | INFO | Episode  169 - Reward: 9.550, Length: 10, Loss: 0.3820, Epsilon: 0.100
2026-03-17 07:21:10 | INFO | Episode  170 - Reward: 9.650, Length: 8, Loss: 1.2854, Epsilon: 0.100
2026-03-17 07:21:11 | INFO | Episode  171 - Reward: 9.550, Length: 10, Loss: 0.3264, Epsilon: 0.100
2026-03-17 07:21:12 | INFO | Episode  172 - Reward: -10.250, Length: 40, Loss: 1.3981, Epsilon: 0.100
2026-03-17 07:21:13 | INFO | Episode  173 - Reward: -8.750, Length: 40, Loss: 1.0470, Epsilon: 0.100
2026-03-17 07:21:14 | INFO | Episode  174 - Reward: -10.400, Length: 40, Loss: 0.7751, Epsilon: 0.100
2026-03-17 07:21:15 | INFO | Episode  175 - Reward: 9.550, Length: 10, Loss: 0.2077, Epsilon: 0.100
2026-03-17 07:21:17 | INFO | Episode  176 - Reward: 9.650, Length: 8, Loss: 0.7509, Epsilon: 0.100
2026-03-17 07:21:18 | INFO | Episode  177 - Reward: 9.650, Length: 8, Loss: 0.7040, Epsilon: 0.100
2026-03-17 07:21:19 | INFO | Episode  178 - Reward: 9.350, Length: 11, Loss: 1.1440, Epsilon: 0.100
2026-03-17 07:21:20 | INFO | Episode  179 - Reward: 9.650, Length: 8, Loss: 0.9136, Epsilon: 0.100
2026-03-17 07:21:21 | INFO | Episode  180 - Reward: 9.650, Length: 8, Loss: 1.1389, Epsilon: 0.100
2026-03-17 07:21:22 | INFO | Episode  181 - Reward: 4.500, Length: 24, Loss: 1.0146, Epsilon: 0.100
2026-03-17 07:21:23 | INFO | Episode  182 - Reward: 9.450, Length: 9, Loss: 1.0549, Epsilon: 0.100
2026-03-17 07:21:24 | INFO | Episode  183 - Reward: -7.100, Length: 40, Loss: 1.3591, Epsilon: 0.100
2026-03-17 07:21:25 | INFO | Episode  184 - Reward: 9.650, Length: 8, Loss: 0.7009, Epsilon: 0.100
2026-03-17 07:21:26 | INFO | Episode  185 - Reward: -7.400, Length: 40, Loss: 1.5486, Epsilon: 0.100
2026-03-17 07:21:27 | INFO | Episode  186 - Reward: -7.850, Length: 40, Loss: 1.2041, Epsilon: 0.100
2026-03-17 07:21:28 | INFO | Episode  187 - Reward: -12.200, Length: 40, Loss: 0.5524, Epsilon: 0.100
2026-03-17 07:21:29 | INFO | Episode  188 - Reward: -10.250, Length: 40, Loss: 1.3014, Epsilon: 0.100
2026-03-17 07:21:30 | INFO | Episode  189 - Reward: 6.700, Length: 13, Loss: 1.4842, Epsilon: 0.100
2026-03-17 07:21:31 | INFO | Episode  190 - Reward: 9.650, Length: 8, Loss: 1.4844, Epsilon: 0.100
2026-03-17 07:21:32 | INFO | Episode  191 - Reward: -7.100, Length: 40, Loss: 1.0354, Epsilon: 0.100
2026-03-17 07:21:33 | INFO | Episode  192 - Reward: 9.650, Length: 8, Loss: 0.9496, Epsilon: 0.100
2026-03-17 07:21:34 | INFO | Episode  193 - Reward: 9.650, Length: 8, Loss: 0.2253, Epsilon: 0.100
2026-03-17 07:21:36 | INFO | Episode  194 - Reward: 9.650, Length: 8, Loss: 0.3764, Epsilon: 0.100
2026-03-17 07:21:37 | INFO | Episode  195 - Reward: 9.450, Length: 9, Loss: 1.8610, Epsilon: 0.100
2026-03-17 07:21:38 | INFO | Episode  196 - Reward: -13.550, Length: 40, Loss: 1.3469, Epsilon: 0.100
2026-03-17 07:21:39 | INFO | Episode  197 - Reward: 3.500, Length: 29, Loss: 2.0193, Epsilon: 0.100
2026-03-17 07:21:40 | INFO | Episode  198 - Reward: 9.650, Length: 8, Loss: 0.9223, Epsilon: 0.100
2026-03-17 07:21:41 | INFO | Episode  199 - Reward: 7.700, Length: 8, Loss: 0.6319, Epsilon: 0.100
2026-03-17 07:21:42 | INFO | Episode  200 - Reward: -6.650, Length: 40, Loss: 0.6150, Epsilon: 0.100
2026-03-17 07:21:46 | INFO | [Episode  200] eps=0.100  avg_reward=   1.872  avg_length= 22.14  avg_loss=  0.9985  eval_success=1.000
2026-03-17 07:21:47 | INFO | Episode  201 - Reward: 9.650, Length: 8, Loss: 0.6452, Epsilon: 0.100
2026-03-17 07:21:48 | INFO | Episode  202 - Reward: 0.300, Length: 30, Loss: 0.1736, Epsilon: 0.100
2026-03-17 07:21:49 | INFO | Episode  203 - Reward: 9.450, Length: 9, Loss: 1.1517, Epsilon: 0.100
2026-03-17 07:21:50 | INFO | Episode  204 - Reward: 5.450, Length: 29, Loss: 1.0994, Epsilon: 0.100
2026-03-17 07:21:51 | INFO | Episode  205 - Reward: -6.950, Length: 40, Loss: 2.0859, Epsilon: 0.100
2026-03-17 07:21:52 | INFO | Episode  206 - Reward: -7.400, Length: 40, Loss: 0.7727, Epsilon: 0.100
2026-03-17 07:21:54 | INFO | Episode  207 - Reward: -7.400, Length: 40, Loss: 1.1615, Epsilon: 0.100
2026-03-17 07:21:55 | INFO | Episode  208 - Reward: 9.450, Length: 9, Loss: 0.7451, Epsilon: 0.100
2026-03-17 07:21:56 | INFO | Episode  209 - Reward: -7.400, Length: 40, Loss: 1.9964, Epsilon: 0.100
2026-03-17 07:21:57 | INFO | Episode  210 - Reward: -7.850, Length: 40, Loss: 1.2477, Epsilon: 0.100
2026-03-17 07:21:57 | INFO | Episode  211 - Reward: 9.650, Length: 8, Loss: 2.1521, Epsilon: 0.100
2026-03-17 07:21:58 | INFO | Episode  212 - Reward: 9.550, Length: 10, Loss: 1.5061, Epsilon: 0.100
2026-03-17 07:21:59 | INFO | Episode  213 - Reward: -2.150, Length: 40, Loss: 1.0591, Epsilon: 0.100
2026-03-17 07:22:00 | INFO | Episode  214 - Reward: -2.300, Length: 40, Loss: 1.4101, Epsilon: 0.100
2026-03-17 07:22:01 | INFO | Episode  215 - Reward: -2.000, Length: 40, Loss: 1.4668, Epsilon: 0.100
2026-03-17 07:22:03 | INFO | Episode  216 - Reward: -7.550, Length: 40, Loss: 1.2681, Epsilon: 0.100
2026-03-17 07:22:04 | INFO | Episode  217 - Reward: 8.850, Length: 18, Loss: 2.0321, Epsilon: 0.100
2026-03-17 07:22:05 | INFO | Episode  218 - Reward: -7.550, Length: 40, Loss: 0.7595, Epsilon: 0.100
2026-03-17 07:22:06 | INFO | Episode  219 - Reward: 9.650, Length: 8, Loss: 1.6721, Epsilon: 0.100
2026-03-17 07:22:07 | INFO | Episode  220 - Reward: 9.150, Length: 18, Loss: 1.6365, Epsilon: 0.100
2026-03-17 07:22:08 | INFO | Episode  221 - Reward: 7.500, Length: 12, Loss: 0.7419, Epsilon: 0.100
2026-03-17 07:22:09 | INFO | Episode  222 - Reward: 9.650, Length: 8, Loss: 1.7487, Epsilon: 0.100
2026-03-17 07:22:10 | INFO | Episode  223 - Reward: -1.600, Length: 38, Loss: 1.1069, Epsilon: 0.100
2026-03-17 07:22:11 | INFO | Episode  224 - Reward: 9.650, Length: 8, Loss: 0.9583, Epsilon: 0.100
2026-03-17 07:22:13 | INFO | Episode  225 - Reward: -7.400, Length: 40, Loss: 1.9353, Epsilon: 0.100
2026-03-17 07:22:14 | INFO | Episode  226 - Reward: 9.650, Length: 8, Loss: 0.6175, Epsilon: 0.100
2026-03-17 07:22:15 | INFO | Episode  227 - Reward: 7.700, Length: 8, Loss: 0.2612, Epsilon: 0.100
2026-03-17 07:22:16 | INFO | Episode  228 - Reward: 9.450, Length: 9, Loss: 1.1398, Epsilon: 0.100
2026-03-17 07:22:17 | INFO | Episode  229 - Reward: 9.650, Length: 8, Loss: 1.0259, Epsilon: 0.100
2026-03-17 07:22:17 | INFO | Episode  230 - Reward: 9.650, Length: 8, Loss: 0.9836, Epsilon: 0.100
2026-03-17 07:22:18 | INFO | Episode  231 - Reward: 9.650, Length: 8, Loss: 0.4055, Epsilon: 0.100
2026-03-17 07:22:19 | INFO | Episode  232 - Reward: 9.350, Length: 14, Loss: 0.4124, Epsilon: 0.100
2026-03-17 07:22:20 | INFO | Episode  233 - Reward: 9.050, Length: 17, Loss: 0.6478, Epsilon: 0.100
2026-03-17 07:22:21 | INFO | Episode  234 - Reward: 9.650, Length: 8, Loss: 0.4364, Epsilon: 0.100
2026-03-17 07:22:22 | INFO | Episode  235 - Reward: 4.500, Length: 24, Loss: 1.1525, Epsilon: 0.100
2026-03-17 07:22:23 | INFO | Episode  236 - Reward: 9.650, Length: 8, Loss: 1.1149, Epsilon: 0.100
2026-03-17 07:22:24 | INFO | Episode  237 - Reward: -10.550, Length: 40, Loss: 0.5112, Epsilon: 0.100
2026-03-17 07:22:25 | INFO | Episode  238 - Reward: 7.700, Length: 8, Loss: 1.3210, Epsilon: 0.100
2026-03-17 07:22:25 | INFO | Episode  239 - Reward: 9.650, Length: 8, Loss: 0.9433, Epsilon: 0.100
2026-03-17 07:22:26 | INFO | Episode  240 - Reward: 9.450, Length: 9, Loss: 0.8428, Epsilon: 0.100
2026-03-17 07:22:27 | INFO | Episode  241 - Reward: 9.550, Length: 10, Loss: 1.1717, Epsilon: 0.100
2026-03-17 07:22:28 | INFO | Episode  242 - Reward: 9.650, Length: 8, Loss: 1.1780, Epsilon: 0.100
2026-03-17 07:22:29 | INFO | Episode  243 - Reward: 9.650, Length: 8, Loss: 1.6044, Epsilon: 0.100
2026-03-17 07:22:29 | INFO | Episode  244 - Reward: -7.400, Length: 40, Loss: 1.1350, Epsilon: 0.100
2026-03-17 07:22:30 | INFO | Episode  245 - Reward: 9.650, Length: 8, Loss: 0.7798, Epsilon: 0.100
2026-03-17 07:22:31 | INFO | Episode  246 - Reward: -7.100, Length: 40, Loss: 1.1610, Epsilon: 0.100
2026-03-17 07:22:32 | INFO | Episode  247 - Reward: 9.650, Length: 8, Loss: 0.9577, Epsilon: 0.100
2026-03-17 07:22:32 | INFO | Episode  248 - Reward: -6.950, Length: 40, Loss: 0.4138, Epsilon: 0.100
2026-03-17 07:22:33 | INFO | Episode  249 - Reward: 9.650, Length: 8, Loss: 1.1783, Epsilon: 0.100
2026-03-17 07:22:34 | INFO | Episode  250 - Reward: -11.000, Length: 40, Loss: 0.6542, Epsilon: 0.100
2026-03-17 07:22:37 | INFO | [Episode  250] eps=0.100  avg_reward=   3.599  avg_length= 20.96  avg_loss=  1.0916  eval_success=1.000
