2026-03-17 07:57:10 | INFO | ============================================================
2026-03-17 07:57:10 | INFO | DEVICE / COMPUTE INFORMATION
2026-03-17 07:57:10 | INFO |   JAX backend       : GPU
2026-03-17 07:57:10 | INFO |   Platform          : gpu
2026-03-17 07:57:10 | INFO |   Num devices       : 1
2026-03-17 07:57:10 | INFO |   Device            : cuda:0
2026-03-17 07:57:10 | INFO |   GPU name          : NVIDIA GeForce RTX 5060 Laptop GPU
2026-03-17 07:57:10 | INFO | ============================================================
2026-03-17 07:57:10 | INFO | ✓ JAX GPU backend confirmed.
2026-03-17 07:57:11 | INFO | DQN seed=9_gamma=0.99_lr=0.001
2026-03-17 07:57:12 | INFO | Episode    1 - Reward: 7.950, Length: 18, Loss: 0.0000, Epsilon: 0.991
2026-03-17 07:57:13 | INFO | Episode    2 - Reward: -4.850, Length: 40, Loss: 0.0000, Epsilon: 0.982
2026-03-17 07:57:14 | INFO | Episode    3 - Reward: -3.650, Length: 40, Loss: 0.0000, Epsilon: 0.973
2026-03-17 07:57:18 | INFO | Episode    4 - Reward: -5.300, Length: 40, Loss: 0.0581, Epsilon: 0.964
2026-03-17 07:57:20 | INFO | Episode    5 - Reward: -4.700, Length: 40, Loss: 0.8763, Epsilon: 0.955
2026-03-17 07:57:21 | INFO | Episode    6 - Reward: -5.450, Length: 40, Loss: 0.0638, Epsilon: 0.946
2026-03-17 07:57:22 | INFO | Episode    7 - Reward: -4.850, Length: 40, Loss: 0.8835, Epsilon: 0.937
2026-03-17 07:57:23 | INFO | Episode    8 - Reward: -7.100, Length: 40, Loss: 0.9242, Epsilon: 0.928
2026-03-17 07:57:24 | INFO | Episode    9 - Reward: -5.000, Length: 40, Loss: 0.0537, Epsilon: 0.919
2026-03-17 07:57:25 | INFO | Episode   10 - Reward: -9.800, Length: 40, Loss: 0.9460, Epsilon: 0.910
2026-03-17 07:57:26 | INFO | Episode   11 - Reward: -4.550, Length: 40, Loss: 0.8588, Epsilon: 0.901
2026-03-17 07:57:27 | INFO | Episode   12 - Reward: -7.850, Length: 40, Loss: 0.0781, Epsilon: 0.892
2026-03-17 07:57:29 | INFO | Episode   13 - Reward: -4.250, Length: 40, Loss: 0.0907, Epsilon: 0.883
2026-03-17 07:57:30 | INFO | Episode   14 - Reward: -3.950, Length: 40, Loss: 0.2040, Epsilon: 0.874
2026-03-17 07:57:31 | INFO | Episode   15 - Reward: -4.100, Length: 40, Loss: 0.0640, Epsilon: 0.865
2026-03-17 07:57:32 | INFO | Episode   16 - Reward: -3.950, Length: 40, Loss: 0.0611, Epsilon: 0.856
2026-03-17 07:57:33 | INFO | Episode   17 - Reward: 8.550, Length: 15, Loss: 0.1237, Epsilon: 0.847
2026-03-17 07:57:34 | INFO | Episode   18 - Reward: -4.550, Length: 40, Loss: 0.8906, Epsilon: 0.838
2026-03-17 07:57:35 | INFO | Episode   19 - Reward: -5.150, Length: 40, Loss: 0.0911, Epsilon: 0.829
2026-03-17 07:57:36 | INFO | Episode   20 - Reward: -5.900, Length: 40, Loss: 0.1485, Epsilon: 0.820
2026-03-17 07:57:37 | INFO | Episode   21 - Reward: -3.950, Length: 40, Loss: 0.0355, Epsilon: 0.811
2026-03-17 07:57:37 | INFO | Episode   22 - Reward: -4.400, Length: 40, Loss: 0.8451, Epsilon: 0.802
2026-03-17 07:57:39 | INFO | Episode   23 - Reward: -4.100, Length: 40, Loss: 0.0326, Epsilon: 0.793
2026-03-17 07:57:40 | INFO | Episode   24 - Reward: -4.100, Length: 40, Loss: 0.8650, Epsilon: 0.784
2026-03-17 07:57:41 | INFO | Episode   25 - Reward: -4.700, Length: 40, Loss: 0.0273, Epsilon: 0.775
2026-03-17 07:57:42 | INFO | Episode   26 - Reward: -7.400, Length: 40, Loss: 0.0371, Epsilon: 0.766
2026-03-17 07:57:43 | INFO | Episode   27 - Reward: -6.350, Length: 40, Loss: 0.0309, Epsilon: 0.757
2026-03-17 07:57:44 | INFO | Episode   28 - Reward: -5.450, Length: 40, Loss: 0.0597, Epsilon: 0.748
2026-03-17 07:57:45 | INFO | Episode   29 - Reward: -5.600, Length: 40, Loss: 0.0256, Epsilon: 0.739
2026-03-17 07:57:46 | INFO | Episode   30 - Reward: -5.900, Length: 40, Loss: 0.0246, Epsilon: 0.730
2026-03-17 07:57:47 | INFO | Episode   31 - Reward: -3.500, Length: 40, Loss: 0.0555, Epsilon: 0.721
2026-03-17 07:57:49 | INFO | Episode   32 - Reward: -5.750, Length: 40, Loss: 0.0515, Epsilon: 0.712
2026-03-17 07:57:50 | INFO | Episode   33 - Reward: -3.800, Length: 40, Loss: 0.8203, Epsilon: 0.703
2026-03-17 07:57:51 | INFO | Episode   34 - Reward: -5.300, Length: 40, Loss: 0.0593, Epsilon: 0.694
2026-03-17 07:57:52 | INFO | Episode   35 - Reward: -5.900, Length: 40, Loss: 0.0215, Epsilon: 0.685
2026-03-17 07:57:53 | INFO | Episode   36 - Reward: -5.600, Length: 40, Loss: 0.8195, Epsilon: 0.676
2026-03-17 07:57:54 | INFO | Episode   37 - Reward: -5.150, Length: 40, Loss: 0.0724, Epsilon: 0.667
2026-03-17 07:57:55 | INFO | Episode   38 - Reward: -5.750, Length: 40, Loss: 0.0208, Epsilon: 0.658
2026-03-17 07:57:56 | INFO | Episode   39 - Reward: -4.550, Length: 40, Loss: 0.0431, Epsilon: 0.649
2026-03-17 07:57:57 | INFO | Episode   40 - Reward: -6.500, Length: 40, Loss: 0.0241, Epsilon: 0.640
2026-03-17 07:57:59 | INFO | Episode   41 - Reward: -5.600, Length: 40, Loss: 0.0692, Epsilon: 0.631
2026-03-17 07:58:00 | INFO | Episode   42 - Reward: -6.350, Length: 40, Loss: 0.0198, Epsilon: 0.622
2026-03-17 07:58:01 | INFO | Episode   43 - Reward: -10.100, Length: 40, Loss: 0.0189, Epsilon: 0.613
2026-03-17 07:58:02 | INFO | Episode   44 - Reward: -5.300, Length: 40, Loss: 0.0186, Epsilon: 0.604
2026-03-17 07:58:03 | INFO | Episode   45 - Reward: -5.750, Length: 40, Loss: 0.0509, Epsilon: 0.595
2026-03-17 07:58:04 | INFO | Episode   46 - Reward: -5.150, Length: 40, Loss: 0.0442, Epsilon: 0.586
2026-03-17 07:58:05 | INFO | Episode   47 - Reward: -6.350, Length: 40, Loss: 0.0194, Epsilon: 0.577
2026-03-17 07:58:06 | INFO | Episode   48 - Reward: -5.750, Length: 40, Loss: 0.1021, Epsilon: 0.568
2026-03-17 07:58:07 | INFO | Episode   49 - Reward: -5.900, Length: 40, Loss: 0.0496, Epsilon: 0.559
2026-03-17 07:58:08 | INFO | Episode   50 - Reward: -6.500, Length: 40, Loss: 0.8509, Epsilon: 0.550
2026-03-17 07:58:24 | INFO | [Episode   50] eps=0.550  avg_reward=  -4.899  avg_length= 39.06  avg_loss=  0.2326  eval_success=0.000
2026-03-17 07:58:25 | INFO | Episode   51 - Reward: -5.450, Length: 40, Loss: 0.0208, Epsilon: 0.541
2026-03-17 07:58:27 | INFO | Episode   52 - Reward: -5.000, Length: 40, Loss: 0.0402, Epsilon: 0.532
2026-03-17 07:58:28 | INFO | Episode   53 - Reward: -4.700, Length: 40, Loss: 0.0410, Epsilon: 0.523
2026-03-17 07:58:29 | INFO | Episode   54 - Reward: -5.300, Length: 40, Loss: 0.0181, Epsilon: 0.514
2026-03-17 07:58:30 | INFO | Episode   55 - Reward: -5.150, Length: 40, Loss: 0.0531, Epsilon: 0.505
2026-03-17 07:58:31 | INFO | Episode   56 - Reward: -5.450, Length: 40, Loss: 0.0528, Epsilon: 0.496
2026-03-17 07:58:32 | INFO | Episode   57 - Reward: -5.300, Length: 40, Loss: 0.8407, Epsilon: 0.487
2026-03-17 07:58:33 | INFO | Episode   58 - Reward: -5.000, Length: 40, Loss: 0.0200, Epsilon: 0.478
2026-03-17 07:58:34 | INFO | Episode   59 - Reward: -5.600, Length: 40, Loss: 0.0409, Epsilon: 0.469
2026-03-17 07:58:35 | INFO | Episode   60 - Reward: -6.350, Length: 40, Loss: 0.0686, Epsilon: 0.460
2026-03-17 07:58:36 | INFO | Episode   61 - Reward: -3.950, Length: 40, Loss: 0.0176, Epsilon: 0.451
2026-03-17 07:58:38 | INFO | Episode   62 - Reward: -5.900, Length: 40, Loss: 0.0178, Epsilon: 0.442
2026-03-17 07:58:39 | INFO | Episode   63 - Reward: -5.900, Length: 40, Loss: 0.0485, Epsilon: 0.433
2026-03-17 07:58:40 | INFO | Episode   64 - Reward: -4.100, Length: 40, Loss: 0.0183, Epsilon: 0.424
2026-03-17 07:58:41 | INFO | Episode   65 - Reward: -5.450, Length: 40, Loss: 0.0173, Epsilon: 0.415
2026-03-17 07:58:41 | INFO | Episode   66 - Reward: -5.900, Length: 40, Loss: 0.0195, Epsilon: 0.406
2026-03-17 07:58:42 | INFO | Episode   67 - Reward: -5.300, Length: 40, Loss: 0.0176, Epsilon: 0.397
2026-03-17 07:58:43 | INFO | Episode   68 - Reward: -4.400, Length: 40, Loss: 0.0403, Epsilon: 0.388
2026-03-17 07:58:44 | INFO | Episode   69 - Reward: -5.900, Length: 40, Loss: 0.0471, Epsilon: 0.379
2026-03-17 07:58:46 | INFO | Episode   70 - Reward: -5.900, Length: 40, Loss: 0.0162, Epsilon: 0.370
2026-03-17 07:58:47 | INFO | Episode   71 - Reward: -6.050, Length: 40, Loss: 0.0486, Epsilon: 0.361
2026-03-17 07:58:48 | INFO | Episode   72 - Reward: -5.600, Length: 40, Loss: 0.0180, Epsilon: 0.352
2026-03-17 07:58:49 | INFO | Episode   73 - Reward: -5.900, Length: 40, Loss: 0.0170, Epsilon: 0.343
2026-03-17 07:58:50 | INFO | Episode   74 - Reward: -5.450, Length: 40, Loss: 0.0178, Epsilon: 0.334
2026-03-17 07:58:51 | INFO | Episode   75 - Reward: -6.200, Length: 40, Loss: 0.0685, Epsilon: 0.325
2026-03-17 07:58:52 | INFO | Episode   76 - Reward: -3.200, Length: 40, Loss: 0.0430, Epsilon: 0.316
2026-03-17 07:58:53 | INFO | Episode   77 - Reward: -2.750, Length: 40, Loss: 0.8123, Epsilon: 0.307
2026-03-17 07:58:54 | INFO | Episode   78 - Reward: -3.200, Length: 40, Loss: 0.0171, Epsilon: 0.298
2026-03-17 07:58:56 | INFO | Episode   79 - Reward: -2.600, Length: 40, Loss: 0.0165, Epsilon: 0.289
2026-03-17 07:58:57 | INFO | Episode   80 - Reward: -2.900, Length: 40, Loss: 0.0173, Epsilon: 0.280
2026-03-17 07:58:58 | INFO | Episode   81 - Reward: -2.450, Length: 40, Loss: 0.0152, Epsilon: 0.271
2026-03-17 07:58:59 | INFO | Episode   82 - Reward: -2.450, Length: 40, Loss: 0.0496, Epsilon: 0.262
2026-03-17 07:59:00 | INFO | Episode   83 - Reward: -2.300, Length: 40, Loss: 0.0175, Epsilon: 0.253
2026-03-17 07:59:01 | INFO | Episode   84 - Reward: -2.900, Length: 40, Loss: 0.0143, Epsilon: 0.244
2026-03-17 07:59:02 | INFO | Episode   85 - Reward: -2.750, Length: 40, Loss: 0.0399, Epsilon: 0.235
2026-03-17 07:59:02 | INFO | Episode   86 - Reward: -2.600, Length: 40, Loss: 0.0142, Epsilon: 0.226
2026-03-17 07:59:03 | INFO | Episode   87 - Reward: -5.450, Length: 40, Loss: 0.0158, Epsilon: 0.217
2026-03-17 07:59:04 | INFO | Episode   88 - Reward: -2.150, Length: 40, Loss: 0.0706, Epsilon: 0.208
2026-03-17 07:59:05 | INFO | Episode   89 - Reward: -2.900, Length: 40, Loss: 0.0398, Epsilon: 0.199
2026-03-17 07:59:06 | INFO | Episode   90 - Reward: -2.300, Length: 40, Loss: 0.0136, Epsilon: 0.190
2026-03-17 07:59:07 | INFO | Episode   91 - Reward: -5.450, Length: 40, Loss: 0.0161, Epsilon: 0.181
2026-03-17 07:59:07 | INFO | Episode   92 - Reward: -2.900, Length: 40, Loss: 0.0167, Epsilon: 0.172
2026-03-17 07:59:08 | INFO | Episode   93 - Reward: -2.450, Length: 40, Loss: 0.0161, Epsilon: 0.163
2026-03-17 07:59:09 | INFO | Episode   94 - Reward: -2.300, Length: 40, Loss: 0.0140, Epsilon: 0.154
2026-03-17 07:59:10 | INFO | Episode   95 - Reward: -2.600, Length: 40, Loss: 0.0416, Epsilon: 0.145
2026-03-17 07:59:11 | INFO | Episode   96 - Reward: -2.300, Length: 40, Loss: 0.0151, Epsilon: 0.136
2026-03-17 07:59:12 | INFO | Episode   97 - Reward: -2.150, Length: 40, Loss: 0.0152, Epsilon: 0.127
2026-03-17 07:59:12 | INFO | Episode   98 - Reward: -6.350, Length: 40, Loss: 0.0131, Epsilon: 0.118
2026-03-17 07:59:13 | INFO | Episode   99 - Reward: -6.950, Length: 40, Loss: 0.0153, Epsilon: 0.109
2026-03-17 07:59:14 | INFO | Episode  100 - Reward: -7.550, Length: 40, Loss: 0.0136, Epsilon: 0.100
2026-03-17 07:59:26 | INFO | [Episode  100] eps=0.100  avg_reward=  -4.382  avg_length= 40.00  avg_loss=  0.0600  eval_success=0.000
2026-03-17 07:59:27 | INFO | Episode  101 - Reward: -7.550, Length: 40, Loss: 0.0155, Epsilon: 0.100
2026-03-17 07:59:28 | INFO | Episode  102 - Reward: -7.550, Length: 40, Loss: 0.0490, Epsilon: 0.100
2026-03-17 07:59:28 | INFO | Episode  103 - Reward: -7.250, Length: 40, Loss: 0.0174, Epsilon: 0.100
2026-03-17 07:59:29 | INFO | Episode  104 - Reward: -3.350, Length: 40, Loss: 0.0400, Epsilon: 0.100
2026-03-17 07:59:30 | INFO | Episode  105 - Reward: -7.250, Length: 40, Loss: 0.0173, Epsilon: 0.100
2026-03-17 07:59:31 | INFO | Episode  106 - Reward: -6.050, Length: 40, Loss: 0.0181, Epsilon: 0.100
2026-03-17 07:59:32 | INFO | Episode  107 - Reward: -7.250, Length: 40, Loss: 0.0153, Epsilon: 0.100
2026-03-17 07:59:33 | INFO | Episode  108 - Reward: -6.650, Length: 40, Loss: 0.0146, Epsilon: 0.100
2026-03-17 07:59:34 | INFO | Episode  109 - Reward: -3.650, Length: 40, Loss: 0.0183, Epsilon: 0.100
2026-03-17 07:59:34 | INFO | Episode  110 - Reward: -2.750, Length: 40, Loss: 0.0157, Epsilon: 0.100
2026-03-17 07:59:35 | INFO | Episode  111 - Reward: -5.750, Length: 40, Loss: 0.0176, Epsilon: 0.100
2026-03-17 07:59:36 | INFO | Episode  112 - Reward: -6.950, Length: 40, Loss: 0.0185, Epsilon: 0.100
2026-03-17 07:59:37 | INFO | Episode  113 - Reward: -2.600, Length: 40, Loss: 0.0180, Epsilon: 0.100
2026-03-17 07:59:38 | INFO | Episode  114 - Reward: -7.250, Length: 40, Loss: 0.0169, Epsilon: 0.100
2026-03-17 07:59:39 | INFO | Episode  115 - Reward: -6.200, Length: 40, Loss: 0.0179, Epsilon: 0.100
2026-03-17 07:59:40 | INFO | Episode  116 - Reward: -7.550, Length: 40, Loss: 0.0194, Epsilon: 0.100
2026-03-17 07:59:40 | INFO | Episode  117 - Reward: -2.750, Length: 40, Loss: 0.0168, Epsilon: 0.100
2026-03-17 07:59:41 | INFO | Episode  118 - Reward: -7.400, Length: 40, Loss: 0.0190, Epsilon: 0.100
2026-03-17 07:59:42 | INFO | Episode  119 - Reward: -7.550, Length: 40, Loss: 0.0180, Epsilon: 0.100
2026-03-17 07:59:43 | INFO | Episode  120 - Reward: -5.600, Length: 40, Loss: 0.0166, Epsilon: 0.100
2026-03-17 07:59:44 | INFO | Episode  121 - Reward: -6.650, Length: 40, Loss: 0.0206, Epsilon: 0.100
2026-03-17 07:59:44 | INFO | Episode  122 - Reward: -6.650, Length: 40, Loss: 0.0211, Epsilon: 0.100
2026-03-17 07:59:45 | INFO | Episode  123 - Reward: -5.300, Length: 40, Loss: 0.0199, Epsilon: 0.100
2026-03-17 07:59:46 | INFO | Episode  124 - Reward: -7.250, Length: 40, Loss: 0.0198, Epsilon: 0.100
2026-03-17 07:59:47 | INFO | Episode  125 - Reward: -7.550, Length: 40, Loss: 0.0206, Epsilon: 0.100
2026-03-17 07:59:47 | INFO | Episode  126 - Reward: -7.550, Length: 40, Loss: 0.0198, Epsilon: 0.100
2026-03-17 07:59:48 | INFO | Episode  127 - Reward: -2.600, Length: 40, Loss: 0.0199, Epsilon: 0.100
2026-03-17 07:59:49 | INFO | Episode  128 - Reward: -2.300, Length: 40, Loss: 0.0212, Epsilon: 0.100
2026-03-17 07:59:50 | INFO | Episode  129 - Reward: -2.300, Length: 40, Loss: 0.0166, Epsilon: 0.100
2026-03-17 07:59:51 | INFO | Episode  130 - Reward: -2.450, Length: 40, Loss: 0.0184, Epsilon: 0.100
2026-03-17 07:59:52 | INFO | Episode  131 - Reward: -2.300, Length: 40, Loss: 0.0212, Epsilon: 0.100
2026-03-17 07:59:53 | INFO | Episode  132 - Reward: -2.000, Length: 40, Loss: 0.0181, Epsilon: 0.100
2026-03-17 07:59:54 | INFO | Episode  133 - Reward: -2.450, Length: 40, Loss: 0.0189, Epsilon: 0.100
2026-03-17 07:59:55 | INFO | Episode  134 - Reward: -2.300, Length: 40, Loss: 0.0166, Epsilon: 0.100
2026-03-17 07:59:55 | INFO | Episode  135 - Reward: -2.150, Length: 40, Loss: 0.0153, Epsilon: 0.100
2026-03-17 07:59:56 | INFO | Episode  136 - Reward: -3.050, Length: 40, Loss: 0.0162, Epsilon: 0.100
2026-03-17 07:59:57 | INFO | Episode  137 - Reward: -2.150, Length: 40, Loss: 0.0186, Epsilon: 0.100
2026-03-17 07:59:58 | INFO | Episode  138 - Reward: -4.700, Length: 40, Loss: 0.0200, Epsilon: 0.100
2026-03-17 08:00:00 | INFO | Episode  139 - Reward: -2.600, Length: 40, Loss: 0.0174, Epsilon: 0.100
2026-03-17 08:00:01 | INFO | Episode  140 - Reward: -2.300, Length: 40, Loss: 0.0152, Epsilon: 0.100
2026-03-17 08:00:02 | INFO | Episode  141 - Reward: -5.000, Length: 40, Loss: 0.0140, Epsilon: 0.100
2026-03-17 08:00:03 | INFO | Episode  142 - Reward: -2.450, Length: 40, Loss: 0.0157, Epsilon: 0.100
2026-03-17 08:00:04 | INFO | Episode  143 - Reward: -2.000, Length: 40, Loss: 0.0180, Epsilon: 0.100
2026-03-17 08:00:05 | INFO | Episode  144 - Reward: -2.300, Length: 40, Loss: 0.0178, Epsilon: 0.100
2026-03-17 08:00:06 | INFO | Episode  145 - Reward: -2.450, Length: 40, Loss: 0.0193, Epsilon: 0.100
2026-03-17 08:00:07 | INFO | Episode  146 - Reward: -2.450, Length: 40, Loss: 0.0184, Epsilon: 0.100
2026-03-17 08:00:08 | INFO | Episode  147 - Reward: -2.150, Length: 40, Loss: 0.0173, Epsilon: 0.100
2026-03-17 08:00:10 | INFO | Episode  148 - Reward: -2.150, Length: 40, Loss: 0.0191, Epsilon: 0.100
2026-03-17 08:00:11 | INFO | Episode  149 - Reward: -2.300, Length: 40, Loss: 0.0166, Epsilon: 0.100
2026-03-17 08:00:12 | INFO | Episode  150 - Reward: -6.800, Length: 40, Loss: 0.0163, Epsilon: 0.100
2026-03-17 08:00:27 | INFO | [Episode  150] eps=0.100  avg_reward=  -4.511  avg_length= 40.00  avg_loss=  0.0190  eval_success=0.000
2026-03-17 08:00:28 | INFO | Episode  151 - Reward: -7.100, Length: 40, Loss: 0.0156, Epsilon: 0.100
2026-03-17 08:00:29 | INFO | Episode  152 - Reward: -7.400, Length: 40, Loss: 0.0152, Epsilon: 0.100
2026-03-17 08:00:30 | INFO | Episode  153 - Reward: -7.100, Length: 40, Loss: 0.0151, Epsilon: 0.100
2026-03-17 08:00:32 | INFO | Episode  154 - Reward: -7.550, Length: 40, Loss: 0.0184, Epsilon: 0.100
2026-03-17 08:00:33 | INFO | Episode  155 - Reward: -7.100, Length: 40, Loss: 0.0188, Epsilon: 0.100
2026-03-17 08:00:34 | INFO | Episode  156 - Reward: -6.800, Length: 40, Loss: 0.0176, Epsilon: 0.100
2026-03-17 08:00:35 | INFO | Episode  157 - Reward: -7.250, Length: 40, Loss: 0.0180, Epsilon: 0.100
2026-03-17 08:00:36 | INFO | Episode  158 - Reward: -7.100, Length: 40, Loss: 0.0167, Epsilon: 0.100
2026-03-17 08:00:37 | INFO | Episode  159 - Reward: -7.400, Length: 40, Loss: 0.0196, Epsilon: 0.100
2026-03-17 08:00:38 | INFO | Episode  160 - Reward: -6.950, Length: 40, Loss: 0.0212, Epsilon: 0.100
2026-03-17 08:00:39 | INFO | Episode  161 - Reward: -6.200, Length: 40, Loss: 0.0173, Epsilon: 0.100
2026-03-17 08:00:40 | INFO | Episode  162 - Reward: -7.100, Length: 40, Loss: 0.0209, Epsilon: 0.100
2026-03-17 08:00:42 | INFO | Episode  163 - Reward: -7.400, Length: 40, Loss: 0.0202, Epsilon: 0.100
2026-03-17 08:00:43 | INFO | Episode  164 - Reward: -7.850, Length: 40, Loss: 0.0193, Epsilon: 0.100
2026-03-17 08:00:44 | INFO | Episode  165 - Reward: -7.400, Length: 40, Loss: 0.0193, Epsilon: 0.100
2026-03-17 08:00:45 | INFO | Episode  166 - Reward: -6.800, Length: 40, Loss: 0.0211, Epsilon: 0.100
2026-03-17 08:00:46 | INFO | Episode  167 - Reward: -6.800, Length: 40, Loss: 0.0193, Epsilon: 0.100
2026-03-17 08:00:46 | INFO | Episode  168 - Reward: -7.100, Length: 40, Loss: 0.0209, Epsilon: 0.100
2026-03-17 08:00:48 | INFO | Episode  169 - Reward: -7.100, Length: 40, Loss: 0.0195, Epsilon: 0.100
2026-03-17 08:00:49 | INFO | Episode  170 - Reward: -6.500, Length: 40, Loss: 0.0181, Epsilon: 0.100
2026-03-17 08:00:50 | INFO | Episode  171 - Reward: -7.100, Length: 40, Loss: 0.0211, Epsilon: 0.100
2026-03-17 08:00:51 | INFO | Episode  172 - Reward: -6.800, Length: 40, Loss: 0.0211, Epsilon: 0.100
2026-03-17 08:00:52 | INFO | Episode  173 - Reward: -6.500, Length: 40, Loss: 0.0193, Epsilon: 0.100
2026-03-17 08:00:53 | INFO | Episode  174 - Reward: -7.100, Length: 40, Loss: 0.0218, Epsilon: 0.100
2026-03-17 08:00:54 | INFO | Episode  175 - Reward: -7.100, Length: 40, Loss: 0.0208, Epsilon: 0.100
2026-03-17 08:00:55 | INFO | Episode  176 - Reward: -6.800, Length: 40, Loss: 0.0204, Epsilon: 0.100
2026-03-17 08:00:56 | INFO | Episode  177 - Reward: -6.200, Length: 40, Loss: 0.0209, Epsilon: 0.100
2026-03-17 08:00:58 | INFO | Episode  178 - Reward: -6.500, Length: 40, Loss: 0.0216, Epsilon: 0.100
2026-03-17 08:00:59 | INFO | Episode  179 - Reward: -7.400, Length: 40, Loss: 0.0236, Epsilon: 0.100
2026-03-17 08:01:00 | INFO | Episode  180 - Reward: -6.800, Length: 40, Loss: 0.0200, Epsilon: 0.100
2026-03-17 08:01:01 | INFO | Episode  181 - Reward: -7.100, Length: 40, Loss: 0.0228, Epsilon: 0.100
2026-03-17 08:01:02 | INFO | Episode  182 - Reward: -6.800, Length: 40, Loss: 0.0243, Epsilon: 0.100
2026-03-17 08:01:03 | INFO | Episode  183 - Reward: -7.100, Length: 40, Loss: 0.0242, Epsilon: 0.100
2026-03-17 08:01:04 | INFO | Episode  184 - Reward: -2.300, Length: 40, Loss: 0.0204, Epsilon: 0.100
2026-03-17 08:01:05 | INFO | Episode  185 - Reward: -2.300, Length: 40, Loss: 0.0198, Epsilon: 0.100
2026-03-17 08:01:06 | INFO | Episode  186 - Reward: -2.300, Length: 40, Loss: 0.0195, Epsilon: 0.100
2026-03-17 08:01:07 | INFO | Episode  187 - Reward: -2.000, Length: 40, Loss: 0.0242, Epsilon: 0.100
2026-03-17 08:01:09 | INFO | Episode  188 - Reward: -2.450, Length: 40, Loss: 0.0183, Epsilon: 0.100
2026-03-17 08:01:10 | INFO | Episode  189 - Reward: -2.000, Length: 40, Loss: 0.0213, Epsilon: 0.100
2026-03-17 08:01:11 | INFO | Episode  190 - Reward: -2.150, Length: 40, Loss: 0.0210, Epsilon: 0.100
2026-03-17 08:01:12 | INFO | Episode  191 - Reward: -2.600, Length: 40, Loss: 0.0174, Epsilon: 0.100
2026-03-17 08:01:13 | INFO | Episode  192 - Reward: -2.000, Length: 40, Loss: 0.0199, Epsilon: 0.100
2026-03-17 08:01:14 | INFO | Episode  193 - Reward: -2.450, Length: 40, Loss: 0.0222, Epsilon: 0.100
2026-03-17 08:01:15 | INFO | Episode  194 - Reward: -2.300, Length: 40, Loss: 0.0185, Epsilon: 0.100
2026-03-17 08:01:16 | INFO | Episode  195 - Reward: -2.150, Length: 40, Loss: 0.0186, Epsilon: 0.100
2026-03-17 08:01:17 | INFO | Episode  196 - Reward: -2.300, Length: 40, Loss: 0.0177, Epsilon: 0.100
2026-03-17 08:01:18 | INFO | Episode  197 - Reward: -2.450, Length: 40, Loss: 0.0182, Epsilon: 0.100
2026-03-17 08:01:19 | INFO | Episode  198 - Reward: -2.150, Length: 40, Loss: 0.0172, Epsilon: 0.100
2026-03-17 08:01:20 | INFO | Episode  199 - Reward: -7.550, Length: 40, Loss: 0.0189, Epsilon: 0.100
2026-03-17 08:01:21 | INFO | Episode  200 - Reward: -2.150, Length: 40, Loss: 0.0179, Epsilon: 0.100
2026-03-17 08:01:37 | INFO | [Episode  200] eps=0.100  avg_reward=  -5.498  avg_length= 40.00  avg_loss=  0.0197  eval_success=0.000
2026-03-17 08:01:38 | INFO | Episode  201 - Reward: -5.300, Length: 40, Loss: 0.0192, Epsilon: 0.100
2026-03-17 08:01:39 | INFO | Episode  202 - Reward: -5.000, Length: 40, Loss: 0.0190, Epsilon: 0.100
2026-03-17 08:01:40 | INFO | Episode  203 - Reward: -7.550, Length: 40, Loss: 0.0191, Epsilon: 0.100
2026-03-17 08:01:41 | INFO | Episode  204 - Reward: -3.050, Length: 40, Loss: 0.0171, Epsilon: 0.100
2026-03-17 08:01:43 | INFO | Episode  205 - Reward: -2.900, Length: 40, Loss: 0.0186, Epsilon: 0.100
2026-03-17 08:01:44 | INFO | Episode  206 - Reward: -2.600, Length: 40, Loss: 0.0163, Epsilon: 0.100
2026-03-17 08:01:45 | INFO | Episode  207 - Reward: -4.550, Length: 40, Loss: 0.0192, Epsilon: 0.100
2026-03-17 08:01:46 | INFO | Episode  208 - Reward: -2.600, Length: 40, Loss: 0.0178, Epsilon: 0.100
2026-03-17 08:01:47 | INFO | Episode  209 - Reward: -2.450, Length: 40, Loss: 0.0177, Epsilon: 0.100
2026-03-17 08:01:48 | INFO | Episode  210 - Reward: -3.350, Length: 40, Loss: 0.0166, Epsilon: 0.100
2026-03-17 08:01:49 | INFO | Episode  211 - Reward: -5.750, Length: 40, Loss: 0.0200, Epsilon: 0.100
2026-03-17 08:01:50 | INFO | Episode  212 - Reward: -6.950, Length: 40, Loss: 0.0176, Epsilon: 0.100
2026-03-17 08:01:51 | INFO | Episode  213 - Reward: -4.550, Length: 40, Loss: 0.0178, Epsilon: 0.100
2026-03-17 08:01:52 | INFO | Episode  214 - Reward: -6.950, Length: 40, Loss: 0.0183, Epsilon: 0.100
2026-03-17 08:01:53 | INFO | Episode  215 - Reward: -5.750, Length: 40, Loss: 0.0181, Epsilon: 0.100
2026-03-17 08:01:54 | INFO | Episode  216 - Reward: -4.250, Length: 40, Loss: 0.0177, Epsilon: 0.100
2026-03-17 08:01:55 | INFO | Episode  217 - Reward: -5.000, Length: 40, Loss: 0.0186, Epsilon: 0.100
2026-03-17 08:01:56 | INFO | Episode  218 - Reward: -3.500, Length: 40, Loss: 0.0167, Epsilon: 0.100
2026-03-17 08:01:57 | INFO | Episode  219 - Reward: -6.500, Length: 40, Loss: 0.0188, Epsilon: 0.100
2026-03-17 08:01:58 | INFO | Episode  220 - Reward: -7.550, Length: 40, Loss: 0.0180, Epsilon: 0.100
2026-03-17 08:01:59 | INFO | Episode  221 - Reward: -4.850, Length: 40, Loss: 0.0167, Epsilon: 0.100
2026-03-17 08:02:00 | INFO | Episode  222 - Reward: -7.850, Length: 40, Loss: 0.0205, Epsilon: 0.100
2026-03-17 08:02:01 | INFO | Episode  223 - Reward: -2.900, Length: 40, Loss: 0.0177, Epsilon: 0.100
2026-03-17 08:02:01 | INFO | Episode  224 - Reward: -7.550, Length: 40, Loss: 0.0174, Epsilon: 0.100
2026-03-17 08:02:02 | INFO | Episode  225 - Reward: -7.550, Length: 40, Loss: 0.0161, Epsilon: 0.100
2026-03-17 08:02:03 | INFO | Episode  226 - Reward: -6.950, Length: 40, Loss: 0.0163, Epsilon: 0.100
2026-03-17 08:02:04 | INFO | Episode  227 - Reward: -2.150, Length: 40, Loss: 0.0183, Epsilon: 0.100
2026-03-17 08:02:05 | INFO | Episode  228 - Reward: -6.950, Length: 40, Loss: 0.0185, Epsilon: 0.100
2026-03-17 08:02:06 | INFO | Episode  229 - Reward: -7.250, Length: 40, Loss: 0.0150, Epsilon: 0.100
2026-03-17 08:02:07 | INFO | Episode  230 - Reward: -7.550, Length: 40, Loss: 0.0195, Epsilon: 0.100
2026-03-17 08:02:07 | INFO | Episode  231 - Reward: -7.550, Length: 40, Loss: 0.0188, Epsilon: 0.100
2026-03-17 08:02:08 | INFO | Episode  232 - Reward: -4.400, Length: 40, Loss: 0.0194, Epsilon: 0.100
2026-03-17 08:02:09 | INFO | Episode  233 - Reward: -6.650, Length: 40, Loss: 0.0170, Epsilon: 0.100
2026-03-17 08:02:10 | INFO | Episode  234 - Reward: -7.250, Length: 40, Loss: 0.0186, Epsilon: 0.100
2026-03-17 08:02:11 | INFO | Episode  235 - Reward: -7.250, Length: 40, Loss: 0.0202, Epsilon: 0.100
2026-03-17 08:02:12 | INFO | Episode  236 - Reward: -6.950, Length: 40, Loss: 0.0192, Epsilon: 0.100
2026-03-17 08:02:13 | INFO | Episode  237 - Reward: -6.800, Length: 40, Loss: 0.0165, Epsilon: 0.100
2026-03-17 08:02:14 | INFO | Episode  238 - Reward: -6.950, Length: 40, Loss: 0.0172, Epsilon: 0.100
2026-03-17 08:02:14 | INFO | Episode  239 - Reward: -4.850, Length: 40, Loss: 0.0194, Epsilon: 0.100
2026-03-17 08:02:15 | INFO | Episode  240 - Reward: -3.950, Length: 40, Loss: 0.0166, Epsilon: 0.100
2026-03-17 08:02:16 | INFO | Episode  241 - Reward: -5.750, Length: 40, Loss: 0.0210, Epsilon: 0.100
2026-03-17 08:02:17 | INFO | Episode  242 - Reward: -2.600, Length: 40, Loss: 0.0173, Epsilon: 0.100
2026-03-17 08:02:18 | INFO | Episode  243 - Reward: -4.400, Length: 40, Loss: 0.0176, Epsilon: 0.100
2026-03-17 08:02:19 | INFO | Episode  244 - Reward: -7.100, Length: 40, Loss: 0.0205, Epsilon: 0.100
2026-03-17 08:02:20 | INFO | Episode  245 - Reward: -2.150, Length: 40, Loss: 0.0171, Epsilon: 0.100
2026-03-17 08:02:21 | INFO | Episode  246 - Reward: -2.150, Length: 40, Loss: 0.0199, Epsilon: 0.100
2026-03-17 08:02:21 | INFO | Episode  247 - Reward: -3.050, Length: 40, Loss: 0.0189, Epsilon: 0.100
2026-03-17 08:02:22 | INFO | Episode  248 - Reward: -2.300, Length: 40, Loss: 0.0170, Epsilon: 0.100
2026-03-17 08:02:23 | INFO | Episode  249 - Reward: -2.450, Length: 40, Loss: 0.0186, Epsilon: 0.100
2026-03-17 08:02:24 | INFO | Episode  250 - Reward: -2.300, Length: 40, Loss: 0.0185, Epsilon: 0.100
2026-03-17 08:02:36 | INFO | [Episode  250] eps=0.100  avg_reward=  -5.090  avg_length= 40.00  avg_loss=  0.0181  eval_success=0.000
