2026-03-17 07:39:11 | INFO | ============================================================
2026-03-17 07:39:11 | INFO | DEVICE / COMPUTE INFORMATION
2026-03-17 07:39:11 | INFO |   JAX backend       : GPU
2026-03-17 07:39:11 | INFO |   Platform          : gpu
2026-03-17 07:39:11 | INFO |   Num devices       : 1
2026-03-17 07:39:11 | INFO |   Device            : cuda:0
2026-03-17 07:39:11 | INFO |   GPU name          : NVIDIA GeForce RTX 5060 Laptop GPU
2026-03-17 07:39:11 | INFO | ============================================================
2026-03-17 07:39:11 | INFO | ✓ JAX GPU backend confirmed.
2026-03-17 07:39:12 | INFO | DQN seed=9_gamma=0.9_lr=0.001
2026-03-17 07:39:13 | INFO | Episode    1 - Reward: 7.950, Length: 18, Loss: 0.0000, Epsilon: 0.991
2026-03-17 07:39:14 | INFO | Episode    2 - Reward: -4.850, Length: 40, Loss: 0.0000, Epsilon: 0.982
2026-03-17 07:39:15 | INFO | Episode    3 - Reward: -3.650, Length: 40, Loss: 0.0000, Epsilon: 0.973
2026-03-17 07:39:17 | INFO | Episode    4 - Reward: -5.300, Length: 40, Loss: 0.0498, Epsilon: 0.964
2026-03-17 07:39:18 | INFO | Episode    5 - Reward: -4.700, Length: 40, Loss: 0.8675, Epsilon: 0.955
2026-03-17 07:39:19 | INFO | Episode    6 - Reward: -5.450, Length: 40, Loss: 0.0550, Epsilon: 0.946
2026-03-17 07:39:20 | INFO | Episode    7 - Reward: -4.850, Length: 40, Loss: 0.8766, Epsilon: 0.937
2026-03-17 07:39:21 | INFO | Episode    8 - Reward: -7.100, Length: 40, Loss: 0.9195, Epsilon: 0.928
2026-03-17 07:39:22 | INFO | Episode    9 - Reward: -5.000, Length: 40, Loss: 0.0467, Epsilon: 0.919
2026-03-17 07:39:23 | INFO | Episode   10 - Reward: -9.800, Length: 40, Loss: 0.9419, Epsilon: 0.910
2026-03-17 07:39:23 | INFO | Episode   11 - Reward: -4.550, Length: 40, Loss: 0.8531, Epsilon: 0.901
2026-03-17 07:39:24 | INFO | Episode   12 - Reward: -7.850, Length: 40, Loss: 0.0707, Epsilon: 0.892
2026-03-17 07:39:25 | INFO | Episode   13 - Reward: -4.250, Length: 40, Loss: 0.0853, Epsilon: 0.883
2026-03-17 07:39:26 | INFO | Episode   14 - Reward: -3.950, Length: 40, Loss: 0.2010, Epsilon: 0.874
2026-03-17 07:39:27 | INFO | Episode   15 - Reward: -4.100, Length: 40, Loss: 0.0588, Epsilon: 0.865
2026-03-17 07:39:28 | INFO | Episode   16 - Reward: -3.950, Length: 40, Loss: 0.0559, Epsilon: 0.856
2026-03-17 07:39:29 | INFO | Episode   17 - Reward: 8.550, Length: 15, Loss: 0.1178, Epsilon: 0.847
2026-03-17 07:39:29 | INFO | Episode   18 - Reward: -4.550, Length: 40, Loss: 0.8864, Epsilon: 0.838
2026-03-17 07:39:30 | INFO | Episode   19 - Reward: -5.150, Length: 40, Loss: 0.0883, Epsilon: 0.829
2026-03-17 07:39:31 | INFO | Episode   20 - Reward: -5.900, Length: 40, Loss: 0.1474, Epsilon: 0.820
2026-03-17 07:39:32 | INFO | Episode   21 - Reward: -3.950, Length: 40, Loss: 0.0311, Epsilon: 0.811
2026-03-17 07:39:33 | INFO | Episode   22 - Reward: -4.400, Length: 40, Loss: 0.8414, Epsilon: 0.802
2026-03-17 07:39:34 | INFO | Episode   23 - Reward: -4.100, Length: 40, Loss: 0.0295, Epsilon: 0.793
2026-03-17 07:39:35 | INFO | Episode   24 - Reward: -4.100, Length: 40, Loss: 0.8606, Epsilon: 0.784
2026-03-17 07:39:36 | INFO | Episode   25 - Reward: -4.700, Length: 40, Loss: 0.0239, Epsilon: 0.775
2026-03-17 07:39:37 | INFO | Episode   26 - Reward: -7.400, Length: 40, Loss: 0.0318, Epsilon: 0.766
2026-03-17 07:39:38 | INFO | Episode   27 - Reward: -6.350, Length: 40, Loss: 0.0271, Epsilon: 0.757
2026-03-17 07:39:39 | INFO | Episode   28 - Reward: -5.450, Length: 40, Loss: 0.0572, Epsilon: 0.748
2026-03-17 07:39:40 | INFO | Episode   29 - Reward: -5.600, Length: 40, Loss: 0.0220, Epsilon: 0.739
2026-03-17 07:39:42 | INFO | Episode   30 - Reward: -5.900, Length: 40, Loss: 0.0230, Epsilon: 0.730
2026-03-17 07:39:43 | INFO | Episode   31 - Reward: -3.500, Length: 40, Loss: 0.0542, Epsilon: 0.721
2026-03-17 07:39:44 | INFO | Episode   32 - Reward: -5.750, Length: 40, Loss: 0.0495, Epsilon: 0.712
2026-03-17 07:39:45 | INFO | Episode   33 - Reward: -3.650, Length: 40, Loss: 0.8207, Epsilon: 0.703
2026-03-17 07:39:46 | INFO | Episode   34 - Reward: -5.300, Length: 40, Loss: 0.0598, Epsilon: 0.694
2026-03-17 07:39:47 | INFO | Episode   35 - Reward: -5.900, Length: 40, Loss: 0.0178, Epsilon: 0.685
2026-03-17 07:39:47 | INFO | Episode   36 - Reward: -5.600, Length: 40, Loss: 0.8217, Epsilon: 0.676
2026-03-17 07:39:49 | INFO | Episode   37 - Reward: -5.150, Length: 40, Loss: 0.0715, Epsilon: 0.667
2026-03-17 07:39:50 | INFO | Episode   38 - Reward: -5.750, Length: 40, Loss: 0.0199, Epsilon: 0.658
2026-03-17 07:39:51 | INFO | Episode   39 - Reward: -4.550, Length: 40, Loss: 0.0427, Epsilon: 0.649
2026-03-17 07:39:52 | INFO | Episode   40 - Reward: -6.500, Length: 40, Loss: 0.0241, Epsilon: 0.640
2026-03-17 07:39:53 | INFO | Episode   41 - Reward: -5.600, Length: 40, Loss: 0.0703, Epsilon: 0.631
2026-03-17 07:39:54 | INFO | Episode   42 - Reward: -6.350, Length: 40, Loss: 0.0183, Epsilon: 0.622
2026-03-17 07:39:55 | INFO | Episode   43 - Reward: -10.100, Length: 40, Loss: 0.0191, Epsilon: 0.613
2026-03-17 07:39:56 | INFO | Episode   44 - Reward: -5.300, Length: 40, Loss: 0.0195, Epsilon: 0.604
2026-03-17 07:39:57 | INFO | Episode   45 - Reward: -5.750, Length: 40, Loss: 0.0530, Epsilon: 0.595
2026-03-17 07:39:58 | INFO | Episode   46 - Reward: -5.150, Length: 40, Loss: 0.0450, Epsilon: 0.586
2026-03-17 07:39:59 | INFO | Episode   47 - Reward: -6.350, Length: 40, Loss: 0.0205, Epsilon: 0.577
2026-03-17 07:40:00 | INFO | Episode   48 - Reward: -3.800, Length: 40, Loss: 0.1043, Epsilon: 0.568
2026-03-17 07:40:02 | INFO | Episode   49 - Reward: -4.700, Length: 40, Loss: 0.0516, Epsilon: 0.559
2026-03-17 07:40:03 | INFO | Episode   50 - Reward: -4.400, Length: 40, Loss: 0.8557, Epsilon: 0.550
2026-03-17 07:40:19 | INFO | [Episode   50] eps=0.550  avg_reward=  -4.791  avg_length= 39.06  avg_loss=  0.2302  eval_success=0.000
2026-03-17 07:40:20 | INFO | Episode   51 - Reward: -4.850, Length: 40, Loss: 0.0191, Epsilon: 0.541
2026-03-17 07:40:21 | INFO | Episode   52 - Reward: -5.000, Length: 40, Loss: 0.0417, Epsilon: 0.532
2026-03-17 07:40:22 | INFO | Episode   53 - Reward: -4.700, Length: 40, Loss: 0.0412, Epsilon: 0.523
2026-03-17 07:40:23 | INFO | Episode   54 - Reward: -5.300, Length: 40, Loss: 0.0168, Epsilon: 0.514
2026-03-17 07:40:25 | INFO | Episode   55 - Reward: -5.150, Length: 40, Loss: 0.0536, Epsilon: 0.505
2026-03-17 07:40:26 | INFO | Episode   56 - Reward: -5.450, Length: 40, Loss: 0.0537, Epsilon: 0.496
2026-03-17 07:40:27 | INFO | Episode   57 - Reward: -5.300, Length: 40, Loss: 0.8462, Epsilon: 0.487
2026-03-17 07:40:28 | INFO | Episode   58 - Reward: -5.000, Length: 40, Loss: 0.0203, Epsilon: 0.478
2026-03-17 07:40:29 | INFO | Episode   59 - Reward: -5.600, Length: 40, Loss: 0.0417, Epsilon: 0.469
2026-03-17 07:40:30 | INFO | Episode   60 - Reward: -6.350, Length: 40, Loss: 0.0709, Epsilon: 0.460
2026-03-17 07:40:31 | INFO | Episode   61 - Reward: -3.950, Length: 40, Loss: 0.0182, Epsilon: 0.451
2026-03-17 07:40:32 | INFO | Episode   62 - Reward: -5.900, Length: 40, Loss: 0.0196, Epsilon: 0.442
2026-03-17 07:40:33 | INFO | Episode   63 - Reward: -4.700, Length: 40, Loss: 0.0501, Epsilon: 0.433
2026-03-17 07:40:34 | INFO | Episode   64 - Reward: -4.100, Length: 40, Loss: 0.0198, Epsilon: 0.424
2026-03-17 07:40:35 | INFO | Episode   65 - Reward: -5.450, Length: 40, Loss: 0.0177, Epsilon: 0.415
2026-03-17 07:40:37 | INFO | Episode   66 - Reward: -5.900, Length: 40, Loss: 0.0190, Epsilon: 0.406
2026-03-17 07:40:38 | INFO | Episode   67 - Reward: -5.300, Length: 40, Loss: 0.0181, Epsilon: 0.397
2026-03-17 07:40:39 | INFO | Episode   68 - Reward: -4.400, Length: 40, Loss: 0.0427, Epsilon: 0.388
2026-03-17 07:40:40 | INFO | Episode   69 - Reward: -5.900, Length: 40, Loss: 0.0484, Epsilon: 0.379
2026-03-17 07:40:41 | INFO | Episode   70 - Reward: -5.900, Length: 40, Loss: 0.0154, Epsilon: 0.370
2026-03-17 07:40:42 | INFO | Episode   71 - Reward: -6.050, Length: 40, Loss: 0.0488, Epsilon: 0.361
2026-03-17 07:40:43 | INFO | Episode   72 - Reward: -5.600, Length: 40, Loss: 0.0183, Epsilon: 0.352
2026-03-17 07:40:44 | INFO | Episode   73 - Reward: -5.900, Length: 40, Loss: 0.0171, Epsilon: 0.343
2026-03-17 07:40:45 | INFO | Episode   74 - Reward: -5.450, Length: 40, Loss: 0.0183, Epsilon: 0.334
2026-03-17 07:40:47 | INFO | Episode   75 - Reward: -2.600, Length: 40, Loss: 0.0697, Epsilon: 0.325
2026-03-17 07:40:48 | INFO | Episode   76 - Reward: -3.200, Length: 40, Loss: 0.0448, Epsilon: 0.316
2026-03-17 07:40:49 | INFO | Episode   77 - Reward: -2.750, Length: 40, Loss: 0.8164, Epsilon: 0.307
2026-03-17 07:40:50 | INFO | Episode   78 - Reward: -3.200, Length: 40, Loss: 0.0184, Epsilon: 0.298
2026-03-17 07:40:50 | INFO | Episode   79 - Reward: -2.600, Length: 40, Loss: 0.0165, Epsilon: 0.289
2026-03-17 07:40:51 | INFO | Episode   80 - Reward: -2.900, Length: 40, Loss: 0.0170, Epsilon: 0.280
2026-03-17 07:40:52 | INFO | Episode   81 - Reward: -2.450, Length: 40, Loss: 0.0143, Epsilon: 0.271
2026-03-17 07:40:53 | INFO | Episode   82 - Reward: -2.450, Length: 40, Loss: 0.0505, Epsilon: 0.262
2026-03-17 07:40:55 | INFO | Episode   83 - Reward: -2.300, Length: 40, Loss: 0.0170, Epsilon: 0.253
2026-03-17 07:40:56 | INFO | Episode   84 - Reward: -2.900, Length: 40, Loss: 0.0143, Epsilon: 0.244
2026-03-17 07:40:57 | INFO | Episode   85 - Reward: -2.750, Length: 40, Loss: 0.0403, Epsilon: 0.235
2026-03-17 07:40:58 | INFO | Episode   86 - Reward: -2.600, Length: 40, Loss: 0.0145, Epsilon: 0.226
2026-03-17 07:40:59 | INFO | Episode   87 - Reward: -5.450, Length: 40, Loss: 0.0161, Epsilon: 0.217
2026-03-17 07:41:00 | INFO | Episode   88 - Reward: -2.150, Length: 40, Loss: 0.0715, Epsilon: 0.208
2026-03-17 07:41:01 | INFO | Episode   89 - Reward: -2.900, Length: 40, Loss: 0.0399, Epsilon: 0.199
2026-03-17 07:41:02 | INFO | Episode   90 - Reward: -2.300, Length: 40, Loss: 0.0142, Epsilon: 0.190
2026-03-17 07:41:03 | INFO | Episode   91 - Reward: -5.450, Length: 40, Loss: 0.0153, Epsilon: 0.181
2026-03-17 07:41:04 | INFO | Episode   92 - Reward: -2.900, Length: 40, Loss: 0.0170, Epsilon: 0.172
2026-03-17 07:41:05 | INFO | Episode   93 - Reward: -2.450, Length: 40, Loss: 0.0164, Epsilon: 0.163
2026-03-17 07:41:07 | INFO | Episode   94 - Reward: -2.300, Length: 40, Loss: 0.0144, Epsilon: 0.154
2026-03-17 07:41:08 | INFO | Episode   95 - Reward: -2.600, Length: 40, Loss: 0.0426, Epsilon: 0.145
2026-03-17 07:41:09 | INFO | Episode   96 - Reward: -2.300, Length: 40, Loss: 0.0144, Epsilon: 0.136
2026-03-17 07:41:10 | INFO | Episode   97 - Reward: -2.150, Length: 40, Loss: 0.0145, Epsilon: 0.127
2026-03-17 07:41:11 | INFO | Episode   98 - Reward: -2.600, Length: 40, Loss: 0.0126, Epsilon: 0.118
2026-03-17 07:41:12 | INFO | Episode   99 - Reward: -2.300, Length: 40, Loss: 0.0140, Epsilon: 0.109
2026-03-17 07:41:13 | INFO | Episode  100 - Reward: -7.550, Length: 40, Loss: 0.0126, Epsilon: 0.100
2026-03-17 07:41:26 | INFO | [Episode  100] eps=0.100  avg_reward=  -4.106  avg_length= 40.00  avg_loss=  0.0605  eval_success=0.000
2026-03-17 07:41:27 | INFO | Episode  101 - Reward: -7.550, Length: 40, Loss: 0.0145, Epsilon: 0.100
2026-03-17 07:41:28 | INFO | Episode  102 - Reward: -7.550, Length: 40, Loss: 0.0484, Epsilon: 0.100
2026-03-17 07:41:29 | INFO | Episode  103 - Reward: -7.250, Length: 40, Loss: 0.0153, Epsilon: 0.100
2026-03-17 07:41:29 | INFO | Episode  104 - Reward: -3.350, Length: 40, Loss: 0.0402, Epsilon: 0.100
2026-03-17 07:41:30 | INFO | Episode  105 - Reward: -7.250, Length: 40, Loss: 0.0156, Epsilon: 0.100
2026-03-17 07:41:31 | INFO | Episode  106 - Reward: -6.050, Length: 40, Loss: 0.0172, Epsilon: 0.100
2026-03-17 07:41:32 | INFO | Episode  107 - Reward: -7.250, Length: 40, Loss: 0.0148, Epsilon: 0.100
2026-03-17 07:41:33 | INFO | Episode  108 - Reward: -6.650, Length: 40, Loss: 0.0132, Epsilon: 0.100
2026-03-17 07:41:34 | INFO | Episode  109 - Reward: -3.650, Length: 40, Loss: 0.0173, Epsilon: 0.100
2026-03-17 07:41:35 | INFO | Episode  110 - Reward: -2.750, Length: 40, Loss: 0.0146, Epsilon: 0.100
2026-03-17 07:41:35 | INFO | Episode  111 - Reward: -5.750, Length: 40, Loss: 0.0157, Epsilon: 0.100
2026-03-17 07:41:36 | INFO | Episode  112 - Reward: -6.950, Length: 40, Loss: 0.0167, Epsilon: 0.100
2026-03-17 07:41:37 | INFO | Episode  113 - Reward: -2.600, Length: 40, Loss: 0.0167, Epsilon: 0.100
2026-03-17 07:41:38 | INFO | Episode  114 - Reward: -7.250, Length: 40, Loss: 0.0155, Epsilon: 0.100
2026-03-17 07:41:39 | INFO | Episode  115 - Reward: -6.200, Length: 40, Loss: 0.0160, Epsilon: 0.100
2026-03-17 07:41:40 | INFO | Episode  116 - Reward: -7.550, Length: 40, Loss: 0.0174, Epsilon: 0.100
2026-03-17 07:41:41 | INFO | Episode  117 - Reward: -2.750, Length: 40, Loss: 0.0148, Epsilon: 0.100
2026-03-17 07:41:41 | INFO | Episode  118 - Reward: -7.400, Length: 40, Loss: 0.0172, Epsilon: 0.100
2026-03-17 07:41:42 | INFO | Episode  119 - Reward: -7.550, Length: 40, Loss: 0.0162, Epsilon: 0.100
2026-03-17 07:41:43 | INFO | Episode  120 - Reward: -5.600, Length: 40, Loss: 0.0157, Epsilon: 0.100
2026-03-17 07:41:44 | INFO | Episode  121 - Reward: -6.650, Length: 40, Loss: 0.0188, Epsilon: 0.100
2026-03-17 07:41:45 | INFO | Episode  122 - Reward: -6.650, Length: 40, Loss: 0.0185, Epsilon: 0.100
2026-03-17 07:41:46 | INFO | Episode  123 - Reward: -5.300, Length: 40, Loss: 0.0185, Epsilon: 0.100
2026-03-17 07:41:47 | INFO | Episode  124 - Reward: -7.250, Length: 40, Loss: 0.0183, Epsilon: 0.100
2026-03-17 07:41:47 | INFO | Episode  125 - Reward: -7.550, Length: 40, Loss: 0.0183, Epsilon: 0.100
2026-03-17 07:41:48 | INFO | Episode  126 - Reward: -7.550, Length: 40, Loss: 0.0180, Epsilon: 0.100
2026-03-17 07:41:49 | INFO | Episode  127 - Reward: -2.600, Length: 40, Loss: 0.0184, Epsilon: 0.100
2026-03-17 07:41:50 | INFO | Episode  128 - Reward: -2.300, Length: 40, Loss: 0.0193, Epsilon: 0.100
2026-03-17 07:41:51 | INFO | Episode  129 - Reward: -2.300, Length: 40, Loss: 0.0148, Epsilon: 0.100
2026-03-17 07:41:52 | INFO | Episode  130 - Reward: -2.450, Length: 40, Loss: 0.0161, Epsilon: 0.100
2026-03-17 07:41:53 | INFO | Episode  131 - Reward: -2.300, Length: 40, Loss: 0.0190, Epsilon: 0.100
2026-03-17 07:41:54 | INFO | Episode  132 - Reward: -2.000, Length: 40, Loss: 0.0155, Epsilon: 0.100
2026-03-17 07:41:54 | INFO | Episode  133 - Reward: -2.450, Length: 40, Loss: 0.0176, Epsilon: 0.100
2026-03-17 07:41:55 | INFO | Episode  134 - Reward: -2.300, Length: 40, Loss: 0.0151, Epsilon: 0.100
2026-03-17 07:41:55 | INFO | Episode  135 - Reward: -2.150, Length: 40, Loss: 0.0140, Epsilon: 0.100
2026-03-17 07:41:56 | INFO | Episode  136 - Reward: -3.050, Length: 40, Loss: 0.0149, Epsilon: 0.100
2026-03-17 07:41:57 | INFO | Episode  137 - Reward: -2.150, Length: 40, Loss: 0.0155, Epsilon: 0.100
2026-03-17 07:41:58 | INFO | Episode  138 - Reward: -4.700, Length: 40, Loss: 0.0186, Epsilon: 0.100
2026-03-17 07:41:59 | INFO | Episode  139 - Reward: -2.600, Length: 40, Loss: 0.0157, Epsilon: 0.100
2026-03-17 07:42:00 | INFO | Episode  140 - Reward: -2.300, Length: 40, Loss: 0.0126, Epsilon: 0.100
2026-03-17 07:42:01 | INFO | Episode  141 - Reward: -6.500, Length: 40, Loss: 0.0128, Epsilon: 0.100
2026-03-17 07:42:01 | INFO | Episode  142 - Reward: -2.450, Length: 40, Loss: 0.0148, Epsilon: 0.100
2026-03-17 07:42:02 | INFO | Episode  143 - Reward: -2.000, Length: 40, Loss: 0.0176, Epsilon: 0.100
2026-03-17 07:42:03 | INFO | Episode  144 - Reward: -2.300, Length: 40, Loss: 0.0158, Epsilon: 0.100
2026-03-17 07:42:04 | INFO | Episode  145 - Reward: -2.450, Length: 40, Loss: 0.0178, Epsilon: 0.100
2026-03-17 07:42:05 | INFO | Episode  146 - Reward: -2.450, Length: 40, Loss: 0.0175, Epsilon: 0.100
2026-03-17 07:42:06 | INFO | Episode  147 - Reward: -2.150, Length: 40, Loss: 0.0154, Epsilon: 0.100
2026-03-17 07:42:07 | INFO | Episode  148 - Reward: -2.150, Length: 40, Loss: 0.0172, Epsilon: 0.100
2026-03-17 07:42:07 | INFO | Episode  149 - Reward: -2.300, Length: 40, Loss: 0.0158, Epsilon: 0.100
2026-03-17 07:42:08 | INFO | Episode  150 - Reward: -2.450, Length: 40, Loss: 0.0151, Epsilon: 0.100
2026-03-17 07:42:23 | INFO | [Episode  150] eps=0.100  avg_reward=  -4.454  avg_length= 40.00  avg_loss=  0.0174  eval_success=0.000
2026-03-17 07:42:24 | INFO | Episode  151 - Reward: -7.100, Length: 40, Loss: 0.0145, Epsilon: 0.100
2026-03-17 07:42:24 | INFO | Episode  152 - Reward: -7.400, Length: 40, Loss: 0.0141, Epsilon: 0.100
2026-03-17 07:42:25 | INFO | Episode  153 - Reward: -7.100, Length: 40, Loss: 0.0127, Epsilon: 0.100
2026-03-17 07:42:27 | INFO | Episode  154 - Reward: -7.550, Length: 40, Loss: 0.0160, Epsilon: 0.100
2026-03-17 07:42:28 | INFO | Episode  155 - Reward: -7.100, Length: 40, Loss: 0.0170, Epsilon: 0.100
2026-03-17 07:42:29 | INFO | Episode  156 - Reward: -6.800, Length: 40, Loss: 0.0165, Epsilon: 0.100
2026-03-17 07:42:30 | INFO | Episode  157 - Reward: -7.250, Length: 40, Loss: 0.0163, Epsilon: 0.100
2026-03-17 07:42:31 | INFO | Episode  158 - Reward: -7.100, Length: 40, Loss: 0.0149, Epsilon: 0.100
2026-03-17 07:42:32 | INFO | Episode  159 - Reward: -7.400, Length: 40, Loss: 0.0179, Epsilon: 0.100
2026-03-17 07:42:33 | INFO | Episode  160 - Reward: -6.950, Length: 40, Loss: 0.0197, Epsilon: 0.100
2026-03-17 07:42:34 | INFO | Episode  161 - Reward: -6.200, Length: 40, Loss: 0.0163, Epsilon: 0.100
2026-03-17 07:42:35 | INFO | Episode  162 - Reward: -7.100, Length: 40, Loss: 0.0195, Epsilon: 0.100
2026-03-17 07:42:37 | INFO | Episode  163 - Reward: -7.400, Length: 40, Loss: 0.0186, Epsilon: 0.100
2026-03-17 07:42:38 | INFO | Episode  164 - Reward: -7.850, Length: 40, Loss: 0.0179, Epsilon: 0.100
2026-03-17 07:42:39 | INFO | Episode  165 - Reward: -7.400, Length: 40, Loss: 0.0182, Epsilon: 0.100
2026-03-17 07:42:40 | INFO | Episode  166 - Reward: -6.800, Length: 40, Loss: 0.0196, Epsilon: 0.100
2026-03-17 07:42:41 | INFO | Episode  167 - Reward: -6.800, Length: 40, Loss: 0.0181, Epsilon: 0.100
2026-03-17 07:42:42 | INFO | Episode  168 - Reward: -7.100, Length: 40, Loss: 0.0196, Epsilon: 0.100
2026-03-17 07:42:43 | INFO | Episode  169 - Reward: -7.100, Length: 40, Loss: 0.0175, Epsilon: 0.100
2026-03-17 07:42:44 | INFO | Episode  170 - Reward: -6.500, Length: 40, Loss: 0.0171, Epsilon: 0.100
2026-03-17 07:42:46 | INFO | Episode  171 - Reward: -7.100, Length: 40, Loss: 0.0198, Epsilon: 0.100
2026-03-17 07:42:47 | INFO | Episode  172 - Reward: -6.800, Length: 40, Loss: 0.0199, Epsilon: 0.100
2026-03-17 07:42:48 | INFO | Episode  173 - Reward: -6.500, Length: 40, Loss: 0.0186, Epsilon: 0.100
2026-03-17 07:42:49 | INFO | Episode  174 - Reward: -7.100, Length: 40, Loss: 0.0203, Epsilon: 0.100
2026-03-17 07:42:50 | INFO | Episode  175 - Reward: -7.100, Length: 40, Loss: 0.0196, Epsilon: 0.100
2026-03-17 07:42:51 | INFO | Episode  176 - Reward: -6.800, Length: 40, Loss: 0.0191, Epsilon: 0.100
2026-03-17 07:42:52 | INFO | Episode  177 - Reward: -6.200, Length: 40, Loss: 0.0195, Epsilon: 0.100
2026-03-17 07:42:53 | INFO | Episode  178 - Reward: -6.500, Length: 40, Loss: 0.0203, Epsilon: 0.100
2026-03-17 07:42:55 | INFO | Episode  179 - Reward: -7.400, Length: 40, Loss: 0.0223, Epsilon: 0.100
2026-03-17 07:42:56 | INFO | Episode  180 - Reward: -2.300, Length: 40, Loss: 0.0181, Epsilon: 0.100
2026-03-17 07:42:56 | INFO | Episode  181 - Reward: -2.000, Length: 40, Loss: 0.0207, Epsilon: 0.100
2026-03-17 07:42:57 | INFO | Episode  182 - Reward: -2.450, Length: 40, Loss: 0.0202, Epsilon: 0.100
2026-03-17 07:42:58 | INFO | Episode  183 - Reward: -2.300, Length: 40, Loss: 0.0199, Epsilon: 0.100
2026-03-17 07:42:59 | INFO | Episode  184 - Reward: -2.300, Length: 40, Loss: 0.0178, Epsilon: 0.100
2026-03-17 07:43:00 | INFO | Episode  185 - Reward: -2.300, Length: 40, Loss: 0.0176, Epsilon: 0.100
2026-03-17 07:43:01 | INFO | Episode  186 - Reward: -2.300, Length: 40, Loss: 0.0171, Epsilon: 0.100
2026-03-17 07:43:03 | INFO | Episode  187 - Reward: -2.000, Length: 40, Loss: 0.0202, Epsilon: 0.100
2026-03-17 07:43:04 | INFO | Episode  188 - Reward: -2.450, Length: 40, Loss: 0.0164, Epsilon: 0.100
2026-03-17 07:43:05 | INFO | Episode  189 - Reward: -2.000, Length: 40, Loss: 0.0182, Epsilon: 0.100
2026-03-17 07:43:06 | INFO | Episode  190 - Reward: -2.150, Length: 40, Loss: 0.0178, Epsilon: 0.100
2026-03-17 07:43:07 | INFO | Episode  191 - Reward: -2.600, Length: 40, Loss: 0.0154, Epsilon: 0.100
2026-03-17 07:43:08 | INFO | Episode  192 - Reward: -2.000, Length: 40, Loss: 0.0158, Epsilon: 0.100
2026-03-17 07:43:09 | INFO | Episode  193 - Reward: -2.450, Length: 40, Loss: 0.0190, Epsilon: 0.100
2026-03-17 07:43:10 | INFO | Episode  194 - Reward: -2.300, Length: 40, Loss: 0.0158, Epsilon: 0.100
2026-03-17 07:43:11 | INFO | Episode  195 - Reward: -2.150, Length: 40, Loss: 0.0155, Epsilon: 0.100
2026-03-17 07:43:12 | INFO | Episode  196 - Reward: -2.300, Length: 40, Loss: 0.0145, Epsilon: 0.100
2026-03-17 07:43:14 | INFO | Episode  197 - Reward: -2.450, Length: 40, Loss: 0.0150, Epsilon: 0.100
2026-03-17 07:43:15 | INFO | Episode  198 - Reward: -2.150, Length: 40, Loss: 0.0139, Epsilon: 0.100
2026-03-17 07:43:16 | INFO | Episode  199 - Reward: -7.550, Length: 40, Loss: 0.0159, Epsilon: 0.100
2026-03-17 07:43:17 | INFO | Episode  200 - Reward: -2.150, Length: 40, Loss: 0.0147, Epsilon: 0.100
2026-03-17 07:43:32 | INFO | [Episode  200] eps=0.100  avg_reward=  -5.123  avg_length= 40.00  avg_loss=  0.0176  eval_success=0.000
2026-03-17 07:43:33 | INFO | Episode  201 - Reward: -2.750, Length: 40, Loss: 0.0160, Epsilon: 0.100
2026-03-17 07:43:34 | INFO | Episode  202 - Reward: -2.450, Length: 40, Loss: 0.0163, Epsilon: 0.100
2026-03-17 07:43:36 | INFO | Episode  203 - Reward: -7.550, Length: 40, Loss: 0.0161, Epsilon: 0.100
2026-03-17 07:43:37 | INFO | Episode  204 - Reward: -3.050, Length: 40, Loss: 0.0152, Epsilon: 0.100
2026-03-17 07:43:38 | INFO | Episode  205 - Reward: -2.900, Length: 40, Loss: 0.0145, Epsilon: 0.100
2026-03-17 07:43:39 | INFO | Episode  206 - Reward: -2.600, Length: 40, Loss: 0.0125, Epsilon: 0.100
2026-03-17 07:43:40 | INFO | Episode  207 - Reward: -4.550, Length: 40, Loss: 0.0161, Epsilon: 0.100
2026-03-17 07:43:41 | INFO | Episode  208 - Reward: -2.600, Length: 40, Loss: 0.0144, Epsilon: 0.100
2026-03-17 07:43:42 | INFO | Episode  209 - Reward: -2.450, Length: 40, Loss: 0.0137, Epsilon: 0.100
2026-03-17 07:43:43 | INFO | Episode  210 - Reward: -3.350, Length: 40, Loss: 0.0134, Epsilon: 0.100
2026-03-17 07:43:44 | INFO | Episode  211 - Reward: -5.750, Length: 40, Loss: 0.0167, Epsilon: 0.100
2026-03-17 07:43:45 | INFO | Episode  212 - Reward: -6.950, Length: 40, Loss: 0.0140, Epsilon: 0.100
2026-03-17 07:43:47 | INFO | Episode  213 - Reward: -4.550, Length: 40, Loss: 0.0155, Epsilon: 0.100
2026-03-17 07:43:48 | INFO | Episode  214 - Reward: -6.950, Length: 40, Loss: 0.0136, Epsilon: 0.100
2026-03-17 07:43:49 | INFO | Episode  215 - Reward: -5.750, Length: 40, Loss: 0.0154, Epsilon: 0.100
2026-03-17 07:43:50 | INFO | Episode  216 - Reward: -4.250, Length: 40, Loss: 0.0149, Epsilon: 0.100
2026-03-17 07:43:51 | INFO | Episode  217 - Reward: -5.000, Length: 40, Loss: 0.0141, Epsilon: 0.100
2026-03-17 07:43:52 | INFO | Episode  218 - Reward: -3.500, Length: 40, Loss: 0.0145, Epsilon: 0.100
2026-03-17 07:43:53 | INFO | Episode  219 - Reward: -6.500, Length: 40, Loss: 0.0155, Epsilon: 0.100
2026-03-17 07:43:54 | INFO | Episode  220 - Reward: -7.550, Length: 40, Loss: 0.0135, Epsilon: 0.100
2026-03-17 07:43:55 | INFO | Episode  221 - Reward: -4.850, Length: 40, Loss: 0.0141, Epsilon: 0.100
2026-03-17 07:43:57 | INFO | Episode  222 - Reward: -7.850, Length: 40, Loss: 0.0155, Epsilon: 0.100
2026-03-17 07:43:58 | INFO | Episode  223 - Reward: -2.900, Length: 40, Loss: 0.0148, Epsilon: 0.100
2026-03-17 07:43:59 | INFO | Episode  224 - Reward: -7.550, Length: 40, Loss: 0.0148, Epsilon: 0.100
2026-03-17 07:43:59 | INFO | Episode  225 - Reward: -7.550, Length: 40, Loss: 0.0130, Epsilon: 0.100
2026-03-17 07:44:00 | INFO | Episode  226 - Reward: -6.950, Length: 40, Loss: 0.0129, Epsilon: 0.100
2026-03-17 07:44:01 | INFO | Episode  227 - Reward: -2.150, Length: 40, Loss: 0.0149, Epsilon: 0.100
2026-03-17 07:44:02 | INFO | Episode  228 - Reward: -6.950, Length: 40, Loss: 0.0152, Epsilon: 0.100
2026-03-17 07:44:03 | INFO | Episode  229 - Reward: -7.250, Length: 40, Loss: 0.0123, Epsilon: 0.100
2026-03-17 07:44:05 | INFO | Episode  230 - Reward: -7.550, Length: 40, Loss: 0.0164, Epsilon: 0.100
2026-03-17 07:44:06 | INFO | Episode  231 - Reward: -7.550, Length: 40, Loss: 0.0144, Epsilon: 0.100
2026-03-17 07:44:07 | INFO | Episode  232 - Reward: -4.400, Length: 40, Loss: 0.0153, Epsilon: 0.100
2026-03-17 07:44:08 | INFO | Episode  233 - Reward: -6.650, Length: 40, Loss: 0.0140, Epsilon: 0.100
2026-03-17 07:44:09 | INFO | Episode  234 - Reward: -7.250, Length: 40, Loss: 0.0159, Epsilon: 0.100
2026-03-17 07:44:10 | INFO | Episode  235 - Reward: -7.250, Length: 40, Loss: 0.0166, Epsilon: 0.100
2026-03-17 07:44:11 | INFO | Episode  236 - Reward: -6.950, Length: 40, Loss: 0.0161, Epsilon: 0.100
2026-03-17 07:44:12 | INFO | Episode  237 - Reward: -6.800, Length: 40, Loss: 0.0138, Epsilon: 0.100
2026-03-17 07:44:13 | INFO | Episode  238 - Reward: -6.950, Length: 40, Loss: 0.0130, Epsilon: 0.100
2026-03-17 07:44:13 | INFO | Episode  239 - Reward: -4.850, Length: 40, Loss: 0.0166, Epsilon: 0.100
2026-03-17 07:44:14 | INFO | Episode  240 - Reward: -3.950, Length: 40, Loss: 0.0134, Epsilon: 0.100
2026-03-17 07:44:15 | INFO | Episode  241 - Reward: -5.750, Length: 40, Loss: 0.0182, Epsilon: 0.100
2026-03-17 07:44:16 | INFO | Episode  242 - Reward: -2.600, Length: 40, Loss: 0.0146, Epsilon: 0.100
2026-03-17 07:44:17 | INFO | Episode  243 - Reward: -4.400, Length: 40, Loss: 0.0151, Epsilon: 0.100
2026-03-17 07:44:18 | INFO | Episode  244 - Reward: -7.100, Length: 40, Loss: 0.0167, Epsilon: 0.100
2026-03-17 07:44:19 | INFO | Episode  245 - Reward: -6.800, Length: 40, Loss: 0.0152, Epsilon: 0.100
2026-03-17 07:44:20 | INFO | Episode  246 - Reward: -6.350, Length: 40, Loss: 0.0173, Epsilon: 0.100
2026-03-17 07:44:21 | INFO | Episode  247 - Reward: -6.200, Length: 40, Loss: 0.0179, Epsilon: 0.100
2026-03-17 07:44:21 | INFO | Episode  248 - Reward: -6.200, Length: 40, Loss: 0.0169, Epsilon: 0.100
2026-03-17 07:44:22 | INFO | Episode  249 - Reward: -7.400, Length: 40, Loss: 0.0193, Epsilon: 0.100
2026-03-17 07:44:23 | INFO | Episode  250 - Reward: -6.800, Length: 40, Loss: 0.0181, Epsilon: 0.100
2026-03-17 07:44:35 | INFO | [Episode  250] eps=0.100  avg_reward=  -5.495  avg_length= 40.00  avg_loss=  0.0152  eval_success=0.000
