2026-03-17 07:52:05 | INFO | ============================================================
2026-03-17 07:52:05 | INFO | DEVICE / COMPUTE INFORMATION
2026-03-17 07:52:05 | INFO |   JAX backend       : GPU
2026-03-17 07:52:05 | INFO |   Platform          : gpu
2026-03-17 07:52:05 | INFO |   Num devices       : 1
2026-03-17 07:52:05 | INFO |   Device            : cuda:0
2026-03-17 07:52:05 | INFO |   GPU name          : NVIDIA GeForce RTX 5060 Laptop GPU
2026-03-17 07:52:05 | INFO | ============================================================
2026-03-17 07:52:05 | INFO | ✓ JAX GPU backend confirmed.
2026-03-17 07:52:07 | INFO | DQN seed=9_gamma=0.99_lr=0.01
2026-03-17 07:52:09 | INFO | Episode    1 - Reward: 7.950, Length: 18, Loss: 0.0000, Epsilon: 0.991
2026-03-17 07:52:10 | INFO | Episode    2 - Reward: -4.850, Length: 40, Loss: 0.0000, Epsilon: 0.982
2026-03-17 07:52:11 | INFO | Episode    3 - Reward: -3.650, Length: 40, Loss: 0.0000, Epsilon: 0.973
2026-03-17 07:52:15 | INFO | Episode    4 - Reward: -5.300, Length: 40, Loss: 0.0532, Epsilon: 0.964
2026-03-17 07:52:16 | INFO | Episode    5 - Reward: -4.700, Length: 40, Loss: 0.8505, Epsilon: 0.955
2026-03-17 07:52:18 | INFO | Episode    6 - Reward: -5.450, Length: 40, Loss: 0.0334, Epsilon: 0.946
2026-03-17 07:52:19 | INFO | Episode    7 - Reward: -4.850, Length: 40, Loss: 0.8202, Epsilon: 0.937
2026-03-17 07:52:20 | INFO | Episode    8 - Reward: -7.100, Length: 40, Loss: 0.8526, Epsilon: 0.928
2026-03-17 07:52:21 | INFO | Episode    9 - Reward: -5.000, Length: 40, Loss: 0.0175, Epsilon: 0.919
2026-03-17 07:52:22 | INFO | Episode   10 - Reward: -9.800, Length: 40, Loss: 0.8654, Epsilon: 0.910
2026-03-17 07:52:23 | INFO | Episode   11 - Reward: -4.100, Length: 40, Loss: 0.7698, Epsilon: 0.901
2026-03-17 07:52:24 | INFO | Episode   12 - Reward: -13.550, Length: 40, Loss: 0.0715, Epsilon: 0.892
2026-03-17 07:52:25 | INFO | Episode   13 - Reward: -5.300, Length: 40, Loss: 0.0642, Epsilon: 0.883
2026-03-17 07:52:26 | INFO | Episode   14 - Reward: -5.300, Length: 40, Loss: 0.1293, Epsilon: 0.874
2026-03-17 07:52:27 | INFO | Episode   15 - Reward: -17.150, Length: 40, Loss: 0.0753, Epsilon: 0.865
2026-03-17 07:52:28 | INFO | Episode   16 - Reward: 3.050, Length: 38, Loss: 1.0277, Epsilon: 0.856
2026-03-17 07:52:29 | INFO | Episode   17 - Reward: -5.750, Length: 40, Loss: 0.2052, Epsilon: 0.847
2026-03-17 07:52:31 | INFO | Episode   18 - Reward: -4.550, Length: 40, Loss: 0.0113, Epsilon: 0.838
2026-03-17 07:52:32 | INFO | Episode   19 - Reward: -5.000, Length: 40, Loss: 0.8914, Epsilon: 0.829
2026-03-17 07:52:33 | INFO | Episode   20 - Reward: -4.400, Length: 40, Loss: 0.0721, Epsilon: 0.820
2026-03-17 07:52:34 | INFO | Episode   21 - Reward: -4.400, Length: 40, Loss: 0.0388, Epsilon: 0.811
2026-03-17 07:52:35 | INFO | Episode   22 - Reward: 2.600, Length: 23, Loss: 1.5765, Epsilon: 0.802
2026-03-17 07:52:36 | INFO | Episode   23 - Reward: -5.300, Length: 40, Loss: 1.6186, Epsilon: 0.793
2026-03-17 07:52:37 | INFO | Episode   24 - Reward: 8.950, Length: 16, Loss: 0.1435, Epsilon: 0.784
2026-03-17 07:52:38 | INFO | Episode   25 - Reward: -4.250, Length: 40, Loss: 0.1250, Epsilon: 0.775
2026-03-17 07:52:39 | INFO | Episode   26 - Reward: -6.950, Length: 40, Loss: 1.5409, Epsilon: 0.766
2026-03-17 07:52:40 | INFO | Episode   27 - Reward: 5.000, Length: 26, Loss: 0.0865, Epsilon: 0.757
2026-03-17 07:52:41 | INFO | Episode   28 - Reward: 5.150, Length: 38, Loss: 0.8344, Epsilon: 0.748
2026-03-17 07:52:43 | INFO | Episode   29 - Reward: 5.700, Length: 27, Loss: 0.0608, Epsilon: 0.739
2026-03-17 07:52:44 | INFO | Episode   30 - Reward: -5.000, Length: 40, Loss: 0.0824, Epsilon: 0.730
2026-03-17 07:52:45 | INFO | Episode   31 - Reward: 7.850, Length: 23, Loss: 0.0849, Epsilon: 0.721
2026-03-17 07:52:46 | INFO | Episode   32 - Reward: 5.200, Length: 25, Loss: 0.7386, Epsilon: 0.712
2026-03-17 07:52:47 | INFO | Episode   33 - Reward: 6.200, Length: 17, Loss: 0.1849, Epsilon: 0.703
2026-03-17 07:52:48 | INFO | Episode   34 - Reward: 5.000, Length: 35, Loss: 0.7839, Epsilon: 0.694
2026-03-17 07:52:50 | INFO | Episode   35 - Reward: -5.150, Length: 40, Loss: 0.1188, Epsilon: 0.685
2026-03-17 07:52:51 | INFO | Episode   36 - Reward: -5.450, Length: 40, Loss: 0.8716, Epsilon: 0.676
2026-03-17 07:52:52 | INFO | Episode   37 - Reward: 7.350, Length: 33, Loss: 0.7614, Epsilon: 0.667
2026-03-17 07:52:53 | INFO | Episode   38 - Reward: 4.300, Length: 40, Loss: 0.7904, Epsilon: 0.658
2026-03-17 07:52:54 | INFO | Episode   39 - Reward: 8.150, Length: 23, Loss: 0.7883, Epsilon: 0.649
2026-03-17 07:52:54 | INFO | Episode   40 - Reward: -5.900, Length: 40, Loss: 1.4332, Epsilon: 0.640
2026-03-17 07:52:55 | INFO | Episode   41 - Reward: -4.550, Length: 40, Loss: 1.4219, Epsilon: 0.631
2026-03-17 07:52:56 | INFO | Episode   42 - Reward: 3.600, Length: 36, Loss: 2.1215, Epsilon: 0.622
2026-03-17 07:52:57 | INFO | Episode   43 - Reward: 7.850, Length: 23, Loss: 0.7062, Epsilon: 0.613
2026-03-17 07:52:59 | INFO | Episode   44 - Reward: -5.600, Length: 40, Loss: 0.1096, Epsilon: 0.604
2026-03-17 07:53:00 | INFO | Episode   45 - Reward: 4.100, Length: 32, Loss: 0.1624, Epsilon: 0.595
2026-03-17 07:53:01 | INFO | Episode   46 - Reward: 0.750, Length: 18, Loss: 0.1042, Epsilon: 0.586
2026-03-17 07:53:02 | INFO | Episode   47 - Reward: 3.700, Length: 37, Loss: 1.3049, Epsilon: 0.577
2026-03-17 07:53:03 | INFO | Episode   48 - Reward: 5.050, Length: 34, Loss: 0.1567, Epsilon: 0.568
2026-03-17 07:53:04 | INFO | Episode   49 - Reward: 1.950, Length: 36, Loss: 0.6927, Epsilon: 0.559
2026-03-17 07:53:05 | INFO | Episode   50 - Reward: 7.650, Length: 24, Loss: 0.1800, Epsilon: 0.550
2026-03-17 07:53:22 | INFO | [Episode   50] eps=0.550  avg_reward=  -1.025  avg_length= 34.84  avg_loss=  0.5287  eval_success=0.000
2026-03-17 07:53:23 | INFO | Episode   51 - Reward: 4.900, Length: 28, Loss: 0.1229, Epsilon: 0.541
2026-03-17 07:53:24 | INFO | Episode   52 - Reward: -12.200, Length: 40, Loss: 0.7418, Epsilon: 0.532
2026-03-17 07:53:25 | INFO | Episode   53 - Reward: -6.050, Length: 40, Loss: 0.1106, Epsilon: 0.523
2026-03-17 07:53:26 | INFO | Episode   54 - Reward: 8.550, Length: 18, Loss: 1.9147, Epsilon: 0.514
2026-03-17 07:53:27 | INFO | Episode   55 - Reward: 5.700, Length: 21, Loss: 0.7288, Epsilon: 0.505
2026-03-17 07:53:28 | INFO | Episode   56 - Reward: -5.750, Length: 40, Loss: 2.1204, Epsilon: 0.496
2026-03-17 07:53:29 | INFO | Episode   57 - Reward: -5.750, Length: 40, Loss: 1.4177, Epsilon: 0.487
2026-03-17 07:53:30 | INFO | Episode   58 - Reward: 9.450, Length: 9, Loss: 1.9245, Epsilon: 0.478
2026-03-17 07:53:31 | INFO | Episode   59 - Reward: -11.750, Length: 40, Loss: 1.7669, Epsilon: 0.469
2026-03-17 07:53:32 | INFO | Episode   60 - Reward: 1.500, Length: 27, Loss: 1.2973, Epsilon: 0.460
2026-03-17 07:53:34 | INFO | Episode   61 - Reward: 5.250, Length: 12, Loss: 1.1657, Epsilon: 0.451
2026-03-17 07:53:35 | INFO | Episode   62 - Reward: 7.050, Length: 24, Loss: 0.6512, Epsilon: 0.442
2026-03-17 07:53:36 | INFO | Episode   63 - Reward: 3.650, Length: 26, Loss: 1.1479, Epsilon: 0.433
2026-03-17 07:53:37 | INFO | Episode   64 - Reward: -6.500, Length: 40, Loss: 0.2310, Epsilon: 0.424
2026-03-17 07:53:38 | INFO | Episode   65 - Reward: 5.300, Length: 26, Loss: 1.6599, Epsilon: 0.415
2026-03-17 07:53:39 | INFO | Episode   66 - Reward: 6.450, Length: 27, Loss: 2.0494, Epsilon: 0.406
2026-03-17 07:53:40 | INFO | Episode   67 - Reward: 9.150, Length: 12, Loss: 1.9708, Epsilon: 0.397
2026-03-17 07:53:41 | INFO | Episode   68 - Reward: 7.300, Length: 13, Loss: 0.6572, Epsilon: 0.388
2026-03-17 07:53:42 | INFO | Episode   69 - Reward: -9.500, Length: 40, Loss: 1.9359, Epsilon: 0.379
2026-03-17 07:53:43 | INFO | Episode   70 - Reward: 5.100, Length: 24, Loss: 2.2233, Epsilon: 0.370
2026-03-17 07:53:44 | INFO | Episode   71 - Reward: -5.900, Length: 40, Loss: 1.3676, Epsilon: 0.361
2026-03-17 07:53:46 | INFO | Episode   72 - Reward: 4.300, Length: 31, Loss: 1.0262, Epsilon: 0.352
2026-03-17 07:53:47 | INFO | Episode   73 - Reward: -7.550, Length: 40, Loss: 0.3427, Epsilon: 0.343
2026-03-17 07:53:48 | INFO | Episode   74 - Reward: 5.650, Length: 10, Loss: 1.0538, Epsilon: 0.334
2026-03-17 07:53:49 | INFO | Episode   75 - Reward: 9.650, Length: 8, Loss: 0.2227, Epsilon: 0.325
2026-03-17 07:53:50 | INFO | Episode   76 - Reward: -6.800, Length: 40, Loss: 1.0621, Epsilon: 0.316
2026-03-17 07:53:51 | INFO | Episode   77 - Reward: 5.900, Length: 20, Loss: 1.8011, Epsilon: 0.307
2026-03-17 07:53:51 | INFO | Episode   78 - Reward: -7.550, Length: 40, Loss: 2.2220, Epsilon: 0.298
2026-03-17 07:53:52 | INFO | Episode   79 - Reward: 5.250, Length: 30, Loss: 1.1245, Epsilon: 0.289
2026-03-17 07:53:53 | INFO | Episode   80 - Reward: 8.550, Length: 15, Loss: 0.6257, Epsilon: 0.280
2026-03-17 07:53:54 | INFO | Episode   81 - Reward: 4.650, Length: 33, Loss: 0.5913, Epsilon: 0.271
2026-03-17 07:53:55 | INFO | Episode   82 - Reward: 9.650, Length: 8, Loss: 1.2017, Epsilon: 0.262
2026-03-17 07:53:56 | INFO | Episode   83 - Reward: 9.650, Length: 8, Loss: 0.5595, Epsilon: 0.253
2026-03-17 07:53:56 | INFO | Episode   84 - Reward: 9.350, Length: 11, Loss: 0.5970, Epsilon: 0.244
2026-03-17 07:53:57 | INFO | Episode   85 - Reward: 9.250, Length: 10, Loss: 1.2572, Epsilon: 0.235
2026-03-17 07:53:57 | INFO | Episode   86 - Reward: 9.650, Length: 8, Loss: 1.1336, Epsilon: 0.226
2026-03-17 07:53:58 | INFO | Episode   87 - Reward: -11.600, Length: 40, Loss: 1.5638, Epsilon: 0.217
2026-03-17 07:53:59 | INFO | Episode   88 - Reward: 7.300, Length: 10, Loss: 0.5707, Epsilon: 0.208
2026-03-17 07:54:00 | INFO | Episode   89 - Reward: 9.550, Length: 10, Loss: 1.1964, Epsilon: 0.199
2026-03-17 07:54:01 | INFO | Episode   90 - Reward: 9.650, Length: 8, Loss: 0.6233, Epsilon: 0.190
2026-03-17 07:54:02 | INFO | Episode   91 - Reward: 9.550, Length: 10, Loss: 0.9638, Epsilon: 0.181
2026-03-17 07:54:02 | INFO | Episode   92 - Reward: 9.450, Length: 12, Loss: 1.8223, Epsilon: 0.172
2026-03-17 07:54:03 | INFO | Episode   93 - Reward: 8.550, Length: 15, Loss: 1.3603, Epsilon: 0.163
2026-03-17 07:54:04 | INFO | Episode   94 - Reward: 9.450, Length: 9, Loss: 1.7613, Epsilon: 0.154
2026-03-17 07:54:05 | INFO | Episode   95 - Reward: 9.650, Length: 8, Loss: 0.2400, Epsilon: 0.145
2026-03-17 07:54:06 | INFO | Episode   96 - Reward: -6.800, Length: 40, Loss: 0.5486, Epsilon: 0.136
2026-03-17 07:54:07 | INFO | Episode   97 - Reward: -7.400, Length: 40, Loss: 1.5244, Epsilon: 0.127
2026-03-17 07:54:08 | INFO | Episode   98 - Reward: -9.950, Length: 40, Loss: 0.7794, Epsilon: 0.118
2026-03-17 07:54:09 | INFO | Episode   99 - Reward: -7.100, Length: 40, Loss: 0.8307, Epsilon: 0.109
2026-03-17 07:54:09 | INFO | Episode  100 - Reward: 9.550, Length: 10, Loss: 0.7380, Epsilon: 0.100
2026-03-17 07:54:22 | INFO | [Episode  100] eps=0.100  avg_reward=   2.508  avg_length= 23.82  avg_loss=  1.1310  eval_success=0.000
2026-03-17 07:54:23 | INFO | Episode  101 - Reward: -7.400, Length: 40, Loss: 0.7502, Epsilon: 0.100
2026-03-17 07:54:23 | INFO | Episode  102 - Reward: -6.800, Length: 40, Loss: 0.9962, Epsilon: 0.100
2026-03-17 07:54:24 | INFO | Episode  103 - Reward: -8.150, Length: 40, Loss: 1.0198, Epsilon: 0.100
2026-03-17 07:54:25 | INFO | Episode  104 - Reward: -8.750, Length: 40, Loss: 0.3427, Epsilon: 0.100
2026-03-17 07:54:26 | INFO | Episode  105 - Reward: 9.450, Length: 12, Loss: 1.2381, Epsilon: 0.100
2026-03-17 07:54:27 | INFO | Episode  106 - Reward: -13.850, Length: 40, Loss: 0.7291, Epsilon: 0.100
2026-03-17 07:54:28 | INFO | Episode  107 - Reward: 6.500, Length: 14, Loss: 1.3706, Epsilon: 0.100
2026-03-17 07:54:29 | INFO | Episode  108 - Reward: -8.000, Length: 40, Loss: 1.2463, Epsilon: 0.100
2026-03-17 07:54:29 | INFO | Episode  109 - Reward: 7.950, Length: 18, Loss: 1.4880, Epsilon: 0.100
2026-03-17 07:54:30 | INFO | Episode  110 - Reward: 9.650, Length: 8, Loss: 0.7367, Epsilon: 0.100
2026-03-17 07:54:30 | INFO | Episode  111 - Reward: 4.850, Length: 32, Loss: 0.7370, Epsilon: 0.100
2026-03-17 07:54:31 | INFO | Episode  112 - Reward: -6.800, Length: 40, Loss: 1.2858, Epsilon: 0.100
2026-03-17 07:54:32 | INFO | Episode  113 - Reward: 7.700, Length: 8, Loss: 1.2869, Epsilon: 0.100
2026-03-17 07:54:33 | INFO | Episode  114 - Reward: -7.400, Length: 40, Loss: 1.3036, Epsilon: 0.100
2026-03-17 07:54:34 | INFO | Episode  115 - Reward: -10.250, Length: 40, Loss: 1.8260, Epsilon: 0.100
2026-03-17 07:54:35 | INFO | Episode  116 - Reward: 9.650, Length: 8, Loss: 1.1754, Epsilon: 0.100
2026-03-17 07:54:36 | INFO | Episode  117 - Reward: 8.850, Length: 12, Loss: 0.3112, Epsilon: 0.100
2026-03-17 07:54:36 | INFO | Episode  118 - Reward: -7.100, Length: 40, Loss: 1.0716, Epsilon: 0.100
2026-03-17 07:54:37 | INFO | Episode  119 - Reward: 9.650, Length: 8, Loss: 0.5696, Epsilon: 0.100
2026-03-17 07:54:38 | INFO | Episode  120 - Reward: 4.950, Length: 33, Loss: 1.1957, Epsilon: 0.100
2026-03-17 07:54:39 | INFO | Episode  121 - Reward: 3.650, Length: 38, Loss: 1.1472, Epsilon: 0.100
2026-03-17 07:54:40 | INFO | Episode  122 - Reward: 9.250, Length: 10, Loss: 1.0086, Epsilon: 0.100
2026-03-17 07:54:41 | INFO | Episode  123 - Reward: 5.450, Length: 29, Loss: 1.4100, Epsilon: 0.100
2026-03-17 07:54:42 | INFO | Episode  124 - Reward: -6.800, Length: 40, Loss: 1.5734, Epsilon: 0.100
2026-03-17 07:54:42 | INFO | Episode  125 - Reward: -7.100, Length: 40, Loss: 0.6765, Epsilon: 0.100
2026-03-17 07:54:43 | INFO | Episode  126 - Reward: 2.900, Length: 32, Loss: 0.9999, Epsilon: 0.100
2026-03-17 07:54:44 | INFO | Episode  127 - Reward: 9.450, Length: 9, Loss: 1.3393, Epsilon: 0.100
2026-03-17 07:54:45 | INFO | Episode  128 - Reward: 4.450, Length: 34, Loss: 1.3687, Epsilon: 0.100
2026-03-17 07:54:46 | INFO | Episode  129 - Reward: -6.950, Length: 40, Loss: 0.5751, Epsilon: 0.100
2026-03-17 07:54:47 | INFO | Episode  130 - Reward: 9.550, Length: 10, Loss: 1.3400, Epsilon: 0.100
2026-03-17 07:54:48 | INFO | Episode  131 - Reward: -7.850, Length: 40, Loss: 1.0724, Epsilon: 0.100
2026-03-17 07:54:49 | INFO | Episode  132 - Reward: 9.650, Length: 8, Loss: 1.1616, Epsilon: 0.100
2026-03-17 07:54:50 | INFO | Episode  133 - Reward: 9.650, Length: 8, Loss: 0.5053, Epsilon: 0.100
2026-03-17 07:54:51 | INFO | Episode  134 - Reward: 9.450, Length: 9, Loss: 0.6269, Epsilon: 0.100
2026-03-17 07:54:52 | INFO | Episode  135 - Reward: -7.850, Length: 40, Loss: 1.2379, Epsilon: 0.100
2026-03-17 07:54:53 | INFO | Episode  136 - Reward: 3.650, Length: 20, Loss: 1.3983, Epsilon: 0.100
2026-03-17 07:54:54 | INFO | Episode  137 - Reward: 5.800, Length: 19, Loss: 0.5478, Epsilon: 0.100
2026-03-17 07:54:56 | INFO | Episode  138 - Reward: 2.800, Length: 34, Loss: 1.7778, Epsilon: 0.100
2026-03-17 07:54:57 | INFO | Episode  139 - Reward: 9.450, Length: 9, Loss: 1.0479, Epsilon: 0.100
2026-03-17 07:54:58 | INFO | Episode  140 - Reward: 9.450, Length: 9, Loss: 0.5337, Epsilon: 0.100
2026-03-17 07:54:59 | INFO | Episode  141 - Reward: -9.950, Length: 40, Loss: 1.9057, Epsilon: 0.100
2026-03-17 07:55:00 | INFO | Episode  142 - Reward: 7.400, Length: 11, Loss: 0.8025, Epsilon: 0.100
2026-03-17 07:55:00 | INFO | Episode  143 - Reward: -8.900, Length: 40, Loss: 0.7737, Epsilon: 0.100
2026-03-17 07:55:02 | INFO | Episode  144 - Reward: 3.550, Length: 40, Loss: 0.6972, Epsilon: 0.100
2026-03-17 07:55:03 | INFO | Episode  145 - Reward: 9.450, Length: 9, Loss: 0.3743, Epsilon: 0.100
2026-03-17 07:55:04 | INFO | Episode  146 - Reward: 9.650, Length: 8, Loss: 1.2798, Epsilon: 0.100
2026-03-17 07:55:05 | INFO | Episode  147 - Reward: 7.700, Length: 8, Loss: 1.7082, Epsilon: 0.100
2026-03-17 07:55:06 | INFO | Episode  148 - Reward: 9.650, Length: 8, Loss: 2.2386, Epsilon: 0.100
2026-03-17 07:55:07 | INFO | Episode  149 - Reward: 9.650, Length: 8, Loss: 0.6522, Epsilon: 0.100
2026-03-17 07:55:08 | INFO | Episode  150 - Reward: -6.800, Length: 40, Loss: 0.8520, Epsilon: 0.100
2026-03-17 07:55:12 | INFO | [Episode  150] eps=0.100  avg_reward=   1.883  avg_length= 24.86  avg_loss=  1.0663  eval_success=1.000
2026-03-17 07:55:13 | INFO | Episode  151 - Reward: 9.650, Length: 8, Loss: 0.9737, Epsilon: 0.100
2026-03-17 07:55:14 | INFO | Episode  152 - Reward: 5.650, Length: 31, Loss: 0.7577, Epsilon: 0.100
2026-03-17 07:55:15 | INFO | Episode  153 - Reward: -6.800, Length: 40, Loss: 1.1414, Epsilon: 0.100
2026-03-17 07:55:16 | INFO | Episode  154 - Reward: 9.650, Length: 8, Loss: 0.9122, Epsilon: 0.100
2026-03-17 07:55:17 | INFO | Episode  155 - Reward: 9.650, Length: 8, Loss: 0.9490, Epsilon: 0.100
2026-03-17 07:55:18 | INFO | Episode  156 - Reward: -7.100, Length: 40, Loss: 1.4128, Epsilon: 0.100
2026-03-17 07:55:19 | INFO | Episode  157 - Reward: -6.800, Length: 40, Loss: 1.4367, Epsilon: 0.100
2026-03-17 07:55:21 | INFO | Episode  158 - Reward: 9.550, Length: 10, Loss: 0.9745, Epsilon: 0.100
2026-03-17 07:55:22 | INFO | Episode  159 - Reward: 9.650, Length: 8, Loss: 1.5843, Epsilon: 0.100
2026-03-17 07:55:23 | INFO | Episode  160 - Reward: 9.650, Length: 8, Loss: 1.1662, Epsilon: 0.100
2026-03-17 07:55:24 | INFO | Episode  161 - Reward: -9.650, Length: 40, Loss: 0.3805, Epsilon: 0.100
2026-03-17 07:55:25 | INFO | Episode  162 - Reward: -8.000, Length: 40, Loss: 2.1333, Epsilon: 0.100
2026-03-17 07:55:27 | INFO | Episode  163 - Reward: -7.850, Length: 40, Loss: 0.5650, Epsilon: 0.100
2026-03-17 07:55:28 | INFO | Episode  164 - Reward: -7.850, Length: 40, Loss: 1.0010, Epsilon: 0.100
2026-03-17 07:55:29 | INFO | Episode  165 - Reward: -8.000, Length: 40, Loss: 0.8760, Epsilon: 0.100
2026-03-17 07:55:30 | INFO | Episode  166 - Reward: 6.000, Length: 18, Loss: 0.6149, Epsilon: 0.100
2026-03-17 07:55:31 | INFO | Episode  167 - Reward: 9.550, Length: 10, Loss: 1.3014, Epsilon: 0.100
2026-03-17 07:55:31 | INFO | Episode  168 - Reward: -7.700, Length: 40, Loss: 1.2686, Epsilon: 0.100
2026-03-17 07:55:33 | INFO | Episode  169 - Reward: -7.550, Length: 40, Loss: 1.9027, Epsilon: 0.100
2026-03-17 07:55:34 | INFO | Episode  170 - Reward: -7.850, Length: 40, Loss: 0.8478, Epsilon: 0.100
2026-03-17 07:55:35 | INFO | Episode  171 - Reward: 6.700, Length: 13, Loss: 0.7239, Epsilon: 0.100
2026-03-17 07:55:36 | INFO | Episode  172 - Reward: 7.000, Length: 13, Loss: 0.7608, Epsilon: 0.100
2026-03-17 07:55:37 | INFO | Episode  173 - Reward: -6.650, Length: 40, Loss: 1.3454, Epsilon: 0.100
2026-03-17 07:55:38 | INFO | Episode  174 - Reward: -8.900, Length: 40, Loss: 1.1054, Epsilon: 0.100
2026-03-17 07:55:39 | INFO | Episode  175 - Reward: -8.750, Length: 40, Loss: 1.2140, Epsilon: 0.100
2026-03-17 07:55:40 | INFO | Episode  176 - Reward: -6.950, Length: 40, Loss: 1.5228, Epsilon: 0.100
2026-03-17 07:55:41 | INFO | Episode  177 - Reward: 3.050, Length: 23, Loss: 0.7779, Epsilon: 0.100
2026-03-17 07:55:42 | INFO | Episode  178 - Reward: 6.500, Length: 14, Loss: 1.1670, Epsilon: 0.100
2026-03-17 07:55:44 | INFO | Episode  179 - Reward: 9.650, Length: 8, Loss: 0.4694, Epsilon: 0.100
2026-03-17 07:55:45 | INFO | Episode  180 - Reward: -8.000, Length: 40, Loss: 0.2170, Epsilon: 0.100
2026-03-17 07:55:46 | INFO | Episode  181 - Reward: 9.650, Length: 8, Loss: 0.8027, Epsilon: 0.100
2026-03-17 07:55:47 | INFO | Episode  182 - Reward: 9.550, Length: 10, Loss: 0.8771, Epsilon: 0.100
2026-03-17 07:55:48 | INFO | Episode  183 - Reward: 9.650, Length: 8, Loss: 0.4553, Epsilon: 0.100
2026-03-17 07:55:49 | INFO | Episode  184 - Reward: 9.650, Length: 8, Loss: 0.4465, Epsilon: 0.100
2026-03-17 07:55:50 | INFO | Episode  185 - Reward: -8.900, Length: 40, Loss: 0.4233, Epsilon: 0.100
2026-03-17 07:55:51 | INFO | Episode  186 - Reward: -2.450, Length: 37, Loss: 1.2391, Epsilon: 0.100
2026-03-17 07:55:52 | INFO | Episode  187 - Reward: 0.750, Length: 39, Loss: 1.0370, Epsilon: 0.100
2026-03-17 07:55:54 | INFO | Episode  188 - Reward: -6.500, Length: 40, Loss: 1.1863, Epsilon: 0.100
2026-03-17 07:55:55 | INFO | Episode  189 - Reward: 7.100, Length: 11, Loss: 1.1421, Epsilon: 0.100
2026-03-17 07:55:56 | INFO | Episode  190 - Reward: 9.650, Length: 8, Loss: 1.2163, Epsilon: 0.100
2026-03-17 07:55:57 | INFO | Episode  191 - Reward: 4.800, Length: 24, Loss: 1.0877, Epsilon: 0.100
2026-03-17 07:55:58 | INFO | Episode  192 - Reward: 7.400, Length: 11, Loss: 0.7998, Epsilon: 0.100
2026-03-17 07:55:59 | INFO | Episode  193 - Reward: 9.250, Length: 10, Loss: 0.5228, Epsilon: 0.100
2026-03-17 07:56:00 | INFO | Episode  194 - Reward: -7.100, Length: 40, Loss: 0.6978, Epsilon: 0.100
2026-03-17 07:56:01 | INFO | Episode  195 - Reward: -7.250, Length: 40, Loss: 0.3970, Epsilon: 0.100
2026-03-17 07:56:02 | INFO | Episode  196 - Reward: 9.650, Length: 8, Loss: 1.0112, Epsilon: 0.100
2026-03-17 07:56:03 | INFO | Episode  197 - Reward: 9.650, Length: 8, Loss: 0.5224, Epsilon: 0.100
2026-03-17 07:56:04 | INFO | Episode  198 - Reward: -7.100, Length: 40, Loss: 0.9557, Epsilon: 0.100
2026-03-17 07:56:05 | INFO | Episode  199 - Reward: -6.800, Length: 40, Loss: 1.1380, Epsilon: 0.100
2026-03-17 07:56:06 | INFO | Episode  200 - Reward: 9.650, Length: 8, Loss: 0.4876, Epsilon: 0.100
2026-03-17 07:56:09 | INFO | [Episode  200] eps=0.100  avg_reward=   0.956  avg_length= 25.16  avg_loss=  0.9590  eval_success=1.000
2026-03-17 07:56:11 | INFO | Episode  201 - Reward: 9.650, Length: 8, Loss: 0.8887, Epsilon: 0.100
2026-03-17 07:56:12 | INFO | Episode  202 - Reward: 9.650, Length: 8, Loss: 1.4051, Epsilon: 0.100
2026-03-17 07:56:13 | INFO | Episode  203 - Reward: 9.450, Length: 9, Loss: 1.1521, Epsilon: 0.100
2026-03-17 07:56:14 | INFO | Episode  204 - Reward: 9.650, Length: 8, Loss: 1.3246, Epsilon: 0.100
2026-03-17 07:56:15 | INFO | Episode  205 - Reward: 7.700, Length: 8, Loss: 0.7742, Epsilon: 0.100
2026-03-17 07:56:16 | INFO | Episode  206 - Reward: -10.550, Length: 40, Loss: 1.3304, Epsilon: 0.100
2026-03-17 07:56:17 | INFO | Episode  207 - Reward: 1.450, Length: 31, Loss: 0.8336, Epsilon: 0.100
2026-03-17 07:56:18 | INFO | Episode  208 - Reward: 4.000, Length: 28, Loss: 1.2514, Epsilon: 0.100
2026-03-17 07:56:19 | INFO | Episode  209 - Reward: -8.900, Length: 40, Loss: 0.5195, Epsilon: 0.100
2026-03-17 07:56:19 | INFO | Episode  210 - Reward: 9.650, Length: 8, Loss: 0.7963, Epsilon: 0.100
2026-03-17 07:56:20 | INFO | Episode  211 - Reward: 9.650, Length: 8, Loss: 1.3373, Epsilon: 0.100
2026-03-17 07:56:21 | INFO | Episode  212 - Reward: 4.550, Length: 17, Loss: 1.0850, Epsilon: 0.100
2026-03-17 07:56:22 | INFO | Episode  213 - Reward: 0.700, Length: 28, Loss: 0.6813, Epsilon: 0.100
2026-03-17 07:56:23 | INFO | Episode  214 - Reward: -10.250, Length: 40, Loss: 1.8084, Epsilon: 0.100
2026-03-17 07:56:24 | INFO | Episode  215 - Reward: -8.900, Length: 40, Loss: 0.7613, Epsilon: 0.100
2026-03-17 07:56:25 | INFO | Episode  216 - Reward: 9.550, Length: 10, Loss: 0.7641, Epsilon: 0.100
2026-03-17 07:56:25 | INFO | Episode  217 - Reward: 9.650, Length: 8, Loss: 0.5655, Epsilon: 0.100
2026-03-17 07:56:26 | INFO | Episode  218 - Reward: -7.250, Length: 40, Loss: 1.5385, Epsilon: 0.100
2026-03-17 07:56:27 | INFO | Episode  219 - Reward: 7.700, Length: 8, Loss: 0.9595, Epsilon: 0.100
2026-03-17 07:56:28 | INFO | Episode  220 - Reward: 9.650, Length: 8, Loss: 0.9051, Epsilon: 0.100
2026-03-17 07:56:29 | INFO | Episode  221 - Reward: 9.250, Length: 10, Loss: 1.1980, Epsilon: 0.100
2026-03-17 07:56:30 | INFO | Episode  222 - Reward: 9.650, Length: 8, Loss: 0.5523, Epsilon: 0.100
2026-03-17 07:56:31 | INFO | Episode  223 - Reward: 9.450, Length: 9, Loss: 0.2719, Epsilon: 0.100
2026-03-17 07:56:32 | INFO | Episode  224 - Reward: 9.650, Length: 8, Loss: 1.4368, Epsilon: 0.100
2026-03-17 07:56:32 | INFO | Episode  225 - Reward: 9.650, Length: 8, Loss: 1.3920, Epsilon: 0.100
2026-03-17 07:56:33 | INFO | Episode  226 - Reward: -7.100, Length: 40, Loss: 0.8881, Epsilon: 0.100
2026-03-17 07:56:34 | INFO | Episode  227 - Reward: -6.950, Length: 40, Loss: 1.2303, Epsilon: 0.100
2026-03-17 07:56:35 | INFO | Episode  228 - Reward: 7.700, Length: 8, Loss: 0.9653, Epsilon: 0.100
2026-03-17 07:56:35 | INFO | Episode  229 - Reward: 9.450, Length: 9, Loss: 1.1507, Epsilon: 0.100
2026-03-17 07:56:36 | INFO | Episode  230 - Reward: -8.900, Length: 40, Loss: 0.7377, Epsilon: 0.100
2026-03-17 07:56:37 | INFO | Episode  231 - Reward: 7.600, Length: 10, Loss: 1.2481, Epsilon: 0.100
2026-03-17 07:56:38 | INFO | Episode  232 - Reward: 7.500, Length: 9, Loss: 1.2553, Epsilon: 0.100
2026-03-17 07:56:39 | INFO | Episode  233 - Reward: 9.050, Length: 14, Loss: 0.6309, Epsilon: 0.100
2026-03-17 07:56:39 | INFO | Episode  234 - Reward: 9.250, Length: 13, Loss: 1.6863, Epsilon: 0.100
2026-03-17 07:56:40 | INFO | Episode  235 - Reward: 7.600, Length: 10, Loss: 0.4657, Epsilon: 0.100
2026-03-17 07:56:41 | INFO | Episode  236 - Reward: 9.650, Length: 8, Loss: 1.0484, Epsilon: 0.100
2026-03-17 07:56:42 | INFO | Episode  237 - Reward: -5.750, Length: 40, Loss: 1.6322, Epsilon: 0.100
2026-03-17 07:56:43 | INFO | Episode  238 - Reward: 9.650, Length: 8, Loss: 0.8230, Epsilon: 0.100
2026-03-17 07:56:44 | INFO | Episode  239 - Reward: -7.250, Length: 40, Loss: 0.8106, Epsilon: 0.100
2026-03-17 07:56:45 | INFO | Episode  240 - Reward: 9.650, Length: 8, Loss: 1.3225, Epsilon: 0.100
2026-03-17 07:56:46 | INFO | Episode  241 - Reward: 5.650, Length: 10, Loss: 1.1660, Epsilon: 0.100
2026-03-17 07:56:47 | INFO | Episode  242 - Reward: -8.600, Length: 40, Loss: 1.4024, Epsilon: 0.100
2026-03-17 07:56:47 | INFO | Episode  243 - Reward: 9.450, Length: 9, Loss: 0.5566, Epsilon: 0.100
2026-03-17 07:56:49 | INFO | Episode  244 - Reward: 9.650, Length: 8, Loss: 0.9717, Epsilon: 0.100
2026-03-17 07:56:49 | INFO | Episode  245 - Reward: 9.650, Length: 8, Loss: 1.2481, Epsilon: 0.100
2026-03-17 07:56:50 | INFO | Episode  246 - Reward: -6.800, Length: 40, Loss: 1.3195, Epsilon: 0.100
2026-03-17 07:56:51 | INFO | Episode  247 - Reward: 9.550, Length: 10, Loss: 1.6225, Epsilon: 0.100
2026-03-17 07:56:52 | INFO | Episode  248 - Reward: 9.450, Length: 9, Loss: 1.4092, Epsilon: 0.100
2026-03-17 07:56:53 | INFO | Episode  249 - Reward: 9.650, Length: 8, Loss: 0.9007, Epsilon: 0.100
2026-03-17 07:56:54 | INFO | Episode  250 - Reward: 9.650, Length: 8, Loss: 1.2561, Epsilon: 0.100
2026-03-17 07:56:56 | INFO | [Episode  250] eps=0.100  avg_reward=   4.458  avg_length= 17.70  avg_loss=  1.0656  eval_success=1.000
