2026-03-17 07:45:36 | INFO | ============================================================
2026-03-17 07:45:36 | INFO | DEVICE / COMPUTE INFORMATION
2026-03-17 07:45:36 | INFO |   JAX backend       : GPU
2026-03-17 07:45:36 | INFO |   Platform          : gpu
2026-03-17 07:45:36 | INFO |   Num devices       : 1
2026-03-17 07:45:36 | INFO |   Device            : cuda:0
2026-03-17 07:45:36 | INFO |   GPU name          : NVIDIA GeForce RTX 5060 Laptop GPU
2026-03-17 07:45:36 | INFO | ============================================================
2026-03-17 07:45:36 | INFO | ✓ JAX GPU backend confirmed.
2026-03-17 07:45:37 | INFO | DQN seed=9_gamma=0.99_lr=0.1
2026-03-17 07:45:39 | INFO | Episode    1 - Reward: 7.950, Length: 18, Loss: 0.0000, Epsilon: 0.991
2026-03-17 07:45:40 | INFO | Episode    2 - Reward: -4.850, Length: 40, Loss: 0.0000, Epsilon: 0.982
2026-03-17 07:45:41 | INFO | Episode    3 - Reward: -3.650, Length: 40, Loss: 0.0000, Epsilon: 0.973
2026-03-17 07:45:46 | INFO | Episode    4 - Reward: -5.300, Length: 40, Loss: 0.0298, Epsilon: 0.964
2026-03-17 07:45:47 | INFO | Episode    5 - Reward: -6.350, Length: 40, Loss: 0.8168, Epsilon: 0.955
2026-03-17 07:45:48 | INFO | Episode    6 - Reward: -5.150, Length: 40, Loss: 0.0100, Epsilon: 0.946
2026-03-17 07:45:49 | INFO | Episode    7 - Reward: -4.250, Length: 40, Loss: 0.7387, Epsilon: 0.937
2026-03-17 07:45:50 | INFO | Episode    8 - Reward: -7.100, Length: 40, Loss: 0.7472, Epsilon: 0.928
2026-03-17 07:45:51 | INFO | Episode    9 - Reward: -3.950, Length: 40, Loss: 0.0310, Epsilon: 0.919
2026-03-17 07:45:52 | INFO | Episode   10 - Reward: 8.050, Length: 19, Loss: 0.7096, Epsilon: 0.910
2026-03-17 07:45:54 | INFO | Episode   11 - Reward: 7.450, Length: 31, Loss: 0.0566, Epsilon: 0.901
2026-03-17 07:45:55 | INFO | Episode   12 - Reward: -13.550, Length: 40, Loss: 1.2529, Epsilon: 0.892
2026-03-17 07:45:56 | INFO | Episode   13 - Reward: -5.300, Length: 40, Loss: 0.9587, Epsilon: 0.883
2026-03-17 07:45:57 | INFO | Episode   14 - Reward: 7.850, Length: 29, Loss: 1.0957, Epsilon: 0.874
2026-03-17 07:45:58 | INFO | Episode   15 - Reward: 8.150, Length: 20, Loss: 1.2998, Epsilon: 0.865
2026-03-17 07:45:59 | INFO | Episode   16 - Reward: 5.100, Length: 33, Loss: 0.6655, Epsilon: 0.856
2026-03-17 07:46:00 | INFO | Episode   17 - Reward: 8.050, Length: 16, Loss: 1.4937, Epsilon: 0.847
2026-03-17 07:46:01 | INFO | Episode   18 - Reward: -4.850, Length: 40, Loss: 1.9374, Epsilon: 0.838
2026-03-17 07:46:02 | INFO | Episode   19 - Reward: 6.400, Length: 22, Loss: 0.6914, Epsilon: 0.829
2026-03-17 07:46:03 | INFO | Episode   20 - Reward: -5.600, Length: 40, Loss: 1.4558, Epsilon: 0.820
2026-03-17 07:46:05 | INFO | Episode   21 - Reward: -5.150, Length: 40, Loss: 1.1374, Epsilon: 0.811
2026-03-17 07:46:05 | INFO | Episode   22 - Reward: -4.550, Length: 40, Loss: 1.9868, Epsilon: 0.802
2026-03-17 07:46:06 | INFO | Episode   23 - Reward: -3.800, Length: 40, Loss: 1.2997, Epsilon: 0.793
2026-03-17 07:46:07 | INFO | Episode   24 - Reward: 5.650, Length: 40, Loss: 0.5540, Epsilon: 0.784
2026-03-17 07:46:08 | INFO | Episode   25 - Reward: 2.650, Length: 37, Loss: 1.7025, Epsilon: 0.775
2026-03-17 07:46:09 | INFO | Episode   26 - Reward: -7.250, Length: 40, Loss: 1.0381, Epsilon: 0.766
2026-03-17 07:46:10 | INFO | Episode   27 - Reward: -6.350, Length: 40, Loss: 0.6687, Epsilon: 0.757
2026-03-17 07:46:11 | INFO | Episode   28 - Reward: 4.850, Length: 38, Loss: 0.4406, Epsilon: 0.748
2026-03-17 07:46:12 | INFO | Episode   29 - Reward: -3.800, Length: 40, Loss: 0.7120, Epsilon: 0.739
2026-03-17 07:46:13 | INFO | Episode   30 - Reward: -8.150, Length: 40, Loss: 0.5304, Epsilon: 0.730
2026-03-17 07:46:14 | INFO | Episode   31 - Reward: 5.600, Length: 29, Loss: 0.4519, Epsilon: 0.721
2026-03-17 07:46:16 | INFO | Episode   32 - Reward: 5.200, Length: 25, Loss: 0.3662, Epsilon: 0.712
2026-03-17 07:46:17 | INFO | Episode   33 - Reward: 6.700, Length: 16, Loss: 1.0741, Epsilon: 0.703
2026-03-17 07:46:18 | INFO | Episode   34 - Reward: 4.700, Length: 35, Loss: 0.6374, Epsilon: 0.694
2026-03-17 07:46:19 | INFO | Episode   35 - Reward: -10.250, Length: 40, Loss: 0.9516, Epsilon: 0.685
2026-03-17 07:46:20 | INFO | Episode   36 - Reward: -5.450, Length: 40, Loss: 0.7011, Epsilon: 0.676
2026-03-17 07:46:21 | INFO | Episode   37 - Reward: 7.350, Length: 33, Loss: 0.4744, Epsilon: 0.667
2026-03-17 07:46:22 | INFO | Episode   38 - Reward: -5.150, Length: 40, Loss: 1.4356, Epsilon: 0.658
2026-03-17 07:46:23 | INFO | Episode   39 - Reward: -3.800, Length: 40, Loss: 0.9329, Epsilon: 0.649
2026-03-17 07:46:24 | INFO | Episode   40 - Reward: -4.850, Length: 40, Loss: 0.6490, Epsilon: 0.640
2026-03-17 07:46:25 | INFO | Episode   41 - Reward: -6.800, Length: 40, Loss: 0.6025, Epsilon: 0.631
2026-03-17 07:46:27 | INFO | Episode   42 - Reward: 3.600, Length: 36, Loss: 0.8876, Epsilon: 0.622
2026-03-17 07:46:28 | INFO | Episode   43 - Reward: 8.350, Length: 19, Loss: 0.4452, Epsilon: 0.613
2026-03-17 07:46:29 | INFO | Episode   44 - Reward: -6.650, Length: 40, Loss: 0.6920, Epsilon: 0.604
2026-03-17 07:46:30 | INFO | Episode   45 - Reward: -4.550, Length: 40, Loss: 0.8142, Epsilon: 0.595
2026-03-17 07:46:31 | INFO | Episode   46 - Reward: 4.950, Length: 18, Loss: 1.2981, Epsilon: 0.586
2026-03-17 07:46:32 | INFO | Episode   47 - Reward: 8.350, Length: 19, Loss: 0.7950, Epsilon: 0.577
2026-03-17 07:46:33 | INFO | Episode   48 - Reward: -6.050, Length: 40, Loss: 1.4182, Epsilon: 0.568
2026-03-17 07:46:34 | INFO | Episode   49 - Reward: -4.700, Length: 40, Loss: 0.5376, Epsilon: 0.559
2026-03-17 07:46:35 | INFO | Episode   50 - Reward: 8.150, Length: 23, Loss: 0.6574, Epsilon: 0.550
2026-03-17 07:46:52 | INFO | [Episode   50] eps=0.550  avg_reward=  -0.642  avg_length= 34.32  avg_loss=  0.7977  eval_success=0.000
2026-03-17 07:46:53 | INFO | Episode   51 - Reward: 7.950, Length: 18, Loss: 0.7855, Epsilon: 0.541
2026-03-17 07:46:54 | INFO | Episode   52 - Reward: -3.800, Length: 40, Loss: 0.6229, Epsilon: 0.532
2026-03-17 07:46:55 | INFO | Episode   53 - Reward: -6.050, Length: 40, Loss: 1.0517, Epsilon: 0.523
2026-03-17 07:46:56 | INFO | Episode   54 - Reward: -5.000, Length: 40, Loss: 0.4798, Epsilon: 0.514
2026-03-17 07:46:57 | INFO | Episode   55 - Reward: 4.800, Length: 27, Loss: 0.7047, Epsilon: 0.505
2026-03-17 07:46:58 | INFO | Episode   56 - Reward: 3.350, Length: 32, Loss: 0.4046, Epsilon: 0.496
2026-03-17 07:46:59 | INFO | Episode   57 - Reward: -5.750, Length: 40, Loss: 0.4705, Epsilon: 0.487
2026-03-17 07:47:00 | INFO | Episode   58 - Reward: 9.450, Length: 9, Loss: 0.2104, Epsilon: 0.478
2026-03-17 07:47:02 | INFO | Episode   59 - Reward: 6.500, Length: 23, Loss: 0.3312, Epsilon: 0.469
2026-03-17 07:47:03 | INFO | Episode   60 - Reward: 3.900, Length: 33, Loss: 0.6442, Epsilon: 0.460
2026-03-17 07:47:04 | INFO | Episode   61 - Reward: -5.000, Length: 40, Loss: 0.6938, Epsilon: 0.451
2026-03-17 07:47:05 | INFO | Episode   62 - Reward: 5.800, Length: 22, Loss: 2.1005, Epsilon: 0.442
2026-03-17 07:47:06 | INFO | Episode   63 - Reward: 9.450, Length: 12, Loss: 0.4755, Epsilon: 0.433
2026-03-17 07:47:07 | INFO | Episode   64 - Reward: -6.500, Length: 40, Loss: 1.0667, Epsilon: 0.424
2026-03-17 07:47:08 | INFO | Episode   65 - Reward: 6.550, Length: 28, Loss: 1.3432, Epsilon: 0.415
2026-03-17 07:47:08 | INFO | Episode   66 - Reward: 1.450, Length: 40, Loss: 1.5970, Epsilon: 0.406
2026-03-17 07:47:09 | INFO | Episode   67 - Reward: 5.750, Length: 32, Loss: 0.3155, Epsilon: 0.397
2026-03-17 07:47:10 | INFO | Episode   68 - Reward: -6.950, Length: 40, Loss: 0.3250, Epsilon: 0.388
2026-03-17 07:47:12 | INFO | Episode   69 - Reward: 9.250, Length: 10, Loss: 0.5822, Epsilon: 0.379
2026-03-17 07:47:13 | INFO | Episode   70 - Reward: 5.100, Length: 24, Loss: 0.8057, Epsilon: 0.370
2026-03-17 07:47:14 | INFO | Episode   71 - Reward: -5.900, Length: 40, Loss: 1.1162, Epsilon: 0.361
2026-03-17 07:47:15 | INFO | Episode   72 - Reward: -5.900, Length: 40, Loss: 2.2471, Epsilon: 0.352
2026-03-17 07:47:16 | INFO | Episode   73 - Reward: -12.350, Length: 40, Loss: 1.0592, Epsilon: 0.343
2026-03-17 07:47:17 | INFO | Episode   74 - Reward: -1.450, Length: 35, Loss: 1.2165, Epsilon: 0.334
2026-03-17 07:47:18 | INFO | Episode   75 - Reward: -5.600, Length: 40, Loss: 1.0149, Epsilon: 0.325
2026-03-17 07:47:19 | INFO | Episode   76 - Reward: 4.550, Length: 35, Loss: 1.8959, Epsilon: 0.316
2026-03-17 07:47:20 | INFO | Episode   77 - Reward: 3.800, Length: 32, Loss: 0.8080, Epsilon: 0.307
2026-03-17 07:47:22 | INFO | Episode   78 - Reward: -5.600, Length: 40, Loss: 3.6887, Epsilon: 0.298
2026-03-17 07:47:23 | INFO | Episode   79 - Reward: -6.950, Length: 40, Loss: 3.0990, Epsilon: 0.289
2026-03-17 07:47:24 | INFO | Episode   80 - Reward: -7.100, Length: 40, Loss: 3.5086, Epsilon: 0.280
2026-03-17 07:47:24 | INFO | Episode   81 - Reward: 1.650, Length: 30, Loss: 0.7753, Epsilon: 0.271
2026-03-17 07:47:25 | INFO | Episode   82 - Reward: 9.650, Length: 8, Loss: 1.7861, Epsilon: 0.262
2026-03-17 07:47:26 | INFO | Episode   83 - Reward: -6.800, Length: 40, Loss: 2.0874, Epsilon: 0.253
2026-03-17 07:47:27 | INFO | Episode   84 - Reward: -5.750, Length: 40, Loss: 1.5788, Epsilon: 0.244
2026-03-17 07:47:28 | INFO | Episode   85 - Reward: 9.350, Length: 11, Loss: 1.6585, Epsilon: 0.235
2026-03-17 07:47:29 | INFO | Episode   86 - Reward: -7.250, Length: 40, Loss: 0.3048, Epsilon: 0.226
2026-03-17 07:47:29 | INFO | Episode   87 - Reward: 9.650, Length: 8, Loss: 1.7146, Epsilon: 0.217
2026-03-17 07:47:30 | INFO | Episode   88 - Reward: -6.800, Length: 40, Loss: 0.9205, Epsilon: 0.208
2026-03-17 07:47:31 | INFO | Episode   89 - Reward: -5.600, Length: 40, Loss: 2.3400, Epsilon: 0.199
2026-03-17 07:47:32 | INFO | Episode   90 - Reward: -7.400, Length: 40, Loss: 2.4204, Epsilon: 0.190
2026-03-17 07:47:33 | INFO | Episode   91 - Reward: -6.950, Length: 40, Loss: 0.7887, Epsilon: 0.181
2026-03-17 07:47:34 | INFO | Episode   92 - Reward: 4.950, Length: 39, Loss: 2.7917, Epsilon: 0.172
2026-03-17 07:47:35 | INFO | Episode   93 - Reward: -6.500, Length: 40, Loss: 5.9394, Epsilon: 0.163
2026-03-17 07:47:35 | INFO | Episode   94 - Reward: 5.250, Length: 30, Loss: 2.7449, Epsilon: 0.154
2026-03-17 07:47:36 | INFO | Episode   95 - Reward: -7.550, Length: 40, Loss: 0.0554, Epsilon: 0.145
2026-03-17 07:47:37 | INFO | Episode   96 - Reward: -6.800, Length: 40, Loss: 0.8206, Epsilon: 0.136
2026-03-17 07:47:38 | INFO | Episode   97 - Reward: 9.650, Length: 8, Loss: 1.5425, Epsilon: 0.127
2026-03-17 07:47:39 | INFO | Episode   98 - Reward: -7.250, Length: 40, Loss: 0.1338, Epsilon: 0.118
2026-03-17 07:47:40 | INFO | Episode   99 - Reward: -8.000, Length: 40, Loss: 3.2275, Epsilon: 0.109
2026-03-17 07:47:40 | INFO | Episode  100 - Reward: -7.700, Length: 40, Loss: 0.4098, Epsilon: 0.100
2026-03-17 07:47:52 | INFO | [Episode  100] eps=0.100  avg_reward=  -0.849  avg_length= 32.52  avg_loss=  1.3741  eval_success=0.000
2026-03-17 07:47:53 | INFO | Episode  101 - Reward: -7.550, Length: 40, Loss: 0.8636, Epsilon: 0.100
2026-03-17 07:47:54 | INFO | Episode  102 - Reward: -6.950, Length: 40, Loss: 0.6228, Epsilon: 0.100
2026-03-17 07:47:55 | INFO | Episode  103 - Reward: 7.700, Length: 8, Loss: 0.7229, Epsilon: 0.100
2026-03-17 07:47:56 | INFO | Episode  104 - Reward: 9.250, Length: 16, Loss: 1.6260, Epsilon: 0.100
2026-03-17 07:47:56 | INFO | Episode  105 - Reward: -7.700, Length: 40, Loss: 1.9795, Epsilon: 0.100
2026-03-17 07:47:57 | INFO | Episode  106 - Reward: -6.800, Length: 40, Loss: 2.2329, Epsilon: 0.100
2026-03-17 07:47:58 | INFO | Episode  107 - Reward: -7.250, Length: 40, Loss: 3.0148, Epsilon: 0.100
2026-03-17 07:47:59 | INFO | Episode  108 - Reward: -8.000, Length: 40, Loss: 1.4595, Epsilon: 0.100
2026-03-17 07:48:00 | INFO | Episode  109 - Reward: -6.350, Length: 40, Loss: 0.9372, Epsilon: 0.100
2026-03-17 07:48:01 | INFO | Episode  110 - Reward: -3.950, Length: 40, Loss: 2.6676, Epsilon: 0.100
2026-03-17 07:48:01 | INFO | Episode  111 - Reward: -7.850, Length: 40, Loss: 2.5640, Epsilon: 0.100
2026-03-17 07:48:02 | INFO | Episode  112 - Reward: -7.700, Length: 40, Loss: 0.8668, Epsilon: 0.100
2026-03-17 07:48:03 | INFO | Episode  113 - Reward: -6.350, Length: 40, Loss: 1.5635, Epsilon: 0.100
2026-03-17 07:48:04 | INFO | Episode  114 - Reward: -7.850, Length: 40, Loss: 2.1645, Epsilon: 0.100
2026-03-17 07:48:05 | INFO | Episode  115 - Reward: -7.550, Length: 40, Loss: 0.1278, Epsilon: 0.100
2026-03-17 07:48:06 | INFO | Episode  116 - Reward: -7.400, Length: 40, Loss: 3.3221, Epsilon: 0.100
2026-03-17 07:48:06 | INFO | Episode  117 - Reward: -7.550, Length: 40, Loss: 1.4292, Epsilon: 0.100
2026-03-17 07:48:07 | INFO | Episode  118 - Reward: -7.850, Length: 40, Loss: 2.4860, Epsilon: 0.100
2026-03-17 07:48:08 | INFO | Episode  119 - Reward: -7.400, Length: 40, Loss: 1.7632, Epsilon: 0.100
2026-03-17 07:48:09 | INFO | Episode  120 - Reward: -6.950, Length: 40, Loss: 2.1794, Epsilon: 0.100
2026-03-17 07:48:10 | INFO | Episode  121 - Reward: -2.150, Length: 40, Loss: 1.6879, Epsilon: 0.100
2026-03-17 07:48:11 | INFO | Episode  122 - Reward: -6.500, Length: 40, Loss: 0.3096, Epsilon: 0.100
2026-03-17 07:48:11 | INFO | Episode  123 - Reward: -7.250, Length: 40, Loss: 2.2735, Epsilon: 0.100
2026-03-17 07:48:12 | INFO | Episode  124 - Reward: -6.800, Length: 40, Loss: 1.0352, Epsilon: 0.100
2026-03-17 07:48:13 | INFO | Episode  125 - Reward: -7.250, Length: 40, Loss: 0.0400, Epsilon: 0.100
2026-03-17 07:48:13 | INFO | Episode  126 - Reward: -3.200, Length: 40, Loss: 1.4872, Epsilon: 0.100
2026-03-17 07:48:14 | INFO | Episode  127 - Reward: -6.650, Length: 40, Loss: 2.5326, Epsilon: 0.100
2026-03-17 07:48:15 | INFO | Episode  128 - Reward: -6.800, Length: 40, Loss: 1.3595, Epsilon: 0.100
2026-03-17 07:48:16 | INFO | Episode  129 - Reward: -6.950, Length: 40, Loss: 1.8879, Epsilon: 0.100
2026-03-17 07:48:17 | INFO | Episode  130 - Reward: -6.500, Length: 40, Loss: 1.9760, Epsilon: 0.100
2026-03-17 07:48:18 | INFO | Episode  131 - Reward: -4.550, Length: 40, Loss: 1.3709, Epsilon: 0.100
2026-03-17 07:48:19 | INFO | Episode  132 - Reward: -2.000, Length: 40, Loss: 1.3475, Epsilon: 0.100
2026-03-17 07:48:20 | INFO | Episode  133 - Reward: -6.950, Length: 40, Loss: 2.4017, Epsilon: 0.100
2026-03-17 07:48:21 | INFO | Episode  134 - Reward: -7.250, Length: 40, Loss: 1.1967, Epsilon: 0.100
2026-03-17 07:48:22 | INFO | Episode  135 - Reward: -2.300, Length: 40, Loss: 1.1590, Epsilon: 0.100
2026-03-17 07:48:23 | INFO | Episode  136 - Reward: -8.000, Length: 40, Loss: 3.0248, Epsilon: 0.100
2026-03-17 07:48:24 | INFO | Episode  137 - Reward: -2.150, Length: 40, Loss: 1.0799, Epsilon: 0.100
2026-03-17 07:48:25 | INFO | Episode  138 - Reward: -7.250, Length: 40, Loss: 0.0390, Epsilon: 0.100
2026-03-17 07:48:26 | INFO | Episode  139 - Reward: -2.750, Length: 40, Loss: 2.1549, Epsilon: 0.100
2026-03-17 07:48:28 | INFO | Episode  140 - Reward: -6.500, Length: 40, Loss: 1.4399, Epsilon: 0.100
2026-03-17 07:48:29 | INFO | Episode  141 - Reward: -2.000, Length: 40, Loss: 0.8970, Epsilon: 0.100
2026-03-17 07:48:30 | INFO | Episode  142 - Reward: -6.500, Length: 40, Loss: 1.7269, Epsilon: 0.100
2026-03-17 07:48:31 | INFO | Episode  143 - Reward: -2.000, Length: 40, Loss: 0.9263, Epsilon: 0.100
2026-03-17 07:48:32 | INFO | Episode  144 - Reward: -2.450, Length: 40, Loss: 0.4886, Epsilon: 0.100
2026-03-17 07:48:33 | INFO | Episode  145 - Reward: -3.350, Length: 40, Loss: 1.0949, Epsilon: 0.100
2026-03-17 07:48:34 | INFO | Episode  146 - Reward: -7.250, Length: 40, Loss: 0.0123, Epsilon: 0.100
2026-03-17 07:48:35 | INFO | Episode  147 - Reward: -3.950, Length: 40, Loss: 1.7831, Epsilon: 0.100
2026-03-17 07:48:36 | INFO | Episode  148 - Reward: -8.000, Length: 40, Loss: 2.3335, Epsilon: 0.100
2026-03-17 07:48:37 | INFO | Episode  149 - Reward: -7.850, Length: 40, Loss: 2.7449, Epsilon: 0.100
2026-03-17 07:48:38 | INFO | Episode  150 - Reward: -2.450, Length: 40, Loss: 1.3859, Epsilon: 0.100
2026-03-17 07:48:54 | INFO | [Episode  150] eps=0.100  avg_reward=  -5.352  avg_length= 38.88  avg_loss=  1.5558  eval_success=0.000
2026-03-17 07:48:55 | INFO | Episode  151 - Reward: -7.400, Length: 40, Loss: 1.3192, Epsilon: 0.100
2026-03-17 07:48:56 | INFO | Episode  152 - Reward: -3.650, Length: 40, Loss: 1.6140, Epsilon: 0.100
2026-03-17 07:48:57 | INFO | Episode  153 - Reward: -2.000, Length: 40, Loss: 1.9834, Epsilon: 0.100
2026-03-17 07:48:58 | INFO | Episode  154 - Reward: -2.150, Length: 40, Loss: 1.2073, Epsilon: 0.100
2026-03-17 07:48:59 | INFO | Episode  155 - Reward: -7.550, Length: 40, Loss: 1.3002, Epsilon: 0.100
2026-03-17 07:49:00 | INFO | Episode  156 - Reward: -2.150, Length: 40, Loss: 0.8375, Epsilon: 0.100
2026-03-17 07:49:01 | INFO | Episode  157 - Reward: -2.300, Length: 40, Loss: 1.3095, Epsilon: 0.100
2026-03-17 07:49:02 | INFO | Episode  158 - Reward: -2.150, Length: 40, Loss: 0.4402, Epsilon: 0.100
2026-03-17 07:49:03 | INFO | Episode  159 - Reward: -7.250, Length: 40, Loss: 2.3742, Epsilon: 0.100
2026-03-17 07:49:04 | INFO | Episode  160 - Reward: -7.100, Length: 40, Loss: 1.3532, Epsilon: 0.100
2026-03-17 07:49:06 | INFO | Episode  161 - Reward: -2.450, Length: 40, Loss: 1.2181, Epsilon: 0.100
2026-03-17 07:49:07 | INFO | Episode  162 - Reward: -8.000, Length: 40, Loss: 1.4658, Epsilon: 0.100
2026-03-17 07:49:08 | INFO | Episode  163 - Reward: -7.250, Length: 40, Loss: 2.2720, Epsilon: 0.100
2026-03-17 07:49:09 | INFO | Episode  164 - Reward: -10.550, Length: 40, Loss: 0.7021, Epsilon: 0.100
2026-03-17 07:49:10 | INFO | Episode  165 - Reward: -2.000, Length: 40, Loss: 0.7322, Epsilon: 0.100
2026-03-17 07:49:11 | INFO | Episode  166 - Reward: -2.150, Length: 40, Loss: 0.6880, Epsilon: 0.100
2026-03-17 07:49:12 | INFO | Episode  167 - Reward: -2.150, Length: 40, Loss: 1.3736, Epsilon: 0.100
2026-03-17 07:49:13 | INFO | Episode  168 - Reward: -7.700, Length: 40, Loss: 1.9883, Epsilon: 0.100
2026-03-17 07:49:14 | INFO | Episode  169 - Reward: -5.750, Length: 40, Loss: 0.9281, Epsilon: 0.100
2026-03-17 07:49:15 | INFO | Episode  170 - Reward: -6.950, Length: 40, Loss: 0.9908, Epsilon: 0.100
2026-03-17 07:49:16 | INFO | Episode  171 - Reward: -7.550, Length: 40, Loss: 0.3669, Epsilon: 0.100
2026-03-17 07:49:17 | INFO | Episode  172 - Reward: -7.250, Length: 40, Loss: 0.9104, Epsilon: 0.100
2026-03-17 07:49:18 | INFO | Episode  173 - Reward: -2.600, Length: 40, Loss: 1.2695, Epsilon: 0.100
2026-03-17 07:49:19 | INFO | Episode  174 - Reward: -7.100, Length: 40, Loss: 1.4596, Epsilon: 0.100
2026-03-17 07:49:20 | INFO | Episode  175 - Reward: -2.000, Length: 40, Loss: 0.8435, Epsilon: 0.100
2026-03-17 07:49:21 | INFO | Episode  176 - Reward: -7.400, Length: 40, Loss: 0.5721, Epsilon: 0.100
2026-03-17 07:49:23 | INFO | Episode  177 - Reward: -2.300, Length: 40, Loss: 0.5679, Epsilon: 0.100
2026-03-17 07:49:24 | INFO | Episode  178 - Reward: -2.450, Length: 40, Loss: 0.5177, Epsilon: 0.100
2026-03-17 07:49:25 | INFO | Episode  179 - Reward: -7.400, Length: 40, Loss: 0.7058, Epsilon: 0.100
2026-03-17 07:49:26 | INFO | Episode  180 - Reward: -2.450, Length: 40, Loss: 0.0061, Epsilon: 0.100
2026-03-17 07:49:27 | INFO | Episode  181 - Reward: -2.150, Length: 40, Loss: 1.6590, Epsilon: 0.100
2026-03-17 07:49:28 | INFO | Episode  182 - Reward: -7.100, Length: 40, Loss: 0.4743, Epsilon: 0.100
2026-03-17 07:49:29 | INFO | Episode  183 - Reward: -8.000, Length: 40, Loss: 1.1849, Epsilon: 0.100
2026-03-17 07:49:31 | INFO | Episode  184 - Reward: -8.000, Length: 40, Loss: 0.7149, Epsilon: 0.100
2026-03-17 07:49:32 | INFO | Episode  185 - Reward: -6.950, Length: 40, Loss: 0.4570, Epsilon: 0.100
2026-03-17 07:49:33 | INFO | Episode  186 - Reward: -2.150, Length: 40, Loss: 0.0310, Epsilon: 0.100
2026-03-17 07:49:34 | INFO | Episode  187 - Reward: -6.050, Length: 40, Loss: 0.2399, Epsilon: 0.100
2026-03-17 07:49:35 | INFO | Episode  188 - Reward: -7.850, Length: 40, Loss: 1.2653, Epsilon: 0.100
2026-03-17 07:49:37 | INFO | Episode  189 - Reward: -7.100, Length: 40, Loss: 0.9570, Epsilon: 0.100
2026-03-17 07:49:38 | INFO | Episode  190 - Reward: -7.250, Length: 40, Loss: 0.2465, Epsilon: 0.100
2026-03-17 07:49:39 | INFO | Episode  191 - Reward: -3.350, Length: 40, Loss: 0.6043, Epsilon: 0.100
2026-03-17 07:49:40 | INFO | Episode  192 - Reward: -7.550, Length: 40, Loss: 0.3741, Epsilon: 0.100
2026-03-17 07:49:41 | INFO | Episode  193 - Reward: -4.400, Length: 40, Loss: 0.7213, Epsilon: 0.100
2026-03-17 07:49:43 | INFO | Episode  194 - Reward: -7.100, Length: 40, Loss: 0.4066, Epsilon: 0.100
2026-03-17 07:49:44 | INFO | Episode  195 - Reward: -6.800, Length: 40, Loss: 0.9229, Epsilon: 0.100
2026-03-17 07:49:45 | INFO | Episode  196 - Reward: -7.250, Length: 40, Loss: 0.3526, Epsilon: 0.100
2026-03-17 07:49:45 | INFO | Episode  197 - Reward: -2.600, Length: 40, Loss: 0.3715, Epsilon: 0.100
2026-03-17 07:49:46 | INFO | Episode  198 - Reward: -4.100, Length: 40, Loss: 0.1899, Epsilon: 0.100
2026-03-17 07:49:48 | INFO | Episode  199 - Reward: -12.200, Length: 40, Loss: 0.5180, Epsilon: 0.100
2026-03-17 07:49:49 | INFO | Episode  200 - Reward: -7.400, Length: 40, Loss: 0.0602, Epsilon: 0.100
2026-03-17 07:50:03 | INFO | [Episode  200] eps=0.100  avg_reward=  -5.450  avg_length= 40.00  avg_loss=  0.9014  eval_success=0.000
2026-03-17 07:50:04 | INFO | Episode  201 - Reward: -3.050, Length: 40, Loss: 0.3329, Epsilon: 0.100
2026-03-17 07:50:05 | INFO | Episode  202 - Reward: -2.300, Length: 40, Loss: 0.3203, Epsilon: 0.100
2026-03-17 07:50:06 | INFO | Episode  203 - Reward: -7.100, Length: 40, Loss: 0.5522, Epsilon: 0.100
2026-03-17 07:50:06 | INFO | Episode  204 - Reward: -7.700, Length: 40, Loss: 0.8615, Epsilon: 0.100
2026-03-17 07:50:07 | INFO | Episode  205 - Reward: -7.550, Length: 40, Loss: 0.8073, Epsilon: 0.100
2026-03-17 07:50:08 | INFO | Episode  206 - Reward: -7.100, Length: 40, Loss: 0.3645, Epsilon: 0.100
2026-03-17 07:50:09 | INFO | Episode  207 - Reward: -4.250, Length: 40, Loss: 0.8774, Epsilon: 0.100
2026-03-17 07:50:10 | INFO | Episode  208 - Reward: -2.150, Length: 40, Loss: 1.3663, Epsilon: 0.100
2026-03-17 07:50:11 | INFO | Episode  209 - Reward: -6.950, Length: 40, Loss: 0.6907, Epsilon: 0.100
2026-03-17 07:50:12 | INFO | Episode  210 - Reward: -2.150, Length: 40, Loss: 0.4002, Epsilon: 0.100
2026-03-17 07:50:13 | INFO | Episode  211 - Reward: -2.150, Length: 40, Loss: 0.4805, Epsilon: 0.100
2026-03-17 07:50:14 | INFO | Episode  212 - Reward: -6.200, Length: 40, Loss: 0.5789, Epsilon: 0.100
2026-03-17 07:50:15 | INFO | Episode  213 - Reward: -2.150, Length: 40, Loss: 0.3895, Epsilon: 0.100
2026-03-17 07:50:15 | INFO | Episode  214 - Reward: -2.300, Length: 40, Loss: 0.2997, Epsilon: 0.100
2026-03-17 07:50:16 | INFO | Episode  215 - Reward: -2.000, Length: 40, Loss: 0.4210, Epsilon: 0.100
2026-03-17 07:50:17 | INFO | Episode  216 - Reward: -7.700, Length: 40, Loss: 0.0065, Epsilon: 0.100
2026-03-17 07:50:17 | INFO | Episode  217 - Reward: -4.250, Length: 40, Loss: 0.5008, Epsilon: 0.100
2026-03-17 07:50:18 | INFO | Episode  218 - Reward: -7.250, Length: 40, Loss: 0.6161, Epsilon: 0.100
2026-03-17 07:50:19 | INFO | Episode  219 - Reward: -3.050, Length: 40, Loss: 0.2427, Epsilon: 0.100
2026-03-17 07:50:20 | INFO | Episode  220 - Reward: -2.000, Length: 40, Loss: 0.4585, Epsilon: 0.100
2026-03-17 07:50:21 | INFO | Episode  221 - Reward: -6.350, Length: 40, Loss: 0.6420, Epsilon: 0.100
2026-03-17 07:50:21 | INFO | Episode  222 - Reward: -7.250, Length: 40, Loss: 0.3721, Epsilon: 0.100
2026-03-17 07:50:22 | INFO | Episode  223 - Reward: -7.550, Length: 40, Loss: 0.4830, Epsilon: 0.100
2026-03-17 07:50:23 | INFO | Episode  224 - Reward: -2.000, Length: 40, Loss: 0.1030, Epsilon: 0.100
2026-03-17 07:50:24 | INFO | Episode  225 - Reward: -2.000, Length: 40, Loss: 0.3448, Epsilon: 0.100
2026-03-17 07:50:25 | INFO | Episode  226 - Reward: -2.300, Length: 40, Loss: 0.3458, Epsilon: 0.100
2026-03-17 07:50:26 | INFO | Episode  227 - Reward: -2.150, Length: 40, Loss: 0.1825, Epsilon: 0.100
2026-03-17 07:50:27 | INFO | Episode  228 - Reward: -2.000, Length: 40, Loss: 0.2117, Epsilon: 0.100
2026-03-17 07:50:27 | INFO | Episode  229 - Reward: -2.150, Length: 40, Loss: 0.3702, Epsilon: 0.100
2026-03-17 07:50:28 | INFO | Episode  230 - Reward: -2.150, Length: 40, Loss: 0.0977, Epsilon: 0.100
2026-03-17 07:50:29 | INFO | Episode  231 - Reward: -7.100, Length: 40, Loss: 0.1043, Epsilon: 0.100
2026-03-17 07:50:30 | INFO | Episode  232 - Reward: -5.150, Length: 40, Loss: 0.5013, Epsilon: 0.100
2026-03-17 07:50:31 | INFO | Episode  233 - Reward: -6.800, Length: 40, Loss: 0.4422, Epsilon: 0.100
2026-03-17 07:50:32 | INFO | Episode  234 - Reward: -6.350, Length: 40, Loss: 0.4512, Epsilon: 0.100
2026-03-17 07:50:33 | INFO | Episode  235 - Reward: -2.150, Length: 40, Loss: 0.3011, Epsilon: 0.100
2026-03-17 07:50:33 | INFO | Episode  236 - Reward: -2.300, Length: 40, Loss: 0.5648, Epsilon: 0.100
2026-03-17 07:50:34 | INFO | Episode  237 - Reward: -6.800, Length: 40, Loss: 0.4021, Epsilon: 0.100
2026-03-17 07:50:35 | INFO | Episode  238 - Reward: -2.000, Length: 40, Loss: 0.1938, Epsilon: 0.100
2026-03-17 07:50:36 | INFO | Episode  239 - Reward: -2.150, Length: 40, Loss: 0.1334, Epsilon: 0.100
2026-03-17 07:50:37 | INFO | Episode  240 - Reward: -2.300, Length: 40, Loss: 0.2375, Epsilon: 0.100
2026-03-17 07:50:38 | INFO | Episode  241 - Reward: -2.450, Length: 40, Loss: 0.3023, Epsilon: 0.100
2026-03-17 07:50:39 | INFO | Episode  242 - Reward: -2.000, Length: 40, Loss: 0.1236, Epsilon: 0.100
2026-03-17 07:50:39 | INFO | Episode  243 - Reward: -2.150, Length: 40, Loss: 0.1684, Epsilon: 0.100
2026-03-17 07:50:41 | INFO | Episode  244 - Reward: -5.750, Length: 40, Loss: 0.3951, Epsilon: 0.100
2026-03-17 07:50:41 | INFO | Episode  245 - Reward: -2.450, Length: 40, Loss: 0.1738, Epsilon: 0.100
2026-03-17 07:50:42 | INFO | Episode  246 - Reward: -5.600, Length: 40, Loss: 0.3074, Epsilon: 0.100
2026-03-17 07:50:43 | INFO | Episode  247 - Reward: -6.200, Length: 40, Loss: 0.2309, Epsilon: 0.100
2026-03-17 07:50:44 | INFO | Episode  248 - Reward: -2.000, Length: 40, Loss: 0.0378, Epsilon: 0.100
2026-03-17 07:50:45 | INFO | Episode  249 - Reward: -7.550, Length: 40, Loss: 0.1534, Epsilon: 0.100
2026-03-17 07:50:46 | INFO | Episode  250 - Reward: -6.950, Length: 40, Loss: 0.0817, Epsilon: 0.100
2026-03-17 07:50:59 | INFO | [Episode  250] eps=0.100  avg_reward=  -4.229  avg_length= 40.00  avg_loss=  0.3805  eval_success=0.000
