2026-03-17 07:29:17 | INFO | ============================================================
2026-03-17 07:29:17 | INFO | DEVICE / COMPUTE INFORMATION
2026-03-17 07:29:17 | INFO |   JAX backend       : GPU
2026-03-17 07:29:17 | INFO |   Platform          : gpu
2026-03-17 07:29:17 | INFO |   Num devices       : 1
2026-03-17 07:29:17 | INFO |   Device            : cuda:0
2026-03-17 07:29:17 | INFO |   GPU name          : NVIDIA GeForce RTX 5060 Laptop GPU
2026-03-17 07:29:17 | INFO | ============================================================
2026-03-17 07:29:17 | INFO | ✓ JAX GPU backend confirmed.
2026-03-17 07:29:18 | INFO | DQN seed=9_gamma=0.9_lr=0.1
2026-03-17 07:29:19 | INFO | Episode    1 - Reward: 7.950, Length: 18, Loss: 0.0000, Epsilon: 0.991
2026-03-17 07:29:20 | INFO | Episode    2 - Reward: -4.850, Length: 40, Loss: 0.0000, Epsilon: 0.982
2026-03-17 07:29:21 | INFO | Episode    3 - Reward: -3.650, Length: 40, Loss: 0.0000, Epsilon: 0.973
2026-03-17 07:29:25 | INFO | Episode    4 - Reward: -5.300, Length: 40, Loss: 0.0266, Epsilon: 0.964
2026-03-17 07:29:26 | INFO | Episode    5 - Reward: -6.350, Length: 40, Loss: 0.8211, Epsilon: 0.955
2026-03-17 07:29:27 | INFO | Episode    6 - Reward: -5.150, Length: 40, Loss: 0.0094, Epsilon: 0.946
2026-03-17 07:29:28 | INFO | Episode    7 - Reward: -4.250, Length: 40, Loss: 0.7456, Epsilon: 0.937
2026-03-17 07:29:30 | INFO | Episode    8 - Reward: -7.100, Length: 40, Loss: 0.7542, Epsilon: 0.928
2026-03-17 07:29:31 | INFO | Episode    9 - Reward: -3.950, Length: 40, Loss: 0.0306, Epsilon: 0.919
2026-03-17 07:29:32 | INFO | Episode   10 - Reward: 8.050, Length: 19, Loss: 0.7088, Epsilon: 0.910
2026-03-17 07:29:33 | INFO | Episode   11 - Reward: 7.450, Length: 31, Loss: 0.0569, Epsilon: 0.901
2026-03-17 07:29:34 | INFO | Episode   12 - Reward: -13.550, Length: 40, Loss: 1.2728, Epsilon: 0.892
2026-03-17 07:29:35 | INFO | Episode   13 - Reward: -5.300, Length: 40, Loss: 0.8772, Epsilon: 0.883
2026-03-17 07:29:36 | INFO | Episode   14 - Reward: 7.850, Length: 29, Loss: 1.1077, Epsilon: 0.874
2026-03-17 07:29:38 | INFO | Episode   15 - Reward: 8.250, Length: 18, Loss: 0.5563, Epsilon: 0.865
2026-03-17 07:29:39 | INFO | Episode   16 - Reward: -3.950, Length: 40, Loss: 1.4376, Epsilon: 0.856
2026-03-17 07:29:40 | INFO | Episode   17 - Reward: 8.050, Length: 16, Loss: 0.6675, Epsilon: 0.847
2026-03-17 07:29:41 | INFO | Episode   18 - Reward: -4.850, Length: 40, Loss: 0.8360, Epsilon: 0.838
2026-03-17 07:29:42 | INFO | Episode   19 - Reward: 6.400, Length: 22, Loss: 0.1758, Epsilon: 0.829
2026-03-17 07:29:43 | INFO | Episode   20 - Reward: -5.600, Length: 40, Loss: 0.5439, Epsilon: 0.820
2026-03-17 07:29:44 | INFO | Episode   21 - Reward: -5.150, Length: 40, Loss: 0.5716, Epsilon: 0.811
2026-03-17 07:29:45 | INFO | Episode   22 - Reward: 6.650, Length: 29, Loss: 0.6867, Epsilon: 0.802
2026-03-17 07:29:46 | INFO | Episode   23 - Reward: -3.800, Length: 40, Loss: 0.1041, Epsilon: 0.793
2026-03-17 07:29:47 | INFO | Episode   24 - Reward: 7.750, Length: 25, Loss: 1.1356, Epsilon: 0.784
2026-03-17 07:29:48 | INFO | Episode   25 - Reward: 6.200, Length: 17, Loss: 0.1185, Epsilon: 0.775
2026-03-17 07:29:49 | INFO | Episode   26 - Reward: 9.050, Length: 14, Loss: 0.0899, Epsilon: 0.766
2026-03-17 07:29:50 | INFO | Episode   27 - Reward: -6.350, Length: 40, Loss: 1.4485, Epsilon: 0.757
2026-03-17 07:29:51 | INFO | Episode   28 - Reward: 5.150, Length: 38, Loss: 1.3164, Epsilon: 0.748
2026-03-17 07:29:52 | INFO | Episode   29 - Reward: 6.000, Length: 27, Loss: 0.8020, Epsilon: 0.739
2026-03-17 07:29:53 | INFO | Episode   30 - Reward: -4.700, Length: 40, Loss: 0.4431, Epsilon: 0.730
2026-03-17 07:29:54 | INFO | Episode   31 - Reward: 7.850, Length: 23, Loss: 0.5192, Epsilon: 0.721
2026-03-17 07:29:55 | INFO | Episode   32 - Reward: 6.950, Length: 26, Loss: 0.1171, Epsilon: 0.712
2026-03-17 07:29:56 | INFO | Episode   33 - Reward: 6.700, Length: 16, Loss: 0.1845, Epsilon: 0.703
2026-03-17 07:29:57 | INFO | Episode   34 - Reward: 4.100, Length: 35, Loss: 0.1766, Epsilon: 0.694
2026-03-17 07:29:58 | INFO | Episode   35 - Reward: 7.050, Length: 30, Loss: 2.3465, Epsilon: 0.685
2026-03-17 07:30:00 | INFO | Episode   36 - Reward: -6.500, Length: 40, Loss: 0.5415, Epsilon: 0.676
2026-03-17 07:30:01 | INFO | Episode   37 - Reward: 7.050, Length: 33, Loss: 1.0718, Epsilon: 0.667
2026-03-17 07:30:02 | INFO | Episode   38 - Reward: 4.300, Length: 40, Loss: 1.0574, Epsilon: 0.658
2026-03-17 07:30:03 | INFO | Episode   39 - Reward: -7.550, Length: 40, Loss: 0.5112, Epsilon: 0.649
2026-03-17 07:30:04 | INFO | Episode   40 - Reward: 4.250, Length: 23, Loss: 2.6471, Epsilon: 0.640
2026-03-17 07:30:05 | INFO | Episode   41 - Reward: -5.600, Length: 40, Loss: 1.0668, Epsilon: 0.631
2026-03-17 07:30:06 | INFO | Episode   42 - Reward: -5.450, Length: 40, Loss: 1.4236, Epsilon: 0.622
2026-03-17 07:30:07 | INFO | Episode   43 - Reward: 4.300, Length: 34, Loss: 0.4922, Epsilon: 0.613
2026-03-17 07:30:08 | INFO | Episode   44 - Reward: -12.350, Length: 40, Loss: 0.5757, Epsilon: 0.604
2026-03-17 07:30:09 | INFO | Episode   45 - Reward: 5.500, Length: 25, Loss: 0.2641, Epsilon: 0.595
2026-03-17 07:30:10 | INFO | Episode   46 - Reward: 9.550, Length: 10, Loss: 0.3246, Epsilon: 0.586
2026-03-17 07:30:11 | INFO | Episode   47 - Reward: 3.700, Length: 37, Loss: 0.6695, Epsilon: 0.577
2026-03-17 07:30:12 | INFO | Episode   48 - Reward: 5.050, Length: 34, Loss: 0.4066, Epsilon: 0.568
2026-03-17 07:30:14 | INFO | Episode   49 - Reward: 6.200, Length: 20, Loss: 0.8674, Epsilon: 0.559
2026-03-17 07:30:15 | INFO | Episode   50 - Reward: 7.650, Length: 24, Loss: 0.4653, Epsilon: 0.550
2026-03-17 07:30:31 | INFO | [Episode   50] eps=0.550  avg_reward=   1.074  avg_length= 31.86  avg_loss=  0.6615  eval_success=0.000
2026-03-17 07:30:32 | INFO | Episode   51 - Reward: 4.900, Length: 28, Loss: 0.6998, Epsilon: 0.541
2026-03-17 07:30:33 | INFO | Episode   52 - Reward: -12.200, Length: 40, Loss: 0.4056, Epsilon: 0.532
2026-03-17 07:30:34 | INFO | Episode   53 - Reward: -6.050, Length: 40, Loss: 0.5547, Epsilon: 0.523
2026-03-17 07:30:35 | INFO | Episode   54 - Reward: 6.500, Length: 17, Loss: 0.5506, Epsilon: 0.514
2026-03-17 07:30:36 | INFO | Episode   55 - Reward: 4.800, Length: 27, Loss: 1.2198, Epsilon: 0.505
2026-03-17 07:30:37 | INFO | Episode   56 - Reward: 5.850, Length: 39, Loss: 2.2694, Epsilon: 0.496
2026-03-17 07:30:38 | INFO | Episode   57 - Reward: -5.300, Length: 40, Loss: 1.0863, Epsilon: 0.487
2026-03-17 07:30:40 | INFO | Episode   58 - Reward: -3.950, Length: 40, Loss: 0.6422, Epsilon: 0.478
2026-03-17 07:30:41 | INFO | Episode   59 - Reward: 6.300, Length: 24, Loss: 0.8920, Epsilon: 0.469
2026-03-17 07:30:42 | INFO | Episode   60 - Reward: -5.450, Length: 40, Loss: 0.5761, Epsilon: 0.460
2026-03-17 07:30:43 | INFO | Episode   61 - Reward: -6.050, Length: 40, Loss: 0.6204, Epsilon: 0.451
2026-03-17 07:30:44 | INFO | Episode   62 - Reward: 7.050, Length: 24, Loss: 0.3356, Epsilon: 0.442
2026-03-17 07:30:45 | INFO | Episode   63 - Reward: 3.650, Length: 26, Loss: 0.4568, Epsilon: 0.433
2026-03-17 07:30:46 | INFO | Episode   64 - Reward: -6.500, Length: 40, Loss: 0.2942, Epsilon: 0.424
2026-03-17 07:30:47 | INFO | Episode   65 - Reward: 5.300, Length: 26, Loss: 0.3594, Epsilon: 0.415
2026-03-17 07:30:48 | INFO | Episode   66 - Reward: -8.750, Length: 40, Loss: 0.4186, Epsilon: 0.406
2026-03-17 07:30:49 | INFO | Episode   67 - Reward: 8.950, Length: 13, Loss: 1.0704, Epsilon: 0.397
2026-03-17 07:30:50 | INFO | Episode   68 - Reward: 7.300, Length: 13, Loss: 0.7320, Epsilon: 0.388
2026-03-17 07:30:51 | INFO | Episode   69 - Reward: -6.500, Length: 40, Loss: 0.9026, Epsilon: 0.379
2026-03-17 07:30:52 | INFO | Episode   70 - Reward: 3.750, Length: 21, Loss: 0.8551, Epsilon: 0.370
2026-03-17 07:30:53 | INFO | Episode   71 - Reward: -4.700, Length: 40, Loss: 0.4766, Epsilon: 0.361
2026-03-17 07:30:54 | INFO | Episode   72 - Reward: 5.400, Length: 24, Loss: 0.3804, Epsilon: 0.352
2026-03-17 07:30:55 | INFO | Episode   73 - Reward: -7.550, Length: 40, Loss: 0.3304, Epsilon: 0.343
2026-03-17 07:30:56 | INFO | Episode   74 - Reward: 5.650, Length: 10, Loss: 0.8690, Epsilon: 0.334
2026-03-17 07:30:57 | INFO | Episode   75 - Reward: 9.650, Length: 8, Loss: 0.7797, Epsilon: 0.325
2026-03-17 07:30:58 | INFO | Episode   76 - Reward: -6.650, Length: 40, Loss: 0.3773, Epsilon: 0.316
2026-03-17 07:30:59 | INFO | Episode   77 - Reward: -5.300, Length: 40, Loss: 0.4896, Epsilon: 0.307
2026-03-17 07:31:00 | INFO | Episode   78 - Reward: 3.100, Length: 16, Loss: 1.0532, Epsilon: 0.298
2026-03-17 07:31:01 | INFO | Episode   79 - Reward: -9.050, Length: 40, Loss: 1.4026, Epsilon: 0.289
2026-03-17 07:31:02 | INFO | Episode   80 - Reward: -6.200, Length: 40, Loss: 0.6252, Epsilon: 0.280
2026-03-17 07:31:03 | INFO | Episode   81 - Reward: 5.000, Length: 23, Loss: 0.4909, Epsilon: 0.271
2026-03-17 07:31:04 | INFO | Episode   82 - Reward: -6.950, Length: 40, Loss: 0.5864, Epsilon: 0.262
2026-03-17 07:31:05 | INFO | Episode   83 - Reward: 9.650, Length: 8, Loss: 0.6622, Epsilon: 0.253
2026-03-17 07:31:06 | INFO | Episode   84 - Reward: -6.350, Length: 40, Loss: 1.3957, Epsilon: 0.244
2026-03-17 07:31:07 | INFO | Episode   85 - Reward: -6.350, Length: 40, Loss: 0.6172, Epsilon: 0.235
2026-03-17 07:31:07 | INFO | Episode   86 - Reward: 5.100, Length: 21, Loss: 0.5349, Epsilon: 0.226
2026-03-17 07:31:08 | INFO | Episode   87 - Reward: -7.400, Length: 40, Loss: 0.5953, Epsilon: 0.217
2026-03-17 07:31:09 | INFO | Episode   88 - Reward: 7.300, Length: 10, Loss: 0.6305, Epsilon: 0.208
2026-03-17 07:31:10 | INFO | Episode   89 - Reward: -7.100, Length: 40, Loss: 0.6363, Epsilon: 0.199
2026-03-17 07:31:11 | INFO | Episode   90 - Reward: -8.750, Length: 40, Loss: 0.7679, Epsilon: 0.190
2026-03-17 07:31:12 | INFO | Episode   91 - Reward: 3.000, Length: 15, Loss: 0.3096, Epsilon: 0.181
2026-03-17 07:31:12 | INFO | Episode   92 - Reward: -11.000, Length: 40, Loss: 0.2768, Epsilon: 0.172
2026-03-17 07:31:13 | INFO | Episode   93 - Reward: 7.200, Length: 12, Loss: 0.5067, Epsilon: 0.163
2026-03-17 07:31:14 | INFO | Episode   94 - Reward: -7.550, Length: 40, Loss: 0.3612, Epsilon: 0.154
2026-03-17 07:31:15 | INFO | Episode   95 - Reward: -7.250, Length: 40, Loss: 0.3027, Epsilon: 0.145
2026-03-17 07:31:16 | INFO | Episode   96 - Reward: -9.650, Length: 40, Loss: 0.4710, Epsilon: 0.136
2026-03-17 07:31:17 | INFO | Episode   97 - Reward: -8.900, Length: 40, Loss: 0.6802, Epsilon: 0.127
2026-03-17 07:31:17 | INFO | Episode   98 - Reward: 6.850, Length: 25, Loss: 0.7977, Epsilon: 0.118
2026-03-17 07:31:18 | INFO | Episode   99 - Reward: -8.000, Length: 40, Loss: 0.5737, Epsilon: 0.109
2026-03-17 07:31:19 | INFO | Episode  100 - Reward: -7.250, Length: 40, Loss: 0.4665, Epsilon: 0.100
2026-03-17 07:31:22 | INFO | [Episode  100] eps=0.100  avg_reward=  -1.409  avg_length= 31.00  avg_loss=  0.6678  eval_success=1.000
2026-03-17 07:31:23 | INFO | Episode  101 - Reward: 7.700, Length: 8, Loss: 2.4311, Epsilon: 0.100
2026-03-17 07:31:24 | INFO | Episode  102 - Reward: 9.650, Length: 8, Loss: 0.8978, Epsilon: 0.100
2026-03-17 07:31:24 | INFO | Episode  103 - Reward: 7.700, Length: 8, Loss: 1.8373, Epsilon: 0.100
2026-03-17 07:31:24 | INFO | Episode  104 - Reward: -6.950, Length: 40, Loss: 0.4898, Epsilon: 0.100
2026-03-17 07:31:25 | INFO | Episode  105 - Reward: -9.350, Length: 40, Loss: 0.8641, Epsilon: 0.100
2026-03-17 07:31:26 | INFO | Episode  106 - Reward: 9.650, Length: 8, Loss: 1.1965, Epsilon: 0.100
2026-03-17 07:31:27 | INFO | Episode  107 - Reward: -7.100, Length: 40, Loss: 1.6768, Epsilon: 0.100
2026-03-17 07:31:28 | INFO | Episode  108 - Reward: -6.800, Length: 40, Loss: 1.8513, Epsilon: 0.100
2026-03-17 07:31:29 | INFO | Episode  109 - Reward: -8.600, Length: 40, Loss: 0.5956, Epsilon: 0.100
2026-03-17 07:31:30 | INFO | Episode  110 - Reward: -6.950, Length: 40, Loss: 0.8904, Epsilon: 0.100
2026-03-17 07:31:30 | INFO | Episode  111 - Reward: 1.700, Length: 38, Loss: 0.4171, Epsilon: 0.100
2026-03-17 07:31:31 | INFO | Episode  112 - Reward: 7.700, Length: 8, Loss: 0.3593, Epsilon: 0.100
2026-03-17 07:31:32 | INFO | Episode  113 - Reward: 9.450, Length: 9, Loss: 0.4741, Epsilon: 0.100
2026-03-17 07:31:33 | INFO | Episode  114 - Reward: 9.450, Length: 9, Loss: 0.2845, Epsilon: 0.100
2026-03-17 07:31:34 | INFO | Episode  115 - Reward: 4.550, Length: 35, Loss: 0.5454, Epsilon: 0.100
2026-03-17 07:31:35 | INFO | Episode  116 - Reward: 9.650, Length: 8, Loss: 0.6380, Epsilon: 0.100
2026-03-17 07:31:35 | INFO | Episode  117 - Reward: 7.700, Length: 8, Loss: 0.3915, Epsilon: 0.100
2026-03-17 07:31:36 | INFO | Episode  118 - Reward: 9.650, Length: 8, Loss: 1.1289, Epsilon: 0.100
2026-03-17 07:31:37 | INFO | Episode  119 - Reward: 9.650, Length: 8, Loss: 0.2654, Epsilon: 0.100
2026-03-17 07:31:38 | INFO | Episode  120 - Reward: 9.450, Length: 9, Loss: 0.4446, Epsilon: 0.100
2026-03-17 07:31:39 | INFO | Episode  121 - Reward: 9.650, Length: 8, Loss: 0.5782, Epsilon: 0.100
2026-03-17 07:31:40 | INFO | Episode  122 - Reward: 9.250, Length: 10, Loss: 0.4798, Epsilon: 0.100
2026-03-17 07:31:40 | INFO | Episode  123 - Reward: -6.950, Length: 40, Loss: 0.6651, Epsilon: 0.100
2026-03-17 07:31:41 | INFO | Episode  124 - Reward: 7.400, Length: 11, Loss: 0.4261, Epsilon: 0.100
2026-03-17 07:31:42 | INFO | Episode  125 - Reward: 9.650, Length: 8, Loss: 1.5717, Epsilon: 0.100
2026-03-17 07:31:43 | INFO | Episode  126 - Reward: -7.400, Length: 40, Loss: 0.7256, Epsilon: 0.100
2026-03-17 07:31:44 | INFO | Episode  127 - Reward: 9.450, Length: 9, Loss: 1.2087, Epsilon: 0.100
2026-03-17 07:31:45 | INFO | Episode  128 - Reward: -7.100, Length: 40, Loss: 2.1791, Epsilon: 0.100
2026-03-17 07:31:46 | INFO | Episode  129 - Reward: -2.150, Length: 40, Loss: 1.2315, Epsilon: 0.100
2026-03-17 07:31:47 | INFO | Episode  130 - Reward: -7.700, Length: 40, Loss: 0.8360, Epsilon: 0.100
2026-03-17 07:31:47 | INFO | Episode  131 - Reward: 9.550, Length: 10, Loss: 0.9158, Epsilon: 0.100
2026-03-17 07:31:48 | INFO | Episode  132 - Reward: -6.950, Length: 40, Loss: 0.7039, Epsilon: 0.100
2026-03-17 07:31:49 | INFO | Episode  133 - Reward: 7.700, Length: 8, Loss: 0.9117, Epsilon: 0.100
2026-03-17 07:31:50 | INFO | Episode  134 - Reward: 2.850, Length: 24, Loss: 2.3783, Epsilon: 0.100
2026-03-17 07:31:51 | INFO | Episode  135 - Reward: -7.850, Length: 40, Loss: 1.1238, Epsilon: 0.100
2026-03-17 07:31:52 | INFO | Episode  136 - Reward: 3.650, Length: 20, Loss: 1.6597, Epsilon: 0.100
2026-03-17 07:31:52 | INFO | Episode  137 - Reward: 9.450, Length: 9, Loss: 0.3895, Epsilon: 0.100
2026-03-17 07:31:53 | INFO | Episode  138 - Reward: 9.650, Length: 8, Loss: 0.9937, Epsilon: 0.100
2026-03-17 07:31:54 | INFO | Episode  139 - Reward: -7.250, Length: 40, Loss: 0.6409, Epsilon: 0.100
2026-03-17 07:31:55 | INFO | Episode  140 - Reward: -7.850, Length: 40, Loss: 1.8926, Epsilon: 0.100
2026-03-17 07:31:55 | INFO | Episode  141 - Reward: -7.250, Length: 40, Loss: 1.1788, Epsilon: 0.100
2026-03-17 07:31:56 | INFO | Episode  142 - Reward: 7.450, Length: 19, Loss: 1.3285, Epsilon: 0.100
2026-03-17 07:31:57 | INFO | Episode  143 - Reward: -8.000, Length: 40, Loss: 0.2342, Epsilon: 0.100
2026-03-17 07:31:58 | INFO | Episode  144 - Reward: 7.700, Length: 8, Loss: 1.6488, Epsilon: 0.100
2026-03-17 07:31:59 | INFO | Episode  145 - Reward: 7.050, Length: 21, Loss: 1.0065, Epsilon: 0.100
2026-03-17 07:31:59 | INFO | Episode  146 - Reward: -2.150, Length: 40, Loss: 0.5014, Epsilon: 0.100
2026-03-17 07:32:00 | INFO | Episode  147 - Reward: 9.450, Length: 9, Loss: 0.9976, Epsilon: 0.100
2026-03-17 07:32:01 | INFO | Episode  148 - Reward: 7.700, Length: 8, Loss: 1.4102, Epsilon: 0.100
2026-03-17 07:32:02 | INFO | Episode  149 - Reward: -6.950, Length: 40, Loss: 0.7086, Epsilon: 0.100
2026-03-17 07:32:03 | INFO | Episode  150 - Reward: 7.500, Length: 9, Loss: 1.4309, Epsilon: 0.100
2026-03-17 07:32:05 | INFO | [Episode  150] eps=0.100  avg_reward=   2.349  avg_length= 22.62  avg_loss=  0.9927  eval_success=1.000
2026-03-17 07:32:06 | INFO | Episode  151 - Reward: 9.650, Length: 8, Loss: 2.8133, Epsilon: 0.100
2026-03-17 07:32:08 | INFO | Episode  152 - Reward: 9.650, Length: 8, Loss: 1.4952, Epsilon: 0.100
2026-03-17 07:32:09 | INFO | Episode  153 - Reward: 2.300, Length: 35, Loss: 0.2481, Epsilon: 0.100
2026-03-17 07:32:10 | INFO | Episode  154 - Reward: 9.650, Length: 8, Loss: 1.1468, Epsilon: 0.100
2026-03-17 07:32:11 | INFO | Episode  155 - Reward: 7.700, Length: 8, Loss: 1.4597, Epsilon: 0.100
2026-03-17 07:32:12 | INFO | Episode  156 - Reward: -7.100, Length: 40, Loss: 1.6560, Epsilon: 0.100
2026-03-17 07:32:13 | INFO | Episode  157 - Reward: -10.250, Length: 40, Loss: 0.9853, Epsilon: 0.100
2026-03-17 07:32:14 | INFO | Episode  158 - Reward: 5.900, Length: 20, Loss: 1.5626, Epsilon: 0.100
2026-03-17 07:32:15 | INFO | Episode  159 - Reward: 9.650, Length: 8, Loss: 0.9831, Epsilon: 0.100
2026-03-17 07:32:16 | INFO | Episode  160 - Reward: 9.650, Length: 8, Loss: 0.3758, Epsilon: 0.100
2026-03-17 07:32:17 | INFO | Episode  161 - Reward: 9.250, Length: 13, Loss: 1.2346, Epsilon: 0.100
2026-03-17 07:32:19 | INFO | Episode  162 - Reward: -8.450, Length: 40, Loss: 1.1990, Epsilon: 0.100
2026-03-17 07:32:20 | INFO | Episode  163 - Reward: 7.700, Length: 8, Loss: 1.6303, Epsilon: 0.100
2026-03-17 07:32:21 | INFO | Episode  164 - Reward: -7.100, Length: 40, Loss: 0.9062, Epsilon: 0.100
2026-03-17 07:32:22 | INFO | Episode  165 - Reward: 9.650, Length: 8, Loss: 0.2894, Epsilon: 0.100
2026-03-17 07:32:23 | INFO | Episode  166 - Reward: -7.100, Length: 40, Loss: 0.8469, Epsilon: 0.100
2026-03-17 07:32:24 | INFO | Episode  167 - Reward: 7.600, Length: 10, Loss: 0.4981, Epsilon: 0.100
2026-03-17 07:32:25 | INFO | Episode  168 - Reward: -7.550, Length: 40, Loss: 0.7701, Epsilon: 0.100
2026-03-17 07:32:26 | INFO | Episode  169 - Reward: -8.300, Length: 40, Loss: 0.2696, Epsilon: 0.100
2026-03-17 07:32:27 | INFO | Episode  170 - Reward: 9.650, Length: 8, Loss: 0.6746, Epsilon: 0.100
2026-03-17 07:32:28 | INFO | Episode  171 - Reward: 7.700, Length: 8, Loss: 1.7309, Epsilon: 0.100
2026-03-17 07:32:29 | INFO | Episode  172 - Reward: -7.100, Length: 40, Loss: 0.8075, Epsilon: 0.100
2026-03-17 07:32:30 | INFO | Episode  173 - Reward: 7.500, Length: 9, Loss: 1.2169, Epsilon: 0.100
2026-03-17 07:32:31 | INFO | Episode  174 - Reward: 9.650, Length: 8, Loss: 1.0170, Epsilon: 0.100
2026-03-17 07:32:32 | INFO | Episode  175 - Reward: 9.650, Length: 8, Loss: 0.6367, Epsilon: 0.100
2026-03-17 07:32:33 | INFO | Episode  176 - Reward: 9.650, Length: 8, Loss: 0.3260, Epsilon: 0.100
2026-03-17 07:32:34 | INFO | Episode  177 - Reward: 9.350, Length: 11, Loss: 1.2862, Epsilon: 0.100
2026-03-17 07:32:35 | INFO | Episode  178 - Reward: 9.450, Length: 9, Loss: 0.8343, Epsilon: 0.100
2026-03-17 07:32:37 | INFO | Episode  179 - Reward: 7.700, Length: 8, Loss: 1.3057, Epsilon: 0.100
2026-03-17 07:32:38 | INFO | Episode  180 - Reward: 9.450, Length: 12, Loss: 0.8228, Epsilon: 0.100
2026-03-17 07:32:39 | INFO | Episode  181 - Reward: 7.700, Length: 8, Loss: 0.6316, Epsilon: 0.100
2026-03-17 07:32:40 | INFO | Episode  182 - Reward: 7.600, Length: 10, Loss: 0.8298, Epsilon: 0.100
2026-03-17 07:32:41 | INFO | Episode  183 - Reward: 9.650, Length: 8, Loss: 0.1663, Epsilon: 0.100
2026-03-17 07:32:42 | INFO | Episode  184 - Reward: 9.650, Length: 8, Loss: 1.7316, Epsilon: 0.100
2026-03-17 07:32:43 | INFO | Episode  185 - Reward: 9.650, Length: 8, Loss: 0.3888, Epsilon: 0.100
2026-03-17 07:32:44 | INFO | Episode  186 - Reward: 7.700, Length: 8, Loss: 0.1253, Epsilon: 0.100
2026-03-17 07:32:45 | INFO | Episode  187 - Reward: 9.350, Length: 11, Loss: 0.1332, Epsilon: 0.100
2026-03-17 07:32:46 | INFO | Episode  188 - Reward: 7.600, Length: 10, Loss: 0.1216, Epsilon: 0.100
2026-03-17 07:32:47 | INFO | Episode  189 - Reward: 9.650, Length: 8, Loss: 1.0674, Epsilon: 0.100
2026-03-17 07:32:49 | INFO | Episode  190 - Reward: 9.650, Length: 8, Loss: 0.4605, Epsilon: 0.100
2026-03-17 07:32:50 | INFO | Episode  191 - Reward: 9.650, Length: 8, Loss: 1.3949, Epsilon: 0.100
2026-03-17 07:32:51 | INFO | Episode  192 - Reward: 9.550, Length: 10, Loss: 1.8286, Epsilon: 0.100
2026-03-17 07:32:52 | INFO | Episode  193 - Reward: 9.250, Length: 10, Loss: 1.0796, Epsilon: 0.100
2026-03-17 07:32:53 | INFO | Episode  194 - Reward: 9.650, Length: 8, Loss: 0.1616, Epsilon: 0.100
2026-03-17 07:32:54 | INFO | Episode  195 - Reward: 5.650, Length: 10, Loss: 0.9922, Epsilon: 0.100
2026-03-17 07:32:55 | INFO | Episode  196 - Reward: 7.500, Length: 9, Loss: 0.7566, Epsilon: 0.100
2026-03-17 07:32:56 | INFO | Episode  197 - Reward: 7.700, Length: 8, Loss: 0.4235, Epsilon: 0.100
2026-03-17 07:32:57 | INFO | Episode  198 - Reward: 9.550, Length: 10, Loss: 0.6057, Epsilon: 0.100
2026-03-17 07:32:58 | INFO | Episode  199 - Reward: 9.650, Length: 8, Loss: 0.5387, Epsilon: 0.100
2026-03-17 07:32:59 | INFO | Episode  200 - Reward: 7.700, Length: 8, Loss: 0.5524, Epsilon: 0.100
2026-03-17 07:33:02 | INFO | [Episode  200] eps=0.100  avg_reward=   5.984  avg_length= 14.54  avg_loss=  0.9004  eval_success=1.000
2026-03-17 07:33:03 | INFO | Episode  201 - Reward: 9.650, Length: 8, Loss: 1.1763, Epsilon: 0.100
2026-03-17 07:33:04 | INFO | Episode  202 - Reward: 9.650, Length: 8, Loss: 1.7457, Epsilon: 0.100
2026-03-17 07:33:05 | INFO | Episode  203 - Reward: 9.450, Length: 9, Loss: 1.2201, Epsilon: 0.100
2026-03-17 07:33:06 | INFO | Episode  204 - Reward: 9.650, Length: 8, Loss: 0.4351, Epsilon: 0.100
2026-03-17 07:33:08 | INFO | Episode  205 - Reward: 7.700, Length: 8, Loss: 0.9010, Epsilon: 0.100
2026-03-17 07:33:09 | INFO | Episode  206 - Reward: 9.650, Length: 8, Loss: 1.3427, Epsilon: 0.100
2026-03-17 07:33:10 | INFO | Episode  207 - Reward: 9.450, Length: 9, Loss: 0.7461, Epsilon: 0.100
2026-03-17 07:33:11 | INFO | Episode  208 - Reward: 9.650, Length: 8, Loss: 0.8371, Epsilon: 0.100
2026-03-17 07:33:12 | INFO | Episode  209 - Reward: 9.450, Length: 9, Loss: 0.2691, Epsilon: 0.100
2026-03-17 07:33:13 | INFO | Episode  210 - Reward: 9.650, Length: 8, Loss: 1.0329, Epsilon: 0.100
2026-03-17 07:33:14 | INFO | Episode  211 - Reward: 7.700, Length: 8, Loss: 1.3836, Epsilon: 0.100
2026-03-17 07:33:15 | INFO | Episode  212 - Reward: 7.500, Length: 12, Loss: 1.1645, Epsilon: 0.100
2026-03-17 07:33:16 | INFO | Episode  213 - Reward: 9.650, Length: 8, Loss: 0.4641, Epsilon: 0.100
2026-03-17 07:33:17 | INFO | Episode  214 - Reward: 9.450, Length: 9, Loss: 0.3733, Epsilon: 0.100
2026-03-17 07:33:18 | INFO | Episode  215 - Reward: 9.650, Length: 8, Loss: 0.3753, Epsilon: 0.100
2026-03-17 07:33:20 | INFO | Episode  216 - Reward: 9.450, Length: 9, Loss: 0.9420, Epsilon: 0.100
2026-03-17 07:33:21 | INFO | Episode  217 - Reward: 9.650, Length: 8, Loss: 0.7834, Epsilon: 0.100
2026-03-17 07:33:22 | INFO | Episode  218 - Reward: 7.700, Length: 8, Loss: 0.8368, Epsilon: 0.100
2026-03-17 07:33:23 | INFO | Episode  219 - Reward: 2.100, Length: 39, Loss: 0.7359, Epsilon: 0.100
2026-03-17 07:33:24 | INFO | Episode  220 - Reward: 9.650, Length: 8, Loss: 0.9807, Epsilon: 0.100
2026-03-17 07:33:25 | INFO | Episode  221 - Reward: 9.250, Length: 10, Loss: 0.2095, Epsilon: 0.100
2026-03-17 07:33:26 | INFO | Episode  222 - Reward: 9.650, Length: 8, Loss: 1.7674, Epsilon: 0.100
2026-03-17 07:33:27 | INFO | Episode  223 - Reward: 7.700, Length: 8, Loss: 0.5694, Epsilon: 0.100
2026-03-17 07:33:28 | INFO | Episode  224 - Reward: 9.650, Length: 8, Loss: 0.2868, Epsilon: 0.100
2026-03-17 07:33:29 | INFO | Episode  225 - Reward: 9.650, Length: 8, Loss: 0.5537, Epsilon: 0.100
2026-03-17 07:33:30 | INFO | Episode  226 - Reward: 9.550, Length: 10, Loss: 0.3871, Epsilon: 0.100
2026-03-17 07:33:31 | INFO | Episode  227 - Reward: 9.650, Length: 8, Loss: 1.9313, Epsilon: 0.100
2026-03-17 07:33:32 | INFO | Episode  228 - Reward: 9.650, Length: 8, Loss: 1.9653, Epsilon: 0.100
2026-03-17 07:33:33 | INFO | Episode  229 - Reward: 7.600, Length: 10, Loss: 0.2839, Epsilon: 0.100
2026-03-17 07:33:34 | INFO | Episode  230 - Reward: 9.450, Length: 9, Loss: 0.6025, Epsilon: 0.100
2026-03-17 07:33:35 | INFO | Episode  231 - Reward: 7.600, Length: 10, Loss: 0.2809, Epsilon: 0.100
2026-03-17 07:33:36 | INFO | Episode  232 - Reward: 9.250, Length: 10, Loss: 0.5386, Epsilon: 0.100
2026-03-17 07:33:37 | INFO | Episode  233 - Reward: 9.050, Length: 14, Loss: 0.7430, Epsilon: 0.100
2026-03-17 07:33:38 | INFO | Episode  234 - Reward: 7.300, Length: 13, Loss: 1.5020, Epsilon: 0.100
2026-03-17 07:33:39 | INFO | Episode  235 - Reward: 7.600, Length: 10, Loss: 0.2422, Epsilon: 0.100
2026-03-17 07:33:40 | INFO | Episode  236 - Reward: 9.450, Length: 9, Loss: 0.7148, Epsilon: 0.100
2026-03-17 07:33:40 | INFO | Episode  237 - Reward: 9.550, Length: 10, Loss: 0.2068, Epsilon: 0.100
2026-03-17 07:33:41 | INFO | Episode  238 - Reward: 9.650, Length: 8, Loss: 0.1669, Epsilon: 0.100
2026-03-17 07:33:42 | INFO | Episode  239 - Reward: -7.250, Length: 40, Loss: 0.3675, Epsilon: 0.100
2026-03-17 07:33:43 | INFO | Episode  240 - Reward: 9.450, Length: 9, Loss: 0.4372, Epsilon: 0.100
2026-03-17 07:33:44 | INFO | Episode  241 - Reward: 9.550, Length: 10, Loss: 0.5846, Epsilon: 0.100
2026-03-17 07:33:45 | INFO | Episode  242 - Reward: 9.450, Length: 9, Loss: 0.7946, Epsilon: 0.100
2026-03-17 07:33:46 | INFO | Episode  243 - Reward: 7.500, Length: 9, Loss: 0.3343, Epsilon: 0.100
2026-03-17 07:33:47 | INFO | Episode  244 - Reward: 9.650, Length: 8, Loss: 0.3800, Epsilon: 0.100
2026-03-17 07:33:47 | INFO | Episode  245 - Reward: 9.650, Length: 8, Loss: 1.8698, Epsilon: 0.100
2026-03-17 07:33:48 | INFO | Episode  246 - Reward: 4.450, Length: 16, Loss: 0.9839, Epsilon: 0.100
2026-03-17 07:33:49 | INFO | Episode  247 - Reward: 9.450, Length: 9, Loss: 0.5701, Epsilon: 0.100
2026-03-17 07:33:50 | INFO | Episode  248 - Reward: 9.450, Length: 9, Loss: 0.9540, Epsilon: 0.100
2026-03-17 07:33:51 | INFO | Episode  249 - Reward: 9.650, Length: 8, Loss: 0.8668, Epsilon: 0.100
2026-03-17 07:33:52 | INFO | Episode  250 - Reward: 9.650, Length: 8, Loss: 0.4205, Epsilon: 0.100
2026-03-17 07:33:54 | INFO | [Episode  250] eps=0.100  avg_reward=   8.567  avg_length= 10.28  avg_loss=  0.7852  eval_success=1.000
