2026-03-17 08:13:56 | INFO | ============================================================
2026-03-17 08:13:56 | INFO | DEVICE / COMPUTE INFORMATION
2026-03-17 08:13:56 | INFO |   JAX backend       : GPU
2026-03-17 08:13:56 | INFO |   Platform          : gpu
2026-03-17 08:13:56 | INFO |   Num devices       : 1
2026-03-17 08:13:56 | INFO |   Device            : cuda:0
2026-03-17 08:13:56 | INFO |   GPU name          : NVIDIA GeForce RTX 5060 Laptop GPU
2026-03-17 08:13:56 | INFO | ============================================================
2026-03-17 08:13:56 | INFO | ✓ JAX GPU backend confirmed.
2026-03-17 08:13:57 | INFO | DQN seed=0_gamma=0.9_lr=0.001
2026-03-17 08:13:59 | INFO | Episode    1 - Reward: -4.550, Length: 40, Loss: 0.0000, Epsilon: 0.991
2026-03-17 08:14:01 | INFO | Episode    2 - Reward: -4.550, Length: 40, Loss: 0.0000, Epsilon: 0.982
2026-03-17 08:14:05 | INFO | Episode    3 - Reward: -5.000, Length: 40, Loss: 0.0336, Epsilon: 0.973
2026-03-17 08:14:06 | INFO | Episode    4 - Reward: -1.850, Length: 37, Loss: 0.0548, Epsilon: 0.964
2026-03-17 08:14:07 | INFO | Episode    5 - Reward: -5.150, Length: 40, Loss: 0.8653, Epsilon: 0.955
2026-03-17 08:14:08 | INFO | Episode    6 - Reward: -4.700, Length: 40, Loss: 0.0591, Epsilon: 0.946
2026-03-17 08:14:09 | INFO | Episode    7 - Reward: -9.500, Length: 40, Loss: 0.1349, Epsilon: 0.937
2026-03-17 08:14:10 | INFO | Episode    8 - Reward: -5.600, Length: 40, Loss: 0.0477, Epsilon: 0.928
2026-03-17 08:14:11 | INFO | Episode    9 - Reward: -4.700, Length: 40, Loss: 0.0484, Epsilon: 0.919
2026-03-17 08:14:12 | INFO | Episode   10 - Reward: -0.350, Length: 28, Loss: 0.0805, Epsilon: 0.910
2026-03-17 08:14:13 | INFO | Episode   11 - Reward: -4.550, Length: 40, Loss: 0.0515, Epsilon: 0.901
2026-03-17 08:14:14 | INFO | Episode   12 - Reward: -4.100, Length: 40, Loss: 0.9696, Epsilon: 0.892
2026-03-17 08:14:15 | INFO | Episode   13 - Reward: -4.700, Length: 40, Loss: 0.0967, Epsilon: 0.883
2026-03-17 08:14:16 | INFO | Episode   14 - Reward: -5.150, Length: 40, Loss: 0.1363, Epsilon: 0.874
2026-03-17 08:14:18 | INFO | Episode   15 - Reward: -4.550, Length: 40, Loss: 0.0515, Epsilon: 0.865
2026-03-17 08:14:19 | INFO | Episode   16 - Reward: -6.800, Length: 40, Loss: 0.0503, Epsilon: 0.856
2026-03-17 08:14:20 | INFO | Episode   17 - Reward: -4.400, Length: 40, Loss: 0.1083, Epsilon: 0.847
2026-03-17 08:14:21 | INFO | Episode   18 - Reward: -4.850, Length: 40, Loss: 0.0777, Epsilon: 0.838
2026-03-17 08:14:22 | INFO | Episode   19 - Reward: 6.400, Length: 19, Loss: 0.8470, Epsilon: 0.829
2026-03-17 08:14:23 | INFO | Episode   20 - Reward: -4.550, Length: 40, Loss: 0.1771, Epsilon: 0.820
2026-03-17 08:14:23 | INFO | Episode   21 - Reward: -4.250, Length: 40, Loss: 0.8633, Epsilon: 0.811
2026-03-17 08:14:24 | INFO | Episode   22 - Reward: -3.950, Length: 40, Loss: 0.0175, Epsilon: 0.802
2026-03-17 08:14:25 | INFO | Episode   23 - Reward: -3.650, Length: 40, Loss: 0.8922, Epsilon: 0.793
2026-03-17 08:14:27 | INFO | Episode   24 - Reward: -5.300, Length: 40, Loss: 0.0443, Epsilon: 0.784
2026-03-17 08:14:28 | INFO | Episode   25 - Reward: -4.550, Length: 40, Loss: 0.0750, Epsilon: 0.775
2026-03-17 08:14:29 | INFO | Episode   26 - Reward: -5.150, Length: 40, Loss: 0.9024, Epsilon: 0.766
2026-03-17 08:14:30 | INFO | Episode   27 - Reward: -4.550, Length: 40, Loss: 0.9472, Epsilon: 0.757
2026-03-17 08:14:31 | INFO | Episode   28 - Reward: -3.950, Length: 40, Loss: 0.0718, Epsilon: 0.748
2026-03-17 08:14:32 | INFO | Episode   29 - Reward: -6.950, Length: 40, Loss: 0.0441, Epsilon: 0.739
2026-03-17 08:14:33 | INFO | Episode   30 - Reward: -4.100, Length: 40, Loss: 0.0971, Epsilon: 0.730
2026-03-17 08:14:34 | INFO | Episode   31 - Reward: -4.250, Length: 40, Loss: 0.0995, Epsilon: 0.721
2026-03-17 08:14:35 | INFO | Episode   32 - Reward: -4.700, Length: 40, Loss: 0.0695, Epsilon: 0.712
2026-03-17 08:14:36 | INFO | Episode   33 - Reward: -3.950, Length: 40, Loss: 0.0407, Epsilon: 0.703
2026-03-17 08:14:37 | INFO | Episode   34 - Reward: -3.800, Length: 40, Loss: 0.8365, Epsilon: 0.694
2026-03-17 08:14:38 | INFO | Episode   35 - Reward: -4.250, Length: 40, Loss: 0.8563, Epsilon: 0.685
2026-03-17 08:14:39 | INFO | Episode   36 - Reward: -4.400, Length: 40, Loss: 0.0404, Epsilon: 0.676
2026-03-17 08:14:40 | INFO | Episode   37 - Reward: -5.150, Length: 40, Loss: 0.8267, Epsilon: 0.667
2026-03-17 08:14:41 | INFO | Episode   38 - Reward: -4.250, Length: 40, Loss: 0.8956, Epsilon: 0.658
2026-03-17 08:14:42 | INFO | Episode   39 - Reward: -4.250, Length: 40, Loss: 1.6473, Epsilon: 0.649
2026-03-17 08:14:43 | INFO | Episode   40 - Reward: -4.100, Length: 40, Loss: 0.9148, Epsilon: 0.640
2026-03-17 08:14:44 | INFO | Episode   41 - Reward: -5.300, Length: 40, Loss: 0.0399, Epsilon: 0.631
2026-03-17 08:14:45 | INFO | Episode   42 - Reward: -4.400, Length: 40, Loss: 0.9151, Epsilon: 0.622
2026-03-17 08:14:47 | INFO | Episode   43 - Reward: -4.850, Length: 40, Loss: 0.0400, Epsilon: 0.613
2026-03-17 08:14:48 | INFO | Episode   44 - Reward: -5.900, Length: 40, Loss: 0.8829, Epsilon: 0.604
2026-03-17 08:14:49 | INFO | Episode   45 - Reward: -5.900, Length: 40, Loss: 0.0096, Epsilon: 0.595
2026-03-17 08:14:50 | INFO | Episode   46 - Reward: -5.150, Length: 40, Loss: 1.6665, Epsilon: 0.586
2026-03-17 08:14:51 | INFO | Episode   47 - Reward: -7.550, Length: 40, Loss: 0.0128, Epsilon: 0.577
2026-03-17 08:14:52 | INFO | Episode   48 - Reward: 7.550, Length: 29, Loss: 0.0414, Epsilon: 0.568
2026-03-17 08:14:53 | INFO | Episode   49 - Reward: -3.950, Length: 40, Loss: 0.0119, Epsilon: 0.559
2026-03-17 08:14:54 | INFO | Episode   50 - Reward: -5.300, Length: 40, Loss: 0.0165, Epsilon: 0.550
2026-03-17 08:15:09 | INFO | [Episode   50] eps=0.550  avg_reward=  -4.269  avg_length= 39.06  avg_loss=  0.3542  eval_success=0.000
2026-03-17 08:15:11 | INFO | Episode   51 - Reward: -6.350, Length: 40, Loss: 0.8526, Epsilon: 0.541
2026-03-17 08:15:12 | INFO | Episode   52 - Reward: -6.050, Length: 40, Loss: 0.0741, Epsilon: 0.532
2026-03-17 08:15:13 | INFO | Episode   53 - Reward: -6.050, Length: 40, Loss: 0.0436, Epsilon: 0.523
2026-03-17 08:15:14 | INFO | Episode   54 - Reward: -6.650, Length: 40, Loss: 0.0133, Epsilon: 0.514
2026-03-17 08:15:15 | INFO | Episode   55 - Reward: -6.200, Length: 40, Loss: 0.8665, Epsilon: 0.505
2026-03-17 08:15:16 | INFO | Episode   56 - Reward: -5.000, Length: 40, Loss: 0.0136, Epsilon: 0.496
2026-03-17 08:15:17 | INFO | Episode   57 - Reward: -5.750, Length: 40, Loss: 0.0153, Epsilon: 0.487
2026-03-17 08:15:18 | INFO | Episode   58 - Reward: -5.300, Length: 40, Loss: 0.8518, Epsilon: 0.478
2026-03-17 08:15:19 | INFO | Episode   59 - Reward: -6.500, Length: 40, Loss: 0.0449, Epsilon: 0.469
2026-03-17 08:15:20 | INFO | Episode   60 - Reward: -6.500, Length: 40, Loss: 0.0462, Epsilon: 0.460
2026-03-17 08:15:21 | INFO | Episode   61 - Reward: -5.600, Length: 40, Loss: 0.0453, Epsilon: 0.451
2026-03-17 08:15:22 | INFO | Episode   62 - Reward: -6.500, Length: 40, Loss: 0.0126, Epsilon: 0.442
2026-03-17 08:15:24 | INFO | Episode   63 - Reward: -5.300, Length: 40, Loss: 0.0784, Epsilon: 0.433
2026-03-17 08:15:25 | INFO | Episode   64 - Reward: -3.800, Length: 40, Loss: 0.0153, Epsilon: 0.424
2026-03-17 08:15:26 | INFO | Episode   65 - Reward: -4.700, Length: 40, Loss: 0.0751, Epsilon: 0.415
2026-03-17 08:15:26 | INFO | Episode   66 - Reward: -6.650, Length: 40, Loss: 0.0774, Epsilon: 0.406
2026-03-17 08:15:27 | INFO | Episode   67 - Reward: -6.200, Length: 40, Loss: 0.0763, Epsilon: 0.397
2026-03-17 08:15:28 | INFO | Episode   68 - Reward: -5.150, Length: 40, Loss: 0.0471, Epsilon: 0.388
2026-03-17 08:15:29 | INFO | Episode   69 - Reward: -6.950, Length: 40, Loss: 0.0162, Epsilon: 0.379
2026-03-17 08:15:30 | INFO | Episode   70 - Reward: -6.200, Length: 40, Loss: 0.0183, Epsilon: 0.370
2026-03-17 08:15:31 | INFO | Episode   71 - Reward: -6.800, Length: 40, Loss: 0.0171, Epsilon: 0.361
2026-03-17 08:15:32 | INFO | Episode   72 - Reward: -6.350, Length: 40, Loss: 0.0458, Epsilon: 0.352
2026-03-17 08:15:33 | INFO | Episode   73 - Reward: -6.500, Length: 40, Loss: 0.0196, Epsilon: 0.343
2026-03-17 08:15:34 | INFO | Episode   74 - Reward: -6.500, Length: 40, Loss: 0.0166, Epsilon: 0.334
2026-03-17 08:15:36 | INFO | Episode   75 - Reward: -6.950, Length: 40, Loss: 0.0209, Epsilon: 0.325
2026-03-17 08:15:37 | INFO | Episode   76 - Reward: -6.350, Length: 40, Loss: 0.0192, Epsilon: 0.316
2026-03-17 08:15:38 | INFO | Episode   77 - Reward: -4.850, Length: 40, Loss: 0.0176, Epsilon: 0.307
2026-03-17 08:15:39 | INFO | Episode   78 - Reward: -4.550, Length: 40, Loss: 0.0464, Epsilon: 0.298
2026-03-17 08:15:40 | INFO | Episode   79 - Reward: -3.650, Length: 40, Loss: 0.0196, Epsilon: 0.289
2026-03-17 08:15:41 | INFO | Episode   80 - Reward: -3.650, Length: 40, Loss: 0.0175, Epsilon: 0.280
2026-03-17 08:15:42 | INFO | Episode   81 - Reward: -3.800, Length: 40, Loss: 0.0164, Epsilon: 0.271
2026-03-17 08:15:43 | INFO | Episode   82 - Reward: -2.750, Length: 40, Loss: 0.0182, Epsilon: 0.262
2026-03-17 08:15:44 | INFO | Episode   83 - Reward: -2.900, Length: 40, Loss: 0.0501, Epsilon: 0.253
2026-03-17 08:15:45 | INFO | Episode   84 - Reward: -8.300, Length: 40, Loss: 0.0162, Epsilon: 0.244
2026-03-17 08:15:46 | INFO | Episode   85 - Reward: -2.900, Length: 40, Loss: 0.0194, Epsilon: 0.235
2026-03-17 08:15:47 | INFO | Episode   86 - Reward: -2.900, Length: 40, Loss: 0.8240, Epsilon: 0.226
2026-03-17 08:15:48 | INFO | Episode   87 - Reward: -4.250, Length: 40, Loss: 0.0467, Epsilon: 0.217
2026-03-17 08:15:49 | INFO | Episode   88 - Reward: -5.900, Length: 40, Loss: 0.0195, Epsilon: 0.208
2026-03-17 08:15:50 | INFO | Episode   89 - Reward: -6.950, Length: 40, Loss: 0.0169, Epsilon: 0.199
2026-03-17 08:15:51 | INFO | Episode   90 - Reward: -6.350, Length: 40, Loss: 0.0174, Epsilon: 0.190
2026-03-17 08:15:52 | INFO | Episode   91 - Reward: -6.800, Length: 40, Loss: 0.0169, Epsilon: 0.181
2026-03-17 08:15:54 | INFO | Episode   92 - Reward: -5.900, Length: 40, Loss: 0.0177, Epsilon: 0.172
2026-03-17 08:15:55 | INFO | Episode   93 - Reward: -6.500, Length: 40, Loss: 0.0180, Epsilon: 0.163
2026-03-17 08:15:56 | INFO | Episode   94 - Reward: -6.650, Length: 40, Loss: 0.8235, Epsilon: 0.154
2026-03-17 08:15:57 | INFO | Episode   95 - Reward: -8.900, Length: 40, Loss: 0.0163, Epsilon: 0.145
2026-03-17 08:15:58 | INFO | Episode   96 - Reward: -6.500, Length: 40, Loss: 0.0174, Epsilon: 0.136
2026-03-17 08:15:58 | INFO | Episode   97 - Reward: -6.500, Length: 40, Loss: 0.0441, Epsilon: 0.127
2026-03-17 08:15:59 | INFO | Episode   98 - Reward: -6.950, Length: 40, Loss: 0.0457, Epsilon: 0.118
2026-03-17 08:16:00 | INFO | Episode   99 - Reward: -6.950, Length: 40, Loss: 0.8250, Epsilon: 0.109
2026-03-17 08:16:01 | INFO | Episode  100 - Reward: -7.100, Length: 40, Loss: 0.0191, Epsilon: 0.100
2026-03-17 08:16:13 | INFO | [Episode  100] eps=0.100  avg_reward=  -5.786  avg_length= 40.00  avg_loss=  0.1283  eval_success=0.000
2026-03-17 08:16:14 | INFO | Episode  101 - Reward: -6.800, Length: 40, Loss: 0.0483, Epsilon: 0.100
2026-03-17 08:16:15 | INFO | Episode  102 - Reward: -6.800, Length: 40, Loss: 0.0154, Epsilon: 0.100
2026-03-17 08:16:16 | INFO | Episode  103 - Reward: -6.950, Length: 40, Loss: 0.0197, Epsilon: 0.100
2026-03-17 08:16:17 | INFO | Episode  104 - Reward: -7.400, Length: 40, Loss: 0.0206, Epsilon: 0.100
2026-03-17 08:16:17 | INFO | Episode  105 - Reward: -7.400, Length: 40, Loss: 0.0181, Epsilon: 0.100
2026-03-17 08:16:18 | INFO | Episode  106 - Reward: -6.800, Length: 40, Loss: 0.0195, Epsilon: 0.100
2026-03-17 08:16:19 | INFO | Episode  107 - Reward: -7.250, Length: 40, Loss: 0.0200, Epsilon: 0.100
2026-03-17 08:16:20 | INFO | Episode  108 - Reward: -6.650, Length: 40, Loss: 0.0210, Epsilon: 0.100
2026-03-17 08:16:21 | INFO | Episode  109 - Reward: -7.400, Length: 40, Loss: 0.0180, Epsilon: 0.100
2026-03-17 08:16:22 | INFO | Episode  110 - Reward: -6.650, Length: 40, Loss: 0.0521, Epsilon: 0.100
2026-03-17 08:16:22 | INFO | Episode  111 - Reward: -7.100, Length: 40, Loss: 0.0201, Epsilon: 0.100
2026-03-17 08:16:23 | INFO | Episode  112 - Reward: -6.950, Length: 40, Loss: 0.0187, Epsilon: 0.100
2026-03-17 08:16:24 | INFO | Episode  113 - Reward: -7.100, Length: 40, Loss: 0.0217, Epsilon: 0.100
2026-03-17 08:16:25 | INFO | Episode  114 - Reward: -3.350, Length: 40, Loss: 0.0191, Epsilon: 0.100
2026-03-17 08:16:26 | INFO | Episode  115 - Reward: -7.550, Length: 40, Loss: 0.0204, Epsilon: 0.100
2026-03-17 08:16:27 | INFO | Episode  116 - Reward: -2.600, Length: 40, Loss: 0.0209, Epsilon: 0.100
2026-03-17 08:16:27 | INFO | Episode  117 - Reward: -3.650, Length: 40, Loss: 0.0220, Epsilon: 0.100
2026-03-17 08:16:28 | INFO | Episode  118 - Reward: -2.150, Length: 40, Loss: 0.0199, Epsilon: 0.100
2026-03-17 08:16:29 | INFO | Episode  119 - Reward: -2.150, Length: 40, Loss: 0.0193, Epsilon: 0.100
2026-03-17 08:16:30 | INFO | Episode  120 - Reward: -2.150, Length: 40, Loss: 0.0214, Epsilon: 0.100
2026-03-17 08:16:30 | INFO | Episode  121 - Reward: -2.300, Length: 40, Loss: 0.0185, Epsilon: 0.100
2026-03-17 08:16:31 | INFO | Episode  122 - Reward: -2.300, Length: 40, Loss: 0.0172, Epsilon: 0.100
2026-03-17 08:16:32 | INFO | Episode  123 - Reward: -2.150, Length: 40, Loss: 0.0184, Epsilon: 0.100
2026-03-17 08:16:33 | INFO | Episode  124 - Reward: -2.450, Length: 40, Loss: 0.0171, Epsilon: 0.100
2026-03-17 08:16:34 | INFO | Episode  125 - Reward: -4.100, Length: 40, Loss: 0.0193, Epsilon: 0.100
2026-03-17 08:16:34 | INFO | Episode  126 - Reward: -4.850, Length: 40, Loss: 0.0183, Epsilon: 0.100
2026-03-17 08:16:35 | INFO | Episode  127 - Reward: -4.250, Length: 40, Loss: 0.0170, Epsilon: 0.100
2026-03-17 08:16:36 | INFO | Episode  128 - Reward: -2.150, Length: 40, Loss: 0.0194, Epsilon: 0.100
2026-03-17 08:16:37 | INFO | Episode  129 - Reward: -2.300, Length: 40, Loss: 0.0182, Epsilon: 0.100
2026-03-17 08:16:38 | INFO | Episode  130 - Reward: -7.850, Length: 40, Loss: 0.0185, Epsilon: 0.100
2026-03-17 08:16:39 | INFO | Episode  131 - Reward: -3.500, Length: 40, Loss: 0.0171, Epsilon: 0.100
2026-03-17 08:16:39 | INFO | Episode  132 - Reward: -5.450, Length: 40, Loss: 0.0166, Epsilon: 0.100
2026-03-17 08:16:40 | INFO | Episode  133 - Reward: -2.000, Length: 40, Loss: 0.0168, Epsilon: 0.100
2026-03-17 08:16:41 | INFO | Episode  134 - Reward: -4.250, Length: 40, Loss: 0.0174, Epsilon: 0.100
2026-03-17 08:16:42 | INFO | Episode  135 - Reward: -2.300, Length: 40, Loss: 0.0161, Epsilon: 0.100
2026-03-17 08:16:43 | INFO | Episode  136 - Reward: -2.000, Length: 40, Loss: 0.0180, Epsilon: 0.100
2026-03-17 08:16:44 | INFO | Episode  137 - Reward: -7.850, Length: 40, Loss: 0.0167, Epsilon: 0.100
2026-03-17 08:16:45 | INFO | Episode  138 - Reward: -4.550, Length: 40, Loss: 0.0176, Epsilon: 0.100
2026-03-17 08:16:46 | INFO | Episode  139 - Reward: -7.400, Length: 40, Loss: 0.0439, Epsilon: 0.100
2026-03-17 08:16:47 | INFO | Episode  140 - Reward: -7.700, Length: 40, Loss: 0.0146, Epsilon: 0.100
2026-03-17 08:16:48 | INFO | Episode  141 - Reward: -7.100, Length: 40, Loss: 0.0191, Epsilon: 0.100
2026-03-17 08:16:49 | INFO | Episode  142 - Reward: -7.850, Length: 40, Loss: 0.0174, Epsilon: 0.100
2026-03-17 08:16:50 | INFO | Episode  143 - Reward: -7.250, Length: 40, Loss: 0.0192, Epsilon: 0.100
2026-03-17 08:16:51 | INFO | Episode  144 - Reward: -2.150, Length: 40, Loss: 0.0171, Epsilon: 0.100
2026-03-17 08:16:53 | INFO | Episode  145 - Reward: -2.150, Length: 40, Loss: 0.0166, Epsilon: 0.100
2026-03-17 08:16:54 | INFO | Episode  146 - Reward: -2.300, Length: 40, Loss: 0.0165, Epsilon: 0.100
2026-03-17 08:16:55 | INFO | Episode  147 - Reward: -6.350, Length: 40, Loss: 0.0156, Epsilon: 0.100
2026-03-17 08:16:56 | INFO | Episode  148 - Reward: -6.950, Length: 40, Loss: 0.0157, Epsilon: 0.100
2026-03-17 08:16:57 | INFO | Episode  149 - Reward: -3.650, Length: 40, Loss: 0.0155, Epsilon: 0.100
2026-03-17 08:16:58 | INFO | Episode  150 - Reward: -2.000, Length: 40, Loss: 0.0170, Epsilon: 0.100
2026-03-17 08:17:12 | INFO | [Episode  150] eps=0.100  avg_reward=  -4.886  avg_length= 40.00  avg_loss=  0.0201  eval_success=0.000
2026-03-17 08:17:13 | INFO | Episode  151 - Reward: -2.450, Length: 40, Loss: 0.0152, Epsilon: 0.100
2026-03-17 08:17:14 | INFO | Episode  152 - Reward: -2.450, Length: 40, Loss: 0.0144, Epsilon: 0.100
2026-03-17 08:17:15 | INFO | Episode  153 - Reward: -2.900, Length: 40, Loss: 0.0171, Epsilon: 0.100
2026-03-17 08:17:17 | INFO | Episode  154 - Reward: -2.150, Length: 40, Loss: 0.0155, Epsilon: 0.100
2026-03-17 08:17:18 | INFO | Episode  155 - Reward: -2.450, Length: 40, Loss: 0.0153, Epsilon: 0.100
2026-03-17 08:17:19 | INFO | Episode  156 - Reward: -2.750, Length: 40, Loss: 0.0133, Epsilon: 0.100
2026-03-17 08:17:20 | INFO | Episode  157 - Reward: -2.300, Length: 40, Loss: 0.0155, Epsilon: 0.100
2026-03-17 08:17:21 | INFO | Episode  158 - Reward: -2.300, Length: 40, Loss: 0.0143, Epsilon: 0.100
2026-03-17 08:17:22 | INFO | Episode  159 - Reward: -7.550, Length: 40, Loss: 0.0138, Epsilon: 0.100
2026-03-17 08:17:23 | INFO | Episode  160 - Reward: -8.000, Length: 40, Loss: 0.0121, Epsilon: 0.100
2026-03-17 08:17:24 | INFO | Episode  161 - Reward: -3.350, Length: 40, Loss: 0.0129, Epsilon: 0.100
2026-03-17 08:17:25 | INFO | Episode  162 - Reward: -7.850, Length: 40, Loss: 0.0119, Epsilon: 0.100
2026-03-17 08:17:26 | INFO | Episode  163 - Reward: -7.700, Length: 40, Loss: 0.0134, Epsilon: 0.100
2026-03-17 08:17:27 | INFO | Episode  164 - Reward: -6.800, Length: 40, Loss: 0.0146, Epsilon: 0.100
2026-03-17 08:17:29 | INFO | Episode  165 - Reward: -6.800, Length: 40, Loss: 0.0115, Epsilon: 0.100
2026-03-17 08:17:30 | INFO | Episode  166 - Reward: -7.250, Length: 40, Loss: 0.0142, Epsilon: 0.100
2026-03-17 08:17:31 | INFO | Episode  167 - Reward: -7.700, Length: 40, Loss: 0.0135, Epsilon: 0.100
2026-03-17 08:17:32 | INFO | Episode  168 - Reward: -7.550, Length: 40, Loss: 0.0140, Epsilon: 0.100
2026-03-17 08:17:33 | INFO | Episode  169 - Reward: -8.000, Length: 40, Loss: 0.0147, Epsilon: 0.100
2026-03-17 08:17:33 | INFO | Episode  170 - Reward: -8.000, Length: 40, Loss: 0.0137, Epsilon: 0.100
2026-03-17 08:17:34 | INFO | Episode  171 - Reward: -7.850, Length: 40, Loss: 0.0158, Epsilon: 0.100
2026-03-17 08:17:35 | INFO | Episode  172 - Reward: -6.350, Length: 40, Loss: 0.0136, Epsilon: 0.100
2026-03-17 08:17:36 | INFO | Episode  173 - Reward: -7.400, Length: 40, Loss: 0.0153, Epsilon: 0.100
2026-03-17 08:17:37 | INFO | Episode  174 - Reward: -7.850, Length: 40, Loss: 0.0162, Epsilon: 0.100
2026-03-17 08:17:38 | INFO | Episode  175 - Reward: -8.000, Length: 40, Loss: 0.0149, Epsilon: 0.100
2026-03-17 08:17:39 | INFO | Episode  176 - Reward: -5.450, Length: 40, Loss: 0.0154, Epsilon: 0.100
2026-03-17 08:17:40 | INFO | Episode  177 - Reward: -2.000, Length: 40, Loss: 0.0160, Epsilon: 0.100
2026-03-17 08:17:41 | INFO | Episode  178 - Reward: -2.300, Length: 40, Loss: 0.0165, Epsilon: 0.100
2026-03-17 08:17:43 | INFO | Episode  179 - Reward: -2.000, Length: 40, Loss: 0.0136, Epsilon: 0.100
2026-03-17 08:17:44 | INFO | Episode  180 - Reward: -2.300, Length: 40, Loss: 0.0155, Epsilon: 0.100
2026-03-17 08:17:45 | INFO | Episode  181 - Reward: -2.300, Length: 40, Loss: 0.0123, Epsilon: 0.100
2026-03-17 08:17:46 | INFO | Episode  182 - Reward: -2.150, Length: 40, Loss: 0.0120, Epsilon: 0.100
2026-03-17 08:17:47 | INFO | Episode  183 - Reward: -2.450, Length: 40, Loss: 0.0129, Epsilon: 0.100
2026-03-17 08:17:48 | INFO | Episode  184 - Reward: -2.450, Length: 40, Loss: 0.0135, Epsilon: 0.100
2026-03-17 08:17:49 | INFO | Episode  185 - Reward: -2.000, Length: 40, Loss: 0.0136, Epsilon: 0.100
2026-03-17 08:17:50 | INFO | Episode  186 - Reward: -2.150, Length: 40, Loss: 0.0124, Epsilon: 0.100
2026-03-17 08:17:51 | INFO | Episode  187 - Reward: -2.450, Length: 40, Loss: 0.0119, Epsilon: 0.100
2026-03-17 08:17:52 | INFO | Episode  188 - Reward: -2.600, Length: 40, Loss: 0.0124, Epsilon: 0.100
2026-03-17 08:17:53 | INFO | Episode  189 - Reward: -2.000, Length: 40, Loss: 0.0137, Epsilon: 0.100
2026-03-17 08:17:54 | INFO | Episode  190 - Reward: -2.150, Length: 40, Loss: 0.0109, Epsilon: 0.100
2026-03-17 08:17:55 | INFO | Episode  191 - Reward: -2.000, Length: 40, Loss: 0.0104, Epsilon: 0.100
2026-03-17 08:17:57 | INFO | Episode  192 - Reward: -2.150, Length: 40, Loss: 0.0103, Epsilon: 0.100
2026-03-17 08:17:58 | INFO | Episode  193 - Reward: -2.300, Length: 40, Loss: 0.0110, Epsilon: 0.100
2026-03-17 08:17:59 | INFO | Episode  194 - Reward: -2.300, Length: 40, Loss: 0.0097, Epsilon: 0.100
2026-03-17 08:18:00 | INFO | Episode  195 - Reward: -3.650, Length: 40, Loss: 0.0115, Epsilon: 0.100
2026-03-17 08:18:01 | INFO | Episode  196 - Reward: -2.150, Length: 40, Loss: 0.0094, Epsilon: 0.100
2026-03-17 08:18:02 | INFO | Episode  197 - Reward: -2.300, Length: 40, Loss: 0.0094, Epsilon: 0.100
2026-03-17 08:18:03 | INFO | Episode  198 - Reward: -2.300, Length: 40, Loss: 0.0082, Epsilon: 0.100
2026-03-17 08:18:04 | INFO | Episode  199 - Reward: -4.850, Length: 40, Loss: 0.0093, Epsilon: 0.100
2026-03-17 08:18:05 | INFO | Episode  200 - Reward: -2.300, Length: 40, Loss: 0.0083, Epsilon: 0.100
2026-03-17 08:18:20 | INFO | [Episode  200] eps=0.100  avg_reward=  -4.136  avg_length= 40.00  avg_loss=  0.0131  eval_success=0.000
2026-03-17 08:18:21 | INFO | Episode  201 - Reward: -7.550, Length: 40, Loss: 0.0094, Epsilon: 0.100
2026-03-17 08:18:22 | INFO | Episode  202 - Reward: -3.350, Length: 40, Loss: 0.0084, Epsilon: 0.100
2026-03-17 08:18:23 | INFO | Episode  203 - Reward: -2.150, Length: 40, Loss: 0.0091, Epsilon: 0.100
2026-03-17 08:18:25 | INFO | Episode  204 - Reward: -2.000, Length: 40, Loss: 0.0086, Epsilon: 0.100
2026-03-17 08:18:26 | INFO | Episode  205 - Reward: -2.150, Length: 40, Loss: 0.0080, Epsilon: 0.100
2026-03-17 08:18:27 | INFO | Episode  206 - Reward: -2.150, Length: 40, Loss: 0.0088, Epsilon: 0.100
2026-03-17 08:18:28 | INFO | Episode  207 - Reward: -3.950, Length: 40, Loss: 0.0090, Epsilon: 0.100
2026-03-17 08:18:29 | INFO | Episode  208 - Reward: -2.900, Length: 40, Loss: 0.0076, Epsilon: 0.100
2026-03-17 08:18:30 | INFO | Episode  209 - Reward: -2.150, Length: 40, Loss: 0.0064, Epsilon: 0.100
2026-03-17 08:18:31 | INFO | Episode  210 - Reward: -2.300, Length: 40, Loss: 0.0082, Epsilon: 0.100
2026-03-17 08:18:32 | INFO | Episode  211 - Reward: -3.050, Length: 40, Loss: 0.0077, Epsilon: 0.100
2026-03-17 08:18:33 | INFO | Episode  212 - Reward: -2.150, Length: 40, Loss: 0.0073, Epsilon: 0.100
2026-03-17 08:18:34 | INFO | Episode  213 - Reward: -2.450, Length: 40, Loss: 0.0070, Epsilon: 0.100
2026-03-17 08:18:35 | INFO | Episode  214 - Reward: -2.450, Length: 40, Loss: 0.0089, Epsilon: 0.100
2026-03-17 08:18:36 | INFO | Episode  215 - Reward: -2.150, Length: 40, Loss: 0.0083, Epsilon: 0.100
2026-03-17 08:18:37 | INFO | Episode  216 - Reward: -2.000, Length: 40, Loss: 0.0061, Epsilon: 0.100
2026-03-17 08:18:38 | INFO | Episode  217 - Reward: -3.050, Length: 40, Loss: 0.0081, Epsilon: 0.100
2026-03-17 08:18:39 | INFO | Episode  218 - Reward: -5.750, Length: 40, Loss: 0.0077, Epsilon: 0.100
2026-03-17 08:18:40 | INFO | Episode  219 - Reward: -3.800, Length: 40, Loss: 0.0071, Epsilon: 0.100
2026-03-17 08:18:41 | INFO | Episode  220 - Reward: -6.350, Length: 40, Loss: 0.0077, Epsilon: 0.100
2026-03-17 08:18:42 | INFO | Episode  221 - Reward: -2.150, Length: 40, Loss: 0.0084, Epsilon: 0.100
2026-03-17 08:18:43 | INFO | Episode  222 - Reward: -2.150, Length: 40, Loss: 0.0063, Epsilon: 0.100
2026-03-17 08:18:44 | INFO | Episode  223 - Reward: -2.300, Length: 40, Loss: 0.0087, Epsilon: 0.100
2026-03-17 08:18:45 | INFO | Episode  224 - Reward: -2.150, Length: 40, Loss: 0.0061, Epsilon: 0.100
2026-03-17 08:18:46 | INFO | Episode  225 - Reward: -2.000, Length: 40, Loss: 0.0072, Epsilon: 0.100
2026-03-17 08:18:48 | INFO | Episode  226 - Reward: -6.050, Length: 40, Loss: 0.0078, Epsilon: 0.100
2026-03-17 08:18:49 | INFO | Episode  227 - Reward: -3.050, Length: 40, Loss: 0.0076, Epsilon: 0.100
2026-03-17 08:18:50 | INFO | Episode  228 - Reward: -2.150, Length: 40, Loss: 0.0065, Epsilon: 0.100
2026-03-17 08:18:51 | INFO | Episode  229 - Reward: -5.150, Length: 40, Loss: 0.0063, Epsilon: 0.100
2026-03-17 08:18:52 | INFO | Episode  230 - Reward: -2.300, Length: 40, Loss: 0.0067, Epsilon: 0.100
2026-03-17 08:18:54 | INFO | Episode  231 - Reward: -2.000, Length: 40, Loss: 0.0078, Epsilon: 0.100
2026-03-17 08:18:55 | INFO | Episode  232 - Reward: -2.300, Length: 40, Loss: 0.0060, Epsilon: 0.100
2026-03-17 08:18:56 | INFO | Episode  233 - Reward: -2.150, Length: 40, Loss: 0.0053, Epsilon: 0.100
2026-03-17 08:18:57 | INFO | Episode  234 - Reward: -2.300, Length: 40, Loss: 0.0078, Epsilon: 0.100
2026-03-17 08:18:58 | INFO | Episode  235 - Reward: -2.150, Length: 40, Loss: 0.0078, Epsilon: 0.100
2026-03-17 08:18:59 | INFO | Episode  236 - Reward: -2.150, Length: 40, Loss: 0.0063, Epsilon: 0.100
2026-03-17 08:19:00 | INFO | Episode  237 - Reward: -2.300, Length: 40, Loss: 0.0056, Epsilon: 0.100
2026-03-17 08:19:01 | INFO | Episode  238 - Reward: -6.350, Length: 40, Loss: 0.0063, Epsilon: 0.100
2026-03-17 08:19:02 | INFO | Episode  239 - Reward: -2.450, Length: 40, Loss: 0.0061, Epsilon: 0.100
2026-03-17 08:19:03 | INFO | Episode  240 - Reward: -2.150, Length: 40, Loss: 0.0064, Epsilon: 0.100
2026-03-17 08:19:04 | INFO | Episode  241 - Reward: -2.000, Length: 40, Loss: 0.0073, Epsilon: 0.100
2026-03-17 08:19:05 | INFO | Episode  242 - Reward: -2.150, Length: 40, Loss: 0.0065, Epsilon: 0.100
2026-03-17 08:19:06 | INFO | Episode  243 - Reward: -2.450, Length: 40, Loss: 0.0050, Epsilon: 0.100
2026-03-17 08:19:08 | INFO | Episode  244 - Reward: -2.300, Length: 40, Loss: 0.0069, Epsilon: 0.100
2026-03-17 08:19:08 | INFO | Episode  245 - Reward: -2.150, Length: 40, Loss: 0.0063, Epsilon: 0.100
2026-03-17 08:19:09 | INFO | Episode  246 - Reward: -2.300, Length: 40, Loss: 0.0070, Epsilon: 0.100
2026-03-17 08:19:10 | INFO | Episode  247 - Reward: -2.600, Length: 40, Loss: 0.0060, Epsilon: 0.100
2026-03-17 08:19:11 | INFO | Episode  248 - Reward: -2.300, Length: 40, Loss: 0.0072, Epsilon: 0.100
2026-03-17 08:19:12 | INFO | Episode  249 - Reward: -2.300, Length: 40, Loss: 0.0063, Epsilon: 0.100
2026-03-17 08:19:13 | INFO | Episode  250 - Reward: -2.000, Length: 40, Loss: 0.0060, Epsilon: 0.100
2026-03-17 08:19:29 | INFO | [Episode  250] eps=0.100  avg_reward=  -2.843  avg_length= 40.00  avg_loss=  0.0072  eval_success=0.000
